Current configuration:
{
    "concurrency_flag": true,
    "data_distribution": "iid",
    "dataset": "acl_dep_sad",
    "device": "cuda",
    "dp_delta": 0.003,
    "dp_epsilon": 0,
    "eval_batch_size": 4,
    "eval_flag": true,
    "eval_size": 0.2,
    "fed_alg": "fedavg",
    "layers": 3,
    "learning_rate": 6e-05,
    "max_length": 512,
    "ml_mode": "bcfl",
    "model": "bert_small",
    "model_name": "fedavg_iid_seed5_acl_dep_sad",
    "models_path": "/local/vpaloma/fabric-federated-learning/ablation_study/phase-4/final/data-dist/acl_dep_sad",
    "mu": 0.5,
    "num_clients": 5,
    "num_epochs": 3,
    "num_rounds": 4,
    "optimizer": "AdamW",
    "progress_bar_flag": false,
    "save_model": true,
    "scheduler": "linear",
    "scheduler_warmup_steps": 0,
    "seed": "random",
    "test_flag": true,
    "train_batch_size": 4,
    "train_size": 0.8
}
-------- Configuration loaded --------

-------- Setting device --------
cuda device selected and available.
-------- Device set --------

-------- Setting seed --------
seed set:  954573
-------- Seed set --------

-------- Creating Model --------
-------- Model created --------

-------- Setting Trainable Layers --------
Training the last 3 layers.

Total parameters count: 28764674
Trainable parameters count: 3416066
-------- Trainable Layers set --------

-------- Creating Tokenizer --------
-------- Tokenizer created --------

-------- Creating Train and Eval Dataloaders --------
Train Loader: 2085 total sentences. 522 batches of size 4.
Eval Loader: 521 total sentences. 131 batches of size 4.
-------- Train and Eval Dataloaders created --------

-------- Training --------
Training with Blockchain-Based Federated Learning technology.
Training without differential privacy.
Federated averaging algorithm selected.
Client 0: Label 0: 258, Label 1: 159
Client 1: Label 0: 242, Label 1: 175
Client 2: Label 0: 237, Label 1: 180
Client 3: Label 0: 240, Label 1: 177
Client 4: Label 0: 242, Label 1: 175

Round 1 of 4
-------------------------------
Predictions - 1s: 141, 0s: 276
True Labels - 1s: 177, 0s: 240
Client 4 of 5: Local Epoch [1/3] Loss: 0.4852, Accuracy: 76.50 %
Predictions - 1s: 123, 0s: 294
True Labels - 1s: 159, 0s: 258
Client 1 of 5: Local Epoch [1/3] Loss: 0.4813, Accuracy: 75.54 %
Predictions - 1s: 155, 0s: 262
True Labels - 1s: 180, 0s: 237
Client 3 of 5: Local Epoch [1/3] Loss: 0.5148, Accuracy: 74.34 %
Predictions - 1s: 118, 0s: 299
True Labels - 1s: 175, 0s: 242
Client 5 of 5: Local Epoch [1/3] Loss: 0.4964, Accuracy: 77.22 %
Predictions - 1s: 153, 0s: 264
True Labels - 1s: 175, 0s: 242
Client 2 of 5: Local Epoch [1/3] Loss: 0.5264, Accuracy: 73.14 %
Predictions - 1s: 175, 0s: 242
True Labels - 1s: 177, 0s: 240
Client 4 of 5: Local Epoch [2/3] Loss: 0.2535, Accuracy: 90.89 %
Predictions - 1s: 181, 0s: 236
True Labels - 1s: 175, 0s: 242
Client 2 of 5: Local Epoch [2/3] Loss: 0.2854, Accuracy: 88.97 %
Predictions - 1s: 183, 0s: 234
True Labels - 1s: 180, 0s: 237
Client 3 of 5: Local Epoch [2/3] Loss: 0.2898, Accuracy: 89.69 %
Predictions - 1s: 161, 0s: 256
True Labels - 1s: 159, 0s: 258
Client 1 of 5: Local Epoch [2/3] Loss: 0.2686, Accuracy: 90.89 %
Predictions - 1s: 171, 0s: 246
True Labels - 1s: 175, 0s: 242
Client 5 of 5: Local Epoch [2/3] Loss: 0.3048, Accuracy: 87.53 %
Predictions - 1s: 184, 0s: 233
True Labels - 1s: 177, 0s: 240
Client 4 of 5: Local Epoch [3/3] Loss: 0.1962, Accuracy: 93.05 %
Predictions - 1s: 182, 0s: 235
True Labels - 1s: 175, 0s: 242
Client 5 of 5: Local Epoch [3/3] Loss: 0.2562, Accuracy: 89.69 %
Predictions - 1s: 177, 0s: 240
True Labels - 1s: 180, 0s: 237
Client 3 of 5: Local Epoch [3/3] Loss: 0.2352, Accuracy: 91.61 %
Predictions - 1s: 164, 0s: 253
True Labels - 1s: 159, 0s: 258
Client 1 of 5: Local Epoch [3/3] Loss: 0.2260, Accuracy: 91.13 %
Predictions - 1s: 183, 0s: 234
True Labels - 1s: 175, 0s: 242
Client 2 of 5: Local Epoch [3/3] Loss: 0.2240, Accuracy: 92.33 %
-------------------------------
Round [1/4] Average Local Loss: 0.2275, Average Local Accuracy: 91.56 %
-------------------------------
-------- Validation --------
Predictions - 1s: 209, 0s: 312
True Labels - 1s: 208, 0s: 313
Round [1/4] Global Model Validation Loss: 0.2287, Validation Accuracy: 90.60 %
-------- Validation finished --------
Updated best model in round 1 saved with Validation Loss: 0.2287 and Validation Accuracy: 90.60 %
-------------------------------

Round 2 of 4
-------------------------------
Predictions - 1s: 165, 0s: 252
True Labels - 1s: 159, 0s: 258
Client 1 of 5: Local Epoch [1/3] Loss: 0.2716, Accuracy: 86.57 %
Predictions - 1s: 181, 0s: 236
True Labels - 1s: 180, 0s: 237
Client 3 of 5: Local Epoch [1/3] Loss: 0.2757, Accuracy: 88.73 %
Predictions - 1s: 179, 0s: 238
True Labels - 1s: 175, 0s: 242
Client 5 of 5: Local Epoch [1/3] Loss: 0.2682, Accuracy: 89.93 %
Predictions - 1s: 182, 0s: 235
True Labels - 1s: 175, 0s: 242
Client 2 of 5: Local Epoch [1/3] Loss: 0.2636, Accuracy: 89.21 %
Predictions - 1s: 184, 0s: 233
True Labels - 1s: 177, 0s: 240
Client 4 of 5: Local Epoch [1/3] Loss: 0.2387, Accuracy: 90.17 %
Predictions - 1s: 181, 0s: 236
True Labels - 1s: 175, 0s: 242
Client 5 of 5: Local Epoch [2/3] Loss: 0.2018, Accuracy: 93.29 %
Predictions - 1s: 178, 0s: 239
True Labels - 1s: 180, 0s: 237
Client 3 of 5: Local Epoch [2/3] Loss: 0.1962, Accuracy: 92.81 %
Predictions - 1s: 183, 0s: 234
Predictions - 1s: 178, 0s: 239
True Labels - 1s: 177, 0s: 240
Predictions - 1s: 166, 0s: 251
True Labels - 1s: 175, 0s: 242
True Labels - 1s: 159, 0s: 258
Client 2 of 5: Local Epoch [2/3] Loss: 0.1866, Accuracy: 93.53 %
Client 1 of 5: Local Epoch [2/3] Loss: 0.1942, Accuracy: 93.05 %
Client 4 of 5: Local Epoch [2/3] Loss: 0.1746, Accuracy: 93.29 %
Predictions - 1s: 161, 0s: 256
True Labels - 1s: 159, 0s: 258
Client 1 of 5: Local Epoch [3/3] Loss: 0.1633, Accuracy: 94.72 %
Predictions - 1s: 179, 0s: 238
True Labels - 1s: 175, 0s: 242
Client 2 of 5: Local Epoch [3/3] Loss: 0.1556, Accuracy: 94.24 %
Predictions - 1s: 180, 0s: 237
True Labels - 1s: 180, 0s: 237
Client 3 of 5: Local Epoch [3/3] Loss: 0.1726, Accuracy: 93.76 %
Predictions - 1s: 180, 0s: 237
Predictions - 1s: 183, 0s: 234
True Labels - 1s: 177, 0s: 240
True Labels - 1s: 175, 0s: 242
Client 4 of 5: Local Epoch [3/3] Loss: 0.1331, Accuracy: 95.44 %
Client 5 of 5: Local Epoch [3/3] Loss: 0.1721, Accuracy: 94.24 %
-------------------------------
Round [2/4] Average Local Loss: 0.1593, Average Local Accuracy: 94.48 %
-------------------------------
-------- Validation --------
Predictions - 1s: 200, 0s: 321
True Labels - 1s: 208, 0s: 313
Round [2/4] Global Model Validation Loss: 0.1958, Validation Accuracy: 92.32 %
-------- Validation finished --------
Updated best model in round 2 saved with Validation Loss: 0.1958 and Validation Accuracy: 92.32 %
-------------------------------

Round 3 of 4
-------------------------------
Predictions - 1s: 178, 0s: 239
True Labels - 1s: 175, 0s: 242
Client 5 of 5: Local Epoch [1/3] Loss: 0.2477, Accuracy: 90.65 %
Predictions - 1s: 163, 0s: 254
True Labels - 1s: 159, 0s: 258
Client 1 of 5: Local Epoch [1/3] Loss: 0.2252, Accuracy: 92.33 %
Predictions - 1s: 179, 0s: 238
True Labels - 1s: 180, 0s: 237
Client 3 of 5: Local Epoch [1/3] Loss: 0.2219, Accuracy: 90.65 %
Predictions - 1s: 179, 0s: 238
True Labels - 1s: 175, 0s: 242
Client 2 of 5: Local Epoch [1/3] Loss: 0.2480, Accuracy: 89.45 %
Predictions - 1s: 174, 0s: 243
True Labels - 1s: 177, 0s: 240
Client 4 of 5: Local Epoch [1/3] Loss: 0.1736, Accuracy: 94.00 %
Predictions - 1s: 177, 0s: 240
Predictions - 1s: 176, 0s: 241
True Labels - 1s: 177, 0s: 240
True Labels - 1s: 175, 0s: 242
Client 5 of 5: Local Epoch [2/3] Loss: 0.1794, Accuracy: 94.48 %
Predictions - 1s: 178, 0s: 239
Client 4 of 5: Local Epoch [2/3] Loss: 0.1245, Accuracy: 95.68 %
True Labels - 1s: 180, 0s: 237
Client 3 of 5: Local Epoch [2/3] Loss: 0.1762, Accuracy: 93.76 %
Predictions - 1s: 180, 0s: 237
True Labels - 1s: 175, 0s: 242
Client 2 of 5: Local Epoch [2/3] Loss: 0.1512, Accuracy: 94.48 %
Predictions - 1s: 161, 0s: 256
True Labels - 1s: 159, 0s: 258
Client 1 of 5: Local Epoch [2/3] Loss: 0.1769, Accuracy: 93.29 %
Predictions - 1s: 178, 0s: 239
True Labels - 1s: 175, 0s: 242
Client 2 of 5: Local Epoch [3/3] Loss: 0.1249, Accuracy: 95.44 %
Predictions - 1s: 174, 0s: 243
True Labels - 1s: 175, 0s: 242
Predictions - 1s: 180, 0s: 237
Client 5 of 5: Local Epoch [3/3] Loss: 0.1644, Accuracy: 95.44 %
True Labels - 1s: 177, 0s: 240
Predictions - 1s: 162, 0s: 255
Client 4 of 5: Local Epoch [3/3] Loss: 0.0944, Accuracy: 97.84 %
True Labels - 1s: 159, 0s: 258
Client 1 of 5: Local Epoch [3/3] Loss: 0.1417, Accuracy: 95.44 %
Predictions - 1s: 179, 0s: 238
True Labels - 1s: 180, 0s: 237
Client 3 of 5: Local Epoch [3/3] Loss: 0.1450, Accuracy: 94.48 %
-------------------------------
Round [3/4] Average Local Loss: 0.1341, Average Local Accuracy: 95.73 %
-------------------------------
-------- Validation --------
Predictions - 1s: 201, 0s: 320
True Labels - 1s: 208, 0s: 313
Round [3/4] Global Model Validation Loss: 0.1832, Validation Accuracy: 93.28 %
-------- Validation finished --------
Updated best model in round 3 saved with Validation Loss: 0.1832 and Validation Accuracy: 93.28 %
-------------------------------

Round 4 of 4
-------------------------------
Predictions - 1s: 180, 0s: 237
True Labels - 1s: 177, 0s: 240
Client 4 of 5: Local Epoch [1/3] Loss: 0.1711, Accuracy: 94.00 %
Predictions - 1s: 179, 0s: 238
True Labels - 1s: 175, 0s: 242
Client 5 of 5: Local Epoch [1/3] Loss: 0.2044, Accuracy: 92.81 %
Predictions - 1s: 181, 0s: 236
True Labels - 1s: 175, 0s: 242
Client 2 of 5: Local Epoch [1/3] Loss: 0.1894, Accuracy: 92.33 %
Predictions - 1s: 167, 0s: 250
Predictions - 1s: 179, 0s: 238
True Labels - 1s: 159, 0s: 258
True Labels - 1s: 180, 0s: 237
Client 1 of 5: Local Epoch [1/3] Loss: 0.2265, Accuracy: 90.41 %
Client 3 of 5: Local Epoch [1/3] Loss: 0.2231, Accuracy: 91.13 %
Predictions - 1s: 183, 0s: 234
True Labels - 1s: 177, 0s: 240
Client 4 of 5: Local Epoch [2/3] Loss: 0.1004, Accuracy: 96.64 %
Predictions - 1s: 163, 0s: 254
True Labels - 1s: 159, 0s: 258
Client 1 of 5: Local Epoch [2/3] Loss: 0.1509, Accuracy: 95.20 %
Predictions - 1s: 179, 0s: 238
True Labels - 1s: 177, 0s: 240
Client 4 of 5: Local Epoch [3/3] Loss: 0.0778, Accuracy: 98.08 %
Predictions - 1s: 182, 0s: 235
True Labels - 1s: 180, 0s: 237
Client 3 of 5: Local Epoch [2/3] Loss: 0.1509, Accuracy: 93.76 %
Predictions - 1s: 176, 0s: 241
True Labels - 1s: 175, 0s: 242
Client 2 of 5: Local Epoch [2/3] Loss: 0.1375, Accuracy: 94.48 %
Predictions - 1s: 178, 0s: 239
True Labels - 1s: 175, 0s: 242
Client 5 of 5: Local Epoch [2/3] Loss: 0.1583, Accuracy: 94.96 %
Predictions - 1s: 162, 0s: 255
True Labels - 1s: 159, 0s: 258
Client 1 of 5: Local Epoch [3/3] Loss: 0.1247, Accuracy: 95.92 %
Predictions - 1s: 176, 0s: 241
True Labels - 1s: 180, 0s: 237
Client 3 of 5: Local Epoch [3/3] Loss: 0.1312, Accuracy: 95.20 %
Predictions - 1s: 181, 0s: 236
Predictions - 1s: 173, 0s: 244
True Labels - 1s: 175, 0s: 242
True Labels - 1s: 175, 0s: 242
Client 5 of 5: Local Epoch [3/3] Loss: 0.1190, Accuracy: 96.16 %
Client 2 of 5: Local Epoch [3/3] Loss: 0.1098, Accuracy: 95.20 %
-------------------------------
Round [4/4] Average Local Loss: 0.1125, Average Local Accuracy: 96.12 %
-------------------------------
-------- Validation --------
Predictions - 1s: 197, 0s: 324
True Labels - 1s: 208, 0s: 313
Round [4/4] Global Model Validation Loss: 0.1695, Validation Accuracy: 93.67 %
-------- Validation finished --------
Updated best model in round 4 saved with Validation Loss: 0.1695 and Validation Accuracy: 93.67 %
-------------------------------
Best model in round 4 saved with Validation Loss: 0.1695 and Validation Accuracy: 93.67 %

-------- Training finished in 6:16 --------

Test flag enabled. Testing the model

-------- Loading best model from model_path --------
Loaded model bert-small from date 21-04-2024 05:18. Trained with Federated Learning technology.
Round 4, lr: 6e-05, optimizer: AdamW
Average train accuracy: 96.12 %, Validation accuracy: 93.67 %
-------- Best model loaded --------

-------- Creating Test Dataloader --------
Test Loader: 650 total sentences. 82 batches of size 8.
-------- Test Dataloader created --------

-------- Testing --------
Predictions - 1s: 249, 0s: 401
True Labels - 1s: 268, 0s: 382
Nº of test samples: 650
Accuracy: 91.85%
Accuracy 2 : 91.85%
Precision: 92.10%
Recall: 91.06%
F1 Score: 91.49%
Classification report:
              precision    recall  f1-score   support

           0     0.9102    0.9555    0.9323       382
           1     0.9317    0.8657    0.8975       268

    accuracy                         0.9185       650
   macro avg     0.9210    0.9106    0.9149       650
weighted avg     0.9191    0.9185    0.9180       650

-------- Testing finished --------
