Current configuration:
{
    "concurrency_flag": true,
    "data_distribution": "non_iid",
    "dataset": "acl_dep_sad",
    "device": "cuda",
    "dp_delta": 0.003,
    "dp_epsilon": 0,
    "eval_batch_size": 4,
    "eval_flag": true,
    "eval_size": 0.2,
    "fed_alg": "fedavg",
    "layers": 3,
    "learning_rate": 6e-05,
    "max_length": 512,
    "ml_mode": "bcfl",
    "model": "bert_small",
    "model_name": "fedavg_non_iid_seed4_acl_dep_sad",
    "models_path": "/local/vpaloma/fabric-federated-learning/ablation_study/phase-4/final/data-dist/acl_dep_sad",
    "mu": 0.5,
    "num_clients": 5,
    "num_epochs": 3,
    "num_rounds": 4,
    "optimizer": "AdamW",
    "progress_bar_flag": false,
    "save_model": true,
    "scheduler": "linear",
    "scheduler_warmup_steps": 0,
    "seed": "random",
    "test_flag": true,
    "train_batch_size": 4,
    "train_size": 0.8
}
-------- Configuration loaded --------

-------- Setting device --------
cuda device selected and available.
-------- Device set --------

-------- Setting seed --------
seed set:  464298
-------- Seed set --------

-------- Creating Model --------
-------- Model created --------

-------- Setting Trainable Layers --------
Training the last 3 layers.

Total parameters count: 28764674
Trainable parameters count: 3416066
-------- Trainable Layers set --------

-------- Creating Tokenizer --------
-------- Tokenizer created --------

-------- Creating Train and Eval Dataloaders --------
Train Loader: 2085 total sentences. 522 batches of size 4.
Eval Loader: 521 total sentences. 131 batches of size 4.
-------- Train and Eval Dataloaders created --------

-------- Training --------
Training with Blockchain-Based Federated Learning technology.
Training without differential privacy.
Federated averaging algorithm selected.
Client 0: Label 0: 0, Label 1: 424
Client 1: Label 0: 0, Label 1: 424
Client 2: Label 0: 417, Label 1: 6
Client 3: Label 0: 417, Label 1: 6
Client 4: Label 0: 385, Label 1: 6

Round 1 of 4
-------------------------------
Predictions - 1s: 5, 0s: 418
True Labels - 1s: 6, 0s: 417
Client 4 of 5: Local Epoch [1/3] Loss: 0.1143, Accuracy: 97.40 %
Predictions - 1s: 5, 0s: 386
True Labels - 1s: 6, 0s: 385
Client 5 of 5: Local Epoch [1/3] Loss: 0.1183, Accuracy: 97.19 %
Predictions - 1s: 10, 0s: 413
True Labels - 1s: 6, 0s: 417
Client 3 of 5: Local Epoch [1/3] Loss: 0.1256, Accuracy: 96.22 %
Predictions - 1s: 424, 0s: 0
True Labels - 1s: 424, 0s: 0
Client 1 of 5: Local Epoch [1/3] Loss: 0.0466, Accuracy: 100.00 %
Predictions - 1s: 423, 0s: 1
True Labels - 1s: 424, 0s: 0
Client 2 of 5: Local Epoch [1/3] Loss: 0.0486, Accuracy: 99.76 %
Predictions - 1s: 0, 0s: 423
True Labels - 1s: 6, 0s: 417
Client 4 of 5: Local Epoch [2/3] Loss: 0.0611, Accuracy: 98.58 %
Predictions - 1s: 0, 0s: 391
True Labels - 1s: 6, 0s: 385
Client 5 of 5: Local Epoch [2/3] Loss: 0.0538, Accuracy: 98.47 %
Predictions - 1s: 0, 0s: 423
True Labels - 1s: 6, 0s: 417
Client 3 of 5: Local Epoch [2/3] Loss: 0.0687, Accuracy: 98.58 %
Predictions - 1s: 424, 0s: 0
True Labels - 1s: 424, 0s: 0
Client 1 of 5: Local Epoch [2/3] Loss: 0.0029, Accuracy: 100.00 %
Predictions - 1s: 424, 0s: 0
True Labels - 1s: 424, 0s: 0
Client 2 of 5: Local Epoch [2/3] Loss: 0.0029, Accuracy: 100.00 %
Predictions - 1s: 0, 0s: 423
True Labels - 1s: 6, 0s: 417
Client 4 of 5: Local Epoch [3/3] Loss: 0.0491, Accuracy: 98.58 %
Predictions - 1s: 2, 0s: 389
True Labels - 1s: 6, 0s: 385
Client 5 of 5: Local Epoch [3/3] Loss: 0.0390, Accuracy: 98.98 %
Predictions - 1s: 0, 0s: 423
True Labels - 1s: 6, 0s: 417
Client 3 of 5: Local Epoch [3/3] Loss: 0.0615, Accuracy: 98.58 %
Predictions - 1s: 424, 0s: 0
True Labels - 1s: 424, 0s: 0
Client 1 of 5: Local Epoch [3/3] Loss: 0.0019, Accuracy: 100.00 %
Predictions - 1s: 424, 0s: 0
True Labels - 1s: 424, 0s: 0
Client 2 of 5: Local Epoch [3/3] Loss: 0.0021, Accuracy: 100.00 %
-------------------------------
Round [1/4] Average Local Loss: 0.0307, Average Local Accuracy: 99.23 %
-------------------------------
-------- Validation --------
Predictions - 1s: 113, 0s: 408
True Labels - 1s: 208, 0s: 313
Round [1/4] Global Model Validation Loss: 0.5208, Validation Accuracy: 76.78 %
-------- Validation finished --------
Updated best model in round 1 saved with Validation Loss: 0.5208 and Validation Accuracy: 76.78 %
-------------------------------

Round 2 of 4
-------------------------------
Predictions - 1s: 1, 0s: 390
True Labels - 1s: 6, 0s: 385
Client 5 of 5: Local Epoch [1/3] Loss: 0.0735, Accuracy: 98.72 %
Predictions - 1s: 421, 0s: 3
True Labels - 1s: 424, 0s: 0
Client 1 of 5: Local Epoch [1/3] Loss: 0.0337, Accuracy: 99.29 %
Predictions - 1s: 2, 0s: 421
True Labels - 1s: 6, 0s: 417
Client 3 of 5: Local Epoch [1/3] Loss: 0.0790, Accuracy: 98.11 %
Predictions - 1s: 0, 0s: 423
True Labels - 1s: 6, 0s: 417
Client 4 of 5: Local Epoch [1/3] Loss: 0.0732, Accuracy: 98.58 %
Predictions - 1s: 419, 0s: 5
True Labels - 1s: 424, 0s: 0
Client 2 of 5: Local Epoch [1/3] Loss: 0.0367, Accuracy: 98.82 %
Predictions - 1s: 424, 0s: 0
True Labels - 1s: 424, 0s: 0
Client 1 of 5: Local Epoch [2/3] Loss: 0.0021, Accuracy: 100.00 %
Predictions - 1s: 1, 0s: 422
True Labels - 1s: 6, 0s: 417
Client 4 of 5: Local Epoch [2/3] Loss: 0.0398, Accuracy: 98.82 %
Predictions - 1s: 3, 0s: 388
True Labels - 1s: 6, 0s: 385
Client 5 of 5: Local Epoch [2/3] Loss: 0.0386, Accuracy: 99.23 %
Predictions - 1s: 424, 0s: 0
True Labels - 1s: 424, 0s: 0
Client 2 of 5: Local Epoch [2/3] Loss: 0.0024, Accuracy: 100.00 %
Predictions - 1s: 0, 0s: 423
True Labels - 1s: 6, 0s: 417
Client 3 of 5: Local Epoch [2/3] Loss: 0.0514, Accuracy: 98.58 %
Predictions - 1s: 424, 0s: 0
True Labels - 1s: 424, 0s: 0
Client 1 of 5: Local Epoch [3/3] Loss: 0.0015, Accuracy: 100.00 %
Predictions - 1s: 1, 0s: 422
True Labels - 1s: 6, 0s: 417
Client 4 of 5: Local Epoch [3/3] Loss: 0.0295, Accuracy: 98.82 %
Predictions - 1s: 424, 0s: 0
True Labels - 1s: 424, 0s: 0
Client 2 of 5: Local Epoch [3/3] Loss: 0.0016, Accuracy: 100.00 %
Predictions - 1s: 3, 0s: 388
True Labels - 1s: 6, 0s: 385
Client 5 of 5: Local Epoch [3/3] Loss: 0.0315, Accuracy: 99.23 %
Predictions - 1s: 0, 0s: 423
True Labels - 1s: 6, 0s: 417
Client 3 of 5: Local Epoch [3/3] Loss: 0.0420, Accuracy: 98.58 %
-------------------------------
Round [2/4] Average Local Loss: 0.0212, Average Local Accuracy: 99.33 %
-------------------------------
-------- Validation --------
Predictions - 1s: 215, 0s: 306
True Labels - 1s: 208, 0s: 313
Round [2/4] Global Model Validation Loss: 0.3669, Validation Accuracy: 85.99 %
-------- Validation finished --------
Updated best model in round 2 saved with Validation Loss: 0.3669 and Validation Accuracy: 85.99 %
-------------------------------

Round 3 of 4
-------------------------------
Predictions - 1s: 6, 0s: 385
True Labels - 1s: 6, 0s: 385
Client 5 of 5: Local Epoch [1/3] Loss: 0.0473, Accuracy: 97.95 %
Predictions - 1s: 1, 0s: 422
True Labels - 1s: 6, 0s: 417
Client 3 of 5: Local Epoch [1/3] Loss: 0.0757, Accuracy: 98.35 %
Predictions - 1s: 2, 0s: 421
True Labels - 1s: 6, 0s: 417
Client 4 of 5: Local Epoch [1/3] Loss: 0.0523, Accuracy: 99.05 %
Predictions - 1s: 423, 0s: 1
True Labels - 1s: 424, 0s: 0
Client 1 of 5: Local Epoch [1/3] Loss: 0.0169, Accuracy: 99.76 %
Predictions - 1s: 423, 0s: 1
True Labels - 1s: 424, 0s: 0
Client 2 of 5: Local Epoch [1/3] Loss: 0.0129, Accuracy: 99.76 %
Predictions - 1s: 3, 0s: 388
True Labels - 1s: 6, 0s: 385
Client 5 of 5: Local Epoch [2/3] Loss: 0.0313, Accuracy: 99.23 %
Predictions - 1s: 424, 0s: 0
True Labels - 1s: 424, 0s: 0
Client 1 of 5: Local Epoch [2/3] Loss: 0.0011, Accuracy: 100.00 %
Predictions - 1s: 424, 0s: 0
True Labels - 1s: 424, 0s: 0
Client 2 of 5: Local Epoch [2/3] Loss: 0.0009, Accuracy: 100.00 %
Predictions - 1s: 4, 0s: 419
True Labels - 1s: 6, 0s: 417
Client 4 of 5: Local Epoch [2/3] Loss: 0.0243, Accuracy: 99.53 %
Predictions - 1s: 2, 0s: 421
True Labels - 1s: 6, 0s: 417
Client 3 of 5: Local Epoch [2/3] Loss: 0.0453, Accuracy: 98.58 %
Predictions - 1s: 4, 0s: 387
True Labels - 1s: 6, 0s: 385
Client 5 of 5: Local Epoch [3/3] Loss: 0.0202, Accuracy: 99.49 %
Predictions - 1s: 2, 0s: 421
True Labels - 1s: 6, 0s: 417
Client 3 of 5: Local Epoch [3/3] Loss: 0.0304, Accuracy: 98.58 %
Predictions - 1s: 4, 0s: 419
True Labels - 1s: 6, 0s: 417
Client 4 of 5: Local Epoch [3/3] Loss: 0.0112, Accuracy: 99.53 %
Predictions - 1s: 424, 0s: 0
True Labels - 1s: 424, 0s: 0
Client 1 of 5: Local Epoch [3/3] Loss: 0.0008, Accuracy: 100.00 %
Predictions - 1s: 424, 0s: 0
True Labels - 1s: 424, 0s: 0
Client 2 of 5: Local Epoch [3/3] Loss: 0.0006, Accuracy: 100.00 %
-------------------------------
Round [3/4] Average Local Loss: 0.0126, Average Local Accuracy: 99.52 %
-------------------------------
-------- Validation --------
Predictions - 1s: 226, 0s: 295
True Labels - 1s: 208, 0s: 313
Round [3/4] Global Model Validation Loss: 0.3157, Validation Accuracy: 87.33 %
-------- Validation finished --------
Updated best model in round 3 saved with Validation Loss: 0.3157 and Validation Accuracy: 87.33 %
-------------------------------

Round 4 of 4
-------------------------------
Predictions - 1s: 3, 0s: 388
True Labels - 1s: 6, 0s: 385
Client 5 of 5: Local Epoch [1/3] Loss: 0.0396, Accuracy: 98.72 %
Predictions - 1s: 2, 0s: 421
True Labels - 1s: 6, 0s: 417
Client 4 of 5: Local Epoch [1/3] Loss: 0.0447, Accuracy: 98.58 %
Predictions - 1s: 3, 0s: 420
True Labels - 1s: 6, 0s: 417
Client 3 of 5: Local Epoch [1/3] Loss: 0.0495, Accuracy: 98.35 %
Predictions - 1s: 424, 0s: 0
True Labels - 1s: 424, 0s: 0
Client 2 of 5: Local Epoch [1/3] Loss: 0.0061, Accuracy: 100.00 %
Predictions - 1s: 424, 0s: 0
True Labels - 1s: 424, 0s: 0
Client 1 of 5: Local Epoch [1/3] Loss: 0.0058, Accuracy: 100.00 %
Predictions - 1s: 4, 0s: 387
True Labels - 1s: 6, 0s: 385
Client 5 of 5: Local Epoch [2/3] Loss: 0.0150, Accuracy: 99.49 %
Predictions - 1s: 4, 0s: 419
True Labels - 1s: 6, 0s: 417
Client 4 of 5: Local Epoch [2/3] Loss: 0.0168, Accuracy: 99.53 %
Predictions - 1s: 2, 0s: 421
True Labels - 1s: 6, 0s: 417
Client 3 of 5: Local Epoch [2/3] Loss: 0.0361, Accuracy: 98.58 %
Predictions - 1s: 424, 0s: 0
True Labels - 1s: 424, 0s: 0
Client 1 of 5: Local Epoch [2/3] Loss: 0.0004, Accuracy: 100.00 %
Predictions - 1s: 424, 0s: 0
True Labels - 1s: 424, 0s: 0
Client 2 of 5: Local Epoch [2/3] Loss: 0.0004, Accuracy: 100.00 %
Predictions - 1s: 5, 0s: 386
True Labels - 1s: 6, 0s: 385
Client 5 of 5: Local Epoch [3/3] Loss: 0.0103, Accuracy: 99.74 %
Predictions - 1s: 5, 0s: 418
True Labels - 1s: 6, 0s: 417
Client 4 of 5: Local Epoch [3/3] Loss: 0.0121, Accuracy: 99.29 %
Predictions - 1s: 2, 0s: 421
True Labels - 1s: 6, 0s: 417
Client 3 of 5: Local Epoch [3/3] Loss: 0.0205, Accuracy: 99.05 %
Predictions - 1s: 424, 0s: 0
True Labels - 1s: 424, 0s: 0
Client 2 of 5: Local Epoch [3/3] Loss: 0.0003, Accuracy: 100.00 %
Predictions - 1s: 424, 0s: 0
True Labels - 1s: 424, 0s: 0
Client 1 of 5: Local Epoch [3/3] Loss: 0.0003, Accuracy: 100.00 %
-------------------------------
Round [4/4] Average Local Loss: 0.0087, Average Local Accuracy: 99.62 %
-------------------------------
-------- Validation --------
Predictions - 1s: 248, 0s: 273
True Labels - 1s: 208, 0s: 313
Round [4/4] Global Model Validation Loss: 0.3469, Validation Accuracy: 87.72 %
-------- Validation finished --------
Best model in round 3 saved with Validation Loss: 0.3157 and Validation Accuracy: 87.33 %

-------- Training finished in 6:08 --------

Test flag enabled. Testing the model

-------- Loading best model from model_path --------
Loaded model bert-small from date 21-04-2024 04:02. Trained with Federated Learning technology.
Round 3, lr: 6e-05, optimizer: AdamW
Average train accuracy: 99.52 %, Validation accuracy: 87.33 %
-------- Best model loaded --------

-------- Creating Test Dataloader --------
Test Loader: 650 total sentences. 82 batches of size 8.
-------- Test Dataloader created --------

-------- Testing --------
Predictions - 1s: 286, 0s: 364
True Labels - 1s: 268, 0s: 382
Nº of test samples: 650
Accuracy: 88.62%
Accuracy 2 : 88.62%
Precision: 88.11%
Recall: 88.76%
F1 Score: 88.36%
Classification report:
              precision    recall  f1-score   support

           0     0.9231    0.8796    0.9008       382
           1     0.8392    0.8955    0.8664       268

    accuracy                         0.8862       650
   macro avg     0.8811    0.8876    0.8836       650
weighted avg     0.8885    0.8862    0.8866       650

-------- Testing finished --------
