Current configuration:
{
    "concurrency_flag": true,
    "data_distribution": "iid",
    "dataset": "acl_dep_sad",
    "device": "cuda",
    "dp_delta": 0.003,
    "dp_epsilon": 0,
    "eval_batch_size": 4,
    "eval_flag": true,
    "eval_size": 0.2,
    "fed_alg": "fedprox",
    "layers": 3,
    "learning_rate": 6e-05,
    "max_length": 512,
    "ml_mode": "bcfl",
    "model": "bert_small",
    "model_name": "fedprox_iid_seed2_acl_dep_sad",
    "models_path": "/local/vpaloma/fabric-federated-learning/ablation_study/phase-4/final/data-dist/acl_dep_sad",
    "mu": 0.5,
    "num_clients": 5,
    "num_epochs": 3,
    "num_rounds": 4,
    "optimizer": "AdamW",
    "progress_bar_flag": false,
    "save_model": true,
    "scheduler": "linear",
    "scheduler_warmup_steps": 0,
    "seed": "random",
    "test_flag": true,
    "train_batch_size": 4,
    "train_size": 0.8
}
-------- Configuration loaded --------

-------- Setting device --------
cuda device selected and available.
-------- Device set --------

-------- Setting seed --------
seed set:  881463
-------- Seed set --------

-------- Creating Model --------
-------- Model created --------

-------- Setting Trainable Layers --------
Training the last 3 layers.

Total parameters count: 28764674
Trainable parameters count: 3416066
-------- Trainable Layers set --------

-------- Creating Tokenizer --------
-------- Tokenizer created --------

-------- Creating Train and Eval Dataloaders --------
Train Loader: 2085 total sentences. 522 batches of size 4.
Eval Loader: 521 total sentences. 131 batches of size 4.
-------- Train and Eval Dataloaders created --------

-------- Training --------
Training with Blockchain-Based Federated Learning technology.
Training without differential privacy.
Federated proximal algorithm selected.
Using mu value of 0.5.
Client 0: Label 0: 251, Label 1: 166
Client 1: Label 0: 248, Label 1: 169
Client 2: Label 0: 255, Label 1: 162
Client 3: Label 0: 245, Label 1: 172
Client 4: Label 0: 236, Label 1: 181

Round 1 of 4
-------------------------------
Predictions - 1s: 93, 0s: 324
True Labels - 1s: 162, 0s: 255
Client 3 of 5: Local Epoch [1/3] Loss: 0.5819, Accuracy: 75.78 %
Predictions - 1s: 121, 0s: 296
True Labels - 1s: 166, 0s: 251
Client 1 of 5: Local Epoch [1/3] Loss: 0.5944, Accuracy: 76.26 %
Predictions - 1s: 129, 0s: 288
Predictions - 1s: 129, 0s: 288
True Labels - 1s: 172, 0s: 245
Client 4 of 5: Local Epoch [1/3] Loss: 0.5924, Accuracy: 74.34 %
Predictions - 1s: 152, 0s: 265
True Labels - 1s: 169, 0s: 248
True Labels - 1s: 181, 0s: 236
Client 5 of 5: Local Epoch [1/3] Loss: 0.6086, Accuracy: 75.30 %
Client 2 of 5: Local Epoch [1/3] Loss: 0.6099, Accuracy: 73.14 %
Predictions - 1s: 165, 0s: 252
True Labels - 1s: 172, 0s: 245
Client 4 of 5: Local Epoch [2/3] Loss: 0.4825, Accuracy: 87.77 %
Predictions - 1s: 149, 0s: 268
True Labels - 1s: 162, 0s: 255
Client 3 of 5: Local Epoch [2/3] Loss: 0.4619, Accuracy: 88.73 %
Predictions - 1s: 160, 0s: 257
True Labels - 1s: 166, 0s: 251
Client 1 of 5: Local Epoch [2/3] Loss: 0.4858, Accuracy: 88.49 %
Predictions - 1s: 153, 0s: 264
True Labels - 1s: 169, 0s: 248
Client 2 of 5: Local Epoch [2/3] Loss: 0.5005, Accuracy: 87.53 %
Predictions - 1s: 169, 0s: 248
True Labels - 1s: 181, 0s: 236
Client 5 of 5: Local Epoch [2/3] Loss: 0.5293, Accuracy: 84.65 %
Predictions - 1s: 167, 0s: 250
True Labels - 1s: 166, 0s: 251
Client 1 of 5: Local Epoch [3/3] Loss: 0.4498, Accuracy: 90.65 %
Predictions - 1s: 146, 0s: 271
True Labels - 1s: 162, 0s: 255
Client 3 of 5: Local Epoch [3/3] Loss: 0.4393, Accuracy: 89.45 %
Predictions - 1s: 169, 0s: 248
True Labels - 1s: 172, 0s: 245
Client 4 of 5: Local Epoch [3/3] Loss: 0.4590, Accuracy: 89.69 %
Predictions - 1s: 162, 0s: 255
True Labels - 1s: 169, 0s: 248
Client 2 of 5: Local Epoch [3/3] Loss: 0.4510, Accuracy: 89.21 %
Predictions - 1s: 175, 0s: 242
True Labels - 1s: 181, 0s: 236
Client 5 of 5: Local Epoch [3/3] Loss: 0.4757, Accuracy: 87.05 %
-------------------------------
Round [1/4] Average Local Loss: 0.4550, Average Local Accuracy: 89.21 %
-------------------------------
-------- Validation --------
Predictions - 1s: 196, 0s: 325
True Labels - 1s: 224, 0s: 297
Round [1/4] Global Model Validation Loss: 0.3535, Validation Accuracy: 85.80 %
-------- Validation finished --------
Updated best model in round 1 saved with Validation Loss: 0.3535 and Validation Accuracy: 85.80 %
-------------------------------

Round 2 of 4
-------------------------------
Predictions - 1s: 154, 0s: 263
True Labels - 1s: 162, 0s: 255
Client 3 of 5: Local Epoch [1/3] Loss: 0.3433, Accuracy: 88.49 %
Predictions - 1s: 162, 0s: 255
True Labels - 1s: 169, 0s: 248
Client 2 of 5: Local Epoch [1/3] Loss: 0.3464, Accuracy: 88.73 %
Predictions - 1s: 173, 0s: 244
True Labels - 1s: 181, 0s: 236
Client 5 of 5: Local Epoch [1/3] Loss: 0.3812, Accuracy: 86.09 %
Predictions - 1s: 174, 0s: 243
True Labels - 1s: 172, 0s: 245
Client 4 of 5: Local Epoch [1/3] Loss: 0.3308, Accuracy: 87.53 %
Predictions - 1s: 164, 0s: 253
True Labels - 1s: 166, 0s: 251
Client 1 of 5: Local Epoch [1/3] Loss: 0.3470, Accuracy: 87.53 %
Predictions - 1s: 169, 0s: 248
True Labels - 1s: 166, 0s: 251
Client 1 of 5: Local Epoch [2/3] Loss: 0.2978, Accuracy: 91.61 %
Predictions - 1s: 159, 0s: 258
Predictions - 1s: 174, 0s: 243
True Labels - 1s: 162, 0s: 255
Client 3 of 5: Local Epoch [2/3] Loss: 0.2986, Accuracy: 89.69 %
Predictions - 1s: 168, 0s: 249
Predictions - 1s: 182, 0s: 235
True Labels - 1s: 172, 0s: 245
True Labels - 1s: 169, 0s: 248
Client 2 of 5: Local Epoch [2/3] Loss: 0.3050, Accuracy: 89.69 %
True Labels - 1s: 181, 0s: 236
Client 5 of 5: Local Epoch [2/3] Loss: 0.3297, Accuracy: 90.65 %
Client 4 of 5: Local Epoch [2/3] Loss: 0.2957, Accuracy: 89.93 %
Predictions - 1s: 181, 0s: 236
True Labels - 1s: 181, 0s: 236
Client 5 of 5: Local Epoch [3/3] Loss: 0.3162, Accuracy: 91.37 %
Predictions - 1s: 164, 0s: 253
True Labels - 1s: 162, 0s: 255
Client 3 of 5: Local Epoch [3/3] Loss: 0.2717, Accuracy: 92.81 %
Predictions - 1s: 176, 0s: 241
True Labels - 1s: 166, 0s: 251
Client 1 of 5: Local Epoch [3/3] Loss: 0.2845, Accuracy: 91.37 %
Predictions - 1s: 176, 0s: 241
True Labels - 1s: 172, 0s: 245
Client 4 of 5: Local Epoch [3/3] Loss: 0.2594, Accuracy: 93.29 %
Predictions - 1s: 167, 0s: 250
True Labels - 1s: 169, 0s: 248
Client 2 of 5: Local Epoch [3/3] Loss: 0.2805, Accuracy: 92.33 %
-------------------------------
Round [2/4] Average Local Loss: 0.2824, Average Local Accuracy: 92.23 %
-------------------------------
-------- Validation --------
Predictions - 1s: 211, 0s: 310
True Labels - 1s: 224, 0s: 297
Round [2/4] Global Model Validation Loss: 0.2844, Validation Accuracy: 88.68 %
-------- Validation finished --------
Updated best model in round 2 saved with Validation Loss: 0.2844 and Validation Accuracy: 88.68 %
-------------------------------

Round 3 of 4
-------------------------------
Predictions - 1s: 176, 0s: 241
True Labels - 1s: 166, 0s: 251
Client 1 of 5: Local Epoch [1/3] Loss: 0.2702, Accuracy: 91.37 %
Predictions - 1s: 173, 0s: 244
True Labels - 1s: 169, 0s: 248
Client 2 of 5: Local Epoch [1/3] Loss: 0.2962, Accuracy: 90.41 %
Predictions - 1s: 158, 0s: 259
True Labels - 1s: 162, 0s: 255
Client 3 of 5: Local Epoch [1/3] Loss: 0.2999, Accuracy: 89.93 %
Predictions - 1s: 184, 0s: 233
True Labels - 1s: 181, 0s: 236
Client 5 of 5: Local Epoch [1/3] Loss: 0.3247, Accuracy: 88.73 %
Predictions - 1s: 177, 0s: 240
True Labels - 1s: 172, 0s: 245
Client 4 of 5: Local Epoch [1/3] Loss: 0.2584, Accuracy: 92.57 %
Predictions - 1s: 172, 0s: 245
True Labels - 1s: 169, 0s: 248
Client 2 of 5: Local Epoch [2/3] Loss: 0.2512, Accuracy: 91.13 %
Predictions - 1s: 165, 0s: 252
True Labels - 1s: 162, 0s: 255
Client 3 of 5: Local Epoch [2/3] Loss: 0.2530, Accuracy: 92.09 %
Predictions - 1s: 175, 0s: 242
True Labels - 1s: 172, 0s: 245
Client 4 of 5: Local Epoch [2/3] Loss: 0.2386, Accuracy: 93.05 %
Predictions - 1s: 161, 0s: 256
True Labels - 1s: 166, 0s: 251
Client 1 of 5: Local Epoch [2/3] Loss: 0.2594, Accuracy: 91.13 %
Predictions - 1s: 179, 0s: 238
True Labels - 1s: 181, 0s: 236
Client 5 of 5: Local Epoch [2/3] Loss: 0.3057, Accuracy: 90.41 %
Predictions - 1s: 163, 0s: 254
True Labels - 1s: 166, 0s: 251
Client 1 of 5: Local Epoch [3/3] Loss: 0.2447, Accuracy: 91.13 %
Predictions - 1s: 172, 0s: 245
True Labels - 1s: 169, 0s: 248
Client 2 of 5: Local Epoch [3/3] Loss: 0.2313, Accuracy: 93.05 %
Predictions - 1s: 158, 0s: 259
True Labels - 1s: 162, 0s: 255
Client 3 of 5: Local Epoch [3/3] Loss: 0.2315, Accuracy: 93.29 %
Predictions - 1s: 180, 0s: 237
True Labels - 1s: 172, 0s: 245
Client 4 of 5: Local Epoch [3/3] Loss: 0.2030, Accuracy: 94.24 %
Predictions - 1s: 184, 0s: 233
True Labels - 1s: 181, 0s: 236
Client 5 of 5: Local Epoch [3/3] Loss: 0.2729, Accuracy: 92.57 %
-------------------------------
Round [3/4] Average Local Loss: 0.2367, Average Local Accuracy: 92.85 %
-------------------------------
-------- Validation --------
Predictions - 1s: 218, 0s: 303
True Labels - 1s: 224, 0s: 297
Round [3/4] Global Model Validation Loss: 0.2662, Validation Accuracy: 90.79 %
-------- Validation finished --------
Updated best model in round 3 saved with Validation Loss: 0.2662 and Validation Accuracy: 90.79 %
-------------------------------

Round 4 of 4
-------------------------------
Predictions - 1s: 172, 0s: 245
True Labels - 1s: 172, 0s: 245
Client 4 of 5: Local Epoch [1/3] Loss: 0.2226, Accuracy: 92.33 %
Predictions - 1s: 162, 0s: 255
True Labels - 1s: 162, 0s: 255
Client 3 of 5: Local Epoch [1/3] Loss: 0.2666, Accuracy: 90.89 %
Predictions - 1s: 170, 0s: 247
True Labels - 1s: 169, 0s: 248
Client 2 of 5: Local Epoch [1/3] Loss: 0.2609, Accuracy: 92.09 %
Predictions - 1s: 170, 0s: 247
True Labels - 1s: 166, 0s: 251
Client 1 of 5: Local Epoch [1/3] Loss: 0.2577, Accuracy: 90.89 %
Predictions - 1s: 187, 0s: 230
True Labels - 1s: 181, 0s: 236
Client 5 of 5: Local Epoch [1/3] Loss: 0.3059, Accuracy: 89.45 %
Predictions - 1s: 177, 0s: 240
True Labels - 1s: 172, 0s: 245
Client 4 of 5: Local Epoch [2/3] Loss: 0.1884, Accuracy: 94.48 %
Predictions - 1s: 164, 0s: 253
True Labels - 1s: 162, 0s: 255
Client 3 of 5: Local Epoch [2/3] Loss: 0.2301, Accuracy: 91.85 %
Predictions - 1s: 168, 0s: 249
True Labels - 1s: 166, 0s: 251
Client 1 of 5: Local Epoch [2/3] Loss: 0.2333, Accuracy: 92.81 %
Predictions - 1s: 170, 0s: 247
True Labels - 1s: 169, 0s: 248
Client 2 of 5: Local Epoch [2/3] Loss: 0.2425, Accuracy: 93.53 %
Predictions - 1s: 184, 0s: 233
True Labels - 1s: 181, 0s: 236
Client 5 of 5: Local Epoch [2/3] Loss: 0.2606, Accuracy: 91.61 %
Predictions - 1s: 167, 0s: 250
True Labels - 1s: 166, 0s: 251
Client 1 of 5: Local Epoch [3/3] Loss: 0.2076, Accuracy: 94.00 %
Predictions - 1s: 163, 0s: 254
True Labels - 1s: 162, 0s: 255
Client 3 of 5: Local Epoch [3/3] Loss: 0.1930, Accuracy: 94.96 %
Predictions - 1s: 177, 0s: 240
True Labels - 1s: 169, 0s: 248
Client 2 of 5: Local Epoch [3/3] Loss: 0.2085, Accuracy: 93.29 %
Predictions - 1s: 175, 0s: 242
Predictions - 1s: 178, 0s: 239
True Labels - 1s: 181, 0s: 236
True Labels - 1s: 172, 0s: 245
Client 4 of 5: Local Epoch [3/3] Loss: 0.1954, Accuracy: 93.76 %
Client 5 of 5: Local Epoch [3/3] Loss: 0.2575, Accuracy: 91.37 %
-------------------------------
Round [4/4] Average Local Loss: 0.2124, Average Local Accuracy: 93.48 %
-------------------------------
-------- Validation --------
Predictions - 1s: 221, 0s: 300
True Labels - 1s: 224, 0s: 297
Round [4/4] Global Model Validation Loss: 0.2539, Validation Accuracy: 91.36 %
-------- Validation finished --------
Updated best model in round 4 saved with Validation Loss: 0.2539 and Validation Accuracy: 91.36 %
-------------------------------
Best model in round 4 saved with Validation Loss: 0.2539 and Validation Accuracy: 91.36 %

-------- Training finished in 7:57 --------

Test flag enabled. Testing the model

-------- Loading best model from model_path --------
Loaded model bert-small from date 21-04-2024 10:31. Trained with Federated Learning technology.
Round 4, lr: 6e-05, optimizer: AdamW
Average train accuracy: 93.48 %, Validation accuracy: 91.36 %
-------- Best model loaded --------

-------- Creating Test Dataloader --------
Test Loader: 650 total sentences. 82 batches of size 8.
-------- Test Dataloader created --------

-------- Testing --------
Predictions - 1s: 254, 0s: 396
True Labels - 1s: 268, 0s: 382
Nº of test samples: 650
Accuracy: 89.85%
Accuracy 2 : 89.85%
Precision: 89.83%
Recall: 89.13%
F1 Score: 89.44%
Classification report:
              precision    recall  f1-score   support

           0     0.8990    0.9319    0.9152       382
           1     0.8976    0.8507    0.8736       268

    accuracy                         0.8985       650
   macro avg     0.8983    0.8913    0.8944       650
weighted avg     0.8984    0.8985    0.8980       650

-------- Testing finished --------
