Current configuration:
{
    "concurrency_flag": true,
    "data_distribution": "non_iid",
    "dataset": "acl_dep_sad",
    "device": "cuda",
    "dp_delta": 0.003,
    "dp_epsilon": 0,
    "eval_batch_size": 4,
    "eval_flag": true,
    "eval_size": 0.2,
    "fed_alg": "fedprox",
    "layers": 3,
    "learning_rate": 6e-05,
    "max_length": 512,
    "ml_mode": "bcfl",
    "model": "bert_small",
    "model_name": "fedprox_non_iid_seed3_acl_dep_sad",
    "models_path": "/local/vpaloma/fabric-federated-learning/ablation_study/phase-4/final/data-dist/acl_dep_sad",
    "mu": 0.5,
    "num_clients": 5,
    "num_epochs": 3,
    "num_rounds": 4,
    "optimizer": "AdamW",
    "progress_bar_flag": false,
    "save_model": true,
    "scheduler": "linear",
    "scheduler_warmup_steps": 0,
    "seed": "random",
    "test_flag": true,
    "train_batch_size": 4,
    "train_size": 0.8
}
-------- Configuration loaded --------

-------- Setting device --------
cuda device selected and available.
-------- Device set --------

-------- Setting seed --------
seed set:  240364
-------- Seed set --------

-------- Creating Model --------
-------- Model created --------

-------- Setting Trainable Layers --------
Training the last 3 layers.

Total parameters count: 28764674
Trainable parameters count: 3416066
-------- Trainable Layers set --------

-------- Creating Tokenizer --------
-------- Tokenizer created --------

-------- Creating Train and Eval Dataloaders --------
Train Loader: 2085 total sentences. 522 batches of size 4.
Eval Loader: 521 total sentences. 131 batches of size 4.
-------- Train and Eval Dataloaders created --------

-------- Training --------
Training with Blockchain-Based Federated Learning technology.
Training without differential privacy.
Federated proximal algorithm selected.
Using mu value of 0.5.
Client 0: Label 0: 0, Label 1: 424
Client 1: Label 0: 0, Label 1: 423
Client 2: Label 0: 417, Label 1: 6
Client 3: Label 0: 417, Label 1: 6
Client 4: Label 0: 386, Label 1: 6

Round 1 of 4
-------------------------------
Predictions - 1s: 0, 0s: 392
True Labels - 1s: 6, 0s: 386
Client 5 of 5: Local Epoch [1/3] Loss: 0.1601, Accuracy: 98.47 %
Predictions - 1s: 415, 0s: 8
True Labels - 1s: 423, 0s: 0
Client 2 of 5: Local Epoch [1/3] Loss: 0.1721, Accuracy: 98.11 %
Predictions - 1s: 0, 0s: 423
True Labels - 1s: 6, 0s: 417
Client 4 of 5: Local Epoch [1/3] Loss: 0.1525, Accuracy: 98.58 %
Predictions - 1s: 2, 0s: 421
True Labels - 1s: 6, 0s: 417
Client 3 of 5: Local Epoch [1/3] Loss: 0.1510, Accuracy: 98.11 %
Predictions - 1s: 415, 0s: 9
True Labels - 1s: 424, 0s: 0
Client 1 of 5: Local Epoch [1/3] Loss: 0.1738, Accuracy: 97.88 %
Predictions - 1s: 0, 0s: 392
True Labels - 1s: 6, 0s: 386
Client 5 of 5: Local Epoch [2/3] Loss: 0.1101, Accuracy: 98.47 %
Predictions - 1s: 423, 0s: 0
True Labels - 1s: 423, 0s: 0
Client 2 of 5: Local Epoch [2/3] Loss: 0.0770, Accuracy: 100.00 %
Predictions - 1s: 0, 0s: 423
True Labels - 1s: 6, 0s: 417
Client 4 of 5: Local Epoch [2/3] Loss: 0.1048, Accuracy: 98.58 %
Predictions - 1s: 0, 0s: 423
True Labels - 1s: 6, 0s: 417
Client 3 of 5: Local Epoch [2/3] Loss: 0.1060, Accuracy: 98.58 %
Predictions - 1s: 424, 0s: 0
True Labels - 1s: 424, 0s: 0
Client 1 of 5: Local Epoch [2/3] Loss: 0.0778, Accuracy: 100.00 %
Predictions - 1s: 0, 0s: 392
True Labels - 1s: 6, 0s: 386
Client 5 of 5: Local Epoch [3/3] Loss: 0.1012, Accuracy: 98.47 %
Predictions - 1s: 0, 0s: 423
True Labels - 1s: 6, 0s: 417
Client 4 of 5: Local Epoch [3/3] Loss: 0.0987, Accuracy: 98.58 %
Predictions - 1s: 423, 0s: 0
True Labels - 1s: 423, 0s: 0
Client 2 of 5: Local Epoch [3/3] Loss: 0.0645, Accuracy: 100.00 %
Predictions - 1s: 0, 0s: 423
True Labels - 1s: 6, 0s: 417
Client 3 of 5: Local Epoch [3/3] Loss: 0.0975, Accuracy: 98.58 %
Predictions - 1s: 424, 0s: 0
True Labels - 1s: 424, 0s: 0
Client 1 of 5: Local Epoch [3/3] Loss: 0.0652, Accuracy: 100.00 %
-------------------------------
Round [1/4] Average Local Loss: 0.0854, Average Local Accuracy: 99.13 %
-------------------------------
-------- Validation --------
Predictions - 1s: 2, 0s: 519
True Labels - 1s: 209, 0s: 312
Round [1/4] Global Model Validation Loss: 0.6115, Validation Accuracy: 60.27 %
-------- Validation finished --------
Updated best model in round 1 saved with Validation Loss: 0.6115 and Validation Accuracy: 60.27 %
-------------------------------

Round 2 of 4
-------------------------------
Predictions - 1s: 0, 0s: 392
True Labels - 1s: 6, 0s: 386
Client 5 of 5: Local Epoch [1/3] Loss: 0.1194, Accuracy: 98.47 %
Predictions - 1s: 0, 0s: 423
True Labels - 1s: 6, 0s: 417
Client 4 of 5: Local Epoch [1/3] Loss: 0.1143, Accuracy: 98.58 %
Predictions - 1s: 0, 0s: 423
True Labels - 1s: 6, 0s: 417
Client 3 of 5: Local Epoch [1/3] Loss: 0.1156, Accuracy: 98.58 %
Predictions - 1s: 412, 0s: 11
True Labels - 1s: 423, 0s: 0
Client 2 of 5: Local Epoch [1/3] Loss: 0.1509, Accuracy: 97.40 %
Predictions - 1s: 415, 0s: 9
True Labels - 1s: 424, 0s: 0
Client 1 of 5: Local Epoch [1/3] Loss: 0.1505, Accuracy: 97.88 %
Predictions - 1s: 0, 0s: 392
True Labels - 1s: 6, 0s: 386
Client 5 of 5: Local Epoch [2/3] Loss: 0.0973, Accuracy: 98.47 %
Predictions - 1s: 0, 0s: 423
True Labels - 1s: 6, 0s: 417
Client 4 of 5: Local Epoch [2/3] Loss: 0.0977, Accuracy: 98.58 %
Predictions - 1s: 0, 0s: 423
True Labels - 1s: 6, 0s: 417
Client 3 of 5: Local Epoch [2/3] Loss: 0.0847, Accuracy: 98.58 %
Predictions - 1s: 423, 0s: 0
True Labels - 1s: 423, 0s: 0
Client 2 of 5: Local Epoch [2/3] Loss: 0.0653, Accuracy: 100.00 %
Predictions - 1s: 424, 0s: 0
True Labels - 1s: 424, 0s: 0
Client 1 of 5: Local Epoch [2/3] Loss: 0.0666, Accuracy: 100.00 %
Predictions - 1s: 0, 0s: 392
True Labels - 1s: 6, 0s: 386
Client 5 of 5: Local Epoch [3/3] Loss: 0.0866, Accuracy: 98.47 %
Predictions - 1s: 0, 0s: 423
True Labels - 1s: 6, 0s: 417
Client 4 of 5: Local Epoch [3/3] Loss: 0.0886, Accuracy: 98.58 %
Predictions - 1s: 0, 0s: 423
True Labels - 1s: 6, 0s: 417
Client 3 of 5: Local Epoch [3/3] Loss: 0.0842, Accuracy: 98.58 %
Predictions - 1s: 423, 0s: 0
True Labels - 1s: 423, 0s: 0
Client 2 of 5: Local Epoch [3/3] Loss: 0.0571, Accuracy: 100.00 %
Predictions - 1s: 424, 0s: 0
True Labels - 1s: 424, 0s: 0
Client 1 of 5: Local Epoch [3/3] Loss: 0.0573, Accuracy: 100.00 %
-------------------------------
Round [2/4] Average Local Loss: 0.0748, Average Local Accuracy: 99.13 %
-------------------------------
-------- Validation --------
Predictions - 1s: 42, 0s: 479
True Labels - 1s: 209, 0s: 312
Round [2/4] Global Model Validation Loss: 0.5339, Validation Accuracy: 67.95 %
-------- Validation finished --------
Updated best model in round 2 saved with Validation Loss: 0.5339 and Validation Accuracy: 67.95 %
-------------------------------

Round 3 of 4
-------------------------------
Predictions - 1s: 0, 0s: 392
True Labels - 1s: 6, 0s: 386
Client 5 of 5: Local Epoch [1/3] Loss: 0.0983, Accuracy: 98.47 %
Predictions - 1s: 0, 0s: 423
True Labels - 1s: 6, 0s: 417
Client 3 of 5: Local Epoch [1/3] Loss: 0.0989, Accuracy: 98.58 %
Predictions - 1s: 0, 0s: 423
True Labels - 1s: 6, 0s: 417
Client 4 of 5: Local Epoch [1/3] Loss: 0.1063, Accuracy: 98.58 %
Predictions - 1s: 416, 0s: 7
True Labels - 1s: 423, 0s: 0
Client 2 of 5: Local Epoch [1/3] Loss: 0.1131, Accuracy: 98.35 %
Predictions - 1s: 419, 0s: 5
True Labels - 1s: 424, 0s: 0
Client 1 of 5: Local Epoch [1/3] Loss: 0.1126, Accuracy: 98.82 %
Predictions - 1s: 0, 0s: 392
True Labels - 1s: 6, 0s: 386
Client 5 of 5: Local Epoch [2/3] Loss: 0.0833, Accuracy: 98.47 %
Predictions - 1s: 0, 0s: 423
True Labels - 1s: 6, 0s: 417
Client 4 of 5: Local Epoch [2/3] Loss: 0.0877, Accuracy: 98.58 %
Predictions - 1s: 0, 0s: 423
True Labels - 1s: 6, 0s: 417
Client 3 of 5: Local Epoch [2/3] Loss: 0.0785, Accuracy: 98.58 %
Predictions - 1s: 423, 0s: 0
True Labels - 1s: 423, 0s: 0
Client 2 of 5: Local Epoch [2/3] Loss: 0.0496, Accuracy: 100.00 %
Predictions - 1s: 424, 0s: 0
True Labels - 1s: 424, 0s: 0
Client 1 of 5: Local Epoch [2/3] Loss: 0.0501, Accuracy: 100.00 %
Predictions - 1s: 0, 0s: 392
True Labels - 1s: 6, 0s: 386
Client 5 of 5: Local Epoch [3/3] Loss: 0.0785, Accuracy: 98.47 %
Predictions - 1s: 423, 0s: 0
True Labels - 1s: 423, 0s: 0
Client 2 of 5: Local Epoch [3/3] Loss: 0.0434, Accuracy: 100.00 %
Predictions - 1s: 0, 0s: 423
True Labels - 1s: 6, 0s: 417
Client 3 of 5: Local Epoch [3/3] Loss: 0.0741, Accuracy: 98.58 %
Predictions - 1s: 0, 0s: 423
True Labels - 1s: 6, 0s: 417
Client 4 of 5: Local Epoch [3/3] Loss: 0.0823, Accuracy: 98.58 %
Predictions - 1s: 424, 0s: 0
True Labels - 1s: 424, 0s: 0
Client 1 of 5: Local Epoch [3/3] Loss: 0.0441, Accuracy: 100.00 %
-------------------------------
Round [3/4] Average Local Loss: 0.0645, Average Local Accuracy: 99.13 %
-------------------------------
-------- Validation --------
Predictions - 1s: 106, 0s: 415
True Labels - 1s: 209, 0s: 312
Round [3/4] Global Model Validation Loss: 0.4528, Validation Accuracy: 77.54 %
-------- Validation finished --------
Updated best model in round 3 saved with Validation Loss: 0.4528 and Validation Accuracy: 77.54 %
-------------------------------

Round 4 of 4
-------------------------------
Predictions - 1s: 0, 0s: 392
True Labels - 1s: 6, 0s: 386
Client 5 of 5: Local Epoch [1/3] Loss: 0.0905, Accuracy: 98.47 %
Predictions - 1s: 419, 0s: 4
True Labels - 1s: 423, 0s: 0
Client 2 of 5: Local Epoch [1/3] Loss: 0.0856, Accuracy: 99.05 %
Predictions - 1s: 0, 0s: 423
True Labels - 1s: 6, 0s: 417
Client 4 of 5: Local Epoch [1/3] Loss: 0.1024, Accuracy: 98.58 %
Predictions - 1s: 1, 0s: 422
True Labels - 1s: 6, 0s: 417
Client 3 of 5: Local Epoch [1/3] Loss: 0.0942, Accuracy: 98.35 %
Predictions - 1s: 421, 0s: 3
True Labels - 1s: 424, 0s: 0
Client 1 of 5: Local Epoch [1/3] Loss: 0.0820, Accuracy: 99.29 %
Predictions - 1s: 0, 0s: 392
True Labels - 1s: 6, 0s: 386
Client 5 of 5: Local Epoch [2/3] Loss: 0.0739, Accuracy: 98.47 %
Predictions - 1s: 0, 0s: 423
True Labels - 1s: 6, 0s: 417
Client 3 of 5: Local Epoch [2/3] Loss: 0.0774, Accuracy: 98.58 %
Predictions - 1s: 0, 0s: 423
True Labels - 1s: 6, 0s: 417
Client 4 of 5: Local Epoch [2/3] Loss: 0.0803, Accuracy: 98.58 %
Predictions - 1s: 423, 0s: 0
True Labels - 1s: 423, 0s: 0
Client 2 of 5: Local Epoch [2/3] Loss: 0.0379, Accuracy: 100.00 %
Predictions - 1s: 424, 0s: 0
True Labels - 1s: 424, 0s: 0
Client 1 of 5: Local Epoch [2/3] Loss: 0.0371, Accuracy: 100.00 %
Predictions - 1s: 0, 0s: 392
True Labels - 1s: 6, 0s: 386
Client 5 of 5: Local Epoch [3/3] Loss: 0.0715, Accuracy: 98.47 %
Predictions - 1s: 423, 0s: 0
True Labels - 1s: 423, 0s: 0
Client 2 of 5: Local Epoch [3/3] Loss: 0.0333, Accuracy: 100.00 %
Predictions - 1s: 0, 0s: 423
True Labels - 1s: 6, 0s: 417
Client 4 of 5: Local Epoch [3/3] Loss: 0.0758, Accuracy: 98.58 %
Predictions - 1s: 0, 0s: 423
True Labels - 1s: 6, 0s: 417
Client 3 of 5: Local Epoch [3/3] Loss: 0.0651, Accuracy: 98.58 %
Predictions - 1s: 424, 0s: 0
True Labels - 1s: 424, 0s: 0
Client 1 of 5: Local Epoch [3/3] Loss: 0.0329, Accuracy: 100.00 %
-------------------------------
Round [4/4] Average Local Loss: 0.0557, Average Local Accuracy: 99.13 %
-------------------------------
-------- Validation --------
Predictions - 1s: 135, 0s: 386
True Labels - 1s: 209, 0s: 312
Round [4/4] Global Model Validation Loss: 0.3951, Validation Accuracy: 83.11 %
-------- Validation finished --------
Updated best model in round 4 saved with Validation Loss: 0.3951 and Validation Accuracy: 83.11 %
-------------------------------
Best model in round 4 saved with Validation Loss: 0.3951 and Validation Accuracy: 83.11 %

-------- Training finished in 7:50 --------

Test flag enabled. Testing the model

-------- Loading best model from model_path --------
Loaded model bert-small from date 21-04-2024 10:53. Trained with Federated Learning technology.
Round 4, lr: 6e-05, optimizer: AdamW
Average train accuracy: 99.13 %, Validation accuracy: 83.11 %
-------- Best model loaded --------

-------- Creating Test Dataloader --------
Test Loader: 650 total sentences. 82 batches of size 8.
-------- Test Dataloader created --------

-------- Testing --------
Predictions - 1s: 193, 0s: 457
True Labels - 1s: 268, 0s: 382
Nº of test samples: 650
Accuracy: 82.92%
Accuracy 2 : 82.92%
Precision: 85.16%
Recall: 80.29%
F1 Score: 81.35%
Classification report:
              precision    recall  f1-score   support

           0     0.7965    0.9529    0.8677       382
           1     0.9067    0.6530    0.7592       268

    accuracy                         0.8292       650
   macro avg     0.8516    0.8029    0.8135       650
weighted avg     0.8420    0.8292    0.8230       650

-------- Testing finished --------
