Current configuration:
{
    "concurrency_flag": true,
    "data_distribution": "iid",
    "dataset": "acl_dep_sad",
    "device": "cuda",
    "dp_delta": 0.003,
    "dp_epsilon": 0,
    "eval_batch_size": 4,
    "eval_flag": true,
    "eval_size": 0.2,
    "fed_alg": "fedprox",
    "layers": 3,
    "learning_rate": 6e-05,
    "max_length": 512,
    "ml_mode": "bcfl",
    "model": "bert_small",
    "model_name": "fedprox_iid_seed10_acl_dep_sad",
    "models_path": "/local/vpaloma/fabric-federated-learning/ablation_study/phase-4/final/data-dist/acl_dep_sad",
    "mu": 0.5,
    "num_clients": 5,
    "num_epochs": 3,
    "num_rounds": 4,
    "optimizer": "AdamW",
    "progress_bar_flag": false,
    "save_model": true,
    "scheduler": "linear",
    "scheduler_warmup_steps": 0,
    "seed": "random",
    "test_flag": true,
    "train_batch_size": 4,
    "train_size": 0.8
}
-------- Configuration loaded --------

-------- Setting device --------
cuda device selected and available.
-------- Device set --------

-------- Setting seed --------
seed set:  282372
-------- Seed set --------

-------- Creating Model --------
-------- Model created --------

-------- Setting Trainable Layers --------
Training the last 3 layers.

Total parameters count: 28764674
Trainable parameters count: 3416066
-------- Trainable Layers set --------

-------- Creating Tokenizer --------
-------- Tokenizer created --------

-------- Creating Train and Eval Dataloaders --------
Train Loader: 2085 total sentences. 522 batches of size 4.
Eval Loader: 521 total sentences. 131 batches of size 4.
-------- Train and Eval Dataloaders created --------

-------- Training --------
Training with Blockchain-Based Federated Learning technology.
Training without differential privacy.
Federated proximal algorithm selected.
Using mu value of 0.5.
Client 0: Label 0: 240, Label 1: 177
Client 1: Label 0: 237, Label 1: 180
Client 2: Label 0: 243, Label 1: 174
Client 3: Label 0: 240, Label 1: 177
Client 4: Label 0: 246, Label 1: 171

Round 1 of 4
-------------------------------
Predictions - 1s: 164, 0s: 253
True Labels - 1s: 180, 0s: 237
Client 2 of 5: Local Epoch [1/3] Loss: 0.5739, Accuracy: 76.98 %
Predictions - 1s: 129, 0s: 288
Predictions - 1s: 111, 0s: 306
True Labels - 1s: 177, 0s: 240
Client 1 of 5: Local Epoch [1/3] Loss: 0.5585, Accuracy: 76.98 %
True Labels - 1s: 171, 0s: 246
Predictions - 1s: 134, 0s: 283
Client 5 of 5: Local Epoch [1/3] Loss: 0.5857, Accuracy: 76.02 %
Predictions - 1s: 153, 0s: 264
True Labels - 1s: 177, 0s: 240
Client 4 of 5: Local Epoch [1/3] Loss: 0.5430, Accuracy: 82.01 %
True Labels - 1s: 174, 0s: 243
Client 3 of 5: Local Epoch [1/3] Loss: 0.5648, Accuracy: 79.14 %
Predictions - 1s: 161, 0s: 256
Predictions - 1s: 167, 0s: 250
True Labels - 1s: 174, 0s: 243
Predictions - 1s: 171, 0s: 246
True Labels - 1s: 180, 0s: 237
Client 2 of 5: Local Epoch [2/3] Loss: 0.4564, Accuracy: 88.73 %
Client 3 of 5: Local Epoch [2/3] Loss: 0.4723, Accuracy: 86.81 %
Predictions - 1s: 164, 0s: 253
True Labels - 1s: 177, 0s: 240
Client 1 of 5: Local Epoch [2/3] Loss: 0.4778, Accuracy: 85.61 %
True Labels - 1s: 171, 0s: 246
Client 5 of 5: Local Epoch [2/3] Loss: 0.4731, Accuracy: 88.73 %
Predictions - 1s: 167, 0s: 250
True Labels - 1s: 177, 0s: 240
Client 4 of 5: Local Epoch [2/3] Loss: 0.4470, Accuracy: 87.53 %
Predictions - 1s: 178, 0s: 239
True Labels - 1s: 177, 0s: 240
Client 4 of 5: Local Epoch [3/3] Loss: 0.4111, Accuracy: 89.69 %
Predictions - 1s: 162, 0s: 255
True Labels - 1s: 171, 0s: 246
Client 5 of 5: Local Epoch [3/3] Loss: 0.4411, Accuracy: 88.73 %
Predictions - 1s: 181, 0s: 236
True Labels - 1s: 180, 0s: 237
Client 2 of 5: Local Epoch [3/3] Loss: 0.4198, Accuracy: 91.13 %
Predictions - 1s: 170, 0s: 247
Predictions - 1s: 178, 0s: 239
True Labels - 1s: 174, 0s: 243
True Labels - 1s: 177, 0s: 240
Client 1 of 5: Local Epoch [3/3] Loss: 0.4455, Accuracy: 88.25 %
Client 3 of 5: Local Epoch [3/3] Loss: 0.4364, Accuracy: 89.45 %
-------------------------------
Round [1/4] Average Local Loss: 0.4308, Average Local Accuracy: 89.45 %
-------------------------------
-------- Validation --------
Predictions - 1s: 182, 0s: 339
True Labels - 1s: 195, 0s: 326
Round [1/4] Global Model Validation Loss: 0.3201, Validation Accuracy: 88.29 %
-------- Validation finished --------
Updated best model in round 1 saved with Validation Loss: 0.3201 and Validation Accuracy: 88.29 %
-------------------------------

Round 2 of 4
-------------------------------
Predictions - 1s: 174, 0s: 243
True Labels - 1s: 180, 0s: 237
Client 2 of 5: Local Epoch [1/3] Loss: 0.3341, Accuracy: 88.49 %
Predictions - 1s: 171, 0s: 246
True Labels - 1s: 171, 0s: 246
Client 5 of 5: Local Epoch [1/3] Loss: 0.3571, Accuracy: 87.53 %
Predictions - 1s: 166, 0s: 251
Predictions - 1s: 180, 0s: 237
True Labels - 1s: 174, 0s: 243
True Labels - 1s: 177, 0s: 240
Client 1 of 5: Local Epoch [1/3] Loss: 0.3574, Accuracy: 88.25 %
Client 3 of 5: Local Epoch [1/3] Loss: 0.3510, Accuracy: 87.05 %
Predictions - 1s: 167, 0s: 250
True Labels - 1s: 177, 0s: 240
Client 4 of 5: Local Epoch [1/3] Loss: 0.3274, Accuracy: 88.01 %
Predictions - 1s: 175, 0s: 242
True Labels - 1s: 174, 0s: 243
Client 3 of 5: Local Epoch [2/3] Loss: 0.3159, Accuracy: 88.25 %
Predictions - 1s: 172, 0s: 245
True Labels - 1s: 171, 0s: 246
Client 5 of 5: Local Epoch [2/3] Loss: 0.3019, Accuracy: 90.65 %
Predictions - 1s: 181, 0s: 236
True Labels - 1s: 180, 0s: 237
Client 2 of 5: Local Epoch [2/3] Loss: 0.2942, Accuracy: 91.13 %
Predictions - 1s: 183, 0s: 234
True Labels - 1s: 177, 0s: 240
Client 4 of 5: Local Epoch [2/3] Loss: 0.2829, Accuracy: 91.85 %
Predictions - 1s: 177, 0s: 240
True Labels - 1s: 177, 0s: 240
Client 1 of 5: Local Epoch [2/3] Loss: 0.3171, Accuracy: 89.93 %
Predictions - 1s: 163, 0s: 254
True Labels - 1s: 171, 0s: 246
Client 5 of 5: Local Epoch [3/3] Loss: 0.3064, Accuracy: 91.37 %
Predictions - 1s: 176, 0s: 241
True Labels - 1s: 177, 0s: 240
Client 4 of 5: Local Epoch [3/3] Loss: 0.2684, Accuracy: 92.09 %
Predictions - 1s: 184, 0s: 233
Predictions - 1s: 169, 0s: 248
True Labels - 1s: 180, 0s: 237
Predictions - 1s: 179, 0s: 238
True Labels - 1s: 174, 0s: 243
Client 2 of 5: Local Epoch [3/3] Loss: 0.2640, Accuracy: 92.81 %
Client 3 of 5: Local Epoch [3/3] Loss: 0.2878, Accuracy: 92.09 %
True Labels - 1s: 177, 0s: 240
Client 1 of 5: Local Epoch [3/3] Loss: 0.2963, Accuracy: 90.41 %
-------------------------------
Round [2/4] Average Local Loss: 0.2846, Average Local Accuracy: 91.75 %
-------------------------------
-------- Validation --------
Predictions - 1s: 192, 0s: 329
True Labels - 1s: 195, 0s: 326
Round [2/4] Global Model Validation Loss: 0.2611, Validation Accuracy: 89.44 %
-------- Validation finished --------
Updated best model in round 2 saved with Validation Loss: 0.2611 and Validation Accuracy: 89.44 %
-------------------------------

Round 3 of 4
-------------------------------
Predictions - 1s: 180, 0s: 237
True Labels - 1s: 180, 0s: 237
Client 2 of 5: Local Epoch [1/3] Loss: 0.2893, Accuracy: 90.41 %
Predictions - 1s: 171, 0s: 246
True Labels - 1s: 171, 0s: 246
Client 5 of 5: Local Epoch [1/3] Loss: 0.2956, Accuracy: 89.45 %
Predictions - 1s: 184, 0s: 233
Predictions - 1s: 174, 0s: 243
True Labels - 1s: 177, 0s: 240
Client 4 of 5: Local Epoch [1/3] Loss: 0.2847, Accuracy: 90.65 %
True Labels - 1s: 177, 0s: 240
Client 1 of 5: Local Epoch [1/3] Loss: 0.3228, Accuracy: 89.21 %
Predictions - 1s: 177, 0s: 240
True Labels - 1s: 174, 0s: 243
Client 3 of 5: Local Epoch [1/3] Loss: 0.3002, Accuracy: 90.65 %
Predictions - 1s: 176, 0s: 241
True Labels - 1s: 177, 0s: 240
Client 1 of 5: Local Epoch [2/3] Loss: 0.2748, Accuracy: 90.65 %
Predictions - 1s: 168, 0s: 249
True Labels - 1s: 174, 0s: 243
Client 3 of 5: Local Epoch [2/3] Loss: 0.2749, Accuracy: 90.41 %
Predictions - 1s: 176, 0s: 241
True Labels - 1s: 177, 0s: 240
Client 4 of 5: Local Epoch [2/3] Loss: 0.2527, Accuracy: 91.61 %
Predictions - 1s: 185, 0s: 232
True Labels - 1s: 180, 0s: 237
Predictions - 1s: 165, 0s: 252
Client 2 of 5: Local Epoch [2/3] Loss: 0.2340, Accuracy: 92.09 %
True Labels - 1s: 171, 0s: 246
Client 5 of 5: Local Epoch [2/3] Loss: 0.2717, Accuracy: 90.41 %
Predictions - 1s: 177, 0s: 240
True Labels - 1s: 177, 0s: 240
Client 1 of 5: Local Epoch [3/3] Loss: 0.2477, Accuracy: 91.85 %
Predictions - 1s: 168, 0s: 249
True Labels - 1s: 171, 0s: 246
Client 5 of 5: Local Epoch [3/3] Loss: 0.2459, Accuracy: 93.05 %
Predictions - 1s: 176, 0s: 241
True Labels - 1s: 174, 0s: 243
Client 3 of 5: Local Epoch [3/3] Loss: 0.2458, Accuracy: 92.33 %
Predictions - 1s: 178, 0s: 239
True Labels - 1s: 177, 0s: 240
Client 4 of 5: Local Epoch [3/3] Loss: 0.2166, Accuracy: 92.57 %
Predictions - 1s: 188, 0s: 229
True Labels - 1s: 180, 0s: 237
Client 2 of 5: Local Epoch [3/3] Loss: 0.2135, Accuracy: 92.33 %
-------------------------------
Round [3/4] Average Local Loss: 0.2339, Average Local Accuracy: 92.42 %
-------------------------------
-------- Validation --------
Predictions - 1s: 194, 0s: 327
True Labels - 1s: 195, 0s: 326
Round [3/4] Global Model Validation Loss: 0.2445, Validation Accuracy: 90.21 %
-------- Validation finished --------
Updated best model in round 3 saved with Validation Loss: 0.2445 and Validation Accuracy: 90.21 %
-------------------------------

Round 4 of 4
-------------------------------
Predictions - 1s: 171, 0s: 246
True Labels - 1s: 171, 0s: 246
Client 5 of 5: Local Epoch [1/3] Loss: 0.2813, Accuracy: 91.85 %
Predictions - 1s: 174, 0s: 243
Predictions - 1s: 178, 0s: 239
True Labels - 1s: 177, 0s: 240
Client 1 of 5: Local Epoch [1/3] Loss: 0.3131, Accuracy: 90.17 %
Predictions - 1s: 181, 0s: 236
True Labels - 1s: 180, 0s: 237
True Labels - 1s: 174, 0s: 243
Client 3 of 5: Local Epoch [1/3] Loss: 0.2797, Accuracy: 89.69 %
Predictions - 1s: 183, 0s: 234
Client 2 of 5: Local Epoch [1/3] Loss: 0.2721, Accuracy: 89.93 %
True Labels - 1s: 177, 0s: 240
Client 4 of 5: Local Epoch [1/3] Loss: 0.2623, Accuracy: 90.41 %
Predictions - 1s: 163, 0s: 254
True Labels - 1s: 171, 0s: 246
Client 5 of 5: Local Epoch [2/3] Loss: 0.2599, Accuracy: 91.85 %
Predictions - 1s: 180, 0s: 237
True Labels - 1s: 177, 0s: 240
Client 4 of 5: Local Epoch [2/3] Loss: 0.1944, Accuracy: 93.53 %
Predictions - 1s: 188, 0s: 229
Predictions - 1s: 179, 0s: 238
True Labels - 1s: 180, 0s: 237
True Labels - 1s: 174, 0s: 243
Client 2 of 5: Local Epoch [2/3] Loss: 0.2260, Accuracy: 92.33 %
Client 3 of 5: Local Epoch [2/3] Loss: 0.2391, Accuracy: 92.57 %
Predictions - 1s: 185, 0s: 232
True Labels - 1s: 177, 0s: 240
Client 1 of 5: Local Epoch [2/3] Loss: 0.2620, Accuracy: 91.85 %
Predictions - 1s: 171, 0s: 246
True Labels - 1s: 177, 0s: 240
Client 4 of 5: Local Epoch [3/3] Loss: 0.1985, Accuracy: 94.72 %
Predictions - 1s: 165, 0s: 252
True Labels - 1s: 171, 0s: 246
Client 5 of 5: Local Epoch [3/3] Loss: 0.2166, Accuracy: 92.33 %
Predictions - 1s: 176, 0s: 241
True Labels - 1s: 174, 0s: 243
Client 3 of 5: Local Epoch [3/3] Loss: 0.2247, Accuracy: 93.29 %
Predictions - 1s: 173, 0s: 244
True Labels - 1s: 177, 0s: 240
Client 1 of 5: Local Epoch [3/3] Loss: 0.2376, Accuracy: 91.85 %
Predictions - 1s: 180, 0s: 237
True Labels - 1s: 180, 0s: 237
Client 2 of 5: Local Epoch [3/3] Loss: 0.2090, Accuracy: 93.76 %
-------------------------------
Round [4/4] Average Local Loss: 0.2173, Average Local Accuracy: 93.19 %
-------------------------------
-------- Validation --------
Predictions - 1s: 191, 0s: 330
True Labels - 1s: 195, 0s: 326
Round [4/4] Global Model Validation Loss: 0.2352, Validation Accuracy: 90.40 %
-------- Validation finished --------
Updated best model in round 4 saved with Validation Loss: 0.2352 and Validation Accuracy: 90.40 %
-------------------------------
Best model in round 4 saved with Validation Loss: 0.2352 and Validation Accuracy: 90.40 %

-------- Training finished in 8:02 --------

Test flag enabled. Testing the model

-------- Loading best model from model_path --------
Loaded model bert-small from date 21-04-2024 11:13. Trained with Federated Learning technology.
Round 4, lr: 6e-05, optimizer: AdamW
Average train accuracy: 93.19 %, Validation accuracy: 90.40 %
-------- Best model loaded --------

-------- Creating Test Dataloader --------
Test Loader: 650 total sentences. 82 batches of size 8.
-------- Test Dataloader created --------

-------- Testing --------
Predictions - 1s: 258, 0s: 392
True Labels - 1s: 268, 0s: 382
Nº of test samples: 650
Accuracy: 90.46%
Accuracy 2 : 90.46%
Precision: 90.37%
Recall: 89.88%
F1 Score: 90.10%
Classification report:
              precision    recall  f1-score   support

           0     0.9082    0.9319    0.9199       382
           1     0.8992    0.8657    0.8821       268

    accuracy                         0.9046       650
   macro avg     0.9037    0.8988    0.9010       650
weighted avg     0.9045    0.9046    0.9043       650

-------- Testing finished --------
