Current configuration:
{
    "concurrency_flag": true,
    "data_distribution": "iid",
    "dataset": "acl_dep_sad",
    "device": "cuda",
    "dp_delta": 0.003,
    "dp_epsilon": 0,
    "eval_batch_size": 4,
    "eval_flag": true,
    "eval_size": 0.2,
    "fed_alg": "fedprox",
    "layers": 3,
    "learning_rate": 6e-05,
    "max_length": 512,
    "ml_mode": "bcfl",
    "model": "bert_small",
    "model_name": "fedprox_iid_seed5_acl_dep_sad",
    "models_path": "/local/vpaloma/fabric-federated-learning/ablation_study/phase-4/final/data-dist/acl_dep_sad",
    "mu": 0.5,
    "num_clients": 5,
    "num_epochs": 3,
    "num_rounds": 4,
    "optimizer": "AdamW",
    "progress_bar_flag": false,
    "save_model": true,
    "scheduler": "linear",
    "scheduler_warmup_steps": 0,
    "seed": "random",
    "test_flag": true,
    "train_batch_size": 4,
    "train_size": 0.8
}
-------- Configuration loaded --------

-------- Setting device --------
cuda device selected and available.
-------- Device set --------

-------- Setting seed --------
seed set:  515767
-------- Seed set --------

-------- Creating Model --------
-------- Model created --------

-------- Setting Trainable Layers --------
Training the last 3 layers.

Total parameters count: 28764674
Trainable parameters count: 3416066
-------- Trainable Layers set --------

-------- Creating Tokenizer --------
-------- Tokenizer created --------

-------- Creating Train and Eval Dataloaders --------
Train Loader: 2085 total sentences. 522 batches of size 4.
Eval Loader: 521 total sentences. 131 batches of size 4.
-------- Train and Eval Dataloaders created --------

-------- Training --------
Training with Blockchain-Based Federated Learning technology.
Training without differential privacy.
Federated proximal algorithm selected.
Using mu value of 0.5.
Client 0: Label 0: 244, Label 1: 173
Client 1: Label 0: 229, Label 1: 188
Client 2: Label 0: 255, Label 1: 162
Client 3: Label 0: 237, Label 1: 180
Client 4: Label 0: 254, Label 1: 163

Round 1 of 4
-------------------------------
Predictions - 1s: 132, 0s: 285
Predictions - 1s: 141, 0s: 276
True Labels - 1s: 173, 0s: 244
True Labels - 1s: 162, 0s: 255
Client 1 of 5: Local Epoch [1/3] Loss: 0.5963, Accuracy: 75.78 %
Client 3 of 5: Local Epoch [1/3] Loss: 0.5580, Accuracy: 79.62 %
Predictions - 1s: 153, 0s: 264
True Labels - 1s: 188, 0s: 229
Client 2 of 5: Local Epoch [1/3] Loss: 0.6074, Accuracy: 76.26 %
Predictions - 1s: 136, 0s: 281
True Labels - 1s: 180, 0s: 237
Client 4 of 5: Local Epoch [1/3] Loss: 0.6192, Accuracy: 75.54 %
Predictions - 1s: 128, 0s: 289
True Labels - 1s: 163, 0s: 254
Client 5 of 5: Local Epoch [1/3] Loss: 0.5771, Accuracy: 78.66 %
Predictions - 1s: 160, 0s: 257
True Labels - 1s: 173, 0s: 244
Client 1 of 5: Local Epoch [2/3] Loss: 0.4865, Accuracy: 86.33 %
Predictions - 1s: 174, 0s: 243
True Labels - 1s: 188, 0s: 229
Client 2 of 5: Local Epoch [2/3] Loss: 0.5066, Accuracy: 86.09 %
Predictions - 1s: 164, 0s: 253
True Labels - 1s: 180, 0s: 237
Client 4 of 5: Local Epoch [2/3] Loss: 0.5198, Accuracy: 85.61 %
Predictions - 1s: 149, 0s: 268
True Labels - 1s: 162, 0s: 255
Client 3 of 5: Local Epoch [2/3] Loss: 0.4562, Accuracy: 89.69 %
Predictions - 1s: 142, 0s: 275
True Labels - 1s: 163, 0s: 254
Client 5 of 5: Local Epoch [2/3] Loss: 0.4759, Accuracy: 86.33 %
Predictions - 1s: 150, 0s: 267
True Labels - 1s: 163, 0s: 254
Client 5 of 5: Local Epoch [3/3] Loss: 0.4552, Accuracy: 88.25 %
Predictions - 1s: 170, 0s: 247
True Labels - 1s: 180, 0s: 237
Client 4 of 5: Local Epoch [3/3] Loss: 0.4758, Accuracy: 87.53 %
Predictions - 1s: 165, 0s: 252
True Labels - 1s: 173, 0s: 244
Client 1 of 5: Local Epoch [3/3] Loss: 0.4554, Accuracy: 88.01 %
Predictions - 1s: 152, 0s: 265
True Labels - 1s: 162, 0s: 255
Client 3 of 5: Local Epoch [3/3] Loss: 0.4265, Accuracy: 91.37 %
Predictions - 1s: 178, 0s: 239
True Labels - 1s: 188, 0s: 229
Client 2 of 5: Local Epoch [3/3] Loss: 0.4792, Accuracy: 87.53 %
-------------------------------
Round [1/4] Average Local Loss: 0.4584, Average Local Accuracy: 88.54 %
-------------------------------
-------- Validation --------
Predictions - 1s: 203, 0s: 318
True Labels - 1s: 208, 0s: 313
Round [1/4] Global Model Validation Loss: 0.3441, Validation Accuracy: 86.76 %
-------- Validation finished --------
Updated best model in round 1 saved with Validation Loss: 0.3441 and Validation Accuracy: 86.76 %
-------------------------------

Round 2 of 4
-------------------------------
Predictions - 1s: 158, 0s: 259
True Labels - 1s: 162, 0s: 255
Client 3 of 5: Local Epoch [1/3] Loss: 0.3270, Accuracy: 89.93 %
Predictions - 1s: 155, 0s: 262
True Labels - 1s: 163, 0s: 254
Client 5 of 5: Local Epoch [1/3] Loss: 0.3632, Accuracy: 86.57 %
Predictions - 1s: 183, 0s: 234
True Labels - 1s: 188, 0s: 229
Client 2 of 5: Local Epoch [1/3] Loss: 0.3492, Accuracy: 89.69 %
Predictions - 1s: 170, 0s: 247
True Labels - 1s: 173, 0s: 244
Client 1 of 5: Local Epoch [1/3] Loss: 0.3593, Accuracy: 88.25 %
Predictions - 1s: 177, 0s: 240
True Labels - 1s: 180, 0s: 237
Client 4 of 5: Local Epoch [1/3] Loss: 0.3828, Accuracy: 87.77 %
Predictions - 1s: 160, 0s: 257
True Labels - 1s: 163, 0s: 254
Client 5 of 5: Local Epoch [2/3] Loss: 0.3059, Accuracy: 89.21 %
Predictions - 1s: 160, 0s: 257
True Labels - 1s: 162, 0s: 255
Client 3 of 5: Local Epoch [2/3] Loss: 0.2841, Accuracy: 92.81 %
Predictions - 1s: 173, 0s: 244
True Labels - 1s: 180, 0s: 237
Client 4 of 5: Local Epoch [2/3] Loss: 0.3206, Accuracy: 89.69 %
Predictions - 1s: 197, 0s: 220
Predictions - 1s: 180, 0s: 237
True Labels - 1s: 188, 0s: 229
Client 2 of 5: Local Epoch [2/3] Loss: 0.3291, Accuracy: 89.21 %
True Labels - 1s: 173, 0s: 244
Client 1 of 5: Local Epoch [2/3] Loss: 0.3077, Accuracy: 89.69 %
Predictions - 1s: 158, 0s: 259
True Labels - 1s: 163, 0s: 254
Client 5 of 5: Local Epoch [3/3] Loss: 0.2931, Accuracy: 91.61 %
Predictions - 1s: 192, 0s: 225
True Labels - 1s: 188, 0s: 229
Client 2 of 5: Local Epoch [3/3] Loss: 0.2938, Accuracy: 90.89 %
Predictions - 1s: 162, 0s: 255
Predictions - 1s: 173, 0s: 244
True Labels - 1s: 162, 0s: 255
Client 3 of 5: Local Epoch [3/3] Loss: 0.2641, Accuracy: 93.29 %
True Labels - 1s: 173, 0s: 244
Client 1 of 5: Local Epoch [3/3] Loss: 0.2801, Accuracy: 91.37 %
Predictions - 1s: 187, 0s: 230
True Labels - 1s: 180, 0s: 237
Client 4 of 5: Local Epoch [3/3] Loss: 0.3279, Accuracy: 90.65 %
-------------------------------
Round [2/4] Average Local Loss: 0.2918, Average Local Accuracy: 91.56 %
-------------------------------
-------- Validation --------
Predictions - 1s: 211, 0s: 310
True Labels - 1s: 208, 0s: 313
Round [2/4] Global Model Validation Loss: 0.2765, Validation Accuracy: 88.68 %
-------- Validation finished --------
Updated best model in round 2 saved with Validation Loss: 0.2765 and Validation Accuracy: 88.68 %
-------------------------------

Round 3 of 4
-------------------------------
Predictions - 1s: 184, 0s: 233
Predictions - 1s: 180, 0s: 237
Predictions - 1s: 166, 0s: 251
Predictions - 1s: 166, 0s: 251
True Labels - 1s: 180, 0s: 237
Client 4 of 5: Local Epoch [1/3] Loss: 0.3328, Accuracy: 89.93 %
Predictions - 1s: 191, 0s: 226
True Labels - 1s: 163, 0s: 254
Client 5 of 5: Local Epoch [1/3] Loss: 0.3083, Accuracy: 89.69 %
True Labels - 1s: 162, 0s: 255
Client 3 of 5: Local Epoch [1/3] Loss: 0.2661, Accuracy: 91.85 %
True Labels - 1s: 188, 0s: 229
Client 2 of 5: Local Epoch [1/3] Loss: 0.3358, Accuracy: 90.17 %
True Labels - 1s: 173, 0s: 244
Client 1 of 5: Local Epoch [1/3] Loss: 0.2935, Accuracy: 91.13 %
Predictions - 1s: 197, 0s: 220
True Labels - 1s: 188, 0s: 229
Client 2 of 5: Local Epoch [2/3] Loss: 0.2709, Accuracy: 91.13 %
Predictions - 1s: 169, 0s: 248
Predictions - 1s: 160, 0s: 257
True Labels - 1s: 162, 0s: 255
True Labels - 1s: 163, 0s: 254
Client 3 of 5: Local Epoch [2/3] Loss: 0.2376, Accuracy: 92.57 %
Client 5 of 5: Local Epoch [2/3] Loss: 0.2530, Accuracy: 92.09 %
Predictions - 1s: 177, 0s: 240
Predictions - 1s: 176, 0s: 241
True Labels - 1s: 180, 0s: 237
True Labels - 1s: 173, 0s: 244
Client 1 of 5: Local Epoch [2/3] Loss: 0.2572, Accuracy: 91.13 %
Client 4 of 5: Local Epoch [2/3] Loss: 0.3209, Accuracy: 90.65 %
Predictions - 1s: 175, 0s: 242
True Labels - 1s: 173, 0s: 244
Client 1 of 5: Local Epoch [3/3] Loss: 0.2455, Accuracy: 92.33 %
Predictions - 1s: 186, 0s: 231
True Labels - 1s: 180, 0s: 237
Client 4 of 5: Local Epoch [3/3] Loss: 0.2819, Accuracy: 91.37 %
Predictions - 1s: 164, 0s: 253
True Labels - 1s: 162, 0s: 255
Client 3 of 5: Local Epoch [3/3] Loss: 0.1994, Accuracy: 94.72 %
Predictions - 1s: 189, 0s: 228
True Labels - 1s: 188, 0s: 229
Client 2 of 5: Local Epoch [3/3] Loss: 0.2480, Accuracy: 91.61 %
Predictions - 1s: 161, 0s: 256
True Labels - 1s: 163, 0s: 254
Client 5 of 5: Local Epoch [3/3] Loss: 0.2367, Accuracy: 93.29 %
-------------------------------
Round [3/4] Average Local Loss: 0.2423, Average Local Accuracy: 92.66 %
-------------------------------
-------- Validation --------
Predictions - 1s: 202, 0s: 319
True Labels - 1s: 208, 0s: 313
Round [3/4] Global Model Validation Loss: 0.2629, Validation Accuracy: 88.87 %
-------- Validation finished --------
Updated best model in round 3 saved with Validation Loss: 0.2629 and Validation Accuracy: 88.87 %
-------------------------------

Round 4 of 4
-------------------------------
Predictions - 1s: 172, 0s: 245
True Labels - 1s: 162, 0s: 255
Client 3 of 5: Local Epoch [1/3] Loss: 0.2304, Accuracy: 92.33 %
Predictions - 1s: 194, 0s: 223
True Labels - 1s: 188, 0s: 229
Client 2 of 5: Local Epoch [1/3] Loss: 0.2954, Accuracy: 88.97 %
Predictions - 1s: 186, 0s: 231
True Labels - 1s: 180, 0s: 237
Client 4 of 5: Local Epoch [1/3] Loss: 0.2924, Accuracy: 90.89 %
Predictions - 1s: 169, 0s: 248
True Labels - 1s: 163, 0s: 254
Client 5 of 5: Local Epoch [1/3] Loss: 0.2508, Accuracy: 92.33 %
Predictions - 1s: 181, 0s: 236
True Labels - 1s: 173, 0s: 244
Client 1 of 5: Local Epoch [1/3] Loss: 0.2613, Accuracy: 91.85 %
Predictions - 1s: 163, 0s: 254
Predictions - 1s: 164, 0s: 253
True Labels - 1s: 163, 0s: 254
True Labels - 1s: 162, 0s: 255
Client 5 of 5: Local Epoch [2/3] Loss: 0.2227, Accuracy: 93.76 %
Client 3 of 5: Local Epoch [2/3] Loss: 0.1918, Accuracy: 95.20 %
Predictions - 1s: 189, 0s: 228
True Labels - 1s: 188, 0s: 229
Client 2 of 5: Local Epoch [2/3] Loss: 0.2758, Accuracy: 91.13 %
Predictions - 1s: 174, 0s: 243
True Labels - 1s: 173, 0s: 244
Client 1 of 5: Local Epoch [2/3] Loss: 0.2375, Accuracy: 91.61 %
Predictions - 1s: 176, 0s: 241
True Labels - 1s: 180, 0s: 237
Client 4 of 5: Local Epoch [2/3] Loss: 0.2886, Accuracy: 89.45 %
Predictions - 1s: 159, 0s: 258
Predictions - 1s: 181, 0s: 236
True Labels - 1s: 163, 0s: 254
Client 5 of 5: Local Epoch [3/3] Loss: 0.2390, Accuracy: 94.24 %
True Labels - 1s: 180, 0s: 237
Predictions - 1s: 173, 0s: 244
Predictions - 1s: 191, 0s: 226
Predictions - 1s: 165, 0s: 252
True Labels - 1s: 173, 0s: 244
Client 1 of 5: Local Epoch [3/3] Loss: 0.1887, Accuracy: 94.24 %
Client 4 of 5: Local Epoch [3/3] Loss: 0.2626, Accuracy: 91.13 %
True Labels - 1s: 162, 0s: 255
True Labels - 1s: 188, 0s: 229
Client 3 of 5: Local Epoch [3/3] Loss: 0.1777, Accuracy: 94.96 %
Client 2 of 5: Local Epoch [3/3] Loss: 0.2244, Accuracy: 93.05 %
-------------------------------
Round [4/4] Average Local Loss: 0.2185, Average Local Accuracy: 93.53 %
-------------------------------
-------- Validation --------
Predictions - 1s: 205, 0s: 316
True Labels - 1s: 208, 0s: 313
Round [4/4] Global Model Validation Loss: 0.2506, Validation Accuracy: 89.83 %
-------- Validation finished --------
Updated best model in round 4 saved with Validation Loss: 0.2506 and Validation Accuracy: 89.83 %
-------------------------------
Best model in round 4 saved with Validation Loss: 0.2506 and Validation Accuracy: 89.83 %

-------- Training finished in 7:51 --------

Test flag enabled. Testing the model

-------- Loading best model from model_path --------
Loaded model bert-small from date 21-04-2024 12:41. Trained with Federated Learning technology.
Round 4, lr: 6e-05, optimizer: AdamW
Average train accuracy: 93.53 %, Validation accuracy: 89.83 %
-------- Best model loaded --------

-------- Creating Test Dataloader --------
Test Loader: 650 total sentences. 82 batches of size 8.
-------- Test Dataloader created --------

-------- Testing --------
Predictions - 1s: 251, 0s: 399
True Labels - 1s: 268, 0s: 382
Nº of test samples: 650
Accuracy: 89.38%
Accuracy 2 : 89.38%
Precision: 89.43%
Recall: 88.57%
F1 Score: 88.94%
Classification report:
              precision    recall  f1-score   support

           0     0.8922    0.9319    0.9117       382
           1     0.8964    0.8396    0.8671       268

    accuracy                         0.8938       650
   macro avg     0.8943    0.8857    0.8894       650
weighted avg     0.8940    0.8938    0.8933       650

-------- Testing finished --------
