Current configuration:
{
    "concurrency_flag": false,
    "data_distribution": "iid",
    "dataset": "twitter_dep",
    "device": "cuda",
    "dp_delta": 0.003,
    "dp_epsilon": 5,
    "eval_batch_size": 4,
    "eval_flag": true,
    "eval_size": 0.2,
    "fed_alg": "fedavg",
    "layers": 4,
    "learning_rate": 6e-05,
    "max_length": 512,
    "ml_mode": "ml",
    "model": "bert_small",
    "model_name": "ml_bert_small_5_twitter_dep",
    "models_path": "/local/vpaloma/fabric-federated-learning/ablation_study/4-ml_mode-model-data_dist-dp/",
    "mu": 0.5,
    "num_clients": 5,
    "num_epochs": 10,
    "num_rounds": 4,
    "optimizer": "AdamW",
    "progress_bar_flag": false,
    "save_model": true,
    "scheduler": "linear",
    "scheduler_warmup_steps": 0,
    "seed": 0,
    "test_flag": true,
    "train_batch_size": 4,
    "train_size": 0.8
}
-------- Configuration loaded --------

-------- Setting device --------
cuda device selected and available.
-------- Device set --------

-------- Setting seed --------
-------- Seed set --------

-------- Creating Model --------
-------- Model created --------

-------- Setting Trainable Layers --------
Training the last 4 layers.

Total parameters count: 28764674
Trainable parameters count: 6568450
-------- Trainable Layers set --------

-------- Creating Tokenizer --------
-------- Tokenizer created --------

-------- Creating Train and Eval Dataloaders --------
Train Loader: 1982 total sentences. 496 batches of size 4.
Eval Loader: 496 total sentences. 124 batches of size 4.
-------- Train and Eval Dataloaders created --------

-------- Creating Optimizer --------
-------- Optimizer created --------

-------- Creating Scheduler --------
-------- Scheduler created --------

-------- Training --------
Training with Centralised Machine Learning technology.
Training with differential privacy.
Epoch [1/10], Step [100/496], Loss: 0.6673, Accuracy: 62.00 %
Epoch [1/10], Step [200/496], Loss: 0.6514, Accuracy: 66.62 %
Epoch [1/10], Step [300/496], Loss: 0.6496, Accuracy: 67.83 %
Epoch [1/10], Step [400/496], Loss: 0.6367, Accuracy: 69.50 %
-------------------------------
Epoch [1/10] Loss: 0.6392, Accuracy: 70.03 %
-------------------------------
-------- Validation --------
Validation Loss: 0.6005, Validation Accuracy: 75.40 %
-------- Validation finished --------
Updated best model in epoch 1 saved with Validation Accuracy: 75.40 %
-------------------------------
Epoch [2/10], Step [100/496], Loss: 0.6086, Accuracy: 75.00 %
Epoch [2/10], Step [200/496], Loss: 0.6631, Accuracy: 73.50 %
Epoch [2/10], Step [300/496], Loss: 0.6810, Accuracy: 73.67 %
Epoch [2/10], Step [400/496], Loss: 0.7465, Accuracy: 72.12 %
-------------------------------
Epoch [2/10] Loss: 0.7662, Accuracy: 72.15 %
-------------------------------
-------- Validation --------
Validation Loss: 0.7942, Validation Accuracy: 75.40 %
-------- Validation finished --------
Updated best model in epoch 2 saved with Validation Accuracy: 75.40 %
-------------------------------
Epoch [3/10], Step [100/496], Loss: 0.9216, Accuracy: 72.25 %
Epoch [3/10], Step [200/496], Loss: 0.9797, Accuracy: 70.88 %
Epoch [3/10], Step [300/496], Loss: 0.9446, Accuracy: 72.83 %
Epoch [3/10], Step [400/496], Loss: 1.0065, Accuracy: 71.94 %
-------------------------------
Epoch [3/10] Loss: 1.0210, Accuracy: 72.15 %
-------------------------------
-------- Validation --------
Validation Loss: 1.0491, Validation Accuracy: 75.40 %
-------- Validation finished --------
Updated best model in epoch 3 saved with Validation Accuracy: 75.40 %
-------------------------------
Epoch [4/10], Step [100/496], Loss: 1.1639, Accuracy: 73.00 %
Epoch [4/10], Step [200/496], Loss: 1.1994, Accuracy: 72.88 %
Epoch [4/10], Step [300/496], Loss: 1.2254, Accuracy: 72.92 %
Epoch [4/10], Step [400/496], Loss: 1.2956, Accuracy: 72.00 %
-------------------------------
Epoch [4/10] Loss: 1.3154, Accuracy: 72.15 %
-------------------------------
-------- Validation --------
Validation Loss: 1.2970, Validation Accuracy: 75.40 %
-------- Validation finished --------
Updated best model in epoch 4 saved with Validation Accuracy: 75.40 %
-------------------------------
Epoch [5/10], Step [100/496], Loss: 1.5088, Accuracy: 71.50 %
Epoch [5/10], Step [200/496], Loss: 1.5652, Accuracy: 70.75 %
Epoch [5/10], Step [300/496], Loss: 1.6175, Accuracy: 70.17 %
Epoch [5/10], Step [400/496], Loss: 1.5732, Accuracy: 71.31 %
-------------------------------
Epoch [5/10] Loss: 1.5477, Accuracy: 72.15 %
-------------------------------
-------- Validation --------
Validation Loss: 1.4884, Validation Accuracy: 75.40 %
-------- Validation finished --------
Updated best model in epoch 5 saved with Validation Accuracy: 75.40 %
-------------------------------
Epoch [6/10], Step [100/496], Loss: 1.5668, Accuracy: 73.75 %
Epoch [6/10], Step [200/496], Loss: 1.5244, Accuracy: 74.62 %
Epoch [6/10], Step [300/496], Loss: 1.6957, Accuracy: 72.17 %
Epoch [6/10], Step [400/496], Loss: 1.7006, Accuracy: 72.19 %
-------------------------------
Epoch [6/10] Loss: 1.7154, Accuracy: 72.15 %
-------------------------------
-------- Validation --------
Validation Loss: 1.5822, Validation Accuracy: 75.40 %
-------- Validation finished --------
Updated best model in epoch 6 saved with Validation Accuracy: 75.40 %
-------------------------------
Epoch [7/10], Step [100/496], Loss: 1.6615, Accuracy: 73.75 %
Epoch [7/10], Step [200/496], Loss: 1.6745, Accuracy: 73.62 %
Epoch [7/10], Step [300/496], Loss: 1.7541, Accuracy: 72.58 %
Epoch [7/10], Step [400/496], Loss: 1.7265, Accuracy: 73.06 %
-------------------------------
Epoch [7/10] Loss: 1.7902, Accuracy: 72.15 %
-------------------------------
-------- Validation --------
Validation Loss: 1.6224, Validation Accuracy: 75.40 %
-------- Validation finished --------
Updated best model in epoch 7 saved with Validation Accuracy: 75.40 %
-------------------------------
Epoch [8/10], Step [100/496], Loss: 1.7790, Accuracy: 72.50 %
Epoch [8/10], Step [200/496], Loss: 1.7902, Accuracy: 72.50 %
Epoch [8/10], Step [300/496], Loss: 1.7485, Accuracy: 73.17 %
Epoch [8/10], Step [400/496], Loss: 1.7680, Accuracy: 72.94 %
-------------------------------
Epoch [8/10] Loss: 1.8247, Accuracy: 72.15 %
-------------------------------
-------- Validation --------
Validation Loss: 1.6470, Validation Accuracy: 75.40 %
-------- Validation finished --------
Updated best model in epoch 8 saved with Validation Accuracy: 75.40 %
-------------------------------
Epoch [9/10], Step [100/496], Loss: 1.7358, Accuracy: 73.50 %
Epoch [9/10], Step [200/496], Loss: 1.7642, Accuracy: 73.12 %
Epoch [9/10], Step [300/496], Loss: 1.8149, Accuracy: 72.33 %
Epoch [9/10], Step [400/496], Loss: 1.8159, Accuracy: 72.38 %
-------------------------------
Epoch [9/10] Loss: 1.8347, Accuracy: 72.15 %
-------------------------------
-------- Validation --------
Validation Loss: 1.6564, Validation Accuracy: 75.40 %
-------- Validation finished --------
Updated best model in epoch 9 saved with Validation Accuracy: 75.40 %
-------------------------------
Epoch [10/10], Step [100/496], Loss: 1.8392, Accuracy: 72.25 %
Epoch [10/10], Step [200/496], Loss: 1.8923, Accuracy: 71.38 %
Epoch [10/10], Step [300/496], Loss: 1.8908, Accuracy: 71.42 %
Epoch [10/10], Step [400/496], Loss: 1.9281, Accuracy: 70.88 %
-------------------------------
Epoch [10/10] Loss: 1.8448, Accuracy: 72.15 %
-------------------------------
-------- Validation --------
Validation Loss: 1.6589, Validation Accuracy: 75.40 %
-------- Validation finished --------
Updated best model in epoch 10 saved with Validation Accuracy: 75.40 %
-------------------------------
Best model in epoch 10 saved with Validation Accuracy: 75.40 %

-------- Training finished in 4:43 --------

Test flag enabled. Testing the model

-------- Loading best model from model_path --------
Loaded model bert-small from date 05-02-2024 15:21. Trained with Centralised Machine Learning technology.
Epoch 10, lr: 6e-05, optimizer: DPOptimizer
Train accuracy: 72.15 %, Validation accuracy: 75.40 %
-------- Best model loaded --------

-------- Creating Test Dataloader --------
Test Loader: 618 total sentences. 78 batches of size 8.
-------- Test Dataloader created --------

-------- Testing --------
Nº of test samples: 618
Accuracy: 72.82%
Precision: 36.41%
Recall: 50.00%
F1 Score: 42.13%
-------- Testing finished --------
