Current configuration:
{
    "concurrency_flag": true,
    "data_distribution": "iid",
    "dataset": "mixed_depression",
    "device": "cuda",
    "dp_delta": 0.003,
    "dp_epsilon": 0.0,
    "eval_batch_size": 4,
    "eval_flag": true,
    "eval_size": 0.2,
    "fed_alg": "fedavg",
    "layers": 3,
    "learning_rate": 6e-05,
    "max_length": 512,
    "ml_mode": "bcfl",
    "model": "bert_medium",
    "model_name": "bcfl_medium_seed2_mixed_depression",
    "models_path": "/local/vpaloma/fabric-federated-learning/ablation_study/phase-2/4-execution_time/mixed_depression/",
    "mu": 0.5,
    "num_clients": 5,
    "num_epochs": 3,
    "num_rounds": 4,
    "optimizer": "AdamW",
    "progress_bar_flag": false,
    "save_model": true,
    "scheduler": "linear",
    "scheduler_warmup_steps": 0,
    "seed": 221,
    "test_flag": true,
    "train_batch_size": 4,
    "train_size": 0.8
}
-------- Configuration loaded --------

-------- Setting device --------
cuda device selected and available.
-------- Device set --------

-------- Setting seed --------
-------- Seed set --------

-------- Creating Model --------
-------- Model created --------

-------- Setting Trainable Layers --------
Training the last 3 layers.

Total parameters count: 41374210
Trainable parameters count: 3416066
-------- Trainable Layers set --------

-------- Creating Tokenizer --------
-------- Tokenizer created --------

-------- Creating Train and Eval Dataloaders --------
Train Loader: 1806 total sentences. 452 batches of size 4.
Eval Loader: 452 total sentences. 113 batches of size 4.
-------- Train and Eval Dataloaders created --------

-------- Training --------
Training with Blockchain-Based Federated Learning technology.
Training without differential privacy.
Federated averaging algorithm selected.
Client 0: Label 0: 159, Label 1: 202
Client 1: Label 0: 170, Label 1: 191
Client 2: Label 0: 181, Label 1: 180
Client 3: Label 0: 183, Label 1: 178
Client 4: Label 0: 172, Label 1: 190

Round 1 of 4
-------------------------------
Predictions - 1s: 171, 0s: 190
True Labels - 1s: 180, 0s: 181
Client 3 of 5: Local Epoch [1/3] Loss: 0.6094, Accuracy: 64.27 %
Predictions - 1s: 187, 0s: 175
True Labels - 1s: 190, 0s: 172
Client 5 of 5: Local Epoch [1/3] Loss: 0.5610, Accuracy: 72.65 %
Predictions - 1s: 211, 0s: 150
True Labels - 1s: 202, 0s: 159
Client 1 of 5: Local Epoch [1/3] Loss: 0.5864, Accuracy: 70.91 %
Predictions - 1s: 195, 0s: 166
True Labels - 1s: 178, 0s: 183
Client 4 of 5: Local Epoch [1/3] Loss: 0.5908, Accuracy: 67.04 %
Predictions - 1s: 210, 0s: 151
True Labels - 1s: 191, 0s: 170
Client 2 of 5: Local Epoch [1/3] Loss: 0.6123, Accuracy: 69.81 %
Predictions - 1s: 192, 0s: 169
True Labels - 1s: 180, 0s: 181
Client 3 of 5: Local Epoch [2/3] Loss: 0.3970, Accuracy: 83.38 %
Predictions - 1s: 214, 0s: 147
True Labels - 1s: 202, 0s: 159
Client 1 of 5: Local Epoch [2/3] Loss: 0.4175, Accuracy: 80.61 %
Predictions - 1s: 202, 0s: 160
True Labels - 1s: 190, 0s: 172
Client 5 of 5: Local Epoch [2/3] Loss: 0.3883, Accuracy: 84.53 %
Predictions - 1s: 176, 0s: 185
True Labels - 1s: 178, 0s: 183
Client 4 of 5: Local Epoch [2/3] Loss: 0.4521, Accuracy: 78.95 %
Predictions - 1s: 198, 0s: 163
True Labels - 1s: 191, 0s: 170
Client 2 of 5: Local Epoch [2/3] Loss: 0.4110, Accuracy: 85.32 %
Predictions - 1s: 182, 0s: 179
True Labels - 1s: 180, 0s: 181
Client 3 of 5: Local Epoch [3/3] Loss: 0.3092, Accuracy: 88.37 %
Predictions - 1s: 208, 0s: 153
True Labels - 1s: 202, 0s: 159
Client 1 of 5: Local Epoch [3/3] Loss: 0.3498, Accuracy: 85.60 %
Predictions - 1s: 191, 0s: 171
True Labels - 1s: 190, 0s: 172
Client 5 of 5: Local Epoch [3/3] Loss: 0.3081, Accuracy: 88.12 %
Predictions - 1s: 164, 0s: 197
True Labels - 1s: 178, 0s: 183
Client 4 of 5: Local Epoch [3/3] Loss: 0.3709, Accuracy: 84.49 %
Predictions - 1s: 194, 0s: 167
True Labels - 1s: 191, 0s: 170
Client 2 of 5: Local Epoch [3/3] Loss: 0.3659, Accuracy: 87.53 %
-------------------------------
Round [1/4] Average Local Loss: 0.3408, Average Local Accuracy: 86.82 %
-------------------------------
-------- Validation --------
Predictions - 1s: 218, 0s: 234
True Labels - 1s: 244, 0s: 208
Round [1/4] Global Model Validation Loss: 0.3985, Validation Accuracy: 83.63 %
-------- Validation finished --------
Updated best model in round 1 saved with Validation Loss: 0.3985 and Validation Accuracy: 83.63 %
-------------------------------

Round 2 of 4
-------------------------------
Predictions - 1s: 193, 0s: 168
True Labels - 1s: 180, 0s: 181
Client 3 of 5: Local Epoch [1/3] Loss: 0.3801, Accuracy: 83.10 %
Predictions - 1s: 192, 0s: 170
True Labels - 1s: 190, 0s: 172
Client 5 of 5: Local Epoch [1/3] Loss: 0.3489, Accuracy: 86.19 %
Predictions - 1s: 168, 0s: 193
True Labels - 1s: 178, 0s: 183
Client 4 of 5: Local Epoch [1/3] Loss: 0.4017, Accuracy: 81.72 %
Predictions - 1s: 198, 0s: 163
True Labels - 1s: 191, 0s: 170
Client 2 of 5: Local Epoch [1/3] Loss: 0.3934, Accuracy: 84.76 %
Predictions - 1s: 205, 0s: 156
True Labels - 1s: 202, 0s: 159
Client 1 of 5: Local Epoch [1/3] Loss: 0.4346, Accuracy: 81.44 %
Predictions - 1s: 190, 0s: 171
True Labels - 1s: 180, 0s: 181
Client 3 of 5: Local Epoch [2/3] Loss: 0.2774, Accuracy: 89.47 %
Predictions - 1s: 175, 0s: 186
True Labels - 1s: 178, 0s: 183
Client 4 of 5: Local Epoch [2/3] Loss: 0.3229, Accuracy: 86.98 %
Predictions - 1s: 193, 0s: 169
True Labels - 1s: 190, 0s: 172
Client 5 of 5: Local Epoch [2/3] Loss: 0.2611, Accuracy: 91.44 %
Predictions - 1s: 193, 0s: 168
True Labels - 1s: 191, 0s: 170
Client 2 of 5: Local Epoch [2/3] Loss: 0.2953, Accuracy: 90.03 %
Predictions - 1s: 205, 0s: 156
True Labels - 1s: 202, 0s: 159
Client 1 of 5: Local Epoch [2/3] Loss: 0.3415, Accuracy: 86.43 %
Predictions - 1s: 192, 0s: 169
True Labels - 1s: 180, 0s: 181
Client 3 of 5: Local Epoch [3/3] Loss: 0.2182, Accuracy: 91.69 %
Predictions - 1s: 178, 0s: 183
True Labels - 1s: 178, 0s: 183
Client 4 of 5: Local Epoch [3/3] Loss: 0.2748, Accuracy: 88.92 %
Predictions - 1s: 204, 0s: 158
True Labels - 1s: 190, 0s: 172
Client 5 of 5: Local Epoch [3/3] Loss: 0.2283, Accuracy: 93.37 %
Predictions - 1s: 191, 0s: 170
True Labels - 1s: 191, 0s: 170
Client 2 of 5: Local Epoch [3/3] Loss: 0.2820, Accuracy: 90.03 %
Predictions - 1s: 209, 0s: 152
True Labels - 1s: 202, 0s: 159
Client 1 of 5: Local Epoch [3/3] Loss: 0.2890, Accuracy: 89.20 %
-------------------------------
Round [2/4] Average Local Loss: 0.2585, Average Local Accuracy: 90.64 %
-------------------------------
-------- Validation --------
Predictions - 1s: 234, 0s: 218
True Labels - 1s: 244, 0s: 208
Round [2/4] Global Model Validation Loss: 0.3389, Validation Accuracy: 85.84 %
-------- Validation finished --------
Updated best model in round 2 saved with Validation Loss: 0.3389 and Validation Accuracy: 85.84 %
-------------------------------

Round 3 of 4
-------------------------------
Predictions - 1s: 187, 0s: 175
True Labels - 1s: 190, 0s: 172
Client 5 of 5: Local Epoch [1/3] Loss: 0.2972, Accuracy: 87.57 %
Predictions - 1s: 187, 0s: 174
True Labels - 1s: 178, 0s: 183
Client 4 of 5: Local Epoch [1/3] Loss: 0.3484, Accuracy: 84.21 %
Predictions - 1s: 189, 0s: 172
True Labels - 1s: 180, 0s: 181
Client 3 of 5: Local Epoch [1/3] Loss: 0.3253, Accuracy: 88.09 %
Predictions - 1s: 198, 0s: 163
True Labels - 1s: 191, 0s: 170
Client 2 of 5: Local Epoch [1/3] Loss: 0.3564, Accuracy: 85.32 %
Predictions - 1s: 203, 0s: 158
True Labels - 1s: 202, 0s: 159
Client 1 of 5: Local Epoch [1/3] Loss: 0.3519, Accuracy: 84.76 %
Predictions - 1s: 197, 0s: 165
True Labels - 1s: 190, 0s: 172
Client 5 of 5: Local Epoch [2/3] Loss: 0.2368, Accuracy: 90.33 %
Predictions - 1s: 180, 0s: 181
True Labels - 1s: 178, 0s: 183
Client 4 of 5: Local Epoch [2/3] Loss: 0.2745, Accuracy: 89.47 %
Predictions - 1s: 181, 0s: 180
True Labels - 1s: 180, 0s: 181
Client 3 of 5: Local Epoch [2/3] Loss: 0.2262, Accuracy: 92.52 %
Predictions - 1s: 213, 0s: 148
True Labels - 1s: 202, 0s: 159
Client 1 of 5: Local Epoch [2/3] Loss: 0.2832, Accuracy: 89.20 %
Predictions - 1s: 194, 0s: 167
True Labels - 1s: 191, 0s: 170
Client 2 of 5: Local Epoch [2/3] Loss: 0.2504, Accuracy: 90.30 %
Predictions - 1s: 197, 0s: 165
True Labels - 1s: 190, 0s: 172
Client 5 of 5: Local Epoch [3/3] Loss: 0.1886, Accuracy: 94.20 %
Predictions - 1s: 179, 0s: 182
True Labels - 1s: 178, 0s: 183
Client 4 of 5: Local Epoch [3/3] Loss: 0.2080, Accuracy: 90.86 %
Predictions - 1s: 190, 0s: 171
True Labels - 1s: 180, 0s: 181
Client 3 of 5: Local Epoch [3/3] Loss: 0.2023, Accuracy: 91.69 %
Predictions - 1s: 216, 0s: 145
True Labels - 1s: 202, 0s: 159
Client 1 of 5: Local Epoch [3/3] Loss: 0.2333, Accuracy: 91.14 %
Predictions - 1s: 205, 0s: 156
True Labels - 1s: 191, 0s: 170
Client 2 of 5: Local Epoch [3/3] Loss: 0.2269, Accuracy: 90.03 %
-------------------------------
Round [3/4] Average Local Loss: 0.2118, Average Local Accuracy: 91.58 %
-------------------------------
-------- Validation --------
Predictions - 1s: 235, 0s: 217
True Labels - 1s: 244, 0s: 208
Round [3/4] Global Model Validation Loss: 0.3261, Validation Accuracy: 86.95 %
-------- Validation finished --------
Updated best model in round 3 saved with Validation Loss: 0.3261 and Validation Accuracy: 86.95 %
-------------------------------

Round 4 of 4
-------------------------------
Predictions - 1s: 194, 0s: 167
True Labels - 1s: 191, 0s: 170
Client 2 of 5: Local Epoch [1/3] Loss: 0.3187, Accuracy: 86.98 %
Predictions - 1s: 187, 0s: 174
True Labels - 1s: 178, 0s: 183
Client 4 of 5: Local Epoch [1/3] Loss: 0.3593, Accuracy: 85.87 %
Predictions - 1s: 189, 0s: 172
True Labels - 1s: 180, 0s: 181
Client 3 of 5: Local Epoch [1/3] Loss: 0.2978, Accuracy: 87.53 %
Predictions - 1s: 190, 0s: 172
True Labels - 1s: 190, 0s: 172
Client 5 of 5: Local Epoch [1/3] Loss: 0.2510, Accuracy: 90.06 %
Predictions - 1s: 206, 0s: 155
True Labels - 1s: 202, 0s: 159
Client 1 of 5: Local Epoch [1/3] Loss: 0.3128, Accuracy: 86.15 %
Predictions - 1s: 199, 0s: 162
True Labels - 1s: 191, 0s: 170
Client 2 of 5: Local Epoch [2/3] Loss: 0.2118, Accuracy: 91.69 %
Predictions - 1s: 183, 0s: 178
True Labels - 1s: 178, 0s: 183
Client 4 of 5: Local Epoch [2/3] Loss: 0.2192, Accuracy: 91.97 %
Predictions - 1s: 198, 0s: 164
True Labels - 1s: 190, 0s: 172
Client 5 of 5: Local Epoch [2/3] Loss: 0.1914, Accuracy: 92.27 %
Predictions - 1s: 185, 0s: 176
True Labels - 1s: 180, 0s: 181
Client 3 of 5: Local Epoch [2/3] Loss: 0.2014, Accuracy: 91.97 %
Predictions - 1s: 207, 0s: 154
True Labels - 1s: 202, 0s: 159
Client 1 of 5: Local Epoch [2/3] Loss: 0.2448, Accuracy: 90.86 %
Predictions - 1s: 197, 0s: 164
True Labels - 1s: 191, 0s: 170
Client 2 of 5: Local Epoch [3/3] Loss: 0.2053, Accuracy: 92.24 %
Predictions - 1s: 182, 0s: 179
True Labels - 1s: 178, 0s: 183
Client 4 of 5: Local Epoch [3/3] Loss: 0.1966, Accuracy: 92.80 %
Predictions - 1s: 194, 0s: 168
True Labels - 1s: 190, 0s: 172
Client 5 of 5: Local Epoch [3/3] Loss: 0.1566, Accuracy: 94.48 %
Predictions - 1s: 179, 0s: 182
True Labels - 1s: 180, 0s: 181
Client 3 of 5: Local Epoch [3/3] Loss: 0.1802, Accuracy: 93.63 %
Predictions - 1s: 214, 0s: 147
True Labels - 1s: 202, 0s: 159
Client 1 of 5: Local Epoch [3/3] Loss: 0.1919, Accuracy: 92.24 %
-------------------------------
Round [4/4] Average Local Loss: 0.1861, Average Local Accuracy: 93.08 %
-------------------------------
-------- Validation --------
Predictions - 1s: 239, 0s: 213
True Labels - 1s: 244, 0s: 208
Round [4/4] Global Model Validation Loss: 0.3175, Validation Accuracy: 86.95 %
-------- Validation finished --------
Updated best model in round 4 saved with Validation Loss: 0.3175 and Validation Accuracy: 86.95 %
-------------------------------
Best model in round 4 saved with Validation Loss: 0.3175 and Validation Accuracy: 86.95 %

-------- Training finished in 5:36 --------

Test flag enabled. Testing the model

-------- Loading best model from model_path --------
Loaded model bert-medium from date 21-03-2024 09:33. Trained with Federated Learning technology.
Round 4, lr: 6e-05, optimizer: AdamW
Average train accuracy: 93.08 %, Validation accuracy: 86.95 %
-------- Best model loaded --------

-------- Creating Test Dataloader --------
Test Loader: 564 total sentences. 71 batches of size 8.
-------- Test Dataloader created --------

-------- Testing --------
Predictions - 1s: 284, 0s: 280
True Labels - 1s: 296, 0s: 268
Nº of test samples: 564
Accuracy: 87.94%
Accuracy 2 : 87.94%
Precision: 87.93%
Recall: 88.02%
F1 Score: 87.93%
Classification report:
              precision    recall  f1-score   support

           0     0.8571    0.8955    0.8759       268
           1     0.9014    0.8649    0.8828       296

    accuracy                         0.8794       564
   macro avg     0.8793    0.8802    0.8793       564
weighted avg     0.8804    0.8794    0.8795       564

-------- Testing finished --------
