Current configuration:
{
    "concurrency_flag": true,
    "data_distribution": "iid",
    "dataset": "mixed_depression",
    "device": "cuda",
    "dp_delta": 0.003,
    "dp_epsilon": 0.0,
    "eval_batch_size": 4,
    "eval_flag": true,
    "eval_size": 0.2,
    "fed_alg": "fedavg",
    "layers": 3,
    "learning_rate": 6e-05,
    "max_length": 512,
    "ml_mode": "bcfl",
    "model": "bert_mini",
    "model_name": "bcfl_mini_seed2_mixed_depression",
    "models_path": "/local/vpaloma/fabric-federated-learning/ablation_study/phase-2/4-execution_time/mixed_depression/",
    "mu": 0.5,
    "num_clients": 5,
    "num_epochs": 3,
    "num_rounds": 4,
    "optimizer": "AdamW",
    "progress_bar_flag": false,
    "save_model": true,
    "scheduler": "linear",
    "scheduler_warmup_steps": 0,
    "seed": 221,
    "test_flag": true,
    "train_batch_size": 4,
    "train_size": 0.8
}
-------- Configuration loaded --------

-------- Setting device --------
cuda device selected and available.
-------- Device set --------

-------- Setting seed --------
-------- Seed set --------

-------- Creating Model --------
-------- Model created --------

-------- Setting Trainable Layers --------
Training the last 3 layers.

Total parameters count: 11171074
Trainable parameters count: 856066
-------- Trainable Layers set --------

-------- Creating Tokenizer --------
-------- Tokenizer created --------

-------- Creating Train and Eval Dataloaders --------
Train Loader: 1806 total sentences. 452 batches of size 4.
Eval Loader: 452 total sentences. 113 batches of size 4.
-------- Train and Eval Dataloaders created --------

-------- Training --------
Training with Blockchain-Based Federated Learning technology.
Training without differential privacy.
Federated averaging algorithm selected.
Client 0: Label 0: 159, Label 1: 202
Client 1: Label 0: 170, Label 1: 191
Client 2: Label 0: 181, Label 1: 180
Client 3: Label 0: 183, Label 1: 178
Client 4: Label 0: 172, Label 1: 190

Round 1 of 4
-------------------------------
Predictions - 1s: 235, 0s: 126
True Labels - 1s: 180, 0s: 181
Client 3 of 5: Local Epoch [1/3] Loss: 0.6449, Accuracy: 63.71 %
Predictions - 1s: 235, 0s: 126
True Labels - 1s: 202, 0s: 159
Client 1 of 5: Local Epoch [1/3] Loss: 0.6527, Accuracy: 61.50 %
Predictions - 1s: 247, 0s: 114
True Labels - 1s: 191, 0s: 170
Client 2 of 5: Local Epoch [1/3] Loss: 0.6583, Accuracy: 63.99 %
Predictions - 1s: 275, 0s: 87
True Labels - 1s: 190, 0s: 172
Client 5 of 5: Local Epoch [1/3] Loss: 0.6521, Accuracy: 62.71 %
Predictions - 1s: 182, 0s: 179
True Labels - 1s: 178, 0s: 183
Client 4 of 5: Local Epoch [1/3] Loss: 0.6543, Accuracy: 66.76 %
Predictions - 1s: 158, 0s: 203
True Labels - 1s: 180, 0s: 181
Client 3 of 5: Local Epoch [2/3] Loss: 0.5438, Accuracy: 77.84 %
Predictions - 1s: 235, 0s: 126
True Labels - 1s: 202, 0s: 159
Client 1 of 5: Local Epoch [2/3] Loss: 0.5684, Accuracy: 74.24 %
Predictions - 1s: 194, 0s: 168
True Labels - 1s: 190, 0s: 172
Client 5 of 5: Local Epoch [2/3] Loss: 0.5399, Accuracy: 80.11 %
Predictions - 1s: 194, 0s: 167
True Labels - 1s: 191, 0s: 170
Client 2 of 5: Local Epoch [2/3] Loss: 0.5654, Accuracy: 74.24 %
Predictions - 1s: 169, 0s: 192
True Labels - 1s: 178, 0s: 183
Client 4 of 5: Local Epoch [2/3] Loss: 0.5504, Accuracy: 77.56 %
Predictions - 1s: 195, 0s: 166
True Labels - 1s: 180, 0s: 181
Client 3 of 5: Local Epoch [3/3] Loss: 0.4880, Accuracy: 80.89 %
Predictions - 1s: 218, 0s: 143
True Labels - 1s: 202, 0s: 159
Client 1 of 5: Local Epoch [3/3] Loss: 0.5104, Accuracy: 78.95 %
Predictions - 1s: 203, 0s: 159
True Labels - 1s: 190, 0s: 172
Client 5 of 5: Local Epoch [3/3] Loss: 0.4660, Accuracy: 82.60 %
Predictions - 1s: 168, 0s: 193
True Labels - 1s: 178, 0s: 183
Client 4 of 5: Local Epoch [3/3] Loss: 0.4925, Accuracy: 79.50 %
Predictions - 1s: 197, 0s: 164
True Labels - 1s: 191, 0s: 170
Client 2 of 5: Local Epoch [3/3] Loss: 0.5080, Accuracy: 78.39 %
-------------------------------
Round [1/4] Average Local Loss: 0.4930, Average Local Accuracy: 80.07 %
-------------------------------
-------- Validation --------
Predictions - 1s: 210, 0s: 242
True Labels - 1s: 244, 0s: 208
Round [1/4] Global Model Validation Loss: 0.4986, Validation Accuracy: 78.76 %
-------- Validation finished --------
Updated best model in round 1 saved with Validation Loss: 0.4986 and Validation Accuracy: 78.76 %
-------------------------------

Round 2 of 4
-------------------------------
Predictions - 1s: 203, 0s: 158
True Labels - 1s: 191, 0s: 170
Client 2 of 5: Local Epoch [1/3] Loss: 0.4958, Accuracy: 78.39 %
Predictions - 1s: 192, 0s: 170
True Labels - 1s: 190, 0s: 172
Client 5 of 5: Local Epoch [1/3] Loss: 0.4597, Accuracy: 80.66 %
Predictions - 1s: 183, 0s: 178
True Labels - 1s: 180, 0s: 181
Client 3 of 5: Local Epoch [1/3] Loss: 0.4743, Accuracy: 78.67 %
Predictions - 1s: 172, 0s: 189
True Labels - 1s: 178, 0s: 183
Client 4 of 5: Local Epoch [1/3] Loss: 0.4858, Accuracy: 78.39 %
Predictions - 1s: 202, 0s: 159
True Labels - 1s: 202, 0s: 159
Client 1 of 5: Local Epoch [1/3] Loss: 0.4975, Accuracy: 76.18 %
Predictions - 1s: 202, 0s: 159
True Labels - 1s: 191, 0s: 170
Client 2 of 5: Local Epoch [2/3] Loss: 0.4466, Accuracy: 83.10 %
Predictions - 1s: 197, 0s: 165
True Labels - 1s: 190, 0s: 172
Client 5 of 5: Local Epoch [2/3] Loss: 0.3906, Accuracy: 83.15 %
Predictions - 1s: 175, 0s: 186
True Labels - 1s: 178, 0s: 183
Client 4 of 5: Local Epoch [2/3] Loss: 0.4253, Accuracy: 80.89 %
Predictions - 1s: 216, 0s: 145
True Labels - 1s: 202, 0s: 159
Client 1 of 5: Local Epoch [2/3] Loss: 0.4555, Accuracy: 80.06 %
Predictions - 1s: 182, 0s: 179
True Labels - 1s: 180, 0s: 181
Client 3 of 5: Local Epoch [2/3] Loss: 0.3952, Accuracy: 83.93 %
Predictions - 1s: 195, 0s: 166
True Labels - 1s: 191, 0s: 170
Client 2 of 5: Local Epoch [3/3] Loss: 0.4113, Accuracy: 85.04 %
Predictions - 1s: 184, 0s: 178
True Labels - 1s: 190, 0s: 172
Client 5 of 5: Local Epoch [3/3] Loss: 0.3486, Accuracy: 83.98 %
Predictions - 1s: 210, 0s: 151
True Labels - 1s: 202, 0s: 159
Client 1 of 5: Local Epoch [3/3] Loss: 0.4181, Accuracy: 82.83 %
Predictions - 1s: 178, 0s: 183
True Labels - 1s: 180, 0s: 181
Client 3 of 5: Local Epoch [3/3] Loss: 0.3507, Accuracy: 85.60 %
Predictions - 1s: 184, 0s: 177
True Labels - 1s: 178, 0s: 183
Client 4 of 5: Local Epoch [3/3] Loss: 0.4080, Accuracy: 85.04 %
-------------------------------
Round [2/4] Average Local Loss: 0.3873, Average Local Accuracy: 84.50 %
-------------------------------
-------- Validation --------
Predictions - 1s: 214, 0s: 238
True Labels - 1s: 244, 0s: 208
Round [2/4] Global Model Validation Loss: 0.4170, Validation Accuracy: 82.74 %
-------- Validation finished --------
Updated best model in round 2 saved with Validation Loss: 0.4170 and Validation Accuracy: 82.74 %
-------------------------------

Round 3 of 4
-------------------------------
Predictions - 1s: 188, 0s: 173
True Labels - 1s: 178, 0s: 183
Client 4 of 5: Local Epoch [1/3] Loss: 0.4461, Accuracy: 81.16 %
Predictions - 1s: 197, 0s: 165
True Labels - 1s: 190, 0s: 172
Client 5 of 5: Local Epoch [1/3] Loss: 0.3730, Accuracy: 83.15 %
Predictions - 1s: 191, 0s: 170
True Labels - 1s: 191, 0s: 170
Client 2 of 5: Local Epoch [1/3] Loss: 0.4324, Accuracy: 82.27 %
Predictions - 1s: 181, 0s: 180
True Labels - 1s: 180, 0s: 181
Client 3 of 5: Local Epoch [1/3] Loss: 0.3812, Accuracy: 83.66 %
Predictions - 1s: 208, 0s: 153
True Labels - 1s: 202, 0s: 159
Client 1 of 5: Local Epoch [1/3] Loss: 0.4482, Accuracy: 77.29 %
Predictions - 1s: 200, 0s: 161
True Labels - 1s: 191, 0s: 170
Client 2 of 5: Local Epoch [2/3] Loss: 0.3987, Accuracy: 83.10 %
Predictions - 1s: 195, 0s: 167
True Labels - 1s: 190, 0s: 172
Client 5 of 5: Local Epoch [2/3] Loss: 0.3039, Accuracy: 88.67 %
Predictions - 1s: 189, 0s: 172
True Labels - 1s: 180, 0s: 181
Client 3 of 5: Local Epoch [2/3] Loss: 0.3376, Accuracy: 86.98 %
Predictions - 1s: 192, 0s: 169
True Labels - 1s: 178, 0s: 183
Client 4 of 5: Local Epoch [2/3] Loss: 0.3604, Accuracy: 84.49 %
Predictions - 1s: 212, 0s: 149
True Labels - 1s: 202, 0s: 159
Client 1 of 5: Local Epoch [2/3] Loss: 0.3924, Accuracy: 81.72 %
Predictions - 1s: 192, 0s: 170
True Labels - 1s: 190, 0s: 172
Client 5 of 5: Local Epoch [3/3] Loss: 0.2727, Accuracy: 90.06 %
Predictions - 1s: 213, 0s: 148
True Labels - 1s: 202, 0s: 159
Client 1 of 5: Local Epoch [3/3] Loss: 0.3852, Accuracy: 82.55 %
Predictions - 1s: 188, 0s: 173
True Labels - 1s: 180, 0s: 181
Client 3 of 5: Local Epoch [3/3] Loss: 0.3081, Accuracy: 87.81 %
Predictions - 1s: 171, 0s: 190
True Labels - 1s: 178, 0s: 183
Client 4 of 5: Local Epoch [3/3] Loss: 0.3561, Accuracy: 85.32 %
Predictions - 1s: 201, 0s: 160
True Labels - 1s: 191, 0s: 170
Client 2 of 5: Local Epoch [3/3] Loss: 0.3639, Accuracy: 85.60 %
-------------------------------
Round [3/4] Average Local Loss: 0.3372, Average Local Accuracy: 86.27 %
-------------------------------
-------- Validation --------
Predictions - 1s: 221, 0s: 231
True Labels - 1s: 244, 0s: 208
Round [3/4] Global Model Validation Loss: 0.3755, Validation Accuracy: 83.85 %
-------- Validation finished --------
Updated best model in round 3 saved with Validation Loss: 0.3755 and Validation Accuracy: 83.85 %
-------------------------------

Round 4 of 4
-------------------------------
Predictions - 1s: 176, 0s: 185
True Labels - 1s: 178, 0s: 183
Client 4 of 5: Local Epoch [1/3] Loss: 0.3958, Accuracy: 82.27 %
Predictions - 1s: 209, 0s: 152
True Labels - 1s: 202, 0s: 159
Client 1 of 5: Local Epoch [1/3] Loss: 0.4045, Accuracy: 81.99 %
Predictions - 1s: 189, 0s: 172
True Labels - 1s: 180, 0s: 181
Client 3 of 5: Local Epoch [1/3] Loss: 0.3236, Accuracy: 87.53 %
Predictions - 1s: 191, 0s: 170
True Labels - 1s: 191, 0s: 170
Client 2 of 5: Local Epoch [1/3] Loss: 0.4097, Accuracy: 82.83 %
Predictions - 1s: 195, 0s: 167
True Labels - 1s: 190, 0s: 172
Client 5 of 5: Local Epoch [1/3] Loss: 0.3217, Accuracy: 87.57 %
Predictions - 1s: 208, 0s: 153
True Labels - 1s: 202, 0s: 159
Client 1 of 5: Local Epoch [2/3] Loss: 0.3640, Accuracy: 83.93 %
Predictions - 1s: 196, 0s: 166
True Labels - 1s: 190, 0s: 172
Client 5 of 5: Local Epoch [2/3] Loss: 0.2725, Accuracy: 88.95 %
Predictions - 1s: 182, 0s: 179
True Labels - 1s: 180, 0s: 181
Client 3 of 5: Local Epoch [2/3] Loss: 0.2989, Accuracy: 87.81 %
Predictions - 1s: 190, 0s: 171
True Labels - 1s: 191, 0s: 170
Client 2 of 5: Local Epoch [2/3] Loss: 0.3533, Accuracy: 86.43 %
Predictions - 1s: 182, 0s: 179
True Labels - 1s: 178, 0s: 183
Client 4 of 5: Local Epoch [2/3] Loss: 0.3403, Accuracy: 83.93 %
Predictions - 1s: 197, 0s: 165
True Labels - 1s: 190, 0s: 172
Client 5 of 5: Local Epoch [3/3] Loss: 0.2504, Accuracy: 91.44 %
Predictions - 1s: 178, 0s: 183
True Labels - 1s: 180, 0s: 181
Client 3 of 5: Local Epoch [3/3] Loss: 0.2588, Accuracy: 91.14 %
Predictions - 1s: 205, 0s: 156
True Labels - 1s: 202, 0s: 159
Client 1 of 5: Local Epoch [3/3] Loss: 0.3245, Accuracy: 84.21 %
Predictions - 1s: 198, 0s: 163
True Labels - 1s: 191, 0s: 170
Client 2 of 5: Local Epoch [3/3] Loss: 0.3497, Accuracy: 86.43 %
Predictions - 1s: 180, 0s: 181
True Labels - 1s: 178, 0s: 183
Client 4 of 5: Local Epoch [3/3] Loss: 0.3390, Accuracy: 85.60 %
-------------------------------
Round [4/4] Average Local Loss: 0.3045, Average Local Accuracy: 87.76 %
-------------------------------
-------- Validation --------
Predictions - 1s: 230, 0s: 222
True Labels - 1s: 244, 0s: 208
Round [4/4] Global Model Validation Loss: 0.3479, Validation Accuracy: 85.40 %
-------- Validation finished --------
Updated best model in round 4 saved with Validation Loss: 0.3479 and Validation Accuracy: 85.40 %
-------------------------------
Best model in round 4 saved with Validation Loss: 0.3479 and Validation Accuracy: 85.40 %

-------- Training finished in 2:20 --------

Test flag enabled. Testing the model

-------- Loading best model from model_path --------
Loaded model bert-mini from date 21-03-2024 09:30. Trained with Federated Learning technology.
Round 4, lr: 6e-05, optimizer: AdamW
Average train accuracy: 87.76 %, Validation accuracy: 85.40 %
-------- Best model loaded --------

-------- Creating Test Dataloader --------
Test Loader: 564 total sentences. 71 batches of size 8.
-------- Test Dataloader created --------

-------- Testing --------
Predictions - 1s: 268, 0s: 296
True Labels - 1s: 296, 0s: 268
Nº of test samples: 564
Accuracy: 85.46%
Accuracy 2 : 85.46%
Precision: 85.67%
Recall: 85.67%
F1 Score: 85.46%
Classification report:
              precision    recall  f1-score   support

           0     0.8142    0.8993    0.8546       268
           1     0.8993    0.8142    0.8546       296

    accuracy                         0.8546       564
   macro avg     0.8567    0.8567    0.8546       564
weighted avg     0.8588    0.8546    0.8546       564

-------- Testing finished --------
