Current configuration:
{
    "concurrency_flag": true,
    "data_distribution": "iid",
    "dataset": "mixed_depression",
    "device": "cuda",
    "dp_delta": 0.003,
    "dp_epsilon": 0.0,
    "eval_batch_size": 4,
    "eval_flag": true,
    "eval_size": 0.2,
    "fed_alg": "fedavg",
    "layers": 3,
    "learning_rate": 6e-05,
    "max_length": 512,
    "ml_mode": "bcfl",
    "model": "bert_small",
    "model_name": "bcfl_small_seed2_mixed_depression",
    "models_path": "/local/vpaloma/fabric-federated-learning/ablation_study/phase-2/4-execution_time/mixed_depression/",
    "mu": 0.5,
    "num_clients": 5,
    "num_epochs": 3,
    "num_rounds": 4,
    "optimizer": "AdamW",
    "progress_bar_flag": false,
    "save_model": true,
    "scheduler": "linear",
    "scheduler_warmup_steps": 0,
    "seed": 221,
    "test_flag": true,
    "train_batch_size": 4,
    "train_size": 0.8
}
-------- Configuration loaded --------

-------- Setting device --------
cuda device selected and available.
-------- Device set --------

-------- Setting seed --------
-------- Seed set --------

-------- Creating Model --------
-------- Model created --------

-------- Setting Trainable Layers --------
Training the last 3 layers.

Total parameters count: 28764674
Trainable parameters count: 3416066
-------- Trainable Layers set --------

-------- Creating Tokenizer --------
-------- Tokenizer created --------

-------- Creating Train and Eval Dataloaders --------
Train Loader: 1806 total sentences. 452 batches of size 4.
Eval Loader: 452 total sentences. 113 batches of size 4.
-------- Train and Eval Dataloaders created --------

-------- Training --------
Training with Blockchain-Based Federated Learning technology.
Training without differential privacy.
Federated averaging algorithm selected.
Client 0: Label 0: 159, Label 1: 202
Client 1: Label 0: 170, Label 1: 191
Client 2: Label 0: 181, Label 1: 180
Client 3: Label 0: 183, Label 1: 178
Client 4: Label 0: 172, Label 1: 190

Round 1 of 4
-------------------------------
Predictions - 1s: 180, 0s: 181
True Labels - 1s: 178, 0s: 183
Client 4 of 5: Local Epoch [1/3] Loss: 0.5720, Accuracy: 69.53 %
Predictions - 1s: 194, 0s: 167
True Labels - 1s: 191, 0s: 170
Client 2 of 5: Local Epoch [1/3] Loss: 0.5779, Accuracy: 68.70 %
Predictions - 1s: 203, 0s: 159
True Labels - 1s: 190, 0s: 172
Client 5 of 5: Local Epoch [1/3] Loss: 0.5583, Accuracy: 74.31 %
Predictions - 1s: 226, 0s: 135
True Labels - 1s: 202, 0s: 159
Client 1 of 5: Local Epoch [1/3] Loss: 0.5936, Accuracy: 68.98 %
Predictions - 1s: 167, 0s: 194
True Labels - 1s: 180, 0s: 181
Client 3 of 5: Local Epoch [1/3] Loss: 0.5583, Accuracy: 77.01 %
Predictions - 1s: 181, 0s: 180
True Labels - 1s: 178, 0s: 183
Client 4 of 5: Local Epoch [2/3] Loss: 0.4312, Accuracy: 80.33 %
Predictions - 1s: 191, 0s: 170
True Labels - 1s: 191, 0s: 170
Client 2 of 5: Local Epoch [2/3] Loss: 0.3943, Accuracy: 83.93 %
Predictions - 1s: 192, 0s: 170
True Labels - 1s: 190, 0s: 172
Client 5 of 5: Local Epoch [2/3] Loss: 0.3712, Accuracy: 83.43 %
Predictions - 1s: 209, 0s: 152
True Labels - 1s: 202, 0s: 159
Client 1 of 5: Local Epoch [2/3] Loss: 0.4414, Accuracy: 81.99 %
Predictions - 1s: 183, 0s: 178
True Labels - 1s: 180, 0s: 181
Client 3 of 5: Local Epoch [2/3] Loss: 0.3549, Accuracy: 85.87 %
Predictions - 1s: 183, 0s: 178
True Labels - 1s: 178, 0s: 183
Client 4 of 5: Local Epoch [3/3] Loss: 0.3515, Accuracy: 85.87 %
Predictions - 1s: 199, 0s: 162
True Labels - 1s: 191, 0s: 170
Client 2 of 5: Local Epoch [3/3] Loss: 0.3153, Accuracy: 87.81 %
Predictions - 1s: 185, 0s: 177
True Labels - 1s: 190, 0s: 172
Client 5 of 5: Local Epoch [3/3] Loss: 0.3270, Accuracy: 87.02 %
Predictions - 1s: 202, 0s: 159
True Labels - 1s: 202, 0s: 159
Client 1 of 5: Local Epoch [3/3] Loss: 0.3801, Accuracy: 83.93 %
Predictions - 1s: 191, 0s: 170
True Labels - 1s: 180, 0s: 181
Client 3 of 5: Local Epoch [3/3] Loss: 0.2879, Accuracy: 89.20 %
-------------------------------
Round [1/4] Average Local Loss: 0.3324, Average Local Accuracy: 86.77 %
-------------------------------
-------- Validation --------
Predictions - 1s: 222, 0s: 230
True Labels - 1s: 244, 0s: 208
Round [1/4] Global Model Validation Loss: 0.3793, Validation Accuracy: 82.30 %
-------- Validation finished --------
Updated best model in round 1 saved with Validation Loss: 0.3793 and Validation Accuracy: 82.30 %
-------------------------------

Round 2 of 4
-------------------------------
Predictions - 1s: 210, 0s: 151
True Labels - 1s: 202, 0s: 159
Client 1 of 5: Local Epoch [1/3] Loss: 0.4309, Accuracy: 81.72 %
Predictions - 1s: 177, 0s: 184
True Labels - 1s: 180, 0s: 181
Client 3 of 5: Local Epoch [1/3] Loss: 0.3335, Accuracy: 86.43 %
Predictions - 1s: 190, 0s: 172
Predictions - 1s: 170, 0s: 191
True Labels - 1s: 190, 0s: 172
Client 5 of 5: Local Epoch [1/3] Loss: 0.3461, Accuracy: 86.74 %
Predictions - 1s: 191, 0s: 170
True Labels - 1s: 178, 0s: 183
True Labels - 1s: 191, 0s: 170
Client 2 of 5: Local Epoch [1/3] Loss: 0.3430, Accuracy: 87.26 %
Client 4 of 5: Local Epoch [1/3] Loss: 0.3936, Accuracy: 81.16 %
Predictions - 1s: 189, 0s: 173
True Labels - 1s: 190, 0s: 172
Client 5 of 5: Local Epoch [2/3] Loss: 0.2688, Accuracy: 88.12 %
Predictions - 1s: 176, 0s: 185
True Labels - 1s: 178, 0s: 183
Client 4 of 5: Local Epoch [2/3] Loss: 0.2839, Accuracy: 87.26 %
Predictions - 1s: 187, 0s: 174
Predictions - 1s: 205, 0s: 156
True Labels - 1s: 191, 0s: 170
Client 2 of 5: Local Epoch [2/3] Loss: 0.2572, Accuracy: 89.47 %
Predictions - 1s: 183, 0s: 178
True Labels - 1s: 202, 0s: 159
True Labels - 1s: 180, 0s: 181
Client 1 of 5: Local Epoch [2/3] Loss: 0.3088, Accuracy: 86.98 %
Client 3 of 5: Local Epoch [2/3] Loss: 0.2312, Accuracy: 92.52 %
Predictions - 1s: 197, 0s: 165
True Labels - 1s: 190, 0s: 172
Client 5 of 5: Local Epoch [3/3] Loss: 0.2236, Accuracy: 91.44 %
Predictions - 1s: 206, 0s: 155
True Labels - 1s: 202, 0s: 159
Client 1 of 5: Local Epoch [3/3] Loss: 0.2770, Accuracy: 89.47 %
Predictions - 1s: 188, 0s: 173
True Labels - 1s: 191, 0s: 170
Client 2 of 5: Local Epoch [3/3] Loss: 0.2257, Accuracy: 92.52 %
Predictions - 1s: 178, 0s: 183
True Labels - 1s: 178, 0s: 183
Client 4 of 5: Local Epoch [3/3] Loss: 0.2676, Accuracy: 87.81 %
Predictions - 1s: 187, 0s: 174
True Labels - 1s: 180, 0s: 181
Client 3 of 5: Local Epoch [3/3] Loss: 0.1913, Accuracy: 93.07 %
-------------------------------
Round [2/4] Average Local Loss: 0.2370, Average Local Accuracy: 90.86 %
-------------------------------
-------- Validation --------
Predictions - 1s: 231, 0s: 221
True Labels - 1s: 244, 0s: 208
Round [2/4] Global Model Validation Loss: 0.3240, Validation Accuracy: 84.29 %
-------- Validation finished --------
Updated best model in round 2 saved with Validation Loss: 0.3240 and Validation Accuracy: 84.29 %
-------------------------------

Round 3 of 4
-------------------------------
Predictions - 1s: 199, 0s: 163
True Labels - 1s: 190, 0s: 172
Client 5 of 5: Local Epoch [1/3] Loss: 0.2891, Accuracy: 87.57 %
Predictions - 1s: 180, 0s: 181
True Labels - 1s: 178, 0s: 183
Client 4 of 5: Local Epoch [1/3] Loss: 0.3421, Accuracy: 85.60 %
Predictions - 1s: 215, 0s: 146
True Labels - 1s: 202, 0s: 159
Client 1 of 5: Local Epoch [1/3] Loss: 0.3445, Accuracy: 84.21 %
Predictions - 1s: 184, 0s: 177
Predictions - 1s: 193, 0s: 168
True Labels - 1s: 180, 0s: 181
Client 3 of 5: Local Epoch [1/3] Loss: 0.2805, Accuracy: 88.37 %
True Labels - 1s: 191, 0s: 170
Client 2 of 5: Local Epoch [1/3] Loss: 0.3140, Accuracy: 86.70 %
Predictions - 1s: 193, 0s: 169
True Labels - 1s: 190, 0s: 172
Client 5 of 5: Local Epoch [2/3] Loss: 0.2040, Accuracy: 92.54 %
Predictions - 1s: 182, 0s: 179
True Labels - 1s: 178, 0s: 183
Client 4 of 5: Local Epoch [2/3] Loss: 0.2711, Accuracy: 88.37 %
Predictions - 1s: 189, 0s: 172
True Labels - 1s: 191, 0s: 170
Client 2 of 5: Local Epoch [2/3] Loss: 0.2403, Accuracy: 90.03 %
Predictions - 1s: 184, 0s: 177
True Labels - 1s: 180, 0s: 181
Client 3 of 5: Local Epoch [2/3] Loss: 0.1861, Accuracy: 92.80 %
Predictions - 1s: 213, 0s: 148
True Labels - 1s: 202, 0s: 159
Client 1 of 5: Local Epoch [2/3] Loss: 0.2746, Accuracy: 89.20 %
Predictions - 1s: 189, 0s: 173
True Labels - 1s: 190, 0s: 172
Client 5 of 5: Local Epoch [3/3] Loss: 0.1846, Accuracy: 93.65 %
Predictions - 1s: 181, 0s: 180
True Labels - 1s: 178, 0s: 183
Client 4 of 5: Local Epoch [3/3] Loss: 0.2240, Accuracy: 90.30 %
Predictions - 1s: 191, 0s: 170
True Labels - 1s: 191, 0s: 170
Client 2 of 5: Local Epoch [3/3] Loss: 0.2008, Accuracy: 92.24 %
Predictions - 1s: 182, 0s: 179
True Labels - 1s: 180, 0s: 181
Client 3 of 5: Local Epoch [3/3] Loss: 0.1499, Accuracy: 93.91 %
Predictions - 1s: 203, 0s: 158
True Labels - 1s: 202, 0s: 159
Client 1 of 5: Local Epoch [3/3] Loss: 0.2187, Accuracy: 93.63 %
-------------------------------
Round [3/4] Average Local Loss: 0.1956, Average Local Accuracy: 92.75 %
-------------------------------
-------- Validation --------
Predictions - 1s: 228, 0s: 224
True Labels - 1s: 244, 0s: 208
Round [3/4] Global Model Validation Loss: 0.3094, Validation Accuracy: 85.84 %
-------- Validation finished --------
Updated best model in round 3 saved with Validation Loss: 0.3094 and Validation Accuracy: 85.84 %
-------------------------------

Round 4 of 4
-------------------------------
Predictions - 1s: 187, 0s: 175
True Labels - 1s: 190, 0s: 172
Client 5 of 5: Local Epoch [1/3] Loss: 0.2727, Accuracy: 89.23 %
Predictions - 1s: 211, 0s: 150
True Labels - 1s: 202, 0s: 159
Client 1 of 5: Local Epoch [1/3] Loss: 0.3368, Accuracy: 85.87 %
Predictions - 1s: 184, 0s: 177
True Labels - 1s: 178, 0s: 183
Client 4 of 5: Local Epoch [1/3] Loss: 0.3107, Accuracy: 86.15 %
Predictions - 1s: 182, 0s: 179
True Labels - 1s: 180, 0s: 181
Client 3 of 5: Local Epoch [1/3] Loss: 0.2360, Accuracy: 90.58 %
Predictions - 1s: 194, 0s: 167
True Labels - 1s: 191, 0s: 170
Client 2 of 5: Local Epoch [1/3] Loss: 0.2823, Accuracy: 89.20 %
Predictions - 1s: 192, 0s: 170
True Labels - 1s: 190, 0s: 172
Client 5 of 5: Local Epoch [2/3] Loss: 0.1888, Accuracy: 93.37 %
Predictions - 1s: 192, 0s: 169
True Labels - 1s: 191, 0s: 170
Client 2 of 5: Local Epoch [2/3] Loss: 0.1979, Accuracy: 92.52 %
Predictions - 1s: 183, 0s: 178
True Labels - 1s: 178, 0s: 183
Client 4 of 5: Local Epoch [2/3] Loss: 0.2287, Accuracy: 89.20 %
Predictions - 1s: 208, 0s: 153
True Labels - 1s: 202, 0s: 159
Client 1 of 5: Local Epoch [2/3] Loss: 0.2308, Accuracy: 91.14 %
Predictions - 1s: 193, 0s: 168
True Labels - 1s: 180, 0s: 181
Client 3 of 5: Local Epoch [2/3] Loss: 0.1573, Accuracy: 93.63 %
Predictions - 1s: 194, 0s: 168
True Labels - 1s: 190, 0s: 172
Client 5 of 5: Local Epoch [3/3] Loss: 0.1451, Accuracy: 94.48 %
Predictions - 1s: 189, 0s: 172
True Labels - 1s: 191, 0s: 170
Client 2 of 5: Local Epoch [3/3] Loss: 0.1424, Accuracy: 95.57 %
Predictions - 1s: 180, 0s: 181
True Labels - 1s: 178, 0s: 183
Client 4 of 5: Local Epoch [3/3] Loss: 0.1940, Accuracy: 92.24 %
Predictions - 1s: 202, 0s: 159
True Labels - 1s: 202, 0s: 159
Client 1 of 5: Local Epoch [3/3] Loss: 0.2028, Accuracy: 92.24 %
Predictions - 1s: 185, 0s: 176
True Labels - 1s: 180, 0s: 181
Client 3 of 5: Local Epoch [3/3] Loss: 0.1236, Accuracy: 95.29 %
-------------------------------
Round [4/4] Average Local Loss: 0.1616, Average Local Accuracy: 93.96 %
-------------------------------
-------- Validation --------
Predictions - 1s: 231, 0s: 221
True Labels - 1s: 244, 0s: 208
Round [4/4] Global Model Validation Loss: 0.3062, Validation Accuracy: 86.95 %
-------- Validation finished --------
Updated best model in round 4 saved with Validation Loss: 0.3062 and Validation Accuracy: 86.95 %
-------------------------------
Best model in round 4 saved with Validation Loss: 0.3062 and Validation Accuracy: 86.95 %

-------- Training finished in 5:06 --------

Test flag enabled. Testing the model

-------- Loading best model from model_path --------
Loaded model bert-small from date 21-03-2024 09:12. Trained with Federated Learning technology.
Round 4, lr: 6e-05, optimizer: AdamW
Average train accuracy: 93.96 %, Validation accuracy: 86.95 %
-------- Best model loaded --------

-------- Creating Test Dataloader --------
Test Loader: 564 total sentences. 71 batches of size 8.
-------- Test Dataloader created --------

-------- Testing --------
Predictions - 1s: 274, 0s: 290
True Labels - 1s: 296, 0s: 268
Nº of test samples: 564
Accuracy: 88.30%
Accuracy 2 : 88.30%
Precision: 88.40%
Recall: 88.46%
F1 Score: 88.30%
Classification report:
              precision    recall  f1-score   support

           0     0.8483    0.9179    0.8817       268
           1     0.9197    0.8514    0.8842       296

    accuracy                         0.8830       564
   macro avg     0.8840    0.8846    0.8830       564
weighted avg     0.8858    0.8830    0.8830       564

-------- Testing finished --------
