Current configuration:
{
    "concurrency_flag": true,
    "data_distribution": "iid",
    "dataset": "mixed_depression",
    "device": "cuda",
    "dp_delta": 0.003,
    "dp_epsilon": 0.0,
    "eval_batch_size": 4,
    "eval_flag": true,
    "eval_size": 0.2,
    "fed_alg": "fedavg",
    "layers": 3,
    "learning_rate": 6e-05,
    "max_length": 512,
    "ml_mode": "fl",
    "model": "bert_medium",
    "model_name": "fl_medium_seed3_mixed_depression",
    "models_path": "/local/vpaloma/fabric-federated-learning/ablation_study/phase-2/4-execution_time/mixed_depression/",
    "mu": 0.5,
    "num_clients": 5,
    "num_epochs": 3,
    "num_rounds": 4,
    "num_seed3_epochs": 3,
    "num_seed3_rounds": 4,
    "optimizer": "AdamW",
    "progress_bar_flag": false,
    "save_model": true,
    "scheduler": "linear",
    "scheduler_warmup_steps": 0,
    "seed": 331,
    "test_flag": true,
    "train_batch_size": 4,
    "train_size": 0.8
}
-------- Configuration loaded --------

-------- Setting device --------
cuda device selected and available.
-------- Device set --------

-------- Setting seed --------
-------- Seed set --------

-------- Creating Model --------
-------- Model created --------

-------- Setting Trainable Layers --------
Training the last 3 layers.

Total parameters count: 41374210
Trainable parameters count: 3416066
-------- Trainable Layers set --------

-------- Creating Tokenizer --------
-------- Tokenizer created --------

-------- Creating Train and Eval Dataloaders --------
Train Loader: 1806 total sentences. 452 batches of size 4.
Eval Loader: 452 total sentences. 113 batches of size 4.
-------- Train and Eval Dataloaders created --------

-------- Training --------
Training with Federated Learning technology.
Training without differential privacy.
Federated averaging algorithm selected.
Client 0: Label 0: 184, Label 1: 177
Client 1: Label 0: 165, Label 1: 196
Client 2: Label 0: 181, Label 1: 180
Client 3: Label 0: 156, Label 1: 205
Client 4: Label 0: 171, Label 1: 191

Round 1 of 4
-------------------------------
Predictions - 1s: 166, 0s: 195
True Labels - 1s: 180, 0s: 181
Client 3 of 5: Local Epoch [1/3] Loss: 0.5687, Accuracy: 72.85 %
Predictions - 1s: 218, 0s: 143
True Labels - 1s: 196, 0s: 165
Client 2 of 5: Local Epoch [1/3] Loss: 0.5977, Accuracy: 69.53 %
Predictions - 1s: 196, 0s: 166
True Labels - 1s: 191, 0s: 171
Client 5 of 5: Local Epoch [1/3] Loss: 0.5919, Accuracy: 68.78 %
Predictions - 1s: 213, 0s: 148
True Labels - 1s: 205, 0s: 156
Client 4 of 5: Local Epoch [1/3] Loss: 0.5720, Accuracy: 70.08 %
Predictions - 1s: 174, 0s: 187
True Labels - 1s: 177, 0s: 184
Client 1 of 5: Local Epoch [1/3] Loss: 0.5549, Accuracy: 72.02 %
Predictions - 1s: 189, 0s: 172
True Labels - 1s: 180, 0s: 181
Client 3 of 5: Local Epoch [2/3] Loss: 0.4219, Accuracy: 80.33 %
Predictions - 1s: 208, 0s: 153
True Labels - 1s: 196, 0s: 165
Client 2 of 5: Local Epoch [2/3] Loss: 0.4264, Accuracy: 79.50 %
Predictions - 1s: 189, 0s: 173
True Labels - 1s: 191, 0s: 171
Client 5 of 5: Local Epoch [2/3] Loss: 0.4433, Accuracy: 80.11 %
Predictions - 1s: 213, 0s: 148
True Labels - 1s: 205, 0s: 156
Client 4 of 5: Local Epoch [2/3] Loss: 0.3918, Accuracy: 85.04 %
Predictions - 1s: 176, 0s: 185
True Labels - 1s: 177, 0s: 184
Client 1 of 5: Local Epoch [2/3] Loss: 0.3643, Accuracy: 85.32 %
Predictions - 1s: 183, 0s: 178
True Labels - 1s: 180, 0s: 181
Client 3 of 5: Local Epoch [3/3] Loss: 0.3481, Accuracy: 84.21 %
Predictions - 1s: 209, 0s: 152
True Labels - 1s: 196, 0s: 165
Client 2 of 5: Local Epoch [3/3] Loss: 0.3291, Accuracy: 86.98 %
Predictions - 1s: 193, 0s: 169
True Labels - 1s: 191, 0s: 171
Client 5 of 5: Local Epoch [3/3] Loss: 0.3768, Accuracy: 85.64 %
Predictions - 1s: 215, 0s: 146
True Labels - 1s: 205, 0s: 156
Client 4 of 5: Local Epoch [3/3] Loss: 0.3149, Accuracy: 88.92 %
Predictions - 1s: 183, 0s: 178
True Labels - 1s: 177, 0s: 184
Client 1 of 5: Local Epoch [3/3] Loss: 0.2913, Accuracy: 88.37 %
-------------------------------
Round [1/4] Average Local Loss: 0.3320, Average Local Accuracy: 86.82 %
-------------------------------
-------- Validation --------
Predictions - 1s: 233, 0s: 219
True Labels - 1s: 236, 0s: 216
Round [1/4] Global Model Validation Loss: 0.3678, Validation Accuracy: 85.18 %
-------- Validation finished --------
Updated best model in round 1 saved with Validation Loss: 0.3678 and Validation Accuracy: 85.18 %
-------------------------------

Round 2 of 4
-------------------------------
Predictions - 1s: 192, 0s: 169
True Labels - 1s: 177, 0s: 184
Client 1 of 5: Local Epoch [1/3] Loss: 0.3427, Accuracy: 85.32 %
Predictions - 1s: 185, 0s: 176
True Labels - 1s: 180, 0s: 181
Client 3 of 5: Local Epoch [1/3] Loss: 0.3796, Accuracy: 85.32 %
Predictions - 1s: 202, 0s: 160
True Labels - 1s: 191, 0s: 171
Client 5 of 5: Local Epoch [1/3] Loss: 0.4405, Accuracy: 80.94 %
Predictions - 1s: 214, 0s: 147
True Labels - 1s: 205, 0s: 156
Client 4 of 5: Local Epoch [1/3] Loss: 0.3641, Accuracy: 84.21 %
Predictions - 1s: 212, 0s: 149
True Labels - 1s: 196, 0s: 165
Client 2 of 5: Local Epoch [1/3] Loss: 0.3577, Accuracy: 85.04 %
Predictions - 1s: 181, 0s: 180
True Labels - 1s: 177, 0s: 184
Client 1 of 5: Local Epoch [2/3] Loss: 0.2668, Accuracy: 90.58 %
Predictions - 1s: 186, 0s: 175
True Labels - 1s: 180, 0s: 181
Client 3 of 5: Local Epoch [2/3] Loss: 0.2981, Accuracy: 87.26 %
Predictions - 1s: 191, 0s: 171
True Labels - 1s: 191, 0s: 171
Client 5 of 5: Local Epoch [2/3] Loss: 0.3554, Accuracy: 83.98 %
Predictions - 1s: 213, 0s: 148
True Labels - 1s: 205, 0s: 156
Client 4 of 5: Local Epoch [2/3] Loss: 0.2705, Accuracy: 90.58 %
Predictions - 1s: 199, 0s: 162
True Labels - 1s: 196, 0s: 165
Client 2 of 5: Local Epoch [2/3] Loss: 0.2835, Accuracy: 89.20 %
Predictions - 1s: 185, 0s: 176
True Labels - 1s: 177, 0s: 184
Client 1 of 5: Local Epoch [3/3] Loss: 0.2405, Accuracy: 89.47 %
Predictions - 1s: 181, 0s: 180
True Labels - 1s: 180, 0s: 181
Client 3 of 5: Local Epoch [3/3] Loss: 0.2574, Accuracy: 90.30 %
Predictions - 1s: 210, 0s: 152
True Labels - 1s: 191, 0s: 171
Client 5 of 5: Local Epoch [3/3] Loss: 0.3014, Accuracy: 88.12 %
Predictions - 1s: 213, 0s: 148
True Labels - 1s: 205, 0s: 156
Client 4 of 5: Local Epoch [3/3] Loss: 0.2274, Accuracy: 93.35 %
Predictions - 1s: 199, 0s: 162
True Labels - 1s: 196, 0s: 165
Client 2 of 5: Local Epoch [3/3] Loss: 0.2364, Accuracy: 90.86 %
-------------------------------
Round [2/4] Average Local Loss: 0.2526, Average Local Accuracy: 90.42 %
-------------------------------
-------- Validation --------
Predictions - 1s: 239, 0s: 213
True Labels - 1s: 236, 0s: 216
Round [2/4] Global Model Validation Loss: 0.3304, Validation Accuracy: 87.83 %
-------- Validation finished --------
Updated best model in round 2 saved with Validation Loss: 0.3304 and Validation Accuracy: 87.83 %
-------------------------------

Round 3 of 4
-------------------------------
Predictions - 1s: 205, 0s: 156
True Labels - 1s: 196, 0s: 165
Client 2 of 5: Local Epoch [1/3] Loss: 0.3077, Accuracy: 85.32 %
Predictions - 1s: 192, 0s: 170
True Labels - 1s: 191, 0s: 171
Client 5 of 5: Local Epoch [1/3] Loss: 0.3990, Accuracy: 82.60 %
Predictions - 1s: 216, 0s: 145
True Labels - 1s: 205, 0s: 156
Client 4 of 5: Local Epoch [1/3] Loss: 0.3089, Accuracy: 88.64 %
Predictions - 1s: 189, 0s: 172
True Labels - 1s: 177, 0s: 184
Client 1 of 5: Local Epoch [1/3] Loss: 0.3078, Accuracy: 89.47 %
Predictions - 1s: 188, 0s: 173
True Labels - 1s: 180, 0s: 181
Client 3 of 5: Local Epoch [1/3] Loss: 0.3203, Accuracy: 86.15 %
Predictions - 1s: 206, 0s: 155
True Labels - 1s: 196, 0s: 165
Client 2 of 5: Local Epoch [2/3] Loss: 0.2582, Accuracy: 88.92 %
Predictions - 1s: 209, 0s: 153
True Labels - 1s: 191, 0s: 171
Client 5 of 5: Local Epoch [2/3] Loss: 0.3146, Accuracy: 86.74 %
Predictions - 1s: 213, 0s: 148
True Labels - 1s: 205, 0s: 156
Client 4 of 5: Local Epoch [2/3] Loss: 0.2196, Accuracy: 92.80 %
Predictions - 1s: 173, 0s: 188
True Labels - 1s: 177, 0s: 184
Client 1 of 5: Local Epoch [2/3] Loss: 0.2327, Accuracy: 90.58 %
Predictions - 1s: 190, 0s: 171
True Labels - 1s: 180, 0s: 181
Client 3 of 5: Local Epoch [2/3] Loss: 0.2584, Accuracy: 91.69 %
Predictions - 1s: 200, 0s: 161
True Labels - 1s: 196, 0s: 165
Client 2 of 5: Local Epoch [3/3] Loss: 0.1810, Accuracy: 93.91 %
Predictions - 1s: 197, 0s: 165
True Labels - 1s: 191, 0s: 171
Client 5 of 5: Local Epoch [3/3] Loss: 0.2560, Accuracy: 90.61 %
Predictions - 1s: 205, 0s: 156
True Labels - 1s: 205, 0s: 156
Client 4 of 5: Local Epoch [3/3] Loss: 0.1819, Accuracy: 94.46 %
Predictions - 1s: 182, 0s: 179
True Labels - 1s: 180, 0s: 181
Client 3 of 5: Local Epoch [3/3] Loss: 0.2135, Accuracy: 90.58 %
Predictions - 1s: 179, 0s: 182
True Labels - 1s: 177, 0s: 184
Client 1 of 5: Local Epoch [3/3] Loss: 0.1821, Accuracy: 93.91 %
-------------------------------
Round [3/4] Average Local Loss: 0.2029, Average Local Accuracy: 92.69 %
-------------------------------
-------- Validation --------
Predictions - 1s: 238, 0s: 214
True Labels - 1s: 236, 0s: 216
Round [3/4] Global Model Validation Loss: 0.3146, Validation Accuracy: 87.61 %
-------- Validation finished --------
Updated best model in round 3 saved with Validation Loss: 0.3146 and Validation Accuracy: 87.61 %
-------------------------------

Round 4 of 4
-------------------------------
Predictions - 1s: 188, 0s: 173
True Labels - 1s: 180, 0s: 181
Client 3 of 5: Local Epoch [1/3] Loss: 0.2910, Accuracy: 88.37 %
Predictions - 1s: 213, 0s: 148
True Labels - 1s: 205, 0s: 156
Client 4 of 5: Local Epoch [1/3] Loss: 0.2798, Accuracy: 90.03 %
Predictions - 1s: 205, 0s: 157
True Labels - 1s: 191, 0s: 171
Client 5 of 5: Local Epoch [1/3] Loss: 0.3538, Accuracy: 86.19 %
Predictions - 1s: 185, 0s: 176
True Labels - 1s: 177, 0s: 184
Client 1 of 5: Local Epoch [1/3] Loss: 0.2510, Accuracy: 90.03 %
Predictions - 1s: 202, 0s: 159
True Labels - 1s: 196, 0s: 165
Client 2 of 5: Local Epoch [1/3] Loss: 0.2816, Accuracy: 87.26 %
Predictions - 1s: 186, 0s: 175
True Labels - 1s: 180, 0s: 181
Client 3 of 5: Local Epoch [2/3] Loss: 0.2509, Accuracy: 89.47 %
Predictions - 1s: 214, 0s: 147
True Labels - 1s: 205, 0s: 156
Client 4 of 5: Local Epoch [2/3] Loss: 0.2069, Accuracy: 92.52 %
Predictions - 1s: 201, 0s: 161
True Labels - 1s: 191, 0s: 171
Client 5 of 5: Local Epoch [2/3] Loss: 0.2561, Accuracy: 90.06 %
Predictions - 1s: 185, 0s: 176
True Labels - 1s: 177, 0s: 184
Client 1 of 5: Local Epoch [2/3] Loss: 0.1872, Accuracy: 92.80 %
Predictions - 1s: 204, 0s: 157
True Labels - 1s: 196, 0s: 165
Client 2 of 5: Local Epoch [2/3] Loss: 0.1959, Accuracy: 92.24 %
Predictions - 1s: 181, 0s: 180
True Labels - 1s: 180, 0s: 181
Client 3 of 5: Local Epoch [3/3] Loss: 0.2006, Accuracy: 90.86 %
Predictions - 1s: 210, 0s: 151
True Labels - 1s: 205, 0s: 156
Client 4 of 5: Local Epoch [3/3] Loss: 0.1534, Accuracy: 95.29 %
Predictions - 1s: 201, 0s: 161
True Labels - 1s: 191, 0s: 171
Client 5 of 5: Local Epoch [3/3] Loss: 0.2095, Accuracy: 91.71 %
Predictions - 1s: 187, 0s: 174
True Labels - 1s: 177, 0s: 184
Client 1 of 5: Local Epoch [3/3] Loss: 0.1369, Accuracy: 96.12 %
Predictions - 1s: 198, 0s: 163
True Labels - 1s: 196, 0s: 165
Client 2 of 5: Local Epoch [3/3] Loss: 0.1621, Accuracy: 93.35 %
-------------------------------
Round [4/4] Average Local Loss: 0.1725, Average Local Accuracy: 93.47 %
-------------------------------
-------- Validation --------
Predictions - 1s: 241, 0s: 211
True Labels - 1s: 236, 0s: 216
Round [4/4] Global Model Validation Loss: 0.3039, Validation Accuracy: 88.72 %
-------- Validation finished --------
Updated best model in round 4 saved with Validation Loss: 0.3039 and Validation Accuracy: 88.72 %
-------------------------------
Best model in round 4 saved with Validation Loss: 0.3039 and Validation Accuracy: 88.72 %

-------- Training finished in 2:00 --------

Test flag enabled. Testing the model

-------- Loading best model from model_path --------
Loaded model bert-medium from date 21-03-2024 13:13. Trained with Federated Learning technology.
Round 4, lr: 6e-05, optimizer: AdamW
Average train accuracy: 93.47 %, Validation accuracy: 88.72 %
-------- Best model loaded --------

-------- Creating Test Dataloader --------
Test Loader: 564 total sentences. 71 batches of size 8.
-------- Test Dataloader created --------

-------- Testing --------
Predictions - 1s: 289, 0s: 275
True Labels - 1s: 296, 0s: 268
Nº of test samples: 564
Accuracy: 86.70%
Accuracy 2 : 86.70%
Precision: 86.66%
Recall: 86.73%
F1 Score: 86.68%
Classification report:
              precision    recall  f1-score   support

           0     0.8509    0.8731    0.8619       268
           1     0.8824    0.8615    0.8718       296

    accuracy                         0.8670       564
   macro avg     0.8666    0.8673    0.8668       564
weighted avg     0.8674    0.8670    0.8671       564

-------- Testing finished --------
