Current configuration:
{
    "concurrency_flag": true,
    "data_distribution": "iid",
    "dataset": "mixed_depression",
    "device": "cuda",
    "dp_delta": 0.003,
    "dp_epsilon": 0.0,
    "eval_batch_size": 4,
    "eval_flag": true,
    "eval_size": 0.2,
    "fed_alg": "fedavg",
    "layers": 3,
    "learning_rate": 6e-05,
    "max_length": 512,
    "ml_mode": "fl",
    "model": "bert_small",
    "model_name": "fl_small_seed3_mixed_depression",
    "models_path": "/local/vpaloma/fabric-federated-learning/ablation_study/phase-2/4-execution_time/mixed_depression/",
    "mu": 0.5,
    "num_clients": 5,
    "num_epochs": 3,
    "num_rounds": 4,
    "num_seed3_epochs": 3,
    "num_seed3_rounds": 4,
    "optimizer": "AdamW",
    "progress_bar_flag": false,
    "save_model": true,
    "scheduler": "linear",
    "scheduler_warmup_steps": 0,
    "seed": 331,
    "test_flag": true,
    "train_batch_size": 4,
    "train_size": 0.8
}
-------- Configuration loaded --------

-------- Setting device --------
cuda device selected and available.
-------- Device set --------

-------- Setting seed --------
-------- Seed set --------

-------- Creating Model --------
-------- Model created --------

-------- Setting Trainable Layers --------
Training the last 3 layers.

Total parameters count: 28764674
Trainable parameters count: 3416066
-------- Trainable Layers set --------

-------- Creating Tokenizer --------
-------- Tokenizer created --------

-------- Creating Train and Eval Dataloaders --------
Train Loader: 1806 total sentences. 452 batches of size 4.
Eval Loader: 452 total sentences. 113 batches of size 4.
-------- Train and Eval Dataloaders created --------

-------- Training --------
Training with Federated Learning technology.
Training without differential privacy.
Federated averaging algorithm selected.
Client 0: Label 0: 184, Label 1: 177
Client 1: Label 0: 165, Label 1: 196
Client 2: Label 0: 181, Label 1: 180
Client 3: Label 0: 156, Label 1: 205
Client 4: Label 0: 171, Label 1: 191

Round 1 of 4
-------------------------------
Predictions - 1s: 189, 0s: 172
True Labels - 1s: 196, 0s: 165
Client 2 of 5: Local Epoch [1/3] Loss: 0.5676, Accuracy: 72.02 %
Predictions - 1s: 170, 0s: 191
True Labels - 1s: 177, 0s: 184
Client 1 of 5: Local Epoch [1/3] Loss: 0.5382, Accuracy: 73.13 %
Predictions - 1s: 184, 0s: 178
True Labels - 1s: 191, 0s: 171
Client 5 of 5: Local Epoch [1/3] Loss: 0.5845, Accuracy: 66.57 %
Predictions - 1s: 182, 0s: 179
True Labels - 1s: 180, 0s: 181
Client 3 of 5: Local Epoch [1/3] Loss: 0.5581, Accuracy: 72.30 %
Predictions - 1s: 222, 0s: 139
True Labels - 1s: 205, 0s: 156
Client 4 of 5: Local Epoch [1/3] Loss: 0.5831, Accuracy: 69.25 %
Predictions - 1s: 205, 0s: 156
True Labels - 1s: 196, 0s: 165
Client 2 of 5: Local Epoch [2/3] Loss: 0.3909, Accuracy: 83.10 %
Predictions - 1s: 172, 0s: 189
True Labels - 1s: 177, 0s: 184
Client 1 of 5: Local Epoch [2/3] Loss: 0.3626, Accuracy: 83.66 %
Predictions - 1s: 196, 0s: 166
True Labels - 1s: 191, 0s: 171
Client 5 of 5: Local Epoch [2/3] Loss: 0.4475, Accuracy: 78.73 %
Predictions - 1s: 182, 0s: 179
True Labels - 1s: 180, 0s: 181
Client 3 of 5: Local Epoch [2/3] Loss: 0.3772, Accuracy: 82.83 %
Predictions - 1s: 203, 0s: 158
True Labels - 1s: 205, 0s: 156
Client 4 of 5: Local Epoch [2/3] Loss: 0.4172, Accuracy: 84.49 %
Predictions - 1s: 193, 0s: 168
True Labels - 1s: 196, 0s: 165
Client 2 of 5: Local Epoch [3/3] Loss: 0.3080, Accuracy: 88.09 %
Predictions - 1s: 193, 0s: 168
True Labels - 1s: 177, 0s: 184
Client 1 of 5: Local Epoch [3/3] Loss: 0.2892, Accuracy: 88.37 %
Predictions - 1s: 189, 0s: 173
True Labels - 1s: 191, 0s: 171
Client 5 of 5: Local Epoch [3/3] Loss: 0.3765, Accuracy: 85.64 %
Predictions - 1s: 183, 0s: 178
True Labels - 1s: 180, 0s: 181
Client 3 of 5: Local Epoch [3/3] Loss: 0.3052, Accuracy: 90.30 %
Predictions - 1s: 221, 0s: 140
True Labels - 1s: 205, 0s: 156
Client 4 of 5: Local Epoch [3/3] Loss: 0.3418, Accuracy: 86.70 %
-------------------------------
Round [1/4] Average Local Loss: 0.3241, Average Local Accuracy: 87.82 %
-------------------------------
-------- Validation --------
Predictions - 1s: 228, 0s: 224
True Labels - 1s: 236, 0s: 216
Round [1/4] Global Model Validation Loss: 0.3660, Validation Accuracy: 84.51 %
-------- Validation finished --------
Updated best model in round 1 saved with Validation Loss: 0.3660 and Validation Accuracy: 84.51 %
-------------------------------

Round 2 of 4
-------------------------------
Predictions - 1s: 197, 0s: 165
True Labels - 1s: 191, 0s: 171
Client 5 of 5: Local Epoch [1/3] Loss: 0.4297, Accuracy: 80.11 %
Predictions - 1s: 204, 0s: 157
True Labels - 1s: 205, 0s: 156
Client 4 of 5: Local Epoch [1/3] Loss: 0.3749, Accuracy: 85.32 %
Predictions - 1s: 185, 0s: 176
True Labels - 1s: 180, 0s: 181
Client 3 of 5: Local Epoch [1/3] Loss: 0.3469, Accuracy: 84.76 %
Predictions - 1s: 204, 0s: 157
True Labels - 1s: 196, 0s: 165
Client 2 of 5: Local Epoch [1/3] Loss: 0.3690, Accuracy: 84.49 %
Predictions - 1s: 193, 0s: 168
True Labels - 1s: 177, 0s: 184
Client 1 of 5: Local Epoch [1/3] Loss: 0.3211, Accuracy: 86.70 %
Predictions - 1s: 196, 0s: 166
True Labels - 1s: 191, 0s: 171
Client 5 of 5: Local Epoch [2/3] Loss: 0.3382, Accuracy: 83.70 %
Predictions - 1s: 214, 0s: 147
True Labels - 1s: 205, 0s: 156
Client 4 of 5: Local Epoch [2/3] Loss: 0.2672, Accuracy: 90.30 %
Predictions - 1s: 174, 0s: 187
True Labels - 1s: 177, 0s: 184
Client 1 of 5: Local Epoch [2/3] Loss: 0.2444, Accuracy: 90.30 %
Predictions - 1s: 180, 0s: 181
True Labels - 1s: 180, 0s: 181
Client 3 of 5: Local Epoch [2/3] Loss: 0.2569, Accuracy: 88.92 %
Predictions - 1s: 197, 0s: 164
True Labels - 1s: 196, 0s: 165
Client 2 of 5: Local Epoch [2/3] Loss: 0.2400, Accuracy: 89.75 %
Predictions - 1s: 197, 0s: 165
True Labels - 1s: 191, 0s: 171
Client 5 of 5: Local Epoch [3/3] Loss: 0.2956, Accuracy: 87.85 %
Predictions - 1s: 208, 0s: 153
True Labels - 1s: 205, 0s: 156
Client 4 of 5: Local Epoch [3/3] Loss: 0.2213, Accuracy: 93.63 %
Predictions - 1s: 184, 0s: 177
True Labels - 1s: 177, 0s: 184
Client 1 of 5: Local Epoch [3/3] Loss: 0.2179, Accuracy: 92.52 %
Predictions - 1s: 177, 0s: 184
True Labels - 1s: 180, 0s: 181
Client 3 of 5: Local Epoch [3/3] Loss: 0.2144, Accuracy: 91.41 %
Predictions - 1s: 204, 0s: 157
True Labels - 1s: 196, 0s: 165
Client 2 of 5: Local Epoch [3/3] Loss: 0.1971, Accuracy: 92.24 %
-------------------------------
Round [2/4] Average Local Loss: 0.2293, Average Local Accuracy: 91.53 %
-------------------------------
-------- Validation --------
Predictions - 1s: 237, 0s: 215
True Labels - 1s: 236, 0s: 216
Round [2/4] Global Model Validation Loss: 0.3305, Validation Accuracy: 86.06 %
-------- Validation finished --------
Updated best model in round 2 saved with Validation Loss: 0.3305 and Validation Accuracy: 86.06 %
-------------------------------

Round 3 of 4
-------------------------------
Predictions - 1s: 200, 0s: 161
True Labels - 1s: 196, 0s: 165
Client 2 of 5: Local Epoch [1/3] Loss: 0.2570, Accuracy: 89.47 %
Predictions - 1s: 184, 0s: 177
True Labels - 1s: 177, 0s: 184
Client 1 of 5: Local Epoch [1/3] Loss: 0.2778, Accuracy: 89.20 %
Predictions - 1s: 189, 0s: 172
True Labels - 1s: 180, 0s: 181
Client 3 of 5: Local Epoch [1/3] Loss: 0.2842, Accuracy: 86.98 %
Predictions - 1s: 191, 0s: 171
True Labels - 1s: 191, 0s: 171
Client 5 of 5: Local Epoch [1/3] Loss: 0.4091, Accuracy: 82.32 %
Predictions - 1s: 211, 0s: 150
True Labels - 1s: 205, 0s: 156
Client 4 of 5: Local Epoch [1/3] Loss: 0.3242, Accuracy: 86.15 %
Predictions - 1s: 207, 0s: 154
True Labels - 1s: 196, 0s: 165
Client 2 of 5: Local Epoch [2/3] Loss: 0.2083, Accuracy: 91.41 %
Predictions - 1s: 180, 0s: 181
True Labels - 1s: 177, 0s: 184
Client 1 of 5: Local Epoch [2/3] Loss: 0.2039, Accuracy: 93.07 %
Predictions - 1s: 199, 0s: 163
True Labels - 1s: 191, 0s: 171
Client 5 of 5: Local Epoch [2/3] Loss: 0.2874, Accuracy: 88.95 %
Predictions - 1s: 214, 0s: 147
True Labels - 1s: 205, 0s: 156
Client 4 of 5: Local Epoch [2/3] Loss: 0.2336, Accuracy: 93.07 %
Predictions - 1s: 196, 0s: 165
True Labels - 1s: 180, 0s: 181
Client 3 of 5: Local Epoch [2/3] Loss: 0.2380, Accuracy: 90.03 %
Predictions - 1s: 198, 0s: 163
True Labels - 1s: 196, 0s: 165
Client 2 of 5: Local Epoch [3/3] Loss: 0.1523, Accuracy: 95.01 %
Predictions - 1s: 185, 0s: 176
True Labels - 1s: 177, 0s: 184
Client 1 of 5: Local Epoch [3/3] Loss: 0.1591, Accuracy: 95.01 %
Predictions - 1s: 193, 0s: 169
True Labels - 1s: 191, 0s: 171
Client 5 of 5: Local Epoch [3/3] Loss: 0.2731, Accuracy: 89.50 %
Predictions - 1s: 208, 0s: 153
True Labels - 1s: 205, 0s: 156
Client 4 of 5: Local Epoch [3/3] Loss: 0.1879, Accuracy: 94.74 %
Predictions - 1s: 182, 0s: 179
True Labels - 1s: 180, 0s: 181
Client 3 of 5: Local Epoch [3/3] Loss: 0.1827, Accuracy: 93.35 %
-------------------------------
Round [3/4] Average Local Loss: 0.1910, Average Local Accuracy: 93.52 %
-------------------------------
-------- Validation --------
Predictions - 1s: 245, 0s: 207
True Labels - 1s: 236, 0s: 216
Round [3/4] Global Model Validation Loss: 0.3242, Validation Accuracy: 86.50 %
-------- Validation finished --------
Updated best model in round 3 saved with Validation Loss: 0.3242 and Validation Accuracy: 86.50 %
-------------------------------

Round 4 of 4
-------------------------------
Predictions - 1s: 188, 0s: 173
True Labels - 1s: 180, 0s: 181
Client 3 of 5: Local Epoch [1/3] Loss: 0.2861, Accuracy: 88.92 %
Predictions - 1s: 204, 0s: 157
True Labels - 1s: 196, 0s: 165
Client 2 of 5: Local Epoch [1/3] Loss: 0.2619, Accuracy: 89.47 %
Predictions - 1s: 196, 0s: 166
True Labels - 1s: 191, 0s: 171
Client 5 of 5: Local Epoch [1/3] Loss: 0.3516, Accuracy: 84.25 %
Predictions - 1s: 181, 0s: 180
Predictions - 1s: 210, 0s: 151
True Labels - 1s: 177, 0s: 184
True Labels - 1s: 205, 0s: 156
Client 1 of 5: Local Epoch [1/3] Loss: 0.2591, Accuracy: 88.92 %
Client 4 of 5: Local Epoch [1/3] Loss: 0.2685, Accuracy: 89.75 %
Predictions - 1s: 185, 0s: 176
True Labels - 1s: 180, 0s: 181
Client 3 of 5: Local Epoch [2/3] Loss: 0.2215, Accuracy: 90.86 %
Predictions - 1s: 197, 0s: 165
True Labels - 1s: 191, 0s: 171
Client 5 of 5: Local Epoch [2/3] Loss: 0.2457, Accuracy: 89.50 %
Predictions - 1s: 193, 0s: 168
True Labels - 1s: 196, 0s: 165
Client 2 of 5: Local Epoch [2/3] Loss: 0.1660, Accuracy: 94.18 %
Predictions - 1s: 184, 0s: 177
True Labels - 1s: 177, 0s: 184
Client 1 of 5: Local Epoch [2/3] Loss: 0.1841, Accuracy: 94.74 %
Predictions - 1s: 211, 0s: 150
True Labels - 1s: 205, 0s: 156
Client 4 of 5: Local Epoch [2/3] Loss: 0.1865, Accuracy: 94.46 %
Predictions - 1s: 179, 0s: 182
True Labels - 1s: 180, 0s: 181
Client 3 of 5: Local Epoch [3/3] Loss: 0.1658, Accuracy: 93.63 %
Predictions - 1s: 196, 0s: 166
True Labels - 1s: 191, 0s: 171
Client 5 of 5: Local Epoch [3/3] Loss: 0.2091, Accuracy: 92.54 %
Predictions - 1s: 202, 0s: 159
True Labels - 1s: 196, 0s: 165
Client 2 of 5: Local Epoch [3/3] Loss: 0.1395, Accuracy: 95.57 %
Predictions - 1s: 185, 0s: 176
True Labels - 1s: 177, 0s: 184
Client 1 of 5: Local Epoch [3/3] Loss: 0.1351, Accuracy: 96.12 %
Predictions - 1s: 210, 0s: 151
True Labels - 1s: 205, 0s: 156
Client 4 of 5: Local Epoch [3/3] Loss: 0.1539, Accuracy: 95.29 %
-------------------------------
Round [4/4] Average Local Loss: 0.1607, Average Local Accuracy: 94.63 %
-------------------------------
-------- Validation --------
Predictions - 1s: 243, 0s: 209
True Labels - 1s: 236, 0s: 216
Round [4/4] Global Model Validation Loss: 0.3309, Validation Accuracy: 87.39 %
-------- Validation finished --------
Best model in round 3 saved with Validation Loss: 0.3242 and Validation Accuracy: 86.50 %

-------- Training finished in 1:24 --------

Test flag enabled. Testing the model

-------- Loading best model from model_path --------
Loaded model bert-small from date 21-03-2024 13:05. Trained with Federated Learning technology.
Round 3, lr: 6e-05, optimizer: AdamW
Average train accuracy: 93.52 %, Validation accuracy: 86.50 %
-------- Best model loaded --------

-------- Creating Test Dataloader --------
Test Loader: 564 total sentences. 71 batches of size 8.
-------- Test Dataloader created --------

-------- Testing --------
Predictions - 1s: 284, 0s: 280
True Labels - 1s: 296, 0s: 268
Nº of test samples: 564
Accuracy: 87.94%
Accuracy 2 : 87.94%
Precision: 87.93%
Recall: 88.02%
F1 Score: 87.93%
Classification report:
              precision    recall  f1-score   support

           0     0.8571    0.8955    0.8759       268
           1     0.9014    0.8649    0.8828       296

    accuracy                         0.8794       564
   macro avg     0.8793    0.8802    0.8793       564
weighted avg     0.8804    0.8794    0.8795       564

-------- Testing finished --------
