Current configuration:
{
    "concurrency_flag": false,
    "data_distribution": "iid",
    "dataset": "mixed_depression",
    "device": "cuda",
    "dp_delta": 0.003,
    "dp_epsilon": 0.0,
    "eval_batch_size": 4,
    "eval_flag": true,
    "eval_size": 0.2,
    "fed_alg": "fedavg",
    "layers": 3,
    "learning_rate": 6e-05,
    "max_length": 512,
    "ml_mode": "ml",
    "model": "bert_tiny",
    "model_name": "ml_tiny_mixed_depression",
    "models_path": "/local/vpaloma/fabric-federated-learning/ablation_study/phase-2/4-execution_time/mixed_depression/",
    "mu": 0.5,
    "num_clients": 5,
    "num_epochs": 12,
    "num_rounds": 4,
    "optimizer": "AdamW",
    "progress_bar_flag": false,
    "save_model": true,
    "scheduler": "linear",
    "scheduler_warmup_steps": 0,
    "seed": 0,
    "test_flag": true,
    "train_batch_size": 4,
    "train_size": 0.8
}
-------- Configuration loaded --------

-------- Setting device --------
cuda device selected and available.
-------- Device set --------

-------- Setting seed --------
-------- Seed set --------

-------- Creating Model --------
-------- Model created --------

-------- Setting Trainable Layers --------
Training the last 3 layers.

Total parameters count: 4386178
Trainable parameters count: 215042
-------- Trainable Layers set --------

-------- Creating Tokenizer --------
-------- Tokenizer created --------

-------- Creating Train and Eval Dataloaders --------
Train Loader: 1806 total sentences. 452 batches of size 4.
Eval Loader: 452 total sentences. 113 batches of size 4.
-------- Train and Eval Dataloaders created --------

-------- Creating Optimizer --------
-------- Optimizer created --------

-------- Creating Scheduler --------
-------- Scheduler created --------

-------- Training --------
Training with Centralised Machine Learning technology.
Training without differential privacy.
Epoch [1/12], Step [100/452], Loss: 0.6823, Accuracy: 57.75 %
Epoch [1/12], Step [200/452], Loss: 0.6537, Accuracy: 65.00 %
Epoch [1/12], Step [300/452], Loss: 0.6323, Accuracy: 67.00 %
Epoch [1/12], Step [400/452], Loss: 0.6004, Accuracy: 69.88 %
Predictions - 1s: 999, 0s: 807
True Labels - 1s: 943, 0s: 863
-------------------------------
Epoch [1/12] Loss: 0.5847, Accuracy: 71.10 %
-------------------------------
-------- Validation --------
Predictions - 1s: 186, 0s: 266
True Labels - 1s: 242, 0s: 210
Validation Loss: 0.4170, Validation Accuracy: 82.30 %
-------- Validation finished --------
Updated best model in epoch 1 saved with Validation Loss: 0.4170 and Validation Accuracy: 82.30 %
-------------------------------
Epoch [2/12], Step [100/452], Loss: 0.4611, Accuracy: 78.50 %
Epoch [2/12], Step [200/452], Loss: 0.4476, Accuracy: 80.38 %
Epoch [2/12], Step [300/452], Loss: 0.4339, Accuracy: 81.17 %
Epoch [2/12], Step [400/452], Loss: 0.4247, Accuracy: 81.50 %
Predictions - 1s: 946, 0s: 860
True Labels - 1s: 943, 0s: 863
-------------------------------
Epoch [2/12] Loss: 0.4194, Accuracy: 81.67 %
-------------------------------
-------- Validation --------
Predictions - 1s: 236, 0s: 216
True Labels - 1s: 242, 0s: 210
Validation Loss: 0.3293, Validation Accuracy: 85.84 %
-------- Validation finished --------
Updated best model in epoch 2 saved with Validation Loss: 0.3293 and Validation Accuracy: 85.84 %
-------------------------------
Epoch [3/12], Step [100/452], Loss: 0.4021, Accuracy: 82.25 %
Epoch [3/12], Step [200/452], Loss: 0.3776, Accuracy: 84.00 %
Epoch [3/12], Step [300/452], Loss: 0.3928, Accuracy: 83.08 %
Epoch [3/12], Step [400/452], Loss: 0.3906, Accuracy: 83.38 %
Predictions - 1s: 961, 0s: 845
True Labels - 1s: 943, 0s: 863
-------------------------------
Epoch [3/12] Loss: 0.3914, Accuracy: 83.17 %
-------------------------------
-------- Validation --------
Predictions - 1s: 217, 0s: 235
True Labels - 1s: 242, 0s: 210
Validation Loss: 0.3164, Validation Accuracy: 86.50 %
-------- Validation finished --------
Updated best model in epoch 3 saved with Validation Loss: 0.3164 and Validation Accuracy: 86.50 %
-------------------------------
Epoch [4/12], Step [100/452], Loss: 0.3828, Accuracy: 83.00 %
Epoch [4/12], Step [200/452], Loss: 0.3444, Accuracy: 85.50 %
Epoch [4/12], Step [300/452], Loss: 0.3634, Accuracy: 84.58 %
Epoch [4/12], Step [400/452], Loss: 0.3674, Accuracy: 84.38 %
Predictions - 1s: 960, 0s: 846
True Labels - 1s: 943, 0s: 863
-------------------------------
Epoch [4/12] Loss: 0.3655, Accuracy: 84.55 %
-------------------------------
-------- Validation --------
Predictions - 1s: 203, 0s: 249
True Labels - 1s: 242, 0s: 210
Validation Loss: 0.3231, Validation Accuracy: 86.06 %
-------- Validation finished --------
Epoch [5/12], Step [100/452], Loss: 0.3427, Accuracy: 85.25 %
Epoch [5/12], Step [200/452], Loss: 0.3391, Accuracy: 85.38 %
Epoch [5/12], Step [300/452], Loss: 0.3450, Accuracy: 84.83 %
Epoch [5/12], Step [400/452], Loss: 0.3419, Accuracy: 85.50 %
Predictions - 1s: 961, 0s: 845
True Labels - 1s: 943, 0s: 863
-------------------------------
Epoch [5/12] Loss: 0.3413, Accuracy: 85.49 %
-------------------------------
-------- Validation --------
Predictions - 1s: 223, 0s: 229
True Labels - 1s: 242, 0s: 210
Validation Loss: 0.3006, Validation Accuracy: 87.83 %
-------- Validation finished --------
Updated best model in epoch 5 saved with Validation Loss: 0.3006 and Validation Accuracy: 87.83 %
-------------------------------
Epoch [6/12], Step [100/452], Loss: 0.3165, Accuracy: 83.75 %
Epoch [6/12], Step [200/452], Loss: 0.3196, Accuracy: 85.38 %
Epoch [6/12], Step [300/452], Loss: 0.3376, Accuracy: 85.25 %
Epoch [6/12], Step [400/452], Loss: 0.3226, Accuracy: 86.31 %
Predictions - 1s: 978, 0s: 828
True Labels - 1s: 943, 0s: 863
-------------------------------
Epoch [6/12] Loss: 0.3320, Accuracy: 85.88 %
-------------------------------
-------- Validation --------
Predictions - 1s: 211, 0s: 241
True Labels - 1s: 242, 0s: 210
Validation Loss: 0.3176, Validation Accuracy: 86.50 %
-------- Validation finished --------
Epoch [7/12], Step [100/452], Loss: 0.3606, Accuracy: 83.25 %
Epoch [7/12], Step [200/452], Loss: 0.3539, Accuracy: 84.38 %
Epoch [7/12], Step [300/452], Loss: 0.3289, Accuracy: 85.58 %
Epoch [7/12], Step [400/452], Loss: 0.3215, Accuracy: 86.25 %
Predictions - 1s: 983, 0s: 823
True Labels - 1s: 943, 0s: 863
-------------------------------
Epoch [7/12] Loss: 0.3207, Accuracy: 86.49 %
-------------------------------
-------- Validation --------
Predictions - 1s: 230, 0s: 222
True Labels - 1s: 242, 0s: 210
Validation Loss: 0.2909, Validation Accuracy: 88.05 %
-------- Validation finished --------
Updated best model in epoch 7 saved with Validation Loss: 0.2909 and Validation Accuracy: 88.05 %
-------------------------------
Epoch [8/12], Step [100/452], Loss: 0.3119, Accuracy: 87.75 %
Epoch [8/12], Step [200/452], Loss: 0.3212, Accuracy: 87.25 %
Epoch [8/12], Step [300/452], Loss: 0.3197, Accuracy: 87.08 %
Epoch [8/12], Step [400/452], Loss: 0.3145, Accuracy: 87.25 %
Predictions - 1s: 972, 0s: 834
True Labels - 1s: 943, 0s: 863
-------------------------------
Epoch [8/12] Loss: 0.3112, Accuracy: 87.32 %
-------------------------------
-------- Validation --------
Predictions - 1s: 237, 0s: 215
True Labels - 1s: 242, 0s: 210
Validation Loss: 0.2879, Validation Accuracy: 88.72 %
-------- Validation finished --------
Updated best model in epoch 8 saved with Validation Loss: 0.2879 and Validation Accuracy: 88.72 %
-------------------------------
Epoch [9/12], Step [100/452], Loss: 0.2876, Accuracy: 87.25 %
Epoch [9/12], Step [200/452], Loss: 0.2794, Accuracy: 88.38 %
Epoch [9/12], Step [300/452], Loss: 0.2880, Accuracy: 88.08 %
Epoch [9/12], Step [400/452], Loss: 0.2980, Accuracy: 87.19 %
Predictions - 1s: 981, 0s: 825
True Labels - 1s: 943, 0s: 863
-------------------------------
Epoch [9/12] Loss: 0.3059, Accuracy: 87.04 %
-------------------------------
-------- Validation --------
Predictions - 1s: 232, 0s: 220
True Labels - 1s: 242, 0s: 210
Validation Loss: 0.2905, Validation Accuracy: 88.05 %
-------- Validation finished --------
Epoch [10/12], Step [100/452], Loss: 0.2435, Accuracy: 91.50 %
Epoch [10/12], Step [200/452], Loss: 0.2724, Accuracy: 89.25 %
Epoch [10/12], Step [300/452], Loss: 0.2770, Accuracy: 89.25 %
Epoch [10/12], Step [400/452], Loss: 0.2919, Accuracy: 88.19 %
Predictions - 1s: 976, 0s: 830
True Labels - 1s: 943, 0s: 863
-------------------------------
Epoch [10/12] Loss: 0.3040, Accuracy: 87.54 %
-------------------------------
-------- Validation --------
Predictions - 1s: 223, 0s: 229
True Labels - 1s: 242, 0s: 210
Validation Loss: 0.3042, Validation Accuracy: 88.27 %
-------- Validation finished --------
Epoch [11/12], Step [100/452], Loss: 0.3475, Accuracy: 85.00 %
Epoch [11/12], Step [200/452], Loss: 0.3081, Accuracy: 86.62 %
Epoch [11/12], Step [300/452], Loss: 0.3016, Accuracy: 87.17 %
Epoch [11/12], Step [400/452], Loss: 0.3001, Accuracy: 87.69 %
Predictions - 1s: 967, 0s: 839
True Labels - 1s: 943, 0s: 863
-------------------------------
Epoch [11/12] Loss: 0.2954, Accuracy: 88.04 %
-------------------------------
-------- Validation --------
Predictions - 1s: 241, 0s: 211
True Labels - 1s: 242, 0s: 210
Validation Loss: 0.2825, Validation Accuracy: 88.27 %
-------- Validation finished --------
Updated best model in epoch 11 saved with Validation Loss: 0.2825 and Validation Accuracy: 88.27 %
-------------------------------
Epoch [12/12], Step [100/452], Loss: 0.2740, Accuracy: 88.75 %
Epoch [12/12], Step [200/452], Loss: 0.2797, Accuracy: 89.12 %
Epoch [12/12], Step [300/452], Loss: 0.2746, Accuracy: 89.25 %
Epoch [12/12], Step [400/452], Loss: 0.2836, Accuracy: 89.00 %
Predictions - 1s: 985, 0s: 821
True Labels - 1s: 943, 0s: 863
-------------------------------
Epoch [12/12] Loss: 0.2843, Accuracy: 88.93 %
-------------------------------
-------- Validation --------
Predictions - 1s: 240, 0s: 212
True Labels - 1s: 242, 0s: 210
Validation Loss: 0.2846, Validation Accuracy: 88.05 %
-------- Validation finished --------
Best model in epoch 11 saved with with Validation Loss: 0.2825 and Validation Accuracy: 88.27 %

-------- Training finished in 1:10 --------

Test flag enabled. Testing the model

-------- Loading best model from model_path --------
Loaded model bert-tiny from date 19-03-2024 18:09. Trained with Centralised Machine Learning technology.
Epoch 11, lr: 6e-05, optimizer: AdamW
Train accuracy: 88.04 %, Validation accuracy: 88.27 %
-------- Best model loaded --------

-------- Creating Test Dataloader --------
Test Loader: 564 total sentences. 71 batches of size 8.
-------- Test Dataloader created --------

-------- Testing --------
Predictions - 1s: 287, 0s: 277
True Labels - 1s: 296, 0s: 268
Nº of test samples: 564
Accuracy: 87.77%
Accuracy 2 : 87.77%
Precision: 87.73%
Recall: 87.82%
F1 Score: 87.75%
Classification report:
              precision    recall  f1-score   support

           0     0.8592    0.8881    0.8734       268
           1     0.8955    0.8682    0.8816       296

    accuracy                         0.8777       564
   macro avg     0.8773    0.8782    0.8775       564
weighted avg     0.8782    0.8777    0.8777       564

-------- Testing finished --------
