Current configuration:
{
    "concurrency_flag": false,
    "data_distribution": "iid",
    "dataset": "mixed_depression",
    "device": "cuda",
    "dp_delta": 0.003,
    "dp_epsilon": 0.5,
    "eval_batch_size": 4,
    "eval_flag": true,
    "eval_size": 0.2,
    "fed_alg": "fedavg",
    "layers": 3,
    "learning_rate": 6e-05,
    "max_length": 512,
    "ml_mode": "ml",
    "model": "bert_small",
    "model_name": "ml_0.5_mixed_depression",
    "models_path": "/local/vpaloma/fabric-federated-learning/ablation_study/6-ml_mode-model-data_dist-dp/mixed_depression",
    "mu": 0.5,
    "num_clients": 5,
    "num_epochs": 10,
    "num_rounds": 4,
    "optimizer": "AdamW",
    "progress_bar_flag": false,
    "save_model": true,
    "scheduler": "linear",
    "scheduler_warmup_steps": 0,
    "seed": 0,
    "test_flag": true,
    "train_batch_size": 4,
    "train_size": 0.8
}
-------- Configuration loaded --------

-------- Setting device --------
cuda device selected and available.
-------- Device set --------

-------- Setting seed --------
-------- Seed set --------

-------- Creating Model --------
-------- Model created --------

-------- Setting Trainable Layers --------
Training the last 3 layers.

Total parameters count: 28764674
Trainable parameters count: 3416066
-------- Trainable Layers set --------

-------- Creating Tokenizer --------
-------- Tokenizer created --------

-------- Creating Train and Eval Dataloaders --------
Train Loader: 1806 total sentences. 452 batches of size 4.
Eval Loader: 452 total sentences. 113 batches of size 4.
-------- Train and Eval Dataloaders created --------

-------- Creating Optimizer --------
-------- Optimizer created --------

-------- Creating Scheduler --------
-------- Scheduler created --------

-------- Training --------
Training with Centralised Machine Learning technology.
Training with differential privacy.
Epoch [1/10], Step [100/452], Loss: 0.7104, Accuracy: 51.00 %
Epoch [1/10], Step [200/452], Loss: 0.7103, Accuracy: 50.25 %
Epoch [1/10], Step [300/452], Loss: 0.7165, Accuracy: 49.42 %
Epoch [1/10], Step [400/452], Loss: 0.7183, Accuracy: 49.50 %
-------------------------------
Epoch [1/10] Loss: 0.7188, Accuracy: 49.28 %
-------------------------------
-------- Validation --------
Validation Loss: 0.7044, Validation Accuracy: 48.45 %
-------- Validation finished --------
Updated best model in epoch 1 saved with Validation Accuracy: 48.45 %
-------------------------------
Epoch [2/10], Step [100/452], Loss: 0.7154, Accuracy: 47.50 %
Epoch [2/10], Step [200/452], Loss: 0.7041, Accuracy: 49.88 %
Epoch [2/10], Step [300/452], Loss: 0.7051, Accuracy: 50.08 %
Epoch [2/10], Step [400/452], Loss: 0.7046, Accuracy: 49.75 %
-------------------------------
Epoch [2/10] Loss: 0.7058, Accuracy: 49.45 %
-------------------------------
-------- Validation --------
Validation Loss: 0.6912, Validation Accuracy: 49.56 %
-------- Validation finished --------
Updated best model in epoch 2 saved with Validation Accuracy: 49.56 %
-------------------------------
Epoch [3/10], Step [100/452], Loss: 0.7109, Accuracy: 49.75 %
Epoch [3/10], Step [200/452], Loss: 0.6979, Accuracy: 52.12 %
Epoch [3/10], Step [300/452], Loss: 0.7010, Accuracy: 51.67 %
Epoch [3/10], Step [400/452], Loss: 0.6988, Accuracy: 52.00 %
-------------------------------
Epoch [3/10] Loss: 0.6969, Accuracy: 52.49 %
-------------------------------
-------- Validation --------
Validation Loss: 0.6847, Validation Accuracy: 50.00 %
-------- Validation finished --------
Updated best model in epoch 3 saved with Validation Accuracy: 50.00 %
-------------------------------
Epoch [4/10], Step [100/452], Loss: 0.6975, Accuracy: 53.25 %
Epoch [4/10], Step [200/452], Loss: 0.6921, Accuracy: 54.38 %
Epoch [4/10], Step [300/452], Loss: 0.6870, Accuracy: 54.75 %
Epoch [4/10], Step [400/452], Loss: 0.6842, Accuracy: 55.19 %
-------------------------------
Epoch [4/10] Loss: 0.6829, Accuracy: 55.43 %
-------------------------------
-------- Validation --------
Validation Loss: 0.6738, Validation Accuracy: 55.53 %
-------- Validation finished --------
Updated best model in epoch 4 saved with Validation Accuracy: 55.53 %
-------------------------------
Epoch [5/10], Step [100/452], Loss: 0.6884, Accuracy: 56.50 %
Epoch [5/10], Step [200/452], Loss: 0.6848, Accuracy: 57.12 %
Epoch [5/10], Step [300/452], Loss: 0.6804, Accuracy: 57.67 %
Epoch [5/10], Step [400/452], Loss: 0.6795, Accuracy: 57.19 %
-------------------------------
Epoch [5/10] Loss: 0.6774, Accuracy: 57.59 %
-------------------------------
-------- Validation --------
Validation Loss: 0.6681, Validation Accuracy: 58.19 %
-------- Validation finished --------
Updated best model in epoch 5 saved with Validation Accuracy: 58.19 %
-------------------------------
Epoch [6/10], Step [100/452], Loss: 0.6791, Accuracy: 56.25 %
Epoch [6/10], Step [200/452], Loss: 0.6859, Accuracy: 54.38 %
Epoch [6/10], Step [300/452], Loss: 0.6771, Accuracy: 56.50 %
Epoch [6/10], Step [400/452], Loss: 0.6721, Accuracy: 57.94 %
-------------------------------
Epoch [6/10] Loss: 0.6717, Accuracy: 57.81 %
-------------------------------
-------- Validation --------
Validation Loss: 0.6638, Validation Accuracy: 59.73 %
-------- Validation finished --------
Updated best model in epoch 6 saved with Validation Accuracy: 59.73 %
-------------------------------
Epoch [7/10], Step [100/452], Loss: 0.6760, Accuracy: 58.00 %
Epoch [7/10], Step [200/452], Loss: 0.6760, Accuracy: 57.75 %
Epoch [7/10], Step [300/452], Loss: 0.6794, Accuracy: 56.17 %
Epoch [7/10], Step [400/452], Loss: 0.6740, Accuracy: 57.56 %
-------------------------------
Epoch [7/10] Loss: 0.6745, Accuracy: 57.42 %
-------------------------------
-------- Validation --------
Validation Loss: 0.6588, Validation Accuracy: 61.95 %
-------- Validation finished --------
Updated best model in epoch 7 saved with Validation Accuracy: 61.95 %
-------------------------------
Epoch [8/10], Step [100/452], Loss: 0.6593, Accuracy: 62.25 %
Epoch [8/10], Step [200/452], Loss: 0.6743, Accuracy: 58.00 %
Epoch [8/10], Step [300/452], Loss: 0.6654, Accuracy: 59.83 %
Epoch [8/10], Step [400/452], Loss: 0.6657, Accuracy: 60.12 %
-------------------------------
Epoch [8/10] Loss: 0.6665, Accuracy: 59.97 %
-------------------------------
-------- Validation --------
Validation Loss: 0.6563, Validation Accuracy: 63.05 %
-------- Validation finished --------
Updated best model in epoch 8 saved with Validation Accuracy: 63.05 %
-------------------------------
Epoch [9/10], Step [100/452], Loss: 0.6566, Accuracy: 63.75 %
Epoch [9/10], Step [200/452], Loss: 0.6628, Accuracy: 62.50 %
Epoch [9/10], Step [300/452], Loss: 0.6659, Accuracy: 61.25 %
Epoch [9/10], Step [400/452], Loss: 0.6651, Accuracy: 61.19 %
-------------------------------
Epoch [9/10] Loss: 0.6637, Accuracy: 61.13 %
-------------------------------
-------- Validation --------
Validation Loss: 0.6550, Validation Accuracy: 64.82 %
-------- Validation finished --------
Updated best model in epoch 9 saved with Validation Accuracy: 64.82 %
-------------------------------
Epoch [10/10], Step [100/452], Loss: 0.6772, Accuracy: 56.75 %
Epoch [10/10], Step [200/452], Loss: 0.6669, Accuracy: 60.38 %
Epoch [10/10], Step [300/452], Loss: 0.6663, Accuracy: 60.33 %
Epoch [10/10], Step [400/452], Loss: 0.6601, Accuracy: 61.62 %
-------------------------------
Epoch [10/10] Loss: 0.6613, Accuracy: 60.96 %
-------------------------------
-------- Validation --------
Validation Loss: 0.6543, Validation Accuracy: 65.71 %
-------- Validation finished --------
Updated best model in epoch 10 saved with Validation Accuracy: 65.71 %
-------------------------------
Best model in epoch 10 saved with Validation Accuracy: 65.71 %

-------- Training finished in 13:15 --------

Test flag enabled. Testing the model

-------- Loading best model from model_path --------
Loaded model bert-small from date 06-02-2024 10:07. Trained with Centralised Machine Learning technology.
Epoch 10, lr: 6e-05, optimizer: DPOptimizer
Train accuracy: 60.96 %, Validation accuracy: 65.71 %
-------- Best model loaded --------

-------- Creating Test Dataloader --------
Test Loader: 564 total sentences. 71 batches of size 8.
-------- Test Dataloader created --------

-------- Testing --------
Nº of test samples: 564
Accuracy: 60.99%
Precision: 72.36%
Recall: 62.66%
F1 Score: 56.99%
-------- Testing finished --------
