Current configuration:
{
    "concurrency_flag": false,
    "data_distribution": "iid",
    "dataset": "twitter_dep",
    "device": "cuda",
    "dp_delta": 0.003,
    "dp_epsilon": 0.5,
    "eval_batch_size": 4,
    "eval_flag": true,
    "eval_size": 0.2,
    "fed_alg": "fedavg",
    "layers": 3,
    "learning_rate": 6e-05,
    "max_length": 512,
    "ml_mode": "ml",
    "model": "bert_small",
    "model_name": "ml_0.5_twitter_dep",
    "models_path": "/local/vpaloma/fabric-federated-learning/ablation_study/phase-2/1-ml_mode-dataset-dp/twitter_dep",
    "mu": 0.5,
    "num_clients": 5,
    "num_epochs": 12,
    "num_rounds": 4,
    "optimizer": "AdamW",
    "progress_bar_flag": false,
    "save_model": true,
    "scheduler": "linear",
    "scheduler_warmup_steps": 0,
    "seed": 0,
    "test_flag": true,
    "train_batch_size": 4,
    "train_size": 0.8
}
-------- Configuration loaded --------

-------- Setting device --------
cuda device selected and available.
-------- Device set --------

-------- Setting seed --------
-------- Seed set --------

-------- Creating Model --------
-------- Model created --------

-------- Setting Trainable Layers --------
Training the last 3 layers.

Total parameters count: 28764674
Trainable parameters count: 3416066
-------- Trainable Layers set --------

-------- Creating Tokenizer --------
-------- Tokenizer created --------

-------- Creating Train and Eval Dataloaders --------
Train Loader: 1982 total sentences. 496 batches of size 4.
Eval Loader: 496 total sentences. 124 batches of size 4.
-------- Train and Eval Dataloaders created --------

-------- Creating Optimizer --------
-------- Optimizer created --------

-------- Creating Scheduler --------
-------- Scheduler created --------

-------- Training --------
Training with Centralised Machine Learning technology.
Training with differential privacy.
Epoch [1/12], Step [100/496], Loss: 0.6671, Accuracy: 63.50 %, Epsilon: 0.04, Delta: 0.0030
Epoch [1/12], Step [200/496], Loss: 0.6585, Accuracy: 66.12 %, Epsilon: 0.07, Delta: 0.0030
Epoch [1/12], Step [300/496], Loss: 0.6532, Accuracy: 66.92 %, Epsilon: 0.08, Delta: 0.0030
Epoch [1/12], Step [400/496], Loss: 0.6407, Accuracy: 68.88 %, Epsilon: 0.10, Delta: 0.0030
-------------------------------
Epoch [1/12] Loss: 0.6358, Accuracy: 69.53 %, Epsilon: 0.11, Delta: 0.0030
-------------------------------
-------- Validation --------
Validation Loss: 0.5830, Validation Accuracy: 75.40 %
-------- Validation finished --------
Updated best model in epoch 1 saved with Validation Accuracy: 75.40 %
-------------------------------
Epoch [2/12], Step [100/496], Loss: 0.5841, Accuracy: 75.00 %, Epsilon: 0.13, Delta: 0.0030
Epoch [2/12], Step [200/496], Loss: 0.6031, Accuracy: 73.50 %, Epsilon: 0.14, Delta: 0.0030
Epoch [2/12], Step [300/496], Loss: 0.6030, Accuracy: 73.67 %, Epsilon: 0.15, Delta: 0.0030
Epoch [2/12], Step [400/496], Loss: 0.6322, Accuracy: 72.12 %, Epsilon: 0.16, Delta: 0.0030
-------------------------------
Epoch [2/12] Loss: 0.6351, Accuracy: 72.15 %, Epsilon: 0.17, Delta: 0.0030
-------------------------------
-------- Validation --------
Validation Loss: 0.6021, Validation Accuracy: 75.40 %
-------- Validation finished --------
Updated best model in epoch 2 saved with Validation Accuracy: 75.40 %
-------------------------------
Epoch [3/12], Step [100/496], Loss: 0.6667, Accuracy: 72.25 %, Epsilon: 0.18, Delta: 0.0030
Epoch [3/12], Step [200/496], Loss: 0.6997, Accuracy: 70.88 %, Epsilon: 0.19, Delta: 0.0030
Epoch [3/12], Step [300/496], Loss: 0.6751, Accuracy: 72.83 %, Epsilon: 0.20, Delta: 0.0030
Epoch [3/12], Step [400/496], Loss: 0.7046, Accuracy: 71.94 %, Epsilon: 0.21, Delta: 0.0030
-------------------------------
Epoch [3/12] Loss: 0.7036, Accuracy: 72.15 %, Epsilon: 0.22, Delta: 0.0030
-------------------------------
-------- Validation --------
Validation Loss: 0.6825, Validation Accuracy: 75.40 %
-------- Validation finished --------
Updated best model in epoch 3 saved with Validation Accuracy: 75.40 %
-------------------------------
Epoch [4/12], Step [100/496], Loss: 0.7605, Accuracy: 73.00 %, Epsilon: 0.23, Delta: 0.0030
Epoch [4/12], Step [200/496], Loss: 0.7658, Accuracy: 72.88 %, Epsilon: 0.23, Delta: 0.0030
Epoch [4/12], Step [300/496], Loss: 0.7731, Accuracy: 72.92 %, Epsilon: 0.24, Delta: 0.0030
Epoch [4/12], Step [400/496], Loss: 0.8075, Accuracy: 72.00 %, Epsilon: 0.25, Delta: 0.0030
-------------------------------
Epoch [4/12] Loss: 0.8156, Accuracy: 72.15 %, Epsilon: 0.26, Delta: 0.0030
-------------------------------
-------- Validation --------
Validation Loss: 0.7816, Validation Accuracy: 75.40 %
-------- Validation finished --------
Updated best model in epoch 4 saved with Validation Accuracy: 75.40 %
-------------------------------
Epoch [5/12], Step [100/496], Loss: 0.8999, Accuracy: 71.50 %, Epsilon: 0.27, Delta: 0.0030
Epoch [5/12], Step [200/496], Loss: 0.9327, Accuracy: 70.75 %, Epsilon: 0.27, Delta: 0.0030
Epoch [5/12], Step [300/496], Loss: 0.9613, Accuracy: 70.17 %, Epsilon: 0.28, Delta: 0.0030
Epoch [5/12], Step [400/496], Loss: 0.9364, Accuracy: 71.31 %, Epsilon: 0.29, Delta: 0.0030
-------------------------------
Epoch [5/12] Loss: 0.9213, Accuracy: 72.15 %, Epsilon: 0.29, Delta: 0.0030
-------------------------------
-------- Validation --------
Validation Loss: 0.8820, Validation Accuracy: 75.40 %
-------- Validation finished --------
Updated best model in epoch 5 saved with Validation Accuracy: 75.40 %
-------------------------------
Epoch [6/12], Step [100/496], Loss: 0.9354, Accuracy: 73.75 %, Epsilon: 0.30, Delta: 0.0030
Epoch [6/12], Step [200/496], Loss: 0.9129, Accuracy: 74.62 %, Epsilon: 0.31, Delta: 0.0030
Epoch [6/12], Step [300/496], Loss: 1.0199, Accuracy: 72.17 %, Epsilon: 0.32, Delta: 0.0030
Epoch [6/12], Step [400/496], Loss: 1.0262, Accuracy: 72.19 %, Epsilon: 0.32, Delta: 0.0030
-------------------------------
Epoch [6/12] Loss: 1.0397, Accuracy: 72.15 %, Epsilon: 0.33, Delta: 0.0030
-------------------------------
-------- Validation --------
Validation Loss: 0.9811, Validation Accuracy: 75.40 %
-------- Validation finished --------
Updated best model in epoch 6 saved with Validation Accuracy: 75.40 %
-------------------------------
Epoch [7/12], Step [100/496], Loss: 1.0525, Accuracy: 73.75 %, Epsilon: 0.33, Delta: 0.0030
Epoch [7/12], Step [200/496], Loss: 1.0544, Accuracy: 73.62 %, Epsilon: 0.34, Delta: 0.0030
Epoch [7/12], Step [300/496], Loss: 1.1068, Accuracy: 72.58 %, Epsilon: 0.35, Delta: 0.0030
Epoch [7/12], Step [400/496], Loss: 1.0950, Accuracy: 73.06 %, Epsilon: 0.35, Delta: 0.0030
-------------------------------
Epoch [7/12] Loss: 1.1399, Accuracy: 72.15 %, Epsilon: 0.36, Delta: 0.0030
-------------------------------
-------- Validation --------
Validation Loss: 1.0579, Validation Accuracy: 75.40 %
-------- Validation finished --------
Updated best model in epoch 7 saved with Validation Accuracy: 75.40 %
-------------------------------
Epoch [8/12], Step [100/496], Loss: 1.1802, Accuracy: 72.50 %, Epsilon: 0.37, Delta: 0.0030
Epoch [8/12], Step [200/496], Loss: 1.1907, Accuracy: 72.50 %, Epsilon: 0.37, Delta: 0.0030
Epoch [8/12], Step [300/496], Loss: 1.1642, Accuracy: 73.17 %, Epsilon: 0.38, Delta: 0.0030
Epoch [8/12], Step [400/496], Loss: 1.1800, Accuracy: 72.94 %, Epsilon: 0.38, Delta: 0.0030
-------------------------------
Epoch [8/12] Loss: 1.2219, Accuracy: 72.15 %, Epsilon: 0.39, Delta: 0.0030
-------------------------------
-------- Validation --------
Validation Loss: 1.1295, Validation Accuracy: 75.40 %
-------- Validation finished --------
Updated best model in epoch 8 saved with Validation Accuracy: 75.40 %
-------------------------------
Epoch [9/12], Step [100/496], Loss: 1.1887, Accuracy: 73.50 %, Epsilon: 0.40, Delta: 0.0030
Epoch [9/12], Step [200/496], Loss: 1.2226, Accuracy: 73.12 %, Epsilon: 0.40, Delta: 0.0030
Epoch [9/12], Step [300/496], Loss: 1.2640, Accuracy: 72.33 %, Epsilon: 0.41, Delta: 0.0030
Epoch [9/12], Step [400/496], Loss: 1.2701, Accuracy: 72.38 %, Epsilon: 0.41, Delta: 0.0030
-------------------------------
Epoch [9/12] Loss: 1.2868, Accuracy: 72.15 %, Epsilon: 0.42, Delta: 0.0030
-------------------------------
-------- Validation --------
Validation Loss: 1.1864, Validation Accuracy: 75.40 %
-------- Validation finished --------
Updated best model in epoch 9 saved with Validation Accuracy: 75.40 %
-------------------------------
Epoch [10/12], Step [100/496], Loss: 1.3057, Accuracy: 72.25 %, Epsilon: 0.42, Delta: 0.0030
Epoch [10/12], Step [200/496], Loss: 1.3556, Accuracy: 71.38 %, Epsilon: 0.43, Delta: 0.0030
Epoch [10/12], Step [300/496], Loss: 1.3625, Accuracy: 71.42 %, Epsilon: 0.43, Delta: 0.0030
Epoch [10/12], Step [400/496], Loss: 1.3959, Accuracy: 70.88 %, Epsilon: 0.44, Delta: 0.0030
-------------------------------
Epoch [10/12] Loss: 1.3399, Accuracy: 72.15 %, Epsilon: 0.44, Delta: 0.0030
-------------------------------
-------- Validation --------
Validation Loss: 1.2249, Validation Accuracy: 75.40 %
-------- Validation finished --------
Updated best model in epoch 10 saved with Validation Accuracy: 75.40 %
-------------------------------
Epoch [11/12], Step [100/496], Loss: 1.5627, Accuracy: 68.00 %, Epsilon: 0.45, Delta: 0.0030
Epoch [11/12], Step [200/496], Loss: 1.4772, Accuracy: 70.00 %, Epsilon: 0.46, Delta: 0.0030
Epoch [11/12], Step [300/496], Loss: 1.4198, Accuracy: 71.17 %, Epsilon: 0.46, Delta: 0.0030
Epoch [11/12], Step [400/496], Loss: 1.3847, Accuracy: 72.00 %, Epsilon: 0.47, Delta: 0.0030
-------------------------------
Epoch [11/12] Loss: 1.3784, Accuracy: 72.15 %, Epsilon: 0.47, Delta: 0.0030
-------------------------------
-------- Validation --------
Validation Loss: 1.2485, Validation Accuracy: 75.40 %
-------- Validation finished --------
Updated best model in epoch 11 saved with Validation Accuracy: 75.40 %
-------------------------------
Epoch [12/12], Step [100/496], Loss: 1.2617, Accuracy: 75.00 %, Epsilon: 0.48, Delta: 0.0030
Epoch [12/12], Step [200/496], Loss: 1.2332, Accuracy: 75.50 %, Epsilon: 0.48, Delta: 0.0030
Epoch [12/12], Step [300/496], Loss: 1.3662, Accuracy: 72.83 %, Epsilon: 0.49, Delta: 0.0030
Epoch [12/12], Step [400/496], Loss: 1.4247, Accuracy: 71.62 %, Epsilon: 0.49, Delta: 0.0030
-------------------------------
Epoch [12/12] Loss: 1.4001, Accuracy: 72.15 %, Epsilon: 0.50, Delta: 0.0030
-------------------------------
-------- Validation --------
Validation Loss: 1.2567, Validation Accuracy: 75.40 %
-------- Validation finished --------
Updated best model in epoch 12 saved with Validation Accuracy: 75.40 %
-------------------------------
Best model in epoch 12 saved with Validation Accuracy: 75.40 %

-------- Training finished in 3:51 --------

Test flag enabled. Testing the model

-------- Loading best model from model_path --------
Loaded model bert-small from date 13-03-2024 18:07. Trained with Centralised Machine Learning technology.
Epoch 12, lr: 6e-05, optimizer: DPOptimizer
Train accuracy: 72.15 %, Validation accuracy: 75.40 %
-------- Best model loaded --------

-------- Creating Test Dataloader --------
Test Loader: 618 total sentences. 78 batches of size 8.
-------- Test Dataloader created --------

-------- Testing --------
Nº of test samples: 618
Accuracy: 72.82%
Precision: 36.41%
Recall: 50.00%
F1 Score: 42.13%
-------- Testing finished --------
