Current configuration:
{
    "concurrency_flag": true,
    "data_distribution": "iid",
    "dataset": "acl_dep_sad",
    "device": "cuda",
    "dp_delta": 0.003,
    "dp_epsilon": 0.0,
    "eval_batch_size": 4,
    "eval_flag": true,
    "eval_size": 0.2,
    "fed_alg": "fedavg",
    "layers": 3,
    "learning_rate": 6e-05,
    "max_length": 512,
    "ml_mode": "bcfl",
    "model": "bert_small",
    "model_name": "bcfl_small_seed3_acl_dep_sad",
    "models_path": "/local/vpaloma/fabric-federated-learning/ablation_study/phase-4/final/accs-times/acl_dep_sad/",
    "mu": 0.5,
    "num_clients": 5,
    "num_epochs": 3,
    "num_rounds": 4,
    "optimizer": "AdamW",
    "progress_bar_flag": false,
    "save_model": true,
    "scheduler": "linear",
    "scheduler_warmup_steps": 0,
    "seed": "random",
    "test_flag": true,
    "train_batch_size": 4,
    "train_size": 0.8
}
-------- Configuration loaded --------

-------- Setting device --------
cuda device selected and available.
-------- Device set --------

-------- Setting seed --------
seed set:  905860
-------- Seed set --------

-------- Creating Model --------
-------- Model created --------

-------- Setting Trainable Layers --------
Training the last 3 layers.

Total parameters count: 28764674
Trainable parameters count: 3416066
-------- Trainable Layers set --------

-------- Creating Tokenizer --------
-------- Tokenizer created --------

-------- Creating Train and Eval Dataloaders --------
Train Loader: 2085 total sentences. 522 batches of size 4.
Eval Loader: 521 total sentences. 131 batches of size 4.
-------- Train and Eval Dataloaders created --------

-------- Training --------
Training with Blockchain-Based Federated Learning technology.
Training without differential privacy.
Federated averaging algorithm selected.
Client 0: Label 0: 243, Label 1: 174
Client 1: Label 0: 243, Label 1: 174
Client 2: Label 0: 257, Label 1: 160
Client 3: Label 0: 239, Label 1: 178
Client 4: Label 0: 240, Label 1: 177

Round 1 of 4
-------------------------------
Predictions - 1s: 146, 0s: 271
True Labels - 1s: 178, 0s: 239
Client 4 of 5: Local Epoch [1/3] Loss: 0.4799, Accuracy: 77.46 %
Predictions - 1s: 130, 0s: 287
True Labels - 1s: 177, 0s: 240
Client 5 of 5: Local Epoch [1/3] Loss: 0.4541, Accuracy: 80.10 %
Predictions - 1s: 137, 0s: 280
True Labels - 1s: 174, 0s: 243
Client 1 of 5: Local Epoch [1/3] Loss: 0.4510, Accuracy: 78.66 %
Predictions - 1s: 145, 0s: 272
Predictions - 1s: 125, 0s: 292
True Labels - 1s: 174, 0s: 243
Client 2 of 5: Local Epoch [1/3] Loss: 0.4965, Accuracy: 76.26 %
True Labels - 1s: 160, 0s: 257
Client 3 of 5: Local Epoch [1/3] Loss: 0.4661, Accuracy: 77.22 %
Predictions - 1s: 174, 0s: 243
True Labels - 1s: 178, 0s: 239
Client 4 of 5: Local Epoch [2/3] Loss: 0.2766, Accuracy: 89.93 %
Predictions - 1s: 170, 0s: 247
True Labels - 1s: 174, 0s: 243
Client 2 of 5: Local Epoch [2/3] Loss: 0.3049, Accuracy: 88.97 %
Predictions - 1s: 170, 0s: 247
True Labels - 1s: 160, 0s: 257
Client 3 of 5: Local Epoch [2/3] Loss: 0.2500, Accuracy: 92.33 %
Predictions - 1s: 173, 0s: 244
True Labels - 1s: 177, 0s: 240
Client 5 of 5: Local Epoch [2/3] Loss: 0.2378, Accuracy: 91.37 %
Predictions - 1s: 175, 0s: 242
True Labels - 1s: 174, 0s: 243
Client 1 of 5: Local Epoch [2/3] Loss: 0.2804, Accuracy: 88.73 %
Predictions - 1s: 179, 0s: 238
True Labels - 1s: 178, 0s: 239
Client 4 of 5: Local Epoch [3/3] Loss: 0.2181, Accuracy: 92.57 %
Predictions - 1s: 179, 0s: 238
True Labels - 1s: 174, 0s: 243
Client 2 of 5: Local Epoch [3/3] Loss: 0.2307, Accuracy: 92.57 %
Predictions - 1s: 160, 0s: 257
True Labels - 1s: 160, 0s: 257
Client 3 of 5: Local Epoch [3/3] Loss: 0.1903, Accuracy: 93.76 %
Predictions - 1s: 170, 0s: 247
True Labels - 1s: 174, 0s: 243
Client 1 of 5: Local Epoch [3/3] Loss: 0.2616, Accuracy: 89.93 %
Predictions - 1s: 178, 0s: 239
True Labels - 1s: 177, 0s: 240
Client 5 of 5: Local Epoch [3/3] Loss: 0.1813, Accuracy: 94.00 %
-------------------------------
Round [1/4] Average Local Loss: 0.2164, Average Local Accuracy: 92.57 %
-------------------------------
-------- Validation --------
Predictions - 1s: 227, 0s: 294
True Labels - 1s: 211, 0s: 310
Round [1/4] Global Model Validation Loss: 0.2410, Validation Accuracy: 90.40 %
-------- Validation finished --------
Updated best model in round 1 saved with Validation Loss: 0.2410 and Validation Accuracy: 90.40 %
-------------------------------

Round 2 of 4
-------------------------------
Predictions - 1s: 174, 0s: 243
Predictions - 1s: 177, 0s: 240
True Labels - 1s: 177, 0s: 240
True Labels - 1s: 178, 0s: 239
Client 4 of 5: Local Epoch [1/3] Loss: 0.2857, Accuracy: 88.73 %
Client 5 of 5: Local Epoch [1/3] Loss: 0.2500, Accuracy: 91.13 %
Predictions - 1s: 176, 0s: 241
True Labels - 1s: 174, 0s: 243
Client 1 of 5: Local Epoch [1/3] Loss: 0.2867, Accuracy: 89.45 %
Predictions - 1s: 172, 0s: 245
True Labels - 1s: 174, 0s: 243
Client 2 of 5: Local Epoch [1/3] Loss: 0.2854, Accuracy: 89.93 %
Predictions - 1s: 162, 0s: 255
True Labels - 1s: 160, 0s: 257
Client 3 of 5: Local Epoch [1/3] Loss: 0.2272, Accuracy: 89.93 %
Predictions - 1s: 170, 0s: 247
True Labels - 1s: 174, 0s: 243
Client 1 of 5: Local Epoch [2/3] Loss: 0.1959, Accuracy: 92.81 %
Predictions - 1s: 176, 0s: 241
True Labels - 1s: 177, 0s: 240
Client 5 of 5: Local Epoch [2/3] Loss: 0.1832, Accuracy: 93.05 %
Predictions - 1s: 179, 0s: 238
True Labels - 1s: 174, 0s: 243
Client 2 of 5: Local Epoch [2/3] Loss: 0.2148, Accuracy: 92.57 %
Predictions - 1s: 163, 0s: 254
True Labels - 1s: 160, 0s: 257
Client 3 of 5: Local Epoch [2/3] Loss: 0.1744, Accuracy: 94.00 %
Predictions - 1s: 174, 0s: 243
True Labels - 1s: 178, 0s: 239
Client 4 of 5: Local Epoch [2/3] Loss: 0.2011, Accuracy: 92.81 %
Predictions - 1s: 171, 0s: 246
True Labels - 1s: 174, 0s: 243
Client 1 of 5: Local Epoch [3/3] Loss: 0.1843, Accuracy: 94.00 %
Predictions - 1s: 180, 0s: 237
True Labels - 1s: 178, 0s: 239
Client 4 of 5: Local Epoch [3/3] Loss: 0.1656, Accuracy: 94.72 %
Predictions - 1s: 180, 0s: 237
True Labels - 1s: 174, 0s: 243
Client 2 of 5: Local Epoch [3/3] Loss: 0.1736, Accuracy: 94.24 %
Predictions - 1s: 175, 0s: 242
True Labels - 1s: 177, 0s: 240
Client 5 of 5: Local Epoch [3/3] Loss: 0.1384, Accuracy: 96.16 %
Predictions - 1s: 162, 0s: 255
True Labels - 1s: 160, 0s: 257
Client 3 of 5: Local Epoch [3/3] Loss: 0.1380, Accuracy: 95.20 %
-------------------------------
Round [2/4] Average Local Loss: 0.1600, Average Local Accuracy: 94.87 %
-------------------------------
-------- Validation --------
Predictions - 1s: 223, 0s: 298
True Labels - 1s: 211, 0s: 310
Round [2/4] Global Model Validation Loss: 0.2029, Validation Accuracy: 90.79 %
-------- Validation finished --------
Updated best model in round 2 saved with Validation Loss: 0.2029 and Validation Accuracy: 90.79 %
-------------------------------

Round 3 of 4
-------------------------------
Predictions - 1s: 180, 0s: 237
True Labels - 1s: 174, 0s: 243
Client 1 of 5: Local Epoch [1/3] Loss: 0.2425, Accuracy: 90.89 %
Predictions - 1s: 180, 0s: 237
True Labels - 1s: 178, 0s: 239
Client 4 of 5: Local Epoch [1/3] Loss: 0.2355, Accuracy: 91.37 %
Predictions - 1s: 154, 0s: 263
True Labels - 1s: 160, 0s: 257
Client 3 of 5: Local Epoch [1/3] Loss: 0.2042, Accuracy: 90.89 %
Predictions - 1s: 176, 0s: 241
True Labels - 1s: 177, 0s: 240
Client 5 of 5: Local Epoch [1/3] Loss: 0.1875, Accuracy: 93.53 %
Predictions - 1s: 178, 0s: 239
True Labels - 1s: 174, 0s: 243
Client 2 of 5: Local Epoch [1/3] Loss: 0.2602, Accuracy: 89.93 %
Predictions - 1s: 178, 0s: 239
True Labels - 1s: 178, 0s: 239
Client 4 of 5: Local Epoch [2/3] Loss: 0.1671, Accuracy: 95.20 %
Predictions - 1s: 173, 0s: 244
True Labels - 1s: 174, 0s: 243
Client 1 of 5: Local Epoch [2/3] Loss: 0.1534, Accuracy: 93.05 %
Predictions - 1s: 176, 0s: 241
True Labels - 1s: 174, 0s: 243
Client 2 of 5: Local Epoch [2/3] Loss: 0.1850, Accuracy: 94.72 %
Predictions - 1s: 162, 0s: 255
True Labels - 1s: 160, 0s: 257
Client 3 of 5: Local Epoch [2/3] Loss: 0.1275, Accuracy: 96.16 %
Predictions - 1s: 176, 0s: 241
True Labels - 1s: 177, 0s: 240
Client 5 of 5: Local Epoch [2/3] Loss: 0.1309, Accuracy: 94.48 %
Predictions - 1s: 175, 0s: 242
True Labels - 1s: 178, 0s: 239
Client 4 of 5: Local Epoch [3/3] Loss: 0.1396, Accuracy: 94.96 %
Predictions - 1s: 174, 0s: 243
True Labels - 1s: 177, 0s: 240
Client 5 of 5: Local Epoch [3/3] Loss: 0.1097, Accuracy: 96.88 %
Predictions - 1s: 163, 0s: 254
True Labels - 1s: 160, 0s: 257
Client 3 of 5: Local Epoch [3/3] Loss: 0.1061, Accuracy: 96.40 %
Predictions - 1s: 180, 0s: 237
True Labels - 1s: 174, 0s: 243
Client 1 of 5: Local Epoch [3/3] Loss: 0.1254, Accuracy: 95.68 %
Predictions - 1s: 178, 0s: 239
True Labels - 1s: 174, 0s: 243
Client 2 of 5: Local Epoch [3/3] Loss: 0.1569, Accuracy: 95.20 %
-------------------------------
Round [3/4] Average Local Loss: 0.1275, Average Local Accuracy: 95.83 %
-------------------------------
-------- Validation --------
Predictions - 1s: 219, 0s: 302
True Labels - 1s: 211, 0s: 310
Round [3/4] Global Model Validation Loss: 0.1860, Validation Accuracy: 92.32 %
-------- Validation finished --------
Updated best model in round 3 saved with Validation Loss: 0.1860 and Validation Accuracy: 92.32 %
-------------------------------

Round 4 of 4
-------------------------------
Predictions - 1s: 179, 0s: 238
True Labels - 1s: 174, 0s: 243
Client 1 of 5: Local Epoch [1/3] Loss: 0.2158, Accuracy: 93.53 %
Predictions - 1s: 176, 0s: 241
True Labels - 1s: 177, 0s: 240
Client 5 of 5: Local Epoch [1/3] Loss: 0.1909, Accuracy: 93.05 %
Predictions - 1s: 154, 0s: 263
True Labels - 1s: 160, 0s: 257
Client 3 of 5: Local Epoch [1/3] Loss: 0.1671, Accuracy: 93.29 %
Predictions - 1s: 174, 0s: 243
True Labels - 1s: 178, 0s: 239
Client 4 of 5: Local Epoch [1/3] Loss: 0.2156, Accuracy: 91.37 %
Predictions - 1s: 174, 0s: 243
True Labels - 1s: 174, 0s: 243
Client 2 of 5: Local Epoch [1/3] Loss: 0.2185, Accuracy: 92.81 %
Predictions - 1s: 177, 0s: 240
True Labels - 1s: 178, 0s: 239
Client 4 of 5: Local Epoch [2/3] Loss: 0.1366, Accuracy: 94.96 %
Predictions - 1s: 174, 0s: 243
Predictions - 1s: 172, 0s: 245
True Labels - 1s: 177, 0s: 240
Predictions - 1s: 159, 0s: 258
True Labels - 1s: 174, 0s: 243
Client 5 of 5: Local Epoch [2/3] Loss: 0.1315, Accuracy: 94.96 %
Client 1 of 5: Local Epoch [2/3] Loss: 0.1628, Accuracy: 93.76 %
True Labels - 1s: 160, 0s: 257
Client 3 of 5: Local Epoch [2/3] Loss: 0.1270, Accuracy: 94.00 %
Predictions - 1s: 175, 0s: 242
True Labels - 1s: 174, 0s: 243
Client 2 of 5: Local Epoch [2/3] Loss: 0.1498, Accuracy: 94.48 %
Predictions - 1s: 178, 0s: 239
True Labels - 1s: 178, 0s: 239
Client 4 of 5: Local Epoch [3/3] Loss: 0.1146, Accuracy: 96.64 %
Predictions - 1s: 177, 0s: 240
True Labels - 1s: 177, 0s: 240
Client 5 of 5: Local Epoch [3/3] Loss: 0.0874, Accuracy: 97.12 %
Predictions - 1s: 171, 0s: 246
True Labels - 1s: 174, 0s: 243
Client 1 of 5: Local Epoch [3/3] Loss: 0.1080, Accuracy: 95.92 %
Predictions - 1s: 176, 0s: 241
True Labels - 1s: 174, 0s: 243
Client 2 of 5: Local Epoch [3/3] Loss: 0.1280, Accuracy: 95.68 %
Predictions - 1s: 164, 0s: 253
True Labels - 1s: 160, 0s: 257
Client 3 of 5: Local Epoch [3/3] Loss: 0.1046, Accuracy: 96.16 %
-------------------------------
Round [4/4] Average Local Loss: 0.1085, Average Local Accuracy: 96.31 %
-------------------------------
-------- Validation --------
Predictions - 1s: 219, 0s: 302
True Labels - 1s: 211, 0s: 310
Round [4/4] Global Model Validation Loss: 0.1749, Validation Accuracy: 94.24 %
-------- Validation finished --------
Updated best model in round 4 saved with Validation Loss: 0.1749 and Validation Accuracy: 94.24 %
-------------------------------
Best model in round 4 saved with Validation Loss: 0.1749 and Validation Accuracy: 94.24 %

-------- Training finished in 6:09 --------

Test flag enabled. Testing the model

-------- Loading best model from model_path --------
Loaded model bert-small from date 20-04-2024 03:25. Trained with Federated Learning technology.
Round 4, lr: 6e-05, optimizer: AdamW
Average train accuracy: 96.31 %, Validation accuracy: 94.24 %
-------- Best model loaded --------

-------- Creating Test Dataloader --------
Test Loader: 650 total sentences. 82 batches of size 8.
-------- Test Dataloader created --------

-------- Testing --------
Predictions - 1s: 250, 0s: 400
True Labels - 1s: 268, 0s: 382
Nº of test samples: 650
Accuracy: 91.38%
Accuracy 2 : 91.38%
Precision: 91.58%
Recall: 90.61%
F1 Score: 91.01%
Classification report:
              precision    recall  f1-score   support

           0     0.9075    0.9503    0.9284       382
           1     0.9240    0.8619    0.8919       268

    accuracy                         0.9138       650
   macro avg     0.9158    0.9061    0.9101       650
weighted avg     0.9143    0.9138    0.9133       650

-------- Testing finished --------
