Current configuration:
{
    "concurrency_flag": true,
    "data_distribution": "iid",
    "dataset": "acl_dep_sad",
    "device": "cuda",
    "dp_delta": 0.003,
    "dp_epsilon": 0.0,
    "eval_batch_size": 4,
    "eval_flag": true,
    "eval_size": 0.2,
    "fed_alg": "fedavg",
    "layers": 3,
    "learning_rate": 6e-05,
    "max_length": 512,
    "ml_mode": "bcfl",
    "model": "bert_medium",
    "model_name": "bcfl_medium_acl_dep_sad",
    "models_path": "/local/vpaloma/fabric-federated-learning/ablation_study/phase-4/final/accs-times/acl_dep_sad/",
    "mu": 0.5,
    "num_clients": 5,
    "num_epochs": 3,
    "num_rounds": 4,
    "optimizer": "AdamW",
    "progress_bar_flag": false,
    "save_model": true,
    "scheduler": "linear",
    "scheduler_warmup_steps": 0,
    "seed": "random",
    "test_flag": true,
    "train_batch_size": 4,
    "train_size": 0.8
}
-------- Configuration loaded --------

-------- Setting device --------
cuda device selected and available.
-------- Device set --------

-------- Setting seed --------
seed set:  419916
-------- Seed set --------

-------- Creating Model --------
-------- Model created --------

-------- Setting Trainable Layers --------
Training the last 3 layers.

Total parameters count: 41374210
Trainable parameters count: 3416066
-------- Trainable Layers set --------

-------- Creating Tokenizer --------
-------- Tokenizer created --------

-------- Creating Train and Eval Dataloaders --------
Train Loader: 2085 total sentences. 522 batches of size 4.
Eval Loader: 521 total sentences. 131 batches of size 4.
-------- Train and Eval Dataloaders created --------

-------- Training --------
Training with Blockchain-Based Federated Learning technology.
Training without differential privacy.
Federated averaging algorithm selected.
Client 0: Label 0: 240, Label 1: 177
Client 1: Label 0: 237, Label 1: 180
Client 2: Label 0: 251, Label 1: 166
Client 3: Label 0: 242, Label 1: 175
Client 4: Label 0: 246, Label 1: 171

Round 1 of 4
-------------------------------
Predictions - 1s: 118, 0s: 299
True Labels - 1s: 166, 0s: 251
Client 3 of 5: Local Epoch [1/3] Loss: 0.4511, Accuracy: 80.82 %
Predictions - 1s: 130, 0s: 287
True Labels - 1s: 177, 0s: 240
Client 1 of 5: Local Epoch [1/3] Loss: 0.4731, Accuracy: 80.10 %
Predictions - 1s: 125, 0s: 292
True Labels - 1s: 175, 0s: 242
Client 4 of 5: Local Epoch [1/3] Loss: 0.4872, Accuracy: 78.42 %
Predictions - 1s: 124, 0s: 293
True Labels - 1s: 171, 0s: 246
Client 5 of 5: Local Epoch [1/3] Loss: 0.4494, Accuracy: 80.10 %
Predictions - 1s: 137, 0s: 280
True Labels - 1s: 180, 0s: 237
Client 2 of 5: Local Epoch [1/3] Loss: 0.4381, Accuracy: 81.53 %
Predictions - 1s: 169, 0s: 248
True Labels - 1s: 166, 0s: 251
Client 3 of 5: Local Epoch [2/3] Loss: 0.2706, Accuracy: 89.69 %
Predictions - 1s: 182, 0s: 235
True Labels - 1s: 177, 0s: 240
Client 1 of 5: Local Epoch [2/3] Loss: 0.2845, Accuracy: 89.69 %
Predictions - 1s: 168, 0s: 249
True Labels - 1s: 175, 0s: 242
Client 4 of 5: Local Epoch [2/3] Loss: 0.3134, Accuracy: 87.29 %
Predictions - 1s: 175, 0s: 242
True Labels - 1s: 180, 0s: 237
Client 2 of 5: Local Epoch [2/3] Loss: 0.2155, Accuracy: 92.57 %
Predictions - 1s: 165, 0s: 252
True Labels - 1s: 171, 0s: 246
Client 5 of 5: Local Epoch [2/3] Loss: 0.2506, Accuracy: 91.37 %
Predictions - 1s: 169, 0s: 248
True Labels - 1s: 166, 0s: 251
Client 3 of 5: Local Epoch [3/3] Loss: 0.2351, Accuracy: 92.09 %
Predictions - 1s: 171, 0s: 246
True Labels - 1s: 177, 0s: 240
Client 1 of 5: Local Epoch [3/3] Loss: 0.2262, Accuracy: 91.85 %
Predictions - 1s: 180, 0s: 237
True Labels - 1s: 175, 0s: 242
Client 4 of 5: Local Epoch [3/3] Loss: 0.2471, Accuracy: 90.17 %
Predictions - 1s: 179, 0s: 238
True Labels - 1s: 180, 0s: 237
Client 2 of 5: Local Epoch [3/3] Loss: 0.1608, Accuracy: 94.96 %
Predictions - 1s: 171, 0s: 246
True Labels - 1s: 171, 0s: 246
Client 5 of 5: Local Epoch [3/3] Loss: 0.1919, Accuracy: 92.33 %
-------------------------------
Round [1/4] Average Local Loss: 0.2122, Average Local Accuracy: 92.28 %
-------------------------------
-------- Validation --------
Predictions - 1s: 199, 0s: 322
True Labels - 1s: 205, 0s: 316
Round [1/4] Global Model Validation Loss: 0.2448, Validation Accuracy: 90.40 %
-------- Validation finished --------
Updated best model in round 1 saved with Validation Loss: 0.2448 and Validation Accuracy: 90.40 %
-------------------------------

Round 2 of 4
-------------------------------
Predictions - 1s: 176, 0s: 241
True Labels - 1s: 175, 0s: 242
Client 4 of 5: Local Epoch [1/3] Loss: 0.2835, Accuracy: 88.73 %
Predictions - 1s: 185, 0s: 232
True Labels - 1s: 180, 0s: 237
Client 2 of 5: Local Epoch [1/3] Loss: 0.2039, Accuracy: 92.57 %
Predictions - 1s: 162, 0s: 255
True Labels - 1s: 166, 0s: 251
Client 3 of 5: Local Epoch [1/3] Loss: 0.2847, Accuracy: 88.49 %
Predictions - 1s: 167, 0s: 250
True Labels - 1s: 171, 0s: 246
Client 5 of 5: Local Epoch [1/3] Loss: 0.2229, Accuracy: 91.85 %
Predictions - 1s: 175, 0s: 242
True Labels - 1s: 177, 0s: 240
Client 1 of 5: Local Epoch [1/3] Loss: 0.2932, Accuracy: 89.45 %
Predictions - 1s: 175, 0s: 242
True Labels - 1s: 175, 0s: 242
Client 4 of 5: Local Epoch [2/3] Loss: 0.2042, Accuracy: 92.81 %
Predictions - 1s: 183, 0s: 234
True Labels - 1s: 180, 0s: 237
Client 2 of 5: Local Epoch [2/3] Loss: 0.1427, Accuracy: 94.00 %
Predictions - 1s: 164, 0s: 253
True Labels - 1s: 166, 0s: 251
Client 3 of 5: Local Epoch [2/3] Loss: 0.1891, Accuracy: 93.76 %
Predictions - 1s: 183, 0s: 234
True Labels - 1s: 177, 0s: 240
Client 1 of 5: Local Epoch [2/3] Loss: 0.2100, Accuracy: 91.85 %
Predictions - 1s: 175, 0s: 242
True Labels - 1s: 171, 0s: 246
Client 5 of 5: Local Epoch [2/3] Loss: 0.1580, Accuracy: 94.24 %
Predictions - 1s: 175, 0s: 242
True Labels - 1s: 175, 0s: 242
Client 4 of 5: Local Epoch [3/3] Loss: 0.1828, Accuracy: 93.29 %
Predictions - 1s: 183, 0s: 234
True Labels - 1s: 180, 0s: 237
Client 2 of 5: Local Epoch [3/3] Loss: 0.1064, Accuracy: 96.88 %
Predictions - 1s: 168, 0s: 249
True Labels - 1s: 166, 0s: 251
Client 3 of 5: Local Epoch [3/3] Loss: 0.1588, Accuracy: 95.20 %
Predictions - 1s: 183, 0s: 234
True Labels - 1s: 177, 0s: 240
Client 1 of 5: Local Epoch [3/3] Loss: 0.1824, Accuracy: 94.24 %
Predictions - 1s: 173, 0s: 244
True Labels - 1s: 171, 0s: 246
Client 5 of 5: Local Epoch [3/3] Loss: 0.1217, Accuracy: 96.16 %
-------------------------------
Round [2/4] Average Local Loss: 0.1504, Average Local Accuracy: 95.16 %
-------------------------------
-------- Validation --------
Predictions - 1s: 199, 0s: 322
True Labels - 1s: 205, 0s: 316
Round [2/4] Global Model Validation Loss: 0.2067, Validation Accuracy: 91.17 %
-------- Validation finished --------
Updated best model in round 2 saved with Validation Loss: 0.2067 and Validation Accuracy: 91.17 %
-------------------------------

Round 3 of 4
-------------------------------
Predictions - 1s: 186, 0s: 231
True Labels - 1s: 177, 0s: 240
Client 1 of 5: Local Epoch [1/3] Loss: 0.2401, Accuracy: 90.17 %
Predictions - 1s: 177, 0s: 240
True Labels - 1s: 175, 0s: 242
Client 4 of 5: Local Epoch [1/3] Loss: 0.2325, Accuracy: 90.41 %
Predictions - 1s: 161, 0s: 256
True Labels - 1s: 166, 0s: 251
Client 3 of 5: Local Epoch [1/3] Loss: 0.2558, Accuracy: 90.17 %
Predictions - 1s: 176, 0s: 241
True Labels - 1s: 171, 0s: 246
Client 5 of 5: Local Epoch [1/3] Loss: 0.1739, Accuracy: 94.00 %
Predictions - 1s: 186, 0s: 231
True Labels - 1s: 180, 0s: 237
Client 2 of 5: Local Epoch [1/3] Loss: 0.1643, Accuracy: 95.20 %
Predictions - 1s: 178, 0s: 239
True Labels - 1s: 177, 0s: 240
Client 1 of 5: Local Epoch [2/3] Loss: 0.1643, Accuracy: 93.53 %
Predictions - 1s: 173, 0s: 244
True Labels - 1s: 175, 0s: 242
Client 4 of 5: Local Epoch [2/3] Loss: 0.1694, Accuracy: 93.76 %
Predictions - 1s: 168, 0s: 249
True Labels - 1s: 166, 0s: 251
Client 3 of 5: Local Epoch [2/3] Loss: 0.1514, Accuracy: 95.68 %
Predictions - 1s: 175, 0s: 242
True Labels - 1s: 171, 0s: 246
Client 5 of 5: Local Epoch [2/3] Loss: 0.1388, Accuracy: 95.20 %
Predictions - 1s: 184, 0s: 233
True Labels - 1s: 180, 0s: 237
Client 2 of 5: Local Epoch [2/3] Loss: 0.1157, Accuracy: 96.64 %
Predictions - 1s: 180, 0s: 237
True Labels - 1s: 177, 0s: 240
Client 1 of 5: Local Epoch [3/3] Loss: 0.1500, Accuracy: 94.48 %
Predictions - 1s: 168, 0s: 249
True Labels - 1s: 175, 0s: 242
Client 4 of 5: Local Epoch [3/3] Loss: 0.1381, Accuracy: 94.48 %
Predictions - 1s: 167, 0s: 250
True Labels - 1s: 166, 0s: 251
Client 3 of 5: Local Epoch [3/3] Loss: 0.1335, Accuracy: 96.40 %
Predictions - 1s: 186, 0s: 231
True Labels - 1s: 180, 0s: 237
Client 2 of 5: Local Epoch [3/3] Loss: 0.0856, Accuracy: 97.12 %
Predictions - 1s: 167, 0s: 250
True Labels - 1s: 171, 0s: 246
Client 5 of 5: Local Epoch [3/3] Loss: 0.1123, Accuracy: 96.16 %
-------------------------------
Round [3/4] Average Local Loss: 0.1239, Average Local Accuracy: 95.73 %
-------------------------------
-------- Validation --------
Predictions - 1s: 206, 0s: 315
True Labels - 1s: 205, 0s: 316
Round [3/4] Global Model Validation Loss: 0.1897, Validation Accuracy: 92.90 %
-------- Validation finished --------
Updated best model in round 3 saved with Validation Loss: 0.1897 and Validation Accuracy: 92.90 %
-------------------------------

Round 4 of 4
-------------------------------
Predictions - 1s: 181, 0s: 236
True Labels - 1s: 177, 0s: 240
Client 1 of 5: Local Epoch [1/3] Loss: 0.2024, Accuracy: 92.33 %
Predictions - 1s: 168, 0s: 249
True Labels - 1s: 171, 0s: 246
Client 5 of 5: Local Epoch [1/3] Loss: 0.1635, Accuracy: 93.53 %
Predictions - 1s: 180, 0s: 237
True Labels - 1s: 175, 0s: 242
Client 4 of 5: Local Epoch [1/3] Loss: 0.2074, Accuracy: 91.13 %
Predictions - 1s: 166, 0s: 251
Predictions - 1s: 187, 0s: 230
True Labels - 1s: 166, 0s: 251
Client 3 of 5: Local Epoch [1/3] Loss: 0.1910, Accuracy: 91.37 %
True Labels - 1s: 180, 0s: 237
Client 2 of 5: Local Epoch [1/3] Loss: 0.1381, Accuracy: 95.44 %
Predictions - 1s: 177, 0s: 240
True Labels - 1s: 177, 0s: 240
Client 1 of 5: Local Epoch [2/3] Loss: 0.1625, Accuracy: 93.76 %
Predictions - 1s: 170, 0s: 247
True Labels - 1s: 175, 0s: 242
Client 4 of 5: Local Epoch [2/3] Loss: 0.1603, Accuracy: 94.00 %
Predictions - 1s: 176, 0s: 241
True Labels - 1s: 180, 0s: 237
Client 2 of 5: Local Epoch [2/3] Loss: 0.0817, Accuracy: 97.60 %
Predictions - 1s: 170, 0s: 247
True Labels - 1s: 171, 0s: 246
Client 5 of 5: Local Epoch [2/3] Loss: 0.1018, Accuracy: 96.88 %
Predictions - 1s: 165, 0s: 252
True Labels - 1s: 166, 0s: 251
Client 3 of 5: Local Epoch [2/3] Loss: 0.1314, Accuracy: 95.44 %
Predictions - 1s: 182, 0s: 235
True Labels - 1s: 177, 0s: 240
Client 1 of 5: Local Epoch [3/3] Loss: 0.1241, Accuracy: 95.92 %
Predictions - 1s: 178, 0s: 239
True Labels - 1s: 175, 0s: 242
Client 4 of 5: Local Epoch [3/3] Loss: 0.1353, Accuracy: 95.44 %
Predictions - 1s: 177, 0s: 240
True Labels - 1s: 180, 0s: 237
Client 2 of 5: Local Epoch [3/3] Loss: 0.0628, Accuracy: 97.84 %
Predictions - 1s: 168, 0s: 249
True Labels - 1s: 166, 0s: 251
Client 3 of 5: Local Epoch [3/3] Loss: 0.1111, Accuracy: 96.64 %
Predictions - 1s: 171, 0s: 246
True Labels - 1s: 171, 0s: 246
Client 5 of 5: Local Epoch [3/3] Loss: 0.0706, Accuracy: 97.60 %
-------------------------------
Round [4/4] Average Local Loss: 0.1008, Average Local Accuracy: 96.69 %
-------------------------------
-------- Validation --------
Predictions - 1s: 198, 0s: 323
True Labels - 1s: 205, 0s: 316
Round [4/4] Global Model Validation Loss: 0.1857, Validation Accuracy: 92.51 %
-------- Validation finished --------
Updated best model in round 4 saved with Validation Loss: 0.1857 and Validation Accuracy: 92.51 %
-------------------------------
Best model in round 4 saved with Validation Loss: 0.1857 and Validation Accuracy: 92.51 %

-------- Training finished in 6:38 --------

Test flag enabled. Testing the model

-------- Loading best model from model_path --------
Loaded model bert-medium from date 20-04-2024 01:34. Trained with Federated Learning technology.
Round 4, lr: 6e-05, optimizer: AdamW
Average train accuracy: 96.69 %, Validation accuracy: 92.51 %
-------- Best model loaded --------

-------- Creating Test Dataloader --------
Test Loader: 650 total sentences. 82 batches of size 8.
-------- Test Dataloader created --------

-------- Testing --------
Predictions - 1s: 268, 0s: 382
True Labels - 1s: 268, 0s: 382
Nº of test samples: 650
Accuracy: 93.85%
Accuracy 2 : 93.85%
Precision: 93.65%
Recall: 93.65%
F1 Score: 93.65%
Classification report:
              precision    recall  f1-score   support

           0     0.9476    0.9476    0.9476       382
           1     0.9254    0.9254    0.9254       268

    accuracy                         0.9385       650
   macro avg     0.9365    0.9365    0.9365       650
weighted avg     0.9385    0.9385    0.9385       650

-------- Testing finished --------
