Current configuration:
{
    "concurrency_flag": true,
    "data_distribution": "iid",
    "dataset": "acl_dep_sad",
    "device": "cuda",
    "dp_delta": 0.003,
    "dp_epsilon": 0.0,
    "eval_batch_size": 4,
    "eval_flag": true,
    "eval_size": 0.2,
    "fed_alg": "fedavg",
    "layers": 3,
    "learning_rate": 6e-05,
    "max_length": 512,
    "ml_mode": "bcfl",
    "model": "bert_tiny",
    "model_name": "bcfl_tiny_seed5_acl_dep_sad",
    "models_path": "/local/vpaloma/fabric-federated-learning/ablation_study/phase-4/final/accs-times/acl_dep_sad/",
    "mu": 0.5,
    "num_clients": 5,
    "num_epochs": 3,
    "num_rounds": 4,
    "optimizer": "AdamW",
    "progress_bar_flag": false,
    "save_model": true,
    "scheduler": "linear",
    "scheduler_warmup_steps": 0,
    "seed": "random",
    "test_flag": true,
    "train_batch_size": 4,
    "train_size": 0.8
}
-------- Configuration loaded --------

-------- Setting device --------
cuda device selected and available.
-------- Device set --------

-------- Setting seed --------
seed set:  831317
-------- Seed set --------

-------- Creating Model --------
-------- Model created --------

-------- Setting Trainable Layers --------
Training the last 3 layers.

Total parameters count: 4386178
Trainable parameters count: 215042
-------- Trainable Layers set --------

-------- Creating Tokenizer --------
-------- Tokenizer created --------

-------- Creating Train and Eval Dataloaders --------
Train Loader: 2085 total sentences. 522 batches of size 4.
Eval Loader: 521 total sentences. 131 batches of size 4.
-------- Train and Eval Dataloaders created --------

-------- Training --------
Training with Blockchain-Based Federated Learning technology.
Training without differential privacy.
Federated averaging algorithm selected.
Client 0: Label 0: 230, Label 1: 187
Client 1: Label 0: 241, Label 1: 176
Client 2: Label 0: 246, Label 1: 171
Client 3: Label 0: 260, Label 1: 157
Client 4: Label 0: 246, Label 1: 171

Round 1 of 4
-------------------------------
Predictions - 1s: 43, 0s: 374
True Labels - 1s: 176, 0s: 241
Client 2 of 5: Local Epoch [1/3] Loss: 0.6556, Accuracy: 63.31 %
Predictions - 1s: 50, 0s: 367
True Labels - 1s: 171, 0s: 246
Client 3 of 5: Local Epoch [1/3] Loss: 0.6468, Accuracy: 65.71 %
Predictions - 1s: 23, 0s: 394
True Labels - 1s: 171, 0s: 246
Client 5 of 5: Local Epoch [1/3] Loss: 0.6636, Accuracy: 60.19 %
Predictions - 1s: 19, 0s: 398
Predictions - 1s: 32, 0s: 385
True Labels - 1s: 157, 0s: 260
True Labels - 1s: 187, 0s: 230
Client 1 of 5: Local Epoch [1/3] Loss: 0.6690, Accuracy: 61.87 %
Client 4 of 5: Local Epoch [1/3] Loss: 0.6427, Accuracy: 62.11 %
Predictions - 1s: 100, 0s: 317
True Labels - 1s: 171, 0s: 246
Client 3 of 5: Local Epoch [2/3] Loss: 0.5518, Accuracy: 76.26 %
Predictions - 1s: 104, 0s: 313
True Labels - 1s: 176, 0s: 241
Client 2 of 5: Local Epoch [2/3] Loss: 0.5679, Accuracy: 75.06 %
Predictions - 1s: 78, 0s: 339
Predictions - 1s: 61, 0s: 356
Predictions - 1s: 89, 0s: 328
True Labels - 1s: 171, 0s: 246
Client 5 of 5: Local Epoch [2/3] Loss: 0.5933, Accuracy: 72.42 %
True Labels - 1s: 187, 0s: 230
Client 1 of 5: Local Epoch [2/3] Loss: 0.5843, Accuracy: 72.66 %
True Labels - 1s: 157, 0s: 260
Client 4 of 5: Local Epoch [2/3] Loss: 0.5663, Accuracy: 73.14 %
Predictions - 1s: 103, 0s: 314
True Labels - 1s: 171, 0s: 246
Client 5 of 5: Local Epoch [3/3] Loss: 0.5416, Accuracy: 76.02 %
Predictions - 1s: 95, 0s: 322
True Labels - 1s: 157, 0s: 260
Client 4 of 5: Local Epoch [3/3] Loss: 0.5175, Accuracy: 76.98 %
Predictions - 1s: 129, 0s: 288
True Labels - 1s: 176, 0s: 241
Client 2 of 5: Local Epoch [3/3] Loss: 0.5051, Accuracy: 79.14 %
Predictions - 1s: 111, 0s: 306
True Labels - 1s: 171, 0s: 246
Client 3 of 5: Local Epoch [3/3] Loss: 0.4997, Accuracy: 78.90 %
Predictions - 1s: 114, 0s: 303
True Labels - 1s: 187, 0s: 230
Client 1 of 5: Local Epoch [3/3] Loss: 0.5419, Accuracy: 75.30 %
-------------------------------
Round [1/4] Average Local Loss: 0.5212, Average Local Accuracy: 77.27 %
-------------------------------
-------- Validation --------
Predictions - 1s: 147, 0s: 374
True Labels - 1s: 212, 0s: 309
Round [1/4] Global Model Validation Loss: 0.4776, Validation Accuracy: 80.23 %
-------- Validation finished --------
Updated best model in round 1 saved with Validation Loss: 0.4776 and Validation Accuracy: 80.23 %
-------------------------------

Round 2 of 4
-------------------------------
Predictions - 1s: 129, 0s: 288
True Labels - 1s: 171, 0s: 246
Client 3 of 5: Local Epoch [1/3] Loss: 0.4711, Accuracy: 79.86 %
Predictions - 1s: 133, 0s: 284
True Labels - 1s: 187, 0s: 230
Client 1 of 5: Local Epoch [1/3] Loss: 0.4976, Accuracy: 77.46 %
Predictions - 1s: 138, 0s: 279
True Labels - 1s: 176, 0s: 241
Client 2 of 5: Local Epoch [1/3] Loss: 0.4737, Accuracy: 79.86 %
Predictions - 1s: 124, 0s: 293
True Labels - 1s: 171, 0s: 246
Client 5 of 5: Local Epoch [1/3] Loss: 0.5014, Accuracy: 79.14 %
Predictions - 1s: 109, 0s: 308
True Labels - 1s: 157, 0s: 260
Client 4 of 5: Local Epoch [1/3] Loss: 0.4750, Accuracy: 78.90 %
Predictions - 1s: 155, 0s: 262
True Labels - 1s: 171, 0s: 246
Client 3 of 5: Local Epoch [2/3] Loss: 0.4145, Accuracy: 82.25 %
Predictions - 1s: 154, 0s: 263
True Labels - 1s: 171, 0s: 246
Client 3 of 5: Local Epoch [3/3] Loss: 0.3974, Accuracy: 82.49 %
Predictions - 1s: 128, 0s: 289
True Labels - 1s: 157, 0s: 260
Client 4 of 5: Local Epoch [2/3] Loss: 0.4301, Accuracy: 81.53 %
Predictions - 1s: 169, 0s: 248
True Labels - 1s: 187, 0s: 230
Client 1 of 5: Local Epoch [2/3] Loss: 0.4228, Accuracy: 83.69 %
Predictions - 1s: 168, 0s: 249
True Labels - 1s: 176, 0s: 241
Client 2 of 5: Local Epoch [2/3] Loss: 0.4101, Accuracy: 84.65 %
Predictions - 1s: 155, 0s: 262
True Labels - 1s: 171, 0s: 246
Client 5 of 5: Local Epoch [2/3] Loss: 0.4458, Accuracy: 82.25 %
Predictions - 1s: 142, 0s: 275
True Labels - 1s: 171, 0s: 246
Client 5 of 5: Local Epoch [3/3] Loss: 0.4338, Accuracy: 81.53 %
Predictions - 1s: 173, 0s: 244
True Labels - 1s: 176, 0s: 241
Client 2 of 5: Local Epoch [3/3] Loss: 0.4026, Accuracy: 84.89 %
Predictions - 1s: 162, 0s: 255
True Labels - 1s: 187, 0s: 230
Client 1 of 5: Local Epoch [3/3] Loss: 0.4151, Accuracy: 82.49 %
Predictions - 1s: 138, 0s: 279
True Labels - 1s: 157, 0s: 260
Client 4 of 5: Local Epoch [3/3] Loss: 0.4204, Accuracy: 82.01 %
-------------------------------
Round [2/4] Average Local Loss: 0.4139, Average Local Accuracy: 82.69 %
-------------------------------
-------- Validation --------
Predictions - 1s: 198, 0s: 323
True Labels - 1s: 212, 0s: 309
Round [2/4] Global Model Validation Loss: 0.3542, Validation Accuracy: 86.56 %
-------- Validation finished --------
Updated best model in round 2 saved with Validation Loss: 0.3542 and Validation Accuracy: 86.56 %
-------------------------------

Round 3 of 4
-------------------------------
Predictions - 1s: 148, 0s: 269
True Labels - 1s: 157, 0s: 260
Client 4 of 5: Local Epoch [1/3] Loss: 0.4020, Accuracy: 82.49 %
Predictions - 1s: 179, 0s: 238
Predictions - 1s: 172, 0s: 245
True Labels - 1s: 176, 0s: 241
True Labels - 1s: 187, 0s: 230
Client 2 of 5: Local Epoch [1/3] Loss: 0.3909, Accuracy: 87.29 %
Client 1 of 5: Local Epoch [1/3] Loss: 0.4055, Accuracy: 82.49 %
Predictions - 1s: 169, 0s: 248
Predictions - 1s: 160, 0s: 257
True Labels - 1s: 171, 0s: 246
Client 3 of 5: Local Epoch [1/3] Loss: 0.3989, Accuracy: 83.21 %
True Labels - 1s: 171, 0s: 246
Client 5 of 5: Local Epoch [1/3] Loss: 0.4187, Accuracy: 81.53 %
Predictions - 1s: 149, 0s: 268
True Labels - 1s: 157, 0s: 260
Client 4 of 5: Local Epoch [2/3] Loss: 0.3805, Accuracy: 84.17 %
Predictions - 1s: 153, 0s: 264
True Labels - 1s: 157, 0s: 260
Client 4 of 5: Local Epoch [3/3] Loss: 0.3435, Accuracy: 86.09 %
Predictions - 1s: 185, 0s: 232
True Labels - 1s: 187, 0s: 230
Client 1 of 5: Local Epoch [2/3] Loss: 0.3642, Accuracy: 86.57 %
Predictions - 1s: 164, 0s: 253
True Labels - 1s: 171, 0s: 246
Client 5 of 5: Local Epoch [2/3] Loss: 0.4000, Accuracy: 83.93 %
Predictions - 1s: 178, 0s: 239
True Labels - 1s: 176, 0s: 241
Client 2 of 5: Local Epoch [2/3] Loss: 0.3613, Accuracy: 86.57 %
Predictions - 1s: 168, 0s: 249
True Labels - 1s: 171, 0s: 246
Client 3 of 5: Local Epoch [2/3] Loss: 0.3644, Accuracy: 85.85 %
Predictions - 1s: 175, 0s: 242
True Labels - 1s: 176, 0s: 241
Client 2 of 5: Local Epoch [3/3] Loss: 0.3314, Accuracy: 86.81 %
Predictions - 1s: 186, 0s: 231
True Labels - 1s: 187, 0s: 230
Client 1 of 5: Local Epoch [3/3] Loss: 0.3569, Accuracy: 85.85 %
Predictions - 1s: 170, 0s: 247
Predictions - 1s: 166, 0s: 251
True Labels - 1s: 171, 0s: 246
True Labels - 1s: 171, 0s: 246
Client 3 of 5: Local Epoch [3/3] Loss: 0.3466, Accuracy: 86.81 %
Client 5 of 5: Local Epoch [3/3] Loss: 0.3632, Accuracy: 84.89 %
-------------------------------
Round [3/4] Average Local Loss: 0.3483, Average Local Accuracy: 86.09 %
-------------------------------
-------- Validation --------
Predictions - 1s: 208, 0s: 313
True Labels - 1s: 212, 0s: 309
Round [3/4] Global Model Validation Loss: 0.3142, Validation Accuracy: 88.48 %
-------- Validation finished --------
Updated best model in round 3 saved with Validation Loss: 0.3142 and Validation Accuracy: 88.48 %
-------------------------------

Round 4 of 4
-------------------------------
Predictions - 1s: 170, 0s: 247
True Labels - 1s: 171, 0s: 246
Client 5 of 5: Local Epoch [1/3] Loss: 0.3793, Accuracy: 85.85 %
Predictions - 1s: 180, 0s: 237
True Labels - 1s: 171, 0s: 246
Client 3 of 5: Local Epoch [1/3] Loss: 0.3505, Accuracy: 85.37 %
Predictions - 1s: 162, 0s: 255
True Labels - 1s: 157, 0s: 260
Client 4 of 5: Local Epoch [1/3] Loss: 0.3776, Accuracy: 84.89 %
Predictions - 1s: 182, 0s: 235
True Labels - 1s: 176, 0s: 241
Client 2 of 5: Local Epoch [1/3] Loss: 0.3489, Accuracy: 85.61 %
Predictions - 1s: 176, 0s: 241
True Labels - 1s: 187, 0s: 230
Client 1 of 5: Local Epoch [1/3] Loss: 0.3453, Accuracy: 86.81 %
Predictions - 1s: 179, 0s: 238
True Labels - 1s: 171, 0s: 246
Client 3 of 5: Local Epoch [2/3] Loss: 0.3317, Accuracy: 86.09 %
Predictions - 1s: 160, 0s: 257
True Labels - 1s: 157, 0s: 260
Client 4 of 5: Local Epoch [2/3] Loss: 0.3468, Accuracy: 85.37 %
Predictions - 1s: 193, 0s: 224
True Labels - 1s: 187, 0s: 230
Client 1 of 5: Local Epoch [2/3] Loss: 0.3222, Accuracy: 88.49 %
Predictions - 1s: 188, 0s: 229
True Labels - 1s: 176, 0s: 241
Predictions - 1s: 176, 0s: 241
Client 2 of 5: Local Epoch [2/3] Loss: 0.3423, Accuracy: 88.49 %
True Labels - 1s: 171, 0s: 246
Client 5 of 5: Local Epoch [2/3] Loss: 0.3339, Accuracy: 86.81 %
Predictions - 1s: 180, 0s: 237
True Labels - 1s: 176, 0s: 241
Client 2 of 5: Local Epoch [3/3] Loss: 0.3207, Accuracy: 88.01 %
Predictions - 1s: 174, 0s: 243
True Labels - 1s: 171, 0s: 246
Client 3 of 5: Local Epoch [3/3] Loss: 0.3163, Accuracy: 87.77 %
Predictions - 1s: 161, 0s: 256
True Labels - 1s: 157, 0s: 260
Client 4 of 5: Local Epoch [3/3] Loss: 0.3128, Accuracy: 87.05 %
Predictions - 1s: 182, 0s: 235
True Labels - 1s: 171, 0s: 246
Client 5 of 5: Local Epoch [3/3] Loss: 0.3513, Accuracy: 87.29 %
Predictions - 1s: 187, 0s: 230
True Labels - 1s: 187, 0s: 230
Client 1 of 5: Local Epoch [3/3] Loss: 0.3096, Accuracy: 87.53 %
-------------------------------
Round [4/4] Average Local Loss: 0.3221, Average Local Accuracy: 87.53 %
-------------------------------
-------- Validation --------
Predictions - 1s: 219, 0s: 302
True Labels - 1s: 212, 0s: 309
Round [4/4] Global Model Validation Loss: 0.2898, Validation Accuracy: 89.44 %
-------- Validation finished --------
Updated best model in round 4 saved with Validation Loss: 0.2898 and Validation Accuracy: 89.44 %
-------------------------------
Best model in round 4 saved with Validation Loss: 0.2898 and Validation Accuracy: 89.44 %

-------- Training finished in 1:57 --------

Test flag enabled. Testing the model

-------- Loading best model from model_path --------
Loaded model bert-tiny from date 20-04-2024 01:11. Trained with Federated Learning technology.
Round 4, lr: 6e-05, optimizer: AdamW
Average train accuracy: 87.53 %, Validation accuracy: 89.44 %
-------- Best model loaded --------

-------- Creating Test Dataloader --------
Test Loader: 650 total sentences. 82 batches of size 8.
-------- Test Dataloader created --------

-------- Testing --------
Predictions - 1s: 286, 0s: 364
True Labels - 1s: 268, 0s: 382
Nº of test samples: 650
Accuracy: 87.69%
Accuracy 2 : 87.69%
Precision: 87.18%
Recall: 87.80%
F1 Score: 87.42%
Classification report:
              precision    recall  f1-score   support

           0     0.9148    0.8717    0.8928       382
           1     0.8287    0.8843    0.8556       268

    accuracy                         0.8769       650
   macro avg     0.8718    0.8780    0.8742       650
weighted avg     0.8793    0.8769    0.8774       650

-------- Testing finished --------
