Current configuration:
{
    "concurrency_flag": true,
    "data_distribution": "iid",
    "dataset": "acl_dep_sad",
    "device": "cuda",
    "dp_delta": 0.003,
    "dp_epsilon": 0.0,
    "eval_batch_size": 4,
    "eval_flag": true,
    "eval_size": 0.2,
    "fed_alg": "fedavg",
    "layers": 3,
    "learning_rate": 6e-05,
    "max_length": 512,
    "ml_mode": "bcfl",
    "model": "bert_medium",
    "model_name": "bcfl_medium_seed7_acl_dep_sad",
    "models_path": "/local/vpaloma/fabric-federated-learning/ablation_study/phase-4/final/accs-times/acl_dep_sad/",
    "mu": 0.5,
    "num_clients": 5,
    "num_epochs": 3,
    "num_rounds": 4,
    "optimizer": "AdamW",
    "progress_bar_flag": false,
    "save_model": true,
    "scheduler": "linear",
    "scheduler_warmup_steps": 0,
    "seed": "random",
    "test_flag": true,
    "train_batch_size": 4,
    "train_size": 0.8
}
-------- Configuration loaded --------

-------- Setting device --------
cuda device selected and available.
-------- Device set --------

-------- Setting seed --------
seed set:  481524
-------- Seed set --------

-------- Creating Model --------
-------- Model created --------

-------- Setting Trainable Layers --------
Training the last 3 layers.

Total parameters count: 41374210
Trainable parameters count: 3416066
-------- Trainable Layers set --------

-------- Creating Tokenizer --------
-------- Tokenizer created --------

-------- Creating Train and Eval Dataloaders --------
Train Loader: 2085 total sentences. 522 batches of size 4.
Eval Loader: 521 total sentences. 131 batches of size 4.
-------- Train and Eval Dataloaders created --------

-------- Training --------
Training with Blockchain-Based Federated Learning technology.
Training without differential privacy.
Federated averaging algorithm selected.
Client 0: Label 0: 255, Label 1: 162
Client 1: Label 0: 242, Label 1: 175
Client 2: Label 0: 254, Label 1: 163
Client 3: Label 0: 233, Label 1: 184
Client 4: Label 0: 251, Label 1: 166

Round 1 of 4
-------------------------------
Predictions - 1s: 176, 0s: 241
True Labels - 1s: 184, 0s: 233
Client 4 of 5: Local Epoch [1/3] Loss: 0.4808, Accuracy: 77.94 %
Predictions - 1s: 118, 0s: 299
True Labels - 1s: 166, 0s: 251
Client 5 of 5: Local Epoch [1/3] Loss: 0.4614, Accuracy: 79.38 %
Predictions - 1s: 142, 0s: 275
True Labels - 1s: 175, 0s: 242
Client 2 of 5: Local Epoch [1/3] Loss: 0.4559, Accuracy: 79.62 %
Predictions - 1s: 112, 0s: 305
True Labels - 1s: 162, 0s: 255
Client 1 of 5: Local Epoch [1/3] Loss: 0.4733, Accuracy: 76.50 %
Predictions - 1s: 102, 0s: 315
True Labels - 1s: 163, 0s: 254
Client 3 of 5: Local Epoch [1/3] Loss: 0.4532, Accuracy: 78.66 %
Predictions - 1s: 187, 0s: 230
True Labels - 1s: 184, 0s: 233
Client 4 of 5: Local Epoch [2/3] Loss: 0.2872, Accuracy: 88.73 %
Predictions - 1s: 165, 0s: 252
True Labels - 1s: 166, 0s: 251
Client 5 of 5: Local Epoch [2/3] Loss: 0.2610, Accuracy: 89.69 %
Predictions - 1s: 174, 0s: 243
True Labels - 1s: 175, 0s: 242
Client 2 of 5: Local Epoch [2/3] Loss: 0.2597, Accuracy: 89.69 %
Predictions - 1s: 161, 0s: 256
True Labels - 1s: 162, 0s: 255
Client 1 of 5: Local Epoch [2/3] Loss: 0.2481, Accuracy: 90.17 %
Predictions - 1s: 165, 0s: 252
True Labels - 1s: 163, 0s: 254
Client 3 of 5: Local Epoch [2/3] Loss: 0.2457, Accuracy: 90.41 %
Predictions - 1s: 185, 0s: 232
True Labels - 1s: 184, 0s: 233
Client 4 of 5: Local Epoch [3/3] Loss: 0.2174, Accuracy: 91.61 %
Predictions - 1s: 176, 0s: 241
True Labels - 1s: 166, 0s: 251
Client 5 of 5: Local Epoch [3/3] Loss: 0.1955, Accuracy: 92.81 %
Predictions - 1s: 188, 0s: 229
True Labels - 1s: 175, 0s: 242
Client 2 of 5: Local Epoch [3/3] Loss: 0.2017, Accuracy: 93.53 %
Predictions - 1s: 165, 0s: 252
True Labels - 1s: 162, 0s: 255
Client 1 of 5: Local Epoch [3/3] Loss: 0.1793, Accuracy: 94.96 %
Predictions - 1s: 169, 0s: 248
True Labels - 1s: 163, 0s: 254
Client 3 of 5: Local Epoch [3/3] Loss: 0.2033, Accuracy: 92.81 %
-------------------------------
Round [1/4] Average Local Loss: 0.1994, Average Local Accuracy: 93.14 %
-------------------------------
-------- Validation --------
Predictions - 1s: 203, 0s: 318
True Labels - 1s: 224, 0s: 297
Round [1/4] Global Model Validation Loss: 0.2757, Validation Accuracy: 89.44 %
-------- Validation finished --------
Updated best model in round 1 saved with Validation Loss: 0.2757 and Validation Accuracy: 89.44 %
-------------------------------

Round 2 of 4
-------------------------------
Predictions - 1s: 170, 0s: 247
True Labels - 1s: 166, 0s: 251
Client 5 of 5: Local Epoch [1/3] Loss: 0.2528, Accuracy: 90.89 %
Predictions - 1s: 188, 0s: 229
True Labels - 1s: 184, 0s: 233
Client 4 of 5: Local Epoch [1/3] Loss: 0.2648, Accuracy: 88.97 %
Predictions - 1s: 163, 0s: 254
True Labels - 1s: 162, 0s: 255
Client 1 of 5: Local Epoch [1/3] Loss: 0.2312, Accuracy: 90.17 %
Predictions - 1s: 180, 0s: 237
True Labels - 1s: 175, 0s: 242
Client 2 of 5: Local Epoch [1/3] Loss: 0.2488, Accuracy: 91.13 %
Predictions - 1s: 174, 0s: 243
True Labels - 1s: 163, 0s: 254
Client 3 of 5: Local Epoch [1/3] Loss: 0.2502, Accuracy: 89.69 %
Predictions - 1s: 169, 0s: 248
True Labels - 1s: 162, 0s: 255
Client 1 of 5: Local Epoch [2/3] Loss: 0.1532, Accuracy: 94.48 %
Predictions - 1s: 169, 0s: 248
True Labels - 1s: 166, 0s: 251
Client 5 of 5: Local Epoch [2/3] Loss: 0.1570, Accuracy: 95.44 %
Predictions - 1s: 163, 0s: 254
True Labels - 1s: 163, 0s: 254
Client 3 of 5: Local Epoch [2/3] Loss: 0.1935, Accuracy: 92.81 %
Predictions - 1s: 189, 0s: 228
True Labels - 1s: 184, 0s: 233
Client 4 of 5: Local Epoch [2/3] Loss: 0.2043, Accuracy: 92.09 %
Predictions - 1s: 183, 0s: 234
True Labels - 1s: 175, 0s: 242
Client 2 of 5: Local Epoch [2/3] Loss: 0.1769, Accuracy: 94.24 %
Predictions - 1s: 170, 0s: 247
True Labels - 1s: 162, 0s: 255
Client 1 of 5: Local Epoch [3/3] Loss: 0.1315, Accuracy: 95.68 %
Predictions - 1s: 163, 0s: 254
True Labels - 1s: 166, 0s: 251
Client 5 of 5: Local Epoch [3/3] Loss: 0.1378, Accuracy: 95.44 %
Predictions - 1s: 178, 0s: 239
True Labels - 1s: 175, 0s: 242
Client 2 of 5: Local Epoch [3/3] Loss: 0.1457, Accuracy: 95.44 %
Predictions - 1s: 168, 0s: 249
True Labels - 1s: 163, 0s: 254
Client 3 of 5: Local Epoch [3/3] Loss: 0.1403, Accuracy: 95.44 %
Predictions - 1s: 191, 0s: 226
True Labels - 1s: 184, 0s: 233
Client 4 of 5: Local Epoch [3/3] Loss: 0.1604, Accuracy: 94.00 %
-------------------------------
Round [2/4] Average Local Loss: 0.1431, Average Local Accuracy: 95.20 %
-------------------------------
-------- Validation --------
Predictions - 1s: 211, 0s: 310
True Labels - 1s: 224, 0s: 297
Round [2/4] Global Model Validation Loss: 0.2602, Validation Accuracy: 91.36 %
-------- Validation finished --------
Updated best model in round 2 saved with Validation Loss: 0.2602 and Validation Accuracy: 91.36 %
-------------------------------

Round 3 of 4
-------------------------------
Predictions - 1s: 166, 0s: 251
True Labels - 1s: 162, 0s: 255
Client 1 of 5: Local Epoch [1/3] Loss: 0.1669, Accuracy: 94.24 %
Predictions - 1s: 163, 0s: 254
True Labels - 1s: 163, 0s: 254
Client 3 of 5: Local Epoch [1/3] Loss: 0.2004, Accuracy: 90.89 %
Predictions - 1s: 184, 0s: 233
True Labels - 1s: 184, 0s: 233
Client 4 of 5: Local Epoch [1/3] Loss: 0.2615, Accuracy: 90.89 %
Predictions - 1s: 173, 0s: 244
True Labels - 1s: 175, 0s: 242
Client 2 of 5: Local Epoch [1/3] Loss: 0.1926, Accuracy: 92.33 %
Predictions - 1s: 165, 0s: 252
True Labels - 1s: 166, 0s: 251
Client 5 of 5: Local Epoch [1/3] Loss: 0.1977, Accuracy: 93.05 %
Predictions - 1s: 168, 0s: 249
True Labels - 1s: 162, 0s: 255
Client 1 of 5: Local Epoch [2/3] Loss: 0.1240, Accuracy: 95.68 %
Predictions - 1s: 167, 0s: 250
True Labels - 1s: 163, 0s: 254
Client 3 of 5: Local Epoch [2/3] Loss: 0.1618, Accuracy: 93.76 %
Predictions - 1s: 180, 0s: 237
True Labels - 1s: 175, 0s: 242
Client 2 of 5: Local Epoch [2/3] Loss: 0.1325, Accuracy: 95.92 %
Predictions - 1s: 182, 0s: 235
True Labels - 1s: 184, 0s: 233
Client 4 of 5: Local Epoch [2/3] Loss: 0.1686, Accuracy: 93.76 %
Predictions - 1s: 164, 0s: 253
True Labels - 1s: 166, 0s: 251
Client 5 of 5: Local Epoch [2/3] Loss: 0.1373, Accuracy: 95.68 %
Predictions - 1s: 161, 0s: 256
True Labels - 1s: 162, 0s: 255
Client 1 of 5: Local Epoch [3/3] Loss: 0.0895, Accuracy: 97.36 %
Predictions - 1s: 162, 0s: 255
True Labels - 1s: 163, 0s: 254
Client 3 of 5: Local Epoch [3/3] Loss: 0.1270, Accuracy: 95.44 %
Predictions - 1s: 182, 0s: 235
True Labels - 1s: 184, 0s: 233
Client 4 of 5: Local Epoch [3/3] Loss: 0.1274, Accuracy: 95.20 %
Predictions - 1s: 183, 0s: 234
True Labels - 1s: 175, 0s: 242
Client 2 of 5: Local Epoch [3/3] Loss: 0.1046, Accuracy: 97.12 %
Predictions - 1s: 165, 0s: 252
True Labels - 1s: 166, 0s: 251
Client 5 of 5: Local Epoch [3/3] Loss: 0.1116, Accuracy: 96.88 %
-------------------------------
Round [3/4] Average Local Loss: 0.1120, Average Local Accuracy: 96.40 %
-------------------------------
-------- Validation --------
Predictions - 1s: 207, 0s: 314
True Labels - 1s: 224, 0s: 297
Round [3/4] Global Model Validation Loss: 0.2659, Validation Accuracy: 90.98 %
-------- Validation finished --------

Round 4 of 4
-------------------------------
Predictions - 1s: 162, 0s: 255
True Labels - 1s: 163, 0s: 254
Client 3 of 5: Local Epoch [1/3] Loss: 0.1913, Accuracy: 92.57 %
Predictions - 1s: 184, 0s: 233
True Labels - 1s: 184, 0s: 233
Client 4 of 5: Local Epoch [1/3] Loss: 0.2043, Accuracy: 91.85 %
Predictions - 1s: 162, 0s: 255
True Labels - 1s: 162, 0s: 255
Client 1 of 5: Local Epoch [1/3] Loss: 0.1611, Accuracy: 94.24 %
Predictions - 1s: 168, 0s: 249
True Labels - 1s: 166, 0s: 251
Client 5 of 5: Local Epoch [1/3] Loss: 0.1502, Accuracy: 94.72 %
Predictions - 1s: 180, 0s: 237
True Labels - 1s: 175, 0s: 242
Client 2 of 5: Local Epoch [1/3] Loss: 0.1907, Accuracy: 94.00 %
Predictions - 1s: 167, 0s: 250
True Labels - 1s: 163, 0s: 254
Client 3 of 5: Local Epoch [2/3] Loss: 0.1091, Accuracy: 96.16 %
Predictions - 1s: 184, 0s: 233
True Labels - 1s: 184, 0s: 233
Client 4 of 5: Local Epoch [2/3] Loss: 0.1463, Accuracy: 94.24 %
Predictions - 1s: 161, 0s: 256
True Labels - 1s: 166, 0s: 251
Client 5 of 5: Local Epoch [2/3] Loss: 0.1185, Accuracy: 95.92 %
Predictions - 1s: 167, 0s: 250
True Labels - 1s: 162, 0s: 255
Client 1 of 5: Local Epoch [2/3] Loss: 0.0965, Accuracy: 96.40 %
Predictions - 1s: 176, 0s: 241
True Labels - 1s: 175, 0s: 242
Client 2 of 5: Local Epoch [2/3] Loss: 0.1184, Accuracy: 95.44 %
Predictions - 1s: 161, 0s: 256
True Labels - 1s: 163, 0s: 254
Client 3 of 5: Local Epoch [3/3] Loss: 0.0914, Accuracy: 97.12 %
Predictions - 1s: 182, 0s: 235
True Labels - 1s: 184, 0s: 233
Client 4 of 5: Local Epoch [3/3] Loss: 0.1124, Accuracy: 96.16 %
Predictions - 1s: 164, 0s: 253
True Labels - 1s: 166, 0s: 251
Client 5 of 5: Local Epoch [3/3] Loss: 0.0772, Accuracy: 97.12 %
Predictions - 1s: 163, 0s: 254
True Labels - 1s: 162, 0s: 255
Client 1 of 5: Local Epoch [3/3] Loss: 0.0806, Accuracy: 96.88 %
Predictions - 1s: 178, 0s: 239
True Labels - 1s: 175, 0s: 242
Client 2 of 5: Local Epoch [3/3] Loss: 0.0922, Accuracy: 97.84 %
-------------------------------
Round [4/4] Average Local Loss: 0.0908, Average Local Accuracy: 97.03 %
-------------------------------
-------- Validation --------
Predictions - 1s: 207, 0s: 314
True Labels - 1s: 224, 0s: 297
Round [4/4] Global Model Validation Loss: 0.2604, Validation Accuracy: 91.36 %
-------- Validation finished --------
Best model in round 2 saved with Validation Loss: 0.2602 and Validation Accuracy: 91.36 %

-------- Training finished in 6:28 --------

Test flag enabled. Testing the model

-------- Loading best model from model_path --------
Loaded model bert-medium from date 20-04-2024 04:30. Trained with Federated Learning technology.
Round 2, lr: 6e-05, optimizer: AdamW
Average train accuracy: 95.20 %, Validation accuracy: 91.36 %
-------- Best model loaded --------

-------- Creating Test Dataloader --------
Test Loader: 650 total sentences. 82 batches of size 8.
-------- Test Dataloader created --------

-------- Testing --------
Predictions - 1s: 257, 0s: 393
True Labels - 1s: 268, 0s: 382
Nº of test samples: 650
Accuracy: 92.15%
Accuracy 2 : 92.15%
Precision: 92.16%
Recall: 91.60%
F1 Score: 91.85%
Classification report:
              precision    recall  f1-score   support

           0     0.9211    0.9476    0.9342       382
           1     0.9222    0.8843    0.9029       268

    accuracy                         0.9215       650
   macro avg     0.9216    0.9160    0.9185       650
weighted avg     0.9216    0.9215    0.9213       650

-------- Testing finished --------
