Current configuration:
{
    "concurrency_flag": true,
    "data_distribution": "iid",
    "dataset": "acl_dep_sad",
    "device": "cuda",
    "dp_delta": 0.003,
    "dp_epsilon": 0.0,
    "eval_batch_size": 4,
    "eval_flag": true,
    "eval_size": 0.2,
    "fed_alg": "fedavg",
    "layers": 3,
    "learning_rate": 6e-05,
    "max_length": 512,
    "ml_mode": "fl",
    "model": "bert_mini",
    "model_name": "fl_mini_seed10_acl_dep_sad",
    "models_path": "/local/vpaloma/fabric-federated-learning/ablation_study/phase-4/final/accs-times/acl_dep_sad/",
    "mu": 0.5,
    "num_clients": 5,
    "num_epochs": 3,
    "num_rounds": 4,
    "optimizer": "AdamW",
    "progress_bar_flag": false,
    "save_model": true,
    "scheduler": "linear",
    "scheduler_warmup_steps": 0,
    "seed": "random",
    "test_flag": true,
    "train_batch_size": 4,
    "train_size": 0.8
}
-------- Configuration loaded --------

-------- Setting device --------
cuda device selected and available.
-------- Device set --------

-------- Setting seed --------
seed set:  135145
-------- Seed set --------

-------- Creating Model --------
-------- Model created --------

-------- Setting Trainable Layers --------
Training the last 3 layers.

Total parameters count: 11171074
Trainable parameters count: 856066
-------- Trainable Layers set --------

-------- Creating Tokenizer --------
-------- Tokenizer created --------

-------- Creating Train and Eval Dataloaders --------
Train Loader: 2085 total sentences. 522 batches of size 4.
Eval Loader: 521 total sentences. 131 batches of size 4.
-------- Train and Eval Dataloaders created --------

-------- Training --------
Training with Federated Learning technology.
Training without differential privacy.
Federated averaging algorithm selected.
Client 0: Label 0: 237, Label 1: 180
Client 1: Label 0: 239, Label 1: 178
Client 2: Label 0: 236, Label 1: 181
Client 3: Label 0: 250, Label 1: 167
Client 4: Label 0: 243, Label 1: 174

Round 1 of 4
-------------------------------
Predictions - 1s: 76, 0s: 341
True Labels - 1s: 178, 0s: 239
Client 2 of 5: Local Epoch [1/3] Loss: 0.6177, Accuracy: 64.51 %
Predictions - 1s: 37, 0s: 380
True Labels - 1s: 167, 0s: 250
Client 4 of 5: Local Epoch [1/3] Loss: 0.6166, Accuracy: 63.55 %
Predictions - 1s: 87, 0s: 330
True Labels - 1s: 180, 0s: 237
Client 1 of 5: Local Epoch [1/3] Loss: 0.6408, Accuracy: 62.83 %
Predictions - 1s: 48, 0s: 369
True Labels - 1s: 181, 0s: 236
Client 3 of 5: Local Epoch [1/3] Loss: 0.6440, Accuracy: 61.87 %
Predictions - 1s: 42, 0s: 375
True Labels - 1s: 174, 0s: 243
Client 5 of 5: Local Epoch [1/3] Loss: 0.6439, Accuracy: 61.15 %
Predictions - 1s: 158, 0s: 259
True Labels - 1s: 178, 0s: 239
Client 2 of 5: Local Epoch [2/3] Loss: 0.4420, Accuracy: 84.65 %
Predictions - 1s: 132, 0s: 285
True Labels - 1s: 167, 0s: 250
Client 4 of 5: Local Epoch [2/3] Loss: 0.4626, Accuracy: 83.45 %
Predictions - 1s: 121, 0s: 296
True Labels - 1s: 174, 0s: 243
Client 5 of 5: Local Epoch [2/3] Loss: 0.4804, Accuracy: 82.01 %
Predictions - 1s: 138, 0s: 279
True Labels - 1s: 180, 0s: 237
Client 1 of 5: Local Epoch [2/3] Loss: 0.5194, Accuracy: 79.86 %
Predictions - 1s: 151, 0s: 266
True Labels - 1s: 181, 0s: 236
Client 3 of 5: Local Epoch [2/3] Loss: 0.5070, Accuracy: 82.25 %
Predictions - 1s: 165, 0s: 252
True Labels - 1s: 178, 0s: 239
Client 2 of 5: Local Epoch [3/3] Loss: 0.3472, Accuracy: 88.25 %
Predictions - 1s: 153, 0s: 264
True Labels - 1s: 167, 0s: 250
Client 4 of 5: Local Epoch [3/3] Loss: 0.3674, Accuracy: 88.01 %
Predictions - 1s: 171, 0s: 246
Predictions - 1s: 159, 0s: 258
True Labels - 1s: 181, 0s: 236
Client 3 of 5: Local Epoch [3/3] Loss: 0.4251, Accuracy: 84.17 %
True Labels - 1s: 180, 0s: 237
Predictions - 1s: 163, 0s: 254
Client 1 of 5: Local Epoch [3/3] Loss: 0.4412, Accuracy: 82.97 %
True Labels - 1s: 174, 0s: 243
Client 5 of 5: Local Epoch [3/3] Loss: 0.3827, Accuracy: 88.25 %
-------------------------------
Round [1/4] Average Local Loss: 0.3927, Average Local Accuracy: 86.33 %
-------------------------------
-------- Validation --------
Predictions - 1s: 187, 0s: 334
True Labels - 1s: 194, 0s: 327
Round [1/4] Global Model Validation Loss: 0.3818, Validation Accuracy: 84.45 %
-------- Validation finished --------
Updated best model in round 1 saved with Validation Loss: 0.3818 and Validation Accuracy: 84.45 %
-------------------------------

Round 2 of 4
-------------------------------
Predictions - 1s: 159, 0s: 258
True Labels - 1s: 167, 0s: 250
Client 4 of 5: Local Epoch [1/3] Loss: 0.3481, Accuracy: 86.09 %
Predictions - 1s: 175, 0s: 242
True Labels - 1s: 181, 0s: 236
Predictions - 1s: 179, 0s: 238
Client 3 of 5: Local Epoch [1/3] Loss: 0.3766, Accuracy: 87.05 %
True Labels - 1s: 180, 0s: 237
Client 1 of 5: Local Epoch [1/3] Loss: 0.3958, Accuracy: 83.45 %
Predictions - 1s: 166, 0s: 251
True Labels - 1s: 178, 0s: 239
Client 2 of 5: Local Epoch [1/3] Loss: 0.3361, Accuracy: 87.53 %
Predictions - 1s: 167, 0s: 250
True Labels - 1s: 174, 0s: 243
Client 5 of 5: Local Epoch [1/3] Loss: 0.3346, Accuracy: 87.29 %
Predictions - 1s: 174, 0s: 243
True Labels - 1s: 178, 0s: 239
Client 2 of 5: Local Epoch [2/3] Loss: 0.2620, Accuracy: 90.41 %
Predictions - 1s: 176, 0s: 241
Predictions - 1s: 181, 0s: 236
True Labels - 1s: 181, 0s: 236
Client 3 of 5: Local Epoch [2/3] Loss: 0.3320, Accuracy: 88.73 %
True Labels - 1s: 180, 0s: 237
Client 1 of 5: Local Epoch [2/3] Loss: 0.3434, Accuracy: 84.89 %
Predictions - 1s: 169, 0s: 248
True Labels - 1s: 167, 0s: 250
Client 4 of 5: Local Epoch [2/3] Loss: 0.2859, Accuracy: 89.45 %
Predictions - 1s: 173, 0s: 244
True Labels - 1s: 174, 0s: 243
Client 5 of 5: Local Epoch [2/3] Loss: 0.2758, Accuracy: 90.65 %
Predictions - 1s: 181, 0s: 236
True Labels - 1s: 178, 0s: 239
Client 2 of 5: Local Epoch [3/3] Loss: 0.2328, Accuracy: 92.09 %
Predictions - 1s: 180, 0s: 237
True Labels - 1s: 180, 0s: 237
Client 1 of 5: Local Epoch [3/3] Loss: 0.2970, Accuracy: 89.93 %
Predictions - 1s: 183, 0s: 234
True Labels - 1s: 174, 0s: 243
Client 5 of 5: Local Epoch [3/3] Loss: 0.2656, Accuracy: 90.65 %
Predictions - 1s: 193, 0s: 224
Predictions - 1s: 168, 0s: 249
True Labels - 1s: 181, 0s: 236
True Labels - 1s: 167, 0s: 250
Client 3 of 5: Local Epoch [3/3] Loss: 0.3081, Accuracy: 87.05 %
Client 4 of 5: Local Epoch [3/3] Loss: 0.2405, Accuracy: 92.09 %
-------------------------------
Round [2/4] Average Local Loss: 0.2688, Average Local Accuracy: 90.36 %
-------------------------------
-------- Validation --------
Predictions - 1s: 194, 0s: 327
True Labels - 1s: 194, 0s: 327
Round [2/4] Global Model Validation Loss: 0.3225, Validation Accuracy: 86.56 %
-------- Validation finished --------
Updated best model in round 2 saved with Validation Loss: 0.3225 and Validation Accuracy: 86.56 %
-------------------------------

Round 3 of 4
-------------------------------
Predictions - 1s: 187, 0s: 230
True Labels - 1s: 178, 0s: 239
Client 2 of 5: Local Epoch [1/3] Loss: 0.2511, Accuracy: 90.17 %
Predictions - 1s: 185, 0s: 232
True Labels - 1s: 181, 0s: 236
Client 3 of 5: Local Epoch [1/3] Loss: 0.3291, Accuracy: 87.53 %
Predictions - 1s: 177, 0s: 240
True Labels - 1s: 174, 0s: 243
Client 5 of 5: Local Epoch [1/3] Loss: 0.2606, Accuracy: 91.13 %
Predictions - 1s: 190, 0s: 227
True Labels - 1s: 180, 0s: 237
Client 1 of 5: Local Epoch [1/3] Loss: 0.3295, Accuracy: 86.09 %
Predictions - 1s: 167, 0s: 250
True Labels - 1s: 167, 0s: 250
Client 4 of 5: Local Epoch [1/3] Loss: 0.2657, Accuracy: 89.93 %
Predictions - 1s: 179, 0s: 238
True Labels - 1s: 178, 0s: 239
Client 2 of 5: Local Epoch [2/3] Loss: 0.2291, Accuracy: 90.65 %
Predictions - 1s: 185, 0s: 232
True Labels - 1s: 181, 0s: 236
Client 3 of 5: Local Epoch [2/3] Loss: 0.2891, Accuracy: 90.41 %
Predictions - 1s: 170, 0s: 247
True Labels - 1s: 167, 0s: 250
Client 4 of 5: Local Epoch [2/3] Loss: 0.2277, Accuracy: 91.13 %
Predictions - 1s: 169, 0s: 248
True Labels - 1s: 174, 0s: 243
Client 5 of 5: Local Epoch [2/3] Loss: 0.2416, Accuracy: 92.09 %
Predictions - 1s: 180, 0s: 237
True Labels - 1s: 180, 0s: 237
Client 1 of 5: Local Epoch [2/3] Loss: 0.2947, Accuracy: 89.45 %
Predictions - 1s: 190, 0s: 227
True Labels - 1s: 178, 0s: 239
Client 2 of 5: Local Epoch [3/3] Loss: 0.1950, Accuracy: 91.85 %
Predictions - 1s: 188, 0s: 229
True Labels - 1s: 181, 0s: 236
Client 3 of 5: Local Epoch [3/3] Loss: 0.2995, Accuracy: 88.73 %
Predictions - 1s: 167, 0s: 250
True Labels - 1s: 167, 0s: 250
Client 4 of 5: Local Epoch [3/3] Loss: 0.2045, Accuracy: 92.33 %
Predictions - 1s: 174, 0s: 243
True Labels - 1s: 174, 0s: 243
Client 5 of 5: Local Epoch [3/3] Loss: 0.2346, Accuracy: 91.85 %
Predictions - 1s: 185, 0s: 232
True Labels - 1s: 180, 0s: 237
Client 1 of 5: Local Epoch [3/3] Loss: 0.2499, Accuracy: 90.17 %
-------------------------------
Round [3/4] Average Local Loss: 0.2367, Average Local Accuracy: 90.98 %
-------------------------------
-------- Validation --------
Predictions - 1s: 204, 0s: 317
True Labels - 1s: 194, 0s: 327
Round [3/4] Global Model Validation Loss: 0.2914, Validation Accuracy: 88.10 %
-------- Validation finished --------
Updated best model in round 3 saved with Validation Loss: 0.2914 and Validation Accuracy: 88.10 %
-------------------------------

Round 4 of 4
-------------------------------
Predictions - 1s: 173, 0s: 244
True Labels - 1s: 174, 0s: 243
Client 5 of 5: Local Epoch [1/3] Loss: 0.2483, Accuracy: 92.09 %
Predictions - 1s: 179, 0s: 238
True Labels - 1s: 181, 0s: 236
Client 3 of 5: Local Epoch [1/3] Loss: 0.3100, Accuracy: 87.05 %
Predictions - 1s: 182, 0s: 235
True Labels - 1s: 178, 0s: 239
Client 2 of 5: Local Epoch [1/3] Loss: 0.2125, Accuracy: 91.85 %
Predictions - 1s: 179, 0s: 238
Predictions - 1s: 177, 0s: 240
True Labels - 1s: 167, 0s: 250
Client 4 of 5: Local Epoch [1/3] Loss: 0.2338, Accuracy: 91.37 %
True Labels - 1s: 180, 0s: 237
Client 1 of 5: Local Epoch [1/3] Loss: 0.2810, Accuracy: 89.21 %
Predictions - 1s: 173, 0s: 244
True Labels - 1s: 174, 0s: 243
Client 5 of 5: Local Epoch [2/3] Loss: 0.2276, Accuracy: 91.13 %
Predictions - 1s: 186, 0s: 231
True Labels - 1s: 181, 0s: 236
Client 3 of 5: Local Epoch [2/3] Loss: 0.2626, Accuracy: 89.21 %
Predictions - 1s: 171, 0s: 246
True Labels - 1s: 174, 0s: 243
Client 5 of 5: Local Epoch [3/3] Loss: 0.2118, Accuracy: 92.57 %
Predictions - 1s: 168, 0s: 249
True Labels - 1s: 167, 0s: 250
Client 4 of 5: Local Epoch [2/3] Loss: 0.2162, Accuracy: 90.65 %
Predictions - 1s: 185, 0s: 232
True Labels - 1s: 180, 0s: 237
Client 1 of 5: Local Epoch [2/3] Loss: 0.2710, Accuracy: 88.73 %
Predictions - 1s: 183, 0s: 234
True Labels - 1s: 178, 0s: 239
Client 2 of 5: Local Epoch [2/3] Loss: 0.1901, Accuracy: 92.09 %
Predictions - 1s: 191, 0s: 226
True Labels - 1s: 181, 0s: 236
Client 3 of 5: Local Epoch [3/3] Loss: 0.2524, Accuracy: 90.41 %
Predictions - 1s: 172, 0s: 245
True Labels - 1s: 167, 0s: 250
Client 4 of 5: Local Epoch [3/3] Loss: 0.1909, Accuracy: 93.05 %
Predictions - 1s: 181, 0s: 236
True Labels - 1s: 178, 0s: 239
Client 2 of 5: Local Epoch [3/3] Loss: 0.1788, Accuracy: 92.57 %
Predictions - 1s: 180, 0s: 237
True Labels - 1s: 180, 0s: 237
Client 1 of 5: Local Epoch [3/3] Loss: 0.2194, Accuracy: 91.37 %
-------------------------------
Round [4/4] Average Local Loss: 0.2107, Average Local Accuracy: 91.99 %
-------------------------------
-------- Validation --------
Predictions - 1s: 206, 0s: 315
True Labels - 1s: 194, 0s: 327
Round [4/4] Global Model Validation Loss: 0.2715, Validation Accuracy: 88.87 %
-------- Validation finished --------
Updated best model in round 4 saved with Validation Loss: 0.2715 and Validation Accuracy: 88.87 %
-------------------------------
Best model in round 4 saved with Validation Loss: 0.2715 and Validation Accuracy: 88.87 %

-------- Training finished in 1:53 --------

Test flag enabled. Testing the model

-------- Loading best model from model_path --------
Loaded model bert-mini from date 20-04-2024 04:43. Trained with Federated Learning technology.
Round 4, lr: 6e-05, optimizer: AdamW
Average train accuracy: 91.99 %, Validation accuracy: 88.87 %
-------- Best model loaded --------

-------- Creating Test Dataloader --------
Test Loader: 650 total sentences. 82 batches of size 8.
-------- Test Dataloader created --------

-------- Testing --------
Predictions - 1s: 263, 0s: 387
True Labels - 1s: 268, 0s: 382
Nº of test samples: 650
Accuracy: 88.46%
Accuracy 2 : 88.46%
Precision: 88.18%
Recall: 87.96%
F1 Score: 88.06%
Classification report:
              precision    recall  f1-score   support

           0     0.8966    0.9084    0.9025       382
           1     0.8669    0.8507    0.8588       268

    accuracy                         0.8846       650
   macro avg     0.8818    0.8796    0.8806       650
weighted avg     0.8844    0.8846    0.8844       650

-------- Testing finished --------
