Current configuration:
{
    "concurrency_flag": true,
    "data_distribution": "iid",
    "dataset": "acl_dep_sad",
    "device": "cuda",
    "dp_delta": 0.003,
    "dp_epsilon": 0.0,
    "eval_batch_size": 4,
    "eval_flag": true,
    "eval_size": 0.2,
    "fed_alg": "fedavg",
    "layers": 3,
    "learning_rate": 6e-05,
    "max_length": 512,
    "ml_mode": "fl",
    "model": "bert_mini",
    "model_name": "fl_mini_seed9_acl_dep_sad",
    "models_path": "/local/vpaloma/fabric-federated-learning/ablation_study/phase-4/final/accs-times/acl_dep_sad/",
    "mu": 0.5,
    "num_clients": 5,
    "num_epochs": 3,
    "num_rounds": 4,
    "optimizer": "AdamW",
    "progress_bar_flag": false,
    "save_model": true,
    "scheduler": "linear",
    "scheduler_warmup_steps": 0,
    "seed": "random",
    "test_flag": true,
    "train_batch_size": 4,
    "train_size": 0.8
}
-------- Configuration loaded --------

-------- Setting device --------
cuda device selected and available.
-------- Device set --------

-------- Setting seed --------
seed set:  549820
-------- Seed set --------

-------- Creating Model --------
-------- Model created --------

-------- Setting Trainable Layers --------
Training the last 3 layers.

Total parameters count: 11171074
Trainable parameters count: 856066
-------- Trainable Layers set --------

-------- Creating Tokenizer --------
-------- Tokenizer created --------

-------- Creating Train and Eval Dataloaders --------
Train Loader: 2085 total sentences. 522 batches of size 4.
Eval Loader: 521 total sentences. 131 batches of size 4.
-------- Train and Eval Dataloaders created --------

-------- Training --------
Training with Federated Learning technology.
Training without differential privacy.
Federated averaging algorithm selected.
Client 0: Label 0: 240, Label 1: 177
Client 1: Label 0: 243, Label 1: 174
Client 2: Label 0: 250, Label 1: 167
Client 3: Label 0: 233, Label 1: 184
Client 4: Label 0: 258, Label 1: 159

Round 1 of 4
-------------------------------
Predictions - 1s: 131, 0s: 286
True Labels - 1s: 184, 0s: 233
Client 4 of 5: Local Epoch [1/3] Loss: 0.6225, Accuracy: 69.06 %
Predictions - 1s: 146, 0s: 271
True Labels - 1s: 177, 0s: 240
Client 1 of 5: Local Epoch [1/3] Loss: 0.6110, Accuracy: 69.06 %
Predictions - 1s: 81, 0s: 336
True Labels - 1s: 167, 0s: 250
Client 3 of 5: Local Epoch [1/3] Loss: 0.6024, Accuracy: 68.35 %
Predictions - 1s: 69, 0s: 348
True Labels - 1s: 159, 0s: 258
Client 5 of 5: Local Epoch [1/3] Loss: 0.5887, Accuracy: 68.82 %
Predictions - 1s: 111, 0s: 306
True Labels - 1s: 174, 0s: 243
Client 2 of 5: Local Epoch [1/3] Loss: 0.6072, Accuracy: 68.11 %
Predictions - 1s: 166, 0s: 251
True Labels - 1s: 184, 0s: 233
Client 4 of 5: Local Epoch [2/3] Loss: 0.4774, Accuracy: 83.21 %
Predictions - 1s: 157, 0s: 260
True Labels - 1s: 177, 0s: 240
Client 1 of 5: Local Epoch [2/3] Loss: 0.4289, Accuracy: 84.17 %
Predictions - 1s: 140, 0s: 277
True Labels - 1s: 167, 0s: 250
Client 3 of 5: Local Epoch [2/3] Loss: 0.4372, Accuracy: 84.89 %
Predictions - 1s: 132, 0s: 285
True Labels - 1s: 159, 0s: 258
Client 5 of 5: Local Epoch [2/3] Loss: 0.4174, Accuracy: 86.33 %
Predictions - 1s: 170, 0s: 247
True Labels - 1s: 184, 0s: 233
Client 4 of 5: Local Epoch [3/3] Loss: 0.3927, Accuracy: 86.09 %
Predictions - 1s: 163, 0s: 254
True Labels - 1s: 174, 0s: 243
Client 2 of 5: Local Epoch [2/3] Loss: 0.4101, Accuracy: 87.29 %
Predictions - 1s: 166, 0s: 251
True Labels - 1s: 177, 0s: 240
Client 1 of 5: Local Epoch [3/3] Loss: 0.3527, Accuracy: 86.81 %
Predictions - 1s: 165, 0s: 252
Predictions - 1s: 147, 0s: 270
True Labels - 1s: 167, 0s: 250
True Labels - 1s: 159, 0s: 258
Client 3 of 5: Local Epoch [3/3] Loss: 0.3501, Accuracy: 88.49 %
Client 5 of 5: Local Epoch [3/3] Loss: 0.3448, Accuracy: 88.49 %
Predictions - 1s: 168, 0s: 249
True Labels - 1s: 174, 0s: 243
Client 2 of 5: Local Epoch [3/3] Loss: 0.3497, Accuracy: 88.49 %
-------------------------------
Round [1/4] Average Local Loss: 0.3580, Average Local Accuracy: 87.67 %
-------------------------------
-------- Validation --------
Predictions - 1s: 185, 0s: 336
True Labels - 1s: 213, 0s: 308
Round [1/4] Global Model Validation Loss: 0.3703, Validation Accuracy: 83.88 %
-------- Validation finished --------
Updated best model in round 1 saved with Validation Loss: 0.3703 and Validation Accuracy: 83.88 %
-------------------------------

Round 2 of 4
-------------------------------
Predictions - 1s: 182, 0s: 235
True Labels - 1s: 184, 0s: 233
Client 4 of 5: Local Epoch [1/3] Loss: 0.3483, Accuracy: 87.53 %
Predictions - 1s: 147, 0s: 270
True Labels - 1s: 159, 0s: 258
Client 5 of 5: Local Epoch [1/3] Loss: 0.3380, Accuracy: 87.05 %
Predictions - 1s: 160, 0s: 257
True Labels - 1s: 167, 0s: 250
Client 3 of 5: Local Epoch [1/3] Loss: 0.3403, Accuracy: 87.29 %
Predictions - 1s: 165, 0s: 252
True Labels - 1s: 177, 0s: 240
Client 1 of 5: Local Epoch [1/3] Loss: 0.3245, Accuracy: 85.61 %
Predictions - 1s: 174, 0s: 243
True Labels - 1s: 174, 0s: 243
Client 2 of 5: Local Epoch [1/3] Loss: 0.3149, Accuracy: 89.93 %
Predictions - 1s: 179, 0s: 238
True Labels - 1s: 174, 0s: 243
Client 2 of 5: Local Epoch [2/3] Loss: 0.2745, Accuracy: 89.69 %
Predictions - 1s: 180, 0s: 237
True Labels - 1s: 177, 0s: 240
Client 1 of 5: Local Epoch [2/3] Loss: 0.2912, Accuracy: 88.25 %
Predictions - 1s: 159, 0s: 258
True Labels - 1s: 167, 0s: 250
Client 3 of 5: Local Epoch [2/3] Loss: 0.2772, Accuracy: 89.45 %
Predictions - 1s: 187, 0s: 230
True Labels - 1s: 184, 0s: 233
Client 4 of 5: Local Epoch [2/3] Loss: 0.3042, Accuracy: 88.73 %
Predictions - 1s: 159, 0s: 258
True Labels - 1s: 159, 0s: 258
Client 5 of 5: Local Epoch [2/3] Loss: 0.3040, Accuracy: 89.45 %
Predictions - 1s: 181, 0s: 236
Predictions - 1s: 176, 0s: 241
True Labels - 1s: 177, 0s: 240
Client 1 of 5: Local Epoch [3/3] Loss: 0.2851, Accuracy: 88.49 %
True Labels - 1s: 174, 0s: 243
Client 2 of 5: Local Epoch [3/3] Loss: 0.2615, Accuracy: 89.93 %
Predictions - 1s: 170, 0s: 247
True Labels - 1s: 167, 0s: 250
Client 3 of 5: Local Epoch [3/3] Loss: 0.2659, Accuracy: 89.21 %
Predictions - 1s: 157, 0s: 260
True Labels - 1s: 159, 0s: 258
Client 5 of 5: Local Epoch [3/3] Loss: 0.2496, Accuracy: 91.85 %
Predictions - 1s: 193, 0s: 224
True Labels - 1s: 184, 0s: 233
Client 4 of 5: Local Epoch [3/3] Loss: 0.2803, Accuracy: 89.21 %
-------------------------------
Round [2/4] Average Local Loss: 0.2685, Average Local Accuracy: 89.74 %
-------------------------------
-------- Validation --------
Predictions - 1s: 203, 0s: 318
True Labels - 1s: 213, 0s: 308
Round [2/4] Global Model Validation Loss: 0.3123, Validation Accuracy: 86.18 %
-------- Validation finished --------
Updated best model in round 2 saved with Validation Loss: 0.3123 and Validation Accuracy: 86.18 %
-------------------------------

Round 3 of 4
-------------------------------
Predictions - 1s: 186, 0s: 231
True Labels - 1s: 184, 0s: 233
Client 4 of 5: Local Epoch [1/3] Loss: 0.2965, Accuracy: 88.49 %
Predictions - 1s: 162, 0s: 255
Predictions - 1s: 182, 0s: 235
True Labels - 1s: 159, 0s: 258
True Labels - 1s: 174, 0s: 243
Client 5 of 5: Local Epoch [1/3] Loss: 0.2848, Accuracy: 89.69 %
Client 2 of 5: Local Epoch [1/3] Loss: 0.2575, Accuracy: 89.93 %
Predictions - 1s: 166, 0s: 251
True Labels - 1s: 167, 0s: 250
Client 3 of 5: Local Epoch [1/3] Loss: 0.2606, Accuracy: 90.65 %
Predictions - 1s: 177, 0s: 240
True Labels - 1s: 177, 0s: 240
Client 1 of 5: Local Epoch [1/3] Loss: 0.2993, Accuracy: 88.01 %
Predictions - 1s: 160, 0s: 257
True Labels - 1s: 159, 0s: 258
Client 5 of 5: Local Epoch [2/3] Loss: 0.2602, Accuracy: 90.17 %
Predictions - 1s: 193, 0s: 224
True Labels - 1s: 184, 0s: 233
Client 4 of 5: Local Epoch [2/3] Loss: 0.2671, Accuracy: 90.65 %
Predictions - 1s: 165, 0s: 252
True Labels - 1s: 167, 0s: 250
Client 3 of 5: Local Epoch [2/3] Loss: 0.2584, Accuracy: 91.37 %
Predictions - 1s: 187, 0s: 230
True Labels - 1s: 177, 0s: 240
Client 1 of 5: Local Epoch [2/3] Loss: 0.2670, Accuracy: 89.45 %
Predictions - 1s: 178, 0s: 239
True Labels - 1s: 174, 0s: 243
Client 2 of 5: Local Epoch [2/3] Loss: 0.2164, Accuracy: 90.89 %
Predictions - 1s: 160, 0s: 257
True Labels - 1s: 159, 0s: 258
Client 5 of 5: Local Epoch [3/3] Loss: 0.2463, Accuracy: 91.13 %
Predictions - 1s: 196, 0s: 221
True Labels - 1s: 184, 0s: 233
Client 4 of 5: Local Epoch [3/3] Loss: 0.2370, Accuracy: 91.85 %
Predictions - 1s: 173, 0s: 244
True Labels - 1s: 167, 0s: 250
Client 3 of 5: Local Epoch [3/3] Loss: 0.2465, Accuracy: 91.85 %
Predictions - 1s: 180, 0s: 237
True Labels - 1s: 177, 0s: 240
Client 1 of 5: Local Epoch [3/3] Loss: 0.2480, Accuracy: 90.17 %
Predictions - 1s: 183, 0s: 234
True Labels - 1s: 174, 0s: 243
Client 2 of 5: Local Epoch [3/3] Loss: 0.2117, Accuracy: 91.61 %
-------------------------------
Round [3/4] Average Local Loss: 0.2379, Average Local Accuracy: 91.32 %
-------------------------------
-------- Validation --------
Predictions - 1s: 207, 0s: 314
True Labels - 1s: 213, 0s: 308
Round [3/4] Global Model Validation Loss: 0.2837, Validation Accuracy: 88.48 %
-------- Validation finished --------
Updated best model in round 3 saved with Validation Loss: 0.2837 and Validation Accuracy: 88.48 %
-------------------------------

Round 4 of 4
-------------------------------
Predictions - 1s: 175, 0s: 242
True Labels - 1s: 174, 0s: 243
Client 2 of 5: Local Epoch [1/3] Loss: 0.2292, Accuracy: 91.13 %
Predictions - 1s: 162, 0s: 255
True Labels - 1s: 159, 0s: 258
Client 5 of 5: Local Epoch [1/3] Loss: 0.2605, Accuracy: 91.61 %
Predictions - 1s: 177, 0s: 240
True Labels - 1s: 177, 0s: 240
Client 1 of 5: Local Epoch [1/3] Loss: 0.2763, Accuracy: 89.93 %
Predictions - 1s: 165, 0s: 252
True Labels - 1s: 167, 0s: 250
Client 3 of 5: Local Epoch [1/3] Loss: 0.2227, Accuracy: 92.33 %
Predictions - 1s: 188, 0s: 229
True Labels - 1s: 184, 0s: 233
Client 4 of 5: Local Epoch [1/3] Loss: 0.2961, Accuracy: 88.49 %
Predictions - 1s: 173, 0s: 244
True Labels - 1s: 174, 0s: 243
Client 2 of 5: Local Epoch [2/3] Loss: 0.1949, Accuracy: 93.05 %
Predictions - 1s: 160, 0s: 257
True Labels - 1s: 159, 0s: 258
Client 5 of 5: Local Epoch [2/3] Loss: 0.2312, Accuracy: 92.09 %
Predictions - 1s: 192, 0s: 225
True Labels - 1s: 184, 0s: 233
Client 4 of 5: Local Epoch [2/3] Loss: 0.2479, Accuracy: 88.97 %
Predictions - 1s: 170, 0s: 247
True Labels - 1s: 167, 0s: 250
Client 3 of 5: Local Epoch [2/3] Loss: 0.2098, Accuracy: 92.57 %
Predictions - 1s: 186, 0s: 231
True Labels - 1s: 177, 0s: 240
Client 1 of 5: Local Epoch [2/3] Loss: 0.2267, Accuracy: 91.13 %
Predictions - 1s: 180, 0s: 237
True Labels - 1s: 174, 0s: 243
Client 2 of 5: Local Epoch [3/3] Loss: 0.1737, Accuracy: 93.76 %
Predictions - 1s: 150, 0s: 267
True Labels - 1s: 159, 0s: 258
Client 5 of 5: Local Epoch [3/3] Loss: 0.2170, Accuracy: 91.13 %
Predictions - 1s: 197, 0s: 220
True Labels - 1s: 184, 0s: 233
Client 4 of 5: Local Epoch [3/3] Loss: 0.2205, Accuracy: 90.65 %
Predictions - 1s: 184, 0s: 233
True Labels - 1s: 177, 0s: 240
Client 1 of 5: Local Epoch [3/3] Loss: 0.2178, Accuracy: 91.61 %
Predictions - 1s: 166, 0s: 251
True Labels - 1s: 167, 0s: 250
Client 3 of 5: Local Epoch [3/3] Loss: 0.1998, Accuracy: 93.05 %
-------------------------------
Round [4/4] Average Local Loss: 0.2058, Average Local Accuracy: 92.04 %
-------------------------------
-------- Validation --------
Predictions - 1s: 208, 0s: 313
True Labels - 1s: 213, 0s: 308
Round [4/4] Global Model Validation Loss: 0.2674, Validation Accuracy: 89.06 %
-------- Validation finished --------
Updated best model in round 4 saved with Validation Loss: 0.2674 and Validation Accuracy: 89.06 %
-------------------------------
Best model in round 4 saved with Validation Loss: 0.2674 and Validation Accuracy: 89.06 %

-------- Training finished in 1:51 --------

Test flag enabled. Testing the model

-------- Loading best model from model_path --------
Loaded model bert-mini from date 20-04-2024 05:34. Trained with Federated Learning technology.
Round 4, lr: 6e-05, optimizer: AdamW
Average train accuracy: 92.04 %, Validation accuracy: 89.06 %
-------- Best model loaded --------

-------- Creating Test Dataloader --------
Test Loader: 650 total sentences. 82 batches of size 8.
-------- Test Dataloader created --------

-------- Testing --------
Predictions - 1s: 255, 0s: 395
True Labels - 1s: 268, 0s: 382
Nº of test samples: 650
Accuracy: 89.08%
Accuracy 2 : 89.08%
Precision: 89.00%
Recall: 88.37%
F1 Score: 88.64%
Classification report:
              precision    recall  f1-score   support

           0     0.8937    0.9241    0.9086       382
           1     0.8863    0.8433    0.8642       268

    accuracy                         0.8908       650
   macro avg     0.8900    0.8837    0.8864       650
weighted avg     0.8906    0.8908    0.8903       650

-------- Testing finished --------
