Current configuration:
{
    "concurrency_flag": true,
    "data_distribution": "iid",
    "dataset": "acl_dep_sad",
    "device": "cuda",
    "dp_delta": 0.003,
    "dp_epsilon": 0.0,
    "eval_batch_size": 4,
    "eval_flag": true,
    "eval_size": 0.2,
    "fed_alg": "fedavg",
    "layers": 3,
    "learning_rate": 6e-05,
    "max_length": 512,
    "ml_mode": "fl",
    "model": "bert_mini",
    "model_name": "fl_mini_seed5_acl_dep_sad",
    "models_path": "/local/vpaloma/fabric-federated-learning/ablation_study/phase-4/final/accs-times/acl_dep_sad/",
    "mu": 0.5,
    "num_clients": 5,
    "num_epochs": 3,
    "num_rounds": 4,
    "optimizer": "AdamW",
    "progress_bar_flag": false,
    "save_model": true,
    "scheduler": "linear",
    "scheduler_warmup_steps": 0,
    "seed": "random",
    "test_flag": true,
    "train_batch_size": 4,
    "train_size": 0.8
}
-------- Configuration loaded --------

-------- Setting device --------
cuda device selected and available.
-------- Device set --------

-------- Setting seed --------
seed set:  162310
-------- Seed set --------

-------- Creating Model --------
-------- Model created --------

-------- Setting Trainable Layers --------
Training the last 3 layers.

Total parameters count: 11171074
Trainable parameters count: 856066
-------- Trainable Layers set --------

-------- Creating Tokenizer --------
-------- Tokenizer created --------

-------- Creating Train and Eval Dataloaders --------
Train Loader: 2085 total sentences. 522 batches of size 4.
Eval Loader: 521 total sentences. 131 batches of size 4.
-------- Train and Eval Dataloaders created --------

-------- Training --------
Training with Federated Learning technology.
Training without differential privacy.
Federated averaging algorithm selected.
Client 0: Label 0: 241, Label 1: 176
Client 1: Label 0: 248, Label 1: 169
Client 2: Label 0: 239, Label 1: 178
Client 3: Label 0: 249, Label 1: 168
Client 4: Label 0: 254, Label 1: 163

Round 1 of 4
-------------------------------
Predictions - 1s: 165, 0s: 252
True Labels - 1s: 178, 0s: 239
Client 3 of 5: Local Epoch [1/3] Loss: 0.6184, Accuracy: 67.15 %
Predictions - 1s: 133, 0s: 284
True Labels - 1s: 176, 0s: 241
Client 1 of 5: Local Epoch [1/3] Loss: 0.6032, Accuracy: 69.54 %
Predictions - 1s: 84, 0s: 333
True Labels - 1s: 168, 0s: 249
Client 4 of 5: Local Epoch [1/3] Loss: 0.6398, Accuracy: 63.07 %
Predictions - 1s: 86, 0s: 331
True Labels - 1s: 163, 0s: 254
Client 5 of 5: Local Epoch [1/3] Loss: 0.6165, Accuracy: 66.19 %
Predictions - 1s: 108, 0s: 309
True Labels - 1s: 169, 0s: 248
Client 2 of 5: Local Epoch [1/3] Loss: 0.6218, Accuracy: 65.71 %
Predictions - 1s: 147, 0s: 270
True Labels - 1s: 178, 0s: 239
Client 3 of 5: Local Epoch [2/3] Loss: 0.4565, Accuracy: 84.89 %
Predictions - 1s: 163, 0s: 254
True Labels - 1s: 178, 0s: 239
Client 3 of 5: Local Epoch [3/3] Loss: 0.3947, Accuracy: 85.37 %
Predictions - 1s: 153, 0s: 264
True Labels - 1s: 176, 0s: 241
Client 1 of 5: Local Epoch [2/3] Loss: 0.4191, Accuracy: 85.37 %
Predictions - 1s: 135, 0s: 282
True Labels - 1s: 169, 0s: 248
Client 2 of 5: Local Epoch [2/3] Loss: 0.4728, Accuracy: 81.77 %
Predictions - 1s: 121, 0s: 296
Predictions - 1s: 121, 0s: 296
True Labels - 1s: 168, 0s: 249
True Labels - 1s: 163, 0s: 254
Client 5 of 5: Local Epoch [2/3] Loss: 0.4505, Accuracy: 82.25 %
Client 4 of 5: Local Epoch [2/3] Loss: 0.4729, Accuracy: 81.53 %
Predictions - 1s: 156, 0s: 261
True Labels - 1s: 169, 0s: 248
Client 2 of 5: Local Epoch [3/3] Loss: 0.4027, Accuracy: 85.37 %
Predictions - 1s: 167, 0s: 250
True Labels - 1s: 176, 0s: 241
Client 1 of 5: Local Epoch [3/3] Loss: 0.3436, Accuracy: 89.21 %
Predictions - 1s: 158, 0s: 259
Predictions - 1s: 153, 0s: 264
True Labels - 1s: 168, 0s: 249
Client 4 of 5: Local Epoch [3/3] Loss: 0.3964, Accuracy: 86.57 %
True Labels - 1s: 163, 0s: 254
Client 5 of 5: Local Epoch [3/3] Loss: 0.3572, Accuracy: 87.53 %
-------------------------------
Round [1/4] Average Local Loss: 0.3789, Average Local Accuracy: 86.81 %
-------------------------------
-------- Validation --------
Predictions - 1s: 198, 0s: 323
True Labels - 1s: 220, 0s: 301
Round [1/4] Global Model Validation Loss: 0.3563, Validation Accuracy: 85.41 %
-------- Validation finished --------
Updated best model in round 1 saved with Validation Loss: 0.3563 and Validation Accuracy: 85.41 %
-------------------------------

Round 2 of 4
-------------------------------
Predictions - 1s: 174, 0s: 243
True Labels - 1s: 176, 0s: 241
Client 1 of 5: Local Epoch [1/3] Loss: 0.3350, Accuracy: 88.01 %
Predictions - 1s: 158, 0s: 259
True Labels - 1s: 163, 0s: 254
Client 5 of 5: Local Epoch [1/3] Loss: 0.3326, Accuracy: 88.73 %
Predictions - 1s: 175, 0s: 242
True Labels - 1s: 178, 0s: 239
Client 3 of 5: Local Epoch [1/3] Loss: 0.3672, Accuracy: 85.85 %
Predictions - 1s: 171, 0s: 246
True Labels - 1s: 169, 0s: 248
Client 2 of 5: Local Epoch [1/3] Loss: 0.3733, Accuracy: 83.69 %
Predictions - 1s: 153, 0s: 264
True Labels - 1s: 168, 0s: 249
Client 4 of 5: Local Epoch [1/3] Loss: 0.3611, Accuracy: 87.29 %
Predictions - 1s: 176, 0s: 241
True Labels - 1s: 176, 0s: 241
Client 1 of 5: Local Epoch [2/3] Loss: 0.2668, Accuracy: 89.93 %
Predictions - 1s: 159, 0s: 258
True Labels - 1s: 163, 0s: 254
Client 5 of 5: Local Epoch [2/3] Loss: 0.2557, Accuracy: 90.89 %
Predictions - 1s: 178, 0s: 239
True Labels - 1s: 178, 0s: 239
Client 3 of 5: Local Epoch [2/3] Loss: 0.3194, Accuracy: 87.05 %
Predictions - 1s: 170, 0s: 247
True Labels - 1s: 168, 0s: 249
Client 4 of 5: Local Epoch [2/3] Loss: 0.3048, Accuracy: 88.97 %
Predictions - 1s: 177, 0s: 240
True Labels - 1s: 169, 0s: 248
Client 2 of 5: Local Epoch [2/3] Loss: 0.3373, Accuracy: 85.61 %
Predictions - 1s: 181, 0s: 236
True Labels - 1s: 176, 0s: 241
Client 1 of 5: Local Epoch [3/3] Loss: 0.2400, Accuracy: 91.61 %
Predictions - 1s: 164, 0s: 253
True Labels - 1s: 163, 0s: 254
Client 5 of 5: Local Epoch [3/3] Loss: 0.2381, Accuracy: 91.13 %
Predictions - 1s: 188, 0s: 229
True Labels - 1s: 178, 0s: 239
Client 3 of 5: Local Epoch [3/3] Loss: 0.3014, Accuracy: 88.49 %
Predictions - 1s: 162, 0s: 255
True Labels - 1s: 168, 0s: 249
Client 4 of 5: Local Epoch [3/3] Loss: 0.2819, Accuracy: 90.89 %
Predictions - 1s: 173, 0s: 244
True Labels - 1s: 169, 0s: 248
Client 2 of 5: Local Epoch [3/3] Loss: 0.2948, Accuracy: 88.01 %
-------------------------------
Round [2/4] Average Local Loss: 0.2712, Average Local Accuracy: 90.02 %
-------------------------------
-------- Validation --------
Predictions - 1s: 224, 0s: 297
True Labels - 1s: 220, 0s: 301
Round [2/4] Global Model Validation Loss: 0.2763, Validation Accuracy: 90.02 %
-------- Validation finished --------
Updated best model in round 2 saved with Validation Loss: 0.2763 and Validation Accuracy: 90.02 %
-------------------------------

Round 3 of 4
-------------------------------
Predictions - 1s: 172, 0s: 245
True Labels - 1s: 168, 0s: 249
Client 4 of 5: Local Epoch [1/3] Loss: 0.2881, Accuracy: 88.01 %
Predictions - 1s: 179, 0s: 238
True Labels - 1s: 178, 0s: 239
Client 3 of 5: Local Epoch [1/3] Loss: 0.3093, Accuracy: 88.25 %
Predictions - 1s: 181, 0s: 236
True Labels - 1s: 176, 0s: 241
Client 1 of 5: Local Epoch [1/3] Loss: 0.2471, Accuracy: 90.65 %
Predictions - 1s: 179, 0s: 238
True Labels - 1s: 169, 0s: 248
Client 2 of 5: Local Epoch [1/3] Loss: 0.3309, Accuracy: 86.09 %
Predictions - 1s: 163, 0s: 254
True Labels - 1s: 163, 0s: 254
Client 5 of 5: Local Epoch [1/3] Loss: 0.2440, Accuracy: 89.93 %
Predictions - 1s: 179, 0s: 238
True Labels - 1s: 178, 0s: 239
Predictions - 1s: 174, 0s: 243
Client 3 of 5: Local Epoch [2/3] Loss: 0.2836, Accuracy: 90.17 %
True Labels - 1s: 169, 0s: 248
Client 2 of 5: Local Epoch [2/3] Loss: 0.2682, Accuracy: 89.21 %
Predictions - 1s: 162, 0s: 255
True Labels - 1s: 163, 0s: 254
Client 5 of 5: Local Epoch [2/3] Loss: 0.2257, Accuracy: 92.09 %
Predictions - 1s: 178, 0s: 239
True Labels - 1s: 176, 0s: 241
Client 1 of 5: Local Epoch [2/3] Loss: 0.2072, Accuracy: 91.37 %
Predictions - 1s: 175, 0s: 242
True Labels - 1s: 168, 0s: 249
Client 4 of 5: Local Epoch [2/3] Loss: 0.2575, Accuracy: 90.65 %
Predictions - 1s: 175, 0s: 242
True Labels - 1s: 169, 0s: 248
Client 2 of 5: Local Epoch [3/3] Loss: 0.2627, Accuracy: 88.49 %
Predictions - 1s: 183, 0s: 234
Predictions - 1s: 168, 0s: 249
True Labels - 1s: 178, 0s: 239
Predictions - 1s: 182, 0s: 235
Predictions - 1s: 166, 0s: 251
True Labels - 1s: 168, 0s: 249
True Labels - 1s: 176, 0s: 241
Client 4 of 5: Local Epoch [3/3] Loss: 0.2469, Accuracy: 88.97 %
Client 3 of 5: Local Epoch [3/3] Loss: 0.2547, Accuracy: 90.65 %
True Labels - 1s: 163, 0s: 254
Client 1 of 5: Local Epoch [3/3] Loss: 0.1938, Accuracy: 92.81 %
Client 5 of 5: Local Epoch [3/3] Loss: 0.2069, Accuracy: 92.09 %
-------------------------------
Round [3/4] Average Local Loss: 0.2330, Average Local Accuracy: 90.60 %
-------------------------------
-------- Validation --------
Predictions - 1s: 222, 0s: 299
True Labels - 1s: 220, 0s: 301
Round [3/4] Global Model Validation Loss: 0.2530, Validation Accuracy: 90.40 %
-------- Validation finished --------
Updated best model in round 3 saved with Validation Loss: 0.2530 and Validation Accuracy: 90.40 %
-------------------------------

Round 4 of 4
-------------------------------
Predictions - 1s: 173, 0s: 244
True Labels - 1s: 168, 0s: 249
Client 4 of 5: Local Epoch [1/3] Loss: 0.2541, Accuracy: 89.69 %
Predictions - 1s: 183, 0s: 234
Predictions - 1s: 180, 0s: 237
True Labels - 1s: 176, 0s: 241
True Labels - 1s: 169, 0s: 248
Client 1 of 5: Local Epoch [1/3] Loss: 0.2204, Accuracy: 92.09 %
Predictions - 1s: 164, 0s: 253
Client 2 of 5: Local Epoch [1/3] Loss: 0.2984, Accuracy: 86.33 %
True Labels - 1s: 163, 0s: 254
Client 5 of 5: Local Epoch [1/3] Loss: 0.2286, Accuracy: 91.61 %
Predictions - 1s: 189, 0s: 228
True Labels - 1s: 178, 0s: 239
Client 3 of 5: Local Epoch [1/3] Loss: 0.2816, Accuracy: 90.17 %
Predictions - 1s: 186, 0s: 231
True Labels - 1s: 178, 0s: 239
Client 3 of 5: Local Epoch [2/3] Loss: 0.2829, Accuracy: 89.45 %
Predictions - 1s: 167, 0s: 250
True Labels - 1s: 169, 0s: 248
Client 2 of 5: Local Epoch [2/3] Loss: 0.2488, Accuracy: 88.49 %
Predictions - 1s: 182, 0s: 235
True Labels - 1s: 176, 0s: 241
Client 1 of 5: Local Epoch [2/3] Loss: 0.1795, Accuracy: 92.81 %
Predictions - 1s: 165, 0s: 252
True Labels - 1s: 163, 0s: 254
Client 5 of 5: Local Epoch [2/3] Loss: 0.2305, Accuracy: 91.37 %
Predictions - 1s: 174, 0s: 243
True Labels - 1s: 168, 0s: 249
Client 4 of 5: Local Epoch [2/3] Loss: 0.2328, Accuracy: 91.37 %
Predictions - 1s: 179, 0s: 238
True Labels - 1s: 178, 0s: 239
Client 3 of 5: Local Epoch [3/3] Loss: 0.2650, Accuracy: 89.21 %
Predictions - 1s: 178, 0s: 239
True Labels - 1s: 169, 0s: 248
Client 2 of 5: Local Epoch [3/3] Loss: 0.2563, Accuracy: 90.65 %
Predictions - 1s: 175, 0s: 242
True Labels - 1s: 176, 0s: 241
Client 1 of 5: Local Epoch [3/3] Loss: 0.1850, Accuracy: 94.00 %
Predictions - 1s: 159, 0s: 258
True Labels - 1s: 163, 0s: 254
Client 5 of 5: Local Epoch [3/3] Loss: 0.1698, Accuracy: 94.24 %
Predictions - 1s: 180, 0s: 237
True Labels - 1s: 168, 0s: 249
Client 4 of 5: Local Epoch [3/3] Loss: 0.2117, Accuracy: 91.37 %
-------------------------------
Round [4/4] Average Local Loss: 0.2176, Average Local Accuracy: 91.89 %
-------------------------------
-------- Validation --------
Predictions - 1s: 222, 0s: 299
True Labels - 1s: 220, 0s: 301
Round [4/4] Global Model Validation Loss: 0.2333, Validation Accuracy: 90.40 %
-------- Validation finished --------
Updated best model in round 4 saved with Validation Loss: 0.2333 and Validation Accuracy: 90.40 %
-------------------------------
Best model in round 4 saved with Validation Loss: 0.2333 and Validation Accuracy: 90.40 %

-------- Training finished in 1:54 --------

Test flag enabled. Testing the model

-------- Loading best model from model_path --------
Loaded model bert-mini from date 20-04-2024 05:06. Trained with Federated Learning technology.
Round 4, lr: 6e-05, optimizer: AdamW
Average train accuracy: 91.89 %, Validation accuracy: 90.40 %
-------- Best model loaded --------

-------- Creating Test Dataloader --------
Test Loader: 650 total sentences. 82 batches of size 8.
-------- Test Dataloader created --------

-------- Testing --------
Predictions - 1s: 265, 0s: 385
True Labels - 1s: 268, 0s: 382
Nº of test samples: 650
Accuracy: 89.38%
Accuracy 2 : 89.38%
Precision: 89.10%
Recall: 88.96%
F1 Score: 89.03%
Classification report:
              precision    recall  f1-score   support

           0     0.9065    0.9136    0.9100       382
           1     0.8755    0.8657    0.8705       268

    accuracy                         0.8938       650
   macro avg     0.8910    0.8896    0.8903       650
weighted avg     0.8937    0.8938    0.8938       650

-------- Testing finished --------
