Current configuration:
{
    "concurrency_flag": true,
    "data_distribution": "iid",
    "dataset": "acl_dep_sad",
    "device": "cuda",
    "dp_delta": 0.003,
    "dp_epsilon": 0.0,
    "eval_batch_size": 4,
    "eval_flag": true,
    "eval_size": 0.2,
    "fed_alg": "fedavg",
    "layers": 3,
    "learning_rate": 6e-05,
    "max_length": 512,
    "ml_mode": "fl",
    "model": "bert_small",
    "model_name": "fl_small_seed2_acl_dep_sad",
    "models_path": "/local/vpaloma/fabric-federated-learning/ablation_study/phase-4/final/accs-times/acl_dep_sad/",
    "mu": 0.5,
    "num_clients": 5,
    "num_epochs": 3,
    "num_rounds": 4,
    "optimizer": "AdamW",
    "progress_bar_flag": false,
    "save_model": true,
    "scheduler": "linear",
    "scheduler_warmup_steps": 0,
    "seed": "random",
    "test_flag": true,
    "train_batch_size": 4,
    "train_size": 0.8
}
-------- Configuration loaded --------

-------- Setting device --------
cuda device selected and available.
-------- Device set --------

-------- Setting seed --------
seed set:  735929
-------- Seed set --------

-------- Creating Model --------
-------- Model created --------

-------- Setting Trainable Layers --------
Training the last 3 layers.

Total parameters count: 28764674
Trainable parameters count: 3416066
-------- Trainable Layers set --------

-------- Creating Tokenizer --------
-------- Tokenizer created --------

-------- Creating Train and Eval Dataloaders --------
Train Loader: 2085 total sentences. 522 batches of size 4.
Eval Loader: 521 total sentences. 131 batches of size 4.
-------- Train and Eval Dataloaders created --------

-------- Training --------
Training with Federated Learning technology.
Training without differential privacy.
Federated averaging algorithm selected.
Client 0: Label 0: 234, Label 1: 183
Client 1: Label 0: 247, Label 1: 170
Client 2: Label 0: 233, Label 1: 184
Client 3: Label 0: 243, Label 1: 174
Client 4: Label 0: 257, Label 1: 160

Round 1 of 4
-------------------------------
Predictions - 1s: 142, 0s: 275
True Labels - 1s: 170, 0s: 247
Client 2 of 5: Local Epoch [1/3] Loss: 0.4892, Accuracy: 76.50 %
Predictions - 1s: 130, 0s: 287
True Labels - 1s: 160, 0s: 257
Client 5 of 5: Local Epoch [1/3] Loss: 0.4692, Accuracy: 78.42 %
Predictions - 1s: 181, 0s: 236
True Labels - 1s: 184, 0s: 233
Client 3 of 5: Local Epoch [1/3] Loss: 0.4216, Accuracy: 83.93 %
Predictions - 1s: 148, 0s: 269
True Labels - 1s: 174, 0s: 243
Client 4 of 5: Local Epoch [1/3] Loss: 0.4324, Accuracy: 80.82 %
Predictions - 1s: 159, 0s: 258
True Labels - 1s: 183, 0s: 234
Client 1 of 5: Local Epoch [1/3] Loss: 0.4547, Accuracy: 80.34 %
Predictions - 1s: 159, 0s: 258
True Labels - 1s: 170, 0s: 247
Client 2 of 5: Local Epoch [2/3] Loss: 0.3051, Accuracy: 88.25 %
Predictions - 1s: 158, 0s: 259
True Labels - 1s: 160, 0s: 257
Client 5 of 5: Local Epoch [2/3] Loss: 0.2791, Accuracy: 88.49 %
Predictions - 1s: 182, 0s: 235
True Labels - 1s: 184, 0s: 233
Client 3 of 5: Local Epoch [2/3] Loss: 0.2130, Accuracy: 91.85 %
Predictions - 1s: 170, 0s: 247
True Labels - 1s: 174, 0s: 243
Client 4 of 5: Local Epoch [2/3] Loss: 0.2303, Accuracy: 91.37 %
Predictions - 1s: 185, 0s: 232
True Labels - 1s: 183, 0s: 234
Client 1 of 5: Local Epoch [2/3] Loss: 0.2622, Accuracy: 90.89 %
Predictions - 1s: 173, 0s: 244
True Labels - 1s: 170, 0s: 247
Client 2 of 5: Local Epoch [3/3] Loss: 0.2591, Accuracy: 91.61 %
Predictions - 1s: 162, 0s: 255
True Labels - 1s: 160, 0s: 257
Client 5 of 5: Local Epoch [3/3] Loss: 0.2227, Accuracy: 91.37 %
Predictions - 1s: 187, 0s: 230
True Labels - 1s: 184, 0s: 233
Client 3 of 5: Local Epoch [3/3] Loss: 0.1538, Accuracy: 95.44 %
Predictions - 1s: 175, 0s: 242
True Labels - 1s: 174, 0s: 243
Client 4 of 5: Local Epoch [3/3] Loss: 0.2075, Accuracy: 91.61 %
Predictions - 1s: 192, 0s: 225
True Labels - 1s: 183, 0s: 234
Client 1 of 5: Local Epoch [3/3] Loss: 0.2107, Accuracy: 92.57 %
-------------------------------
Round [1/4] Average Local Loss: 0.2107, Average Local Accuracy: 92.52 %
-------------------------------
-------- Validation --------
Predictions - 1s: 190, 0s: 331
True Labels - 1s: 203, 0s: 318
Round [1/4] Global Model Validation Loss: 0.2873, Validation Accuracy: 87.14 %
-------- Validation finished --------
Updated best model in round 1 saved with Validation Loss: 0.2873 and Validation Accuracy: 87.14 %
-------------------------------

Round 2 of 4
-------------------------------
Predictions - 1s: 164, 0s: 253
Predictions - 1s: 167, 0s: 250
Predictions - 1s: 180, 0s: 237
True Labels - 1s: 170, 0s: 247
Predictions - 1s: 184, 0s: 233
True Labels - 1s: 160, 0s: 257
Client 2 of 5: Local Epoch [1/3] Loss: 0.2952, Accuracy: 88.97 %
True Labels - 1s: 184, 0s: 233
True Labels - 1s: 183, 0s: 234
Client 3 of 5: Local Epoch [1/3] Loss: 0.2054, Accuracy: 92.33 %
Client 5 of 5: Local Epoch [1/3] Loss: 0.2692, Accuracy: 89.69 %
Client 1 of 5: Local Epoch [1/3] Loss: 0.2586, Accuracy: 89.69 %
Predictions - 1s: 171, 0s: 246
True Labels - 1s: 174, 0s: 243
Client 4 of 5: Local Epoch [1/3] Loss: 0.2188, Accuracy: 92.09 %
Predictions - 1s: 186, 0s: 231
True Labels - 1s: 183, 0s: 234
Client 1 of 5: Local Epoch [2/3] Loss: 0.1819, Accuracy: 92.57 %
Predictions - 1s: 164, 0s: 253
True Labels - 1s: 160, 0s: 257
Client 5 of 5: Local Epoch [2/3] Loss: 0.1994, Accuracy: 93.29 %
Predictions - 1s: 176, 0s: 241
True Labels - 1s: 170, 0s: 247
Client 2 of 5: Local Epoch [2/3] Loss: 0.2124, Accuracy: 93.29 %
Predictions - 1s: 180, 0s: 237
True Labels - 1s: 174, 0s: 243
Client 4 of 5: Local Epoch [2/3] Loss: 0.1588, Accuracy: 93.29 %
Predictions - 1s: 188, 0s: 229
True Labels - 1s: 184, 0s: 233
Client 3 of 5: Local Epoch [2/3] Loss: 0.1431, Accuracy: 94.72 %
Predictions - 1s: 184, 0s: 233
True Labels - 1s: 183, 0s: 234
Client 1 of 5: Local Epoch [3/3] Loss: 0.1677, Accuracy: 93.53 %
Predictions - 1s: 187, 0s: 230
True Labels - 1s: 184, 0s: 233
Client 3 of 5: Local Epoch [3/3] Loss: 0.1200, Accuracy: 96.40 %
Predictions - 1s: 173, 0s: 244
True Labels - 1s: 174, 0s: 243
Client 4 of 5: Local Epoch [3/3] Loss: 0.1384, Accuracy: 94.48 %
Predictions - 1s: 163, 0s: 254
True Labels - 1s: 160, 0s: 257
Client 5 of 5: Local Epoch [3/3] Loss: 0.1602, Accuracy: 94.96 %
Predictions - 1s: 169, 0s: 248
True Labels - 1s: 170, 0s: 247
Client 2 of 5: Local Epoch [3/3] Loss: 0.1795, Accuracy: 94.48 %
-------------------------------
Round [2/4] Average Local Loss: 0.1531, Average Local Accuracy: 94.77 %
-------------------------------
-------- Validation --------
Predictions - 1s: 205, 0s: 316
True Labels - 1s: 203, 0s: 318
Round [2/4] Global Model Validation Loss: 0.2407, Validation Accuracy: 90.79 %
-------- Validation finished --------
Updated best model in round 2 saved with Validation Loss: 0.2407 and Validation Accuracy: 90.79 %
-------------------------------

Round 3 of 4
-------------------------------
Predictions - 1s: 166, 0s: 251
True Labels - 1s: 160, 0s: 257
Client 5 of 5: Local Epoch [1/3] Loss: 0.2186, Accuracy: 90.89 %
Predictions - 1s: 173, 0s: 244
True Labels - 1s: 170, 0s: 247
Client 2 of 5: Local Epoch [1/3] Loss: 0.2418, Accuracy: 90.65 %
Predictions - 1s: 170, 0s: 247
True Labels - 1s: 174, 0s: 243
Client 4 of 5: Local Epoch [1/3] Loss: 0.2104, Accuracy: 92.33 %
Predictions - 1s: 183, 0s: 234
True Labels - 1s: 184, 0s: 233
Client 3 of 5: Local Epoch [1/3] Loss: 0.1665, Accuracy: 93.53 %
Predictions - 1s: 186, 0s: 231
True Labels - 1s: 183, 0s: 234
Client 1 of 5: Local Epoch [1/3] Loss: 0.2081, Accuracy: 92.09 %
Predictions - 1s: 173, 0s: 244
True Labels - 1s: 170, 0s: 247
Client 2 of 5: Local Epoch [2/3] Loss: 0.1801, Accuracy: 93.53 %
Predictions - 1s: 168, 0s: 249
True Labels - 1s: 160, 0s: 257
Client 5 of 5: Local Epoch [2/3] Loss: 0.1486, Accuracy: 94.24 %
Predictions - 1s: 176, 0s: 241
True Labels - 1s: 174, 0s: 243
Client 4 of 5: Local Epoch [2/3] Loss: 0.1409, Accuracy: 95.68 %
Predictions - 1s: 185, 0s: 232
True Labels - 1s: 184, 0s: 233
Client 3 of 5: Local Epoch [2/3] Loss: 0.1215, Accuracy: 95.44 %
Predictions - 1s: 183, 0s: 234
True Labels - 1s: 183, 0s: 234
Client 1 of 5: Local Epoch [2/3] Loss: 0.1479, Accuracy: 95.20 %
Predictions - 1s: 172, 0s: 245
True Labels - 1s: 170, 0s: 247
Client 2 of 5: Local Epoch [3/3] Loss: 0.1405, Accuracy: 96.16 %
Predictions - 1s: 161, 0s: 256
True Labels - 1s: 160, 0s: 257
Client 5 of 5: Local Epoch [3/3] Loss: 0.1399, Accuracy: 93.53 %
Predictions - 1s: 176, 0s: 241
True Labels - 1s: 174, 0s: 243
Client 4 of 5: Local Epoch [3/3] Loss: 0.1003, Accuracy: 97.60 %
Predictions - 1s: 184, 0s: 233
True Labels - 1s: 183, 0s: 234
Client 1 of 5: Local Epoch [3/3] Loss: 0.1336, Accuracy: 95.44 %
Predictions - 1s: 182, 0s: 235
True Labels - 1s: 184, 0s: 233
Client 3 of 5: Local Epoch [3/3] Loss: 0.1116, Accuracy: 96.16 %
-------------------------------
Round [3/4] Average Local Loss: 0.1252, Average Local Accuracy: 95.78 %
-------------------------------
-------- Validation --------
Predictions - 1s: 201, 0s: 320
True Labels - 1s: 203, 0s: 318
Round [3/4] Global Model Validation Loss: 0.2249, Validation Accuracy: 91.94 %
-------- Validation finished --------
Updated best model in round 3 saved with Validation Loss: 0.2249 and Validation Accuracy: 91.94 %
-------------------------------

Round 4 of 4
-------------------------------
Predictions - 1s: 191, 0s: 226
True Labels - 1s: 184, 0s: 233
Client 3 of 5: Local Epoch [1/3] Loss: 0.1337, Accuracy: 95.92 %
Predictions - 1s: 190, 0s: 227
True Labels - 1s: 183, 0s: 234
Client 1 of 5: Local Epoch [1/3] Loss: 0.2127, Accuracy: 92.09 %
Predictions - 1s: 176, 0s: 241
True Labels - 1s: 174, 0s: 243
Client 4 of 5: Local Epoch [1/3] Loss: 0.1784, Accuracy: 92.81 %
Predictions - 1s: 170, 0s: 247
True Labels - 1s: 170, 0s: 247
Client 2 of 5: Local Epoch [1/3] Loss: 0.2299, Accuracy: 92.81 %
Predictions - 1s: 172, 0s: 245
True Labels - 1s: 160, 0s: 257
Client 5 of 5: Local Epoch [1/3] Loss: 0.1834, Accuracy: 92.33 %
Predictions - 1s: 170, 0s: 247
True Labels - 1s: 170, 0s: 247
Client 2 of 5: Local Epoch [2/3] Loss: 0.1581, Accuracy: 94.24 %
Predictions - 1s: 185, 0s: 232
True Labels - 1s: 184, 0s: 233
Client 3 of 5: Local Epoch [2/3] Loss: 0.1044, Accuracy: 95.92 %
Predictions - 1s: 177, 0s: 240
Predictions - 1s: 185, 0s: 232
True Labels - 1s: 174, 0s: 243
Client 4 of 5: Local Epoch [2/3] Loss: 0.0968, Accuracy: 96.40 %
True Labels - 1s: 183, 0s: 234
Client 1 of 5: Local Epoch [2/3] Loss: 0.1411, Accuracy: 95.20 %
Predictions - 1s: 165, 0s: 252
True Labels - 1s: 160, 0s: 257
Client 5 of 5: Local Epoch [2/3] Loss: 0.1376, Accuracy: 94.96 %
Predictions - 1s: 183, 0s: 234
True Labels - 1s: 183, 0s: 234
Client 1 of 5: Local Epoch [3/3] Loss: 0.1031, Accuracy: 97.12 %
Predictions - 1s: 165, 0s: 252
True Labels - 1s: 160, 0s: 257
Client 5 of 5: Local Epoch [3/3] Loss: 0.1130, Accuracy: 96.40 %
Predictions - 1s: 188, 0s: 229
True Labels - 1s: 184, 0s: 233
Client 3 of 5: Local Epoch [3/3] Loss: 0.0751, Accuracy: 98.08 %
Predictions - 1s: 171, 0s: 246
True Labels - 1s: 174, 0s: 243
Client 4 of 5: Local Epoch [3/3] Loss: 0.0799, Accuracy: 97.84 %
Predictions - 1s: 166, 0s: 251
True Labels - 1s: 170, 0s: 247
Client 2 of 5: Local Epoch [3/3] Loss: 0.1201, Accuracy: 96.64 %
-------------------------------
Round [4/4] Average Local Loss: 0.0982, Average Local Accuracy: 97.22 %
-------------------------------
-------- Validation --------
Predictions - 1s: 205, 0s: 316
True Labels - 1s: 203, 0s: 318
Round [4/4] Global Model Validation Loss: 0.2103, Validation Accuracy: 92.71 %
-------- Validation finished --------
Updated best model in round 4 saved with Validation Loss: 0.2103 and Validation Accuracy: 92.71 %
-------------------------------
Best model in round 4 saved with Validation Loss: 0.2103 and Validation Accuracy: 92.71 %

-------- Training finished in 2:01 --------

Test flag enabled. Testing the model

-------- Loading best model from model_path --------
Loaded model bert-small from date 20-04-2024 03:20. Trained with Federated Learning technology.
Round 4, lr: 6e-05, optimizer: AdamW
Average train accuracy: 97.22 %, Validation accuracy: 92.71 %
-------- Best model loaded --------

-------- Creating Test Dataloader --------
Test Loader: 650 total sentences. 82 batches of size 8.
-------- Test Dataloader created --------

-------- Testing --------
Predictions - 1s: 253, 0s: 397
True Labels - 1s: 268, 0s: 382
Nº of test samples: 650
Accuracy: 92.46%
Accuracy 2 : 92.46%
Precision: 92.61%
Recall: 91.80%
F1 Score: 92.15%
Classification report:
              precision    recall  f1-score   support

           0     0.9194    0.9555    0.9371       382
           1     0.9328    0.8806    0.9060       268

    accuracy                         0.9246       650
   macro avg     0.9261    0.9180    0.9215       650
weighted avg     0.9249    0.9246    0.9243       650

-------- Testing finished --------
