Current configuration:
{
    "concurrency_flag": true,
    "data_distribution": "iid",
    "dataset": "acl_dep_sad",
    "device": "cuda",
    "dp_delta": 0.003,
    "dp_epsilon": 0.0,
    "eval_batch_size": 4,
    "eval_flag": true,
    "eval_size": 0.2,
    "fed_alg": "fedavg",
    "layers": 3,
    "learning_rate": 6e-05,
    "max_length": 512,
    "ml_mode": "fl",
    "model": "bert_small",
    "model_name": "fl_small_seed8_acl_dep_sad",
    "models_path": "/local/vpaloma/fabric-federated-learning/ablation_study/phase-4/final/accs-times/acl_dep_sad/",
    "mu": 0.5,
    "num_clients": 5,
    "num_epochs": 3,
    "num_rounds": 4,
    "optimizer": "AdamW",
    "progress_bar_flag": false,
    "save_model": true,
    "scheduler": "linear",
    "scheduler_warmup_steps": 0,
    "seed": "random",
    "test_flag": true,
    "train_batch_size": 4,
    "train_size": 0.8
}
-------- Configuration loaded --------

-------- Setting device --------
cuda device selected and available.
-------- Device set --------

-------- Setting seed --------
seed set:  787993
-------- Seed set --------

-------- Creating Model --------
-------- Model created --------

-------- Setting Trainable Layers --------
Training the last 3 layers.

Total parameters count: 28764674
Trainable parameters count: 3416066
-------- Trainable Layers set --------

-------- Creating Tokenizer --------
-------- Tokenizer created --------

-------- Creating Train and Eval Dataloaders --------
Train Loader: 2085 total sentences. 522 batches of size 4.
Eval Loader: 521 total sentences. 131 batches of size 4.
-------- Train and Eval Dataloaders created --------

-------- Training --------
Training with Federated Learning technology.
Training without differential privacy.
Federated averaging algorithm selected.
Client 0: Label 0: 235, Label 1: 182
Client 1: Label 0: 240, Label 1: 177
Client 2: Label 0: 257, Label 1: 160
Client 3: Label 0: 244, Label 1: 173
Client 4: Label 0: 238, Label 1: 179

Round 1 of 4
-------------------------------
Predictions - 1s: 144, 0s: 273
True Labels - 1s: 179, 0s: 238
Client 5 of 5: Local Epoch [1/3] Loss: 0.4676, Accuracy: 79.62 %
Predictions - 1s: 149, 0s: 268
True Labels - 1s: 182, 0s: 235
Client 1 of 5: Local Epoch [1/3] Loss: 0.4878, Accuracy: 80.10 %
Predictions - 1s: 120, 0s: 297
True Labels - 1s: 160, 0s: 257
Client 3 of 5: Local Epoch [1/3] Loss: 0.4279, Accuracy: 82.73 %
Predictions - 1s: 138, 0s: 279
True Labels - 1s: 173, 0s: 244
Client 4 of 5: Local Epoch [1/3] Loss: 0.4744, Accuracy: 80.10 %
Predictions - 1s: 169, 0s: 248
True Labels - 1s: 177, 0s: 240
Client 2 of 5: Local Epoch [1/3] Loss: 0.5102, Accuracy: 76.50 %
Predictions - 1s: 170, 0s: 247
True Labels - 1s: 179, 0s: 238
Client 5 of 5: Local Epoch [2/3] Loss: 0.2719, Accuracy: 90.17 %
Predictions - 1s: 186, 0s: 231
True Labels - 1s: 182, 0s: 235
Client 1 of 5: Local Epoch [2/3] Loss: 0.2749, Accuracy: 92.33 %
Predictions - 1s: 159, 0s: 258
True Labels - 1s: 160, 0s: 257
Client 3 of 5: Local Epoch [2/3] Loss: 0.2259, Accuracy: 91.61 %
Predictions - 1s: 183, 0s: 234
True Labels - 1s: 177, 0s: 240
Client 2 of 5: Local Epoch [2/3] Loss: 0.3363, Accuracy: 87.05 %
Predictions - 1s: 177, 0s: 240
True Labels - 1s: 173, 0s: 244
Client 4 of 5: Local Epoch [2/3] Loss: 0.2512, Accuracy: 89.93 %
Predictions - 1s: 174, 0s: 243
True Labels - 1s: 179, 0s: 238
Client 5 of 5: Local Epoch [3/3] Loss: 0.2163, Accuracy: 91.61 %
Predictions - 1s: 182, 0s: 235
True Labels - 1s: 182, 0s: 235
Client 1 of 5: Local Epoch [3/3] Loss: 0.2285, Accuracy: 92.33 %
Predictions - 1s: 157, 0s: 260
True Labels - 1s: 160, 0s: 257
Client 3 of 5: Local Epoch [3/3] Loss: 0.1779, Accuracy: 93.53 %
Predictions - 1s: 177, 0s: 240
True Labels - 1s: 177, 0s: 240
Client 2 of 5: Local Epoch [3/3] Loss: 0.2616, Accuracy: 90.89 %
Predictions - 1s: 172, 0s: 245
True Labels - 1s: 173, 0s: 244
Client 4 of 5: Local Epoch [3/3] Loss: 0.1997, Accuracy: 93.53 %
-------------------------------
Round [1/4] Average Local Loss: 0.2168, Average Local Accuracy: 92.37 %
-------------------------------
-------- Validation --------
Predictions - 1s: 200, 0s: 321
True Labels - 1s: 203, 0s: 318
Round [1/4] Global Model Validation Loss: 0.2288, Validation Accuracy: 90.98 %
-------- Validation finished --------
Updated best model in round 1 saved with Validation Loss: 0.2288 and Validation Accuracy: 90.98 %
-------------------------------

Round 2 of 4
-------------------------------
Predictions - 1s: 189, 0s: 228
True Labels - 1s: 182, 0s: 235
Client 1 of 5: Local Epoch [1/3] Loss: 0.2854, Accuracy: 89.21 %
Predictions - 1s: 182, 0s: 235
True Labels - 1s: 177, 0s: 240
Client 2 of 5: Local Epoch [1/3] Loss: 0.3032, Accuracy: 86.81 %
Predictions - 1s: 160, 0s: 257
True Labels - 1s: 160, 0s: 257
Client 3 of 5: Local Epoch [1/3] Loss: 0.2353, Accuracy: 91.37 %
Predictions - 1s: 171, 0s: 246
True Labels - 1s: 173, 0s: 244
Client 4 of 5: Local Epoch [1/3] Loss: 0.2411, Accuracy: 90.89 %
Predictions - 1s: 183, 0s: 234
True Labels - 1s: 179, 0s: 238
Client 5 of 5: Local Epoch [1/3] Loss: 0.2652, Accuracy: 90.41 %
Predictions - 1s: 185, 0s: 232
True Labels - 1s: 177, 0s: 240
Client 2 of 5: Local Epoch [2/3] Loss: 0.1998, Accuracy: 93.76 %
Predictions - 1s: 177, 0s: 240
True Labels - 1s: 179, 0s: 238
Client 5 of 5: Local Epoch [2/3] Loss: 0.1952, Accuracy: 92.81 %
Predictions - 1s: 186, 0s: 231
True Labels - 1s: 182, 0s: 235
Client 1 of 5: Local Epoch [2/3] Loss: 0.2220, Accuracy: 92.81 %
Predictions - 1s: 171, 0s: 246
Predictions - 1s: 162, 0s: 255
True Labels - 1s: 173, 0s: 244
Client 4 of 5: Local Epoch [2/3] Loss: 0.1586, Accuracy: 94.72 %
True Labels - 1s: 160, 0s: 257
Client 3 of 5: Local Epoch [2/3] Loss: 0.1584, Accuracy: 94.72 %
Predictions - 1s: 173, 0s: 244
True Labels - 1s: 173, 0s: 244
Client 4 of 5: Local Epoch [3/3] Loss: 0.1229, Accuracy: 95.68 %
Predictions - 1s: 186, 0s: 231
True Labels - 1s: 182, 0s: 235
Client 1 of 5: Local Epoch [3/3] Loss: 0.1763, Accuracy: 93.76 %
Predictions - 1s: 161, 0s: 256
True Labels - 1s: 160, 0s: 257
Client 3 of 5: Local Epoch [3/3] Loss: 0.1317, Accuracy: 95.44 %
Predictions - 1s: 181, 0s: 236
True Labels - 1s: 177, 0s: 240
Client 2 of 5: Local Epoch [3/3] Loss: 0.1827, Accuracy: 93.76 %
Predictions - 1s: 179, 0s: 238
True Labels - 1s: 179, 0s: 238
Client 5 of 5: Local Epoch [3/3] Loss: 0.1580, Accuracy: 95.68 %
-------------------------------
Round [2/4] Average Local Loss: 0.1543, Average Local Accuracy: 94.87 %
-------------------------------
-------- Validation --------
Predictions - 1s: 206, 0s: 315
True Labels - 1s: 203, 0s: 318
Round [2/4] Global Model Validation Loss: 0.2043, Validation Accuracy: 92.51 %
-------- Validation finished --------
Updated best model in round 2 saved with Validation Loss: 0.2043 and Validation Accuracy: 92.51 %
-------------------------------

Round 3 of 4
-------------------------------
Predictions - 1s: 188, 0s: 229
True Labels - 1s: 182, 0s: 235
Client 1 of 5: Local Epoch [1/3] Loss: 0.2378, Accuracy: 91.37 %
Predictions - 1s: 161, 0s: 256
True Labels - 1s: 160, 0s: 257
Client 3 of 5: Local Epoch [1/3] Loss: 0.1844, Accuracy: 93.05 %
Predictions - 1s: 179, 0s: 238
True Labels - 1s: 179, 0s: 238
Client 5 of 5: Local Epoch [1/3] Loss: 0.2367, Accuracy: 90.89 %
Predictions - 1s: 173, 0s: 244
True Labels - 1s: 173, 0s: 244
Client 4 of 5: Local Epoch [1/3] Loss: 0.1719, Accuracy: 92.81 %
Predictions - 1s: 184, 0s: 233
True Labels - 1s: 177, 0s: 240
Client 2 of 5: Local Epoch [1/3] Loss: 0.2395, Accuracy: 90.17 %
Predictions - 1s: 182, 0s: 235
True Labels - 1s: 182, 0s: 235
Client 1 of 5: Local Epoch [2/3] Loss: 0.1751, Accuracy: 94.24 %
Predictions - 1s: 156, 0s: 261
True Labels - 1s: 160, 0s: 257
Client 3 of 5: Local Epoch [2/3] Loss: 0.1211, Accuracy: 96.64 %
Predictions - 1s: 185, 0s: 232
True Labels - 1s: 182, 0s: 235
Client 1 of 5: Local Epoch [3/3] Loss: 0.1478, Accuracy: 94.48 %
Predictions - 1s: 180, 0s: 237
True Labels - 1s: 179, 0s: 238
Client 5 of 5: Local Epoch [2/3] Loss: 0.1488, Accuracy: 94.48 %
Predictions - 1s: 181, 0s: 236
True Labels - 1s: 177, 0s: 240
Client 2 of 5: Local Epoch [2/3] Loss: 0.1731, Accuracy: 94.24 %
Predictions - 1s: 174, 0s: 243
True Labels - 1s: 173, 0s: 244
Client 4 of 5: Local Epoch [2/3] Loss: 0.1326, Accuracy: 95.44 %
Predictions - 1s: 163, 0s: 254
True Labels - 1s: 160, 0s: 257
Client 3 of 5: Local Epoch [3/3] Loss: 0.1126, Accuracy: 96.40 %
Predictions - 1s: 179, 0s: 238
True Labels - 1s: 179, 0s: 238
Client 5 of 5: Local Epoch [3/3] Loss: 0.1224, Accuracy: 96.16 %
Predictions - 1s: 178, 0s: 239
True Labels - 1s: 177, 0s: 240
Client 2 of 5: Local Epoch [3/3] Loss: 0.1500, Accuracy: 93.53 %
Predictions - 1s: 177, 0s: 240
True Labels - 1s: 173, 0s: 244
Client 4 of 5: Local Epoch [3/3] Loss: 0.0988, Accuracy: 97.12 %
-------------------------------
Round [3/4] Average Local Loss: 0.1263, Average Local Accuracy: 95.54 %
-------------------------------
-------- Validation --------
Predictions - 1s: 203, 0s: 318
True Labels - 1s: 203, 0s: 318
Round [3/4] Global Model Validation Loss: 0.1933, Validation Accuracy: 93.86 %
-------- Validation finished --------
Updated best model in round 3 saved with Validation Loss: 0.1933 and Validation Accuracy: 93.86 %
-------------------------------

Round 4 of 4
-------------------------------
Predictions - 1s: 184, 0s: 233
True Labels - 1s: 177, 0s: 240
Client 2 of 5: Local Epoch [1/3] Loss: 0.1892, Accuracy: 93.05 %
Predictions - 1s: 163, 0s: 254
True Labels - 1s: 160, 0s: 257
Client 3 of 5: Local Epoch [1/3] Loss: 0.1735, Accuracy: 94.00 %
Predictions - 1s: 192, 0s: 225
True Labels - 1s: 182, 0s: 235
Client 1 of 5: Local Epoch [1/3] Loss: 0.2156, Accuracy: 92.33 %
Predictions - 1s: 175, 0s: 242
True Labels - 1s: 173, 0s: 244
Client 4 of 5: Local Epoch [1/3] Loss: 0.1790, Accuracy: 92.33 %
Predictions - 1s: 183, 0s: 234
True Labels - 1s: 179, 0s: 238
Client 5 of 5: Local Epoch [1/3] Loss: 0.2234, Accuracy: 91.85 %
Predictions - 1s: 182, 0s: 235
True Labels - 1s: 177, 0s: 240
Client 2 of 5: Local Epoch [2/3] Loss: 0.1480, Accuracy: 95.44 %
Predictions - 1s: 158, 0s: 259
True Labels - 1s: 160, 0s: 257
Client 3 of 5: Local Epoch [2/3] Loss: 0.1088, Accuracy: 96.16 %
Predictions - 1s: 182, 0s: 235
True Labels - 1s: 179, 0s: 238
Client 5 of 5: Local Epoch [2/3] Loss: 0.1219, Accuracy: 95.44 %
Predictions - 1s: 176, 0s: 241
True Labels - 1s: 173, 0s: 244
Client 4 of 5: Local Epoch [2/3] Loss: 0.1222, Accuracy: 95.44 %
Predictions - 1s: 188, 0s: 229
True Labels - 1s: 182, 0s: 235
Client 1 of 5: Local Epoch [2/3] Loss: 0.1704, Accuracy: 93.76 %
Predictions - 1s: 182, 0s: 235
True Labels - 1s: 177, 0s: 240
Client 2 of 5: Local Epoch [3/3] Loss: 0.0943, Accuracy: 97.84 %
Predictions - 1s: 175, 0s: 242
True Labels - 1s: 179, 0s: 238
Client 5 of 5: Local Epoch [3/3] Loss: 0.1046, Accuracy: 97.12 %
Predictions - 1s: 159, 0s: 258
True Labels - 1s: 160, 0s: 257
Client 3 of 5: Local Epoch [3/3] Loss: 0.0734, Accuracy: 98.32 %
Predictions - 1s: 188, 0s: 229
Predictions - 1s: 176, 0s: 241
True Labels - 1s: 182, 0s: 235
True Labels - 1s: 173, 0s: 244
Client 1 of 5: Local Epoch [3/3] Loss: 0.1284, Accuracy: 96.16 %
Client 4 of 5: Local Epoch [3/3] Loss: 0.0925, Accuracy: 96.40 %
-------------------------------
Round [4/4] Average Local Loss: 0.0986, Average Local Accuracy: 97.17 %
-------------------------------
-------- Validation --------
Predictions - 1s: 202, 0s: 319
True Labels - 1s: 203, 0s: 318
Round [4/4] Global Model Validation Loss: 0.1882, Validation Accuracy: 93.67 %
-------- Validation finished --------
Updated best model in round 4 saved with Validation Loss: 0.1882 and Validation Accuracy: 93.67 %
-------------------------------
Best model in round 4 saved with Validation Loss: 0.1882 and Validation Accuracy: 93.67 %

-------- Training finished in 2:00 --------

Test flag enabled. Testing the model

-------- Loading best model from model_path --------
Loaded model bert-small from date 20-04-2024 03:38. Trained with Federated Learning technology.
Round 4, lr: 6e-05, optimizer: AdamW
Average train accuracy: 97.17 %, Validation accuracy: 93.67 %
-------- Best model loaded --------

-------- Creating Test Dataloader --------
Test Loader: 650 total sentences. 82 batches of size 8.
-------- Test Dataloader created --------

-------- Testing --------
Predictions - 1s: 258, 0s: 392
True Labels - 1s: 268, 0s: 382
Nº of test samples: 650
Accuracy: 92.00%
Accuracy 2 : 92.00%
Precision: 91.98%
Recall: 91.47%
F1 Score: 91.70%
Classification report:
              precision    recall  f1-score   support

           0     0.9209    0.9450    0.9328       382
           1     0.9186    0.8843    0.9011       268

    accuracy                         0.9200       650
   macro avg     0.9198    0.9147    0.9170       650
weighted avg     0.9200    0.9200    0.9198       650

-------- Testing finished --------
