Current configuration:
{
    "concurrency_flag": true,
    "data_distribution": "iid",
    "dataset": "acl_dep_sad",
    "device": "cuda",
    "dp_delta": 0.003,
    "dp_epsilon": 0.0,
    "eval_batch_size": 4,
    "eval_flag": true,
    "eval_size": 0.2,
    "fed_alg": "fedavg",
    "layers": 3,
    "learning_rate": 6e-05,
    "max_length": 512,
    "ml_mode": "fl",
    "model": "bert_tiny",
    "model_name": "fl_tiny_seed8_acl_dep_sad",
    "models_path": "/local/vpaloma/fabric-federated-learning/ablation_study/phase-4/final/accs-times/acl_dep_sad/",
    "mu": 0.5,
    "num_clients": 5,
    "num_epochs": 3,
    "num_rounds": 4,
    "optimizer": "AdamW",
    "progress_bar_flag": false,
    "save_model": true,
    "scheduler": "linear",
    "scheduler_warmup_steps": 0,
    "seed": "random",
    "test_flag": true,
    "train_batch_size": 4,
    "train_size": 0.8
}
-------- Configuration loaded --------

-------- Setting device --------
cuda device selected and available.
-------- Device set --------

-------- Setting seed --------
seed set:  682843
-------- Seed set --------

-------- Creating Model --------
-------- Model created --------

-------- Setting Trainable Layers --------
Training the last 3 layers.

Total parameters count: 4386178
Trainable parameters count: 215042
-------- Trainable Layers set --------

-------- Creating Tokenizer --------
-------- Tokenizer created --------

-------- Creating Train and Eval Dataloaders --------
Train Loader: 2085 total sentences. 522 batches of size 4.
Eval Loader: 521 total sentences. 131 batches of size 4.
-------- Train and Eval Dataloaders created --------

-------- Training --------
Training with Federated Learning technology.
Training without differential privacy.
Federated averaging algorithm selected.
Client 0: Label 0: 234, Label 1: 183
Client 1: Label 0: 250, Label 1: 167
Client 2: Label 0: 245, Label 1: 172
Client 3: Label 0: 257, Label 1: 160
Client 4: Label 0: 250, Label 1: 167

Round 1 of 4
-------------------------------
Predictions - 1s: 94, 0s: 323
True Labels - 1s: 172, 0s: 245
Client 3 of 5: Local Epoch [1/3] Loss: 0.6754, Accuracy: 56.83 %
Predictions - 1s: 20, 0s: 397
True Labels - 1s: 167, 0s: 250
Client 2 of 5: Local Epoch [1/3] Loss: 0.6566, Accuracy: 60.43 %
Predictions - 1s: 24, 0s: 393
True Labels - 1s: 167, 0s: 250
Client 5 of 5: Local Epoch [1/3] Loss: 0.6541, Accuracy: 60.91 %
Predictions - 1s: 34, 0s: 383
True Labels - 1s: 183, 0s: 234
Client 1 of 5: Local Epoch [1/3] Loss: 0.6710, Accuracy: 58.03 %
Predictions - 1s: 29, 0s: 388
True Labels - 1s: 160, 0s: 257
Client 4 of 5: Local Epoch [1/3] Loss: 0.6514, Accuracy: 61.39 %
Predictions - 1s: 104, 0s: 313
True Labels - 1s: 183, 0s: 234
Client 1 of 5: Local Epoch [2/3] Loss: 0.5904, Accuracy: 75.78 %
Predictions - 1s: 59, 0s: 358
True Labels - 1s: 172, 0s: 245
Client 3 of 5: Local Epoch [2/3] Loss: 0.6143, Accuracy: 68.59 %
Predictions - 1s: 48, 0s: 369
True Labels - 1s: 167, 0s: 250
Client 5 of 5: Local Epoch [2/3] Loss: 0.6048, Accuracy: 66.19 %
Predictions - 1s: 70, 0s: 347
True Labels - 1s: 167, 0s: 250
Client 2 of 5: Local Epoch [2/3] Loss: 0.5797, Accuracy: 71.46 %
Predictions - 1s: 59, 0s: 358
True Labels - 1s: 160, 0s: 257
Client 4 of 5: Local Epoch [2/3] Loss: 0.5702, Accuracy: 72.90 %
Predictions - 1s: 102, 0s: 315
True Labels - 1s: 167, 0s: 250
Client 5 of 5: Local Epoch [3/3] Loss: 0.5571, Accuracy: 75.78 %
Predictions - 1s: 146, 0s: 271
True Labels - 1s: 183, 0s: 234
Client 1 of 5: Local Epoch [3/3] Loss: 0.5340, Accuracy: 82.01 %
Predictions - 1s: 100, 0s: 317
True Labels - 1s: 167, 0s: 250
Client 2 of 5: Local Epoch [3/3] Loss: 0.5269, Accuracy: 76.74 %
Predictions - 1s: 110, 0s: 307
True Labels - 1s: 160, 0s: 257
Client 4 of 5: Local Epoch [3/3] Loss: 0.5267, Accuracy: 80.34 %
Predictions - 1s: 102, 0s: 315
True Labels - 1s: 172, 0s: 245
Client 3 of 5: Local Epoch [3/3] Loss: 0.5648, Accuracy: 74.58 %
-------------------------------
Round [1/4] Average Local Loss: 0.5419, Average Local Accuracy: 77.89 %
-------------------------------
-------- Validation --------
Predictions - 1s: 167, 0s: 354
True Labels - 1s: 225, 0s: 296
Round [1/4] Global Model Validation Loss: 0.4979, Validation Accuracy: 80.04 %
-------- Validation finished --------
Updated best model in round 1 saved with Validation Loss: 0.4979 and Validation Accuracy: 80.04 %
-------------------------------

Round 2 of 4
-------------------------------
Predictions - 1s: 131, 0s: 286
True Labels - 1s: 160, 0s: 257
Client 4 of 5: Local Epoch [1/3] Loss: 0.4737, Accuracy: 81.53 %
Predictions - 1s: 154, 0s: 263
True Labels - 1s: 183, 0s: 234
Client 1 of 5: Local Epoch [1/3] Loss: 0.4816, Accuracy: 81.53 %
Predictions - 1s: 128, 0s: 289
True Labels - 1s: 167, 0s: 250
Client 5 of 5: Local Epoch [1/3] Loss: 0.4924, Accuracy: 80.10 %
Predictions - 1s: 137, 0s: 280
True Labels - 1s: 172, 0s: 245
Client 3 of 5: Local Epoch [1/3] Loss: 0.4974, Accuracy: 79.62 %
Predictions - 1s: 127, 0s: 290
True Labels - 1s: 167, 0s: 250
Client 2 of 5: Local Epoch [1/3] Loss: 0.4937, Accuracy: 78.90 %
Predictions - 1s: 152, 0s: 265
True Labels - 1s: 167, 0s: 250
Client 2 of 5: Local Epoch [2/3] Loss: 0.4422, Accuracy: 82.49 %
Predictions - 1s: 156, 0s: 261
True Labels - 1s: 167, 0s: 250
Client 5 of 5: Local Epoch [2/3] Loss: 0.4355, Accuracy: 82.97 %
Predictions - 1s: 150, 0s: 267
True Labels - 1s: 172, 0s: 245
Client 3 of 5: Local Epoch [2/3] Loss: 0.4338, Accuracy: 83.69 %
Predictions - 1s: 142, 0s: 275
True Labels - 1s: 160, 0s: 257
Client 4 of 5: Local Epoch [2/3] Loss: 0.3967, Accuracy: 84.65 %
Predictions - 1s: 174, 0s: 243
True Labels - 1s: 183, 0s: 234
Client 1 of 5: Local Epoch [2/3] Loss: 0.4113, Accuracy: 84.89 %
Predictions - 1s: 139, 0s: 278
True Labels - 1s: 160, 0s: 257
Client 4 of 5: Local Epoch [3/3] Loss: 0.3767, Accuracy: 84.41 %
Predictions - 1s: 164, 0s: 253
Predictions - 1s: 168, 0s: 249
True Labels - 1s: 167, 0s: 250
True Labels - 1s: 167, 0s: 250
Predictions - 1s: 161, 0s: 256
Client 2 of 5: Local Epoch [3/3] Loss: 0.3975, Accuracy: 84.89 %
Client 5 of 5: Local Epoch [3/3] Loss: 0.4137, Accuracy: 84.41 %
True Labels - 1s: 172, 0s: 245
Client 3 of 5: Local Epoch [3/3] Loss: 0.4149, Accuracy: 82.97 %
Predictions - 1s: 175, 0s: 242
True Labels - 1s: 183, 0s: 234
Client 1 of 5: Local Epoch [3/3] Loss: 0.3821, Accuracy: 85.13 %
-------------------------------
Round [2/4] Average Local Loss: 0.3970, Average Local Accuracy: 84.36 %
-------------------------------
-------- Validation --------
Predictions - 1s: 215, 0s: 306
True Labels - 1s: 225, 0s: 296
Round [2/4] Global Model Validation Loss: 0.3401, Validation Accuracy: 87.72 %
-------- Validation finished --------
Updated best model in round 2 saved with Validation Loss: 0.3401 and Validation Accuracy: 87.72 %
-------------------------------

Round 3 of 4
-------------------------------
Predictions - 1s: 160, 0s: 257
True Labels - 1s: 160, 0s: 257
Client 4 of 5: Local Epoch [1/3] Loss: 0.3655, Accuracy: 87.05 %
Predictions - 1s: 181, 0s: 236
True Labels - 1s: 183, 0s: 234
Client 1 of 5: Local Epoch [1/3] Loss: 0.3776, Accuracy: 86.09 %
Predictions - 1s: 169, 0s: 248
True Labels - 1s: 167, 0s: 250
Client 2 of 5: Local Epoch [1/3] Loss: 0.3758, Accuracy: 86.09 %
Predictions - 1s: 169, 0s: 248
True Labels - 1s: 172, 0s: 245
Client 3 of 5: Local Epoch [1/3] Loss: 0.3963, Accuracy: 82.49 %
Predictions - 1s: 165, 0s: 252
True Labels - 1s: 167, 0s: 250
Client 5 of 5: Local Epoch [1/3] Loss: 0.4146, Accuracy: 83.21 %
Predictions - 1s: 155, 0s: 262
True Labels - 1s: 160, 0s: 257
Client 4 of 5: Local Epoch [2/3] Loss: 0.3373, Accuracy: 87.29 %
Predictions - 1s: 186, 0s: 231
True Labels - 1s: 183, 0s: 234
Client 1 of 5: Local Epoch [2/3] Loss: 0.3399, Accuracy: 88.25 %
Predictions - 1s: 158, 0s: 259
True Labels - 1s: 167, 0s: 250
Client 5 of 5: Local Epoch [2/3] Loss: 0.3769, Accuracy: 85.37 %
Predictions - 1s: 170, 0s: 247
True Labels - 1s: 172, 0s: 245
Client 3 of 5: Local Epoch [2/3] Loss: 0.3919, Accuracy: 83.21 %
Predictions - 1s: 170, 0s: 247
True Labels - 1s: 167, 0s: 250
Client 2 of 5: Local Epoch [2/3] Loss: 0.3530, Accuracy: 85.85 %
Predictions - 1s: 183, 0s: 234
True Labels - 1s: 183, 0s: 234
Client 1 of 5: Local Epoch [3/3] Loss: 0.3477, Accuracy: 86.57 %
Predictions - 1s: 161, 0s: 256
True Labels - 1s: 160, 0s: 257
Client 4 of 5: Local Epoch [3/3] Loss: 0.3241, Accuracy: 88.73 %
Predictions - 1s: 172, 0s: 245
True Labels - 1s: 167, 0s: 250
Client 5 of 5: Local Epoch [3/3] Loss: 0.3637, Accuracy: 87.29 %
Predictions - 1s: 178, 0s: 239
True Labels - 1s: 172, 0s: 245
Client 3 of 5: Local Epoch [3/3] Loss: 0.3652, Accuracy: 85.13 %
Predictions - 1s: 176, 0s: 241
True Labels - 1s: 167, 0s: 250
Client 2 of 5: Local Epoch [3/3] Loss: 0.3310, Accuracy: 86.33 %
-------------------------------
Round [3/4] Average Local Loss: 0.3463, Average Local Accuracy: 86.81 %
-------------------------------
-------- Validation --------
Predictions - 1s: 237, 0s: 284
True Labels - 1s: 225, 0s: 296
Round [3/4] Global Model Validation Loss: 0.2859, Validation Accuracy: 90.40 %
-------- Validation finished --------
Updated best model in round 3 saved with Validation Loss: 0.2859 and Validation Accuracy: 90.40 %
-------------------------------

Round 4 of 4
-------------------------------
Predictions - 1s: 175, 0s: 242
True Labels - 1s: 172, 0s: 245
Client 3 of 5: Local Epoch [1/3] Loss: 0.3568, Accuracy: 85.85 %
Predictions - 1s: 176, 0s: 241
Predictions - 1s: 190, 0s: 227
True Labels - 1s: 167, 0s: 250
True Labels - 1s: 183, 0s: 234
Client 5 of 5: Local Epoch [1/3] Loss: 0.3611, Accuracy: 86.81 %
Client 1 of 5: Local Epoch [1/3] Loss: 0.3295, Accuracy: 88.73 %
Predictions - 1s: 159, 0s: 258
True Labels - 1s: 160, 0s: 257
Client 4 of 5: Local Epoch [1/3] Loss: 0.3263, Accuracy: 86.33 %
Predictions - 1s: 172, 0s: 245
True Labels - 1s: 167, 0s: 250
Client 2 of 5: Local Epoch [1/3] Loss: 0.3389, Accuracy: 86.33 %
Predictions - 1s: 180, 0s: 237
True Labels - 1s: 172, 0s: 245
Client 3 of 5: Local Epoch [2/3] Loss: 0.3342, Accuracy: 86.57 %
Predictions - 1s: 186, 0s: 231
True Labels - 1s: 172, 0s: 245
Client 3 of 5: Local Epoch [3/3] Loss: 0.3319, Accuracy: 86.57 %
Predictions - 1s: 167, 0s: 250
True Labels - 1s: 160, 0s: 257
Client 4 of 5: Local Epoch [2/3] Loss: 0.3057, Accuracy: 88.25 %
Predictions - 1s: 181, 0s: 236
True Labels - 1s: 167, 0s: 250
Client 2 of 5: Local Epoch [2/3] Loss: 0.3169, Accuracy: 88.01 %
Predictions - 1s: 163, 0s: 254
True Labels - 1s: 167, 0s: 250
Client 5 of 5: Local Epoch [2/3] Loss: 0.3627, Accuracy: 84.65 %
Predictions - 1s: 183, 0s: 234
True Labels - 1s: 183, 0s: 234
Client 1 of 5: Local Epoch [2/3] Loss: 0.3170, Accuracy: 88.97 %
Predictions - 1s: 190, 0s: 227
True Labels - 1s: 183, 0s: 234
Client 1 of 5: Local Epoch [3/3] Loss: 0.3001, Accuracy: 88.73 %
Predictions - 1s: 167, 0s: 250
True Labels - 1s: 167, 0s: 250
Client 2 of 5: Local Epoch [3/3] Loss: 0.3043, Accuracy: 87.53 %
Predictions - 1s: 170, 0s: 247
True Labels - 1s: 160, 0s: 257
Client 4 of 5: Local Epoch [3/3] Loss: 0.2944, Accuracy: 88.01 %
Predictions - 1s: 169, 0s: 248
True Labels - 1s: 167, 0s: 250
Client 5 of 5: Local Epoch [3/3] Loss: 0.3481, Accuracy: 86.09 %
-------------------------------
Round [4/4] Average Local Loss: 0.3158, Average Local Accuracy: 87.39 %
-------------------------------
-------- Validation --------
Predictions - 1s: 239, 0s: 282
True Labels - 1s: 225, 0s: 296
Round [4/4] Global Model Validation Loss: 0.2585, Validation Accuracy: 91.55 %
-------- Validation finished --------
Updated best model in round 4 saved with Validation Loss: 0.2585 and Validation Accuracy: 91.55 %
-------------------------------
Best model in round 4 saved with Validation Loss: 0.2585 and Validation Accuracy: 91.55 %

-------- Training finished in 1:40 --------

Test flag enabled. Testing the model

-------- Loading best model from model_path --------
Loaded model bert-tiny from date 20-04-2024 03:34. Trained with Federated Learning technology.
Round 4, lr: 6e-05, optimizer: AdamW
Average train accuracy: 87.39 %, Validation accuracy: 91.55 %
-------- Best model loaded --------

-------- Creating Test Dataloader --------
Test Loader: 650 total sentences. 82 batches of size 8.
-------- Test Dataloader created --------

-------- Testing --------
Predictions - 1s: 286, 0s: 364
True Labels - 1s: 268, 0s: 382
Nº of test samples: 650
Accuracy: 87.69%
Accuracy 2 : 87.69%
Precision: 87.18%
Recall: 87.80%
F1 Score: 87.42%
Classification report:
              precision    recall  f1-score   support

           0     0.9148    0.8717    0.8928       382
           1     0.8287    0.8843    0.8556       268

    accuracy                         0.8769       650
   macro avg     0.8718    0.8780    0.8742       650
weighted avg     0.8793    0.8769    0.8774       650

-------- Testing finished --------
