Current configuration:
{
    "concurrency_flag": true,
    "data_distribution": "iid",
    "dataset": "acl_dep_sad",
    "device": "cuda",
    "dp_delta": 0.003,
    "dp_epsilon": 0.0,
    "eval_batch_size": 4,
    "eval_flag": true,
    "eval_size": 0.2,
    "fed_alg": "fedavg",
    "layers": 3,
    "learning_rate": 6e-05,
    "max_length": 512,
    "ml_mode": "fl",
    "model": "bert_tiny",
    "model_name": "fl_tiny_seed4_acl_dep_sad",
    "models_path": "/local/vpaloma/fabric-federated-learning/ablation_study/phase-4/final/accs-times/acl_dep_sad/",
    "mu": 0.5,
    "num_clients": 5,
    "num_epochs": 3,
    "num_rounds": 4,
    "optimizer": "AdamW",
    "progress_bar_flag": false,
    "save_model": true,
    "scheduler": "linear",
    "scheduler_warmup_steps": 0,
    "seed": "random",
    "test_flag": true,
    "train_batch_size": 4,
    "train_size": 0.8
}
-------- Configuration loaded --------

-------- Setting device --------
cuda device selected and available.
-------- Device set --------

-------- Setting seed --------
seed set:  692739
-------- Seed set --------

-------- Creating Model --------
-------- Model created --------

-------- Setting Trainable Layers --------
Training the last 3 layers.

Total parameters count: 4386178
Trainable parameters count: 215042
-------- Trainable Layers set --------

-------- Creating Tokenizer --------
-------- Tokenizer created --------

-------- Creating Train and Eval Dataloaders --------
Train Loader: 2085 total sentences. 522 batches of size 4.
Eval Loader: 521 total sentences. 131 batches of size 4.
-------- Train and Eval Dataloaders created --------

-------- Training --------
Training with Federated Learning technology.
Training without differential privacy.
Federated averaging algorithm selected.
Client 0: Label 0: 254, Label 1: 163
Client 1: Label 0: 229, Label 1: 188
Client 2: Label 0: 255, Label 1: 162
Client 3: Label 0: 250, Label 1: 167
Client 4: Label 0: 240, Label 1: 177

Round 1 of 4
-------------------------------
Predictions - 1s: 61, 0s: 356
True Labels - 1s: 177, 0s: 240
Client 5 of 5: Local Epoch [1/3] Loss: 0.6601, Accuracy: 64.03 %
Predictions - 1s: 44, 0s: 373
True Labels - 1s: 188, 0s: 229
Client 2 of 5: Local Epoch [1/3] Loss: 0.6734, Accuracy: 62.59 %
Predictions - 1s: 12, 0s: 405
True Labels - 1s: 167, 0s: 250
Client 4 of 5: Local Epoch [1/3] Loss: 0.6565, Accuracy: 61.87 %
Predictions - 1s: 18, 0s: 399
Predictions - 1s: 21, 0s: 396
True Labels - 1s: 163, 0s: 254
Client 1 of 5: Local Epoch [1/3] Loss: 0.6518, Accuracy: 62.35 %
True Labels - 1s: 162, 0s: 255
Client 3 of 5: Local Epoch [1/3] Loss: 0.6581, Accuracy: 60.43 %
Predictions - 1s: 83, 0s: 334
True Labels - 1s: 163, 0s: 254
Client 1 of 5: Local Epoch [2/3] Loss: 0.5676, Accuracy: 76.98 %
Predictions - 1s: 120, 0s: 297
True Labels - 1s: 188, 0s: 229
Client 2 of 5: Local Epoch [2/3] Loss: 0.5881, Accuracy: 74.58 %
Predictions - 1s: 88, 0s: 329
True Labels - 1s: 167, 0s: 250
Client 4 of 5: Local Epoch [2/3] Loss: 0.5720, Accuracy: 76.26 %
Predictions - 1s: 106, 0s: 311
True Labels - 1s: 177, 0s: 240
Client 5 of 5: Local Epoch [2/3] Loss: 0.5842, Accuracy: 75.30 %
Predictions - 1s: 62, 0s: 355
True Labels - 1s: 162, 0s: 255
Client 3 of 5: Local Epoch [2/3] Loss: 0.5993, Accuracy: 70.74 %
Predictions - 1s: 119, 0s: 298
True Labels - 1s: 177, 0s: 240
Client 5 of 5: Local Epoch [3/3] Loss: 0.5438, Accuracy: 76.50 %
Predictions - 1s: 94, 0s: 323
True Labels - 1s: 162, 0s: 255
Client 3 of 5: Local Epoch [3/3] Loss: 0.5577, Accuracy: 76.50 %
Predictions - 1s: 141, 0s: 276
True Labels - 1s: 188, 0s: 229
Client 2 of 5: Local Epoch [3/3] Loss: 0.5351, Accuracy: 78.66 %
Predictions - 1s: 105, 0s: 312
True Labels - 1s: 163, 0s: 254
Client 1 of 5: Local Epoch [3/3] Loss: 0.5208, Accuracy: 79.86 %
Predictions - 1s: 109, 0s: 308
True Labels - 1s: 167, 0s: 250
Client 4 of 5: Local Epoch [3/3] Loss: 0.5171, Accuracy: 78.90 %
-------------------------------
Round [1/4] Average Local Loss: 0.5349, Average Local Accuracy: 78.08 %
-------------------------------
-------- Validation --------
Predictions - 1s: 159, 0s: 362
True Labels - 1s: 217, 0s: 304
Round [1/4] Global Model Validation Loss: 0.5149, Validation Accuracy: 78.50 %
-------- Validation finished --------
Updated best model in round 1 saved with Validation Loss: 0.5149 and Validation Accuracy: 78.50 %
-------------------------------

Round 2 of 4
-------------------------------
Predictions - 1s: 137, 0s: 280
True Labels - 1s: 177, 0s: 240
Client 5 of 5: Local Epoch [1/3] Loss: 0.4936, Accuracy: 79.38 %
Predictions - 1s: 124, 0s: 293
True Labels - 1s: 162, 0s: 255
Client 3 of 5: Local Epoch [1/3] Loss: 0.4967, Accuracy: 79.38 %
Predictions - 1s: 112, 0s: 305
Predictions - 1s: 116, 0s: 301
Predictions - 1s: 150, 0s: 267
True Labels - 1s: 163, 0s: 254
Client 1 of 5: Local Epoch [1/3] Loss: 0.4877, Accuracy: 78.66 %
True Labels - 1s: 188, 0s: 229
Client 2 of 5: Local Epoch [1/3] Loss: 0.4930, Accuracy: 81.29 %
True Labels - 1s: 167, 0s: 250
Client 4 of 5: Local Epoch [1/3] Loss: 0.4939, Accuracy: 77.70 %
Predictions - 1s: 138, 0s: 279
True Labels - 1s: 167, 0s: 250
Client 4 of 5: Local Epoch [2/3] Loss: 0.4460, Accuracy: 81.06 %
Predictions - 1s: 144, 0s: 273
True Labels - 1s: 177, 0s: 240
Client 5 of 5: Local Epoch [2/3] Loss: 0.4428, Accuracy: 81.53 %
Predictions - 1s: 146, 0s: 271
True Labels - 1s: 162, 0s: 255
Client 3 of 5: Local Epoch [2/3] Loss: 0.4267, Accuracy: 83.69 %
Predictions - 1s: 173, 0s: 244
True Labels - 1s: 188, 0s: 229
Client 2 of 5: Local Epoch [2/3] Loss: 0.4260, Accuracy: 84.41 %
Predictions - 1s: 130, 0s: 287
True Labels - 1s: 163, 0s: 254
Client 1 of 5: Local Epoch [2/3] Loss: 0.4065, Accuracy: 83.93 %
Predictions - 1s: 139, 0s: 278
True Labels - 1s: 167, 0s: 250
Client 4 of 5: Local Epoch [3/3] Loss: 0.4044, Accuracy: 83.21 %
Predictions - 1s: 140, 0s: 277
True Labels - 1s: 163, 0s: 254
Client 1 of 5: Local Epoch [3/3] Loss: 0.3729, Accuracy: 86.33 %
Predictions - 1s: 180, 0s: 237
True Labels - 1s: 188, 0s: 229
Client 2 of 5: Local Epoch [3/3] Loss: 0.3879, Accuracy: 85.61 %
Predictions - 1s: 150, 0s: 267
True Labels - 1s: 162, 0s: 255
Client 3 of 5: Local Epoch [3/3] Loss: 0.4283, Accuracy: 82.25 %
Predictions - 1s: 167, 0s: 250
True Labels - 1s: 177, 0s: 240
Client 5 of 5: Local Epoch [3/3] Loss: 0.4128, Accuracy: 83.69 %
-------------------------------
Round [2/4] Average Local Loss: 0.4012, Average Local Accuracy: 84.22 %
-------------------------------
-------- Validation --------
Predictions - 1s: 206, 0s: 315
True Labels - 1s: 217, 0s: 304
Round [2/4] Global Model Validation Loss: 0.3959, Validation Accuracy: 84.07 %
-------- Validation finished --------
Updated best model in round 2 saved with Validation Loss: 0.3959 and Validation Accuracy: 84.07 %
-------------------------------

Round 3 of 4
-------------------------------
Predictions - 1s: 154, 0s: 263
True Labels - 1s: 167, 0s: 250
Client 4 of 5: Local Epoch [1/3] Loss: 0.3790, Accuracy: 85.85 %
Predictions - 1s: 172, 0s: 245
True Labels - 1s: 177, 0s: 240
Client 5 of 5: Local Epoch [1/3] Loss: 0.3891, Accuracy: 84.41 %
Predictions - 1s: 159, 0s: 258
True Labels - 1s: 162, 0s: 255
Client 3 of 5: Local Epoch [1/3] Loss: 0.4007, Accuracy: 84.41 %
Predictions - 1s: 186, 0s: 231
True Labels - 1s: 188, 0s: 229
Client 2 of 5: Local Epoch [1/3] Loss: 0.3818, Accuracy: 83.69 %
Predictions - 1s: 145, 0s: 272
True Labels - 1s: 163, 0s: 254
Client 1 of 5: Local Epoch [1/3] Loss: 0.3678, Accuracy: 85.13 %
Predictions - 1s: 161, 0s: 256
True Labels - 1s: 167, 0s: 250
Client 4 of 5: Local Epoch [2/3] Loss: 0.3634, Accuracy: 85.61 %
Predictions - 1s: 164, 0s: 253
True Labels - 1s: 167, 0s: 250
Client 4 of 5: Local Epoch [3/3] Loss: 0.3526, Accuracy: 86.33 %
Predictions - 1s: 154, 0s: 263
True Labels - 1s: 162, 0s: 255
Client 3 of 5: Local Epoch [2/3] Loss: 0.3773, Accuracy: 83.69 %
Predictions - 1s: 170, 0s: 247
True Labels - 1s: 177, 0s: 240
Client 5 of 5: Local Epoch [2/3] Loss: 0.3634, Accuracy: 85.85 %
Predictions - 1s: 152, 0s: 265
True Labels - 1s: 163, 0s: 254
Client 1 of 5: Local Epoch [2/3] Loss: 0.3361, Accuracy: 87.77 %
Predictions - 1s: 196, 0s: 221
True Labels - 1s: 188, 0s: 229
Client 2 of 5: Local Epoch [2/3] Loss: 0.3496, Accuracy: 86.09 %
Predictions - 1s: 166, 0s: 251
True Labels - 1s: 162, 0s: 255
Predictions - 1s: 162, 0s: 255
Client 3 of 5: Local Epoch [3/3] Loss: 0.3676, Accuracy: 86.09 %
True Labels - 1s: 163, 0s: 254
Client 1 of 5: Local Epoch [3/3] Loss: 0.3171, Accuracy: 88.25 %
Predictions - 1s: 182, 0s: 235
True Labels - 1s: 177, 0s: 240
Client 5 of 5: Local Epoch [3/3] Loss: 0.3436, Accuracy: 87.29 %
Predictions - 1s: 188, 0s: 229
True Labels - 1s: 188, 0s: 229
Client 2 of 5: Local Epoch [3/3] Loss: 0.3317, Accuracy: 87.05 %
-------------------------------
Round [3/4] Average Local Loss: 0.3425, Average Local Accuracy: 87.00 %
-------------------------------
-------- Validation --------
Predictions - 1s: 231, 0s: 290
True Labels - 1s: 217, 0s: 304
Round [3/4] Global Model Validation Loss: 0.3497, Validation Accuracy: 86.56 %
-------- Validation finished --------
Updated best model in round 3 saved with Validation Loss: 0.3497 and Validation Accuracy: 86.56 %
-------------------------------

Round 4 of 4
-------------------------------
Predictions - 1s: 197, 0s: 220
True Labels - 1s: 188, 0s: 229
Client 2 of 5: Local Epoch [1/3] Loss: 0.3292, Accuracy: 88.25 %
Predictions - 1s: 182, 0s: 235
True Labels - 1s: 177, 0s: 240
Client 5 of 5: Local Epoch [1/3] Loss: 0.3410, Accuracy: 87.77 %
Predictions - 1s: 170, 0s: 247
True Labels - 1s: 167, 0s: 250
Client 4 of 5: Local Epoch [1/3] Loss: 0.3649, Accuracy: 85.85 %
Predictions - 1s: 161, 0s: 256
True Labels - 1s: 162, 0s: 255
Predictions - 1s: 163, 0s: 254
Client 3 of 5: Local Epoch [1/3] Loss: 0.3728, Accuracy: 84.89 %
True Labels - 1s: 163, 0s: 254
Client 1 of 5: Local Epoch [1/3] Loss: 0.2995, Accuracy: 90.41 %
Predictions - 1s: 192, 0s: 225
True Labels - 1s: 188, 0s: 229
Client 2 of 5: Local Epoch [2/3] Loss: 0.3128, Accuracy: 89.45 %
Predictions - 1s: 198, 0s: 219
True Labels - 1s: 188, 0s: 229
Client 2 of 5: Local Epoch [3/3] Loss: 0.2984, Accuracy: 89.45 %
Predictions - 1s: 178, 0s: 239
True Labels - 1s: 177, 0s: 240
Client 5 of 5: Local Epoch [2/3] Loss: 0.3519, Accuracy: 85.37 %
Predictions - 1s: 160, 0s: 257
True Labels - 1s: 163, 0s: 254
Client 1 of 5: Local Epoch [2/3] Loss: 0.2914, Accuracy: 89.69 %
Predictions - 1s: 174, 0s: 243
Predictions - 1s: 158, 0s: 259
True Labels - 1s: 162, 0s: 255
True Labels - 1s: 167, 0s: 250
Client 3 of 5: Local Epoch [2/3] Loss: 0.3318, Accuracy: 87.53 %
Client 4 of 5: Local Epoch [2/3] Loss: 0.3402, Accuracy: 86.33 %
Predictions - 1s: 188, 0s: 229
True Labels - 1s: 177, 0s: 240
Client 5 of 5: Local Epoch [3/3] Loss: 0.3062, Accuracy: 87.77 %
Predictions - 1s: 174, 0s: 243
True Labels - 1s: 167, 0s: 250
Client 4 of 5: Local Epoch [3/3] Loss: 0.3186, Accuracy: 88.73 %
Predictions - 1s: 171, 0s: 246
True Labels - 1s: 162, 0s: 255
Client 3 of 5: Local Epoch [3/3] Loss: 0.3370, Accuracy: 86.81 %
Predictions - 1s: 165, 0s: 252
True Labels - 1s: 163, 0s: 254
Client 1 of 5: Local Epoch [3/3] Loss: 0.2424, Accuracy: 91.37 %
-------------------------------
Round [4/4] Average Local Loss: 0.3005, Average Local Accuracy: 88.82 %
-------------------------------
-------- Validation --------
Predictions - 1s: 237, 0s: 284
True Labels - 1s: 217, 0s: 304
Round [4/4] Global Model Validation Loss: 0.3249, Validation Accuracy: 87.72 %
-------- Validation finished --------
Updated best model in round 4 saved with Validation Loss: 0.3249 and Validation Accuracy: 87.72 %
-------------------------------
Best model in round 4 saved with Validation Loss: 0.3249 and Validation Accuracy: 87.72 %

-------- Training finished in 1:40 --------

Test flag enabled. Testing the model

-------- Loading best model from model_path --------
Loaded model bert-tiny from date 20-04-2024 04:57. Trained with Federated Learning technology.
Round 4, lr: 6e-05, optimizer: AdamW
Average train accuracy: 88.82 %, Validation accuracy: 87.72 %
-------- Best model loaded --------

-------- Creating Test Dataloader --------
Test Loader: 650 total sentences. 82 batches of size 8.
-------- Test Dataloader created --------

-------- Testing --------
Predictions - 1s: 290, 0s: 360
True Labels - 1s: 268, 0s: 382
Nº of test samples: 650
Accuracy: 87.69%
Accuracy 2 : 87.69%
Precision: 87.18%
Recall: 87.91%
F1 Score: 87.44%
Classification report:
              precision    recall  f1-score   support

           0     0.9194    0.8665    0.8922       382
           1     0.8241    0.8918    0.8566       268

    accuracy                         0.8769       650
   macro avg     0.8718    0.8791    0.8744       650
weighted avg     0.8801    0.8769    0.8775       650

-------- Testing finished --------
