Current configuration:
{
    "concurrency_flag": true,
    "data_distribution": "iid",
    "dataset": "acl_dep_sad",
    "device": "cuda",
    "dp_delta": 0.003,
    "dp_epsilon": 0.0,
    "eval_batch_size": 4,
    "eval_flag": true,
    "eval_size": 0.2,
    "fed_alg": "fedavg",
    "layers": 3,
    "learning_rate": 6e-05,
    "max_length": 512,
    "ml_mode": "ml",
    "model": "bert_medium",
    "model_name": "ml_medium_seed7_acl_dep_sad",
    "models_path": "/local/vpaloma/fabric-federated-learning/ablation_study/phase-4/final/accs-times/acl_dep_sad/",
    "mu": 0.5,
    "num_clients": 5,
    "num_epochs": 12,
    "num_rounds": 4,
    "optimizer": "AdamW",
    "progress_bar_flag": false,
    "save_model": true,
    "scheduler": "linear",
    "scheduler_warmup_steps": 0,
    "seed": "random",
    "test_flag": true,
    "train_batch_size": 4,
    "train_size": 0.8
}
-------- Configuration loaded --------

-------- Setting device --------
cuda device selected and available.
-------- Device set --------

-------- Setting seed --------
seed set:  832308
-------- Seed set --------

-------- Creating Model --------
-------- Model created --------

-------- Setting Trainable Layers --------
Training the last 3 layers.

Total parameters count: 41374210
Trainable parameters count: 3416066
-------- Trainable Layers set --------

-------- Creating Tokenizer --------
-------- Tokenizer created --------

-------- Creating Train and Eval Dataloaders --------
Train Loader: 2085 total sentences. 522 batches of size 4.
Eval Loader: 521 total sentences. 131 batches of size 4.
-------- Train and Eval Dataloaders created --------

-------- Creating Optimizer --------
-------- Optimizer created --------

-------- Creating Scheduler --------
-------- Scheduler created --------

-------- Training --------
Training with Centralised Machine Learning technology.
Training without differential privacy.
Concurrency flag is set to True, but ml mode is selected. Concurrency flag will be ignored.
Epoch [1/12], Step [100/522], Loss: 0.5016, Accuracy: 76.50 %
Epoch [1/12], Step [200/522], Loss: 0.3844, Accuracy: 82.38 %
Epoch [1/12], Step [300/522], Loss: 0.3406, Accuracy: 84.75 %
Epoch [1/12], Step [400/522], Loss: 0.3078, Accuracy: 86.38 %
Epoch [1/12], Step [500/522], Loss: 0.2980, Accuracy: 87.40 %
Predictions - 1s: 824, 0s: 1261
True Labels - 1s: 851, 0s: 1234
-------------------------------
Epoch [1/12] Loss: 0.2944, Accuracy: 87.48 %
-------------------------------
-------- Validation --------
Predictions - 1s: 180, 0s: 341
True Labels - 1s: 223, 0s: 298
Validation Loss: 0.2904, Validation Accuracy: 89.44 %
-------- Validation finished --------
Updated best model in epoch 1 saved with Validation Loss: 0.2904 and Validation Accuracy: 89.44 %
-------------------------------
Epoch [2/12], Step [100/522], Loss: 0.1471, Accuracy: 95.25 %
Epoch [2/12], Step [200/522], Loss: 0.1484, Accuracy: 94.50 %
Epoch [2/12], Step [300/522], Loss: 0.1598, Accuracy: 94.08 %
Epoch [2/12], Step [400/522], Loss: 0.1556, Accuracy: 94.19 %
Epoch [2/12], Step [500/522], Loss: 0.1658, Accuracy: 93.75 %
Predictions - 1s: 878, 0s: 1207
True Labels - 1s: 851, 0s: 1234
-------------------------------
Epoch [2/12] Loss: 0.1676, Accuracy: 93.62 %
-------------------------------
-------- Validation --------
Predictions - 1s: 212, 0s: 309
True Labels - 1s: 223, 0s: 298
Validation Loss: 0.1824, Validation Accuracy: 93.28 %
-------- Validation finished --------
Updated best model in epoch 2 saved with Validation Loss: 0.1824 and Validation Accuracy: 93.28 %
-------------------------------
Epoch [3/12], Step [100/522], Loss: 0.0998, Accuracy: 97.25 %
Epoch [3/12], Step [200/522], Loss: 0.1273, Accuracy: 96.12 %
Epoch [3/12], Step [300/522], Loss: 0.1369, Accuracy: 95.42 %
Epoch [3/12], Step [400/522], Loss: 0.1303, Accuracy: 95.44 %
Epoch [3/12], Step [500/522], Loss: 0.1235, Accuracy: 95.80 %
Predictions - 1s: 860, 0s: 1225
True Labels - 1s: 851, 0s: 1234
-------------------------------
Epoch [3/12] Loss: 0.1232, Accuracy: 95.83 %
-------------------------------
-------- Validation --------
Predictions - 1s: 220, 0s: 301
True Labels - 1s: 223, 0s: 298
Validation Loss: 0.1836, Validation Accuracy: 93.67 %
-------- Validation finished --------
Epoch [4/12], Step [100/522], Loss: 0.0893, Accuracy: 96.25 %
Epoch [4/12], Step [200/522], Loss: 0.0848, Accuracy: 96.50 %
Epoch [4/12], Step [300/522], Loss: 0.0863, Accuracy: 96.50 %
Epoch [4/12], Step [400/522], Loss: 0.0840, Accuracy: 96.81 %
Epoch [4/12], Step [500/522], Loss: 0.0862, Accuracy: 96.65 %
Predictions - 1s: 858, 0s: 1227
True Labels - 1s: 851, 0s: 1234
-------------------------------
Epoch [4/12] Loss: 0.0850, Accuracy: 96.69 %
-------------------------------
-------- Validation --------
Predictions - 1s: 213, 0s: 308
True Labels - 1s: 223, 0s: 298
Validation Loss: 0.2009, Validation Accuracy: 93.86 %
-------- Validation finished --------
Epoch [5/12], Step [100/522], Loss: 0.0649, Accuracy: 97.50 %
Epoch [5/12], Step [200/522], Loss: 0.0606, Accuracy: 97.75 %
Epoch [5/12], Step [300/522], Loss: 0.0603, Accuracy: 97.83 %
Epoch [5/12], Step [400/522], Loss: 0.0690, Accuracy: 97.62 %
Epoch [5/12], Step [500/522], Loss: 0.0630, Accuracy: 97.85 %
Predictions - 1s: 859, 0s: 1226
True Labels - 1s: 851, 0s: 1234
-------------------------------
Epoch [5/12] Loss: 0.0620, Accuracy: 97.89 %
-------------------------------
-------- Validation --------
Predictions - 1s: 223, 0s: 298
True Labels - 1s: 223, 0s: 298
Validation Loss: 0.2048, Validation Accuracy: 93.86 %
-------- Validation finished --------
Epoch [6/12], Step [100/522], Loss: 0.0798, Accuracy: 97.00 %
Epoch [6/12], Step [200/522], Loss: 0.0495, Accuracy: 98.25 %
Epoch [6/12], Step [300/522], Loss: 0.0413, Accuracy: 98.58 %
Epoch [6/12], Step [400/522], Loss: 0.0460, Accuracy: 98.38 %
Epoch [6/12], Step [500/522], Loss: 0.0411, Accuracy: 98.60 %
Predictions - 1s: 856, 0s: 1229
True Labels - 1s: 851, 0s: 1234
-------------------------------
Epoch [6/12] Loss: 0.0406, Accuracy: 98.61 %
-------------------------------
-------- Validation --------
Predictions - 1s: 221, 0s: 300
True Labels - 1s: 223, 0s: 298
Validation Loss: 0.2363, Validation Accuracy: 94.24 %
-------- Validation finished --------
Epoch [7/12], Step [100/522], Loss: 0.0473, Accuracy: 98.25 %
Epoch [7/12], Step [200/522], Loss: 0.0392, Accuracy: 98.50 %
Epoch [7/12], Step [300/522], Loss: 0.0387, Accuracy: 98.58 %
Epoch [7/12], Step [400/522], Loss: 0.0400, Accuracy: 98.56 %
Epoch [7/12], Step [500/522], Loss: 0.0416, Accuracy: 98.55 %
Predictions - 1s: 851, 0s: 1234
True Labels - 1s: 851, 0s: 1234
-------------------------------
Epoch [7/12] Loss: 0.0426, Accuracy: 98.56 %
-------------------------------
-------- Validation --------
Predictions - 1s: 217, 0s: 304
True Labels - 1s: 223, 0s: 298
Validation Loss: 0.2350, Validation Accuracy: 93.47 %
-------- Validation finished --------
Epoch [8/12], Step [100/522], Loss: 0.0140, Accuracy: 99.50 %
Epoch [8/12], Step [200/522], Loss: 0.0312, Accuracy: 99.00 %
Epoch [8/12], Step [300/522], Loss: 0.0276, Accuracy: 99.17 %
Epoch [8/12], Step [400/522], Loss: 0.0273, Accuracy: 99.19 %
Epoch [8/12], Step [500/522], Loss: 0.0278, Accuracy: 99.20 %
Predictions - 1s: 851, 0s: 1234
True Labels - 1s: 851, 0s: 1234
-------------------------------
Epoch [8/12] Loss: 0.0274, Accuracy: 99.23 %
-------------------------------
-------- Validation --------
Predictions - 1s: 211, 0s: 310
True Labels - 1s: 223, 0s: 298
Validation Loss: 0.2534, Validation Accuracy: 94.24 %
-------- Validation finished --------
Epoch [9/12], Step [100/522], Loss: 0.0091, Accuracy: 99.75 %
Epoch [9/12], Step [200/522], Loss: 0.0148, Accuracy: 99.62 %
Epoch [9/12], Step [300/522], Loss: 0.0158, Accuracy: 99.58 %
Epoch [9/12], Step [400/522], Loss: 0.0229, Accuracy: 99.25 %
Epoch [9/12], Step [500/522], Loss: 0.0242, Accuracy: 99.20 %
Predictions - 1s: 850, 0s: 1235
True Labels - 1s: 851, 0s: 1234
-------------------------------
Epoch [9/12] Loss: 0.0238, Accuracy: 99.18 %
-------------------------------
-------- Validation --------
Predictions - 1s: 222, 0s: 299
True Labels - 1s: 223, 0s: 298
Validation Loss: 0.2505, Validation Accuracy: 93.67 %
-------- Validation finished --------
Epoch [10/12], Step [100/522], Loss: 0.0265, Accuracy: 98.75 %
Epoch [10/12], Step [200/522], Loss: 0.0198, Accuracy: 99.12 %
Epoch [10/12], Step [300/522], Loss: 0.0205, Accuracy: 99.17 %
Epoch [10/12], Step [400/522], Loss: 0.0187, Accuracy: 99.31 %
Epoch [10/12], Step [500/522], Loss: 0.0166, Accuracy: 99.40 %
Predictions - 1s: 853, 0s: 1232
True Labels - 1s: 851, 0s: 1234
-------------------------------
Epoch [10/12] Loss: 0.0162, Accuracy: 99.42 %
-------------------------------
-------- Validation --------
Predictions - 1s: 225, 0s: 296
True Labels - 1s: 223, 0s: 298
Validation Loss: 0.2612, Validation Accuracy: 93.86 %
-------- Validation finished --------
Epoch [11/12], Step [100/522], Loss: 0.0091, Accuracy: 100.00 %
Epoch [11/12], Step [200/522], Loss: 0.0201, Accuracy: 99.62 %
Epoch [11/12], Step [300/522], Loss: 0.0188, Accuracy: 99.42 %
Epoch [11/12], Step [400/522], Loss: 0.0190, Accuracy: 99.38 %
Epoch [11/12], Step [500/522], Loss: 0.0189, Accuracy: 99.35 %
Predictions - 1s: 854, 0s: 1231
True Labels - 1s: 851, 0s: 1234
-------------------------------
Epoch [11/12] Loss: 0.0182, Accuracy: 99.38 %
-------------------------------
-------- Validation --------
Predictions - 1s: 218, 0s: 303
True Labels - 1s: 223, 0s: 298
Validation Loss: 0.2673, Validation Accuracy: 93.67 %
-------- Validation finished --------
Epoch [12/12], Step [100/522], Loss: 0.0212, Accuracy: 99.00 %
Epoch [12/12], Step [200/522], Loss: 0.0203, Accuracy: 99.25 %
Epoch [12/12], Step [300/522], Loss: 0.0166, Accuracy: 99.42 %
Epoch [12/12], Step [400/522], Loss: 0.0144, Accuracy: 99.56 %
Epoch [12/12], Step [500/522], Loss: 0.0150, Accuracy: 99.50 %
Predictions - 1s: 849, 0s: 1236
True Labels - 1s: 851, 0s: 1234
-------------------------------
Epoch [12/12] Loss: 0.0147, Accuracy: 99.52 %
-------------------------------
-------- Validation --------
Predictions - 1s: 219, 0s: 302
True Labels - 1s: 223, 0s: 298
Validation Loss: 0.2632, Validation Accuracy: 93.86 %
-------- Validation finished --------
Best model in epoch 2 saved with with Validation Loss: 0.1824 and Validation Accuracy: 93.28 %

-------- Training finished in 2:27 --------

Test flag enabled. Testing the model

-------- Loading best model from model_path --------
Loaded model bert-medium from date 20-04-2024 00:45. Trained with Centralised Machine Learning technology.
Epoch 2, lr: 6e-05, optimizer: AdamW
Train accuracy: 93.62 %, Validation accuracy: 93.28 %
-------- Best model loaded --------

-------- Creating Test Dataloader --------
Test Loader: 650 total sentences. 82 batches of size 8.
-------- Test Dataloader created --------

-------- Testing --------
Predictions - 1s: 268, 0s: 382
True Labels - 1s: 268, 0s: 382
Nº of test samples: 650
Accuracy: 93.54%
Accuracy 2 : 93.54%
Precision: 93.33%
Recall: 93.33%
F1 Score: 93.33%
Classification report:
              precision    recall  f1-score   support

           0     0.9450    0.9450    0.9450       382
           1     0.9216    0.9216    0.9216       268

    accuracy                         0.9354       650
   macro avg     0.9333    0.9333    0.9333       650
weighted avg     0.9354    0.9354    0.9354       650

-------- Testing finished --------
