Current configuration:
{
    "concurrency_flag": true,
    "data_distribution": "iid",
    "dataset": "acl_dep_sad",
    "device": "cuda",
    "dp_delta": 0.003,
    "dp_epsilon": 0.0,
    "eval_batch_size": 4,
    "eval_flag": true,
    "eval_size": 0.2,
    "fed_alg": "fedavg",
    "layers": 3,
    "learning_rate": 6e-05,
    "max_length": 512,
    "ml_mode": "ml",
    "model": "bert_mini",
    "model_name": "ml_mini_seed10_acl_dep_sad",
    "models_path": "/local/vpaloma/fabric-federated-learning/ablation_study/phase-4/final/accs-times/acl_dep_sad/",
    "mu": 0.5,
    "num_clients": 5,
    "num_epochs": 12,
    "num_rounds": 4,
    "optimizer": "AdamW",
    "progress_bar_flag": false,
    "save_model": true,
    "scheduler": "linear",
    "scheduler_warmup_steps": 0,
    "seed": "random",
    "test_flag": true,
    "train_batch_size": 4,
    "train_size": 0.8
}
-------- Configuration loaded --------

-------- Setting device --------
cuda device selected and available.
-------- Device set --------

-------- Setting seed --------
seed set:  41027
-------- Seed set --------

-------- Creating Model --------
-------- Model created --------

-------- Setting Trainable Layers --------
Training the last 3 layers.

Total parameters count: 11171074
Trainable parameters count: 856066
-------- Trainable Layers set --------

-------- Creating Tokenizer --------
-------- Tokenizer created --------

-------- Creating Train and Eval Dataloaders --------
Train Loader: 2085 total sentences. 522 batches of size 4.
Eval Loader: 521 total sentences. 131 batches of size 4.
-------- Train and Eval Dataloaders created --------

-------- Creating Optimizer --------
-------- Optimizer created --------

-------- Creating Scheduler --------
-------- Scheduler created --------

-------- Training --------
Training with Centralised Machine Learning technology.
Training without differential privacy.
Concurrency flag is set to True, but ml mode is selected. Concurrency flag will be ignored.
Epoch [1/12], Step [100/522], Loss: 0.6038, Accuracy: 71.75 %
Epoch [1/12], Step [200/522], Loss: 0.5074, Accuracy: 78.25 %
Epoch [1/12], Step [300/522], Loss: 0.4422, Accuracy: 81.67 %
Epoch [1/12], Step [400/522], Loss: 0.4141, Accuracy: 83.12 %
Epoch [1/12], Step [500/522], Loss: 0.3905, Accuracy: 84.20 %
Predictions - 1s: 789, 0s: 1296
True Labels - 1s: 861, 0s: 1224
-------------------------------
Epoch [1/12] Loss: 0.3875, Accuracy: 84.27 %
-------------------------------
-------- Validation --------
Predictions - 1s: 206, 0s: 315
True Labels - 1s: 213, 0s: 308
Validation Loss: 0.2422, Validation Accuracy: 91.36 %
-------- Validation finished --------
Updated best model in epoch 1 saved with Validation Loss: 0.2422 and Validation Accuracy: 91.36 %
-------------------------------
Epoch [2/12], Step [100/522], Loss: 0.2612, Accuracy: 90.00 %
Epoch [2/12], Step [200/522], Loss: 0.2829, Accuracy: 89.12 %
Epoch [2/12], Step [300/522], Loss: 0.2760, Accuracy: 89.17 %
Epoch [2/12], Step [400/522], Loss: 0.2580, Accuracy: 89.94 %
Epoch [2/12], Step [500/522], Loss: 0.2469, Accuracy: 90.25 %
Predictions - 1s: 887, 0s: 1198
True Labels - 1s: 861, 0s: 1224
-------------------------------
Epoch [2/12] Loss: 0.2439, Accuracy: 90.41 %
-------------------------------
-------- Validation --------
Predictions - 1s: 198, 0s: 323
True Labels - 1s: 213, 0s: 308
Validation Loss: 0.2266, Validation Accuracy: 91.36 %
-------- Validation finished --------
Updated best model in epoch 2 saved with Validation Loss: 0.2266 and Validation Accuracy: 91.36 %
-------------------------------
Epoch [3/12], Step [100/522], Loss: 0.1599, Accuracy: 94.00 %
Epoch [3/12], Step [200/522], Loss: 0.2019, Accuracy: 92.50 %
Epoch [3/12], Step [300/522], Loss: 0.1982, Accuracy: 92.67 %
Epoch [3/12], Step [400/522], Loss: 0.1931, Accuracy: 92.69 %
Epoch [3/12], Step [500/522], Loss: 0.2023, Accuracy: 92.40 %
Predictions - 1s: 876, 0s: 1209
True Labels - 1s: 861, 0s: 1224
-------------------------------
Epoch [3/12] Loss: 0.1998, Accuracy: 92.47 %
-------------------------------
-------- Validation --------
Predictions - 1s: 194, 0s: 327
True Labels - 1s: 213, 0s: 308
Validation Loss: 0.1985, Validation Accuracy: 92.51 %
-------- Validation finished --------
Updated best model in epoch 3 saved with Validation Loss: 0.1985 and Validation Accuracy: 92.51 %
-------------------------------
Epoch [4/12], Step [100/522], Loss: 0.2060, Accuracy: 90.75 %
Epoch [4/12], Step [200/522], Loss: 0.1879, Accuracy: 91.88 %
Epoch [4/12], Step [300/522], Loss: 0.1800, Accuracy: 92.42 %
Epoch [4/12], Step [400/522], Loss: 0.1886, Accuracy: 92.00 %
Epoch [4/12], Step [500/522], Loss: 0.1846, Accuracy: 92.15 %
Predictions - 1s: 872, 0s: 1213
True Labels - 1s: 861, 0s: 1224
-------------------------------
Epoch [4/12] Loss: 0.1842, Accuracy: 92.18 %
-------------------------------
-------- Validation --------
Predictions - 1s: 207, 0s: 314
True Labels - 1s: 213, 0s: 308
Validation Loss: 0.1782, Validation Accuracy: 92.71 %
-------- Validation finished --------
Updated best model in epoch 4 saved with Validation Loss: 0.1782 and Validation Accuracy: 92.71 %
-------------------------------
Epoch [5/12], Step [100/522], Loss: 0.1590, Accuracy: 94.25 %
Epoch [5/12], Step [200/522], Loss: 0.1710, Accuracy: 93.62 %
Epoch [5/12], Step [300/522], Loss: 0.1678, Accuracy: 93.58 %
Epoch [5/12], Step [400/522], Loss: 0.1608, Accuracy: 94.06 %
Epoch [5/12], Step [500/522], Loss: 0.1606, Accuracy: 93.80 %
Predictions - 1s: 868, 0s: 1217
True Labels - 1s: 861, 0s: 1224
-------------------------------
Epoch [5/12] Loss: 0.1619, Accuracy: 93.72 %
-------------------------------
-------- Validation --------
Predictions - 1s: 208, 0s: 313
True Labels - 1s: 213, 0s: 308
Validation Loss: 0.1886, Validation Accuracy: 93.28 %
-------- Validation finished --------
Epoch [6/12], Step [100/522], Loss: 0.1782, Accuracy: 93.25 %
Epoch [6/12], Step [200/522], Loss: 0.1583, Accuracy: 93.75 %
Epoch [6/12], Step [300/522], Loss: 0.1476, Accuracy: 94.42 %
Epoch [6/12], Step [400/522], Loss: 0.1513, Accuracy: 93.94 %
Epoch [6/12], Step [500/522], Loss: 0.1459, Accuracy: 94.20 %
Predictions - 1s: 862, 0s: 1223
True Labels - 1s: 861, 0s: 1224
-------------------------------
Epoch [6/12] Loss: 0.1480, Accuracy: 94.20 %
-------------------------------
-------- Validation --------
Predictions - 1s: 205, 0s: 316
True Labels - 1s: 213, 0s: 308
Validation Loss: 0.1797, Validation Accuracy: 93.86 %
-------- Validation finished --------
Epoch [7/12], Step [100/522], Loss: 0.1474, Accuracy: 93.75 %
Epoch [7/12], Step [200/522], Loss: 0.1320, Accuracy: 94.88 %
Epoch [7/12], Step [300/522], Loss: 0.1274, Accuracy: 95.33 %
Epoch [7/12], Step [400/522], Loss: 0.1283, Accuracy: 95.06 %
Epoch [7/12], Step [500/522], Loss: 0.1347, Accuracy: 94.75 %
Predictions - 1s: 869, 0s: 1216
True Labels - 1s: 861, 0s: 1224
-------------------------------
Epoch [7/12] Loss: 0.1348, Accuracy: 94.72 %
-------------------------------
-------- Validation --------
Predictions - 1s: 205, 0s: 316
True Labels - 1s: 213, 0s: 308
Validation Loss: 0.1780, Validation Accuracy: 93.47 %
-------- Validation finished --------
Updated best model in epoch 7 saved with Validation Loss: 0.1780 and Validation Accuracy: 93.47 %
-------------------------------
Epoch [8/12], Step [100/522], Loss: 0.1128, Accuracy: 96.00 %
Epoch [8/12], Step [200/522], Loss: 0.1352, Accuracy: 94.50 %
Epoch [8/12], Step [300/522], Loss: 0.1271, Accuracy: 94.75 %
Epoch [8/12], Step [400/522], Loss: 0.1201, Accuracy: 95.38 %
Epoch [8/12], Step [500/522], Loss: 0.1247, Accuracy: 95.15 %
Predictions - 1s: 869, 0s: 1216
True Labels - 1s: 861, 0s: 1224
-------------------------------
Epoch [8/12] Loss: 0.1224, Accuracy: 95.30 %
-------------------------------
-------- Validation --------
Predictions - 1s: 210, 0s: 311
True Labels - 1s: 213, 0s: 308
Validation Loss: 0.1674, Validation Accuracy: 93.67 %
-------- Validation finished --------
Updated best model in epoch 8 saved with Validation Loss: 0.1674 and Validation Accuracy: 93.67 %
-------------------------------
Epoch [9/12], Step [100/522], Loss: 0.1282, Accuracy: 95.00 %
Epoch [9/12], Step [200/522], Loss: 0.1391, Accuracy: 95.12 %
Epoch [9/12], Step [300/522], Loss: 0.1318, Accuracy: 95.42 %
Epoch [9/12], Step [400/522], Loss: 0.1290, Accuracy: 95.56 %
Epoch [9/12], Step [500/522], Loss: 0.1286, Accuracy: 95.50 %
Predictions - 1s: 867, 0s: 1218
True Labels - 1s: 861, 0s: 1224
-------------------------------
Epoch [9/12] Loss: 0.1260, Accuracy: 95.59 %
-------------------------------
-------- Validation --------
Predictions - 1s: 213, 0s: 308
True Labels - 1s: 213, 0s: 308
Validation Loss: 0.1637, Validation Accuracy: 94.24 %
-------- Validation finished --------
Updated best model in epoch 9 saved with Validation Loss: 0.1637 and Validation Accuracy: 94.24 %
-------------------------------
Epoch [10/12], Step [100/522], Loss: 0.1174, Accuracy: 95.25 %
Epoch [10/12], Step [200/522], Loss: 0.0974, Accuracy: 96.00 %
Epoch [10/12], Step [300/522], Loss: 0.0994, Accuracy: 96.42 %
Epoch [10/12], Step [400/522], Loss: 0.1013, Accuracy: 96.38 %
Epoch [10/12], Step [500/522], Loss: 0.1028, Accuracy: 96.20 %
Predictions - 1s: 863, 0s: 1222
True Labels - 1s: 861, 0s: 1224
-------------------------------
Epoch [10/12] Loss: 0.1024, Accuracy: 96.26 %
-------------------------------
-------- Validation --------
Predictions - 1s: 212, 0s: 309
True Labels - 1s: 213, 0s: 308
Validation Loss: 0.1676, Validation Accuracy: 94.05 %
-------- Validation finished --------
Epoch [11/12], Step [100/522], Loss: 0.0789, Accuracy: 96.75 %
Epoch [11/12], Step [200/522], Loss: 0.0833, Accuracy: 96.88 %
Epoch [11/12], Step [300/522], Loss: 0.0903, Accuracy: 96.58 %
Epoch [11/12], Step [400/522], Loss: 0.0962, Accuracy: 96.06 %
Epoch [11/12], Step [500/522], Loss: 0.1035, Accuracy: 95.75 %
Predictions - 1s: 874, 0s: 1211
True Labels - 1s: 861, 0s: 1224
-------------------------------
Epoch [11/12] Loss: 0.1039, Accuracy: 95.73 %
-------------------------------
-------- Validation --------
Predictions - 1s: 208, 0s: 313
True Labels - 1s: 213, 0s: 308
Validation Loss: 0.1669, Validation Accuracy: 94.05 %
-------- Validation finished --------
Epoch [12/12], Step [100/522], Loss: 0.1172, Accuracy: 95.50 %
Epoch [12/12], Step [200/522], Loss: 0.1087, Accuracy: 96.00 %
Epoch [12/12], Step [300/522], Loss: 0.1070, Accuracy: 96.33 %
Epoch [12/12], Step [400/522], Loss: 0.1006, Accuracy: 96.56 %
Epoch [12/12], Step [500/522], Loss: 0.0986, Accuracy: 96.65 %
Predictions - 1s: 857, 0s: 1228
True Labels - 1s: 861, 0s: 1224
-------------------------------
Epoch [12/12] Loss: 0.0981, Accuracy: 96.64 %
-------------------------------
-------- Validation --------
Predictions - 1s: 209, 0s: 312
True Labels - 1s: 213, 0s: 308
Validation Loss: 0.1654, Validation Accuracy: 94.24 %
-------- Validation finished --------
Best model in epoch 9 saved with with Validation Loss: 0.1637 and Validation Accuracy: 94.24 %

-------- Training finished in 0:59 --------

Test flag enabled. Testing the model

-------- Loading best model from model_path --------
Loaded model bert-mini from date 20-04-2024 02:50. Trained with Centralised Machine Learning technology.
Epoch 9, lr: 6e-05, optimizer: AdamW
Train accuracy: 95.59 %, Validation accuracy: 94.24 %
-------- Best model loaded --------

-------- Creating Test Dataloader --------
Test Loader: 650 total sentences. 82 batches of size 8.
-------- Test Dataloader created --------

-------- Testing --------
Predictions - 1s: 268, 0s: 382
True Labels - 1s: 268, 0s: 382
Nº of test samples: 650
Accuracy: 93.23%
Accuracy 2 : 93.23%
Precision: 93.02%
Recall: 93.02%
F1 Score: 93.02%
Classification report:
              precision    recall  f1-score   support

           0     0.9424    0.9424    0.9424       382
           1     0.9179    0.9179    0.9179       268

    accuracy                         0.9323       650
   macro avg     0.9302    0.9302    0.9302       650
weighted avg     0.9323    0.9323    0.9323       650

-------- Testing finished --------
