Current configuration:
{
    "concurrency_flag": true,
    "data_distribution": "iid",
    "dataset": "acl_dep_sad",
    "device": "cuda",
    "dp_delta": 0.003,
    "dp_epsilon": 0.0,
    "eval_batch_size": 4,
    "eval_flag": true,
    "eval_size": 0.2,
    "fed_alg": "fedavg",
    "layers": 3,
    "learning_rate": 6e-05,
    "max_length": 512,
    "ml_mode": "ml",
    "model": "bert_medium",
    "model_name": "ml_medium_seed9_acl_dep_sad",
    "models_path": "/local/vpaloma/fabric-federated-learning/ablation_study/phase-4/final/accs-times/acl_dep_sad/",
    "mu": 0.5,
    "num_clients": 5,
    "num_epochs": 12,
    "num_rounds": 4,
    "optimizer": "AdamW",
    "progress_bar_flag": false,
    "save_model": true,
    "scheduler": "linear",
    "scheduler_warmup_steps": 0,
    "seed": "random",
    "test_flag": true,
    "train_batch_size": 4,
    "train_size": 0.8
}
-------- Configuration loaded --------

-------- Setting device --------
cuda device selected and available.
-------- Device set --------

-------- Setting seed --------
seed set:  1966
-------- Seed set --------

-------- Creating Model --------
-------- Model created --------

-------- Setting Trainable Layers --------
Training the last 3 layers.

Total parameters count: 41374210
Trainable parameters count: 3416066
-------- Trainable Layers set --------

-------- Creating Tokenizer --------
-------- Tokenizer created --------

-------- Creating Train and Eval Dataloaders --------
Train Loader: 2085 total sentences. 522 batches of size 4.
Eval Loader: 521 total sentences. 131 batches of size 4.
-------- Train and Eval Dataloaders created --------

-------- Creating Optimizer --------
-------- Optimizer created --------

-------- Creating Scheduler --------
-------- Scheduler created --------

-------- Training --------
Training with Centralised Machine Learning technology.
Training without differential privacy.
Concurrency flag is set to True, but ml mode is selected. Concurrency flag will be ignored.
Epoch [1/12], Step [100/522], Loss: 0.4778, Accuracy: 76.25 %
Epoch [1/12], Step [200/522], Loss: 0.3761, Accuracy: 82.38 %
Epoch [1/12], Step [300/522], Loss: 0.3472, Accuracy: 83.75 %
Epoch [1/12], Step [400/522], Loss: 0.3296, Accuracy: 84.94 %
Epoch [1/12], Step [500/522], Loss: 0.3128, Accuracy: 85.95 %
Predictions - 1s: 828, 0s: 1257
True Labels - 1s: 860, 0s: 1225
-------------------------------
Epoch [1/12] Loss: 0.3147, Accuracy: 85.90 %
-------------------------------
-------- Validation --------
Predictions - 1s: 181, 0s: 340
True Labels - 1s: 214, 0s: 307
Validation Loss: 0.2610, Validation Accuracy: 90.21 %
-------- Validation finished --------
Updated best model in epoch 1 saved with Validation Loss: 0.2610 and Validation Accuracy: 90.21 %
-------------------------------
Epoch [2/12], Step [100/522], Loss: 0.1855, Accuracy: 92.75 %
Epoch [2/12], Step [200/522], Loss: 0.1702, Accuracy: 92.88 %
Epoch [2/12], Step [300/522], Loss: 0.1866, Accuracy: 92.42 %
Epoch [2/12], Step [400/522], Loss: 0.1807, Accuracy: 92.88 %
Epoch [2/12], Step [500/522], Loss: 0.1827, Accuracy: 92.55 %
Predictions - 1s: 872, 0s: 1213
True Labels - 1s: 860, 0s: 1225
-------------------------------
Epoch [2/12] Loss: 0.1824, Accuracy: 92.61 %
-------------------------------
-------- Validation --------
Predictions - 1s: 187, 0s: 334
True Labels - 1s: 214, 0s: 307
Validation Loss: 0.2324, Validation Accuracy: 91.36 %
-------- Validation finished --------
Updated best model in epoch 2 saved with Validation Loss: 0.2324 and Validation Accuracy: 91.36 %
-------------------------------
Epoch [3/12], Step [100/522], Loss: 0.1243, Accuracy: 96.25 %
Epoch [3/12], Step [200/522], Loss: 0.1181, Accuracy: 95.75 %
Epoch [3/12], Step [300/522], Loss: 0.1172, Accuracy: 95.92 %
Epoch [3/12], Step [400/522], Loss: 0.1191, Accuracy: 96.00 %
Epoch [3/12], Step [500/522], Loss: 0.1176, Accuracy: 95.85 %
Predictions - 1s: 870, 0s: 1215
True Labels - 1s: 860, 0s: 1225
-------------------------------
Epoch [3/12] Loss: 0.1165, Accuracy: 95.88 %
-------------------------------
-------- Validation --------
Predictions - 1s: 210, 0s: 311
True Labels - 1s: 214, 0s: 307
Validation Loss: 0.2048, Validation Accuracy: 92.71 %
-------- Validation finished --------
Updated best model in epoch 3 saved with Validation Loss: 0.2048 and Validation Accuracy: 92.71 %
-------------------------------
Epoch [4/12], Step [100/522], Loss: 0.0710, Accuracy: 97.50 %
Epoch [4/12], Step [200/522], Loss: 0.0905, Accuracy: 96.62 %
Epoch [4/12], Step [300/522], Loss: 0.0896, Accuracy: 96.75 %
Epoch [4/12], Step [400/522], Loss: 0.0880, Accuracy: 96.75 %
Epoch [4/12], Step [500/522], Loss: 0.0943, Accuracy: 96.50 %
Predictions - 1s: 862, 0s: 1223
True Labels - 1s: 860, 0s: 1225
-------------------------------
Epoch [4/12] Loss: 0.0978, Accuracy: 96.45 %
-------------------------------
-------- Validation --------
Predictions - 1s: 207, 0s: 314
True Labels - 1s: 214, 0s: 307
Validation Loss: 0.2036, Validation Accuracy: 92.51 %
-------- Validation finished --------
Updated best model in epoch 4 saved with Validation Loss: 0.2036 and Validation Accuracy: 92.51 %
-------------------------------
Epoch [5/12], Step [100/522], Loss: 0.0469, Accuracy: 98.75 %
Epoch [5/12], Step [200/522], Loss: 0.0594, Accuracy: 98.75 %
Epoch [5/12], Step [300/522], Loss: 0.0627, Accuracy: 98.25 %
Epoch [5/12], Step [400/522], Loss: 0.0605, Accuracy: 98.12 %
Epoch [5/12], Step [500/522], Loss: 0.0584, Accuracy: 98.10 %
Predictions - 1s: 860, 0s: 1225
True Labels - 1s: 860, 0s: 1225
-------------------------------
Epoch [5/12] Loss: 0.0567, Accuracy: 98.18 %
-------------------------------
-------- Validation --------
Predictions - 1s: 213, 0s: 308
True Labels - 1s: 214, 0s: 307
Validation Loss: 0.2441, Validation Accuracy: 92.51 %
-------- Validation finished --------
Epoch [6/12], Step [100/522], Loss: 0.0403, Accuracy: 99.25 %
Epoch [6/12], Step [200/522], Loss: 0.0475, Accuracy: 98.62 %
Epoch [6/12], Step [300/522], Loss: 0.0477, Accuracy: 98.33 %
Epoch [6/12], Step [400/522], Loss: 0.0428, Accuracy: 98.50 %
Epoch [6/12], Step [500/522], Loss: 0.0452, Accuracy: 98.40 %
Predictions - 1s: 857, 0s: 1228
True Labels - 1s: 860, 0s: 1225
-------------------------------
Epoch [6/12] Loss: 0.0449, Accuracy: 98.42 %
-------------------------------
-------- Validation --------
Predictions - 1s: 223, 0s: 298
True Labels - 1s: 214, 0s: 307
Validation Loss: 0.2640, Validation Accuracy: 93.28 %
-------- Validation finished --------
Epoch [7/12], Step [100/522], Loss: 0.0418, Accuracy: 98.75 %
Epoch [7/12], Step [200/522], Loss: 0.0378, Accuracy: 98.75 %
Epoch [7/12], Step [300/522], Loss: 0.0306, Accuracy: 99.08 %
Epoch [7/12], Step [400/522], Loss: 0.0271, Accuracy: 99.19 %
Epoch [7/12], Step [500/522], Loss: 0.0259, Accuracy: 99.20 %
Predictions - 1s: 859, 0s: 1226
True Labels - 1s: 860, 0s: 1225
-------------------------------
Epoch [7/12] Loss: 0.0279, Accuracy: 99.09 %
-------------------------------
-------- Validation --------
Predictions - 1s: 211, 0s: 310
True Labels - 1s: 214, 0s: 307
Validation Loss: 0.3123, Validation Accuracy: 92.90 %
-------- Validation finished --------
Epoch [8/12], Step [100/522], Loss: 0.0322, Accuracy: 98.75 %
Epoch [8/12], Step [200/522], Loss: 0.0268, Accuracy: 99.00 %
Epoch [8/12], Step [300/522], Loss: 0.0221, Accuracy: 99.17 %
Epoch [8/12], Step [400/522], Loss: 0.0227, Accuracy: 99.06 %
Epoch [8/12], Step [500/522], Loss: 0.0218, Accuracy: 99.15 %
Predictions - 1s: 860, 0s: 1225
True Labels - 1s: 860, 0s: 1225
-------------------------------
Epoch [8/12] Loss: 0.0231, Accuracy: 99.14 %
-------------------------------
-------- Validation --------
Predictions - 1s: 218, 0s: 303
True Labels - 1s: 214, 0s: 307
Validation Loss: 0.2980, Validation Accuracy: 92.32 %
-------- Validation finished --------
Epoch [9/12], Step [100/522], Loss: 0.0157, Accuracy: 99.50 %
Epoch [9/12], Step [200/522], Loss: 0.0171, Accuracy: 99.62 %
Epoch [9/12], Step [300/522], Loss: 0.0228, Accuracy: 99.33 %
Epoch [9/12], Step [400/522], Loss: 0.0198, Accuracy: 99.44 %
Epoch [9/12], Step [500/522], Loss: 0.0170, Accuracy: 99.55 %
Predictions - 1s: 858, 0s: 1227
True Labels - 1s: 860, 0s: 1225
-------------------------------
Epoch [9/12] Loss: 0.0173, Accuracy: 99.52 %
-------------------------------
-------- Validation --------
Predictions - 1s: 224, 0s: 297
True Labels - 1s: 214, 0s: 307
Validation Loss: 0.3447, Validation Accuracy: 92.71 %
-------- Validation finished --------
Epoch [10/12], Step [100/522], Loss: 0.0167, Accuracy: 99.50 %
Epoch [10/12], Step [200/522], Loss: 0.0240, Accuracy: 99.38 %
Epoch [10/12], Step [300/522], Loss: 0.0233, Accuracy: 99.33 %
Epoch [10/12], Step [400/522], Loss: 0.0197, Accuracy: 99.44 %
Epoch [10/12], Step [500/522], Loss: 0.0168, Accuracy: 99.55 %
Predictions - 1s: 856, 0s: 1229
True Labels - 1s: 860, 0s: 1225
-------------------------------
Epoch [10/12] Loss: 0.0169, Accuracy: 99.52 %
-------------------------------
-------- Validation --------
Predictions - 1s: 219, 0s: 302
True Labels - 1s: 214, 0s: 307
Validation Loss: 0.3583, Validation Accuracy: 93.28 %
-------- Validation finished --------
Epoch [11/12], Step [100/522], Loss: 0.0067, Accuracy: 100.00 %
Epoch [11/12], Step [200/522], Loss: 0.0154, Accuracy: 99.75 %
Epoch [11/12], Step [300/522], Loss: 0.0144, Accuracy: 99.75 %
Epoch [11/12], Step [400/522], Loss: 0.0138, Accuracy: 99.62 %
Epoch [11/12], Step [500/522], Loss: 0.0125, Accuracy: 99.65 %
Predictions - 1s: 857, 0s: 1228
True Labels - 1s: 860, 0s: 1225
-------------------------------
Epoch [11/12] Loss: 0.0120, Accuracy: 99.66 %
-------------------------------
-------- Validation --------
Predictions - 1s: 220, 0s: 301
True Labels - 1s: 214, 0s: 307
Validation Loss: 0.3515, Validation Accuracy: 93.09 %
-------- Validation finished --------
Epoch [12/12], Step [100/522], Loss: 0.0047, Accuracy: 100.00 %
Epoch [12/12], Step [200/522], Loss: 0.0055, Accuracy: 100.00 %
Epoch [12/12], Step [300/522], Loss: 0.0058, Accuracy: 99.92 %
Epoch [12/12], Step [400/522], Loss: 0.0055, Accuracy: 99.94 %
Epoch [12/12], Step [500/522], Loss: 0.0064, Accuracy: 99.85 %
Predictions - 1s: 857, 0s: 1228
True Labels - 1s: 860, 0s: 1225
-------------------------------
Epoch [12/12] Loss: 0.0064, Accuracy: 99.86 %
-------------------------------
-------- Validation --------
Predictions - 1s: 220, 0s: 301
True Labels - 1s: 214, 0s: 307
Validation Loss: 0.3589, Validation Accuracy: 93.09 %
-------- Validation finished --------
Best model in epoch 4 saved with with Validation Loss: 0.2036 and Validation Accuracy: 92.51 %

-------- Training finished in 2:28 --------

Test flag enabled. Testing the model

-------- Loading best model from model_path --------
Loaded model bert-medium from date 20-04-2024 01:18. Trained with Centralised Machine Learning technology.
Epoch 4, lr: 6e-05, optimizer: AdamW
Train accuracy: 96.45 %, Validation accuracy: 92.51 %
-------- Best model loaded --------

-------- Creating Test Dataloader --------
Test Loader: 650 total sentences. 82 batches of size 8.
-------- Test Dataloader created --------

-------- Testing --------
Predictions - 1s: 254, 0s: 396
True Labels - 1s: 268, 0s: 382
Nº of test samples: 650
Accuracy: 93.54%
Accuracy 2 : 93.54%
Precision: 93.71%
Recall: 92.94%
F1 Score: 93.28%
Classification report:
              precision    recall  f1-score   support

           0     0.9293    0.9634    0.9460       382
           1     0.9449    0.8955    0.9195       268

    accuracy                         0.9354       650
   macro avg     0.9371    0.9294    0.9328       650
weighted avg     0.9357    0.9354    0.9351       650

-------- Testing finished --------
