Current configuration:
{
    "concurrency_flag": true,
    "data_distribution": "iid",
    "dataset": "acl_dep_sad",
    "device": "cuda",
    "dp_delta": 0.003,
    "dp_epsilon": 0.0,
    "eval_batch_size": 4,
    "eval_flag": true,
    "eval_size": 0.2,
    "fed_alg": "fedavg",
    "layers": 3,
    "learning_rate": 6e-05,
    "max_length": 512,
    "ml_mode": "ml",
    "model": "bert_mini",
    "model_name": "ml_mini_seed7_acl_dep_sad",
    "models_path": "/local/vpaloma/fabric-federated-learning/ablation_study/phase-4/final/accs-times/acl_dep_sad/",
    "mu": 0.5,
    "num_clients": 5,
    "num_epochs": 12,
    "num_rounds": 4,
    "optimizer": "AdamW",
    "progress_bar_flag": false,
    "save_model": true,
    "scheduler": "linear",
    "scheduler_warmup_steps": 0,
    "seed": "random",
    "test_flag": true,
    "train_batch_size": 4,
    "train_size": 0.8
}
-------- Configuration loaded --------

-------- Setting device --------
cuda device selected and available.
-------- Device set --------

-------- Setting seed --------
seed set:  462525
-------- Seed set --------

-------- Creating Model --------
-------- Model created --------

-------- Setting Trainable Layers --------
Training the last 3 layers.

Total parameters count: 11171074
Trainable parameters count: 856066
-------- Trainable Layers set --------

-------- Creating Tokenizer --------
-------- Tokenizer created --------

-------- Creating Train and Eval Dataloaders --------
Train Loader: 2085 total sentences. 522 batches of size 4.
Eval Loader: 521 total sentences. 131 batches of size 4.
-------- Train and Eval Dataloaders created --------

-------- Creating Optimizer --------
-------- Optimizer created --------

-------- Creating Scheduler --------
-------- Scheduler created --------

-------- Training --------
Training with Centralised Machine Learning technology.
Training without differential privacy.
Concurrency flag is set to True, but ml mode is selected. Concurrency flag will be ignored.
Epoch [1/12], Step [100/522], Loss: 0.6221, Accuracy: 67.75 %
Epoch [1/12], Step [200/522], Loss: 0.5441, Accuracy: 73.62 %
Epoch [1/12], Step [300/522], Loss: 0.4803, Accuracy: 77.50 %
Epoch [1/12], Step [400/522], Loss: 0.4373, Accuracy: 79.88 %
Epoch [1/12], Step [500/522], Loss: 0.4114, Accuracy: 81.20 %
Predictions - 1s: 768, 0s: 1317
True Labels - 1s: 863, 0s: 1222
-------------------------------
Epoch [1/12] Loss: 0.4041, Accuracy: 81.63 %
-------------------------------
-------- Validation --------
Predictions - 1s: 195, 0s: 326
True Labels - 1s: 211, 0s: 310
Validation Loss: 0.2201, Validation Accuracy: 92.32 %
-------- Validation finished --------
Updated best model in epoch 1 saved with Validation Loss: 0.2201 and Validation Accuracy: 92.32 %
-------------------------------
Epoch [2/12], Step [100/522], Loss: 0.2523, Accuracy: 90.50 %
Epoch [2/12], Step [200/522], Loss: 0.2449, Accuracy: 90.50 %
Epoch [2/12], Step [300/522], Loss: 0.2565, Accuracy: 90.25 %
Epoch [2/12], Step [400/522], Loss: 0.2545, Accuracy: 90.12 %
Epoch [2/12], Step [500/522], Loss: 0.2470, Accuracy: 90.50 %
Predictions - 1s: 884, 0s: 1201
True Labels - 1s: 863, 0s: 1222
-------------------------------
Epoch [2/12] Loss: 0.2435, Accuracy: 90.65 %
-------------------------------
-------- Validation --------
Predictions - 1s: 228, 0s: 293
True Labels - 1s: 211, 0s: 310
Validation Loss: 0.1859, Validation Accuracy: 92.90 %
-------- Validation finished --------
Updated best model in epoch 2 saved with Validation Loss: 0.1859 and Validation Accuracy: 92.90 %
-------------------------------
Epoch [3/12], Step [100/522], Loss: 0.2052, Accuracy: 91.50 %
Epoch [3/12], Step [200/522], Loss: 0.2258, Accuracy: 91.12 %
Epoch [3/12], Step [300/522], Loss: 0.2186, Accuracy: 91.08 %
Epoch [3/12], Step [400/522], Loss: 0.2142, Accuracy: 91.44 %
Epoch [3/12], Step [500/522], Loss: 0.2147, Accuracy: 91.60 %
Predictions - 1s: 885, 0s: 1200
True Labels - 1s: 863, 0s: 1222
-------------------------------
Epoch [3/12] Loss: 0.2133, Accuracy: 91.56 %
-------------------------------
-------- Validation --------
Predictions - 1s: 200, 0s: 321
True Labels - 1s: 211, 0s: 310
Validation Loss: 0.2026, Validation Accuracy: 92.51 %
-------- Validation finished --------
Epoch [4/12], Step [100/522], Loss: 0.1886, Accuracy: 92.75 %
Epoch [4/12], Step [200/522], Loss: 0.1871, Accuracy: 92.88 %
Epoch [4/12], Step [300/522], Loss: 0.1805, Accuracy: 93.25 %
Epoch [4/12], Step [400/522], Loss: 0.1888, Accuracy: 92.88 %
Epoch [4/12], Step [500/522], Loss: 0.1802, Accuracy: 93.35 %
Predictions - 1s: 885, 0s: 1200
True Labels - 1s: 863, 0s: 1222
-------------------------------
Epoch [4/12] Loss: 0.1842, Accuracy: 93.29 %
-------------------------------
-------- Validation --------
Predictions - 1s: 201, 0s: 320
True Labels - 1s: 211, 0s: 310
Validation Loss: 0.1908, Validation Accuracy: 92.71 %
-------- Validation finished --------
Epoch [5/12], Step [100/522], Loss: 0.1866, Accuracy: 92.25 %
Epoch [5/12], Step [200/522], Loss: 0.1766, Accuracy: 93.25 %
Epoch [5/12], Step [300/522], Loss: 0.1657, Accuracy: 93.58 %
Epoch [5/12], Step [400/522], Loss: 0.1648, Accuracy: 93.75 %
Epoch [5/12], Step [500/522], Loss: 0.1650, Accuracy: 93.70 %
Predictions - 1s: 870, 0s: 1215
True Labels - 1s: 863, 0s: 1222
-------------------------------
Epoch [5/12] Loss: 0.1692, Accuracy: 93.43 %
-------------------------------
-------- Validation --------
Predictions - 1s: 214, 0s: 307
True Labels - 1s: 211, 0s: 310
Validation Loss: 0.1659, Validation Accuracy: 94.05 %
-------- Validation finished --------
Updated best model in epoch 5 saved with Validation Loss: 0.1659 and Validation Accuracy: 94.05 %
-------------------------------
Epoch [6/12], Step [100/522], Loss: 0.1775, Accuracy: 92.75 %
Epoch [6/12], Step [200/522], Loss: 0.1726, Accuracy: 93.75 %
Epoch [6/12], Step [300/522], Loss: 0.1605, Accuracy: 94.50 %
Epoch [6/12], Step [400/522], Loss: 0.1627, Accuracy: 94.19 %
Epoch [6/12], Step [500/522], Loss: 0.1552, Accuracy: 94.20 %
Predictions - 1s: 887, 0s: 1198
True Labels - 1s: 863, 0s: 1222
-------------------------------
Epoch [6/12] Loss: 0.1541, Accuracy: 94.24 %
-------------------------------
-------- Validation --------
Predictions - 1s: 201, 0s: 320
True Labels - 1s: 211, 0s: 310
Validation Loss: 0.2008, Validation Accuracy: 93.47 %
-------- Validation finished --------
Epoch [7/12], Step [100/522], Loss: 0.1044, Accuracy: 95.50 %
Epoch [7/12], Step [200/522], Loss: 0.1236, Accuracy: 95.38 %
Epoch [7/12], Step [300/522], Loss: 0.1295, Accuracy: 95.17 %
Epoch [7/12], Step [400/522], Loss: 0.1396, Accuracy: 94.88 %
Epoch [7/12], Step [500/522], Loss: 0.1354, Accuracy: 94.95 %
Predictions - 1s: 874, 0s: 1211
True Labels - 1s: 863, 0s: 1222
-------------------------------
Epoch [7/12] Loss: 0.1346, Accuracy: 95.06 %
-------------------------------
-------- Validation --------
Predictions - 1s: 198, 0s: 323
True Labels - 1s: 211, 0s: 310
Validation Loss: 0.1947, Validation Accuracy: 92.90 %
-------- Validation finished --------
Epoch [8/12], Step [100/522], Loss: 0.1176, Accuracy: 95.25 %
Epoch [8/12], Step [200/522], Loss: 0.1154, Accuracy: 95.88 %
Epoch [8/12], Step [300/522], Loss: 0.1233, Accuracy: 95.67 %
Epoch [8/12], Step [400/522], Loss: 0.1216, Accuracy: 95.50 %
Epoch [8/12], Step [500/522], Loss: 0.1218, Accuracy: 95.50 %
Predictions - 1s: 876, 0s: 1209
True Labels - 1s: 863, 0s: 1222
-------------------------------
Epoch [8/12] Loss: 0.1212, Accuracy: 95.54 %
-------------------------------
-------- Validation --------
Predictions - 1s: 207, 0s: 314
True Labels - 1s: 211, 0s: 310
Validation Loss: 0.1774, Validation Accuracy: 94.24 %
-------- Validation finished --------
Epoch [9/12], Step [100/522], Loss: 0.1109, Accuracy: 96.75 %
Epoch [9/12], Step [200/522], Loss: 0.1134, Accuracy: 96.88 %
Epoch [9/12], Step [300/522], Loss: 0.1122, Accuracy: 96.50 %
Epoch [9/12], Step [400/522], Loss: 0.1084, Accuracy: 96.75 %
Epoch [9/12], Step [500/522], Loss: 0.1126, Accuracy: 96.40 %
Predictions - 1s: 868, 0s: 1217
True Labels - 1s: 863, 0s: 1222
-------------------------------
Epoch [9/12] Loss: 0.1122, Accuracy: 96.40 %
-------------------------------
-------- Validation --------
Predictions - 1s: 213, 0s: 308
True Labels - 1s: 211, 0s: 310
Validation Loss: 0.1649, Validation Accuracy: 94.63 %
-------- Validation finished --------
Updated best model in epoch 9 saved with Validation Loss: 0.1649 and Validation Accuracy: 94.63 %
-------------------------------
Epoch [10/12], Step [100/522], Loss: 0.1306, Accuracy: 95.00 %
Epoch [10/12], Step [200/522], Loss: 0.1296, Accuracy: 95.00 %
Epoch [10/12], Step [300/522], Loss: 0.1208, Accuracy: 95.50 %
Epoch [10/12], Step [400/522], Loss: 0.1146, Accuracy: 95.62 %
Epoch [10/12], Step [500/522], Loss: 0.1122, Accuracy: 95.75 %
Predictions - 1s: 875, 0s: 1210
True Labels - 1s: 863, 0s: 1222
-------------------------------
Epoch [10/12] Loss: 0.1109, Accuracy: 95.78 %
-------------------------------
-------- Validation --------
Predictions - 1s: 211, 0s: 310
True Labels - 1s: 211, 0s: 310
Validation Loss: 0.1710, Validation Accuracy: 94.63 %
-------- Validation finished --------
Epoch [11/12], Step [100/522], Loss: 0.1436, Accuracy: 95.00 %
Epoch [11/12], Step [200/522], Loss: 0.1320, Accuracy: 95.62 %
Epoch [11/12], Step [300/522], Loss: 0.1141, Accuracy: 96.33 %
Epoch [11/12], Step [400/522], Loss: 0.1088, Accuracy: 96.19 %
Epoch [11/12], Step [500/522], Loss: 0.1107, Accuracy: 96.05 %
Predictions - 1s: 869, 0s: 1216
True Labels - 1s: 863, 0s: 1222
-------------------------------
Epoch [11/12] Loss: 0.1126, Accuracy: 95.97 %
-------------------------------
-------- Validation --------
Predictions - 1s: 206, 0s: 315
True Labels - 1s: 211, 0s: 310
Validation Loss: 0.1764, Validation Accuracy: 94.05 %
-------- Validation finished --------
Epoch [12/12], Step [100/522], Loss: 0.0881, Accuracy: 96.75 %
Epoch [12/12], Step [200/522], Loss: 0.0942, Accuracy: 96.50 %
Epoch [12/12], Step [300/522], Loss: 0.1070, Accuracy: 96.33 %
Epoch [12/12], Step [400/522], Loss: 0.1079, Accuracy: 96.44 %
Epoch [12/12], Step [500/522], Loss: 0.1035, Accuracy: 96.70 %
Predictions - 1s: 857, 0s: 1228
True Labels - 1s: 863, 0s: 1222
-------------------------------
Epoch [12/12] Loss: 0.1035, Accuracy: 96.64 %
-------------------------------
-------- Validation --------
Predictions - 1s: 209, 0s: 312
True Labels - 1s: 211, 0s: 310
Validation Loss: 0.1717, Validation Accuracy: 94.24 %
-------- Validation finished --------
Best model in epoch 9 saved with with Validation Loss: 0.1649 and Validation Accuracy: 94.63 %

-------- Training finished in 1:30 --------

Test flag enabled. Testing the model

-------- Loading best model from model_path --------
Loaded model bert-mini from date 20-04-2024 00:05. Trained with Centralised Machine Learning technology.
Epoch 9, lr: 6e-05, optimizer: AdamW
Train accuracy: 96.40 %, Validation accuracy: 94.63 %
-------- Best model loaded --------

-------- Creating Test Dataloader --------
Test Loader: 650 total sentences. 82 batches of size 8.
-------- Test Dataloader created --------

-------- Testing --------
Predictions - 1s: 271, 0s: 379
True Labels - 1s: 268, 0s: 382
Nº of test samples: 650
Accuracy: 92.46%
Accuracy 2 : 92.46%
Precision: 92.17%
Recall: 92.31%
F1 Score: 92.24%
Classification report:
              precision    recall  f1-score   support

           0     0.9393    0.9319    0.9356       382
           1     0.9041    0.9142    0.9091       268

    accuracy                         0.9246       650
   macro avg     0.9217    0.9231    0.9224       650
weighted avg     0.9248    0.9246    0.9247       650

-------- Testing finished --------
