Current configuration:
{
    "concurrency_flag": true,
    "data_distribution": "iid",
    "dataset": "acl_dep_sad",
    "device": "cuda",
    "dp_delta": 0.003,
    "dp_epsilon": 0.0,
    "eval_batch_size": 4,
    "eval_flag": true,
    "eval_size": 0.2,
    "fed_alg": "fedavg",
    "layers": 3,
    "learning_rate": 6e-05,
    "max_length": 512,
    "ml_mode": "ml",
    "model": "bert_small",
    "model_name": "ml_small_seed2_acl_dep_sad",
    "models_path": "/local/vpaloma/fabric-federated-learning/ablation_study/phase-4/final/accs-times/acl_dep_sad/",
    "mu": 0.5,
    "num_clients": 5,
    "num_epochs": 12,
    "num_rounds": 4,
    "optimizer": "AdamW",
    "progress_bar_flag": false,
    "save_model": true,
    "scheduler": "linear",
    "scheduler_warmup_steps": 0,
    "seed": "random",
    "test_flag": true,
    "train_batch_size": 4,
    "train_size": 0.8
}
-------- Configuration loaded --------

-------- Setting device --------
cuda device selected and available.
-------- Device set --------

-------- Setting seed --------
seed set:  75965
-------- Seed set --------

-------- Creating Model --------
-------- Model created --------

-------- Setting Trainable Layers --------
Training the last 3 layers.

Total parameters count: 28764674
Trainable parameters count: 3416066
-------- Trainable Layers set --------

-------- Creating Tokenizer --------
-------- Tokenizer created --------

-------- Creating Train and Eval Dataloaders --------
Train Loader: 2085 total sentences. 522 batches of size 4.
Eval Loader: 521 total sentences. 131 batches of size 4.
-------- Train and Eval Dataloaders created --------

-------- Creating Optimizer --------
-------- Optimizer created --------

-------- Creating Scheduler --------
-------- Scheduler created --------

-------- Training --------
Training with Centralised Machine Learning technology.
Training without differential privacy.
Concurrency flag is set to True, but ml mode is selected. Concurrency flag will be ignored.
Epoch [1/12], Step [100/522], Loss: 0.4648, Accuracy: 77.25 %
Epoch [1/12], Step [200/522], Loss: 0.3764, Accuracy: 83.38 %
Epoch [1/12], Step [300/522], Loss: 0.3341, Accuracy: 86.17 %
Epoch [1/12], Step [400/522], Loss: 0.3119, Accuracy: 87.38 %
Epoch [1/12], Step [500/522], Loss: 0.2942, Accuracy: 88.10 %
Predictions - 1s: 814, 0s: 1271
True Labels - 1s: 854, 0s: 1231
-------------------------------
Epoch [1/12] Loss: 0.2922, Accuracy: 88.20 %
-------------------------------
-------- Validation --------
Predictions - 1s: 248, 0s: 273
True Labels - 1s: 220, 0s: 301
Validation Loss: 0.2858, Validation Accuracy: 91.94 %
-------- Validation finished --------
Updated best model in epoch 1 saved with Validation Loss: 0.2858 and Validation Accuracy: 91.94 %
-------------------------------
Epoch [2/12], Step [100/522], Loss: 0.2055, Accuracy: 93.00 %
Epoch [2/12], Step [200/522], Loss: 0.1982, Accuracy: 93.25 %
Epoch [2/12], Step [300/522], Loss: 0.2043, Accuracy: 92.50 %
Epoch [2/12], Step [400/522], Loss: 0.1910, Accuracy: 92.69 %
Epoch [2/12], Step [500/522], Loss: 0.1766, Accuracy: 93.35 %
Predictions - 1s: 870, 0s: 1215
True Labels - 1s: 854, 0s: 1231
-------------------------------
Epoch [2/12] Loss: 0.1784, Accuracy: 93.29 %
-------------------------------
-------- Validation --------
Predictions - 1s: 201, 0s: 320
True Labels - 1s: 220, 0s: 301
Validation Loss: 0.2537, Validation Accuracy: 90.98 %
-------- Validation finished --------
Updated best model in epoch 2 saved with Validation Loss: 0.2537 and Validation Accuracy: 90.98 %
-------------------------------
Epoch [3/12], Step [100/522], Loss: 0.1782, Accuracy: 94.00 %
Epoch [3/12], Step [200/522], Loss: 0.1540, Accuracy: 94.75 %
Epoch [3/12], Step [300/522], Loss: 0.1384, Accuracy: 95.08 %
Epoch [3/12], Step [400/522], Loss: 0.1304, Accuracy: 95.44 %
Epoch [3/12], Step [500/522], Loss: 0.1391, Accuracy: 95.20 %
Predictions - 1s: 870, 0s: 1215
True Labels - 1s: 854, 0s: 1231
-------------------------------
Epoch [3/12] Loss: 0.1386, Accuracy: 95.20 %
-------------------------------
-------- Validation --------
Predictions - 1s: 211, 0s: 310
True Labels - 1s: 220, 0s: 301
Validation Loss: 0.1985, Validation Accuracy: 93.28 %
-------- Validation finished --------
Updated best model in epoch 3 saved with Validation Loss: 0.1985 and Validation Accuracy: 93.28 %
-------------------------------
Epoch [4/12], Step [100/522], Loss: 0.0812, Accuracy: 97.00 %
Epoch [4/12], Step [200/522], Loss: 0.0972, Accuracy: 96.38 %
Epoch [4/12], Step [300/522], Loss: 0.1080, Accuracy: 96.33 %
Epoch [4/12], Step [400/522], Loss: 0.1078, Accuracy: 96.25 %
Epoch [4/12], Step [500/522], Loss: 0.1021, Accuracy: 96.45 %
Predictions - 1s: 862, 0s: 1223
True Labels - 1s: 854, 0s: 1231
-------------------------------
Epoch [4/12] Loss: 0.1022, Accuracy: 96.45 %
-------------------------------
-------- Validation --------
Predictions - 1s: 207, 0s: 314
True Labels - 1s: 220, 0s: 301
Validation Loss: 0.2431, Validation Accuracy: 92.13 %
-------- Validation finished --------
Epoch [5/12], Step [100/522], Loss: 0.0559, Accuracy: 98.00 %
Epoch [5/12], Step [200/522], Loss: 0.0593, Accuracy: 97.88 %
Epoch [5/12], Step [300/522], Loss: 0.0637, Accuracy: 98.00 %
Epoch [5/12], Step [400/522], Loss: 0.0684, Accuracy: 97.69 %
Epoch [5/12], Step [500/522], Loss: 0.0677, Accuracy: 97.60 %
Predictions - 1s: 860, 0s: 1225
True Labels - 1s: 854, 0s: 1231
-------------------------------
Epoch [5/12] Loss: 0.0668, Accuracy: 97.60 %
-------------------------------
-------- Validation --------
Predictions - 1s: 213, 0s: 308
True Labels - 1s: 220, 0s: 301
Validation Loss: 0.2222, Validation Accuracy: 92.51 %
-------- Validation finished --------
Epoch [6/12], Step [100/522], Loss: 0.0565, Accuracy: 98.00 %
Epoch [6/12], Step [200/522], Loss: 0.0545, Accuracy: 97.75 %
Epoch [6/12], Step [300/522], Loss: 0.0510, Accuracy: 97.83 %
Epoch [6/12], Step [400/522], Loss: 0.0578, Accuracy: 97.56 %
Epoch [6/12], Step [500/522], Loss: 0.0607, Accuracy: 97.70 %
Predictions - 1s: 861, 0s: 1224
True Labels - 1s: 854, 0s: 1231
-------------------------------
Epoch [6/12] Loss: 0.0596, Accuracy: 97.75 %
-------------------------------
-------- Validation --------
Predictions - 1s: 218, 0s: 303
True Labels - 1s: 220, 0s: 301
Validation Loss: 0.2179, Validation Accuracy: 93.09 %
-------- Validation finished --------
Epoch [7/12], Step [100/522], Loss: 0.0421, Accuracy: 99.00 %
Epoch [7/12], Step [200/522], Loss: 0.0466, Accuracy: 98.75 %
Epoch [7/12], Step [300/522], Loss: 0.0394, Accuracy: 98.83 %
Epoch [7/12], Step [400/522], Loss: 0.0369, Accuracy: 99.00 %
Epoch [7/12], Step [500/522], Loss: 0.0382, Accuracy: 98.80 %
Predictions - 1s: 855, 0s: 1230
True Labels - 1s: 854, 0s: 1231
-------------------------------
Epoch [7/12] Loss: 0.0378, Accuracy: 98.80 %
-------------------------------
-------- Validation --------
Predictions - 1s: 224, 0s: 297
True Labels - 1s: 220, 0s: 301
Validation Loss: 0.2396, Validation Accuracy: 94.24 %
-------- Validation finished --------
Epoch [8/12], Step [100/522], Loss: 0.0133, Accuracy: 99.75 %
Epoch [8/12], Step [200/522], Loss: 0.0268, Accuracy: 99.12 %
Epoch [8/12], Step [300/522], Loss: 0.0275, Accuracy: 99.17 %
Epoch [8/12], Step [400/522], Loss: 0.0278, Accuracy: 99.06 %
Epoch [8/12], Step [500/522], Loss: 0.0271, Accuracy: 99.10 %
Predictions - 1s: 854, 0s: 1231
True Labels - 1s: 854, 0s: 1231
-------------------------------
Epoch [8/12] Loss: 0.0270, Accuracy: 99.14 %
-------------------------------
-------- Validation --------
Predictions - 1s: 217, 0s: 304
True Labels - 1s: 220, 0s: 301
Validation Loss: 0.2834, Validation Accuracy: 93.28 %
-------- Validation finished --------
Epoch [9/12], Step [100/522], Loss: 0.0096, Accuracy: 99.75 %
Epoch [9/12], Step [200/522], Loss: 0.0194, Accuracy: 99.38 %
Epoch [9/12], Step [300/522], Loss: 0.0235, Accuracy: 99.33 %
Epoch [9/12], Step [400/522], Loss: 0.0230, Accuracy: 99.31 %
Epoch [9/12], Step [500/522], Loss: 0.0220, Accuracy: 99.35 %
Predictions - 1s: 858, 0s: 1227
True Labels - 1s: 854, 0s: 1231
-------------------------------
Epoch [9/12] Loss: 0.0217, Accuracy: 99.33 %
-------------------------------
-------- Validation --------
Predictions - 1s: 215, 0s: 306
True Labels - 1s: 220, 0s: 301
Validation Loss: 0.3048, Validation Accuracy: 93.28 %
-------- Validation finished --------
Epoch [10/12], Step [100/522], Loss: 0.0174, Accuracy: 99.25 %
Epoch [10/12], Step [200/522], Loss: 0.0240, Accuracy: 99.00 %
Epoch [10/12], Step [300/522], Loss: 0.0255, Accuracy: 99.00 %
Epoch [10/12], Step [400/522], Loss: 0.0219, Accuracy: 99.19 %
Epoch [10/12], Step [500/522], Loss: 0.0192, Accuracy: 99.30 %
Predictions - 1s: 849, 0s: 1236
True Labels - 1s: 854, 0s: 1231
-------------------------------
Epoch [10/12] Loss: 0.0192, Accuracy: 99.28 %
-------------------------------
-------- Validation --------
Predictions - 1s: 222, 0s: 299
True Labels - 1s: 220, 0s: 301
Validation Loss: 0.2865, Validation Accuracy: 94.24 %
-------- Validation finished --------
Epoch [11/12], Step [100/522], Loss: 0.0056, Accuracy: 100.00 %
Epoch [11/12], Step [200/522], Loss: 0.0100, Accuracy: 99.88 %
Epoch [11/12], Step [300/522], Loss: 0.0087, Accuracy: 99.92 %
Epoch [11/12], Step [400/522], Loss: 0.0100, Accuracy: 99.88 %
Epoch [11/12], Step [500/522], Loss: 0.0114, Accuracy: 99.80 %
Predictions - 1s: 850, 0s: 1235
True Labels - 1s: 854, 0s: 1231
-------------------------------
Epoch [11/12] Loss: 0.0118, Accuracy: 99.81 %
-------------------------------
-------- Validation --------
Predictions - 1s: 222, 0s: 299
True Labels - 1s: 220, 0s: 301
Validation Loss: 0.2893, Validation Accuracy: 94.24 %
-------- Validation finished --------
Epoch [12/12], Step [100/522], Loss: 0.0118, Accuracy: 99.50 %
Epoch [12/12], Step [200/522], Loss: 0.0131, Accuracy: 99.62 %
Epoch [12/12], Step [300/522], Loss: 0.0128, Accuracy: 99.67 %
Epoch [12/12], Step [400/522], Loss: 0.0112, Accuracy: 99.75 %
Epoch [12/12], Step [500/522], Loss: 0.0132, Accuracy: 99.65 %
Predictions - 1s: 853, 0s: 1232
True Labels - 1s: 854, 0s: 1231
-------------------------------
Epoch [12/12] Loss: 0.0127, Accuracy: 99.66 %
-------------------------------
-------- Validation --------
Predictions - 1s: 222, 0s: 299
True Labels - 1s: 220, 0s: 301
Validation Loss: 0.2975, Validation Accuracy: 94.24 %
-------- Validation finished --------
Best model in epoch 3 saved with with Validation Loss: 0.1985 and Validation Accuracy: 93.28 %

-------- Training finished in 1:42 --------

Test flag enabled. Testing the model

-------- Loading best model from model_path --------
Loaded model bert-small from date 20-04-2024 01:54. Trained with Centralised Machine Learning technology.
Epoch 3, lr: 6e-05, optimizer: AdamW
Train accuracy: 95.20 %, Validation accuracy: 93.28 %
-------- Best model loaded --------

-------- Creating Test Dataloader --------
Test Loader: 650 total sentences. 82 batches of size 8.
-------- Test Dataloader created --------

-------- Testing --------
Predictions - 1s: 255, 0s: 395
True Labels - 1s: 268, 0s: 382
Nº of test samples: 650
Accuracy: 93.69%
Accuracy 2 : 93.69%
Precision: 93.84%
Recall: 93.13%
F1 Score: 93.44%
Classification report:
              precision    recall  f1-score   support

           0     0.9316    0.9634    0.9472       382
           1     0.9451    0.8993    0.9216       268

    accuracy                         0.9369       650
   macro avg     0.9384    0.9313    0.9344       650
weighted avg     0.9372    0.9369    0.9367       650

-------- Testing finished --------
