Current configuration:
{
    "concurrency_flag": true,
    "data_distribution": "iid",
    "dataset": "acl_dep_sad",
    "device": "cuda",
    "dp_delta": 0.003,
    "dp_epsilon": 0.0,
    "eval_batch_size": 4,
    "eval_flag": true,
    "eval_size": 0.2,
    "fed_alg": "fedavg",
    "layers": 3,
    "learning_rate": 6e-05,
    "max_length": 512,
    "ml_mode": "ml",
    "model": "bert_tiny",
    "model_name": "ml_tiny_seed2_acl_dep_sad",
    "models_path": "/local/vpaloma/fabric-federated-learning/ablation_study/phase-4/final/accs-times/acl_dep_sad/",
    "mu": 0.5,
    "num_clients": 5,
    "num_epochs": 12,
    "num_rounds": 4,
    "optimizer": "AdamW",
    "progress_bar_flag": false,
    "save_model": true,
    "scheduler": "linear",
    "scheduler_warmup_steps": 0,
    "seed": "random",
    "test_flag": true,
    "train_batch_size": 4,
    "train_size": 0.8
}
-------- Configuration loaded --------

-------- Setting device --------
cuda device selected and available.
-------- Device set --------

-------- Setting seed --------
seed set:  886609
-------- Seed set --------

-------- Creating Model --------
-------- Model created --------

-------- Setting Trainable Layers --------
Training the last 3 layers.

Total parameters count: 4386178
Trainable parameters count: 215042
-------- Trainable Layers set --------

-------- Creating Tokenizer --------
-------- Tokenizer created --------

-------- Creating Train and Eval Dataloaders --------
Train Loader: 2085 total sentences. 522 batches of size 4.
Eval Loader: 521 total sentences. 131 batches of size 4.
-------- Train and Eval Dataloaders created --------

-------- Creating Optimizer --------
-------- Optimizer created --------

-------- Creating Scheduler --------
-------- Scheduler created --------

-------- Training --------
Training with Centralised Machine Learning technology.
Training without differential privacy.
Concurrency flag is set to True, but ml mode is selected. Concurrency flag will be ignored.
Epoch [1/12], Step [100/522], Loss: 0.6673, Accuracy: 61.75 %
Epoch [1/12], Step [200/522], Loss: 0.6161, Accuracy: 69.12 %
Epoch [1/12], Step [300/522], Loss: 0.5583, Accuracy: 73.50 %
Epoch [1/12], Step [400/522], Loss: 0.5039, Accuracy: 77.69 %
Epoch [1/12], Step [500/522], Loss: 0.4775, Accuracy: 79.30 %
Predictions - 1s: 674, 0s: 1411
True Labels - 1s: 849, 0s: 1236
-------------------------------
Epoch [1/12] Loss: 0.4739, Accuracy: 79.33 %
-------------------------------
-------- Validation --------
Predictions - 1s: 248, 0s: 273
True Labels - 1s: 225, 0s: 296
Validation Loss: 0.3082, Validation Accuracy: 88.29 %
-------- Validation finished --------
Updated best model in epoch 1 saved with Validation Loss: 0.3082 and Validation Accuracy: 88.29 %
-------------------------------
Epoch [2/12], Step [100/522], Loss: 0.3097, Accuracy: 88.75 %
Epoch [2/12], Step [200/522], Loss: 0.3136, Accuracy: 88.50 %
Epoch [2/12], Step [300/522], Loss: 0.3220, Accuracy: 88.25 %
Epoch [2/12], Step [400/522], Loss: 0.3257, Accuracy: 87.81 %
Epoch [2/12], Step [500/522], Loss: 0.3183, Accuracy: 88.05 %
Predictions - 1s: 869, 0s: 1216
True Labels - 1s: 849, 0s: 1236
-------------------------------
Epoch [2/12] Loss: 0.3149, Accuracy: 88.20 %
-------------------------------
-------- Validation --------
Predictions - 1s: 246, 0s: 275
True Labels - 1s: 225, 0s: 296
Validation Loss: 0.2631, Validation Accuracy: 89.44 %
-------- Validation finished --------
Updated best model in epoch 2 saved with Validation Loss: 0.2631 and Validation Accuracy: 89.44 %
-------------------------------
Epoch [3/12], Step [100/522], Loss: 0.2803, Accuracy: 90.25 %
Epoch [3/12], Step [200/522], Loss: 0.2560, Accuracy: 91.38 %
Epoch [3/12], Step [300/522], Loss: 0.2801, Accuracy: 89.33 %
Epoch [3/12], Step [400/522], Loss: 0.2783, Accuracy: 89.06 %
Epoch [3/12], Step [500/522], Loss: 0.2736, Accuracy: 89.05 %
Predictions - 1s: 878, 0s: 1207
True Labels - 1s: 849, 0s: 1236
-------------------------------
Epoch [3/12] Loss: 0.2735, Accuracy: 88.92 %
-------------------------------
-------- Validation --------
Predictions - 1s: 251, 0s: 270
True Labels - 1s: 225, 0s: 296
Validation Loss: 0.2469, Validation Accuracy: 90.02 %
-------- Validation finished --------
Updated best model in epoch 3 saved with Validation Loss: 0.2469 and Validation Accuracy: 90.02 %
-------------------------------
Epoch [4/12], Step [100/522], Loss: 0.2402, Accuracy: 90.50 %
Epoch [4/12], Step [200/522], Loss: 0.2382, Accuracy: 90.75 %
Epoch [4/12], Step [300/522], Loss: 0.2418, Accuracy: 90.75 %
Epoch [4/12], Step [400/522], Loss: 0.2481, Accuracy: 90.31 %
Epoch [4/12], Step [500/522], Loss: 0.2501, Accuracy: 90.10 %
Predictions - 1s: 881, 0s: 1204
True Labels - 1s: 849, 0s: 1236
-------------------------------
Epoch [4/12] Loss: 0.2543, Accuracy: 89.74 %
-------------------------------
-------- Validation --------
Predictions - 1s: 228, 0s: 293
True Labels - 1s: 225, 0s: 296
Validation Loss: 0.2386, Validation Accuracy: 89.44 %
-------- Validation finished --------
Updated best model in epoch 4 saved with Validation Loss: 0.2386 and Validation Accuracy: 89.44 %
-------------------------------
Epoch [5/12], Step [100/522], Loss: 0.2598, Accuracy: 90.25 %
Epoch [5/12], Step [200/522], Loss: 0.2584, Accuracy: 90.12 %
Epoch [5/12], Step [300/522], Loss: 0.2558, Accuracy: 89.92 %
Epoch [5/12], Step [400/522], Loss: 0.2398, Accuracy: 90.88 %
Epoch [5/12], Step [500/522], Loss: 0.2377, Accuracy: 90.85 %
Predictions - 1s: 873, 0s: 1212
True Labels - 1s: 849, 0s: 1236
-------------------------------
Epoch [5/12] Loss: 0.2370, Accuracy: 90.89 %
-------------------------------
-------- Validation --------
Predictions - 1s: 252, 0s: 269
True Labels - 1s: 225, 0s: 296
Validation Loss: 0.2386, Validation Accuracy: 90.21 %
-------- Validation finished --------
Epoch [6/12], Step [100/522], Loss: 0.2589, Accuracy: 89.75 %
Epoch [6/12], Step [200/522], Loss: 0.2614, Accuracy: 89.38 %
Epoch [6/12], Step [300/522], Loss: 0.2602, Accuracy: 89.67 %
Epoch [6/12], Step [400/522], Loss: 0.2464, Accuracy: 90.19 %
Epoch [6/12], Step [500/522], Loss: 0.2433, Accuracy: 90.40 %
Predictions - 1s: 889, 0s: 1196
True Labels - 1s: 849, 0s: 1236
-------------------------------
Epoch [6/12] Loss: 0.2430, Accuracy: 90.41 %
-------------------------------
-------- Validation --------
Predictions - 1s: 251, 0s: 270
True Labels - 1s: 225, 0s: 296
Validation Loss: 0.2147, Validation Accuracy: 91.17 %
-------- Validation finished --------
Updated best model in epoch 6 saved with Validation Loss: 0.2147 and Validation Accuracy: 91.17 %
-------------------------------
Epoch [7/12], Step [100/522], Loss: 0.2270, Accuracy: 91.00 %
Epoch [7/12], Step [200/522], Loss: 0.2074, Accuracy: 91.88 %
Epoch [7/12], Step [300/522], Loss: 0.2259, Accuracy: 90.83 %
Epoch [7/12], Step [400/522], Loss: 0.2226, Accuracy: 91.00 %
Epoch [7/12], Step [500/522], Loss: 0.2263, Accuracy: 91.00 %
Predictions - 1s: 874, 0s: 1211
True Labels - 1s: 849, 0s: 1236
-------------------------------
Epoch [7/12] Loss: 0.2247, Accuracy: 91.13 %
-------------------------------
-------- Validation --------
Predictions - 1s: 238, 0s: 283
True Labels - 1s: 225, 0s: 296
Validation Loss: 0.2125, Validation Accuracy: 92.13 %
-------- Validation finished --------
Updated best model in epoch 7 saved with Validation Loss: 0.2125 and Validation Accuracy: 92.13 %
-------------------------------
Epoch [8/12], Step [100/522], Loss: 0.1966, Accuracy: 92.75 %
Epoch [8/12], Step [200/522], Loss: 0.2172, Accuracy: 92.25 %
Epoch [8/12], Step [300/522], Loss: 0.2197, Accuracy: 92.00 %
Epoch [8/12], Step [400/522], Loss: 0.2210, Accuracy: 91.44 %
Epoch [8/12], Step [500/522], Loss: 0.2165, Accuracy: 91.50 %
Predictions - 1s: 876, 0s: 1209
True Labels - 1s: 849, 0s: 1236
-------------------------------
Epoch [8/12] Loss: 0.2171, Accuracy: 91.51 %
-------------------------------
-------- Validation --------
Predictions - 1s: 226, 0s: 295
True Labels - 1s: 225, 0s: 296
Validation Loss: 0.2089, Validation Accuracy: 91.36 %
-------- Validation finished --------
Updated best model in epoch 8 saved with Validation Loss: 0.2089 and Validation Accuracy: 91.36 %
-------------------------------
Epoch [9/12], Step [100/522], Loss: 0.2402, Accuracy: 91.00 %
Epoch [9/12], Step [200/522], Loss: 0.2330, Accuracy: 91.00 %
Epoch [9/12], Step [300/522], Loss: 0.2388, Accuracy: 90.42 %
Epoch [9/12], Step [400/522], Loss: 0.2263, Accuracy: 90.94 %
Epoch [9/12], Step [500/522], Loss: 0.2163, Accuracy: 91.45 %
Predictions - 1s: 876, 0s: 1209
True Labels - 1s: 849, 0s: 1236
-------------------------------
Epoch [9/12] Loss: 0.2162, Accuracy: 91.41 %
-------------------------------
-------- Validation --------
Predictions - 1s: 225, 0s: 296
True Labels - 1s: 225, 0s: 296
Validation Loss: 0.2160, Validation Accuracy: 91.17 %
-------- Validation finished --------
Epoch [10/12], Step [100/522], Loss: 0.1929, Accuracy: 91.00 %
Epoch [10/12], Step [200/522], Loss: 0.1941, Accuracy: 91.50 %
Epoch [10/12], Step [300/522], Loss: 0.1887, Accuracy: 92.00 %
Epoch [10/12], Step [400/522], Loss: 0.2023, Accuracy: 91.69 %
Epoch [10/12], Step [500/522], Loss: 0.2078, Accuracy: 91.60 %
Predictions - 1s: 874, 0s: 1211
True Labels - 1s: 849, 0s: 1236
-------------------------------
Epoch [10/12] Loss: 0.2082, Accuracy: 91.51 %
-------------------------------
-------- Validation --------
Predictions - 1s: 238, 0s: 283
True Labels - 1s: 225, 0s: 296
Validation Loss: 0.2011, Validation Accuracy: 91.75 %
-------- Validation finished --------
Updated best model in epoch 10 saved with Validation Loss: 0.2011 and Validation Accuracy: 91.75 %
-------------------------------
Epoch [11/12], Step [100/522], Loss: 0.2081, Accuracy: 92.25 %
Epoch [11/12], Step [200/522], Loss: 0.2046, Accuracy: 92.62 %
Epoch [11/12], Step [300/522], Loss: 0.1993, Accuracy: 92.42 %
Epoch [11/12], Step [400/522], Loss: 0.1988, Accuracy: 92.31 %
Epoch [11/12], Step [500/522], Loss: 0.2018, Accuracy: 91.80 %
Predictions - 1s: 875, 0s: 1210
True Labels - 1s: 849, 0s: 1236
-------------------------------
Epoch [11/12] Loss: 0.2055, Accuracy: 91.65 %
-------------------------------
-------- Validation --------
Predictions - 1s: 237, 0s: 284
True Labels - 1s: 225, 0s: 296
Validation Loss: 0.1988, Validation Accuracy: 92.32 %
-------- Validation finished --------
Updated best model in epoch 11 saved with Validation Loss: 0.1988 and Validation Accuracy: 92.32 %
-------------------------------
Epoch [12/12], Step [100/522], Loss: 0.1526, Accuracy: 95.50 %
Epoch [12/12], Step [200/522], Loss: 0.1847, Accuracy: 93.50 %
Epoch [12/12], Step [300/522], Loss: 0.1989, Accuracy: 92.58 %
Epoch [12/12], Step [400/522], Loss: 0.2040, Accuracy: 92.31 %
Epoch [12/12], Step [500/522], Loss: 0.1950, Accuracy: 92.80 %
Predictions - 1s: 875, 0s: 1210
True Labels - 1s: 849, 0s: 1236
-------------------------------
Epoch [12/12] Loss: 0.1943, Accuracy: 92.81 %
-------------------------------
-------- Validation --------
Predictions - 1s: 229, 0s: 292
True Labels - 1s: 225, 0s: 296
Validation Loss: 0.2025, Validation Accuracy: 91.94 %
-------- Validation finished --------
Best model in epoch 11 saved with with Validation Loss: 0.1988 and Validation Accuracy: 92.32 %

-------- Training finished in 3:13 --------

Test flag enabled. Testing the model

-------- Loading best model from model_path --------
Loaded model bert-tiny from date 20-04-2024 00:00. Trained with Centralised Machine Learning technology.
Epoch 11, lr: 6e-05, optimizer: AdamW
Train accuracy: 91.65 %, Validation accuracy: 92.32 %
-------- Best model loaded --------

-------- Creating Test Dataloader --------
Test Loader: 650 total sentences. 82 batches of size 8.
-------- Test Dataloader created --------

-------- Testing --------
Predictions - 1s: 276, 0s: 374
True Labels - 1s: 268, 0s: 382
Nº of test samples: 650
Accuracy: 92.31%
Accuracy 2 : 92.31%
Precision: 91.94%
Recall: 92.29%
F1 Score: 92.10%
Classification report:
              precision    recall  f1-score   support

           0     0.9439    0.9241    0.9339       382
           1     0.8949    0.9216    0.9081       268

    accuracy                         0.9231       650
   macro avg     0.9194    0.9229    0.9210       650
weighted avg     0.9237    0.9231    0.9232       650

-------- Testing finished --------
