Current configuration:
{
    "concurrency_flag": false,
    "data_distribution": "non_iid",
    "dataset": "twitter_dep_balanced",
    "device": "cuda",
    "dp_delta": 0.003,
    "dp_epsilon": 0,
    "eval_batch_size": 4,
    "eval_flag": true,
    "eval_size": 0.2,
    "fed_alg": "fedavg",
    "layers": 3,
    "learning_rate": 6e-05,
    "max_length": 512,
    "ml_mode": "fl",
    "model": "bert_small",
    "model_name": "fedavg_non_iid_twitter_dep_balanced",
    "models_path": "/local/vpaloma/fabric-federated-learning/ablation_study/phase-2/2-fed-data_dist-dataset/twitter_dep",
    "mu": 0.5,
    "num_clients": 5,
    "num_epochs": 3,
    "num_rounds": 4,
    "optimizer": "AdamW",
    "progress_bar_flag": false,
    "save_model": true,
    "scheduler": "linear",
    "scheduler_warmup_steps": 0,
    "seed": 0,
    "test_flag": true,
    "train_batch_size": 4,
    "train_size": 0.8
}
-------- Configuration loaded --------

-------- Setting device --------
cuda device selected and available.
-------- Device set --------

-------- Setting seed --------
-------- Seed set --------

-------- Creating Model --------
-------- Model created --------

-------- Setting Trainable Layers --------
Training the last 3 layers.

Total parameters count: 28764674
Trainable parameters count: 3416066
-------- Trainable Layers set --------

-------- Creating Tokenizer --------
-------- Tokenizer created --------

-------- Creating Train and Eval Dataloaders --------
Train Loader: 1078 total sentences. 270 batches of size 4.
Eval Loader: 270 total sentences. 68 batches of size 4.
-------- Train and Eval Dataloaders created --------

-------- Training --------
Training with Federated Learning technology.
Training without differential privacy.
Federated averaging algorithm selected.
Client 0: Label 0: 0, Label 1: 239
Client 1: Label 0: 0, Label 1: 239
Client 2: Label 0: 215, Label 1: 23
Client 3: Label 0: 215, Label 1: 23
Client 4: Label 0: 101, Label 1: 23

Round 1 of 4
-------------------------------
Predictions - 1s: 234, 0s: 5
True Labels - 1s: 239, 0s: 0
Client 1 of 5: Local Epoch [1/3] Loss: 0.1090, Accuracy: 97.91 %
Predictions - 1s: 239, 0s: 0
True Labels - 1s: 239, 0s: 0
Client 1 of 5: Local Epoch [2/3] Loss: 0.0083, Accuracy: 100.00 %
Predictions - 1s: 239, 0s: 0
True Labels - 1s: 239, 0s: 0
Client 1 of 5: Local Epoch [3/3] Loss: 0.0057, Accuracy: 100.00 %
Predictions - 1s: 230, 0s: 9
True Labels - 1s: 239, 0s: 0
Client 2 of 5: Local Epoch [1/3] Loss: 0.1109, Accuracy: 96.23 %
Predictions - 1s: 239, 0s: 0
True Labels - 1s: 239, 0s: 0
Client 2 of 5: Local Epoch [2/3] Loss: 0.0084, Accuracy: 100.00 %
Predictions - 1s: 239, 0s: 0
True Labels - 1s: 239, 0s: 0
Client 2 of 5: Local Epoch [3/3] Loss: 0.0058, Accuracy: 100.00 %
Predictions - 1s: 1, 0s: 237
True Labels - 1s: 23, 0s: 215
Client 3 of 5: Local Epoch [1/3] Loss: 0.3445, Accuracy: 89.92 %
Predictions - 1s: 0, 0s: 238
True Labels - 1s: 23, 0s: 215
Client 3 of 5: Local Epoch [2/3] Loss: 0.2861, Accuracy: 90.34 %
Predictions - 1s: 0, 0s: 238
True Labels - 1s: 23, 0s: 215
Client 3 of 5: Local Epoch [3/3] Loss: 0.2586, Accuracy: 90.34 %
Predictions - 1s: 1, 0s: 237
True Labels - 1s: 23, 0s: 215
Client 4 of 5: Local Epoch [1/3] Loss: 0.3503, Accuracy: 89.92 %
Predictions - 1s: 0, 0s: 238
True Labels - 1s: 23, 0s: 215
Client 4 of 5: Local Epoch [2/3] Loss: 0.3117, Accuracy: 90.34 %
Predictions - 1s: 0, 0s: 238
True Labels - 1s: 23, 0s: 215
Client 4 of 5: Local Epoch [3/3] Loss: 0.2975, Accuracy: 90.34 %
Predictions - 1s: 2, 0s: 122
True Labels - 1s: 23, 0s: 101
Client 5 of 5: Local Epoch [1/3] Loss: 0.5239, Accuracy: 79.84 %
Predictions - 1s: 0, 0s: 124
True Labels - 1s: 23, 0s: 101
Client 5 of 5: Local Epoch [2/3] Loss: 0.4105, Accuracy: 81.45 %
Predictions - 1s: 0, 0s: 124
True Labels - 1s: 23, 0s: 101
Client 5 of 5: Local Epoch [3/3] Loss: 0.3895, Accuracy: 81.45 %
-------------------------------
Round [1/4] Average Local Loss: 0.1914, Average Local Accuracy: 92.42 %
-------------------------------
-------- Validation --------
Predictions - 1s: 263, 0s: 7
True Labels - 1s: 127, 0s: 143
Round [1/4] Global Model Validation Loss: 0.7250, Validation Accuracy: 47.41 %
-------- Validation finished --------
Updated best model in round 1 saved with Validation Loss: 0.7250 and Validation Accuracy: 47.41 %
-------------------------------

Round 2 of 4
-------------------------------
Predictions - 1s: 239, 0s: 0
True Labels - 1s: 239, 0s: 0
Client 1 of 5: Local Epoch [1/3] Loss: 0.0396, Accuracy: 100.00 %
Predictions - 1s: 239, 0s: 0
True Labels - 1s: 239, 0s: 0
Client 1 of 5: Local Epoch [2/3] Loss: 0.0034, Accuracy: 100.00 %
Predictions - 1s: 239, 0s: 0
True Labels - 1s: 239, 0s: 0
Client 1 of 5: Local Epoch [3/3] Loss: 0.0025, Accuracy: 100.00 %
Predictions - 1s: 239, 0s: 0
True Labels - 1s: 239, 0s: 0
Client 2 of 5: Local Epoch [1/3] Loss: 0.0393, Accuracy: 100.00 %
Predictions - 1s: 239, 0s: 0
True Labels - 1s: 239, 0s: 0
Client 2 of 5: Local Epoch [2/3] Loss: 0.0035, Accuracy: 100.00 %
Predictions - 1s: 239, 0s: 0
True Labels - 1s: 239, 0s: 0
Client 2 of 5: Local Epoch [3/3] Loss: 0.0025, Accuracy: 100.00 %
Predictions - 1s: 8, 0s: 230
True Labels - 1s: 23, 0s: 215
Client 3 of 5: Local Epoch [1/3] Loss: 0.3260, Accuracy: 88.66 %
Predictions - 1s: 1, 0s: 237
True Labels - 1s: 23, 0s: 215
Client 3 of 5: Local Epoch [2/3] Loss: 0.2680, Accuracy: 90.76 %
Predictions - 1s: 1, 0s: 237
True Labels - 1s: 23, 0s: 215
Client 3 of 5: Local Epoch [3/3] Loss: 0.2400, Accuracy: 90.76 %
Predictions - 1s: 16, 0s: 222
True Labels - 1s: 23, 0s: 215
Client 4 of 5: Local Epoch [1/3] Loss: 0.3298, Accuracy: 86.13 %
Predictions - 1s: 0, 0s: 238
True Labels - 1s: 23, 0s: 215
Client 4 of 5: Local Epoch [2/3] Loss: 0.3013, Accuracy: 90.34 %
Predictions - 1s: 0, 0s: 238
True Labels - 1s: 23, 0s: 215
Client 4 of 5: Local Epoch [3/3] Loss: 0.2731, Accuracy: 90.34 %
Predictions - 1s: 12, 0s: 112
True Labels - 1s: 23, 0s: 101
Client 5 of 5: Local Epoch [1/3] Loss: 0.4810, Accuracy: 79.84 %
Predictions - 1s: 0, 0s: 124
True Labels - 1s: 23, 0s: 101
Client 5 of 5: Local Epoch [2/3] Loss: 0.3907, Accuracy: 81.45 %
Predictions - 1s: 5, 0s: 119
True Labels - 1s: 23, 0s: 101
Client 5 of 5: Local Epoch [3/3] Loss: 0.3450, Accuracy: 83.87 %
-------------------------------
Round [2/4] Average Local Loss: 0.1726, Average Local Accuracy: 92.99 %
-------------------------------
-------- Validation --------
Predictions - 1s: 252, 0s: 18
True Labels - 1s: 127, 0s: 143
Round [2/4] Global Model Validation Loss: 0.7829, Validation Accuracy: 52.22 %
-------- Validation finished --------

Round 3 of 4
-------------------------------
Predictions - 1s: 239, 0s: 0
True Labels - 1s: 239, 0s: 0
Client 1 of 5: Local Epoch [1/3] Loss: 0.0185, Accuracy: 100.00 %
Predictions - 1s: 239, 0s: 0
True Labels - 1s: 239, 0s: 0
Client 1 of 5: Local Epoch [2/3] Loss: 0.0016, Accuracy: 100.00 %
Predictions - 1s: 239, 0s: 0
True Labels - 1s: 239, 0s: 0
Client 1 of 5: Local Epoch [3/3] Loss: 0.0011, Accuracy: 100.00 %
Predictions - 1s: 239, 0s: 0
True Labels - 1s: 239, 0s: 0
Client 2 of 5: Local Epoch [1/3] Loss: 0.0173, Accuracy: 100.00 %
Predictions - 1s: 239, 0s: 0
True Labels - 1s: 239, 0s: 0
Client 2 of 5: Local Epoch [2/3] Loss: 0.0016, Accuracy: 100.00 %
Predictions - 1s: 239, 0s: 0
True Labels - 1s: 239, 0s: 0
Client 2 of 5: Local Epoch [3/3] Loss: 0.0012, Accuracy: 100.00 %
Predictions - 1s: 11, 0s: 227
True Labels - 1s: 23, 0s: 215
Client 3 of 5: Local Epoch [1/3] Loss: 0.3301, Accuracy: 86.55 %
Predictions - 1s: 1, 0s: 237
True Labels - 1s: 23, 0s: 215
Client 3 of 5: Local Epoch [2/3] Loss: 0.2443, Accuracy: 90.76 %
Predictions - 1s: 5, 0s: 233
True Labels - 1s: 23, 0s: 215
Client 3 of 5: Local Epoch [3/3] Loss: 0.2157, Accuracy: 92.44 %
Predictions - 1s: 13, 0s: 225
True Labels - 1s: 23, 0s: 215
Client 4 of 5: Local Epoch [1/3] Loss: 0.3661, Accuracy: 86.55 %
Predictions - 1s: 0, 0s: 238
True Labels - 1s: 23, 0s: 215
Client 4 of 5: Local Epoch [2/3] Loss: 0.2786, Accuracy: 90.34 %
Predictions - 1s: 0, 0s: 238
True Labels - 1s: 23, 0s: 215
Client 4 of 5: Local Epoch [3/3] Loss: 0.2654, Accuracy: 90.34 %
Predictions - 1s: 15, 0s: 109
True Labels - 1s: 23, 0s: 101
Client 5 of 5: Local Epoch [1/3] Loss: 0.4869, Accuracy: 75.81 %
Predictions - 1s: 3, 0s: 121
True Labels - 1s: 23, 0s: 101
Client 5 of 5: Local Epoch [2/3] Loss: 0.3401, Accuracy: 83.87 %
Predictions - 1s: 5, 0s: 119
True Labels - 1s: 23, 0s: 101
Client 5 of 5: Local Epoch [3/3] Loss: 0.3129, Accuracy: 85.48 %
-------------------------------
Round [3/4] Average Local Loss: 0.1593, Average Local Accuracy: 93.65 %
-------------------------------
-------- Validation --------
Predictions - 1s: 242, 0s: 28
True Labels - 1s: 127, 0s: 143
Round [3/4] Global Model Validation Loss: 0.8425, Validation Accuracy: 55.19 %
-------- Validation finished --------

Round 4 of 4
-------------------------------
Predictions - 1s: 239, 0s: 0
True Labels - 1s: 239, 0s: 0
Client 1 of 5: Local Epoch [1/3] Loss: 0.0127, Accuracy: 100.00 %
Predictions - 1s: 239, 0s: 0
True Labels - 1s: 239, 0s: 0
Client 1 of 5: Local Epoch [2/3] Loss: 0.0010, Accuracy: 100.00 %
Predictions - 1s: 239, 0s: 0
True Labels - 1s: 239, 0s: 0
Client 1 of 5: Local Epoch [3/3] Loss: 0.0007, Accuracy: 100.00 %
Predictions - 1s: 239, 0s: 0
True Labels - 1s: 239, 0s: 0
Client 2 of 5: Local Epoch [1/3] Loss: 0.0114, Accuracy: 100.00 %
Predictions - 1s: 239, 0s: 0
True Labels - 1s: 239, 0s: 0
Client 2 of 5: Local Epoch [2/3] Loss: 0.0011, Accuracy: 100.00 %
Predictions - 1s: 239, 0s: 0
True Labels - 1s: 239, 0s: 0
Client 2 of 5: Local Epoch [3/3] Loss: 0.0008, Accuracy: 100.00 %
Predictions - 1s: 16, 0s: 222
True Labels - 1s: 23, 0s: 215
Client 3 of 5: Local Epoch [1/3] Loss: 0.3009, Accuracy: 86.97 %
Predictions - 1s: 2, 0s: 236
True Labels - 1s: 23, 0s: 215
Client 3 of 5: Local Epoch [2/3] Loss: 0.2259, Accuracy: 91.18 %
Predictions - 1s: 2, 0s: 236
True Labels - 1s: 23, 0s: 215
Client 3 of 5: Local Epoch [3/3] Loss: 0.1919, Accuracy: 91.18 %
Predictions - 1s: 15, 0s: 223
True Labels - 1s: 23, 0s: 215
Client 4 of 5: Local Epoch [1/3] Loss: 0.3686, Accuracy: 84.87 %
Predictions - 1s: 0, 0s: 238
True Labels - 1s: 23, 0s: 215
Client 4 of 5: Local Epoch [2/3] Loss: 0.2522, Accuracy: 90.34 %
Predictions - 1s: 1, 0s: 237
True Labels - 1s: 23, 0s: 215
Client 4 of 5: Local Epoch [3/3] Loss: 0.2401, Accuracy: 90.76 %
Predictions - 1s: 17, 0s: 107
True Labels - 1s: 23, 0s: 101
Client 5 of 5: Local Epoch [1/3] Loss: 0.4418, Accuracy: 80.65 %
Predictions - 1s: 10, 0s: 114
True Labels - 1s: 23, 0s: 101
Client 5 of 5: Local Epoch [2/3] Loss: 0.3075, Accuracy: 86.29 %
Predictions - 1s: 11, 0s: 113
True Labels - 1s: 23, 0s: 101
Client 5 of 5: Local Epoch [3/3] Loss: 0.2840, Accuracy: 88.71 %
-------------------------------
Round [4/4] Average Local Loss: 0.1435, Average Local Accuracy: 94.13 %
-------------------------------
-------- Validation --------
Predictions - 1s: 234, 0s: 36
True Labels - 1s: 127, 0s: 143
Round [4/4] Global Model Validation Loss: 0.9201, Validation Accuracy: 58.15 %
-------- Validation finished --------
Best model in round 1 saved with Validation Loss: 0.7250 and Validation Accuracy: 47.41 %

-------- Training finished in 1:47 --------

Test flag enabled. Testing the model

-------- Loading best model from model_path --------
Loaded model bert-small from date 19-03-2024 14:13. Trained with Federated Learning technology.
Round 1, lr: 6e-05, optimizer: AdamW
Average train accuracy: 92.42 %, Validation accuracy: 47.41 %
-------- Best model loaded --------

-------- Creating Test Dataloader --------
Test Loader: 618 total sentences. 78 batches of size 8.
-------- Test Dataloader created --------

-------- Testing --------
Predictions - 1s: 588, 0s: 30
True Labels - 1s: 168, 0s: 450
Nº of test samples: 618
Accuracy: 31.39%
Accuracy 2 : 31.39%
Precision: 60.78%
Recall: 52.52%
F1 Score: 27.79%
Classification report:
              precision    recall  f1-score   support

           0     0.9333    0.0622    0.1167       450
           1     0.2823    0.9881    0.4392       168

    accuracy                         0.3139       618
   macro avg     0.6078    0.5252    0.2779       618
weighted avg     0.7564    0.3139    0.2043       618

-------- Testing finished --------
