Current configuration:
{
    "concurrency_flag": false,
    "data_distribution": "iid",
    "dataset": "acl_dep_sad",
    "device": "cuda",
    "dp_delta": 0.003,
    "dp_epsilon": 10,
    "eval_batch_size": 4,
    "eval_flag": true,
    "eval_size": 0.2,
    "fed_alg": "fedavg",
    "layers": 3,
    "learning_rate": 0.006,
    "max_length": 512,
    "ml_mode": "fl",
    "model": "bert_small",
    "model_name": "fl_10_c3_acl_dep_sad",
    "models_path": "/local/vpaloma/fabric-federated-learning/ablation_study/phase-3/1-ml_mode-dataset-dp/acl_dep_sad",
    "mu": 0.5,
    "num_clients": 3,
    "num_epochs": 3,
    "num_rounds": 4,
    "optimizer": "AdamW",
    "progress_bar_flag": false,
    "save_model": true,
    "scheduler": "linear",
    "scheduler_warmup_steps": 0,
    "seed": 0,
    "test_flag": true,
    "train_batch_size": 4,
    "train_size": 0.8
}
-------- Configuration loaded --------

-------- Setting device --------
cuda device selected and available.
-------- Device set --------

-------- Setting seed --------
-------- Seed set --------

-------- Creating Model --------
-------- Model created --------

-------- Setting Trainable Layers --------
Training the last 3 layers.

Total parameters count: 28764674
Trainable parameters count: 3416066
-------- Trainable Layers set --------

-------- Creating Tokenizer --------
-------- Tokenizer created --------

-------- Creating Train and Eval Dataloaders --------
Train Loader: 2085 total sentences. 522 batches of size 4.
Eval Loader: 521 total sentences. 131 batches of size 4.
-------- Train and Eval Dataloaders created --------

-------- Training --------
Training with Federated Learning technology.
Training with differential privacy.
Federated averaging algorithm selected.
Client 0: Label 0: 401, Label 1: 294
Client 1: Label 0: 392, Label 1: 303
Client 2: Label 0: 420, Label 1: 275

Round 1 of 4
-------------------------------
max_grad_norm:  1.5
Predictions - 1s: 22, 0s: 673
True Labels - 1s: 294, 0s: 401
Client 1 of 3: Local Epoch [1/3] Loss: 1.1042, Accuracy: 59.42 %, Epsilon: 9.99, Delta: 0.0030
Predictions - 1s: 51, 0s: 644
True Labels - 1s: 294, 0s: 401
Client 1 of 3: Local Epoch [2/3] Loss: 1.0627, Accuracy: 61.87 %, Epsilon: 13.39, Delta: 0.0030
Predictions - 1s: 112, 0s: 583
True Labels - 1s: 294, 0s: 401
Client 1 of 3: Local Epoch [3/3] Loss: 0.8527, Accuracy: 67.48 %, Epsilon: 16.17, Delta: 0.0030
max_grad_norm:  1.5
Predictions - 1s: 57, 0s: 638
True Labels - 1s: 303, 0s: 392
Client 2 of 3: Local Epoch [1/3] Loss: 1.1167, Accuracy: 59.42 %, Epsilon: 9.99, Delta: 0.0030
Predictions - 1s: 140, 0s: 555
True Labels - 1s: 303, 0s: 392
Client 2 of 3: Local Epoch [2/3] Loss: 0.8423, Accuracy: 67.05 %, Epsilon: 13.39, Delta: 0.0030
Predictions - 1s: 197, 0s: 498
True Labels - 1s: 303, 0s: 392
Client 2 of 3: Local Epoch [3/3] Loss: 0.6372, Accuracy: 72.09 %, Epsilon: 16.17, Delta: 0.0030
max_grad_norm:  1.5
Predictions - 1s: 113, 0s: 582
True Labels - 1s: 275, 0s: 420
Client 3 of 3: Local Epoch [1/3] Loss: 1.0003, Accuracy: 61.44 %, Epsilon: 9.99, Delta: 0.0030
Predictions - 1s: 53, 0s: 642
True Labels - 1s: 275, 0s: 420
Client 3 of 3: Local Epoch [2/3] Loss: 1.0437, Accuracy: 64.03 %, Epsilon: 13.39, Delta: 0.0030
Predictions - 1s: 82, 0s: 613
True Labels - 1s: 275, 0s: 420
Client 3 of 3: Local Epoch [3/3] Loss: 0.9382, Accuracy: 67.05 %, Epsilon: 16.17, Delta: 0.0030
-------------------------------
Round [1/4] Average Local Loss: 0.8094, Average Local Accuracy: 68.87 %
-------------------------------
-------- Validation --------
Predictions - 1s: 3, 0s: 518
True Labels - 1s: 202, 0s: 319
Round [1/4] Global Model Validation Loss: 0.8375, Validation Accuracy: 61.80 %
-------- Validation finished --------
Updated best model in round 1 saved with Validation Loss: 0.8375 and Validation Accuracy: 61.80 %
-------------------------------

Round 2 of 4
-------------------------------
max_grad_norm:  1.5
Predictions - 1s: 41, 0s: 654
True Labels - 1s: 294, 0s: 401
Client 1 of 3: Local Epoch [1/3] Loss: 1.1651, Accuracy: 59.57 %, Epsilon: 9.99, Delta: 0.0030
Predictions - 1s: 153, 0s: 542
True Labels - 1s: 294, 0s: 401
Client 1 of 3: Local Epoch [2/3] Loss: 0.8769, Accuracy: 69.35 %, Epsilon: 13.39, Delta: 0.0030
Predictions - 1s: 205, 0s: 490
True Labels - 1s: 294, 0s: 401
Client 1 of 3: Local Epoch [3/3] Loss: 0.6917, Accuracy: 73.09 %, Epsilon: 16.17, Delta: 0.0030
max_grad_norm:  1.5
Predictions - 1s: 46, 0s: 649
True Labels - 1s: 303, 0s: 392
Client 2 of 3: Local Epoch [1/3] Loss: 1.2480, Accuracy: 58.99 %, Epsilon: 9.99, Delta: 0.0030
Predictions - 1s: 116, 0s: 579
True Labels - 1s: 303, 0s: 392
Client 2 of 3: Local Epoch [2/3] Loss: 0.9204, Accuracy: 66.19 %, Epsilon: 13.39, Delta: 0.0030
Predictions - 1s: 151, 0s: 544
True Labels - 1s: 303, 0s: 392
Client 2 of 3: Local Epoch [3/3] Loss: 0.7850, Accuracy: 67.77 %, Epsilon: 16.17, Delta: 0.0030
max_grad_norm:  1.5
Predictions - 1s: 16, 0s: 679
True Labels - 1s: 275, 0s: 420
Client 3 of 3: Local Epoch [1/3] Loss: 1.3393, Accuracy: 60.72 %, Epsilon: 9.99, Delta: 0.0030
Predictions - 1s: 50, 0s: 645
True Labels - 1s: 275, 0s: 420
Client 3 of 3: Local Epoch [2/3] Loss: 1.1542, Accuracy: 64.46 %, Epsilon: 13.39, Delta: 0.0030
Predictions - 1s: 88, 0s: 607
True Labels - 1s: 275, 0s: 420
Client 3 of 3: Local Epoch [3/3] Loss: 0.9932, Accuracy: 66.19 %, Epsilon: 16.17, Delta: 0.0030
-------------------------------
Round [2/4] Average Local Loss: 0.8233, Average Local Accuracy: 69.02 %
-------------------------------
-------- Validation --------
Predictions - 1s: 2, 0s: 519
True Labels - 1s: 202, 0s: 319
Round [2/4] Global Model Validation Loss: 1.0695, Validation Accuracy: 61.61 %
-------- Validation finished --------

Round 3 of 4
-------------------------------
max_grad_norm:  1.5
Predictions - 1s: 43, 0s: 652
True Labels - 1s: 294, 0s: 401
Client 1 of 3: Local Epoch [1/3] Loss: 1.3031, Accuracy: 60.72 %, Epsilon: 9.99, Delta: 0.0030
Predictions - 1s: 133, 0s: 562
True Labels - 1s: 294, 0s: 401
Client 1 of 3: Local Epoch [2/3] Loss: 1.0710, Accuracy: 63.31 %, Epsilon: 13.39, Delta: 0.0030
Predictions - 1s: 170, 0s: 525
True Labels - 1s: 294, 0s: 401
Client 1 of 3: Local Epoch [3/3] Loss: 0.8366, Accuracy: 66.04 %, Epsilon: 16.17, Delta: 0.0030
max_grad_norm:  1.5
Predictions - 1s: 148, 0s: 547
True Labels - 1s: 303, 0s: 392
Client 2 of 3: Local Epoch [1/3] Loss: 0.9128, Accuracy: 63.31 %, Epsilon: 9.99, Delta: 0.0030
Predictions - 1s: 162, 0s: 533
True Labels - 1s: 303, 0s: 392
Client 2 of 3: Local Epoch [2/3] Loss: 1.0633, Accuracy: 65.90 %, Epsilon: 13.39, Delta: 0.0030
Predictions - 1s: 208, 0s: 487
True Labels - 1s: 303, 0s: 392
Client 2 of 3: Local Epoch [3/3] Loss: 0.8538, Accuracy: 70.79 %, Epsilon: 16.17, Delta: 0.0030
max_grad_norm:  1.5
Predictions - 1s: 32, 0s: 663
True Labels - 1s: 275, 0s: 420
Client 3 of 3: Local Epoch [1/3] Loss: 1.1932, Accuracy: 63.31 %, Epsilon: 9.99, Delta: 0.0030
Predictions - 1s: 97, 0s: 598
True Labels - 1s: 275, 0s: 420
Client 3 of 3: Local Epoch [2/3] Loss: 1.0205, Accuracy: 65.18 %, Epsilon: 13.39, Delta: 0.0030
Predictions - 1s: 155, 0s: 540
True Labels - 1s: 275, 0s: 420
Client 3 of 3: Local Epoch [3/3] Loss: 0.8663, Accuracy: 66.62 %, Epsilon: 16.17, Delta: 0.0030
-------------------------------
Round [3/4] Average Local Loss: 0.8522, Average Local Accuracy: 67.82 %
-------------------------------
-------- Validation --------
Predictions - 1s: 47, 0s: 474
True Labels - 1s: 202, 0s: 319
Round [3/4] Global Model Validation Loss: 0.8197, Validation Accuracy: 67.95 %
-------- Validation finished --------
Updated best model in round 3 saved with Validation Loss: 0.8197 and Validation Accuracy: 67.95 %
-------------------------------

Round 4 of 4
-------------------------------
max_grad_norm:  1.5
Predictions - 1s: 96, 0s: 599
True Labels - 1s: 294, 0s: 401
Client 1 of 3: Local Epoch [1/3] Loss: 1.1374, Accuracy: 62.59 %, Epsilon: 9.99, Delta: 0.0030
Predictions - 1s: 193, 0s: 502
True Labels - 1s: 294, 0s: 401
Client 1 of 3: Local Epoch [2/3] Loss: 0.9151, Accuracy: 69.06 %, Epsilon: 13.39, Delta: 0.0030
Predictions - 1s: 184, 0s: 511
True Labels - 1s: 294, 0s: 401
Client 1 of 3: Local Epoch [3/3] Loss: 0.9443, Accuracy: 69.50 %, Epsilon: 16.17, Delta: 0.0030
max_grad_norm:  1.5
Predictions - 1s: 150, 0s: 545
True Labels - 1s: 303, 0s: 392
Client 2 of 3: Local Epoch [1/3] Loss: 0.9767, Accuracy: 65.32 %, Epsilon: 9.99, Delta: 0.0030
Predictions - 1s: 198, 0s: 497
True Labels - 1s: 303, 0s: 392
Client 2 of 3: Local Epoch [2/3] Loss: 0.8944, Accuracy: 69.64 %, Epsilon: 13.39, Delta: 0.0030
Predictions - 1s: 262, 0s: 433
True Labels - 1s: 303, 0s: 392
Client 2 of 3: Local Epoch [3/3] Loss: 0.7919, Accuracy: 72.23 %, Epsilon: 16.17, Delta: 0.0030
max_grad_norm:  1.5
Predictions - 1s: 82, 0s: 613
True Labels - 1s: 275, 0s: 420
Client 3 of 3: Local Epoch [1/3] Loss: 1.0817, Accuracy: 64.75 %, Epsilon: 9.99, Delta: 0.0030
Predictions - 1s: 159, 0s: 536
True Labels - 1s: 275, 0s: 420
Client 3 of 3: Local Epoch [2/3] Loss: 0.8909, Accuracy: 67.19 %, Epsilon: 13.39, Delta: 0.0030
Predictions - 1s: 156, 0s: 539
True Labels - 1s: 275, 0s: 420
Client 3 of 3: Local Epoch [3/3] Loss: 0.9250, Accuracy: 69.35 %, Epsilon: 16.17, Delta: 0.0030
-------------------------------
Round [4/4] Average Local Loss: 0.8870, Average Local Accuracy: 70.36 %
-------------------------------
-------- Validation --------
Predictions - 1s: 53, 0s: 468
True Labels - 1s: 202, 0s: 319
Round [4/4] Global Model Validation Loss: 1.1035, Validation Accuracy: 69.10 %
-------- Validation finished --------
Best model in round 3 saved with Validation Loss: 0.8197 and Validation Accuracy: 67.95 %

-------- Training finished in 6:42 --------

Test flag enabled. Testing the model

-------- Loading best model from model_path --------
Loaded model bert-small from date 10-04-2024 09:06. Trained with Federated Learning technology.
Round 3, lr: 0.006, optimizer: AdamW
Average train accuracy: 67.82 %, Validation accuracy: 67.95 %
-------- Best model loaded --------

-------- Creating Test Dataloader --------
Test Loader: 650 total sentences. 82 batches of size 8.
-------- Test Dataloader created --------

-------- Testing --------
Predictions - 1s: 51, 0s: 599
True Labels - 1s: 268, 0s: 382
Nº of test samples: 650
Accuracy: 63.85%
Accuracy 2 : 63.85%
Precision: 72.31%
Recall: 56.66%
F1 Score: 51.19%
Classification report:
              precision    recall  f1-score   support

           0     0.6227    0.9764    0.7604       382
           1     0.8235    0.1567    0.2633       268

    accuracy                         0.6385       650
   macro avg     0.7231    0.5666    0.5119       650
weighted avg     0.7055    0.6385    0.5555       650

-------- Testing finished --------
