Current configuration:
{
    "concurrency_flag": true,
    "data_distribution": "iid",
    "dataset": "mixed_depression",
    "device": "cuda",
    "dp_delta": 0.003,
    "dp_epsilon": 0,
    "eval_batch_size": 4,
    "eval_flag": true,
    "eval_size": 0.2,
    "fed_alg": "fedavg",
    "layers": 3,
    "learning_rate": 6e-05,
    "max_length": 512,
    "ml_mode": "bcfl",
    "model": "bert_small",
    "model_name": "fedavg_iid_seed7_mixed_depression",
    "models_path": "/local/vpaloma/fabric-federated-learning/ablation_study/phase-4/final/data-dist/mixed_depression",
    "mu": 0.5,
    "num_clients": 5,
    "num_epochs": 3,
    "num_rounds": 4,
    "optimizer": "AdamW",
    "progress_bar_flag": false,
    "save_model": true,
    "scheduler": "linear",
    "scheduler_warmup_steps": 0,
    "seed": "random",
    "test_flag": true,
    "train_batch_size": 4,
    "train_size": 0.8
}
-------- Configuration loaded --------

-------- Setting device --------
cuda device selected and available.
-------- Device set --------

-------- Setting seed --------
seed set:  999950
-------- Seed set --------

-------- Creating Model --------
-------- Model created --------

-------- Setting Trainable Layers --------
Training the last 3 layers.

Total parameters count: 28764674
Trainable parameters count: 3416066
-------- Trainable Layers set --------

-------- Creating Tokenizer --------
-------- Tokenizer created --------

-------- Creating Train and Eval Dataloaders --------
Train Loader: 1806 total sentences. 452 batches of size 4.
Eval Loader: 452 total sentences. 113 batches of size 4.
-------- Train and Eval Dataloaders created --------

-------- Training --------
Training with Blockchain-Based Federated Learning technology.
Training without differential privacy.
Federated averaging algorithm selected.
Client 0: Label 0: 167, Label 1: 194
Client 1: Label 0: 174, Label 1: 187
Client 2: Label 0: 173, Label 1: 188
Client 3: Label 0: 178, Label 1: 183
Client 4: Label 0: 164, Label 1: 198

Round 1 of 4
-------------------------------
Predictions - 1s: 165, 0s: 196
True Labels - 1s: 187, 0s: 174
Client 2 of 5: Local Epoch [1/3] Loss: 0.5695, Accuracy: 71.19 %
Predictions - 1s: 176, 0s: 185
True Labels - 1s: 183, 0s: 178
Client 4 of 5: Local Epoch [1/3] Loss: 0.5799, Accuracy: 70.36 %
Predictions - 1s: 194, 0s: 167
True Labels - 1s: 188, 0s: 173
Client 3 of 5: Local Epoch [1/3] Loss: 0.5832, Accuracy: 70.64 %
Predictions - 1s: 234, 0s: 128
Predictions - 1s: 191, 0s: 170
True Labels - 1s: 198, 0s: 164
Client 5 of 5: Local Epoch [1/3] Loss: 0.5819, Accuracy: 69.61 %
True Labels - 1s: 194, 0s: 167
Client 1 of 5: Local Epoch [1/3] Loss: 0.5293, Accuracy: 74.24 %
Predictions - 1s: 186, 0s: 175
True Labels - 1s: 187, 0s: 174
Client 2 of 5: Local Epoch [2/3] Loss: 0.3962, Accuracy: 84.76 %
Predictions - 1s: 170, 0s: 191
True Labels - 1s: 183, 0s: 178
Client 4 of 5: Local Epoch [2/3] Loss: 0.4323, Accuracy: 80.89 %
Predictions - 1s: 201, 0s: 161
True Labels - 1s: 198, 0s: 164
Client 5 of 5: Local Epoch [2/3] Loss: 0.4315, Accuracy: 79.28 %
Predictions - 1s: 178, 0s: 183
Predictions - 1s: 203, 0s: 158
True Labels - 1s: 188, 0s: 173
True Labels - 1s: 194, 0s: 167
Client 3 of 5: Local Epoch [2/3] Loss: 0.3841, Accuracy: 83.93 %
Client 1 of 5: Local Epoch [2/3] Loss: 0.3484, Accuracy: 85.87 %
Predictions - 1s: 191, 0s: 170
True Labels - 1s: 187, 0s: 174
Client 2 of 5: Local Epoch [3/3] Loss: 0.3103, Accuracy: 90.03 %
Predictions - 1s: 177, 0s: 184
True Labels - 1s: 183, 0s: 178
Client 4 of 5: Local Epoch [3/3] Loss: 0.3699, Accuracy: 83.38 %
Predictions - 1s: 210, 0s: 152
True Labels - 1s: 198, 0s: 164
Client 5 of 5: Local Epoch [3/3] Loss: 0.3493, Accuracy: 85.64 %
Predictions - 1s: 194, 0s: 167
True Labels - 1s: 194, 0s: 167
Client 1 of 5: Local Epoch [3/3] Loss: 0.2843, Accuracy: 88.92 %
Predictions - 1s: 187, 0s: 174
True Labels - 1s: 188, 0s: 173
Client 3 of 5: Local Epoch [3/3] Loss: 0.3302, Accuracy: 86.98 %
-------------------------------
Round [1/4] Average Local Loss: 0.3288, Average Local Accuracy: 86.99 %
-------------------------------
-------- Validation --------
Predictions - 1s: 215, 0s: 237
True Labels - 1s: 235, 0s: 217
Round [1/4] Global Model Validation Loss: 0.3945, Validation Accuracy: 82.30 %
-------- Validation finished --------
Updated best model in round 1 saved with Validation Loss: 0.3945 and Validation Accuracy: 82.30 %
-------------------------------

Round 2 of 4
-------------------------------
Predictions - 1s: 186, 0s: 175
True Labels - 1s: 188, 0s: 173
Client 3 of 5: Local Epoch [1/3] Loss: 0.3626, Accuracy: 83.93 %
Predictions - 1s: 185, 0s: 176
True Labels - 1s: 187, 0s: 174
Client 2 of 5: Local Epoch [1/3] Loss: 0.3739, Accuracy: 84.49 %
Predictions - 1s: 210, 0s: 152
True Labels - 1s: 198, 0s: 164
Client 5 of 5: Local Epoch [1/3] Loss: 0.4224, Accuracy: 80.66 %
Predictions - 1s: 184, 0s: 177
True Labels - 1s: 183, 0s: 178
Client 4 of 5: Local Epoch [1/3] Loss: 0.4062, Accuracy: 80.89 %
Predictions - 1s: 193, 0s: 168
True Labels - 1s: 194, 0s: 167
Client 1 of 5: Local Epoch [1/3] Loss: 0.3432, Accuracy: 86.98 %
Predictions - 1s: 194, 0s: 167
True Labels - 1s: 188, 0s: 173
Client 3 of 5: Local Epoch [2/3] Loss: 0.2643, Accuracy: 91.14 %
Predictions - 1s: 195, 0s: 166
True Labels - 1s: 187, 0s: 174
Client 2 of 5: Local Epoch [2/3] Loss: 0.2765, Accuracy: 90.58 %
Predictions - 1s: 212, 0s: 150
True Labels - 1s: 198, 0s: 164
Client 5 of 5: Local Epoch [2/3] Loss: 0.3094, Accuracy: 88.95 %
Predictions - 1s: 181, 0s: 180
True Labels - 1s: 183, 0s: 178
Client 4 of 5: Local Epoch [2/3] Loss: 0.3315, Accuracy: 86.15 %
Predictions - 1s: 200, 0s: 161
True Labels - 1s: 194, 0s: 167
Client 1 of 5: Local Epoch [2/3] Loss: 0.2375, Accuracy: 91.14 %
Predictions - 1s: 187, 0s: 174
True Labels - 1s: 188, 0s: 173
Client 3 of 5: Local Epoch [3/3] Loss: 0.2087, Accuracy: 92.52 %
Predictions - 1s: 184, 0s: 177
True Labels - 1s: 187, 0s: 174
Client 2 of 5: Local Epoch [3/3] Loss: 0.2413, Accuracy: 90.86 %
Predictions - 1s: 209, 0s: 153
True Labels - 1s: 198, 0s: 164
Client 5 of 5: Local Epoch [3/3] Loss: 0.2541, Accuracy: 91.44 %
Predictions - 1s: 183, 0s: 178
True Labels - 1s: 183, 0s: 178
Client 4 of 5: Local Epoch [3/3] Loss: 0.2701, Accuracy: 90.58 %
Predictions - 1s: 203, 0s: 158
True Labels - 1s: 194, 0s: 167
Client 1 of 5: Local Epoch [3/3] Loss: 0.1796, Accuracy: 93.63 %
-------------------------------
Round [2/4] Average Local Loss: 0.2308, Average Local Accuracy: 91.81 %
-------------------------------
-------- Validation --------
Predictions - 1s: 223, 0s: 229
True Labels - 1s: 235, 0s: 217
Round [2/4] Global Model Validation Loss: 0.3357, Validation Accuracy: 86.28 %
-------- Validation finished --------
Updated best model in round 2 saved with Validation Loss: 0.3357 and Validation Accuracy: 86.28 %
-------------------------------

Round 3 of 4
-------------------------------
Predictions - 1s: 180, 0s: 181
True Labels - 1s: 183, 0s: 178
Client 4 of 5: Local Epoch [1/3] Loss: 0.3401, Accuracy: 85.87 %
Predictions - 1s: 198, 0s: 163
True Labels - 1s: 194, 0s: 167
Client 1 of 5: Local Epoch [1/3] Loss: 0.2921, Accuracy: 87.26 %
Predictions - 1s: 186, 0s: 175
Predictions - 1s: 212, 0s: 150
Predictions - 1s: 186, 0s: 175
True Labels - 1s: 187, 0s: 174
True Labels - 1s: 198, 0s: 164
Client 2 of 5: Local Epoch [1/3] Loss: 0.2890, Accuracy: 88.09 %
Client 5 of 5: Local Epoch [1/3] Loss: 0.3407, Accuracy: 85.64 %
True Labels - 1s: 188, 0s: 173
Client 3 of 5: Local Epoch [1/3] Loss: 0.2849, Accuracy: 87.81 %
Predictions - 1s: 189, 0s: 172
True Labels - 1s: 183, 0s: 178
Client 4 of 5: Local Epoch [2/3] Loss: 0.2674, Accuracy: 90.03 %
Predictions - 1s: 193, 0s: 168
True Labels - 1s: 187, 0s: 174
Client 2 of 5: Local Epoch [2/3] Loss: 0.2453, Accuracy: 91.14 %
Predictions - 1s: 209, 0s: 153
True Labels - 1s: 198, 0s: 164
Client 5 of 5: Local Epoch [2/3] Loss: 0.2325, Accuracy: 91.99 %
Predictions - 1s: 201, 0s: 160
True Labels - 1s: 194, 0s: 167
Client 1 of 5: Local Epoch [2/3] Loss: 0.1778, Accuracy: 95.29 %
Predictions - 1s: 195, 0s: 166
True Labels - 1s: 188, 0s: 173
Client 3 of 5: Local Epoch [2/3] Loss: 0.2358, Accuracy: 90.86 %
Predictions - 1s: 191, 0s: 170
True Labels - 1s: 183, 0s: 178
Client 4 of 5: Local Epoch [3/3] Loss: 0.2111, Accuracy: 91.14 %
Predictions - 1s: 194, 0s: 167
True Labels - 1s: 187, 0s: 174
Client 2 of 5: Local Epoch [3/3] Loss: 0.2098, Accuracy: 92.52 %
Predictions - 1s: 212, 0s: 150
True Labels - 1s: 198, 0s: 164
Client 5 of 5: Local Epoch [3/3] Loss: 0.2247, Accuracy: 92.27 %
Predictions - 1s: 205, 0s: 156
True Labels - 1s: 194, 0s: 167
Client 1 of 5: Local Epoch [3/3] Loss: 0.1562, Accuracy: 94.74 %
Predictions - 1s: 191, 0s: 170
True Labels - 1s: 188, 0s: 173
Client 3 of 5: Local Epoch [3/3] Loss: 0.1793, Accuracy: 94.18 %
-------------------------------
Round [3/4] Average Local Loss: 0.1962, Average Local Accuracy: 92.97 %
-------------------------------
-------- Validation --------
Predictions - 1s: 223, 0s: 229
True Labels - 1s: 235, 0s: 217
Round [3/4] Global Model Validation Loss: 0.3306, Validation Accuracy: 87.17 %
-------- Validation finished --------
Updated best model in round 3 saved with Validation Loss: 0.3306 and Validation Accuracy: 87.17 %
-------------------------------

Round 4 of 4
-------------------------------
Predictions - 1s: 186, 0s: 175
True Labels - 1s: 188, 0s: 173
Client 3 of 5: Local Epoch [1/3] Loss: 0.2732, Accuracy: 88.92 %
Predictions - 1s: 197, 0s: 164
True Labels - 1s: 194, 0s: 167
Client 1 of 5: Local Epoch [1/3] Loss: 0.2268, Accuracy: 91.41 %
Predictions - 1s: 204, 0s: 158
True Labels - 1s: 198, 0s: 164
Client 5 of 5: Local Epoch [1/3] Loss: 0.2967, Accuracy: 88.40 %
Predictions - 1s: 187, 0s: 174
True Labels - 1s: 183, 0s: 178
Client 4 of 5: Local Epoch [1/3] Loss: 0.3273, Accuracy: 87.26 %
Predictions - 1s: 195, 0s: 166
True Labels - 1s: 187, 0s: 174
Client 2 of 5: Local Epoch [1/3] Loss: 0.2704, Accuracy: 88.92 %
Predictions - 1s: 192, 0s: 169
True Labels - 1s: 188, 0s: 173
Client 3 of 5: Local Epoch [2/3] Loss: 0.2062, Accuracy: 92.80 %
Predictions - 1s: 198, 0s: 163
True Labels - 1s: 194, 0s: 167
Client 1 of 5: Local Epoch [2/3] Loss: 0.1503, Accuracy: 93.91 %
Predictions - 1s: 208, 0s: 154
True Labels - 1s: 198, 0s: 164
Client 5 of 5: Local Epoch [2/3] Loss: 0.2259, Accuracy: 91.16 %
Predictions - 1s: 178, 0s: 183
True Labels - 1s: 183, 0s: 178
Client 4 of 5: Local Epoch [2/3] Loss: 0.2235, Accuracy: 91.97 %
Predictions - 1s: 192, 0s: 169
True Labels - 1s: 187, 0s: 174
Client 2 of 5: Local Epoch [2/3] Loss: 0.2174, Accuracy: 93.63 %
Predictions - 1s: 193, 0s: 168
True Labels - 1s: 188, 0s: 173
Client 3 of 5: Local Epoch [3/3] Loss: 0.1523, Accuracy: 94.18 %
Predictions - 1s: 201, 0s: 160
True Labels - 1s: 194, 0s: 167
Client 1 of 5: Local Epoch [3/3] Loss: 0.1159, Accuracy: 96.95 %
Predictions - 1s: 208, 0s: 154
True Labels - 1s: 198, 0s: 164
Client 5 of 5: Local Epoch [3/3] Loss: 0.1730, Accuracy: 93.92 %
Predictions - 1s: 185, 0s: 176
True Labels - 1s: 183, 0s: 178
Client 4 of 5: Local Epoch [3/3] Loss: 0.1694, Accuracy: 95.01 %
Predictions - 1s: 194, 0s: 167
True Labels - 1s: 187, 0s: 174
Client 2 of 5: Local Epoch [3/3] Loss: 0.1624, Accuracy: 95.29 %
-------------------------------
Round [4/4] Average Local Loss: 0.1546, Average Local Accuracy: 95.07 %
-------------------------------
-------- Validation --------
Predictions - 1s: 220, 0s: 232
True Labels - 1s: 235, 0s: 217
Round [4/4] Global Model Validation Loss: 0.3392, Validation Accuracy: 87.39 %
-------- Validation finished --------
Best model in round 3 saved with Validation Loss: 0.3306 and Validation Accuracy: 87.17 %

-------- Training finished in 5:32 --------

Test flag enabled. Testing the model

-------- Loading best model from model_path --------
Loaded model bert-small from date 21-04-2024 00:34. Trained with Federated Learning technology.
Round 3, lr: 6e-05, optimizer: AdamW
Average train accuracy: 92.97 %, Validation accuracy: 87.17 %
-------- Best model loaded --------

-------- Creating Test Dataloader --------
Test Loader: 564 total sentences. 71 batches of size 8.
-------- Test Dataloader created --------

-------- Testing --------
Predictions - 1s: 273, 0s: 291
True Labels - 1s: 296, 0s: 268
Nº of test samples: 564
Accuracy: 87.41%
Accuracy 2 : 87.41%
Precision: 87.53%
Recall: 87.58%
F1 Score: 87.41%
Classification report:
              precision    recall  f1-score   support

           0     0.8385    0.9104    0.8730       268
           1     0.9121    0.8412    0.8752       296

    accuracy                         0.8741       564
   macro avg     0.8753    0.8758    0.8741       564
weighted avg     0.8771    0.8741    0.8742       564

-------- Testing finished --------
