Current configuration:
{
    "concurrency_flag": true,
    "data_distribution": "non_iid",
    "dataset": "mixed_depression",
    "device": "cuda",
    "dp_delta": 0.003,
    "dp_epsilon": 0,
    "eval_batch_size": 4,
    "eval_flag": true,
    "eval_size": 0.2,
    "fed_alg": "fedavg",
    "layers": 3,
    "learning_rate": 6e-05,
    "max_length": 512,
    "ml_mode": "bcfl",
    "model": "bert_small",
    "model_name": "fedavg_non_iid_seed9_mixed_depression",
    "models_path": "/local/vpaloma/fabric-federated-learning/ablation_study/phase-4/final/data-dist/mixed_depression",
    "mu": 0.5,
    "num_clients": 5,
    "num_epochs": 3,
    "num_rounds": 4,
    "optimizer": "AdamW",
    "progress_bar_flag": false,
    "save_model": true,
    "scheduler": "linear",
    "scheduler_warmup_steps": 0,
    "seed": "random",
    "test_flag": true,
    "train_batch_size": 4,
    "train_size": 0.8
}
-------- Configuration loaded --------

-------- Setting device --------
cuda device selected and available.
-------- Device set --------

-------- Setting seed --------
seed set:  367839
-------- Seed set --------

-------- Creating Model --------
-------- Model created --------

-------- Setting Trainable Layers --------
Training the last 3 layers.

Total parameters count: 28764674
Trainable parameters count: 3416066
-------- Trainable Layers set --------

-------- Creating Tokenizer --------
-------- Tokenizer created --------

-------- Creating Train and Eval Dataloaders --------
Train Loader: 1806 total sentences. 452 batches of size 4.
Eval Loader: 452 total sentences. 113 batches of size 4.
-------- Train and Eval Dataloaders created --------

-------- Training --------
Training with Blockchain-Based Federated Learning technology.
Training without differential privacy.
Federated averaging algorithm selected.
Client 0: Label 0: 0, Label 1: 409
Client 1: Label 0: 0, Label 1: 408
Client 2: Label 0: 361, Label 1: 47
Client 3: Label 0: 361, Label 1: 47
Client 4: Label 0: 126, Label 1: 47

Round 1 of 4
-------------------------------
Predictions - 1s: 9, 0s: 164
True Labels - 1s: 47, 0s: 126
Client 5 of 5: Local Epoch [1/3] Loss: 0.5265, Accuracy: 74.57 %
Predictions - 1s: 402, 0s: 7
True Labels - 1s: 409, 0s: 0
Client 1 of 5: Local Epoch [1/3] Loss: 0.0529, Accuracy: 98.29 %
Predictions - 1s: 1, 0s: 407
True Labels - 1s: 47, 0s: 361
Client 3 of 5: Local Epoch [1/3] Loss: 0.3061, Accuracy: 88.24 %
Predictions - 1s: 18, 0s: 155
True Labels - 1s: 47, 0s: 126
Client 5 of 5: Local Epoch [2/3] Loss: 0.4272, Accuracy: 79.77 %
Predictions - 1s: 1, 0s: 407
True Labels - 1s: 47, 0s: 361
Client 4 of 5: Local Epoch [1/3] Loss: 0.3163, Accuracy: 88.24 %
Predictions - 1s: 402, 0s: 6
True Labels - 1s: 408, 0s: 0
Client 2 of 5: Local Epoch [1/3] Loss: 0.0551, Accuracy: 98.53 %
Predictions - 1s: 36, 0s: 137
True Labels - 1s: 47, 0s: 126
Client 5 of 5: Local Epoch [3/3] Loss: 0.3661, Accuracy: 85.55 %
Predictions - 1s: 409, 0s: 0
True Labels - 1s: 409, 0s: 0
Client 1 of 5: Local Epoch [2/3] Loss: 0.0029, Accuracy: 100.00 %
Predictions - 1s: 18, 0s: 390
True Labels - 1s: 47, 0s: 361
Client 3 of 5: Local Epoch [2/3] Loss: 0.2294, Accuracy: 91.42 %
Predictions - 1s: 408, 0s: 0
True Labels - 1s: 408, 0s: 0
Client 2 of 5: Local Epoch [2/3] Loss: 0.0029, Accuracy: 100.00 %
Predictions - 1s: 18, 0s: 390
True Labels - 1s: 47, 0s: 361
Client 4 of 5: Local Epoch [2/3] Loss: 0.2125, Accuracy: 92.40 %
Predictions - 1s: 409, 0s: 0
True Labels - 1s: 409, 0s: 0
Client 1 of 5: Local Epoch [3/3] Loss: 0.0020, Accuracy: 100.00 %
Predictions - 1s: 28, 0s: 380
True Labels - 1s: 47, 0s: 361
Client 3 of 5: Local Epoch [3/3] Loss: 0.1885, Accuracy: 93.38 %
Predictions - 1s: 408, 0s: 0
True Labels - 1s: 408, 0s: 0
Client 2 of 5: Local Epoch [3/3] Loss: 0.0020, Accuracy: 100.00 %
Predictions - 1s: 35, 0s: 373
True Labels - 1s: 47, 0s: 361
Client 4 of 5: Local Epoch [3/3] Loss: 0.1690, Accuracy: 94.61 %
-------------------------------
Round [1/4] Average Local Loss: 0.1455, Average Local Accuracy: 94.71 %
-------------------------------
-------- Validation --------
Predictions - 1s: 408, 0s: 44
True Labels - 1s: 227, 0s: 225
Round [1/4] Global Model Validation Loss: 0.7163, Validation Accuracy: 59.51 %
-------- Validation finished --------
Updated best model in round 1 saved with Validation Loss: 0.7163 and Validation Accuracy: 59.51 %
-------------------------------

Round 2 of 4
-------------------------------
Predictions - 1s: 36, 0s: 137
True Labels - 1s: 47, 0s: 126
Client 5 of 5: Local Epoch [1/3] Loss: 0.4828, Accuracy: 78.61 %
Predictions - 1s: 40, 0s: 133
True Labels - 1s: 47, 0s: 126
Client 5 of 5: Local Epoch [2/3] Loss: 0.3361, Accuracy: 86.71 %
Predictions - 1s: 408, 0s: 0
True Labels - 1s: 408, 0s: 0
Client 2 of 5: Local Epoch [1/3] Loss: 0.0070, Accuracy: 100.00 %
Predictions - 1s: 26, 0s: 382
True Labels - 1s: 47, 0s: 361
Client 3 of 5: Local Epoch [1/3] Loss: 0.2706, Accuracy: 88.97 %
Predictions - 1s: 30, 0s: 378
True Labels - 1s: 47, 0s: 361
Client 4 of 5: Local Epoch [1/3] Loss: 0.2440, Accuracy: 91.42 %
Predictions - 1s: 409, 0s: 0
True Labels - 1s: 409, 0s: 0
Client 1 of 5: Local Epoch [1/3] Loss: 0.0064, Accuracy: 100.00 %
Predictions - 1s: 36, 0s: 137
True Labels - 1s: 47, 0s: 126
Client 5 of 5: Local Epoch [3/3] Loss: 0.3099, Accuracy: 86.71 %
Predictions - 1s: 33, 0s: 375
True Labels - 1s: 47, 0s: 361
Client 3 of 5: Local Epoch [2/3] Loss: 0.1863, Accuracy: 93.63 %
Predictions - 1s: 408, 0s: 0
True Labels - 1s: 408, 0s: 0
Client 2 of 5: Local Epoch [2/3] Loss: 0.0005, Accuracy: 100.00 %
Predictions - 1s: 29, 0s: 379
True Labels - 1s: 47, 0s: 361
Client 4 of 5: Local Epoch [2/3] Loss: 0.1712, Accuracy: 93.63 %
Predictions - 1s: 409, 0s: 0
True Labels - 1s: 409, 0s: 0
Client 1 of 5: Local Epoch [2/3] Loss: 0.0005, Accuracy: 100.00 %
Predictions - 1s: 29, 0s: 379
True Labels - 1s: 47, 0s: 361
Client 3 of 5: Local Epoch [3/3] Loss: 0.1536, Accuracy: 94.61 %
Predictions - 1s: 42, 0s: 366
True Labels - 1s: 47, 0s: 361
Client 4 of 5: Local Epoch [3/3] Loss: 0.1365, Accuracy: 96.32 %
Predictions - 1s: 409, 0s: 0
True Labels - 1s: 409, 0s: 0
Client 1 of 5: Local Epoch [3/3] Loss: 0.0004, Accuracy: 100.00 %
Predictions - 1s: 408, 0s: 0
True Labels - 1s: 408, 0s: 0
Client 2 of 5: Local Epoch [3/3] Loss: 0.0004, Accuracy: 100.00 %
-------------------------------
Round [2/4] Average Local Loss: 0.1202, Average Local Accuracy: 95.53 %
-------------------------------
-------- Validation --------
Predictions - 1s: 381, 0s: 71
True Labels - 1s: 227, 0s: 225
Round [2/4] Global Model Validation Loss: 0.8499, Validation Accuracy: 65.04 %
-------- Validation finished --------
Updated best model in round 2 saved with Validation Loss: 0.8499 and Validation Accuracy: 65.04 %
-------------------------------

Round 3 of 4
-------------------------------
Predictions - 1s: 46, 0s: 127
True Labels - 1s: 47, 0s: 126
Client 5 of 5: Local Epoch [1/3] Loss: 0.4130, Accuracy: 80.92 %
Predictions - 1s: 47, 0s: 126
True Labels - 1s: 47, 0s: 126
Client 5 of 5: Local Epoch [2/3] Loss: 0.2958, Accuracy: 90.75 %
Predictions - 1s: 409, 0s: 0
True Labels - 1s: 409, 0s: 0
Client 1 of 5: Local Epoch [1/3] Loss: 0.0012, Accuracy: 100.00 %
Predictions - 1s: 36, 0s: 372
True Labels - 1s: 47, 0s: 361
Client 3 of 5: Local Epoch [1/3] Loss: 0.2604, Accuracy: 90.44 %
Predictions - 1s: 408, 0s: 0
True Labels - 1s: 408, 0s: 0
Client 2 of 5: Local Epoch [1/3] Loss: 0.0025, Accuracy: 100.00 %
Predictions - 1s: 39, 0s: 369
True Labels - 1s: 47, 0s: 361
Client 4 of 5: Local Epoch [1/3] Loss: 0.2532, Accuracy: 90.20 %
Predictions - 1s: 39, 0s: 134
True Labels - 1s: 47, 0s: 126
Client 5 of 5: Local Epoch [3/3] Loss: 0.2624, Accuracy: 89.60 %
Predictions - 1s: 409, 0s: 0
True Labels - 1s: 409, 0s: 0
Client 1 of 5: Local Epoch [2/3] Loss: 0.0001, Accuracy: 100.00 %
Predictions - 1s: 35, 0s: 373
True Labels - 1s: 47, 0s: 361
Client 3 of 5: Local Epoch [2/3] Loss: 0.1650, Accuracy: 93.14 %
Predictions - 1s: 408, 0s: 0
True Labels - 1s: 408, 0s: 0
Client 2 of 5: Local Epoch [2/3] Loss: 0.0002, Accuracy: 100.00 %
Predictions - 1s: 38, 0s: 370
True Labels - 1s: 47, 0s: 361
Client 4 of 5: Local Epoch [2/3] Loss: 0.1515, Accuracy: 94.85 %
Predictions - 1s: 409, 0s: 0
True Labels - 1s: 409, 0s: 0
Client 1 of 5: Local Epoch [3/3] Loss: 0.0001, Accuracy: 100.00 %
Predictions - 1s: 41, 0s: 367
True Labels - 1s: 47, 0s: 361
Client 3 of 5: Local Epoch [3/3] Loss: 0.1443, Accuracy: 94.61 %
Predictions - 1s: 408, 0s: 0
True Labels - 1s: 408, 0s: 0
Client 2 of 5: Local Epoch [3/3] Loss: 0.0001, Accuracy: 100.00 %
Predictions - 1s: 36, 0s: 372
True Labels - 1s: 47, 0s: 361
Client 4 of 5: Local Epoch [3/3] Loss: 0.1201, Accuracy: 96.32 %
-------------------------------
Round [3/4] Average Local Loss: 0.1054, Average Local Accuracy: 96.11 %
-------------------------------
-------- Validation --------
Predictions - 1s: 370, 0s: 82
True Labels - 1s: 227, 0s: 225
Round [3/4] Global Model Validation Loss: 0.9098, Validation Accuracy: 67.48 %
-------- Validation finished --------
Updated best model in round 3 saved with Validation Loss: 0.9098 and Validation Accuracy: 67.48 %
-------------------------------

Round 4 of 4
-------------------------------
Predictions - 1s: 47, 0s: 126
True Labels - 1s: 47, 0s: 126
Client 5 of 5: Local Epoch [1/3] Loss: 0.4191, Accuracy: 81.50 %
Predictions - 1s: 408, 0s: 0
True Labels - 1s: 408, 0s: 0
Client 2 of 5: Local Epoch [1/3] Loss: 0.0011, Accuracy: 100.00 %
Predictions - 1s: 42, 0s: 131
True Labels - 1s: 47, 0s: 126
Client 5 of 5: Local Epoch [2/3] Loss: 0.2729, Accuracy: 90.17 %
Predictions - 1s: 40, 0s: 368
True Labels - 1s: 47, 0s: 361
Client 4 of 5: Local Epoch [1/3] Loss: 0.2275, Accuracy: 91.91 %
Predictions - 1s: 45, 0s: 363
True Labels - 1s: 47, 0s: 361
Client 3 of 5: Local Epoch [1/3] Loss: 0.2459, Accuracy: 90.69 %
Predictions - 1s: 409, 0s: 0
True Labels - 1s: 409, 0s: 0
Client 1 of 5: Local Epoch [1/3] Loss: 0.0008, Accuracy: 100.00 %
Predictions - 1s: 40, 0s: 133
True Labels - 1s: 47, 0s: 126
Client 5 of 5: Local Epoch [3/3] Loss: 0.2264, Accuracy: 89.02 %
Predictions - 1s: 408, 0s: 0
True Labels - 1s: 408, 0s: 0
Client 2 of 5: Local Epoch [2/3] Loss: 0.0001, Accuracy: 100.00 %
Predictions - 1s: 37, 0s: 371
True Labels - 1s: 47, 0s: 361
Client 4 of 5: Local Epoch [2/3] Loss: 0.1288, Accuracy: 95.10 %
Predictions - 1s: 409, 0s: 0
True Labels - 1s: 409, 0s: 0
Client 1 of 5: Local Epoch [2/3] Loss: 0.0001, Accuracy: 100.00 %
Predictions - 1s: 32, 0s: 376
True Labels - 1s: 47, 0s: 361
Client 3 of 5: Local Epoch [2/3] Loss: 0.1584, Accuracy: 94.36 %
Predictions - 1s: 408, 0s: 0
True Labels - 1s: 408, 0s: 0
Client 2 of 5: Local Epoch [3/3] Loss: 0.0001, Accuracy: 100.00 %
Predictions - 1s: 40, 0s: 368
True Labels - 1s: 47, 0s: 361
Client 4 of 5: Local Epoch [3/3] Loss: 0.1068, Accuracy: 96.32 %
Predictions - 1s: 409, 0s: 0
True Labels - 1s: 409, 0s: 0
Client 1 of 5: Local Epoch [3/3] Loss: 0.0001, Accuracy: 100.00 %
Predictions - 1s: 38, 0s: 370
True Labels - 1s: 47, 0s: 361
Client 3 of 5: Local Epoch [3/3] Loss: 0.1195, Accuracy: 95.83 %
-------------------------------
Round [4/4] Average Local Loss: 0.0906, Average Local Accuracy: 96.23 %
-------------------------------
-------- Validation --------
Predictions - 1s: 352, 0s: 100
True Labels - 1s: 227, 0s: 225
Round [4/4] Global Model Validation Loss: 0.8556, Validation Accuracy: 71.46 %
-------- Validation finished --------
Updated best model in round 4 saved with Validation Loss: 0.8556 and Validation Accuracy: 71.46 %
-------------------------------
Best model in round 4 saved with Validation Loss: 0.8556 and Validation Accuracy: 71.46 %

-------- Training finished in 5:34 --------

Test flag enabled. Testing the model

-------- Loading best model from model_path --------
Loaded model bert-small from date 23-04-2024 14:34. Trained with Federated Learning technology.
Round 4, lr: 6e-05, optimizer: AdamW
Average train accuracy: 96.23 %, Validation accuracy: 71.46 %
-------- Best model loaded --------

-------- Creating Test Dataloader --------
Test Loader: 564 total sentences. 71 batches of size 8.
-------- Test Dataloader created --------

-------- Testing --------
Predictions - 1s: 421, 0s: 143
True Labels - 1s: 296, 0s: 268
Nº of test samples: 564
Accuracy: 76.77%
Accuracy 2 : 76.77%
Precision: 83.75%
Recall: 75.61%
F1 Score: 74.93%
Classification report:
              precision    recall  f1-score   support

           0     0.9790    0.5224    0.6813       268
           1     0.6960    0.9899    0.8173       296

    accuracy                         0.7677       564
   macro avg     0.8375    0.7561    0.7493       564
weighted avg     0.8305    0.7677    0.7527       564

-------- Testing finished --------
