Current configuration:
{
    "concurrency_flag": true,
    "data_distribution": "non_iid",
    "dataset": "mixed_depression",
    "device": "cuda",
    "dp_delta": 0.003,
    "dp_epsilon": 0,
    "eval_batch_size": 4,
    "eval_flag": true,
    "eval_size": 0.2,
    "fed_alg": "fedavg",
    "layers": 3,
    "learning_rate": 6e-05,
    "max_length": 512,
    "ml_mode": "bcfl",
    "model": "bert_small",
    "model_name": "fedavg_non_iid_seed4_mixed_depression",
    "models_path": "/local/vpaloma/fabric-federated-learning/ablation_study/phase-4/final/data-dist/mixed_depression",
    "mu": 0.5,
    "num_clients": 5,
    "num_epochs": 3,
    "num_rounds": 4,
    "optimizer": "AdamW",
    "progress_bar_flag": false,
    "save_model": true,
    "scheduler": "linear",
    "scheduler_warmup_steps": 0,
    "seed": "random",
    "test_flag": true,
    "train_batch_size": 4,
    "train_size": 0.8
}
-------- Configuration loaded --------

-------- Setting device --------
cuda device selected and available.
-------- Device set --------

-------- Setting seed --------
seed set:  484028
-------- Seed set --------

-------- Creating Model --------
-------- Model created --------

-------- Setting Trainable Layers --------
Training the last 3 layers.

Total parameters count: 28764674
Trainable parameters count: 3416066
-------- Trainable Layers set --------

-------- Creating Tokenizer --------
-------- Tokenizer created --------

-------- Creating Train and Eval Dataloaders --------
Train Loader: 1806 total sentences. 452 batches of size 4.
Eval Loader: 452 total sentences. 113 batches of size 4.
-------- Train and Eval Dataloaders created --------

-------- Training --------
Training with Blockchain-Based Federated Learning technology.
Training without differential privacy.
Federated averaging algorithm selected.
Client 0: Label 0: 0, Label 1: 407
Client 1: Label 0: 0, Label 1: 407
Client 2: Label 0: 361, Label 1: 46
Client 3: Label 0: 361, Label 1: 45
Client 4: Label 0: 134, Label 1: 45

Round 1 of 4
-------------------------------
Predictions - 1s: 10, 0s: 169
True Labels - 1s: 45, 0s: 134
Client 5 of 5: Local Epoch [1/3] Loss: 0.5582, Accuracy: 71.51 %
Predictions - 1s: 8, 0s: 171
True Labels - 1s: 45, 0s: 134
Client 5 of 5: Local Epoch [2/3] Loss: 0.4539, Accuracy: 77.09 %
Predictions - 1s: 8, 0s: 399
True Labels - 1s: 46, 0s: 361
Client 3 of 5: Local Epoch [1/3] Loss: 0.3537, Accuracy: 86.73 %
Predictions - 1s: 406, 0s: 1
True Labels - 1s: 407, 0s: 0
Client 2 of 5: Local Epoch [1/3] Loss: 0.0335, Accuracy: 99.75 %
Predictions - 1s: 407, 0s: 0
True Labels - 1s: 407, 0s: 0
Client 1 of 5: Local Epoch [1/3] Loss: 0.0312, Accuracy: 100.00 %
Predictions - 1s: 8, 0s: 398
True Labels - 1s: 45, 0s: 361
Client 4 of 5: Local Epoch [1/3] Loss: 0.3385, Accuracy: 86.95 %
Predictions - 1s: 18, 0s: 161
True Labels - 1s: 45, 0s: 134
Client 5 of 5: Local Epoch [3/3] Loss: 0.3938, Accuracy: 80.45 %
Predictions - 1s: 1, 0s: 406
True Labels - 1s: 46, 0s: 361
Client 3 of 5: Local Epoch [2/3] Loss: 0.2647, Accuracy: 88.94 %
Predictions - 1s: 407, 0s: 0
True Labels - 1s: 407, 0s: 0
Client 2 of 5: Local Epoch [2/3] Loss: 0.0023, Accuracy: 100.00 %
Predictions - 1s: 407, 0s: 0
True Labels - 1s: 407, 0s: 0
Client 1 of 5: Local Epoch [2/3] Loss: 0.0021, Accuracy: 100.00 %
Predictions - 1s: 13, 0s: 393
True Labels - 1s: 45, 0s: 361
Client 4 of 5: Local Epoch [2/3] Loss: 0.2259, Accuracy: 91.13 %
Predictions - 1s: 24, 0s: 383
True Labels - 1s: 46, 0s: 361
Client 3 of 5: Local Epoch [3/3] Loss: 0.2190, Accuracy: 90.66 %
Predictions - 1s: 407, 0s: 0
True Labels - 1s: 407, 0s: 0
Client 2 of 5: Local Epoch [3/3] Loss: 0.0016, Accuracy: 100.00 %
Predictions - 1s: 407, 0s: 0
True Labels - 1s: 407, 0s: 0
Client 1 of 5: Local Epoch [3/3] Loss: 0.0015, Accuracy: 100.00 %
Predictions - 1s: 21, 0s: 385
True Labels - 1s: 45, 0s: 361
Client 4 of 5: Local Epoch [3/3] Loss: 0.1862, Accuracy: 94.09 %
-------------------------------
Round [1/4] Average Local Loss: 0.1604, Average Local Accuracy: 93.04 %
-------------------------------
-------- Validation --------
Predictions - 1s: 434, 0s: 18
True Labels - 1s: 235, 0s: 217
Round [1/4] Global Model Validation Loss: 0.6782, Validation Accuracy: 55.97 %
-------- Validation finished --------
Updated best model in round 1 saved with Validation Loss: 0.6782 and Validation Accuracy: 55.97 %
-------------------------------

Round 2 of 4
-------------------------------
Predictions - 1s: 23, 0s: 156
True Labels - 1s: 45, 0s: 134
Client 5 of 5: Local Epoch [1/3] Loss: 0.4374, Accuracy: 78.77 %
Predictions - 1s: 18, 0s: 389
True Labels - 1s: 46, 0s: 361
Client 3 of 5: Local Epoch [1/3] Loss: 0.3003, Accuracy: 86.73 %
Predictions - 1s: 36, 0s: 143
True Labels - 1s: 45, 0s: 134
Client 5 of 5: Local Epoch [2/3] Loss: 0.3405, Accuracy: 83.80 %
Predictions - 1s: 407, 0s: 0
True Labels - 1s: 407, 0s: 0
Client 2 of 5: Local Epoch [1/3] Loss: 0.0067, Accuracy: 100.00 %
Predictions - 1s: 407, 0s: 0
True Labels - 1s: 407, 0s: 0
Client 1 of 5: Local Epoch [1/3] Loss: 0.0101, Accuracy: 100.00 %
Predictions - 1s: 22, 0s: 384
True Labels - 1s: 45, 0s: 361
Client 4 of 5: Local Epoch [1/3] Loss: 0.2350, Accuracy: 89.41 %
Predictions - 1s: 37, 0s: 142
True Labels - 1s: 45, 0s: 134
Client 5 of 5: Local Epoch [3/3] Loss: 0.3019, Accuracy: 87.71 %
Predictions - 1s: 25, 0s: 382
True Labels - 1s: 46, 0s: 361
Client 3 of 5: Local Epoch [2/3] Loss: 0.2066, Accuracy: 91.40 %
Predictions - 1s: 407, 0s: 0
True Labels - 1s: 407, 0s: 0
Client 2 of 5: Local Epoch [2/3] Loss: 0.0005, Accuracy: 100.00 %
Predictions - 1s: 407, 0s: 0
True Labels - 1s: 407, 0s: 0
Client 1 of 5: Local Epoch [2/3] Loss: 0.0008, Accuracy: 100.00 %
Predictions - 1s: 31, 0s: 375
True Labels - 1s: 45, 0s: 361
Client 4 of 5: Local Epoch [2/3] Loss: 0.1859, Accuracy: 94.09 %
Predictions - 1s: 36, 0s: 371
True Labels - 1s: 46, 0s: 361
Client 3 of 5: Local Epoch [3/3] Loss: 0.1688, Accuracy: 93.12 %
Predictions - 1s: 407, 0s: 0
True Labels - 1s: 407, 0s: 0
Client 2 of 5: Local Epoch [3/3] Loss: 0.0004, Accuracy: 100.00 %
Predictions - 1s: 407, 0s: 0
True Labels - 1s: 407, 0s: 0
Client 1 of 5: Local Epoch [3/3] Loss: 0.0005, Accuracy: 100.00 %
Predictions - 1s: 36, 0s: 370
True Labels - 1s: 45, 0s: 361
Client 4 of 5: Local Epoch [3/3] Loss: 0.1327, Accuracy: 96.31 %
-------------------------------
Round [2/4] Average Local Loss: 0.1208, Average Local Accuracy: 95.43 %
-------------------------------
-------- Validation --------
Predictions - 1s: 395, 0s: 57
True Labels - 1s: 235, 0s: 217
Round [2/4] Global Model Validation Loss: 0.7926, Validation Accuracy: 64.16 %
-------- Validation finished --------
Updated best model in round 2 saved with Validation Loss: 0.7926 and Validation Accuracy: 64.16 %
-------------------------------

Round 3 of 4
-------------------------------
Predictions - 1s: 40, 0s: 139
True Labels - 1s: 45, 0s: 134
Client 5 of 5: Local Epoch [1/3] Loss: 0.4234, Accuracy: 77.09 %
Predictions - 1s: 32, 0s: 375
True Labels - 1s: 46, 0s: 361
Client 3 of 5: Local Epoch [1/3] Loss: 0.2479, Accuracy: 90.66 %
Predictions - 1s: 38, 0s: 368
True Labels - 1s: 45, 0s: 361
Client 4 of 5: Local Epoch [1/3] Loss: 0.2052, Accuracy: 91.87 %
Predictions - 1s: 45, 0s: 134
True Labels - 1s: 45, 0s: 134
Client 5 of 5: Local Epoch [2/3] Loss: 0.2700, Accuracy: 88.83 %
Predictions - 1s: 407, 0s: 0
True Labels - 1s: 407, 0s: 0
Client 1 of 5: Local Epoch [1/3] Loss: 0.0029, Accuracy: 100.00 %
Predictions - 1s: 407, 0s: 0
True Labels - 1s: 407, 0s: 0
Client 2 of 5: Local Epoch [1/3] Loss: 0.0018, Accuracy: 100.00 %
Predictions - 1s: 38, 0s: 369
True Labels - 1s: 46, 0s: 361
Client 3 of 5: Local Epoch [2/3] Loss: 0.1693, Accuracy: 93.61 %
Predictions - 1s: 36, 0s: 143
True Labels - 1s: 45, 0s: 134
Client 5 of 5: Local Epoch [3/3] Loss: 0.2424, Accuracy: 90.50 %
Predictions - 1s: 30, 0s: 376
True Labels - 1s: 45, 0s: 361
Client 4 of 5: Local Epoch [2/3] Loss: 0.1531, Accuracy: 94.83 %
Predictions - 1s: 407, 0s: 0
True Labels - 1s: 407, 0s: 0
Client 1 of 5: Local Epoch [2/3] Loss: 0.0002, Accuracy: 100.00 %
Predictions - 1s: 407, 0s: 0
True Labels - 1s: 407, 0s: 0
Client 2 of 5: Local Epoch [2/3] Loss: 0.0002, Accuracy: 100.00 %
Predictions - 1s: 33, 0s: 374
True Labels - 1s: 46, 0s: 361
Client 3 of 5: Local Epoch [3/3] Loss: 0.1417, Accuracy: 93.37 %
Predictions - 1s: 35, 0s: 371
True Labels - 1s: 45, 0s: 361
Client 4 of 5: Local Epoch [3/3] Loss: 0.1235, Accuracy: 97.04 %
Predictions - 1s: 407, 0s: 0
True Labels - 1s: 407, 0s: 0
Client 1 of 5: Local Epoch [3/3] Loss: 0.0002, Accuracy: 100.00 %
Predictions - 1s: 407, 0s: 0
True Labels - 1s: 407, 0s: 0
Client 2 of 5: Local Epoch [3/3] Loss: 0.0001, Accuracy: 100.00 %
-------------------------------
Round [3/4] Average Local Loss: 0.1016, Average Local Accuracy: 96.18 %
-------------------------------
-------- Validation --------
Predictions - 1s: 360, 0s: 92
True Labels - 1s: 235, 0s: 217
Round [3/4] Global Model Validation Loss: 0.7640, Validation Accuracy: 71.02 %
-------- Validation finished --------
Updated best model in round 3 saved with Validation Loss: 0.7640 and Validation Accuracy: 71.02 %
-------------------------------

Round 4 of 4
-------------------------------
Predictions - 1s: 40, 0s: 139
True Labels - 1s: 45, 0s: 134
Client 5 of 5: Local Epoch [1/3] Loss: 0.3498, Accuracy: 86.03 %
Predictions - 1s: 407, 0s: 0
True Labels - 1s: 407, 0s: 0
Client 2 of 5: Local Epoch [1/3] Loss: 0.0012, Accuracy: 100.00 %
Predictions - 1s: 407, 0s: 0
True Labels - 1s: 407, 0s: 0
Client 1 of 5: Local Epoch [1/3] Loss: 0.0015, Accuracy: 100.00 %
Predictions - 1s: 40, 0s: 367
True Labels - 1s: 46, 0s: 361
Client 3 of 5: Local Epoch [1/3] Loss: 0.2827, Accuracy: 88.21 %
Predictions - 1s: 44, 0s: 135
True Labels - 1s: 45, 0s: 134
Client 5 of 5: Local Epoch [2/3] Loss: 0.2261, Accuracy: 90.50 %
Predictions - 1s: 38, 0s: 368
True Labels - 1s: 45, 0s: 361
Client 4 of 5: Local Epoch [1/3] Loss: 0.1897, Accuracy: 93.84 %
Predictions - 1s: 43, 0s: 136
True Labels - 1s: 45, 0s: 134
Client 5 of 5: Local Epoch [3/3] Loss: 0.1875, Accuracy: 92.18 %
Predictions - 1s: 407, 0s: 0
True Labels - 1s: 407, 0s: 0
Client 2 of 5: Local Epoch [2/3] Loss: 0.0001, Accuracy: 100.00 %
Predictions - 1s: 407, 0s: 0
True Labels - 1s: 407, 0s: 0
Client 1 of 5: Local Epoch [2/3] Loss: 0.0001, Accuracy: 100.00 %
Predictions - 1s: 36, 0s: 371
True Labels - 1s: 46, 0s: 361
Client 3 of 5: Local Epoch [2/3] Loss: 0.1513, Accuracy: 94.10 %
Predictions - 1s: 31, 0s: 375
True Labels - 1s: 45, 0s: 361
Client 4 of 5: Local Epoch [2/3] Loss: 0.1188, Accuracy: 96.06 %
Predictions - 1s: 407, 0s: 0
True Labels - 1s: 407, 0s: 0
Client 2 of 5: Local Epoch [3/3] Loss: 0.0001, Accuracy: 100.00 %
Predictions - 1s: 407, 0s: 0
True Labels - 1s: 407, 0s: 0
Client 1 of 5: Local Epoch [3/3] Loss: 0.0001, Accuracy: 100.00 %
Predictions - 1s: 35, 0s: 372
True Labels - 1s: 46, 0s: 361
Client 3 of 5: Local Epoch [3/3] Loss: 0.1159, Accuracy: 95.82 %
Predictions - 1s: 43, 0s: 363
True Labels - 1s: 45, 0s: 361
Client 4 of 5: Local Epoch [3/3] Loss: 0.0980, Accuracy: 97.04 %
-------------------------------
Round [4/4] Average Local Loss: 0.0803, Average Local Accuracy: 97.01 %
-------------------------------
-------- Validation --------
Predictions - 1s: 343, 0s: 109
True Labels - 1s: 235, 0s: 217
Round [4/4] Global Model Validation Loss: 0.7343, Validation Accuracy: 75.22 %
-------- Validation finished --------
Updated best model in round 4 saved with Validation Loss: 0.7343 and Validation Accuracy: 75.22 %
-------------------------------
Best model in round 4 saved with Validation Loss: 0.7343 and Validation Accuracy: 75.22 %

-------- Training finished in 4:57 --------

Test flag enabled. Testing the model

-------- Loading best model from model_path --------
Loaded model bert-small from date 23-04-2024 13:32. Trained with Federated Learning technology.
Round 4, lr: 6e-05, optimizer: AdamW
Average train accuracy: 97.01 %, Validation accuracy: 75.22 %
-------- Best model loaded --------

-------- Creating Test Dataloader --------
Test Loader: 564 total sentences. 71 batches of size 8.
-------- Test Dataloader created --------

-------- Testing --------
Predictions - 1s: 415, 0s: 149
True Labels - 1s: 296, 0s: 268
Nº of test samples: 564
Accuracy: 76.77%
Accuracy 2 : 76.77%
Precision: 82.93%
Recall: 75.67%
F1 Score: 75.08%
Classification report:
              precision    recall  f1-score   support

           0     0.9597    0.5336    0.6859       268
           1     0.6988    0.9797    0.8158       296

    accuracy                         0.7677       564
   macro avg     0.8293    0.7567    0.7508       564
weighted avg     0.8228    0.7677    0.7540       564

-------- Testing finished --------
