Current configuration:
{
    "concurrency_flag": true,
    "data_distribution": "iid",
    "dataset": "mixed_depression",
    "device": "cuda",
    "dp_delta": 0.003,
    "dp_epsilon": 0,
    "eval_batch_size": 4,
    "eval_flag": true,
    "eval_size": 0.2,
    "fed_alg": "fedprox",
    "layers": 3,
    "learning_rate": 6e-05,
    "max_length": 512,
    "ml_mode": "bcfl",
    "model": "bert_small",
    "model_name": "fedprox_iid_seed9_mixed_depression",
    "models_path": "/local/vpaloma/fabric-federated-learning/ablation_study/phase-4/final/data-dist/mixed_depression",
    "mu": 0.5,
    "num_clients": 5,
    "num_epochs": 3,
    "num_rounds": 4,
    "optimizer": "AdamW",
    "progress_bar_flag": false,
    "save_model": true,
    "scheduler": "linear",
    "scheduler_warmup_steps": 0,
    "seed": "random",
    "test_flag": true,
    "train_batch_size": 4,
    "train_size": 0.8
}
-------- Configuration loaded --------

-------- Setting device --------
cuda device selected and available.
-------- Device set --------

-------- Setting seed --------
seed set:  669847
-------- Seed set --------

-------- Creating Model --------
-------- Model created --------

-------- Setting Trainable Layers --------
Training the last 3 layers.

Total parameters count: 28764674
Trainable parameters count: 3416066
-------- Trainable Layers set --------

-------- Creating Tokenizer --------
-------- Tokenizer created --------

-------- Creating Train and Eval Dataloaders --------
Train Loader: 1806 total sentences. 452 batches of size 4.
Eval Loader: 452 total sentences. 113 batches of size 4.
-------- Train and Eval Dataloaders created --------

-------- Training --------
Training with Blockchain-Based Federated Learning technology.
Training without differential privacy.
Federated proximal algorithm selected.
Using mu value of 0.5.
Client 0: Label 0: 183, Label 1: 178
Client 1: Label 0: 169, Label 1: 192
Client 2: Label 0: 156, Label 1: 205
Client 3: Label 0: 180, Label 1: 181
Client 4: Label 0: 172, Label 1: 190

Round 1 of 4
-------------------------------
Predictions - 1s: 177, 0s: 184
True Labels - 1s: 181, 0s: 180
Client 4 of 5: Local Epoch [1/3] Loss: 0.6948, Accuracy: 65.65 %
Predictions - 1s: 156, 0s: 205
True Labels - 1s: 178, 0s: 183
Client 1 of 5: Local Epoch [1/3] Loss: 0.6652, Accuracy: 67.31 %
Predictions - 1s: 248, 0s: 113
True Labels - 1s: 205, 0s: 156
Client 3 of 5: Local Epoch [1/3] Loss: 0.6529, Accuracy: 69.25 %
Predictions - 1s: 218, 0s: 143
True Labels - 1s: 192, 0s: 169
Client 2 of 5: Local Epoch [1/3] Loss: 0.6631, Accuracy: 70.08 %
Predictions - 1s: 192, 0s: 170
True Labels - 1s: 190, 0s: 172
Client 5 of 5: Local Epoch [1/3] Loss: 0.6923, Accuracy: 60.77 %
Predictions - 1s: 190, 0s: 171
True Labels - 1s: 192, 0s: 169
Client 2 of 5: Local Epoch [2/3] Loss: 0.5823, Accuracy: 82.27 %
Predictions - 1s: 163, 0s: 198
Predictions - 1s: 199, 0s: 163
True Labels - 1s: 178, 0s: 183
Client 1 of 5: Local Epoch [2/3] Loss: 0.5866, Accuracy: 77.56 %
True Labels - 1s: 190, 0s: 172
Client 5 of 5: Local Epoch [2/3] Loss: 0.6038, Accuracy: 77.62 %
Predictions - 1s: 221, 0s: 140
True Labels - 1s: 205, 0s: 156
Client 3 of 5: Local Epoch [2/3] Loss: 0.5792, Accuracy: 79.50 %
Predictions - 1s: 173, 0s: 188
True Labels - 1s: 181, 0s: 180
Client 4 of 5: Local Epoch [2/3] Loss: 0.6023, Accuracy: 77.84 %
Predictions - 1s: 182, 0s: 179
True Labels - 1s: 178, 0s: 183
Client 1 of 5: Local Epoch [3/3] Loss: 0.5592, Accuracy: 81.16 %
Predictions - 1s: 195, 0s: 167
True Labels - 1s: 190, 0s: 172
Client 5 of 5: Local Epoch [3/3] Loss: 0.5838, Accuracy: 77.62 %
Predictions - 1s: 210, 0s: 151
True Labels - 1s: 192, 0s: 169
Client 2 of 5: Local Epoch [3/3] Loss: 0.5465, Accuracy: 82.83 %
Predictions - 1s: 208, 0s: 153
True Labels - 1s: 205, 0s: 156
Client 3 of 5: Local Epoch [3/3] Loss: 0.5513, Accuracy: 83.10 %
Predictions - 1s: 176, 0s: 185
True Labels - 1s: 181, 0s: 180
Client 4 of 5: Local Epoch [3/3] Loss: 0.5642, Accuracy: 81.99 %
-------------------------------
Round [1/4] Average Local Loss: 0.5610, Average Local Accuracy: 81.34 %
-------------------------------
-------- Validation --------
Predictions - 1s: 209, 0s: 243
True Labels - 1s: 239, 0s: 213
Round [1/4] Global Model Validation Loss: 0.4802, Validation Accuracy: 81.86 %
-------- Validation finished --------
Updated best model in round 1 saved with Validation Loss: 0.4802 and Validation Accuracy: 81.86 %
-------------------------------

Round 2 of 4
-------------------------------
Predictions - 1s: 180, 0s: 181
True Labels - 1s: 178, 0s: 183
Client 1 of 5: Local Epoch [1/3] Loss: 0.4851, Accuracy: 81.16 %
Predictions - 1s: 223, 0s: 138
Predictions - 1s: 173, 0s: 189
True Labels - 1s: 205, 0s: 156
Client 3 of 5: Local Epoch [1/3] Loss: 0.4751, Accuracy: 81.16 %
True Labels - 1s: 190, 0s: 172
Client 5 of 5: Local Epoch [1/3] Loss: 0.5180, Accuracy: 77.62 %
Predictions - 1s: 187, 0s: 174
True Labels - 1s: 181, 0s: 180
Client 4 of 5: Local Epoch [1/3] Loss: 0.5297, Accuracy: 76.73 %
Predictions - 1s: 198, 0s: 163
True Labels - 1s: 192, 0s: 169
Client 2 of 5: Local Epoch [1/3] Loss: 0.4663, Accuracy: 82.27 %
Predictions - 1s: 195, 0s: 167
True Labels - 1s: 190, 0s: 172
Client 5 of 5: Local Epoch [2/3] Loss: 0.4707, Accuracy: 82.60 %
Predictions - 1s: 190, 0s: 171
True Labels - 1s: 181, 0s: 180
Client 4 of 5: Local Epoch [2/3] Loss: 0.4369, Accuracy: 84.21 %
Predictions - 1s: 196, 0s: 165
True Labels - 1s: 192, 0s: 169
Client 2 of 5: Local Epoch [2/3] Loss: 0.4081, Accuracy: 84.49 %
Predictions - 1s: 169, 0s: 192
True Labels - 1s: 178, 0s: 183
Client 1 of 5: Local Epoch [2/3] Loss: 0.4411, Accuracy: 83.10 %
Predictions - 1s: 206, 0s: 155
True Labels - 1s: 205, 0s: 156
Client 3 of 5: Local Epoch [2/3] Loss: 0.4208, Accuracy: 85.32 %
Predictions - 1s: 188, 0s: 174
True Labels - 1s: 190, 0s: 172
Client 5 of 5: Local Epoch [3/3] Loss: 0.4334, Accuracy: 85.08 %
Predictions - 1s: 176, 0s: 185
True Labels - 1s: 181, 0s: 180
Client 4 of 5: Local Epoch [3/3] Loss: 0.4218, Accuracy: 85.87 %
Predictions - 1s: 198, 0s: 163
True Labels - 1s: 192, 0s: 169
Client 2 of 5: Local Epoch [3/3] Loss: 0.3845, Accuracy: 86.70 %
Predictions - 1s: 177, 0s: 184
Predictions - 1s: 207, 0s: 154
True Labels - 1s: 178, 0s: 183
True Labels - 1s: 205, 0s: 156
Client 1 of 5: Local Epoch [3/3] Loss: 0.4259, Accuracy: 83.66 %
Client 3 of 5: Local Epoch [3/3] Loss: 0.3971, Accuracy: 86.70 %
-------------------------------
Round [2/4] Average Local Loss: 0.4125, Average Local Accuracy: 85.60 %
-------------------------------
-------- Validation --------
Predictions - 1s: 220, 0s: 232
True Labels - 1s: 239, 0s: 213
Round [2/4] Global Model Validation Loss: 0.3812, Validation Accuracy: 85.18 %
-------- Validation finished --------
Updated best model in round 2 saved with Validation Loss: 0.3812 and Validation Accuracy: 85.18 %
-------------------------------

Round 3 of 4
-------------------------------
Predictions - 1s: 195, 0s: 167
True Labels - 1s: 190, 0s: 172
Client 5 of 5: Local Epoch [1/3] Loss: 0.4519, Accuracy: 81.49 %
Predictions - 1s: 186, 0s: 175
True Labels - 1s: 178, 0s: 183
Client 1 of 5: Local Epoch [1/3] Loss: 0.4208, Accuracy: 81.72 %
Predictions - 1s: 214, 0s: 147
True Labels - 1s: 205, 0s: 156
Client 3 of 5: Local Epoch [1/3] Loss: 0.3938, Accuracy: 84.21 %
Predictions - 1s: 198, 0s: 163
True Labels - 1s: 192, 0s: 169
Client 2 of 5: Local Epoch [1/3] Loss: 0.3930, Accuracy: 84.49 %
Predictions - 1s: 191, 0s: 170
True Labels - 1s: 181, 0s: 180
Client 4 of 5: Local Epoch [1/3] Loss: 0.4332, Accuracy: 83.93 %
Predictions - 1s: 199, 0s: 162
True Labels - 1s: 192, 0s: 169
Client 2 of 5: Local Epoch [2/3] Loss: 0.3237, Accuracy: 89.75 %
Predictions - 1s: 189, 0s: 172
True Labels - 1s: 181, 0s: 180
Client 4 of 5: Local Epoch [2/3] Loss: 0.3938, Accuracy: 85.60 %
Predictions - 1s: 190, 0s: 172
True Labels - 1s: 190, 0s: 172
Client 5 of 5: Local Epoch [2/3] Loss: 0.4152, Accuracy: 83.43 %
Predictions - 1s: 207, 0s: 154
Predictions - 1s: 168, 0s: 193
True Labels - 1s: 205, 0s: 156
Client 3 of 5: Local Epoch [2/3] Loss: 0.3404, Accuracy: 90.58 %
True Labels - 1s: 178, 0s: 183
Client 1 of 5: Local Epoch [2/3] Loss: 0.3851, Accuracy: 84.49 %
Predictions - 1s: 191, 0s: 170
True Labels - 1s: 181, 0s: 180
Client 4 of 5: Local Epoch [3/3] Loss: 0.3557, Accuracy: 86.70 %
Predictions - 1s: 194, 0s: 168
True Labels - 1s: 190, 0s: 172
Client 5 of 5: Local Epoch [3/3] Loss: 0.3808, Accuracy: 86.74 %
Predictions - 1s: 191, 0s: 170
True Labels - 1s: 192, 0s: 169
Client 2 of 5: Local Epoch [3/3] Loss: 0.3139, Accuracy: 89.20 %
Predictions - 1s: 184, 0s: 177
True Labels - 1s: 178, 0s: 183
Client 1 of 5: Local Epoch [3/3] Loss: 0.3632, Accuracy: 87.81 %
Predictions - 1s: 218, 0s: 143
True Labels - 1s: 205, 0s: 156
Client 3 of 5: Local Epoch [3/3] Loss: 0.3189, Accuracy: 86.98 %
-------------------------------
Round [3/4] Average Local Loss: 0.3465, Average Local Accuracy: 87.49 %
-------------------------------
-------- Validation --------
Predictions - 1s: 227, 0s: 225
True Labels - 1s: 239, 0s: 213
Round [3/4] Global Model Validation Loss: 0.3365, Validation Accuracy: 86.28 %
-------- Validation finished --------
Updated best model in round 3 saved with Validation Loss: 0.3365 and Validation Accuracy: 86.28 %
-------------------------------

Round 4 of 4
-------------------------------
Predictions - 1s: 212, 0s: 149
True Labels - 1s: 205, 0s: 156
Client 3 of 5: Local Epoch [1/3] Loss: 0.3412, Accuracy: 87.53 %
Predictions - 1s: 182, 0s: 179
True Labels - 1s: 178, 0s: 183
Client 1 of 5: Local Epoch [1/3] Loss: 0.3640, Accuracy: 86.15 %
Predictions - 1s: 194, 0s: 167
True Labels - 1s: 192, 0s: 169
Client 2 of 5: Local Epoch [1/3] Loss: 0.3582, Accuracy: 86.70 %
Predictions - 1s: 195, 0s: 167
True Labels - 1s: 190, 0s: 172
Predictions - 1s: 189, 0s: 172
Client 5 of 5: Local Epoch [1/3] Loss: 0.4256, Accuracy: 80.94 %
True Labels - 1s: 181, 0s: 180
Client 4 of 5: Local Epoch [1/3] Loss: 0.3808, Accuracy: 85.60 %
Predictions - 1s: 194, 0s: 168
True Labels - 1s: 190, 0s: 172
Client 5 of 5: Local Epoch [2/3] Loss: 0.3524, Accuracy: 88.40 %
Predictions - 1s: 188, 0s: 173
True Labels - 1s: 181, 0s: 180
Client 4 of 5: Local Epoch [2/3] Loss: 0.3715, Accuracy: 85.87 %
Predictions - 1s: 195, 0s: 166
True Labels - 1s: 192, 0s: 169
Client 2 of 5: Local Epoch [2/3] Loss: 0.2838, Accuracy: 90.86 %
Predictions - 1s: 184, 0s: 177
Predictions - 1s: 210, 0s: 151
True Labels - 1s: 178, 0s: 183
True Labels - 1s: 205, 0s: 156
Client 1 of 5: Local Epoch [2/3] Loss: 0.3246, Accuracy: 88.37 %
Client 3 of 5: Local Epoch [2/3] Loss: 0.3144, Accuracy: 90.30 %
Predictions - 1s: 212, 0s: 149
True Labels - 1s: 205, 0s: 156
Client 3 of 5: Local Epoch [3/3] Loss: 0.2677, Accuracy: 92.52 %
Predictions - 1s: 195, 0s: 166
True Labels - 1s: 192, 0s: 169
Client 2 of 5: Local Epoch [3/3] Loss: 0.2528, Accuracy: 91.41 %
Predictions - 1s: 197, 0s: 165
True Labels - 1s: 190, 0s: 172
Client 5 of 5: Local Epoch [3/3] Loss: 0.3291, Accuracy: 88.67 %
Predictions - 1s: 179, 0s: 182
True Labels - 1s: 181, 0s: 180
Client 4 of 5: Local Epoch [3/3] Loss: 0.3064, Accuracy: 90.03 %
Predictions - 1s: 184, 0s: 177
True Labels - 1s: 178, 0s: 183
Client 1 of 5: Local Epoch [3/3] Loss: 0.3252, Accuracy: 87.26 %
-------------------------------
Round [4/4] Average Local Loss: 0.2962, Average Local Accuracy: 89.98 %
-------------------------------
-------- Validation --------
Predictions - 1s: 228, 0s: 224
True Labels - 1s: 239, 0s: 213
Round [4/4] Global Model Validation Loss: 0.3262, Validation Accuracy: 87.83 %
-------- Validation finished --------
Updated best model in round 4 saved with Validation Loss: 0.3262 and Validation Accuracy: 87.83 %
-------------------------------
Best model in round 4 saved with Validation Loss: 0.3262 and Validation Accuracy: 87.83 %

-------- Training finished in 7:37 --------

Test flag enabled. Testing the model

-------- Loading best model from model_path --------
Loaded model bert-small from date 21-04-2024 08:58. Trained with Federated Learning technology.
Round 4, lr: 6e-05, optimizer: AdamW
Average train accuracy: 89.98 %, Validation accuracy: 87.83 %
-------- Best model loaded --------

-------- Creating Test Dataloader --------
Test Loader: 564 total sentences. 71 batches of size 8.
-------- Test Dataloader created --------

-------- Testing --------
Predictions - 1s: 264, 0s: 300
True Labels - 1s: 296, 0s: 268
Nº of test samples: 564
Accuracy: 86.88%
Accuracy 2 : 86.88%
Precision: 87.19%
Recall: 87.13%
F1 Score: 86.88%
Classification report:
              precision    recall  f1-score   support

           0     0.8233    0.9216    0.8697       268
           1     0.9205    0.8209    0.8679       296

    accuracy                         0.8688       564
   macro avg     0.8719    0.8713    0.8688       564
weighted avg     0.8743    0.8688    0.8687       564

-------- Testing finished --------
