Current configuration:
{
    "concurrency_flag": true,
    "data_distribution": "iid",
    "dataset": "mixed_depression",
    "device": "cuda",
    "dp_delta": 0.003,
    "dp_epsilon": 0,
    "eval_batch_size": 4,
    "eval_flag": true,
    "eval_size": 0.2,
    "fed_alg": "fedprox",
    "layers": 3,
    "learning_rate": 6e-05,
    "max_length": 512,
    "ml_mode": "bcfl",
    "model": "bert_small",
    "model_name": "fedprox_iid_mixed_depression",
    "models_path": "/local/vpaloma/fabric-federated-learning/ablation_study/phase-4/final/data-dist/mixed_depression",
    "mu": 0.5,
    "num_clients": 5,
    "num_epochs": 3,
    "num_rounds": 4,
    "optimizer": "AdamW",
    "progress_bar_flag": false,
    "save_model": true,
    "scheduler": "linear",
    "scheduler_warmup_steps": 0,
    "seed": "random",
    "test_flag": true,
    "train_batch_size": 4,
    "train_size": 0.8
}
-------- Configuration loaded --------

-------- Setting device --------
cuda device selected and available.
-------- Device set --------

-------- Setting seed --------
seed set:  432666
-------- Seed set --------

-------- Creating Model --------
-------- Model created --------

-------- Setting Trainable Layers --------
Training the last 3 layers.

Total parameters count: 28764674
Trainable parameters count: 3416066
-------- Trainable Layers set --------

-------- Creating Tokenizer --------
-------- Tokenizer created --------

-------- Creating Train and Eval Dataloaders --------
Train Loader: 1806 total sentences. 452 batches of size 4.
Eval Loader: 452 total sentences. 113 batches of size 4.
-------- Train and Eval Dataloaders created --------

-------- Training --------
Training with Blockchain-Based Federated Learning technology.
Training without differential privacy.
Federated proximal algorithm selected.
Using mu value of 0.5.
Client 0: Label 0: 166, Label 1: 195
Client 1: Label 0: 182, Label 1: 179
Client 2: Label 0: 156, Label 1: 205
Client 3: Label 0: 171, Label 1: 190
Client 4: Label 0: 178, Label 1: 184

Round 1 of 4
-------------------------------
Predictions - 1s: 191, 0s: 170
True Labels - 1s: 179, 0s: 182
Client 2 of 5: Local Epoch [1/3] Loss: 0.6247, Accuracy: 71.19 %
Predictions - 1s: 211, 0s: 150
True Labels - 1s: 195, 0s: 166
Client 1 of 5: Local Epoch [1/3] Loss: 0.6181, Accuracy: 73.41 %
Predictions - 1s: 216, 0s: 145
True Labels - 1s: 205, 0s: 156
Client 3 of 5: Local Epoch [1/3] Loss: 0.6246, Accuracy: 70.91 %
Predictions - 1s: 198, 0s: 163
True Labels - 1s: 190, 0s: 171
Client 4 of 5: Local Epoch [1/3] Loss: 0.6179, Accuracy: 70.64 %
Predictions - 1s: 186, 0s: 176
True Labels - 1s: 184, 0s: 178
Client 5 of 5: Local Epoch [1/3] Loss: 0.6049, Accuracy: 75.69 %
Predictions - 1s: 171, 0s: 190
True Labels - 1s: 179, 0s: 182
Client 2 of 5: Local Epoch [2/3] Loss: 0.5215, Accuracy: 83.38 %
Predictions - 1s: 177, 0s: 184
True Labels - 1s: 179, 0s: 182
Client 2 of 5: Local Epoch [3/3] Loss: 0.4801, Accuracy: 85.60 %
Predictions - 1s: 162, 0s: 200
True Labels - 1s: 184, 0s: 178
Client 5 of 5: Local Epoch [2/3] Loss: 0.5140, Accuracy: 83.98 %
Predictions - 1s: 203, 0s: 158
True Labels - 1s: 190, 0s: 171
Client 4 of 5: Local Epoch [2/3] Loss: 0.5556, Accuracy: 76.45 %
Predictions - 1s: 210, 0s: 151
True Labels - 1s: 195, 0s: 166
Client 1 of 5: Local Epoch [2/3] Loss: 0.5646, Accuracy: 77.56 %
Predictions - 1s: 210, 0s: 151
True Labels - 1s: 205, 0s: 156
Client 3 of 5: Local Epoch [2/3] Loss: 0.5698, Accuracy: 75.90 %
Predictions - 1s: 171, 0s: 191
True Labels - 1s: 184, 0s: 178
Client 5 of 5: Local Epoch [3/3] Loss: 0.4921, Accuracy: 83.15 %
Predictions - 1s: 181, 0s: 180
True Labels - 1s: 190, 0s: 171
Client 4 of 5: Local Epoch [3/3] Loss: 0.5267, Accuracy: 79.78 %
Predictions - 1s: 204, 0s: 157
True Labels - 1s: 205, 0s: 156
Client 3 of 5: Local Epoch [3/3] Loss: 0.5369, Accuracy: 77.56 %
Predictions - 1s: 200, 0s: 161
True Labels - 1s: 195, 0s: 166
Client 1 of 5: Local Epoch [3/3] Loss: 0.5227, Accuracy: 80.89 %
-------------------------------
Round [1/4] Average Local Loss: 0.5117, Average Local Accuracy: 81.39 %
-------------------------------
-------- Validation --------
Predictions - 1s: 219, 0s: 233
True Labels - 1s: 232, 0s: 220
Round [1/4] Global Model Validation Loss: 0.4351, Validation Accuracy: 83.85 %
-------- Validation finished --------
Updated best model in round 1 saved with Validation Loss: 0.4351 and Validation Accuracy: 83.85 %
-------------------------------

Round 2 of 4
-------------------------------
Predictions - 1s: 175, 0s: 187
True Labels - 1s: 184, 0s: 178
Client 5 of 5: Local Epoch [1/3] Loss: 0.4565, Accuracy: 80.94 %
Predictions - 1s: 200, 0s: 161
True Labels - 1s: 205, 0s: 156
Client 3 of 5: Local Epoch [1/3] Loss: 0.5079, Accuracy: 77.01 %
Predictions - 1s: 201, 0s: 160
True Labels - 1s: 190, 0s: 171
Client 4 of 5: Local Epoch [1/3] Loss: 0.4901, Accuracy: 78.67 %
Predictions - 1s: 197, 0s: 164
True Labels - 1s: 195, 0s: 166
Client 1 of 5: Local Epoch [1/3] Loss: 0.4879, Accuracy: 78.95 %
Predictions - 1s: 176, 0s: 185
True Labels - 1s: 179, 0s: 182
Client 2 of 5: Local Epoch [1/3] Loss: 0.4334, Accuracy: 83.66 %
Predictions - 1s: 176, 0s: 186
Predictions - 1s: 187, 0s: 174
True Labels - 1s: 184, 0s: 178
Predictions - 1s: 198, 0s: 163
True Labels - 1s: 179, 0s: 182
Client 2 of 5: Local Epoch [2/3] Loss: 0.3864, Accuracy: 86.70 %
True Labels - 1s: 195, 0s: 166
Predictions - 1s: 202, 0s: 159
Client 5 of 5: Local Epoch [2/3] Loss: 0.4027, Accuracy: 83.43 %
True Labels - 1s: 190, 0s: 171
Client 4 of 5: Local Epoch [2/3] Loss: 0.4509, Accuracy: 81.16 %
Client 1 of 5: Local Epoch [2/3] Loss: 0.4508, Accuracy: 82.55 %
Predictions - 1s: 209, 0s: 152
True Labels - 1s: 205, 0s: 156
Client 3 of 5: Local Epoch [2/3] Loss: 0.4524, Accuracy: 82.27 %
Predictions - 1s: 180, 0s: 182
True Labels - 1s: 184, 0s: 178
Client 5 of 5: Local Epoch [3/3] Loss: 0.3659, Accuracy: 88.40 %
Predictions - 1s: 195, 0s: 166
True Labels - 1s: 195, 0s: 166
Client 1 of 5: Local Epoch [3/3] Loss: 0.3995, Accuracy: 85.60 %
Predictions - 1s: 186, 0s: 175
True Labels - 1s: 179, 0s: 182
Client 2 of 5: Local Epoch [3/3] Loss: 0.3517, Accuracy: 89.75 %
Predictions - 1s: 206, 0s: 155
True Labels - 1s: 205, 0s: 156
Client 3 of 5: Local Epoch [3/3] Loss: 0.4284, Accuracy: 83.10 %
Predictions - 1s: 188, 0s: 173
True Labels - 1s: 190, 0s: 171
Client 4 of 5: Local Epoch [3/3] Loss: 0.4267, Accuracy: 84.49 %
-------------------------------
Round [2/4] Average Local Loss: 0.3944, Average Local Accuracy: 86.27 %
-------------------------------
-------- Validation --------
Predictions - 1s: 218, 0s: 234
True Labels - 1s: 232, 0s: 220
Round [2/4] Global Model Validation Loss: 0.3538, Validation Accuracy: 85.40 %
-------- Validation finished --------
Updated best model in round 2 saved with Validation Loss: 0.3538 and Validation Accuracy: 85.40 %
-------------------------------

Round 3 of 4
-------------------------------
Predictions - 1s: 176, 0s: 186
True Labels - 1s: 184, 0s: 178
Client 5 of 5: Local Epoch [1/3] Loss: 0.3903, Accuracy: 85.08 %
Predictions - 1s: 219, 0s: 142
True Labels - 1s: 205, 0s: 156
Client 3 of 5: Local Epoch [1/3] Loss: 0.4369, Accuracy: 83.38 %
Predictions - 1s: 193, 0s: 168
True Labels - 1s: 195, 0s: 166
Client 1 of 5: Local Epoch [1/3] Loss: 0.4298, Accuracy: 80.61 %
Predictions - 1s: 184, 0s: 177
True Labels - 1s: 179, 0s: 182
Client 2 of 5: Local Epoch [1/3] Loss: 0.4044, Accuracy: 84.76 %
Predictions - 1s: 197, 0s: 164
True Labels - 1s: 190, 0s: 171
Client 4 of 5: Local Epoch [1/3] Loss: 0.4443, Accuracy: 80.33 %
Predictions - 1s: 205, 0s: 156
True Labels - 1s: 205, 0s: 156
Client 3 of 5: Local Epoch [2/3] Loss: 0.3854, Accuracy: 86.15 %
Predictions - 1s: 194, 0s: 167
True Labels - 1s: 190, 0s: 171
Client 4 of 5: Local Epoch [2/3] Loss: 0.3826, Accuracy: 85.60 %
Predictions - 1s: 181, 0s: 180
Predictions - 1s: 204, 0s: 157
True Labels - 1s: 179, 0s: 182
True Labels - 1s: 195, 0s: 166
Client 1 of 5: Local Epoch [2/3] Loss: 0.3765, Accuracy: 86.43 %
Client 2 of 5: Local Epoch [2/3] Loss: 0.3218, Accuracy: 90.58 %
Predictions - 1s: 183, 0s: 179
True Labels - 1s: 184, 0s: 178
Client 5 of 5: Local Epoch [2/3] Loss: 0.3424, Accuracy: 88.67 %
Predictions - 1s: 179, 0s: 183
True Labels - 1s: 184, 0s: 178
Client 5 of 5: Local Epoch [3/3] Loss: 0.3180, Accuracy: 89.23 %
Predictions - 1s: 188, 0s: 173
True Labels - 1s: 179, 0s: 182
Client 2 of 5: Local Epoch [3/3] Loss: 0.2917, Accuracy: 88.64 %
Predictions - 1s: 209, 0s: 152
True Labels - 1s: 205, 0s: 156
Predictions - 1s: 202, 0s: 159
Client 3 of 5: Local Epoch [3/3] Loss: 0.3601, Accuracy: 86.70 %
True Labels - 1s: 195, 0s: 166
Predictions - 1s: 195, 0s: 166
Client 1 of 5: Local Epoch [3/3] Loss: 0.3456, Accuracy: 88.09 %
True Labels - 1s: 190, 0s: 171
Client 4 of 5: Local Epoch [3/3] Loss: 0.3542, Accuracy: 85.87 %
-------------------------------
Round [3/4] Average Local Loss: 0.3339, Average Local Accuracy: 87.71 %
-------------------------------
-------- Validation --------
Predictions - 1s: 230, 0s: 222
True Labels - 1s: 232, 0s: 220
Round [3/4] Global Model Validation Loss: 0.3122, Validation Accuracy: 86.73 %
-------- Validation finished --------
Updated best model in round 3 saved with Validation Loss: 0.3122 and Validation Accuracy: 86.73 %
-------------------------------

Round 4 of 4
-------------------------------
Predictions - 1s: 212, 0s: 149
True Labels - 1s: 205, 0s: 156
Client 3 of 5: Local Epoch [1/3] Loss: 0.4110, Accuracy: 84.21 %
Predictions - 1s: 204, 0s: 157
True Labels - 1s: 195, 0s: 166
Client 1 of 5: Local Epoch [1/3] Loss: 0.3728, Accuracy: 85.32 %
Predictions - 1s: 181, 0s: 181
True Labels - 1s: 184, 0s: 178
Client 5 of 5: Local Epoch [1/3] Loss: 0.3895, Accuracy: 82.60 %
Predictions - 1s: 196, 0s: 165
True Labels - 1s: 190, 0s: 171
Predictions - 1s: 191, 0s: 170
Client 4 of 5: Local Epoch [1/3] Loss: 0.3785, Accuracy: 84.49 %
True Labels - 1s: 179, 0s: 182
Client 2 of 5: Local Epoch [1/3] Loss: 0.3441, Accuracy: 86.70 %
Predictions - 1s: 188, 0s: 174
True Labels - 1s: 184, 0s: 178
Client 5 of 5: Local Epoch [2/3] Loss: 0.2988, Accuracy: 89.50 %
Predictions - 1s: 212, 0s: 149
True Labels - 1s: 205, 0s: 156
Client 3 of 5: Local Epoch [2/3] Loss: 0.3515, Accuracy: 87.53 %
Predictions - 1s: 201, 0s: 160
True Labels - 1s: 195, 0s: 166
Predictions - 1s: 199, 0s: 162
Client 1 of 5: Local Epoch [2/3] Loss: 0.3331, Accuracy: 88.37 %
True Labels - 1s: 190, 0s: 171
Client 4 of 5: Local Epoch [2/3] Loss: 0.3344, Accuracy: 85.87 %
Predictions - 1s: 183, 0s: 178
True Labels - 1s: 179, 0s: 182
Client 2 of 5: Local Epoch [2/3] Loss: 0.2758, Accuracy: 90.03 %
Predictions - 1s: 190, 0s: 172
True Labels - 1s: 184, 0s: 178
Client 5 of 5: Local Epoch [3/3] Loss: 0.2665, Accuracy: 92.27 %
Predictions - 1s: 197, 0s: 164
True Labels - 1s: 195, 0s: 166
Client 1 of 5: Local Epoch [3/3] Loss: 0.3275, Accuracy: 88.37 %
Predictions - 1s: 184, 0s: 177
True Labels - 1s: 179, 0s: 182
Client 2 of 5: Local Epoch [3/3] Loss: 0.2928, Accuracy: 88.64 %
Predictions - 1s: 214, 0s: 147
True Labels - 1s: 205, 0s: 156
Client 3 of 5: Local Epoch [3/3] Loss: 0.3229, Accuracy: 89.20 %
Predictions - 1s: 194, 0s: 167
True Labels - 1s: 190, 0s: 171
Client 4 of 5: Local Epoch [3/3] Loss: 0.3306, Accuracy: 87.26 %
-------------------------------
Round [4/4] Average Local Loss: 0.3081, Average Local Accuracy: 89.15 %
-------------------------------
-------- Validation --------
Predictions - 1s: 230, 0s: 222
True Labels - 1s: 232, 0s: 220
Round [4/4] Global Model Validation Loss: 0.2976, Validation Accuracy: 87.17 %
-------- Validation finished --------
Updated best model in round 4 saved with Validation Loss: 0.2976 and Validation Accuracy: 87.17 %
-------------------------------
Best model in round 4 saved with Validation Loss: 0.2976 and Validation Accuracy: 87.17 %

-------- Training finished in 7:19 --------

Test flag enabled. Testing the model

-------- Loading best model from model_path --------
Loaded model bert-small from date 21-04-2024 06:18. Trained with Federated Learning technology.
Round 4, lr: 6e-05, optimizer: AdamW
Average train accuracy: 89.15 %, Validation accuracy: 87.17 %
-------- Best model loaded --------

-------- Creating Test Dataloader --------
Test Loader: 564 total sentences. 71 batches of size 8.
-------- Test Dataloader created --------

-------- Testing --------
Predictions - 1s: 284, 0s: 280
True Labels - 1s: 296, 0s: 268
Nº of test samples: 564
Accuracy: 86.88%
Accuracy 2 : 86.88%
Precision: 86.86%
Recall: 86.95%
F1 Score: 86.87%
Classification report:
              precision    recall  f1-score   support

           0     0.8464    0.8843    0.8650       268
           1     0.8908    0.8547    0.8724       296

    accuracy                         0.8688       564
   macro avg     0.8686    0.8695    0.8687       564
weighted avg     0.8697    0.8688    0.8689       564

-------- Testing finished --------
