Current configuration:
{
    "concurrency_flag": true,
    "data_distribution": "iid",
    "dataset": "twitter_dep",
    "device": "cuda",
    "dp_delta": 0.003,
    "dp_epsilon": 0.0,
    "eval_batch_size": 4,
    "eval_flag": true,
    "eval_size": 0.2,
    "fed_alg": "fedavg",
    "layers": 3,
    "learning_rate": 6e-05,
    "max_length": 512,
    "ml_mode": "bcfl",
    "model": "bert_small",
    "model_name": "bcfl_small_seed5_twitter_dep",
    "models_path": "/local/vpaloma/fabric-federated-learning/ablation_study/phase-4/final/accs-times/twitter_dep/",
    "mu": 0.5,
    "num_clients": 5,
    "num_epochs": 3,
    "num_rounds": 4,
    "optimizer": "AdamW",
    "progress_bar_flag": false,
    "save_model": true,
    "scheduler": "linear",
    "scheduler_warmup_steps": 0,
    "seed": "random",
    "test_flag": true,
    "train_batch_size": 4,
    "train_size": 0.8
}
-------- Configuration loaded --------

-------- Setting device --------
cuda device selected and available.
-------- Device set --------

-------- Setting seed --------
seed set:  368844
-------- Seed set --------

-------- Creating Model --------
-------- Model created --------

-------- Setting Trainable Layers --------
Training the last 3 layers.

Total parameters count: 28764674
Trainable parameters count: 3416066
-------- Trainable Layers set --------

-------- Creating Tokenizer --------
-------- Tokenizer created --------

-------- Creating Train and Eval Dataloaders --------
Train Loader: 1982 total sentences. 496 batches of size 4.
Eval Loader: 496 total sentences. 124 batches of size 4.
-------- Train and Eval Dataloaders created --------

-------- Training --------
Training with Blockchain-Based Federated Learning technology.
Training without differential privacy.
Federated averaging algorithm selected.
Client 0: Label 0: 281, Label 1: 115
Client 1: Label 0: 300, Label 1: 96
Client 2: Label 0: 284, Label 1: 112
Client 3: Label 0: 284, Label 1: 112
Client 4: Label 0: 294, Label 1: 104

Round 1 of 4
-------------------------------
Predictions - 1s: 38, 0s: 358
True Labels - 1s: 112, 0s: 284
Client 3 of 5: Local Epoch [1/3] Loss: 0.5474, Accuracy: 72.22 %
Predictions - 1s: 45, 0s: 353
True Labels - 1s: 104, 0s: 294
Client 5 of 5: Local Epoch [1/3] Loss: 0.5254, Accuracy: 74.62 %
Predictions - 1s: 29, 0s: 367
True Labels - 1s: 112, 0s: 284
Client 4 of 5: Local Epoch [1/3] Loss: 0.5408, Accuracy: 73.48 %
Predictions - 1s: 21, 0s: 375
True Labels - 1s: 96, 0s: 300
Client 2 of 5: Local Epoch [1/3] Loss: 0.5164, Accuracy: 77.53 %
Predictions - 1s: 35, 0s: 361
True Labels - 1s: 115, 0s: 281
Client 1 of 5: Local Epoch [1/3] Loss: 0.5802, Accuracy: 67.17 %
Predictions - 1s: 80, 0s: 316
True Labels - 1s: 112, 0s: 284
Client 3 of 5: Local Epoch [2/3] Loss: 0.4396, Accuracy: 80.81 %
Predictions - 1s: 53, 0s: 345
True Labels - 1s: 104, 0s: 294
Client 5 of 5: Local Epoch [2/3] Loss: 0.4494, Accuracy: 80.15 %
Predictions - 1s: 57, 0s: 339
True Labels - 1s: 112, 0s: 284
Client 4 of 5: Local Epoch [2/3] Loss: 0.4605, Accuracy: 78.03 %
Predictions - 1s: 45, 0s: 351
True Labels - 1s: 96, 0s: 300
Client 2 of 5: Local Epoch [2/3] Loss: 0.4374, Accuracy: 80.56 %
Predictions - 1s: 47, 0s: 349
True Labels - 1s: 115, 0s: 281
Client 1 of 5: Local Epoch [2/3] Loss: 0.4833, Accuracy: 77.78 %
Predictions - 1s: 84, 0s: 312
True Labels - 1s: 112, 0s: 284
Client 3 of 5: Local Epoch [3/3] Loss: 0.3910, Accuracy: 83.33 %
Predictions - 1s: 77, 0s: 321
True Labels - 1s: 104, 0s: 294
Client 5 of 5: Local Epoch [3/3] Loss: 0.3948, Accuracy: 83.17 %
Predictions - 1s: 79, 0s: 317
True Labels - 1s: 112, 0s: 284
Client 4 of 5: Local Epoch [3/3] Loss: 0.4074, Accuracy: 83.08 %
Predictions - 1s: 60, 0s: 336
True Labels - 1s: 96, 0s: 300
Client 2 of 5: Local Epoch [3/3] Loss: 0.3861, Accuracy: 82.83 %
Predictions - 1s: 89, 0s: 307
True Labels - 1s: 115, 0s: 281
Client 1 of 5: Local Epoch [3/3] Loss: 0.4631, Accuracy: 78.28 %
-------------------------------
Round [1/4] Average Local Loss: 0.4085, Average Local Accuracy: 82.14 %
-------------------------------
-------- Validation --------
Predictions - 1s: 84, 0s: 412
True Labels - 1s: 135, 0s: 361
Round [1/4] Global Model Validation Loss: 0.4634, Validation Accuracy: 77.22 %
-------- Validation finished --------
Updated best model in round 1 saved with Validation Loss: 0.4634 and Validation Accuracy: 77.22 %
-------------------------------

Round 2 of 4
-------------------------------
Predictions - 1s: 87, 0s: 309
True Labels - 1s: 112, 0s: 284
Client 3 of 5: Local Epoch [1/3] Loss: 0.4259, Accuracy: 81.57 %
Predictions - 1s: 80, 0s: 316
True Labels - 1s: 112, 0s: 284
Client 4 of 5: Local Epoch [1/3] Loss: 0.4736, Accuracy: 78.79 %
Predictions - 1s: 79, 0s: 317
True Labels - 1s: 115, 0s: 281
Client 1 of 5: Local Epoch [1/3] Loss: 0.4995, Accuracy: 76.26 %
Predictions - 1s: 59, 0s: 337
True Labels - 1s: 96, 0s: 300
Client 2 of 5: Local Epoch [1/3] Loss: 0.4249, Accuracy: 81.06 %
Predictions - 1s: 58, 0s: 340
True Labels - 1s: 104, 0s: 294
Client 5 of 5: Local Epoch [1/3] Loss: 0.4468, Accuracy: 78.39 %
Predictions - 1s: 86, 0s: 310
True Labels - 1s: 112, 0s: 284
Client 3 of 5: Local Epoch [2/3] Loss: 0.3829, Accuracy: 83.33 %
Predictions - 1s: 69, 0s: 327
True Labels - 1s: 115, 0s: 281
Client 1 of 5: Local Epoch [2/3] Loss: 0.4324, Accuracy: 80.81 %
Predictions - 1s: 88, 0s: 308
True Labels - 1s: 112, 0s: 284
Client 4 of 5: Local Epoch [2/3] Loss: 0.3880, Accuracy: 82.32 %
Predictions - 1s: 66, 0s: 330
True Labels - 1s: 96, 0s: 300
Client 2 of 5: Local Epoch [2/3] Loss: 0.3739, Accuracy: 84.85 %
Predictions - 1s: 73, 0s: 325
True Labels - 1s: 104, 0s: 294
Client 5 of 5: Local Epoch [2/3] Loss: 0.3669, Accuracy: 84.67 %
Predictions - 1s: 97, 0s: 299
True Labels - 1s: 112, 0s: 284
Client 3 of 5: Local Epoch [3/3] Loss: 0.3071, Accuracy: 87.12 %
Predictions - 1s: 77, 0s: 321
True Labels - 1s: 104, 0s: 294
Client 5 of 5: Local Epoch [3/3] Loss: 0.3369, Accuracy: 84.67 %
Predictions - 1s: 85, 0s: 311
True Labels - 1s: 112, 0s: 284
Client 4 of 5: Local Epoch [3/3] Loss: 0.3592, Accuracy: 83.08 %
Predictions - 1s: 67, 0s: 329
True Labels - 1s: 96, 0s: 300
Client 2 of 5: Local Epoch [3/3] Loss: 0.3330, Accuracy: 85.61 %
Predictions - 1s: 95, 0s: 301
True Labels - 1s: 115, 0s: 281
Client 1 of 5: Local Epoch [3/3] Loss: 0.3989, Accuracy: 82.32 %
-------------------------------
Round [2/4] Average Local Loss: 0.3470, Average Local Accuracy: 84.56 %
-------------------------------
-------- Validation --------
Predictions - 1s: 111, 0s: 385
True Labels - 1s: 135, 0s: 361
Round [2/4] Global Model Validation Loss: 0.4342, Validation Accuracy: 79.84 %
-------- Validation finished --------
Updated best model in round 2 saved with Validation Loss: 0.4342 and Validation Accuracy: 79.84 %
-------------------------------

Round 3 of 4
-------------------------------
Predictions - 1s: 71, 0s: 325
True Labels - 1s: 96, 0s: 300
Client 2 of 5: Local Epoch [1/3] Loss: 0.3823, Accuracy: 83.59 %
Predictions - 1s: 73, 0s: 325
True Labels - 1s: 104, 0s: 294
Client 5 of 5: Local Epoch [1/3] Loss: 0.4146, Accuracy: 80.15 %
Predictions - 1s: 85, 0s: 311
True Labels - 1s: 115, 0s: 281
Client 1 of 5: Local Epoch [1/3] Loss: 0.4647, Accuracy: 77.78 %
Predictions - 1s: 77, 0s: 319
True Labels - 1s: 112, 0s: 284
Client 4 of 5: Local Epoch [1/3] Loss: 0.4343, Accuracy: 80.05 %
Predictions - 1s: 90, 0s: 306
True Labels - 1s: 112, 0s: 284
Client 3 of 5: Local Epoch [1/3] Loss: 0.3996, Accuracy: 81.82 %
Predictions - 1s: 70, 0s: 326
True Labels - 1s: 96, 0s: 300
Client 2 of 5: Local Epoch [2/3] Loss: 0.3150, Accuracy: 85.86 %
Predictions - 1s: 84, 0s: 314
True Labels - 1s: 104, 0s: 294
Client 5 of 5: Local Epoch [2/3] Loss: 0.3423, Accuracy: 84.92 %
Predictions - 1s: 84, 0s: 312
True Labels - 1s: 115, 0s: 281
Client 1 of 5: Local Epoch [2/3] Loss: 0.4133, Accuracy: 80.05 %
Predictions - 1s: 87, 0s: 309
True Labels - 1s: 112, 0s: 284
Client 4 of 5: Local Epoch [2/3] Loss: 0.3442, Accuracy: 86.62 %
Predictions - 1s: 97, 0s: 299
True Labels - 1s: 112, 0s: 284
Client 3 of 5: Local Epoch [2/3] Loss: 0.3242, Accuracy: 86.62 %
Predictions - 1s: 83, 0s: 313
True Labels - 1s: 96, 0s: 300
Client 2 of 5: Local Epoch [3/3] Loss: 0.2804, Accuracy: 88.13 %
Predictions - 1s: 80, 0s: 318
True Labels - 1s: 104, 0s: 294
Client 5 of 5: Local Epoch [3/3] Loss: 0.2952, Accuracy: 86.93 %
Predictions - 1s: 89, 0s: 307
True Labels - 1s: 115, 0s: 281
Client 1 of 5: Local Epoch [3/3] Loss: 0.3605, Accuracy: 84.85 %
Predictions - 1s: 100, 0s: 296
True Labels - 1s: 112, 0s: 284
Client 4 of 5: Local Epoch [3/3] Loss: 0.3044, Accuracy: 89.39 %
Predictions - 1s: 91, 0s: 305
True Labels - 1s: 112, 0s: 284
Client 3 of 5: Local Epoch [3/3] Loss: 0.2703, Accuracy: 91.67 %
-------------------------------
Round [3/4] Average Local Loss: 0.3022, Average Local Accuracy: 88.20 %
-------------------------------
-------- Validation --------
Predictions - 1s: 123, 0s: 373
True Labels - 1s: 135, 0s: 361
Round [3/4] Global Model Validation Loss: 0.4256, Validation Accuracy: 81.05 %
-------- Validation finished --------
Updated best model in round 3 saved with Validation Loss: 0.4256 and Validation Accuracy: 81.05 %
-------------------------------

Round 4 of 4
-------------------------------
Predictions - 1s: 96, 0s: 300
True Labels - 1s: 115, 0s: 281
Client 1 of 5: Local Epoch [1/3] Loss: 0.4432, Accuracy: 80.05 %
Predictions - 1s: 77, 0s: 319
True Labels - 1s: 96, 0s: 300
Client 2 of 5: Local Epoch [1/3] Loss: 0.3754, Accuracy: 83.08 %
Predictions - 1s: 94, 0s: 302
True Labels - 1s: 112, 0s: 284
Client 4 of 5: Local Epoch [1/3] Loss: 0.3975, Accuracy: 80.81 %
Predictions - 1s: 102, 0s: 294
True Labels - 1s: 112, 0s: 284
Client 3 of 5: Local Epoch [1/3] Loss: 0.3577, Accuracy: 84.34 %
Predictions - 1s: 71, 0s: 327
True Labels - 1s: 104, 0s: 294
Client 5 of 5: Local Epoch [1/3] Loss: 0.3857, Accuracy: 83.17 %
Predictions - 1s: 87, 0s: 309
True Labels - 1s: 115, 0s: 281
Client 1 of 5: Local Epoch [2/3] Loss: 0.3668, Accuracy: 84.85 %
Predictions - 1s: 104, 0s: 292
True Labels - 1s: 112, 0s: 284
Client 3 of 5: Local Epoch [2/3] Loss: 0.2645, Accuracy: 91.92 %
Predictions - 1s: 98, 0s: 298
True Labels - 1s: 112, 0s: 284
Client 4 of 5: Local Epoch [2/3] Loss: 0.3292, Accuracy: 85.86 %
Predictions - 1s: 76, 0s: 320
True Labels - 1s: 96, 0s: 300
Client 2 of 5: Local Epoch [2/3] Loss: 0.3008, Accuracy: 87.88 %
Predictions - 1s: 91, 0s: 307
True Labels - 1s: 104, 0s: 294
Client 5 of 5: Local Epoch [2/3] Loss: 0.3130, Accuracy: 84.17 %
Predictions - 1s: 91, 0s: 305
True Labels - 1s: 115, 0s: 281
Client 1 of 5: Local Epoch [3/3] Loss: 0.3388, Accuracy: 84.34 %
Predictions - 1s: 101, 0s: 295
True Labels - 1s: 112, 0s: 284
Client 3 of 5: Local Epoch [3/3] Loss: 0.2181, Accuracy: 91.16 %
Predictions - 1s: 95, 0s: 301
True Labels - 1s: 112, 0s: 284
Client 4 of 5: Local Epoch [3/3] Loss: 0.2755, Accuracy: 89.14 %
Predictions - 1s: 69, 0s: 327
True Labels - 1s: 96, 0s: 300
Client 2 of 5: Local Epoch [3/3] Loss: 0.2607, Accuracy: 89.14 %
Predictions - 1s: 90, 0s: 308
True Labels - 1s: 104, 0s: 294
Client 5 of 5: Local Epoch [3/3] Loss: 0.2854, Accuracy: 86.43 %
-------------------------------
Round [4/4] Average Local Loss: 0.2757, Average Local Accuracy: 88.04 %
-------------------------------
-------- Validation --------
Predictions - 1s: 129, 0s: 367
True Labels - 1s: 135, 0s: 361
Round [4/4] Global Model Validation Loss: 0.4260, Validation Accuracy: 80.65 %
-------- Validation finished --------
Best model in round 3 saved with Validation Loss: 0.4256 and Validation Accuracy: 81.05 %

-------- Training finished in 5:59 --------

Test flag enabled. Testing the model

-------- Loading best model from model_path --------
Loaded model bert-small from date 20-04-2024 07:08. Trained with Federated Learning technology.
Round 3, lr: 6e-05, optimizer: AdamW
Average train accuracy: 88.20 %, Validation accuracy: 81.05 %
-------- Best model loaded --------

-------- Creating Test Dataloader --------
Test Loader: 618 total sentences. 78 batches of size 8.
-------- Test Dataloader created --------

-------- Testing --------
Predictions - 1s: 149, 0s: 469
True Labels - 1s: 168, 0s: 450
Nº of test samples: 618
Accuracy: 80.74%
Accuracy 2 : 80.74%
Precision: 75.87%
Recall: 73.91%
F1 Score: 74.76%
Classification report:
              precision    recall  f1-score   support

           0     0.8529    0.8889    0.8705       450
           1     0.6644    0.5893    0.6246       168

    accuracy                         0.8074       618
   macro avg     0.7587    0.7391    0.7476       618
weighted avg     0.8016    0.8074    0.8037       618

-------- Testing finished --------
