Current configuration:
{
    "concurrency_flag": true,
    "data_distribution": "iid",
    "dataset": "twitter_dep",
    "device": "cuda",
    "dp_delta": 0.003,
    "dp_epsilon": 0.0,
    "eval_batch_size": 4,
    "eval_flag": true,
    "eval_size": 0.2,
    "fed_alg": "fedavg",
    "layers": 3,
    "learning_rate": 6e-05,
    "max_length": 512,
    "ml_mode": "bcfl",
    "model": "bert_mini",
    "model_name": "bcfl_mini_seed5_twitter_dep",
    "models_path": "/local/vpaloma/fabric-federated-learning/ablation_study/phase-4/final/accs-times/twitter_dep/",
    "mu": 0.5,
    "num_clients": 5,
    "num_epochs": 3,
    "num_rounds": 4,
    "optimizer": "AdamW",
    "progress_bar_flag": false,
    "save_model": true,
    "scheduler": "linear",
    "scheduler_warmup_steps": 0,
    "seed": "random",
    "test_flag": true,
    "train_batch_size": 4,
    "train_size": 0.8
}
-------- Configuration loaded --------

-------- Setting device --------
cuda device selected and available.
-------- Device set --------

-------- Setting seed --------
seed set:  491741
-------- Seed set --------

-------- Creating Model --------
-------- Model created --------

-------- Setting Trainable Layers --------
Training the last 3 layers.

Total parameters count: 11171074
Trainable parameters count: 856066
-------- Trainable Layers set --------

-------- Creating Tokenizer --------
-------- Tokenizer created --------

-------- Creating Train and Eval Dataloaders --------
Train Loader: 1982 total sentences. 496 batches of size 4.
Eval Loader: 496 total sentences. 124 batches of size 4.
-------- Train and Eval Dataloaders created --------

-------- Training --------
Training with Blockchain-Based Federated Learning technology.
Training without differential privacy.
Federated averaging algorithm selected.
Client 0: Label 0: 288, Label 1: 108
Client 1: Label 0: 292, Label 1: 104
Client 2: Label 0: 291, Label 1: 105
Client 3: Label 0: 295, Label 1: 101
Client 4: Label 0: 298, Label 1: 100

Round 1 of 4
-------------------------------
Predictions - 1s: 5, 0s: 391
True Labels - 1s: 108, 0s: 288
Client 1 of 5: Local Epoch [1/3] Loss: 0.5736, Accuracy: 72.98 %
Predictions - 1s: 8, 0s: 388
True Labels - 1s: 104, 0s: 292
Client 2 of 5: Local Epoch [1/3] Loss: 0.5712, Accuracy: 72.73 %
Predictions - 1s: 2, 0s: 396
True Labels - 1s: 100, 0s: 298
Client 5 of 5: Local Epoch [1/3] Loss: 0.5615, Accuracy: 74.87 %
Predictions - 1s: 6, 0s: 390
True Labels - 1s: 101, 0s: 295
Client 4 of 5: Local Epoch [1/3] Loss: 0.5544, Accuracy: 74.49 %
Predictions - 1s: 12, 0s: 384
True Labels - 1s: 105, 0s: 291
Client 3 of 5: Local Epoch [1/3] Loss: 0.5641, Accuracy: 73.48 %
Predictions - 1s: 8, 0s: 388
True Labels - 1s: 108, 0s: 288
Client 1 of 5: Local Epoch [2/3] Loss: 0.5266, Accuracy: 72.73 %
Predictions - 1s: 4, 0s: 392
True Labels - 1s: 104, 0s: 292
Client 2 of 5: Local Epoch [2/3] Loss: 0.5243, Accuracy: 74.24 %
Predictions - 1s: 0, 0s: 398
True Labels - 1s: 100, 0s: 298
Client 5 of 5: Local Epoch [2/3] Loss: 0.5173, Accuracy: 74.87 %
Predictions - 1s: 7, 0s: 389
True Labels - 1s: 101, 0s: 295
Client 4 of 5: Local Epoch [2/3] Loss: 0.5117, Accuracy: 75.76 %
Predictions - 1s: 15, 0s: 381
True Labels - 1s: 105, 0s: 291
Client 3 of 5: Local Epoch [2/3] Loss: 0.5323, Accuracy: 75.25 %
Predictions - 1s: 18, 0s: 378
True Labels - 1s: 108, 0s: 288
Client 1 of 5: Local Epoch [3/3] Loss: 0.5079, Accuracy: 74.24 %
Predictions - 1s: 14, 0s: 382
True Labels - 1s: 104, 0s: 292
Client 2 of 5: Local Epoch [3/3] Loss: 0.4886, Accuracy: 76.77 %
Predictions - 1s: 16, 0s: 382
True Labels - 1s: 100, 0s: 298
Client 5 of 5: Local Epoch [3/3] Loss: 0.5027, Accuracy: 76.88 %
Predictions - 1s: 15, 0s: 381
True Labels - 1s: 101, 0s: 295
Client 4 of 5: Local Epoch [3/3] Loss: 0.4822, Accuracy: 77.27 %
Predictions - 1s: 24, 0s: 372
True Labels - 1s: 105, 0s: 291
Client 3 of 5: Local Epoch [3/3] Loss: 0.4962, Accuracy: 76.01 %
-------------------------------
Round [1/4] Average Local Loss: 0.4955, Average Local Accuracy: 76.24 %
-------------------------------
-------- Validation --------
Predictions - 1s: 28, 0s: 468
True Labels - 1s: 156, 0s: 340
Round [1/4] Global Model Validation Loss: 0.5464, Validation Accuracy: 71.77 %
-------- Validation finished --------
Updated best model in round 1 saved with Validation Loss: 0.5464 and Validation Accuracy: 71.77 %
-------------------------------

Round 2 of 4
-------------------------------
Predictions - 1s: 16, 0s: 382
True Labels - 1s: 100, 0s: 298
Client 5 of 5: Local Epoch [1/3] Loss: 0.5093, Accuracy: 77.89 %
Predictions - 1s: 46, 0s: 350
True Labels - 1s: 108, 0s: 288
Client 1 of 5: Local Epoch [1/3] Loss: 0.5114, Accuracy: 74.75 %
Predictions - 1s: 44, 0s: 352
True Labels - 1s: 101, 0s: 295
Client 4 of 5: Local Epoch [1/3] Loss: 0.4885, Accuracy: 78.54 %
Predictions - 1s: 36, 0s: 360
True Labels - 1s: 105, 0s: 291
Client 3 of 5: Local Epoch [1/3] Loss: 0.5149, Accuracy: 77.02 %
Predictions - 1s: 31, 0s: 365
True Labels - 1s: 104, 0s: 292
Client 2 of 5: Local Epoch [1/3] Loss: 0.4950, Accuracy: 76.52 %
Predictions - 1s: 35, 0s: 363
True Labels - 1s: 100, 0s: 298
Client 5 of 5: Local Epoch [2/3] Loss: 0.4841, Accuracy: 78.14 %
Predictions - 1s: 55, 0s: 341
True Labels - 1s: 108, 0s: 288
Client 1 of 5: Local Epoch [2/3] Loss: 0.4700, Accuracy: 78.03 %
Predictions - 1s: 51, 0s: 345
True Labels - 1s: 101, 0s: 295
Client 4 of 5: Local Epoch [2/3] Loss: 0.4729, Accuracy: 79.29 %
Predictions - 1s: 38, 0s: 358
True Labels - 1s: 105, 0s: 291
Client 3 of 5: Local Epoch [2/3] Loss: 0.4885, Accuracy: 78.03 %
Predictions - 1s: 57, 0s: 339
True Labels - 1s: 104, 0s: 292
Client 2 of 5: Local Epoch [2/3] Loss: 0.4736, Accuracy: 78.54 %
Predictions - 1s: 30, 0s: 368
True Labels - 1s: 100, 0s: 298
Client 5 of 5: Local Epoch [3/3] Loss: 0.4728, Accuracy: 78.89 %
Predictions - 1s: 64, 0s: 332
True Labels - 1s: 108, 0s: 288
Client 1 of 5: Local Epoch [3/3] Loss: 0.4505, Accuracy: 79.29 %
Predictions - 1s: 50, 0s: 346
True Labels - 1s: 101, 0s: 295
Client 4 of 5: Local Epoch [3/3] Loss: 0.4385, Accuracy: 80.56 %
Predictions - 1s: 55, 0s: 341
True Labels - 1s: 105, 0s: 291
Client 3 of 5: Local Epoch [3/3] Loss: 0.4672, Accuracy: 78.79 %
Predictions - 1s: 57, 0s: 339
True Labels - 1s: 104, 0s: 292
Client 2 of 5: Local Epoch [3/3] Loss: 0.4515, Accuracy: 78.54 %
-------------------------------
Round [2/4] Average Local Loss: 0.4561, Average Local Accuracy: 79.21 %
-------------------------------
-------- Validation --------
Predictions - 1s: 100, 0s: 396
True Labels - 1s: 156, 0s: 340
Round [2/4] Global Model Validation Loss: 0.5119, Validation Accuracy: 72.98 %
-------- Validation finished --------
Updated best model in round 2 saved with Validation Loss: 0.5119 and Validation Accuracy: 72.98 %
-------------------------------

Round 3 of 4
-------------------------------
Predictions - 1s: 62, 0s: 334
True Labels - 1s: 105, 0s: 291
Client 3 of 5: Local Epoch [1/3] Loss: 0.4824, Accuracy: 77.02 %
Predictions - 1s: 56, 0s: 340
True Labels - 1s: 108, 0s: 288
Client 1 of 5: Local Epoch [1/3] Loss: 0.4810, Accuracy: 75.76 %
Predictions - 1s: 61, 0s: 335
True Labels - 1s: 104, 0s: 292
Client 2 of 5: Local Epoch [1/3] Loss: 0.4653, Accuracy: 77.53 %
Predictions - 1s: 51, 0s: 345
True Labels - 1s: 101, 0s: 295
Client 4 of 5: Local Epoch [1/3] Loss: 0.4596, Accuracy: 78.79 %
Predictions - 1s: 48, 0s: 350
True Labels - 1s: 100, 0s: 298
Client 5 of 5: Local Epoch [1/3] Loss: 0.4887, Accuracy: 77.39 %
Predictions - 1s: 60, 0s: 336
True Labels - 1s: 104, 0s: 292
Client 2 of 5: Local Epoch [2/3] Loss: 0.4497, Accuracy: 79.80 %
Predictions - 1s: 74, 0s: 322
True Labels - 1s: 108, 0s: 288
Client 1 of 5: Local Epoch [2/3] Loss: 0.4377, Accuracy: 82.83 %
Predictions - 1s: 64, 0s: 332
True Labels - 1s: 101, 0s: 295
Client 4 of 5: Local Epoch [2/3] Loss: 0.4390, Accuracy: 80.05 %
Predictions - 1s: 59, 0s: 337
True Labels - 1s: 105, 0s: 291
Client 3 of 5: Local Epoch [2/3] Loss: 0.4620, Accuracy: 80.30 %
Predictions - 1s: 40, 0s: 358
True Labels - 1s: 100, 0s: 298
Client 5 of 5: Local Epoch [2/3] Loss: 0.4583, Accuracy: 79.90 %
Predictions - 1s: 76, 0s: 320
True Labels - 1s: 104, 0s: 292
Client 2 of 5: Local Epoch [3/3] Loss: 0.4196, Accuracy: 80.81 %
Predictions - 1s: 61, 0s: 335
True Labels - 1s: 101, 0s: 295
Client 4 of 5: Local Epoch [3/3] Loss: 0.4200, Accuracy: 82.32 %
Predictions - 1s: 72, 0s: 324
True Labels - 1s: 108, 0s: 288
Client 1 of 5: Local Epoch [3/3] Loss: 0.4172, Accuracy: 80.81 %
Predictions - 1s: 52, 0s: 344
True Labels - 1s: 105, 0s: 291
Client 3 of 5: Local Epoch [3/3] Loss: 0.4443, Accuracy: 80.56 %
Predictions - 1s: 44, 0s: 354
True Labels - 1s: 100, 0s: 298
Client 5 of 5: Local Epoch [3/3] Loss: 0.4555, Accuracy: 78.39 %
-------------------------------
Round [3/4] Average Local Loss: 0.4313, Average Local Accuracy: 80.58 %
-------------------------------
-------- Validation --------
Predictions - 1s: 108, 0s: 388
True Labels - 1s: 156, 0s: 340
Round [3/4] Global Model Validation Loss: 0.4925, Validation Accuracy: 73.79 %
-------- Validation finished --------
Updated best model in round 3 saved with Validation Loss: 0.4925 and Validation Accuracy: 73.79 %
-------------------------------

Round 4 of 4
-------------------------------
Predictions - 1s: 79, 0s: 317
True Labels - 1s: 108, 0s: 288
Client 1 of 5: Local Epoch [1/3] Loss: 0.4551, Accuracy: 79.55 %
Predictions - 1s: 70, 0s: 326
Predictions - 1s: 65, 0s: 331
Predictions - 1s: 66, 0s: 330
True Labels - 1s: 101, 0s: 295
Client 4 of 5: Local Epoch [1/3] Loss: 0.4362, Accuracy: 81.06 %
True Labels - 1s: 104, 0s: 292
Client 2 of 5: Local Epoch [1/3] Loss: 0.4365, Accuracy: 80.05 %
True Labels - 1s: 105, 0s: 291
Client 3 of 5: Local Epoch [1/3] Loss: 0.4667, Accuracy: 77.02 %
Predictions - 1s: 53, 0s: 345
True Labels - 1s: 100, 0s: 298
Client 5 of 5: Local Epoch [1/3] Loss: 0.4708, Accuracy: 79.15 %
Predictions - 1s: 68, 0s: 328
True Labels - 1s: 101, 0s: 295
Client 4 of 5: Local Epoch [2/3] Loss: 0.4141, Accuracy: 81.06 %
Predictions - 1s: 71, 0s: 325
True Labels - 1s: 105, 0s: 291
Client 3 of 5: Local Epoch [2/3] Loss: 0.4282, Accuracy: 80.81 %
Predictions - 1s: 72, 0s: 324
True Labels - 1s: 108, 0s: 288
Client 1 of 5: Local Epoch [2/3] Loss: 0.4150, Accuracy: 80.30 %
Predictions - 1s: 66, 0s: 330
True Labels - 1s: 104, 0s: 292
Client 2 of 5: Local Epoch [2/3] Loss: 0.4271, Accuracy: 80.30 %
Predictions - 1s: 47, 0s: 351
True Labels - 1s: 100, 0s: 298
Client 5 of 5: Local Epoch [2/3] Loss: 0.4333, Accuracy: 78.64 %
Predictions - 1s: 70, 0s: 326
True Labels - 1s: 101, 0s: 295
Client 4 of 5: Local Epoch [3/3] Loss: 0.4002, Accuracy: 82.07 %
Predictions - 1s: 75, 0s: 321
True Labels - 1s: 105, 0s: 291
Client 3 of 5: Local Epoch [3/3] Loss: 0.4342, Accuracy: 81.31 %
Predictions - 1s: 74, 0s: 322
True Labels - 1s: 108, 0s: 288
Client 1 of 5: Local Epoch [3/3] Loss: 0.3769, Accuracy: 84.34 %
Predictions - 1s: 76, 0s: 320
True Labels - 1s: 104, 0s: 292
Client 2 of 5: Local Epoch [3/3] Loss: 0.4038, Accuracy: 80.30 %
Predictions - 1s: 58, 0s: 340
True Labels - 1s: 100, 0s: 298
Client 5 of 5: Local Epoch [3/3] Loss: 0.4234, Accuracy: 78.89 %
-------------------------------
Round [4/4] Average Local Loss: 0.4077, Average Local Accuracy: 81.38 %
-------------------------------
-------- Validation --------
Predictions - 1s: 115, 0s: 381
True Labels - 1s: 156, 0s: 340
Round [4/4] Global Model Validation Loss: 0.4806, Validation Accuracy: 75.20 %
-------- Validation finished --------
Updated best model in round 4 saved with Validation Loss: 0.4806 and Validation Accuracy: 75.20 %
-------------------------------
Best model in round 4 saved with Validation Loss: 0.4806 and Validation Accuracy: 75.20 %

-------- Training finished in 2:52 --------

Test flag enabled. Testing the model

-------- Loading best model from model_path --------
Loaded model bert-mini from date 20-04-2024 07:44. Trained with Federated Learning technology.
Round 4, lr: 6e-05, optimizer: AdamW
Average train accuracy: 81.38 %, Validation accuracy: 75.20 %
-------- Best model loaded --------

-------- Creating Test Dataloader --------
Test Loader: 618 total sentences. 78 batches of size 8.
-------- Test Dataloader created --------

-------- Testing --------
Predictions - 1s: 134, 0s: 484
True Labels - 1s: 168, 0s: 450
Nº of test samples: 618
Accuracy: 80.58%
Accuracy 2 : 80.58%
Precision: 76.00%
Recall: 72.31%
F1 Score: 73.71%
Classification report:
              precision    recall  f1-score   support

           0     0.8409    0.9044    0.8715       450
           1     0.6791    0.5417    0.6026       168

    accuracy                         0.8058       618
   macro avg     0.7600    0.7231    0.7371       618
weighted avg     0.7969    0.8058    0.7984       618

-------- Testing finished --------
