Current configuration:
{
    "concurrency_flag": true,
    "data_distribution": "iid",
    "dataset": "twitter_dep",
    "device": "cuda",
    "dp_delta": 0.003,
    "dp_epsilon": 0.0,
    "eval_batch_size": 4,
    "eval_flag": true,
    "eval_size": 0.2,
    "fed_alg": "fedavg",
    "layers": 3,
    "learning_rate": 6e-05,
    "max_length": 512,
    "ml_mode": "fl",
    "model": "bert_medium",
    "model_name": "fl_medium_seed6_twitter_dep",
    "models_path": "/local/vpaloma/fabric-federated-learning/ablation_study/phase-4/final/accs-times/twitter_dep/",
    "mu": 0.5,
    "num_clients": 5,
    "num_epochs": 3,
    "num_rounds": 4,
    "optimizer": "AdamW",
    "progress_bar_flag": false,
    "save_model": true,
    "scheduler": "linear",
    "scheduler_warmup_steps": 0,
    "seed": "random",
    "test_flag": true,
    "train_batch_size": 4,
    "train_size": 0.8
}
-------- Configuration loaded --------

-------- Setting device --------
cuda device selected and available.
-------- Device set --------

-------- Setting seed --------
seed set:  461546
-------- Seed set --------

-------- Creating Model --------
-------- Model created --------

-------- Setting Trainable Layers --------
Training the last 3 layers.

Total parameters count: 41374210
Trainable parameters count: 3416066
-------- Trainable Layers set --------

-------- Creating Tokenizer --------
-------- Tokenizer created --------

-------- Creating Train and Eval Dataloaders --------
Train Loader: 1982 total sentences. 496 batches of size 4.
Eval Loader: 496 total sentences. 124 batches of size 4.
-------- Train and Eval Dataloaders created --------

-------- Training --------
Training with Federated Learning technology.
Training without differential privacy.
Federated averaging algorithm selected.
Client 0: Label 0: 290, Label 1: 106
Client 1: Label 0: 275, Label 1: 121
Client 2: Label 0: 300, Label 1: 96
Client 3: Label 0: 288, Label 1: 108
Client 4: Label 0: 276, Label 1: 122

Round 1 of 4
-------------------------------
Predictions - 1s: 56, 0s: 342
True Labels - 1s: 122, 0s: 276
Client 5 of 5: Local Epoch [1/3] Loss: 0.5697, Accuracy: 70.35 %
Predictions - 1s: 58, 0s: 338
True Labels - 1s: 106, 0s: 290
Client 1 of 5: Local Epoch [1/3] Loss: 0.5496, Accuracy: 70.20 %
Predictions - 1s: 37, 0s: 359
True Labels - 1s: 96, 0s: 300
Client 3 of 5: Local Epoch [1/3] Loss: 0.5374, Accuracy: 72.47 %
Predictions - 1s: 48, 0s: 348
True Labels - 1s: 121, 0s: 275
Client 2 of 5: Local Epoch [1/3] Loss: 0.5837, Accuracy: 72.47 %
Predictions - 1s: 63, 0s: 333
True Labels - 1s: 108, 0s: 288
Client 4 of 5: Local Epoch [1/3] Loss: 0.5530, Accuracy: 71.46 %
Predictions - 1s: 85, 0s: 313
True Labels - 1s: 122, 0s: 276
Client 5 of 5: Local Epoch [2/3] Loss: 0.4612, Accuracy: 79.65 %
Predictions - 1s: 53, 0s: 343
True Labels - 1s: 96, 0s: 300
Client 3 of 5: Local Epoch [2/3] Loss: 0.4266, Accuracy: 81.06 %
Predictions - 1s: 62, 0s: 334
True Labels - 1s: 106, 0s: 290
Client 1 of 5: Local Epoch [2/3] Loss: 0.4357, Accuracy: 78.28 %
Predictions - 1s: 70, 0s: 326
True Labels - 1s: 121, 0s: 275
Client 2 of 5: Local Epoch [2/3] Loss: 0.4732, Accuracy: 78.54 %
Predictions - 1s: 46, 0s: 350
True Labels - 1s: 108, 0s: 288
Client 4 of 5: Local Epoch [2/3] Loss: 0.4697, Accuracy: 77.78 %
Predictions - 1s: 104, 0s: 294
True Labels - 1s: 122, 0s: 276
Client 5 of 5: Local Epoch [3/3] Loss: 0.4106, Accuracy: 81.41 %
Predictions - 1s: 65, 0s: 331
True Labels - 1s: 96, 0s: 300
Client 3 of 5: Local Epoch [3/3] Loss: 0.3955, Accuracy: 83.08 %
Predictions - 1s: 83, 0s: 313
True Labels - 1s: 106, 0s: 290
Client 1 of 5: Local Epoch [3/3] Loss: 0.3899, Accuracy: 84.09 %
Predictions - 1s: 99, 0s: 297
True Labels - 1s: 121, 0s: 275
Client 2 of 5: Local Epoch [3/3] Loss: 0.4438, Accuracy: 79.29 %
Predictions - 1s: 87, 0s: 309
True Labels - 1s: 108, 0s: 288
Client 4 of 5: Local Epoch [3/3] Loss: 0.4080, Accuracy: 82.58 %
-------------------------------
Round [1/4] Average Local Loss: 0.4096, Average Local Accuracy: 82.09 %
-------------------------------
-------- Validation --------
Predictions - 1s: 79, 0s: 417
True Labels - 1s: 121, 0s: 375
Round [1/4] Global Model Validation Loss: 0.4325, Validation Accuracy: 81.05 %
-------- Validation finished --------
Updated best model in round 1 saved with Validation Loss: 0.4325 and Validation Accuracy: 81.05 %
-------------------------------

Round 2 of 4
-------------------------------
Predictions - 1s: 64, 0s: 332
True Labels - 1s: 108, 0s: 288
Client 4 of 5: Local Epoch [1/3] Loss: 0.4626, Accuracy: 77.78 %
Predictions - 1s: 83, 0s: 313
True Labels - 1s: 121, 0s: 275
Client 2 of 5: Local Epoch [1/3] Loss: 0.4745, Accuracy: 78.28 %
Predictions - 1s: 68, 0s: 328
True Labels - 1s: 96, 0s: 300
Client 3 of 5: Local Epoch [1/3] Loss: 0.4470, Accuracy: 77.27 %
Predictions - 1s: 74, 0s: 322
True Labels - 1s: 106, 0s: 290
Client 1 of 5: Local Epoch [1/3] Loss: 0.4471, Accuracy: 79.29 %
Predictions - 1s: 94, 0s: 304
True Labels - 1s: 122, 0s: 276
Client 5 of 5: Local Epoch [1/3] Loss: 0.4732, Accuracy: 75.38 %
Predictions - 1s: 79, 0s: 317
True Labels - 1s: 108, 0s: 288
Client 4 of 5: Local Epoch [2/3] Loss: 0.4054, Accuracy: 83.59 %
Predictions - 1s: 106, 0s: 292
True Labels - 1s: 122, 0s: 276
Client 5 of 5: Local Epoch [2/3] Loss: 0.3847, Accuracy: 83.42 %
Predictions - 1s: 93, 0s: 303
True Labels - 1s: 121, 0s: 275
Client 2 of 5: Local Epoch [2/3] Loss: 0.4252, Accuracy: 79.29 %
Predictions - 1s: 74, 0s: 322
True Labels - 1s: 106, 0s: 290
Client 1 of 5: Local Epoch [2/3] Loss: 0.3787, Accuracy: 82.32 %
Predictions - 1s: 70, 0s: 326
True Labels - 1s: 96, 0s: 300
Client 3 of 5: Local Epoch [2/3] Loss: 0.3831, Accuracy: 83.84 %
Predictions - 1s: 88, 0s: 308
True Labels - 1s: 108, 0s: 288
Client 4 of 5: Local Epoch [3/3] Loss: 0.3434, Accuracy: 86.36 %
Predictions - 1s: 93, 0s: 305
True Labels - 1s: 122, 0s: 276
Client 5 of 5: Local Epoch [3/3] Loss: 0.3456, Accuracy: 85.68 %
Predictions - 1s: 92, 0s: 304
True Labels - 1s: 121, 0s: 275
Client 2 of 5: Local Epoch [3/3] Loss: 0.3889, Accuracy: 81.57 %
Predictions - 1s: 79, 0s: 317
True Labels - 1s: 96, 0s: 300
Client 3 of 5: Local Epoch [3/3] Loss: 0.3279, Accuracy: 86.11 %
Predictions - 1s: 98, 0s: 298
True Labels - 1s: 106, 0s: 290
Client 1 of 5: Local Epoch [3/3] Loss: 0.3243, Accuracy: 86.36 %
-------------------------------
Round [2/4] Average Local Loss: 0.3460, Average Local Accuracy: 85.22 %
-------------------------------
-------- Validation --------
Predictions - 1s: 93, 0s: 403
True Labels - 1s: 121, 0s: 375
Round [2/4] Global Model Validation Loss: 0.4100, Validation Accuracy: 81.85 %
-------- Validation finished --------
Updated best model in round 2 saved with Validation Loss: 0.4100 and Validation Accuracy: 81.85 %
-------------------------------

Round 3 of 4
-------------------------------
Predictions - 1s: 71, 0s: 325
True Labels - 1s: 96, 0s: 300
Client 3 of 5: Local Epoch [1/3] Loss: 0.3989, Accuracy: 82.58 %
Predictions - 1s: 102, 0s: 296
True Labels - 1s: 122, 0s: 276
Client 5 of 5: Local Epoch [1/3] Loss: 0.4337, Accuracy: 79.40 %
Predictions - 1s: 76, 0s: 320
True Labels - 1s: 108, 0s: 288
Client 4 of 5: Local Epoch [1/3] Loss: 0.4336, Accuracy: 78.79 %
Predictions - 1s: 90, 0s: 306
True Labels - 1s: 106, 0s: 290
Client 1 of 5: Local Epoch [1/3] Loss: 0.4049, Accuracy: 81.31 %
Predictions - 1s: 93, 0s: 303
True Labels - 1s: 121, 0s: 275
Client 2 of 5: Local Epoch [1/3] Loss: 0.4719, Accuracy: 81.31 %
Predictions - 1s: 79, 0s: 317
True Labels - 1s: 96, 0s: 300
Client 3 of 5: Local Epoch [2/3] Loss: 0.3309, Accuracy: 86.11 %
Predictions - 1s: 105, 0s: 293
True Labels - 1s: 122, 0s: 276
Client 5 of 5: Local Epoch [2/3] Loss: 0.3480, Accuracy: 84.17 %
Predictions - 1s: 77, 0s: 319
True Labels - 1s: 108, 0s: 288
Client 4 of 5: Local Epoch [2/3] Loss: 0.3557, Accuracy: 83.59 %
Predictions - 1s: 93, 0s: 303
True Labels - 1s: 106, 0s: 290
Client 1 of 5: Local Epoch [2/3] Loss: 0.3320, Accuracy: 84.60 %
Predictions - 1s: 96, 0s: 300
True Labels - 1s: 121, 0s: 275
Client 2 of 5: Local Epoch [2/3] Loss: 0.4012, Accuracy: 81.06 %
Predictions - 1s: 78, 0s: 318
True Labels - 1s: 96, 0s: 300
Client 3 of 5: Local Epoch [3/3] Loss: 0.2881, Accuracy: 88.89 %
Predictions - 1s: 105, 0s: 293
True Labels - 1s: 122, 0s: 276
Client 5 of 5: Local Epoch [3/3] Loss: 0.2992, Accuracy: 87.19 %
Predictions - 1s: 86, 0s: 310
True Labels - 1s: 108, 0s: 288
Client 4 of 5: Local Epoch [3/3] Loss: 0.3151, Accuracy: 87.88 %
Predictions - 1s: 103, 0s: 293
True Labels - 1s: 121, 0s: 275
Client 2 of 5: Local Epoch [3/3] Loss: 0.3705, Accuracy: 82.83 %
Predictions - 1s: 98, 0s: 298
True Labels - 1s: 106, 0s: 290
Client 1 of 5: Local Epoch [3/3] Loss: 0.3011, Accuracy: 86.87 %
-------------------------------
Round [3/4] Average Local Loss: 0.3148, Average Local Accuracy: 86.73 %
-------------------------------
-------- Validation --------
Predictions - 1s: 93, 0s: 403
True Labels - 1s: 121, 0s: 375
Round [3/4] Global Model Validation Loss: 0.3980, Validation Accuracy: 81.85 %
-------- Validation finished --------
Updated best model in round 3 saved with Validation Loss: 0.3980 and Validation Accuracy: 81.85 %
-------------------------------

Round 4 of 4
-------------------------------
Predictions - 1s: 107, 0s: 291
True Labels - 1s: 122, 0s: 276
Client 5 of 5: Local Epoch [1/3] Loss: 0.3975, Accuracy: 82.66 %
Predictions - 1s: 91, 0s: 305
True Labels - 1s: 106, 0s: 290
Client 1 of 5: Local Epoch [1/3] Loss: 0.3836, Accuracy: 80.05 %
Predictions - 1s: 91, 0s: 305
Predictions - 1s: 74, 0s: 322
True Labels - 1s: 121, 0s: 275
True Labels - 1s: 96, 0s: 300
Client 2 of 5: Local Epoch [1/3] Loss: 0.4676, Accuracy: 78.79 %
Client 3 of 5: Local Epoch [1/3] Loss: 0.3881, Accuracy: 82.32 %
Predictions - 1s: 88, 0s: 308
True Labels - 1s: 108, 0s: 288
Client 4 of 5: Local Epoch [1/3] Loss: 0.3904, Accuracy: 81.31 %
Predictions - 1s: 110, 0s: 288
True Labels - 1s: 122, 0s: 276
Client 5 of 5: Local Epoch [2/3] Loss: 0.3139, Accuracy: 86.93 %
Predictions - 1s: 92, 0s: 304
True Labels - 1s: 106, 0s: 290
Client 1 of 5: Local Epoch [2/3] Loss: 0.3219, Accuracy: 85.35 %
Predictions - 1s: 108, 0s: 288
True Labels - 1s: 121, 0s: 275
Client 2 of 5: Local Epoch [2/3] Loss: 0.3659, Accuracy: 85.10 %
Predictions - 1s: 71, 0s: 325
True Labels - 1s: 96, 0s: 300
Client 3 of 5: Local Epoch [2/3] Loss: 0.2984, Accuracy: 87.12 %
Predictions - 1s: 99, 0s: 297
True Labels - 1s: 108, 0s: 288
Client 4 of 5: Local Epoch [2/3] Loss: 0.3359, Accuracy: 85.61 %
Predictions - 1s: 114, 0s: 284
True Labels - 1s: 122, 0s: 276
Client 5 of 5: Local Epoch [3/3] Loss: 0.2571, Accuracy: 90.45 %
Predictions - 1s: 87, 0s: 309
True Labels - 1s: 106, 0s: 290
Client 1 of 5: Local Epoch [3/3] Loss: 0.2579, Accuracy: 89.65 %
Predictions - 1s: 103, 0s: 293
True Labels - 1s: 121, 0s: 275
Client 2 of 5: Local Epoch [3/3] Loss: 0.3457, Accuracy: 85.86 %
Predictions - 1s: 94, 0s: 302
True Labels - 1s: 108, 0s: 288
Client 4 of 5: Local Epoch [3/3] Loss: 0.2652, Accuracy: 89.90 %
Predictions - 1s: 84, 0s: 312
True Labels - 1s: 96, 0s: 300
Client 3 of 5: Local Epoch [3/3] Loss: 0.2483, Accuracy: 90.91 %
-------------------------------
Round [4/4] Average Local Loss: 0.2748, Average Local Accuracy: 89.35 %
-------------------------------
-------- Validation --------
Predictions - 1s: 102, 0s: 394
True Labels - 1s: 121, 0s: 375
Round [4/4] Global Model Validation Loss: 0.3952, Validation Accuracy: 81.65 %
-------- Validation finished --------
Updated best model in round 4 saved with Validation Loss: 0.3952 and Validation Accuracy: 81.65 %
-------------------------------
Best model in round 4 saved with Validation Loss: 0.3952 and Validation Accuracy: 81.65 %

-------- Training finished in 2:44 --------

Test flag enabled. Testing the model

-------- Loading best model from model_path --------
Loaded model bert-medium from date 19-04-2024 18:58. Trained with Federated Learning technology.
Round 4, lr: 6e-05, optimizer: AdamW
Average train accuracy: 89.35 %, Validation accuracy: 81.65 %
-------- Best model loaded --------

-------- Creating Test Dataloader --------
Test Loader: 618 total sentences. 78 batches of size 8.
-------- Test Dataloader created --------

-------- Testing --------
Predictions - 1s: 141, 0s: 477
True Labels - 1s: 168, 0s: 450
Nº of test samples: 618
Accuracy: 81.07%
Accuracy 2 : 81.07%
Precision: 76.50%
Recall: 73.57%
F1 Score: 74.76%
Classification report:
              precision    recall  f1-score   support

           0     0.8491    0.9000    0.8738       450
           1     0.6809    0.5714    0.6214       168

    accuracy                         0.8107       618
   macro avg     0.7650    0.7357    0.7476       618
weighted avg     0.8033    0.8107    0.8052       618

-------- Testing finished --------
