Current configuration:
{
    "concurrency_flag": true,
    "data_distribution": "iid",
    "dataset": "twitter_dep",
    "device": "cuda",
    "dp_delta": 0.003,
    "dp_epsilon": 0.0,
    "eval_batch_size": 4,
    "eval_flag": true,
    "eval_size": 0.2,
    "fed_alg": "fedavg",
    "layers": 3,
    "learning_rate": 6e-05,
    "max_length": 512,
    "ml_mode": "fl",
    "model": "bert_medium",
    "model_name": "fl_medium_seed2_twitter_dep",
    "models_path": "/local/vpaloma/fabric-federated-learning/ablation_study/phase-4/final/accs-times/twitter_dep/",
    "mu": 0.5,
    "num_clients": 5,
    "num_epochs": 3,
    "num_rounds": 4,
    "optimizer": "AdamW",
    "progress_bar_flag": false,
    "save_model": true,
    "scheduler": "linear",
    "scheduler_warmup_steps": 0,
    "seed": "random",
    "test_flag": true,
    "train_batch_size": 4,
    "train_size": 0.8
}
-------- Configuration loaded --------

-------- Setting device --------
cuda device selected and available.
-------- Device set --------

-------- Setting seed --------
seed set:  857051
-------- Seed set --------

-------- Creating Model --------
-------- Model created --------

-------- Setting Trainable Layers --------
Training the last 3 layers.

Total parameters count: 41374210
Trainable parameters count: 3416066
-------- Trainable Layers set --------

-------- Creating Tokenizer --------
-------- Tokenizer created --------

-------- Creating Train and Eval Dataloaders --------
Train Loader: 1982 total sentences. 496 batches of size 4.
Eval Loader: 496 total sentences. 124 batches of size 4.
-------- Train and Eval Dataloaders created --------

-------- Training --------
Training with Federated Learning technology.
Training without differential privacy.
Federated averaging algorithm selected.
Client 0: Label 0: 285, Label 1: 111
Client 1: Label 0: 294, Label 1: 102
Client 2: Label 0: 286, Label 1: 110
Client 3: Label 0: 287, Label 1: 109
Client 4: Label 0: 291, Label 1: 107

Round 1 of 4
-------------------------------
Predictions - 1s: 30, 0s: 368
True Labels - 1s: 107, 0s: 291
Client 5 of 5: Local Epoch [1/3] Loss: 0.5533, Accuracy: 71.61 %
Predictions - 1s: 33, 0s: 363
True Labels - 1s: 102, 0s: 294
Client 2 of 5: Local Epoch [1/3] Loss: 0.5746, Accuracy: 71.46 %
Predictions - 1s: 22, 0s: 374
True Labels - 1s: 111, 0s: 285
Client 1 of 5: Local Epoch [1/3] Loss: 0.5705, Accuracy: 70.45 %
Predictions - 1s: 21, 0s: 375
True Labels - 1s: 109, 0s: 287
Client 4 of 5: Local Epoch [1/3] Loss: 0.5754, Accuracy: 69.19 %
Predictions - 1s: 22, 0s: 374
True Labels - 1s: 110, 0s: 286
Client 3 of 5: Local Epoch [1/3] Loss: 0.5641, Accuracy: 70.71 %
Predictions - 1s: 46, 0s: 352
True Labels - 1s: 107, 0s: 291
Client 5 of 5: Local Epoch [2/3] Loss: 0.4570, Accuracy: 78.14 %
Predictions - 1s: 27, 0s: 369
True Labels - 1s: 102, 0s: 294
Client 2 of 5: Local Epoch [2/3] Loss: 0.4671, Accuracy: 77.53 %
Predictions - 1s: 72, 0s: 324
True Labels - 1s: 111, 0s: 285
Client 1 of 5: Local Epoch [2/3] Loss: 0.4467, Accuracy: 80.56 %
Predictions - 1s: 63, 0s: 333
True Labels - 1s: 110, 0s: 286
Client 3 of 5: Local Epoch [2/3] Loss: 0.4606, Accuracy: 79.55 %
Predictions - 1s: 57, 0s: 339
True Labels - 1s: 109, 0s: 287
Client 4 of 5: Local Epoch [2/3] Loss: 0.4735, Accuracy: 77.27 %
Predictions - 1s: 59, 0s: 339
True Labels - 1s: 107, 0s: 291
Client 5 of 5: Local Epoch [3/3] Loss: 0.4204, Accuracy: 81.91 %
Predictions - 1s: 70, 0s: 326
True Labels - 1s: 102, 0s: 294
Client 2 of 5: Local Epoch [3/3] Loss: 0.4297, Accuracy: 82.83 %
Predictions - 1s: 66, 0s: 330
True Labels - 1s: 111, 0s: 285
Client 1 of 5: Local Epoch [3/3] Loss: 0.4016, Accuracy: 83.08 %
Predictions - 1s: 66, 0s: 330
True Labels - 1s: 110, 0s: 286
Client 3 of 5: Local Epoch [3/3] Loss: 0.4002, Accuracy: 81.31 %
Predictions - 1s: 50, 0s: 346
True Labels - 1s: 109, 0s: 287
Client 4 of 5: Local Epoch [3/3] Loss: 0.4393, Accuracy: 78.54 %
-------------------------------
Round [1/4] Average Local Loss: 0.4182, Average Local Accuracy: 81.53 %
-------------------------------
-------- Validation --------
Predictions - 1s: 77, 0s: 419
True Labels - 1s: 135, 0s: 361
Round [1/4] Global Model Validation Loss: 0.4597, Validation Accuracy: 77.82 %
-------- Validation finished --------
Updated best model in round 1 saved with Validation Loss: 0.4597 and Validation Accuracy: 77.82 %
-------------------------------

Round 2 of 4
-------------------------------
Predictions - 1s: 57, 0s: 339
True Labels - 1s: 102, 0s: 294
Client 2 of 5: Local Epoch [1/3] Loss: 0.4645, Accuracy: 78.03 %
Predictions - 1s: 81, 0s: 315
True Labels - 1s: 110, 0s: 286
Client 3 of 5: Local Epoch [1/3] Loss: 0.4499, Accuracy: 78.54 %
Predictions - 1s: 62, 0s: 334
True Labels - 1s: 109, 0s: 287
Client 4 of 5: Local Epoch [1/3] Loss: 0.4652, Accuracy: 77.02 %
Predictions - 1s: 77, 0s: 319
True Labels - 1s: 111, 0s: 285
Client 1 of 5: Local Epoch [1/3] Loss: 0.4342, Accuracy: 79.80 %
Predictions - 1s: 56, 0s: 342
True Labels - 1s: 107, 0s: 291
Client 5 of 5: Local Epoch [1/3] Loss: 0.4672, Accuracy: 78.14 %
Predictions - 1s: 70, 0s: 326
True Labels - 1s: 102, 0s: 294
Client 2 of 5: Local Epoch [2/3] Loss: 0.3950, Accuracy: 82.83 %
Predictions - 1s: 78, 0s: 320
True Labels - 1s: 107, 0s: 291
Client 5 of 5: Local Epoch [2/3] Loss: 0.3956, Accuracy: 83.17 %
Predictions - 1s: 85, 0s: 311
True Labels - 1s: 110, 0s: 286
Client 3 of 5: Local Epoch [2/3] Loss: 0.3698, Accuracy: 82.58 %
Predictions - 1s: 82, 0s: 314
True Labels - 1s: 111, 0s: 285
Client 1 of 5: Local Epoch [2/3] Loss: 0.3579, Accuracy: 84.60 %
Predictions - 1s: 81, 0s: 315
True Labels - 1s: 109, 0s: 287
Client 4 of 5: Local Epoch [2/3] Loss: 0.3905, Accuracy: 81.31 %
Predictions - 1s: 75, 0s: 321
True Labels - 1s: 102, 0s: 294
Client 2 of 5: Local Epoch [3/3] Loss: 0.3580, Accuracy: 84.60 %
Predictions - 1s: 83, 0s: 315
True Labels - 1s: 107, 0s: 291
Client 5 of 5: Local Epoch [3/3] Loss: 0.3513, Accuracy: 85.43 %
Predictions - 1s: 88, 0s: 308
True Labels - 1s: 110, 0s: 286
Client 3 of 5: Local Epoch [3/3] Loss: 0.3323, Accuracy: 85.86 %
Predictions - 1s: 92, 0s: 304
True Labels - 1s: 111, 0s: 285
Client 1 of 5: Local Epoch [3/3] Loss: 0.3084, Accuracy: 86.62 %
Predictions - 1s: 92, 0s: 304
True Labels - 1s: 109, 0s: 287
Client 4 of 5: Local Epoch [3/3] Loss: 0.3398, Accuracy: 85.10 %
-------------------------------
Round [2/4] Average Local Loss: 0.3379, Average Local Accuracy: 85.52 %
-------------------------------
-------- Validation --------
Predictions - 1s: 110, 0s: 386
True Labels - 1s: 135, 0s: 361
Round [2/4] Global Model Validation Loss: 0.4446, Validation Accuracy: 80.44 %
-------- Validation finished --------
Updated best model in round 2 saved with Validation Loss: 0.4446 and Validation Accuracy: 80.44 %
-------------------------------

Round 3 of 4
-------------------------------
Predictions - 1s: 90, 0s: 306
True Labels - 1s: 110, 0s: 286
Client 3 of 5: Local Epoch [1/3] Loss: 0.4011, Accuracy: 81.82 %
Predictions - 1s: 79, 0s: 317
True Labels - 1s: 109, 0s: 287
Client 4 of 5: Local Epoch [1/3] Loss: 0.4378, Accuracy: 79.80 %
Predictions - 1s: 83, 0s: 315
True Labels - 1s: 107, 0s: 291
Client 5 of 5: Local Epoch [1/3] Loss: 0.4294, Accuracy: 79.90 %
Predictions - 1s: 78, 0s: 318
True Labels - 1s: 102, 0s: 294
Client 2 of 5: Local Epoch [1/3] Loss: 0.4100, Accuracy: 79.80 %
Predictions - 1s: 88, 0s: 308
True Labels - 1s: 111, 0s: 285
Client 1 of 5: Local Epoch [1/3] Loss: 0.3805, Accuracy: 82.58 %
Predictions - 1s: 86, 0s: 310
True Labels - 1s: 110, 0s: 286
Client 3 of 5: Local Epoch [2/3] Loss: 0.3505, Accuracy: 83.84 %
Predictions - 1s: 87, 0s: 309
True Labels - 1s: 109, 0s: 287
Client 4 of 5: Local Epoch [2/3] Loss: 0.3383, Accuracy: 86.36 %
Predictions - 1s: 69, 0s: 329
True Labels - 1s: 107, 0s: 291
Client 5 of 5: Local Epoch [2/3] Loss: 0.3607, Accuracy: 82.91 %
Predictions - 1s: 71, 0s: 325
True Labels - 1s: 102, 0s: 294
Client 2 of 5: Local Epoch [2/3] Loss: 0.3575, Accuracy: 84.60 %
Predictions - 1s: 98, 0s: 298
True Labels - 1s: 111, 0s: 285
Client 1 of 5: Local Epoch [2/3] Loss: 0.2993, Accuracy: 86.11 %
Predictions - 1s: 94, 0s: 302
True Labels - 1s: 110, 0s: 286
Client 3 of 5: Local Epoch [3/3] Loss: 0.3077, Accuracy: 87.37 %
Predictions - 1s: 94, 0s: 302
True Labels - 1s: 109, 0s: 287
Client 4 of 5: Local Epoch [3/3] Loss: 0.3124, Accuracy: 87.12 %
Predictions - 1s: 84, 0s: 314
True Labels - 1s: 107, 0s: 291
Client 5 of 5: Local Epoch [3/3] Loss: 0.3393, Accuracy: 83.17 %
Predictions - 1s: 73, 0s: 323
True Labels - 1s: 102, 0s: 294
Client 2 of 5: Local Epoch [3/3] Loss: 0.3055, Accuracy: 87.63 %
Predictions - 1s: 93, 0s: 303
True Labels - 1s: 111, 0s: 285
Client 1 of 5: Local Epoch [3/3] Loss: 0.2536, Accuracy: 89.39 %
-------------------------------
Round [3/4] Average Local Loss: 0.3037, Average Local Accuracy: 86.94 %
-------------------------------
-------- Validation --------
Predictions - 1s: 124, 0s: 372
True Labels - 1s: 135, 0s: 361
Round [3/4] Global Model Validation Loss: 0.4416, Validation Accuracy: 79.23 %
-------- Validation finished --------
Updated best model in round 3 saved with Validation Loss: 0.4416 and Validation Accuracy: 79.23 %
-------------------------------

Round 4 of 4
-------------------------------
Predictions - 1s: 89, 0s: 309
True Labels - 1s: 107, 0s: 291
Client 5 of 5: Local Epoch [1/3] Loss: 0.3754, Accuracy: 81.91 %
Predictions - 1s: 93, 0s: 303
True Labels - 1s: 110, 0s: 286
Client 3 of 5: Local Epoch [1/3] Loss: 0.3774, Accuracy: 82.58 %
Predictions - 1s: 93, 0s: 303
True Labels - 1s: 111, 0s: 285
Client 1 of 5: Local Epoch [1/3] Loss: 0.3470, Accuracy: 83.33 %
Predictions - 1s: 83, 0s: 313
True Labels - 1s: 109, 0s: 287
Client 4 of 5: Local Epoch [1/3] Loss: 0.4064, Accuracy: 78.79 %
Predictions - 1s: 77, 0s: 319
True Labels - 1s: 102, 0s: 294
Client 2 of 5: Local Epoch [1/3] Loss: 0.4051, Accuracy: 82.07 %
Predictions - 1s: 86, 0s: 312
True Labels - 1s: 107, 0s: 291
Client 5 of 5: Local Epoch [2/3] Loss: 0.3035, Accuracy: 86.68 %
Predictions - 1s: 93, 0s: 303
True Labels - 1s: 110, 0s: 286
Client 3 of 5: Local Epoch [2/3] Loss: 0.2943, Accuracy: 89.14 %
Predictions - 1s: 83, 0s: 313
True Labels - 1s: 102, 0s: 294
Client 2 of 5: Local Epoch [2/3] Loss: 0.3280, Accuracy: 86.62 %
Predictions - 1s: 93, 0s: 303
True Labels - 1s: 111, 0s: 285
Client 1 of 5: Local Epoch [2/3] Loss: 0.2711, Accuracy: 87.37 %
Predictions - 1s: 97, 0s: 299
True Labels - 1s: 109, 0s: 287
Client 4 of 5: Local Epoch [2/3] Loss: 0.3381, Accuracy: 83.33 %
Predictions - 1s: 99, 0s: 297
True Labels - 1s: 110, 0s: 286
Client 3 of 5: Local Epoch [3/3] Loss: 0.2750, Accuracy: 90.15 %
Predictions - 1s: 83, 0s: 315
True Labels - 1s: 107, 0s: 291
Client 5 of 5: Local Epoch [3/3] Loss: 0.2908, Accuracy: 86.93 %
Predictions - 1s: 85, 0s: 311
True Labels - 1s: 102, 0s: 294
Client 2 of 5: Local Epoch [3/3] Loss: 0.2787, Accuracy: 89.14 %
Predictions - 1s: 102, 0s: 294
True Labels - 1s: 111, 0s: 285
Client 1 of 5: Local Epoch [3/3] Loss: 0.2233, Accuracy: 91.16 %
Predictions - 1s: 100, 0s: 296
True Labels - 1s: 109, 0s: 287
Client 4 of 5: Local Epoch [3/3] Loss: 0.2765, Accuracy: 87.63 %
-------------------------------
Round [4/4] Average Local Loss: 0.2689, Average Local Accuracy: 89.00 %
-------------------------------
-------- Validation --------
Predictions - 1s: 135, 0s: 361
True Labels - 1s: 135, 0s: 361
Round [4/4] Global Model Validation Loss: 0.4429, Validation Accuracy: 80.24 %
-------- Validation finished --------
Best model in round 3 saved with Validation Loss: 0.4416 and Validation Accuracy: 79.23 %

-------- Training finished in 2:42 --------

Test flag enabled. Testing the model

-------- Loading best model from model_path --------
Loaded model bert-medium from date 19-04-2024 19:28. Trained with Federated Learning technology.
Round 3, lr: 6e-05, optimizer: AdamW
Average train accuracy: 86.94 %, Validation accuracy: 79.23 %
-------- Best model loaded --------

-------- Creating Test Dataloader --------
Test Loader: 618 total sentences. 78 batches of size 8.
-------- Test Dataloader created --------

-------- Testing --------
Predictions - 1s: 140, 0s: 478
True Labels - 1s: 168, 0s: 450
Nº of test samples: 618
Accuracy: 81.23%
Accuracy 2 : 81.23%
Precision: 76.75%
Recall: 73.68%
F1 Score: 74.92%
Classification report:
              precision    recall  f1-score   support

           0     0.8494    0.9022    0.8750       450
           1     0.6857    0.5714    0.6234       168

    accuracy                         0.8123       618
   macro avg     0.7675    0.7368    0.7492       618
weighted avg     0.8049    0.8123    0.8066       618

-------- Testing finished --------
