Current configuration:
{
    "concurrency_flag": true,
    "data_distribution": "iid",
    "dataset": "twitter_dep",
    "device": "cuda",
    "dp_delta": 0.003,
    "dp_epsilon": 0.0,
    "eval_batch_size": 4,
    "eval_flag": true,
    "eval_size": 0.2,
    "fed_alg": "fedavg",
    "layers": 3,
    "learning_rate": 6e-05,
    "max_length": 512,
    "ml_mode": "fl",
    "model": "bert_medium",
    "model_name": "fl_medium_seed7_twitter_dep",
    "models_path": "/local/vpaloma/fabric-federated-learning/ablation_study/phase-4/final/accs-times/twitter_dep/",
    "mu": 0.5,
    "num_clients": 5,
    "num_epochs": 3,
    "num_rounds": 4,
    "optimizer": "AdamW",
    "progress_bar_flag": false,
    "save_model": true,
    "scheduler": "linear",
    "scheduler_warmup_steps": 0,
    "seed": "random",
    "test_flag": true,
    "train_batch_size": 4,
    "train_size": 0.8
}
-------- Configuration loaded --------

-------- Setting device --------
cuda device selected and available.
-------- Device set --------

-------- Setting seed --------
seed set:  202188
-------- Seed set --------

-------- Creating Model --------
-------- Model created --------

-------- Setting Trainable Layers --------
Training the last 3 layers.

Total parameters count: 41374210
Trainable parameters count: 3416066
-------- Trainable Layers set --------

-------- Creating Tokenizer --------
-------- Tokenizer created --------

-------- Creating Train and Eval Dataloaders --------
Train Loader: 1982 total sentences. 496 batches of size 4.
Eval Loader: 496 total sentences. 124 batches of size 4.
-------- Train and Eval Dataloaders created --------

-------- Training --------
Training with Federated Learning technology.
Training without differential privacy.
Federated averaging algorithm selected.
Client 0: Label 0: 283, Label 1: 113
Client 1: Label 0: 292, Label 1: 104
Client 2: Label 0: 276, Label 1: 120
Client 3: Label 0: 292, Label 1: 104
Client 4: Label 0: 304, Label 1: 94

Round 1 of 4
-------------------------------
Predictions - 1s: 9, 0s: 387
True Labels - 1s: 104, 0s: 292
Client 2 of 5: Local Epoch [1/3] Loss: 0.5363, Accuracy: 75.00 %
Predictions - 1s: 6, 0s: 390
True Labels - 1s: 104, 0s: 292
Client 4 of 5: Local Epoch [1/3] Loss: 0.5391, Accuracy: 73.74 %
Predictions - 1s: 23, 0s: 373
True Labels - 1s: 113, 0s: 283
Client 1 of 5: Local Epoch [1/3] Loss: 0.5250, Accuracy: 74.24 %
Predictions - 1s: 37, 0s: 359
True Labels - 1s: 120, 0s: 276
Client 3 of 5: Local Epoch [1/3] Loss: 0.5785, Accuracy: 71.46 %
Predictions - 1s: 13, 0s: 385
True Labels - 1s: 94, 0s: 304
Client 5 of 5: Local Epoch [1/3] Loss: 0.5248, Accuracy: 77.14 %
Predictions - 1s: 30, 0s: 368
True Labels - 1s: 94, 0s: 304
Client 5 of 5: Local Epoch [2/3] Loss: 0.4346, Accuracy: 80.40 %
Predictions - 1s: 49, 0s: 347
True Labels - 1s: 104, 0s: 292
Client 4 of 5: Local Epoch [2/3] Loss: 0.4518, Accuracy: 79.04 %
Predictions - 1s: 79, 0s: 317
True Labels - 1s: 113, 0s: 283
Client 1 of 5: Local Epoch [2/3] Loss: 0.4426, Accuracy: 80.30 %
Predictions - 1s: 74, 0s: 322
True Labels - 1s: 120, 0s: 276
Client 3 of 5: Local Epoch [2/3] Loss: 0.4777, Accuracy: 79.80 %
Predictions - 1s: 49, 0s: 347
True Labels - 1s: 104, 0s: 292
Client 2 of 5: Local Epoch [2/3] Loss: 0.4476, Accuracy: 81.57 %
Predictions - 1s: 44, 0s: 354
True Labels - 1s: 94, 0s: 304
Client 5 of 5: Local Epoch [3/3] Loss: 0.3812, Accuracy: 82.91 %
Predictions - 1s: 59, 0s: 337
True Labels - 1s: 104, 0s: 292
Client 4 of 5: Local Epoch [3/3] Loss: 0.4119, Accuracy: 81.57 %
Predictions - 1s: 96, 0s: 300
True Labels - 1s: 113, 0s: 283
Client 1 of 5: Local Epoch [3/3] Loss: 0.3858, Accuracy: 86.11 %
Predictions - 1s: 79, 0s: 317
True Labels - 1s: 120, 0s: 276
Client 3 of 5: Local Epoch [3/3] Loss: 0.4318, Accuracy: 80.56 %
Predictions - 1s: 58, 0s: 338
True Labels - 1s: 104, 0s: 292
Client 2 of 5: Local Epoch [3/3] Loss: 0.4004, Accuracy: 82.83 %
-------------------------------
Round [1/4] Average Local Loss: 0.4022, Average Local Accuracy: 82.80 %
-------------------------------
-------- Validation --------
Predictions - 1s: 83, 0s: 413
True Labels - 1s: 139, 0s: 357
Round [1/4] Global Model Validation Loss: 0.4260, Validation Accuracy: 79.44 %
-------- Validation finished --------
Updated best model in round 1 saved with Validation Loss: 0.4260 and Validation Accuracy: 79.44 %
-------------------------------

Round 2 of 4
-------------------------------
Predictions - 1s: 66, 0s: 330
True Labels - 1s: 104, 0s: 292
Client 4 of 5: Local Epoch [1/3] Loss: 0.4475, Accuracy: 79.80 %
Predictions - 1s: 52, 0s: 346
True Labels - 1s: 94, 0s: 304
Client 5 of 5: Local Epoch [1/3] Loss: 0.4301, Accuracy: 79.40 %
Predictions - 1s: 78, 0s: 318
True Labels - 1s: 113, 0s: 283
Client 1 of 5: Local Epoch [1/3] Loss: 0.4427, Accuracy: 80.05 %
Predictions - 1s: 69, 0s: 327
True Labels - 1s: 104, 0s: 292
Client 2 of 5: Local Epoch [1/3] Loss: 0.4591, Accuracy: 77.02 %
Predictions - 1s: 90, 0s: 306
True Labels - 1s: 120, 0s: 276
Client 3 of 5: Local Epoch [1/3] Loss: 0.4820, Accuracy: 77.27 %
Predictions - 1s: 80, 0s: 316
True Labels - 1s: 104, 0s: 292
Client 4 of 5: Local Epoch [2/3] Loss: 0.3749, Accuracy: 81.31 %
Predictions - 1s: 62, 0s: 336
True Labels - 1s: 94, 0s: 304
Client 5 of 5: Local Epoch [2/3] Loss: 0.3444, Accuracy: 85.43 %
Predictions - 1s: 82, 0s: 314
True Labels - 1s: 113, 0s: 283
Client 1 of 5: Local Epoch [2/3] Loss: 0.3562, Accuracy: 85.10 %
Predictions - 1s: 61, 0s: 335
True Labels - 1s: 104, 0s: 292
Client 2 of 5: Local Epoch [2/3] Loss: 0.3972, Accuracy: 82.58 %
Predictions - 1s: 82, 0s: 314
True Labels - 1s: 120, 0s: 276
Client 3 of 5: Local Epoch [2/3] Loss: 0.4138, Accuracy: 80.81 %
Predictions - 1s: 67, 0s: 329
True Labels - 1s: 104, 0s: 292
Client 4 of 5: Local Epoch [3/3] Loss: 0.3486, Accuracy: 85.10 %
Predictions - 1s: 79, 0s: 319
True Labels - 1s: 94, 0s: 304
Client 5 of 5: Local Epoch [3/3] Loss: 0.3210, Accuracy: 88.69 %
Predictions - 1s: 96, 0s: 300
True Labels - 1s: 113, 0s: 283
Client 1 of 5: Local Epoch [3/3] Loss: 0.3087, Accuracy: 89.65 %
Predictions - 1s: 70, 0s: 326
True Labels - 1s: 104, 0s: 292
Client 2 of 5: Local Epoch [3/3] Loss: 0.3504, Accuracy: 83.33 %
Predictions - 1s: 102, 0s: 294
True Labels - 1s: 120, 0s: 276
Client 3 of 5: Local Epoch [3/3] Loss: 0.3764, Accuracy: 82.32 %
-------------------------------
Round [2/4] Average Local Loss: 0.3410, Average Local Accuracy: 85.82 %
-------------------------------
-------- Validation --------
Predictions - 1s: 113, 0s: 383
True Labels - 1s: 139, 0s: 357
Round [2/4] Global Model Validation Loss: 0.3903, Validation Accuracy: 81.05 %
-------- Validation finished --------
Updated best model in round 2 saved with Validation Loss: 0.3903 and Validation Accuracy: 81.05 %
-------------------------------

Round 3 of 4
-------------------------------
Predictions - 1s: 76, 0s: 320
True Labels - 1s: 104, 0s: 292
Client 2 of 5: Local Epoch [1/3] Loss: 0.4361, Accuracy: 79.29 %
Predictions - 1s: 95, 0s: 301
True Labels - 1s: 120, 0s: 276
Client 3 of 5: Local Epoch [1/3] Loss: 0.4489, Accuracy: 78.54 %
Predictions - 1s: 84, 0s: 312
True Labels - 1s: 113, 0s: 283
Client 1 of 5: Local Epoch [1/3] Loss: 0.4027, Accuracy: 82.58 %
Predictions - 1s: 79, 0s: 317
True Labels - 1s: 104, 0s: 292
Client 4 of 5: Local Epoch [1/3] Loss: 0.4229, Accuracy: 79.04 %
Predictions - 1s: 63, 0s: 335
True Labels - 1s: 94, 0s: 304
Client 5 of 5: Local Epoch [1/3] Loss: 0.3928, Accuracy: 83.17 %
Predictions - 1s: 74, 0s: 322
True Labels - 1s: 104, 0s: 292
Client 2 of 5: Local Epoch [2/3] Loss: 0.3741, Accuracy: 83.84 %
Predictions - 1s: 108, 0s: 288
True Labels - 1s: 120, 0s: 276
Client 3 of 5: Local Epoch [2/3] Loss: 0.3589, Accuracy: 83.84 %
Predictions - 1s: 94, 0s: 302
True Labels - 1s: 113, 0s: 283
Client 1 of 5: Local Epoch [2/3] Loss: 0.3244, Accuracy: 86.62 %
Predictions - 1s: 72, 0s: 324
True Labels - 1s: 104, 0s: 292
Client 4 of 5: Local Epoch [2/3] Loss: 0.3435, Accuracy: 83.84 %
Predictions - 1s: 71, 0s: 327
True Labels - 1s: 94, 0s: 304
Client 5 of 5: Local Epoch [2/3] Loss: 0.3257, Accuracy: 86.18 %
Predictions - 1s: 86, 0s: 310
True Labels - 1s: 104, 0s: 292
Client 2 of 5: Local Epoch [3/3] Loss: 0.3216, Accuracy: 86.36 %
Predictions - 1s: 88, 0s: 308
True Labels - 1s: 120, 0s: 276
Client 3 of 5: Local Epoch [3/3] Loss: 0.3282, Accuracy: 85.35 %
Predictions - 1s: 94, 0s: 302
True Labels - 1s: 113, 0s: 283
Client 1 of 5: Local Epoch [3/3] Loss: 0.2824, Accuracy: 88.13 %
Predictions - 1s: 82, 0s: 314
True Labels - 1s: 104, 0s: 292
Client 4 of 5: Local Epoch [3/3] Loss: 0.3103, Accuracy: 86.36 %
Predictions - 1s: 77, 0s: 321
True Labels - 1s: 94, 0s: 304
Client 5 of 5: Local Epoch [3/3] Loss: 0.2717, Accuracy: 88.69 %
-------------------------------
Round [3/4] Average Local Loss: 0.3028, Average Local Accuracy: 86.98 %
-------------------------------
-------- Validation --------
Predictions - 1s: 126, 0s: 370
True Labels - 1s: 139, 0s: 357
Round [3/4] Global Model Validation Loss: 0.3870, Validation Accuracy: 82.46 %
-------- Validation finished --------
Updated best model in round 3 saved with Validation Loss: 0.3870 and Validation Accuracy: 82.46 %
-------------------------------

Round 4 of 4
-------------------------------
Predictions - 1s: 79, 0s: 317
True Labels - 1s: 104, 0s: 292
Client 4 of 5: Local Epoch [1/3] Loss: 0.3937, Accuracy: 82.58 %
Predictions - 1s: 102, 0s: 294
True Labels - 1s: 120, 0s: 276
Client 3 of 5: Local Epoch [1/3] Loss: 0.4048, Accuracy: 81.82 %
Predictions - 1s: 96, 0s: 300
True Labels - 1s: 113, 0s: 283
Client 1 of 5: Local Epoch [1/3] Loss: 0.3716, Accuracy: 83.59 %
Predictions - 1s: 74, 0s: 322
True Labels - 1s: 104, 0s: 292
Client 2 of 5: Local Epoch [1/3] Loss: 0.4045, Accuracy: 82.32 %
Predictions - 1s: 71, 0s: 327
True Labels - 1s: 94, 0s: 304
Client 5 of 5: Local Epoch [1/3] Loss: 0.3527, Accuracy: 85.18 %
Predictions - 1s: 81, 0s: 315
True Labels - 1s: 104, 0s: 292
Client 4 of 5: Local Epoch [2/3] Loss: 0.3107, Accuracy: 86.62 %
Predictions - 1s: 102, 0s: 294
True Labels - 1s: 120, 0s: 276
Client 3 of 5: Local Epoch [2/3] Loss: 0.3340, Accuracy: 84.85 %
Predictions - 1s: 99, 0s: 297
True Labels - 1s: 113, 0s: 283
Client 1 of 5: Local Epoch [2/3] Loss: 0.2625, Accuracy: 90.40 %
Predictions - 1s: 80, 0s: 316
True Labels - 1s: 104, 0s: 292
Client 2 of 5: Local Epoch [2/3] Loss: 0.3334, Accuracy: 85.86 %
Predictions - 1s: 74, 0s: 324
True Labels - 1s: 94, 0s: 304
Client 5 of 5: Local Epoch [2/3] Loss: 0.2794, Accuracy: 89.45 %
Predictions - 1s: 88, 0s: 308
True Labels - 1s: 104, 0s: 292
Client 4 of 5: Local Epoch [3/3] Loss: 0.2651, Accuracy: 89.90 %
Predictions - 1s: 100, 0s: 296
True Labels - 1s: 120, 0s: 276
Client 3 of 5: Local Epoch [3/3] Loss: 0.2839, Accuracy: 87.37 %
Predictions - 1s: 103, 0s: 293
True Labels - 1s: 113, 0s: 283
Client 1 of 5: Local Epoch [3/3] Loss: 0.2231, Accuracy: 91.92 %
Predictions - 1s: 73, 0s: 325
True Labels - 1s: 94, 0s: 304
Client 5 of 5: Local Epoch [3/3] Loss: 0.2370, Accuracy: 91.21 %
Predictions - 1s: 83, 0s: 313
True Labels - 1s: 104, 0s: 292
Client 2 of 5: Local Epoch [3/3] Loss: 0.2713, Accuracy: 88.64 %
-------------------------------
Round [4/4] Average Local Loss: 0.2561, Average Local Accuracy: 89.81 %
-------------------------------
-------- Validation --------
Predictions - 1s: 128, 0s: 368
True Labels - 1s: 139, 0s: 357
Round [4/4] Global Model Validation Loss: 0.3904, Validation Accuracy: 83.27 %
-------- Validation finished --------
Best model in round 3 saved with Validation Loss: 0.3870 and Validation Accuracy: 82.46 %

-------- Training finished in 2:42 --------

Test flag enabled. Testing the model

-------- Loading best model from model_path --------
Loaded model bert-medium from date 19-04-2024 20:34. Trained with Federated Learning technology.
Round 3, lr: 6e-05, optimizer: AdamW
Average train accuracy: 86.98 %, Validation accuracy: 82.46 %
-------- Best model loaded --------

-------- Creating Test Dataloader --------
Test Loader: 618 total sentences. 78 batches of size 8.
-------- Test Dataloader created --------

-------- Testing --------
Predictions - 1s: 140, 0s: 478
True Labels - 1s: 168, 0s: 450
Nº of test samples: 618
Accuracy: 81.55%
Accuracy 2 : 81.55%
Precision: 77.22%
Recall: 74.09%
F1 Score: 75.35%
Classification report:
              precision    recall  f1-score   support

           0     0.8515    0.9044    0.8772       450
           1     0.6929    0.5774    0.6299       168

    accuracy                         0.8155       618
   macro avg     0.7722    0.7409    0.7535       618
weighted avg     0.8083    0.8155    0.8099       618

-------- Testing finished --------
