Current configuration:
{
    "concurrency_flag": true,
    "data_distribution": "iid",
    "dataset": "twitter_dep",
    "device": "cuda",
    "dp_delta": 0.003,
    "dp_epsilon": 0.0,
    "eval_batch_size": 4,
    "eval_flag": true,
    "eval_size": 0.2,
    "fed_alg": "fedavg",
    "layers": 3,
    "learning_rate": 6e-05,
    "max_length": 512,
    "ml_mode": "fl",
    "model": "bert_small",
    "model_name": "fl_small_seed8_twitter_dep",
    "models_path": "/local/vpaloma/fabric-federated-learning/ablation_study/phase-4/final/accs-times/twitter_dep/",
    "mu": 0.5,
    "num_clients": 5,
    "num_epochs": 3,
    "num_rounds": 4,
    "optimizer": "AdamW",
    "progress_bar_flag": false,
    "save_model": true,
    "scheduler": "linear",
    "scheduler_warmup_steps": 0,
    "seed": "random",
    "test_flag": true,
    "train_batch_size": 4,
    "train_size": 0.8
}
-------- Configuration loaded --------

-------- Setting device --------
cuda device selected and available.
-------- Device set --------

-------- Setting seed --------
seed set:  893707
-------- Seed set --------

-------- Creating Model --------
-------- Model created --------

-------- Setting Trainable Layers --------
Training the last 3 layers.

Total parameters count: 28764674
Trainable parameters count: 3416066
-------- Trainable Layers set --------

-------- Creating Tokenizer --------
-------- Tokenizer created --------

-------- Creating Train and Eval Dataloaders --------
Train Loader: 1982 total sentences. 496 batches of size 4.
Eval Loader: 496 total sentences. 124 batches of size 4.
-------- Train and Eval Dataloaders created --------

-------- Training --------
Training with Federated Learning technology.
Training without differential privacy.
Federated averaging algorithm selected.
Client 0: Label 0: 280, Label 1: 116
Client 1: Label 0: 288, Label 1: 108
Client 2: Label 0: 286, Label 1: 110
Client 3: Label 0: 291, Label 1: 105
Client 4: Label 0: 289, Label 1: 109

Round 1 of 4
-------------------------------
Predictions - 1s: 29, 0s: 367
True Labels - 1s: 105, 0s: 291
Client 4 of 5: Local Epoch [1/3] Loss: 0.5490, Accuracy: 73.74 %
Predictions - 1s: 33, 0s: 363
True Labels - 1s: 108, 0s: 288
Client 2 of 5: Local Epoch [1/3] Loss: 0.5649, Accuracy: 70.96 %
Predictions - 1s: 48, 0s: 348
True Labels - 1s: 116, 0s: 280
Client 1 of 5: Local Epoch [1/3] Loss: 0.5817, Accuracy: 68.18 %
Predictions - 1s: 33, 0s: 363
True Labels - 1s: 110, 0s: 286
Client 3 of 5: Local Epoch [1/3] Loss: 0.5813, Accuracy: 68.94 %
Predictions - 1s: 46, 0s: 352
True Labels - 1s: 109, 0s: 289
Client 5 of 5: Local Epoch [1/3] Loss: 0.5668, Accuracy: 71.11 %
Predictions - 1s: 58, 0s: 338
True Labels - 1s: 116, 0s: 280
Client 1 of 5: Local Epoch [2/3] Loss: 0.4644, Accuracy: 79.80 %
Predictions - 1s: 55, 0s: 341
True Labels - 1s: 105, 0s: 291
Client 4 of 5: Local Epoch [2/3] Loss: 0.4732, Accuracy: 77.27 %
Predictions - 1s: 33, 0s: 363
True Labels - 1s: 110, 0s: 286
Client 3 of 5: Local Epoch [2/3] Loss: 0.4897, Accuracy: 76.52 %
Predictions - 1s: 48, 0s: 348
True Labels - 1s: 108, 0s: 288
Client 2 of 5: Local Epoch [2/3] Loss: 0.4809, Accuracy: 77.78 %
Predictions - 1s: 51, 0s: 347
True Labels - 1s: 109, 0s: 289
Client 5 of 5: Local Epoch [2/3] Loss: 0.4436, Accuracy: 79.40 %
Predictions - 1s: 91, 0s: 305
True Labels - 1s: 116, 0s: 280
Client 1 of 5: Local Epoch [3/3] Loss: 0.4250, Accuracy: 83.08 %
Predictions - 1s: 75, 0s: 323
True Labels - 1s: 109, 0s: 289
Client 5 of 5: Local Epoch [3/3] Loss: 0.3901, Accuracy: 83.92 %
Predictions - 1s: 61, 0s: 335
True Labels - 1s: 110, 0s: 286
Client 3 of 5: Local Epoch [3/3] Loss: 0.4460, Accuracy: 79.55 %
Predictions - 1s: 67, 0s: 329
True Labels - 1s: 108, 0s: 288
Client 2 of 5: Local Epoch [3/3] Loss: 0.4325, Accuracy: 80.56 %
Predictions - 1s: 59, 0s: 337
True Labels - 1s: 105, 0s: 291
Client 4 of 5: Local Epoch [3/3] Loss: 0.4244, Accuracy: 80.30 %
-------------------------------
Round [1/4] Average Local Loss: 0.4236, Average Local Accuracy: 81.48 %
-------------------------------
-------- Validation --------
Predictions - 1s: 56, 0s: 440
True Labels - 1s: 126, 0s: 370
Round [1/4] Global Model Validation Loss: 0.4558, Validation Accuracy: 79.03 %
-------- Validation finished --------
Updated best model in round 1 saved with Validation Loss: 0.4558 and Validation Accuracy: 79.03 %
-------------------------------

Round 2 of 4
-------------------------------
Predictions - 1s: 91, 0s: 305
True Labels - 1s: 116, 0s: 280
Client 1 of 5: Local Epoch [1/3] Loss: 0.4757, Accuracy: 77.53 %
Predictions - 1s: 60, 0s: 336
True Labels - 1s: 108, 0s: 288
Client 2 of 5: Local Epoch [1/3] Loss: 0.4975, Accuracy: 76.77 %
Predictions - 1s: 69, 0s: 327
True Labels - 1s: 105, 0s: 291
Client 4 of 5: Local Epoch [1/3] Loss: 0.4649, Accuracy: 76.77 %
Predictions - 1s: 64, 0s: 332
True Labels - 1s: 110, 0s: 286
Client 3 of 5: Local Epoch [1/3] Loss: 0.4762, Accuracy: 77.78 %
Predictions - 1s: 73, 0s: 325
True Labels - 1s: 109, 0s: 289
Client 5 of 5: Local Epoch [1/3] Loss: 0.4396, Accuracy: 80.90 %
Predictions - 1s: 80, 0s: 316
True Labels - 1s: 110, 0s: 286
Client 3 of 5: Local Epoch [2/3] Loss: 0.4099, Accuracy: 80.81 %
Predictions - 1s: 68, 0s: 328
True Labels - 1s: 108, 0s: 288
Client 2 of 5: Local Epoch [2/3] Loss: 0.4239, Accuracy: 79.29 %
Predictions - 1s: 68, 0s: 328
True Labels - 1s: 105, 0s: 291
Client 4 of 5: Local Epoch [2/3] Loss: 0.3933, Accuracy: 82.58 %
Predictions - 1s: 101, 0s: 295
True Labels - 1s: 116, 0s: 280
Client 1 of 5: Local Epoch [2/3] Loss: 0.4045, Accuracy: 82.07 %
Predictions - 1s: 77, 0s: 321
True Labels - 1s: 109, 0s: 289
Client 5 of 5: Local Epoch [2/3] Loss: 0.3662, Accuracy: 84.42 %
Predictions - 1s: 83, 0s: 313
True Labels - 1s: 110, 0s: 286
Client 3 of 5: Local Epoch [3/3] Loss: 0.3641, Accuracy: 84.60 %
Predictions - 1s: 84, 0s: 312
True Labels - 1s: 108, 0s: 288
Client 2 of 5: Local Epoch [3/3] Loss: 0.3832, Accuracy: 83.84 %
Predictions - 1s: 82, 0s: 314
True Labels - 1s: 105, 0s: 291
Client 4 of 5: Local Epoch [3/3] Loss: 0.3683, Accuracy: 82.58 %
Predictions - 1s: 88, 0s: 308
True Labels - 1s: 116, 0s: 280
Client 1 of 5: Local Epoch [3/3] Loss: 0.3593, Accuracy: 86.36 %
Predictions - 1s: 92, 0s: 306
True Labels - 1s: 109, 0s: 289
Client 5 of 5: Local Epoch [3/3] Loss: 0.3165, Accuracy: 88.19 %
-------------------------------
Round [2/4] Average Local Loss: 0.3583, Average Local Accuracy: 85.11 %
-------------------------------
-------- Validation --------
Predictions - 1s: 95, 0s: 401
True Labels - 1s: 126, 0s: 370
Round [2/4] Global Model Validation Loss: 0.4134, Validation Accuracy: 81.25 %
-------- Validation finished --------
Updated best model in round 2 saved with Validation Loss: 0.4134 and Validation Accuracy: 81.25 %
-------------------------------

Round 3 of 4
-------------------------------
Predictions - 1s: 84, 0s: 314
True Labels - 1s: 109, 0s: 289
Client 5 of 5: Local Epoch [1/3] Loss: 0.4311, Accuracy: 81.16 %
Predictions - 1s: 85, 0s: 311
True Labels - 1s: 110, 0s: 286
Client 3 of 5: Local Epoch [1/3] Loss: 0.4262, Accuracy: 80.05 %
Predictions - 1s: 84, 0s: 312
True Labels - 1s: 116, 0s: 280
Client 1 of 5: Local Epoch [1/3] Loss: 0.4202, Accuracy: 79.80 %
Predictions - 1s: 69, 0s: 327
True Labels - 1s: 108, 0s: 288
Client 2 of 5: Local Epoch [1/3] Loss: 0.4595, Accuracy: 78.03 %
Predictions - 1s: 80, 0s: 316
True Labels - 1s: 105, 0s: 291
Client 4 of 5: Local Epoch [1/3] Loss: 0.4238, Accuracy: 79.55 %
Predictions - 1s: 85, 0s: 313
True Labels - 1s: 109, 0s: 289
Client 5 of 5: Local Epoch [2/3] Loss: 0.3335, Accuracy: 86.43 %
Predictions - 1s: 84, 0s: 312
True Labels - 1s: 110, 0s: 286
Client 3 of 5: Local Epoch [2/3] Loss: 0.3676, Accuracy: 85.86 %
Predictions - 1s: 95, 0s: 303
True Labels - 1s: 109, 0s: 289
Client 5 of 5: Local Epoch [3/3] Loss: 0.2819, Accuracy: 87.94 %
Predictions - 1s: 94, 0s: 302
True Labels - 1s: 116, 0s: 280
Client 1 of 5: Local Epoch [2/3] Loss: 0.3521, Accuracy: 85.86 %
Predictions - 1s: 87, 0s: 309
True Labels - 1s: 108, 0s: 288
Client 2 of 5: Local Epoch [2/3] Loss: 0.3692, Accuracy: 83.59 %
Predictions - 1s: 79, 0s: 317
True Labels - 1s: 105, 0s: 291
Client 4 of 5: Local Epoch [2/3] Loss: 0.3648, Accuracy: 81.82 %
Predictions - 1s: 89, 0s: 307
True Labels - 1s: 110, 0s: 286
Client 3 of 5: Local Epoch [3/3] Loss: 0.3276, Accuracy: 85.61 %
Predictions - 1s: 86, 0s: 310
True Labels - 1s: 108, 0s: 288
Client 2 of 5: Local Epoch [3/3] Loss: 0.3478, Accuracy: 87.37 %
Predictions - 1s: 94, 0s: 302
True Labels - 1s: 105, 0s: 291
Client 4 of 5: Local Epoch [3/3] Loss: 0.3410, Accuracy: 83.08 %
Predictions - 1s: 100, 0s: 296
True Labels - 1s: 116, 0s: 280
Client 1 of 5: Local Epoch [3/3] Loss: 0.3072, Accuracy: 86.87 %
-------------------------------
Round [3/4] Average Local Loss: 0.3211, Average Local Accuracy: 86.17 %
-------------------------------
-------- Validation --------
Predictions - 1s: 110, 0s: 386
True Labels - 1s: 126, 0s: 370
Round [3/4] Global Model Validation Loss: 0.4004, Validation Accuracy: 82.26 %
-------- Validation finished --------
Updated best model in round 3 saved with Validation Loss: 0.4004 and Validation Accuracy: 82.26 %
-------------------------------

Round 4 of 4
-------------------------------
Predictions - 1s: 82, 0s: 314
True Labels - 1s: 108, 0s: 288
Client 2 of 5: Local Epoch [1/3] Loss: 0.4291, Accuracy: 80.30 %
Predictions - 1s: 99, 0s: 297
True Labels - 1s: 116, 0s: 280
Client 1 of 5: Local Epoch [1/3] Loss: 0.4041, Accuracy: 82.07 %
Predictions - 1s: 83, 0s: 313
True Labels - 1s: 105, 0s: 291
Client 4 of 5: Local Epoch [1/3] Loss: 0.4016, Accuracy: 79.29 %
Predictions - 1s: 88, 0s: 308
True Labels - 1s: 110, 0s: 286
Client 3 of 5: Local Epoch [1/3] Loss: 0.4235, Accuracy: 80.30 %
Predictions - 1s: 90, 0s: 308
True Labels - 1s: 109, 0s: 289
Client 5 of 5: Local Epoch [1/3] Loss: 0.3670, Accuracy: 81.66 %
Predictions - 1s: 76, 0s: 320
True Labels - 1s: 108, 0s: 288
Client 2 of 5: Local Epoch [2/3] Loss: 0.3610, Accuracy: 82.83 %
Predictions - 1s: 89, 0s: 307
True Labels - 1s: 105, 0s: 291
Client 4 of 5: Local Epoch [2/3] Loss: 0.3217, Accuracy: 85.35 %
Predictions - 1s: 98, 0s: 298
True Labels - 1s: 108, 0s: 288
Client 2 of 5: Local Epoch [3/3] Loss: 0.3132, Accuracy: 89.39 %
Predictions - 1s: 102, 0s: 294
True Labels - 1s: 116, 0s: 280
Client 1 of 5: Local Epoch [2/3] Loss: 0.3338, Accuracy: 84.34 %
Predictions - 1s: 83, 0s: 313
True Labels - 1s: 110, 0s: 286
Client 3 of 5: Local Epoch [2/3] Loss: 0.3551, Accuracy: 85.10 %
Predictions - 1s: 88, 0s: 310
True Labels - 1s: 109, 0s: 289
Client 5 of 5: Local Epoch [2/3] Loss: 0.2743, Accuracy: 89.70 %
Predictions - 1s: 97, 0s: 299
True Labels - 1s: 105, 0s: 291
Client 4 of 5: Local Epoch [3/3] Loss: 0.2905, Accuracy: 85.35 %
Predictions - 1s: 110, 0s: 286
True Labels - 1s: 116, 0s: 280
Client 1 of 5: Local Epoch [3/3] Loss: 0.2826, Accuracy: 87.88 %
Predictions - 1s: 96, 0s: 302
True Labels - 1s: 109, 0s: 289
Client 5 of 5: Local Epoch [3/3] Loss: 0.2538, Accuracy: 89.20 %
Predictions - 1s: 91, 0s: 305
True Labels - 1s: 110, 0s: 286
Client 3 of 5: Local Epoch [3/3] Loss: 0.2911, Accuracy: 87.12 %
-------------------------------
Round [4/4] Average Local Loss: 0.2862, Average Local Accuracy: 87.79 %
-------------------------------
-------- Validation --------
Predictions - 1s: 120, 0s: 376
True Labels - 1s: 126, 0s: 370
Round [4/4] Global Model Validation Loss: 0.3964, Validation Accuracy: 81.85 %
-------- Validation finished --------
Updated best model in round 4 saved with Validation Loss: 0.3964 and Validation Accuracy: 81.85 %
-------------------------------
Best model in round 4 saved with Validation Loss: 0.3964 and Validation Accuracy: 81.85 %

-------- Training finished in 2:05 --------

Test flag enabled. Testing the model

-------- Loading best model from model_path --------
Loaded model bert-small from date 19-04-2024 18:16. Trained with Federated Learning technology.
Round 4, lr: 6e-05, optimizer: AdamW
Average train accuracy: 87.79 %, Validation accuracy: 81.85 %
-------- Best model loaded --------

-------- Creating Test Dataloader --------
Test Loader: 618 total sentences. 78 batches of size 8.
-------- Test Dataloader created --------

-------- Testing --------
Predictions - 1s: 163, 0s: 455
True Labels - 1s: 168, 0s: 450
Nº of test samples: 618
Accuracy: 81.39%
Accuracy 2 : 81.39%
Precision: 76.54%
Recall: 76.03%
F1 Score: 76.27%
Classification report:
              precision    recall  f1-score   support

           0     0.8681    0.8778    0.8729       450
           1     0.6626    0.6429    0.6526       168

    accuracy                         0.8139       618
   macro avg     0.7654    0.7603    0.7627       618
weighted avg     0.8123    0.8139    0.8130       618

-------- Testing finished --------
