Current configuration:
{
    "concurrency_flag": true,
    "data_distribution": "iid",
    "dataset": "twitter_dep",
    "device": "cuda",
    "dp_delta": 0.003,
    "dp_epsilon": 0.0,
    "eval_batch_size": 4,
    "eval_flag": true,
    "eval_size": 0.2,
    "fed_alg": "fedavg",
    "layers": 3,
    "learning_rate": 6e-05,
    "max_length": 512,
    "ml_mode": "fl",
    "model": "bert_small",
    "model_name": "fl_small_seed6_twitter_dep",
    "models_path": "/local/vpaloma/fabric-federated-learning/ablation_study/phase-4/final/accs-times/twitter_dep/",
    "mu": 0.5,
    "num_clients": 5,
    "num_epochs": 3,
    "num_rounds": 4,
    "optimizer": "AdamW",
    "progress_bar_flag": false,
    "save_model": true,
    "scheduler": "linear",
    "scheduler_warmup_steps": 0,
    "seed": "random",
    "test_flag": true,
    "train_batch_size": 4,
    "train_size": 0.8
}
-------- Configuration loaded --------

-------- Setting device --------
cuda device selected and available.
-------- Device set --------

-------- Setting seed --------
seed set:  761316
-------- Seed set --------

-------- Creating Model --------
-------- Model created --------

-------- Setting Trainable Layers --------
Training the last 3 layers.

Total parameters count: 28764674
Trainable parameters count: 3416066
-------- Trainable Layers set --------

-------- Creating Tokenizer --------
-------- Tokenizer created --------

-------- Creating Train and Eval Dataloaders --------
Train Loader: 1982 total sentences. 496 batches of size 4.
Eval Loader: 496 total sentences. 124 batches of size 4.
-------- Train and Eval Dataloaders created --------

-------- Training --------
Training with Federated Learning technology.
Training without differential privacy.
Federated averaging algorithm selected.
Client 0: Label 0: 287, Label 1: 109
Client 1: Label 0: 295, Label 1: 101
Client 2: Label 0: 299, Label 1: 97
Client 3: Label 0: 284, Label 1: 112
Client 4: Label 0: 284, Label 1: 114

Round 1 of 4
-------------------------------
Predictions - 1s: 24, 0s: 372
True Labels - 1s: 112, 0s: 284
Client 4 of 5: Local Epoch [1/3] Loss: 0.5673, Accuracy: 71.72 %
Predictions - 1s: 19, 0s: 379
True Labels - 1s: 114, 0s: 284
Client 5 of 5: Local Epoch [1/3] Loss: 0.5562, Accuracy: 71.61 %
Predictions - 1s: 35, 0s: 361
True Labels - 1s: 109, 0s: 287
Client 1 of 5: Local Epoch [1/3] Loss: 0.5426, Accuracy: 73.23 %
Predictions - 1s: 16, 0s: 380
True Labels - 1s: 101, 0s: 295
Client 2 of 5: Local Epoch [1/3] Loss: 0.5488, Accuracy: 75.51 %
Predictions - 1s: 6, 0s: 390
True Labels - 1s: 97, 0s: 299
Client 3 of 5: Local Epoch [1/3] Loss: 0.5423, Accuracy: 75.00 %
Predictions - 1s: 56, 0s: 340
True Labels - 1s: 112, 0s: 284
Client 4 of 5: Local Epoch [2/3] Loss: 0.4794, Accuracy: 77.27 %
Predictions - 1s: 66, 0s: 332
True Labels - 1s: 114, 0s: 284
Client 5 of 5: Local Epoch [2/3] Loss: 0.4780, Accuracy: 75.88 %
Predictions - 1s: 66, 0s: 330
True Labels - 1s: 109, 0s: 287
Client 1 of 5: Local Epoch [2/3] Loss: 0.4507, Accuracy: 78.03 %
Predictions - 1s: 39, 0s: 357
True Labels - 1s: 101, 0s: 295
Client 2 of 5: Local Epoch [2/3] Loss: 0.4534, Accuracy: 78.79 %
Predictions - 1s: 18, 0s: 378
True Labels - 1s: 97, 0s: 299
Client 3 of 5: Local Epoch [2/3] Loss: 0.4614, Accuracy: 77.02 %
Predictions - 1s: 64, 0s: 332
True Labels - 1s: 112, 0s: 284
Client 4 of 5: Local Epoch [3/3] Loss: 0.4353, Accuracy: 80.30 %
Predictions - 1s: 70, 0s: 328
True Labels - 1s: 114, 0s: 284
Client 5 of 5: Local Epoch [3/3] Loss: 0.4268, Accuracy: 80.90 %
Predictions - 1s: 83, 0s: 313
True Labels - 1s: 109, 0s: 287
Client 1 of 5: Local Epoch [3/3] Loss: 0.3872, Accuracy: 83.84 %
Predictions - 1s: 39, 0s: 357
True Labels - 1s: 97, 0s: 299
Client 3 of 5: Local Epoch [3/3] Loss: 0.4227, Accuracy: 79.29 %
Predictions - 1s: 63, 0s: 333
True Labels - 1s: 101, 0s: 295
Client 2 of 5: Local Epoch [3/3] Loss: 0.4192, Accuracy: 82.83 %
-------------------------------
Round [1/4] Average Local Loss: 0.4182, Average Local Accuracy: 81.43 %
-------------------------------
-------- Validation --------
Predictions - 1s: 85, 0s: 411
True Labels - 1s: 141, 0s: 355
Round [1/4] Global Model Validation Loss: 0.4818, Validation Accuracy: 78.23 %
-------- Validation finished --------
Updated best model in round 1 saved with Validation Loss: 0.4818 and Validation Accuracy: 78.23 %
-------------------------------

Round 2 of 4
-------------------------------
Predictions - 1s: 52, 0s: 344
True Labels - 1s: 97, 0s: 299
Client 3 of 5: Local Epoch [1/3] Loss: 0.4616, Accuracy: 78.54 %
Predictions - 1s: 77, 0s: 319
True Labels - 1s: 109, 0s: 287
Client 1 of 5: Local Epoch [1/3] Loss: 0.4231, Accuracy: 80.30 %
Predictions - 1s: 59, 0s: 337
True Labels - 1s: 101, 0s: 295
Client 2 of 5: Local Epoch [1/3] Loss: 0.4654, Accuracy: 78.79 %
Predictions - 1s: 70, 0s: 326
True Labels - 1s: 112, 0s: 284
Client 4 of 5: Local Epoch [1/3] Loss: 0.4904, Accuracy: 76.26 %
Predictions - 1s: 76, 0s: 322
True Labels - 1s: 114, 0s: 284
Client 5 of 5: Local Epoch [1/3] Loss: 0.4807, Accuracy: 76.88 %
Predictions - 1s: 71, 0s: 325
True Labels - 1s: 112, 0s: 284
Client 4 of 5: Local Epoch [2/3] Loss: 0.4031, Accuracy: 82.07 %
Predictions - 1s: 70, 0s: 326
True Labels - 1s: 101, 0s: 295
Client 2 of 5: Local Epoch [2/3] Loss: 0.3849, Accuracy: 84.60 %
Predictions - 1s: 50, 0s: 346
True Labels - 1s: 97, 0s: 299
Client 3 of 5: Local Epoch [2/3] Loss: 0.3880, Accuracy: 82.07 %
Predictions - 1s: 80, 0s: 316
True Labels - 1s: 109, 0s: 287
Client 1 of 5: Local Epoch [2/3] Loss: 0.3522, Accuracy: 84.09 %
Predictions - 1s: 73, 0s: 325
True Labels - 1s: 114, 0s: 284
Client 5 of 5: Local Epoch [2/3] Loss: 0.4282, Accuracy: 80.15 %
Predictions - 1s: 90, 0s: 308
True Labels - 1s: 114, 0s: 284
Client 5 of 5: Local Epoch [3/3] Loss: 0.3796, Accuracy: 82.41 %
Predictions - 1s: 89, 0s: 307
Predictions - 1s: 92, 0s: 304
True Labels - 1s: 109, 0s: 287
Client 1 of 5: Local Epoch [3/3] Loss: 0.3098, Accuracy: 86.87 %
True Labels - 1s: 112, 0s: 284
Predictions - 1s: 61, 0s: 335
Client 4 of 5: Local Epoch [3/3] Loss: 0.3639, Accuracy: 85.35 %
True Labels - 1s: 97, 0s: 299
Client 3 of 5: Local Epoch [3/3] Loss: 0.3563, Accuracy: 83.33 %
Predictions - 1s: 82, 0s: 314
True Labels - 1s: 101, 0s: 295
Client 2 of 5: Local Epoch [3/3] Loss: 0.3404, Accuracy: 87.63 %
-------------------------------
Round [2/4] Average Local Loss: 0.3500, Average Local Accuracy: 85.12 %
-------------------------------
-------- Validation --------
Predictions - 1s: 115, 0s: 381
True Labels - 1s: 141, 0s: 355
Round [2/4] Global Model Validation Loss: 0.4474, Validation Accuracy: 79.03 %
-------- Validation finished --------
Updated best model in round 2 saved with Validation Loss: 0.4474 and Validation Accuracy: 79.03 %
-------------------------------

Round 3 of 4
-------------------------------
Predictions - 1s: 89, 0s: 307
True Labels - 1s: 112, 0s: 284
Client 4 of 5: Local Epoch [1/3] Loss: 0.4382, Accuracy: 79.04 %
Predictions - 1s: 86, 0s: 310
True Labels - 1s: 109, 0s: 287
Client 1 of 5: Local Epoch [1/3] Loss: 0.3853, Accuracy: 82.58 %
Predictions - 1s: 67, 0s: 329
True Labels - 1s: 97, 0s: 299
Client 3 of 5: Local Epoch [1/3] Loss: 0.4241, Accuracy: 80.30 %
Predictions - 1s: 70, 0s: 326
True Labels - 1s: 101, 0s: 295
Client 2 of 5: Local Epoch [1/3] Loss: 0.3987, Accuracy: 81.57 %
Predictions - 1s: 85, 0s: 313
True Labels - 1s: 114, 0s: 284
Client 5 of 5: Local Epoch [1/3] Loss: 0.4483, Accuracy: 79.65 %
Predictions - 1s: 82, 0s: 314
True Labels - 1s: 112, 0s: 284
Client 4 of 5: Local Epoch [2/3] Loss: 0.3688, Accuracy: 82.83 %
Predictions - 1s: 92, 0s: 304
True Labels - 1s: 109, 0s: 287
Client 1 of 5: Local Epoch [2/3] Loss: 0.3333, Accuracy: 86.11 %
Predictions - 1s: 77, 0s: 319
True Labels - 1s: 101, 0s: 295
Client 2 of 5: Local Epoch [2/3] Loss: 0.3405, Accuracy: 86.36 %
Predictions - 1s: 87, 0s: 309
True Labels - 1s: 112, 0s: 284
Client 4 of 5: Local Epoch [3/3] Loss: 0.3018, Accuracy: 88.64 %
Predictions - 1s: 69, 0s: 327
True Labels - 1s: 97, 0s: 299
Client 3 of 5: Local Epoch [2/3] Loss: 0.3604, Accuracy: 82.83 %
Predictions - 1s: 97, 0s: 301
True Labels - 1s: 114, 0s: 284
Client 5 of 5: Local Epoch [2/3] Loss: 0.3793, Accuracy: 80.65 %
Predictions - 1s: 97, 0s: 299
True Labels - 1s: 109, 0s: 287
Client 1 of 5: Local Epoch [3/3] Loss: 0.2777, Accuracy: 88.89 %
Predictions - 1s: 86, 0s: 310
True Labels - 1s: 101, 0s: 295
Client 2 of 5: Local Epoch [3/3] Loss: 0.2994, Accuracy: 87.12 %
Predictions - 1s: 71, 0s: 325
True Labels - 1s: 97, 0s: 299
Client 3 of 5: Local Epoch [3/3] Loss: 0.3117, Accuracy: 87.88 %
Predictions - 1s: 109, 0s: 289
True Labels - 1s: 114, 0s: 284
Client 5 of 5: Local Epoch [3/3] Loss: 0.3311, Accuracy: 86.18 %
-------------------------------
Round [3/4] Average Local Loss: 0.3043, Average Local Accuracy: 87.74 %
-------------------------------
-------- Validation --------
Predictions - 1s: 134, 0s: 362
True Labels - 1s: 141, 0s: 355
Round [3/4] Global Model Validation Loss: 0.4360, Validation Accuracy: 79.64 %
-------- Validation finished --------
Updated best model in round 3 saved with Validation Loss: 0.4360 and Validation Accuracy: 79.64 %
-------------------------------

Round 4 of 4
-------------------------------
Predictions - 1s: 91, 0s: 305
True Labels - 1s: 112, 0s: 284
Client 4 of 5: Local Epoch [1/3] Loss: 0.3965, Accuracy: 83.08 %
Predictions - 1s: 97, 0s: 299
True Labels - 1s: 109, 0s: 287
Client 1 of 5: Local Epoch [1/3] Loss: 0.3486, Accuracy: 83.33 %
Predictions - 1s: 71, 0s: 325
True Labels - 1s: 97, 0s: 299
Client 3 of 5: Local Epoch [1/3] Loss: 0.4022, Accuracy: 80.30 %
Predictions - 1s: 82, 0s: 314
True Labels - 1s: 101, 0s: 295
Client 2 of 5: Local Epoch [1/3] Loss: 0.3760, Accuracy: 83.08 %
Predictions - 1s: 90, 0s: 308
True Labels - 1s: 114, 0s: 284
Client 5 of 5: Local Epoch [1/3] Loss: 0.4388, Accuracy: 79.40 %
Predictions - 1s: 77, 0s: 319
True Labels - 1s: 97, 0s: 299
Client 3 of 5: Local Epoch [2/3] Loss: 0.3231, Accuracy: 85.86 %
Predictions - 1s: 90, 0s: 306
True Labels - 1s: 112, 0s: 284
Client 4 of 5: Local Epoch [2/3] Loss: 0.3271, Accuracy: 85.86 %
Predictions - 1s: 85, 0s: 311
True Labels - 1s: 101, 0s: 295
Client 2 of 5: Local Epoch [2/3] Loss: 0.3099, Accuracy: 85.86 %
Predictions - 1s: 96, 0s: 300
True Labels - 1s: 109, 0s: 287
Client 1 of 5: Local Epoch [2/3] Loss: 0.2967, Accuracy: 86.62 %
Predictions - 1s: 101, 0s: 297
True Labels - 1s: 114, 0s: 284
Client 5 of 5: Local Epoch [2/3] Loss: 0.3493, Accuracy: 86.18 %
Predictions - 1s: 83, 0s: 313
True Labels - 1s: 97, 0s: 299
Client 3 of 5: Local Epoch [3/3] Loss: 0.2680, Accuracy: 87.88 %
Predictions - 1s: 98, 0s: 298
True Labels - 1s: 112, 0s: 284
Client 4 of 5: Local Epoch [3/3] Loss: 0.2642, Accuracy: 88.89 %
Predictions - 1s: 104, 0s: 294
True Labels - 1s: 114, 0s: 284
Client 5 of 5: Local Epoch [3/3] Loss: 0.3068, Accuracy: 87.44 %
Predictions - 1s: 102, 0s: 294
True Labels - 1s: 109, 0s: 287
Client 1 of 5: Local Epoch [3/3] Loss: 0.2455, Accuracy: 89.65 %
Predictions - 1s: 90, 0s: 306
True Labels - 1s: 101, 0s: 295
Client 2 of 5: Local Epoch [3/3] Loss: 0.2555, Accuracy: 90.66 %
-------------------------------
Round [4/4] Average Local Loss: 0.2680, Average Local Accuracy: 88.90 %
-------------------------------
-------- Validation --------
Predictions - 1s: 146, 0s: 350
True Labels - 1s: 141, 0s: 355
Round [4/4] Global Model Validation Loss: 0.4383, Validation Accuracy: 78.83 %
-------- Validation finished --------
Best model in round 3 saved with Validation Loss: 0.4360 and Validation Accuracy: 79.64 %

-------- Training finished in 2:05 --------

Test flag enabled. Testing the model

-------- Loading best model from model_path --------
Loaded model bert-small from date 19-04-2024 18:21. Trained with Federated Learning technology.
Round 3, lr: 6e-05, optimizer: AdamW
Average train accuracy: 87.74 %, Validation accuracy: 79.64 %
-------- Best model loaded --------

-------- Creating Test Dataloader --------
Test Loader: 618 total sentences. 78 batches of size 8.
-------- Test Dataloader created --------

-------- Testing --------
Predictions - 1s: 155, 0s: 463
True Labels - 1s: 168, 0s: 450
Nº of test samples: 618
Accuracy: 81.72%
Accuracy 2 : 81.72%
Precision: 77.07%
Recall: 75.69%
F1 Score: 76.32%
Classification report:
              precision    recall  f1-score   support

           0     0.8639    0.8889    0.8762       450
           1     0.6774    0.6250    0.6502       168

    accuracy                         0.8172       618
   macro avg     0.7707    0.7569    0.7632       618
weighted avg     0.8132    0.8172    0.8148       618

-------- Testing finished --------
