Current configuration:
{
    "concurrency_flag": true,
    "data_distribution": "iid",
    "dataset": "twitter_dep",
    "device": "cuda",
    "dp_delta": 0.003,
    "dp_epsilon": 0.0,
    "eval_batch_size": 4,
    "eval_flag": true,
    "eval_size": 0.2,
    "fed_alg": "fedavg",
    "layers": 3,
    "learning_rate": 6e-05,
    "max_length": 512,
    "ml_mode": "ml",
    "model": "bert_medium",
    "model_name": "ml_medium_seed6_twitter_dep",
    "models_path": "/local/vpaloma/fabric-federated-learning/ablation_study/phase-4/final/accs-times/twitter_dep/",
    "mu": 0.5,
    "num_clients": 5,
    "num_epochs": 12,
    "num_rounds": 4,
    "optimizer": "AdamW",
    "progress_bar_flag": false,
    "save_model": true,
    "scheduler": "linear",
    "scheduler_warmup_steps": 0,
    "seed": "random",
    "test_flag": true,
    "train_batch_size": 4,
    "train_size": 0.8
}
-------- Configuration loaded --------

-------- Setting device --------
cuda device selected and available.
-------- Device set --------

-------- Setting seed --------
seed set:  671690
-------- Seed set --------

-------- Creating Model --------
-------- Model created --------

-------- Setting Trainable Layers --------
Training the last 3 layers.

Total parameters count: 41374210
Trainable parameters count: 3416066
-------- Trainable Layers set --------

-------- Creating Tokenizer --------
-------- Tokenizer created --------

-------- Creating Train and Eval Dataloaders --------
Train Loader: 1982 total sentences. 496 batches of size 4.
Eval Loader: 496 total sentences. 124 batches of size 4.
-------- Train and Eval Dataloaders created --------

-------- Creating Optimizer --------
-------- Optimizer created --------

-------- Creating Scheduler --------
-------- Scheduler created --------

-------- Training --------
Training with Centralised Machine Learning technology.
Training without differential privacy.
Concurrency flag is set to True, but ml mode is selected. Concurrency flag will be ignored.
Epoch [1/12], Step [100/496], Loss: 0.5542, Accuracy: 72.50 %
Epoch [1/12], Step [200/496], Loss: 0.5066, Accuracy: 75.25 %
Epoch [1/12], Step [300/496], Loss: 0.4892, Accuracy: 76.25 %
Epoch [1/12], Step [400/496], Loss: 0.4830, Accuracy: 76.62 %
Predictions - 1s: 311, 0s: 1671
True Labels - 1s: 533, 0s: 1449
-------------------------------
Epoch [1/12] Loss: 0.4755, Accuracy: 76.69 %
-------------------------------
-------- Validation --------
Predictions - 1s: 85, 0s: 411
True Labels - 1s: 141, 0s: 355
Validation Loss: 0.4300, Validation Accuracy: 81.85 %
-------- Validation finished --------
Updated best model in epoch 1 saved with Validation Loss: 0.4300 and Validation Accuracy: 81.85 %
-------------------------------
Epoch [2/12], Step [100/496], Loss: 0.4054, Accuracy: 81.25 %
Epoch [2/12], Step [200/496], Loss: 0.4268, Accuracy: 79.75 %
Epoch [2/12], Step [300/496], Loss: 0.4126, Accuracy: 80.83 %
Epoch [2/12], Step [400/496], Loss: 0.3934, Accuracy: 81.25 %
Predictions - 1s: 420, 0s: 1562
True Labels - 1s: 533, 0s: 1449
-------------------------------
Epoch [2/12] Loss: 0.3992, Accuracy: 81.08 %
-------------------------------
-------- Validation --------
Predictions - 1s: 153, 0s: 343
True Labels - 1s: 141, 0s: 355
Validation Loss: 0.4035, Validation Accuracy: 83.06 %
-------- Validation finished --------
Updated best model in epoch 2 saved with Validation Loss: 0.4035 and Validation Accuracy: 83.06 %
-------------------------------
Epoch [3/12], Step [100/496], Loss: 0.3569, Accuracy: 83.25 %
Epoch [3/12], Step [200/496], Loss: 0.3337, Accuracy: 84.25 %
Epoch [3/12], Step [300/496], Loss: 0.3411, Accuracy: 84.00 %
Epoch [3/12], Step [400/496], Loss: 0.3482, Accuracy: 84.00 %
Predictions - 1s: 457, 0s: 1525
True Labels - 1s: 533, 0s: 1449
-------------------------------
Epoch [3/12] Loss: 0.3365, Accuracy: 84.66 %
-------------------------------
-------- Validation --------
Predictions - 1s: 133, 0s: 363
True Labels - 1s: 141, 0s: 355
Validation Loss: 0.4046, Validation Accuracy: 82.26 %
-------- Validation finished --------
Epoch [4/12], Step [100/496], Loss: 0.1955, Accuracy: 92.25 %
Epoch [4/12], Step [200/496], Loss: 0.2431, Accuracy: 90.12 %
Epoch [4/12], Step [300/496], Loss: 0.2748, Accuracy: 88.25 %
Epoch [4/12], Step [400/496], Loss: 0.2745, Accuracy: 88.31 %
Predictions - 1s: 494, 0s: 1488
True Labels - 1s: 533, 0s: 1449
-------------------------------
Epoch [4/12] Loss: 0.2757, Accuracy: 88.24 %
-------------------------------
-------- Validation --------
Predictions - 1s: 126, 0s: 370
True Labels - 1s: 141, 0s: 355
Validation Loss: 0.4190, Validation Accuracy: 81.25 %
-------- Validation finished --------
Epoch [5/12], Step [100/496], Loss: 0.2354, Accuracy: 90.00 %
Epoch [5/12], Step [200/496], Loss: 0.2309, Accuracy: 90.38 %
Epoch [5/12], Step [300/496], Loss: 0.2260, Accuracy: 90.58 %
Epoch [5/12], Step [400/496], Loss: 0.2244, Accuracy: 90.12 %
Predictions - 1s: 500, 0s: 1482
True Labels - 1s: 533, 0s: 1449
-------------------------------
Epoch [5/12] Loss: 0.2221, Accuracy: 90.36 %
-------------------------------
-------- Validation --------
Predictions - 1s: 140, 0s: 356
True Labels - 1s: 141, 0s: 355
Validation Loss: 0.4807, Validation Accuracy: 80.44 %
-------- Validation finished --------
Epoch [6/12], Step [100/496], Loss: 0.1337, Accuracy: 94.25 %
Epoch [6/12], Step [200/496], Loss: 0.1355, Accuracy: 94.25 %
Epoch [6/12], Step [300/496], Loss: 0.1543, Accuracy: 93.67 %
Epoch [6/12], Step [400/496], Loss: 0.1541, Accuracy: 93.62 %
Predictions - 1s: 536, 0s: 1446
True Labels - 1s: 533, 0s: 1449
-------------------------------
Epoch [6/12] Loss: 0.1592, Accuracy: 92.99 %
-------------------------------
-------- Validation --------
Predictions - 1s: 132, 0s: 364
True Labels - 1s: 141, 0s: 355
Validation Loss: 0.5276, Validation Accuracy: 80.44 %
-------- Validation finished --------
Epoch [7/12], Step [100/496], Loss: 0.1112, Accuracy: 96.75 %
Epoch [7/12], Step [200/496], Loss: 0.1161, Accuracy: 95.75 %
Epoch [7/12], Step [300/496], Loss: 0.1199, Accuracy: 95.50 %
Epoch [7/12], Step [400/496], Loss: 0.1223, Accuracy: 95.38 %
Predictions - 1s: 522, 0s: 1460
True Labels - 1s: 533, 0s: 1449
-------------------------------
Epoch [7/12] Loss: 0.1250, Accuracy: 95.41 %
-------------------------------
-------- Validation --------
Predictions - 1s: 132, 0s: 364
True Labels - 1s: 141, 0s: 355
Validation Loss: 0.5714, Validation Accuracy: 79.23 %
-------- Validation finished --------
Epoch [8/12], Step [100/496], Loss: 0.1097, Accuracy: 96.50 %
Epoch [8/12], Step [200/496], Loss: 0.1111, Accuracy: 95.88 %
Epoch [8/12], Step [300/496], Loss: 0.0987, Accuracy: 96.33 %
Epoch [8/12], Step [400/496], Loss: 0.0997, Accuracy: 96.25 %
Predictions - 1s: 535, 0s: 1447
True Labels - 1s: 533, 0s: 1449
-------------------------------
Epoch [8/12] Loss: 0.1009, Accuracy: 95.96 %
-------------------------------
-------- Validation --------
Predictions - 1s: 135, 0s: 361
True Labels - 1s: 141, 0s: 355
Validation Loss: 0.5969, Validation Accuracy: 81.45 %
-------- Validation finished --------
Epoch [9/12], Step [100/496], Loss: 0.0574, Accuracy: 98.00 %
Epoch [9/12], Step [200/496], Loss: 0.0597, Accuracy: 97.50 %
Epoch [9/12], Step [300/496], Loss: 0.0723, Accuracy: 97.08 %
Epoch [9/12], Step [400/496], Loss: 0.0711, Accuracy: 97.06 %
Predictions - 1s: 529, 0s: 1453
True Labels - 1s: 533, 0s: 1449
-------------------------------
Epoch [9/12] Loss: 0.0729, Accuracy: 97.07 %
-------------------------------
-------- Validation --------
Predictions - 1s: 123, 0s: 373
True Labels - 1s: 141, 0s: 355
Validation Loss: 0.7111, Validation Accuracy: 81.45 %
-------- Validation finished --------
Epoch [10/12], Step [100/496], Loss: 0.0781, Accuracy: 97.25 %
Epoch [10/12], Step [200/496], Loss: 0.0733, Accuracy: 97.38 %
Epoch [10/12], Step [300/496], Loss: 0.0660, Accuracy: 97.83 %
Epoch [10/12], Step [400/496], Loss: 0.0652, Accuracy: 97.81 %
Predictions - 1s: 535, 0s: 1447
True Labels - 1s: 533, 0s: 1449
-------------------------------
Epoch [10/12] Loss: 0.0687, Accuracy: 97.58 %
-------------------------------
-------- Validation --------
Predictions - 1s: 139, 0s: 357
True Labels - 1s: 141, 0s: 355
Validation Loss: 0.7149, Validation Accuracy: 80.24 %
-------- Validation finished --------
Epoch [11/12], Step [100/496], Loss: 0.0630, Accuracy: 97.25 %
Epoch [11/12], Step [200/496], Loss: 0.0636, Accuracy: 97.38 %
Epoch [11/12], Step [300/496], Loss: 0.0643, Accuracy: 97.33 %
Epoch [11/12], Step [400/496], Loss: 0.0680, Accuracy: 97.31 %
Predictions - 1s: 536, 0s: 1446
True Labels - 1s: 533, 0s: 1449
-------------------------------
Epoch [11/12] Loss: 0.0692, Accuracy: 97.33 %
-------------------------------
-------- Validation --------
Predictions - 1s: 130, 0s: 366
True Labels - 1s: 141, 0s: 355
Validation Loss: 0.7193, Validation Accuracy: 80.44 %
-------- Validation finished --------
Epoch [12/12], Step [100/496], Loss: 0.0592, Accuracy: 98.50 %
Epoch [12/12], Step [200/496], Loss: 0.0683, Accuracy: 98.12 %
Epoch [12/12], Step [300/496], Loss: 0.0646, Accuracy: 98.00 %
Epoch [12/12], Step [400/496], Loss: 0.0577, Accuracy: 98.06 %
Predictions - 1s: 525, 0s: 1457
True Labels - 1s: 533, 0s: 1449
-------------------------------
Epoch [12/12] Loss: 0.0566, Accuracy: 98.08 %
-------------------------------
-------- Validation --------
Predictions - 1s: 134, 0s: 362
True Labels - 1s: 141, 0s: 355
Validation Loss: 0.7199, Validation Accuracy: 80.44 %
-------- Validation finished --------
Best model in epoch 2 saved with with Validation Loss: 0.4035 and Validation Accuracy: 83.06 %

-------- Training finished in 2:21 --------

Test flag enabled. Testing the model

-------- Loading best model from model_path --------
Loaded model bert-medium from date 20-04-2024 11:26. Trained with Centralised Machine Learning technology.
Epoch 2, lr: 6e-05, optimizer: AdamW
Train accuracy: 81.08 %, Validation accuracy: 83.06 %
-------- Best model loaded --------

-------- Creating Test Dataloader --------
Test Loader: 618 total sentences. 78 batches of size 8.
-------- Test Dataloader created --------

-------- Testing --------
Predictions - 1s: 183, 0s: 435
True Labels - 1s: 168, 0s: 450
Nº of test samples: 618
Accuracy: 81.72%
Accuracy 2 : 81.72%
Precision: 76.88%
Recall: 78.31%
F1 Score: 77.52%
Classification report:
              precision    recall  f1-score   support

           0     0.8874    0.8578    0.8723       450
           1     0.6503    0.7083    0.6781       168

    accuracy                         0.8172       618
   macro avg     0.7688    0.7831    0.7752       618
weighted avg     0.8229    0.8172    0.8195       618

-------- Testing finished --------
