Current configuration:
{
    "concurrency_flag": true,
    "data_distribution": "iid",
    "dataset": "twitter_dep",
    "device": "cuda",
    "dp_delta": 0.003,
    "dp_epsilon": 0.0,
    "eval_batch_size": 4,
    "eval_flag": true,
    "eval_size": 0.2,
    "fed_alg": "fedavg",
    "layers": 3,
    "learning_rate": 6e-05,
    "max_length": 512,
    "ml_mode": "ml",
    "model": "bert_mini",
    "model_name": "ml_mini_seed4_twitter_dep",
    "models_path": "/local/vpaloma/fabric-federated-learning/ablation_study/phase-4/final/accs-times/twitter_dep/",
    "mu": 0.5,
    "num_clients": 5,
    "num_epochs": 12,
    "num_rounds": 4,
    "optimizer": "AdamW",
    "progress_bar_flag": false,
    "save_model": true,
    "scheduler": "linear",
    "scheduler_warmup_steps": 0,
    "seed": "random",
    "test_flag": true,
    "train_batch_size": 4,
    "train_size": 0.8
}
-------- Configuration loaded --------

-------- Setting device --------
cuda device selected and available.
-------- Device set --------

-------- Setting seed --------
seed set:  71186
-------- Seed set --------

-------- Creating Model --------
-------- Model created --------

-------- Setting Trainable Layers --------
Training the last 3 layers.

Total parameters count: 11171074
Trainable parameters count: 856066
-------- Trainable Layers set --------

-------- Creating Tokenizer --------
-------- Tokenizer created --------

-------- Creating Train and Eval Dataloaders --------
Train Loader: 1982 total sentences. 496 batches of size 4.
Eval Loader: 496 total sentences. 124 batches of size 4.
-------- Train and Eval Dataloaders created --------

-------- Creating Optimizer --------
-------- Optimizer created --------

-------- Creating Scheduler --------
-------- Scheduler created --------

-------- Training --------
Training with Centralised Machine Learning technology.
Training without differential privacy.
Concurrency flag is set to True, but ml mode is selected. Concurrency flag will be ignored.
Epoch [1/12], Step [100/496], Loss: 0.5756, Accuracy: 72.00 %
Epoch [1/12], Step [200/496], Loss: 0.5648, Accuracy: 73.00 %
Epoch [1/12], Step [300/496], Loss: 0.5408, Accuracy: 74.00 %
Epoch [1/12], Step [400/496], Loss: 0.5268, Accuracy: 74.81 %
Predictions - 1s: 196, 0s: 1786
True Labels - 1s: 541, 0s: 1441
-------------------------------
Epoch [1/12] Loss: 0.5147, Accuracy: 75.43 %
-------------------------------
-------- Validation --------
Predictions - 1s: 111, 0s: 385
True Labels - 1s: 133, 0s: 363
Validation Loss: 0.4514, Validation Accuracy: 79.44 %
-------- Validation finished --------
Updated best model in epoch 1 saved with Validation Loss: 0.4514 and Validation Accuracy: 79.44 %
-------------------------------
Epoch [2/12], Step [100/496], Loss: 0.4385, Accuracy: 80.25 %
Epoch [2/12], Step [200/496], Loss: 0.4357, Accuracy: 80.75 %
Epoch [2/12], Step [300/496], Loss: 0.4303, Accuracy: 80.00 %
Epoch [2/12], Step [400/496], Loss: 0.4423, Accuracy: 79.12 %
Predictions - 1s: 383, 0s: 1599
True Labels - 1s: 541, 0s: 1441
-------------------------------
Epoch [2/12] Loss: 0.4461, Accuracy: 78.41 %
-------------------------------
-------- Validation --------
Predictions - 1s: 200, 0s: 296
True Labels - 1s: 133, 0s: 363
Validation Loss: 0.4834, Validation Accuracy: 76.01 %
-------- Validation finished --------
Epoch [3/12], Step [100/496], Loss: 0.3888, Accuracy: 83.25 %
Epoch [3/12], Step [200/496], Loss: 0.3994, Accuracy: 81.00 %
Epoch [3/12], Step [300/496], Loss: 0.3989, Accuracy: 80.75 %
Epoch [3/12], Step [400/496], Loss: 0.4100, Accuracy: 80.12 %
Predictions - 1s: 443, 0s: 1539
True Labels - 1s: 541, 0s: 1441
-------------------------------
Epoch [3/12] Loss: 0.4078, Accuracy: 80.42 %
-------------------------------
-------- Validation --------
Predictions - 1s: 77, 0s: 419
True Labels - 1s: 133, 0s: 363
Validation Loss: 0.4268, Validation Accuracy: 80.65 %
-------- Validation finished --------
Updated best model in epoch 3 saved with Validation Loss: 0.4268 and Validation Accuracy: 80.65 %
-------------------------------
Epoch [4/12], Step [100/496], Loss: 0.4246, Accuracy: 78.75 %
Epoch [4/12], Step [200/496], Loss: 0.3860, Accuracy: 81.88 %
Epoch [4/12], Step [300/496], Loss: 0.3924, Accuracy: 82.25 %
Epoch [4/12], Step [400/496], Loss: 0.3953, Accuracy: 82.00 %
Predictions - 1s: 431, 0s: 1551
True Labels - 1s: 541, 0s: 1441
-------------------------------
Epoch [4/12] Loss: 0.3884, Accuracy: 82.24 %
-------------------------------
-------- Validation --------
Predictions - 1s: 165, 0s: 331
True Labels - 1s: 133, 0s: 363
Validation Loss: 0.4382, Validation Accuracy: 79.03 %
-------- Validation finished --------
Epoch [5/12], Step [100/496], Loss: 0.3580, Accuracy: 83.50 %
Epoch [5/12], Step [200/496], Loss: 0.3476, Accuracy: 84.62 %
Epoch [5/12], Step [300/496], Loss: 0.3663, Accuracy: 84.00 %
Epoch [5/12], Step [400/496], Loss: 0.3577, Accuracy: 84.31 %
Predictions - 1s: 473, 0s: 1509
True Labels - 1s: 541, 0s: 1441
-------------------------------
Epoch [5/12] Loss: 0.3541, Accuracy: 84.26 %
-------------------------------
-------- Validation --------
Predictions - 1s: 169, 0s: 327
True Labels - 1s: 133, 0s: 363
Validation Loss: 0.4429, Validation Accuracy: 78.63 %
-------- Validation finished --------
Epoch [6/12], Step [100/496], Loss: 0.3273, Accuracy: 86.25 %
Epoch [6/12], Step [200/496], Loss: 0.3413, Accuracy: 84.75 %
Epoch [6/12], Step [300/496], Loss: 0.3401, Accuracy: 84.92 %
Epoch [6/12], Step [400/496], Loss: 0.3335, Accuracy: 85.38 %
Predictions - 1s: 467, 0s: 1515
True Labels - 1s: 541, 0s: 1441
-------------------------------
Epoch [6/12] Loss: 0.3405, Accuracy: 84.86 %
-------------------------------
-------- Validation --------
Predictions - 1s: 214, 0s: 282
True Labels - 1s: 133, 0s: 363
Validation Loss: 0.5138, Validation Accuracy: 74.40 %
-------- Validation finished --------
Epoch [7/12], Step [100/496], Loss: 0.3586, Accuracy: 82.25 %
Epoch [7/12], Step [200/496], Loss: 0.3328, Accuracy: 84.88 %
Epoch [7/12], Step [300/496], Loss: 0.3208, Accuracy: 85.58 %
Epoch [7/12], Step [400/496], Loss: 0.3212, Accuracy: 85.00 %
Predictions - 1s: 466, 0s: 1516
True Labels - 1s: 541, 0s: 1441
-------------------------------
Epoch [7/12] Loss: 0.3263, Accuracy: 84.81 %
-------------------------------
-------- Validation --------
Predictions - 1s: 142, 0s: 354
True Labels - 1s: 133, 0s: 363
Validation Loss: 0.4310, Validation Accuracy: 79.23 %
-------- Validation finished --------
Epoch [8/12], Step [100/496], Loss: 0.2809, Accuracy: 88.25 %
Epoch [8/12], Step [200/496], Loss: 0.2736, Accuracy: 87.25 %
Epoch [8/12], Step [300/496], Loss: 0.2929, Accuracy: 86.58 %
Epoch [8/12], Step [400/496], Loss: 0.2965, Accuracy: 86.69 %
Predictions - 1s: 482, 0s: 1500
True Labels - 1s: 541, 0s: 1441
-------------------------------
Epoch [8/12] Loss: 0.2992, Accuracy: 86.73 %
-------------------------------
-------- Validation --------
Predictions - 1s: 157, 0s: 339
True Labels - 1s: 133, 0s: 363
Validation Loss: 0.4501, Validation Accuracy: 78.63 %
-------- Validation finished --------
Epoch [9/12], Step [100/496], Loss: 0.2924, Accuracy: 87.25 %
Epoch [9/12], Step [200/496], Loss: 0.2910, Accuracy: 86.88 %
Epoch [9/12], Step [300/496], Loss: 0.2920, Accuracy: 86.92 %
Epoch [9/12], Step [400/496], Loss: 0.2872, Accuracy: 87.25 %
Predictions - 1s: 478, 0s: 1504
True Labels - 1s: 541, 0s: 1441
-------------------------------
Epoch [9/12] Loss: 0.2841, Accuracy: 87.03 %
-------------------------------
-------- Validation --------
Predictions - 1s: 163, 0s: 333
True Labels - 1s: 133, 0s: 363
Validation Loss: 0.4780, Validation Accuracy: 77.82 %
-------- Validation finished --------
Epoch [10/12], Step [100/496], Loss: 0.3021, Accuracy: 86.00 %
Epoch [10/12], Step [200/496], Loss: 0.2942, Accuracy: 86.00 %
Epoch [10/12], Step [300/496], Loss: 0.2866, Accuracy: 85.92 %
Epoch [10/12], Step [400/496], Loss: 0.2824, Accuracy: 86.06 %
Predictions - 1s: 499, 0s: 1483
True Labels - 1s: 541, 0s: 1441
-------------------------------
Epoch [10/12] Loss: 0.2836, Accuracy: 86.38 %
-------------------------------
-------- Validation --------
Predictions - 1s: 129, 0s: 367
True Labels - 1s: 133, 0s: 363
Validation Loss: 0.4396, Validation Accuracy: 80.24 %
-------- Validation finished --------
Epoch [11/12], Step [100/496], Loss: 0.2444, Accuracy: 90.25 %
Epoch [11/12], Step [200/496], Loss: 0.2594, Accuracy: 88.50 %
Epoch [11/12], Step [300/496], Loss: 0.2696, Accuracy: 88.58 %
Epoch [11/12], Step [400/496], Loss: 0.2757, Accuracy: 88.12 %
Predictions - 1s: 493, 0s: 1489
True Labels - 1s: 541, 0s: 1441
-------------------------------
Epoch [11/12] Loss: 0.2719, Accuracy: 88.19 %
-------------------------------
-------- Validation --------
Predictions - 1s: 138, 0s: 358
True Labels - 1s: 133, 0s: 363
Validation Loss: 0.4439, Validation Accuracy: 79.23 %
-------- Validation finished --------
Epoch [12/12], Step [100/496], Loss: 0.2871, Accuracy: 87.50 %
Epoch [12/12], Step [200/496], Loss: 0.2652, Accuracy: 89.12 %
Epoch [12/12], Step [300/496], Loss: 0.2595, Accuracy: 88.92 %
Epoch [12/12], Step [400/496], Loss: 0.2670, Accuracy: 88.56 %
Predictions - 1s: 459, 0s: 1523
True Labels - 1s: 541, 0s: 1441
-------------------------------
Epoch [12/12] Loss: 0.2660, Accuracy: 88.70 %
-------------------------------
-------- Validation --------
Predictions - 1s: 146, 0s: 350
True Labels - 1s: 133, 0s: 363
Validation Loss: 0.4534, Validation Accuracy: 79.23 %
-------- Validation finished --------
Best model in epoch 3 saved with with Validation Loss: 0.4268 and Validation Accuracy: 80.65 %

-------- Training finished in 1:23 --------

Test flag enabled. Testing the model

-------- Loading best model from model_path --------
Loaded model bert-mini from date 20-04-2024 10:48. Trained with Centralised Machine Learning technology.
Epoch 3, lr: 6e-05, optimizer: AdamW
Train accuracy: 80.42 %, Validation accuracy: 80.65 %
-------- Best model loaded --------

-------- Creating Test Dataloader --------
Test Loader: 618 total sentences. 78 batches of size 8.
-------- Test Dataloader created --------

-------- Testing --------
Predictions - 1s: 76, 0s: 542
True Labels - 1s: 168, 0s: 450
Nº of test samples: 618
Accuracy: 79.94%
Accuracy 2 : 79.94%
Precision: 79.51%
Recall: 66.08%
F1 Score: 68.34%
Classification report:
              precision    recall  f1-score   support

           0     0.8007    0.9644    0.8750       450
           1     0.7895    0.3571    0.4918       168

    accuracy                         0.7994       618
   macro avg     0.7951    0.6608    0.6834       618
weighted avg     0.7977    0.7994    0.7708       618

-------- Testing finished --------
