Current configuration:
{
    "concurrency_flag": true,
    "data_distribution": "iid",
    "dataset": "twitter_dep",
    "device": "cuda",
    "dp_delta": 0.003,
    "dp_epsilon": 0.0,
    "eval_batch_size": 4,
    "eval_flag": true,
    "eval_size": 0.2,
    "fed_alg": "fedavg",
    "layers": 3,
    "learning_rate": 6e-05,
    "max_length": 512,
    "ml_mode": "ml",
    "model": "bert_medium",
    "model_name": "ml_medium_seed2_twitter_dep",
    "models_path": "/local/vpaloma/fabric-federated-learning/ablation_study/phase-4/final/accs-times/twitter_dep/",
    "mu": 0.5,
    "num_clients": 5,
    "num_epochs": 12,
    "num_rounds": 4,
    "optimizer": "AdamW",
    "progress_bar_flag": false,
    "save_model": true,
    "scheduler": "linear",
    "scheduler_warmup_steps": 0,
    "seed": "random",
    "test_flag": true,
    "train_batch_size": 4,
    "train_size": 0.8
}
-------- Configuration loaded --------

-------- Setting device --------
cuda device selected and available.
-------- Device set --------

-------- Setting seed --------
seed set:  39690
-------- Seed set --------

-------- Creating Model --------
-------- Model created --------

-------- Setting Trainable Layers --------
Training the last 3 layers.

Total parameters count: 41374210
Trainable parameters count: 3416066
-------- Trainable Layers set --------

-------- Creating Tokenizer --------
-------- Tokenizer created --------

-------- Creating Train and Eval Dataloaders --------
Train Loader: 1982 total sentences. 496 batches of size 4.
Eval Loader: 496 total sentences. 124 batches of size 4.
-------- Train and Eval Dataloaders created --------

-------- Creating Optimizer --------
-------- Optimizer created --------

-------- Creating Scheduler --------
-------- Scheduler created --------

-------- Training --------
Training with Centralised Machine Learning technology.
Training without differential privacy.
Concurrency flag is set to True, but ml mode is selected. Concurrency flag will be ignored.
Epoch [1/12], Step [100/496], Loss: 0.5568, Accuracy: 69.25 %
Epoch [1/12], Step [200/496], Loss: 0.5094, Accuracy: 74.25 %
Epoch [1/12], Step [300/496], Loss: 0.5020, Accuracy: 74.58 %
Epoch [1/12], Step [400/496], Loss: 0.4851, Accuracy: 76.00 %
Predictions - 1s: 335, 0s: 1647
True Labels - 1s: 547, 0s: 1435
-------------------------------
Epoch [1/12] Loss: 0.4740, Accuracy: 76.79 %
-------------------------------
-------- Validation --------
Predictions - 1s: 85, 0s: 411
True Labels - 1s: 127, 0s: 369
Validation Loss: 0.4222, Validation Accuracy: 80.65 %
-------- Validation finished --------
Updated best model in epoch 1 saved with Validation Loss: 0.4222 and Validation Accuracy: 80.65 %
-------------------------------
Epoch [2/12], Step [100/496], Loss: 0.3762, Accuracy: 82.00 %
Epoch [2/12], Step [200/496], Loss: 0.4000, Accuracy: 80.75 %
Epoch [2/12], Step [300/496], Loss: 0.3924, Accuracy: 81.00 %
Epoch [2/12], Step [400/496], Loss: 0.3916, Accuracy: 81.44 %
Predictions - 1s: 462, 0s: 1520
True Labels - 1s: 547, 0s: 1435
-------------------------------
Epoch [2/12] Loss: 0.3899, Accuracy: 81.38 %
-------------------------------
-------- Validation --------
Predictions - 1s: 140, 0s: 356
True Labels - 1s: 127, 0s: 369
Validation Loss: 0.4392, Validation Accuracy: 81.65 %
-------- Validation finished --------
Epoch [3/12], Step [100/496], Loss: 0.2760, Accuracy: 89.00 %
Epoch [3/12], Step [200/496], Loss: 0.2888, Accuracy: 88.12 %
Epoch [3/12], Step [300/496], Loss: 0.3148, Accuracy: 86.67 %
Epoch [3/12], Step [400/496], Loss: 0.3195, Accuracy: 86.44 %
Predictions - 1s: 471, 0s: 1511
True Labels - 1s: 547, 0s: 1435
-------------------------------
Epoch [3/12] Loss: 0.3285, Accuracy: 85.47 %
-------------------------------
-------- Validation --------
Predictions - 1s: 118, 0s: 378
True Labels - 1s: 127, 0s: 369
Validation Loss: 0.4412, Validation Accuracy: 82.06 %
-------- Validation finished --------
Epoch [4/12], Step [100/496], Loss: 0.2437, Accuracy: 89.50 %
Epoch [4/12], Step [200/496], Loss: 0.2479, Accuracy: 88.62 %
Epoch [4/12], Step [300/496], Loss: 0.2607, Accuracy: 88.42 %
Epoch [4/12], Step [400/496], Loss: 0.2708, Accuracy: 87.88 %
Predictions - 1s: 515, 0s: 1467
True Labels - 1s: 547, 0s: 1435
-------------------------------
Epoch [4/12] Loss: 0.2723, Accuracy: 87.99 %
-------------------------------
-------- Validation --------
Predictions - 1s: 152, 0s: 344
True Labels - 1s: 127, 0s: 369
Validation Loss: 0.4774, Validation Accuracy: 80.04 %
-------- Validation finished --------
Epoch [5/12], Step [100/496], Loss: 0.2181, Accuracy: 91.25 %
Epoch [5/12], Step [200/496], Loss: 0.2165, Accuracy: 92.12 %
Epoch [5/12], Step [300/496], Loss: 0.2060, Accuracy: 91.92 %
Epoch [5/12], Step [400/496], Loss: 0.2245, Accuracy: 90.31 %
Predictions - 1s: 524, 0s: 1458
True Labels - 1s: 547, 0s: 1435
-------------------------------
Epoch [5/12] Loss: 0.2140, Accuracy: 90.87 %
-------------------------------
-------- Validation --------
Predictions - 1s: 137, 0s: 359
True Labels - 1s: 127, 0s: 369
Validation Loss: 0.5379, Validation Accuracy: 77.82 %
-------- Validation finished --------
Epoch [6/12], Step [100/496], Loss: 0.1587, Accuracy: 93.00 %
Epoch [6/12], Step [200/496], Loss: 0.1654, Accuracy: 92.62 %
Epoch [6/12], Step [300/496], Loss: 0.1594, Accuracy: 93.00 %
Epoch [6/12], Step [400/496], Loss: 0.1624, Accuracy: 93.06 %
Predictions - 1s: 530, 0s: 1452
True Labels - 1s: 547, 0s: 1435
-------------------------------
Epoch [6/12] Loss: 0.1681, Accuracy: 92.68 %
-------------------------------
-------- Validation --------
Predictions - 1s: 95, 0s: 401
True Labels - 1s: 127, 0s: 369
Validation Loss: 0.5600, Validation Accuracy: 82.66 %
-------- Validation finished --------
Epoch [7/12], Step [100/496], Loss: 0.1128, Accuracy: 96.50 %
Epoch [7/12], Step [200/496], Loss: 0.0993, Accuracy: 96.88 %
Epoch [7/12], Step [300/496], Loss: 0.1089, Accuracy: 96.17 %
Epoch [7/12], Step [400/496], Loss: 0.1129, Accuracy: 96.12 %
Predictions - 1s: 527, 0s: 1455
True Labels - 1s: 547, 0s: 1435
-------------------------------
Epoch [7/12] Loss: 0.1251, Accuracy: 95.66 %
-------------------------------
-------- Validation --------
Predictions - 1s: 141, 0s: 355
True Labels - 1s: 127, 0s: 369
Validation Loss: 0.5954, Validation Accuracy: 77.82 %
-------- Validation finished --------
Epoch [8/12], Step [100/496], Loss: 0.1015, Accuracy: 94.75 %
Epoch [8/12], Step [200/496], Loss: 0.0959, Accuracy: 95.75 %
Epoch [8/12], Step [300/496], Loss: 0.0918, Accuracy: 96.00 %
Epoch [8/12], Step [400/496], Loss: 0.0956, Accuracy: 95.75 %
Predictions - 1s: 544, 0s: 1438
True Labels - 1s: 547, 0s: 1435
-------------------------------
Epoch [8/12] Loss: 0.0940, Accuracy: 95.91 %
-------------------------------
-------- Validation --------
Predictions - 1s: 122, 0s: 374
True Labels - 1s: 127, 0s: 369
Validation Loss: 0.6726, Validation Accuracy: 80.44 %
-------- Validation finished --------
Epoch [9/12], Step [100/496], Loss: 0.0722, Accuracy: 96.75 %
Epoch [9/12], Step [200/496], Loss: 0.0907, Accuracy: 96.12 %
Epoch [9/12], Step [300/496], Loss: 0.0878, Accuracy: 96.33 %
Epoch [9/12], Step [400/496], Loss: 0.0814, Accuracy: 96.69 %
Predictions - 1s: 544, 0s: 1438
True Labels - 1s: 547, 0s: 1435
-------------------------------
Epoch [9/12] Loss: 0.0799, Accuracy: 96.72 %
-------------------------------
-------- Validation --------
Predictions - 1s: 136, 0s: 360
True Labels - 1s: 127, 0s: 369
Validation Loss: 0.7562, Validation Accuracy: 78.83 %
-------- Validation finished --------
Epoch [10/12], Step [100/496], Loss: 0.0857, Accuracy: 97.25 %
Epoch [10/12], Step [200/496], Loss: 0.0930, Accuracy: 96.00 %
Epoch [10/12], Step [300/496], Loss: 0.0803, Accuracy: 96.75 %
Epoch [10/12], Step [400/496], Loss: 0.0753, Accuracy: 97.06 %
Predictions - 1s: 543, 0s: 1439
True Labels - 1s: 547, 0s: 1435
-------------------------------
Epoch [10/12] Loss: 0.0702, Accuracy: 97.38 %
-------------------------------
-------- Validation --------
Predictions - 1s: 125, 0s: 371
True Labels - 1s: 127, 0s: 369
Validation Loss: 0.7401, Validation Accuracy: 79.84 %
-------- Validation finished --------
Epoch [11/12], Step [100/496], Loss: 0.0383, Accuracy: 99.25 %
Epoch [11/12], Step [200/496], Loss: 0.0581, Accuracy: 98.12 %
Epoch [11/12], Step [300/496], Loss: 0.0574, Accuracy: 98.08 %
Epoch [11/12], Step [400/496], Loss: 0.0537, Accuracy: 98.31 %
Predictions - 1s: 541, 0s: 1441
True Labels - 1s: 547, 0s: 1435
-------------------------------
Epoch [11/12] Loss: 0.0537, Accuracy: 98.28 %
-------------------------------
-------- Validation --------
Predictions - 1s: 139, 0s: 357
True Labels - 1s: 127, 0s: 369
Validation Loss: 0.7985, Validation Accuracy: 78.23 %
-------- Validation finished --------
Epoch [12/12], Step [100/496], Loss: 0.0602, Accuracy: 98.00 %
Epoch [12/12], Step [200/496], Loss: 0.0503, Accuracy: 98.38 %
Epoch [12/12], Step [300/496], Loss: 0.0481, Accuracy: 98.50 %
Epoch [12/12], Step [400/496], Loss: 0.0477, Accuracy: 98.50 %
Predictions - 1s: 546, 0s: 1436
True Labels - 1s: 547, 0s: 1435
-------------------------------
Epoch [12/12] Loss: 0.0479, Accuracy: 98.54 %
-------------------------------
-------- Validation --------
Predictions - 1s: 128, 0s: 368
True Labels - 1s: 127, 0s: 369
Validation Loss: 0.7927, Validation Accuracy: 79.23 %
-------- Validation finished --------
Best model in epoch 1 saved with with Validation Loss: 0.4222 and Validation Accuracy: 80.65 %

-------- Training finished in 2:23 --------

Test flag enabled. Testing the model

-------- Loading best model from model_path --------
Loaded model bert-medium from date 20-04-2024 10:18. Trained with Centralised Machine Learning technology.
Epoch 1, lr: 6e-05, optimizer: AdamW
Train accuracy: 76.79 %, Validation accuracy: 80.65 %
-------- Best model loaded --------

-------- Creating Test Dataloader --------
Test Loader: 618 total sentences. 78 batches of size 8.
-------- Test Dataloader created --------

-------- Testing --------
Predictions - 1s: 98, 0s: 520
True Labels - 1s: 168, 0s: 450
Nº of test samples: 618
Accuracy: 81.88%
Accuracy 2 : 81.88%
Precision: 80.54%
Recall: 70.58%
F1 Score: 73.17%
Classification report:
              precision    recall  f1-score   support

           0     0.8250    0.9533    0.8845       450
           1     0.7857    0.4583    0.5789       168

    accuracy                         0.8188       618
   macro avg     0.8054    0.7058    0.7317       618
weighted avg     0.8143    0.8188    0.8015       618

-------- Testing finished --------
