Current configuration:
{
    "concurrency_flag": true,
    "data_distribution": "iid",
    "dataset": "twitter_dep",
    "device": "cuda",
    "dp_delta": 0.003,
    "dp_epsilon": 0.0,
    "eval_batch_size": 4,
    "eval_flag": true,
    "eval_size": 0.2,
    "fed_alg": "fedavg",
    "layers": 3,
    "learning_rate": 6e-05,
    "max_length": 512,
    "ml_mode": "ml",
    "model": "bert_mini",
    "model_name": "ml_mini_seed2_twitter_dep",
    "models_path": "/local/vpaloma/fabric-federated-learning/ablation_study/phase-4/final/accs-times/twitter_dep/",
    "mu": 0.5,
    "num_clients": 5,
    "num_epochs": 12,
    "num_rounds": 4,
    "optimizer": "AdamW",
    "progress_bar_flag": false,
    "save_model": true,
    "scheduler": "linear",
    "scheduler_warmup_steps": 0,
    "seed": "random",
    "test_flag": true,
    "train_batch_size": 4,
    "train_size": 0.8
}
-------- Configuration loaded --------

-------- Setting device --------
cuda device selected and available.
-------- Device set --------

-------- Setting seed --------
seed set:  2882
-------- Seed set --------

-------- Creating Model --------
-------- Model created --------

-------- Setting Trainable Layers --------
Training the last 3 layers.

Total parameters count: 11171074
Trainable parameters count: 856066
-------- Trainable Layers set --------

-------- Creating Tokenizer --------
-------- Tokenizer created --------

-------- Creating Train and Eval Dataloaders --------
Train Loader: 1982 total sentences. 496 batches of size 4.
Eval Loader: 496 total sentences. 124 batches of size 4.
-------- Train and Eval Dataloaders created --------

-------- Creating Optimizer --------
-------- Optimizer created --------

-------- Creating Scheduler --------
-------- Scheduler created --------

-------- Training --------
Training with Centralised Machine Learning technology.
Training without differential privacy.
Concurrency flag is set to True, but ml mode is selected. Concurrency flag will be ignored.
Epoch [1/12], Step [100/496], Loss: 0.6015, Accuracy: 69.50 %
Epoch [1/12], Step [200/496], Loss: 0.5643, Accuracy: 72.00 %
Epoch [1/12], Step [300/496], Loss: 0.5363, Accuracy: 74.67 %
Epoch [1/12], Step [400/496], Loss: 0.5268, Accuracy: 74.88 %
Predictions - 1s: 175, 0s: 1807
True Labels - 1s: 540, 0s: 1442
-------------------------------
Epoch [1/12] Loss: 0.5158, Accuracy: 75.43 %
-------------------------------
-------- Validation --------
Predictions - 1s: 90, 0s: 406
True Labels - 1s: 134, 0s: 362
Validation Loss: 0.4588, Validation Accuracy: 77.82 %
-------- Validation finished --------
Updated best model in epoch 1 saved with Validation Loss: 0.4588 and Validation Accuracy: 77.82 %
-------------------------------
Epoch [2/12], Step [100/496], Loss: 0.4731, Accuracy: 77.75 %
Epoch [2/12], Step [200/496], Loss: 0.4315, Accuracy: 81.25 %
Epoch [2/12], Step [300/496], Loss: 0.4487, Accuracy: 79.42 %
Epoch [2/12], Step [400/496], Loss: 0.4374, Accuracy: 80.00 %
Predictions - 1s: 371, 0s: 1611
True Labels - 1s: 540, 0s: 1442
-------------------------------
Epoch [2/12] Loss: 0.4489, Accuracy: 79.06 %
-------------------------------
-------- Validation --------
Predictions - 1s: 73, 0s: 423
True Labels - 1s: 134, 0s: 362
Validation Loss: 0.4345, Validation Accuracy: 79.64 %
-------- Validation finished --------
Updated best model in epoch 2 saved with Validation Loss: 0.4345 and Validation Accuracy: 79.64 %
-------------------------------
Epoch [3/12], Step [100/496], Loss: 0.3883, Accuracy: 83.00 %
Epoch [3/12], Step [200/496], Loss: 0.4108, Accuracy: 81.62 %
Epoch [3/12], Step [300/496], Loss: 0.4183, Accuracy: 80.83 %
Epoch [3/12], Step [400/496], Loss: 0.4136, Accuracy: 81.12 %
Predictions - 1s: 409, 0s: 1573
True Labels - 1s: 540, 0s: 1442
-------------------------------
Epoch [3/12] Loss: 0.4096, Accuracy: 81.58 %
-------------------------------
-------- Validation --------
Predictions - 1s: 124, 0s: 372
True Labels - 1s: 134, 0s: 362
Validation Loss: 0.4185, Validation Accuracy: 79.84 %
-------- Validation finished --------
Updated best model in epoch 3 saved with Validation Loss: 0.4185 and Validation Accuracy: 79.84 %
-------------------------------
Epoch [4/12], Step [100/496], Loss: 0.3570, Accuracy: 84.75 %
Epoch [4/12], Step [200/496], Loss: 0.3980, Accuracy: 81.38 %
Epoch [4/12], Step [300/496], Loss: 0.3977, Accuracy: 81.67 %
Epoch [4/12], Step [400/496], Loss: 0.3913, Accuracy: 82.12 %
Predictions - 1s: 429, 0s: 1553
True Labels - 1s: 540, 0s: 1442
-------------------------------
Epoch [4/12] Loss: 0.3891, Accuracy: 82.09 %
-------------------------------
-------- Validation --------
Predictions - 1s: 141, 0s: 355
True Labels - 1s: 134, 0s: 362
Validation Loss: 0.4282, Validation Accuracy: 78.83 %
-------- Validation finished --------
Epoch [5/12], Step [100/496], Loss: 0.3490, Accuracy: 84.50 %
Epoch [5/12], Step [200/496], Loss: 0.3550, Accuracy: 84.38 %
Epoch [5/12], Step [300/496], Loss: 0.3582, Accuracy: 84.25 %
Epoch [5/12], Step [400/496], Loss: 0.3608, Accuracy: 84.00 %
Predictions - 1s: 441, 0s: 1541
True Labels - 1s: 540, 0s: 1442
-------------------------------
Epoch [5/12] Loss: 0.3665, Accuracy: 83.20 %
-------------------------------
-------- Validation --------
Predictions - 1s: 160, 0s: 336
True Labels - 1s: 134, 0s: 362
Validation Loss: 0.4360, Validation Accuracy: 79.84 %
-------- Validation finished --------
Epoch [6/12], Step [100/496], Loss: 0.3612, Accuracy: 84.00 %
Epoch [6/12], Step [200/496], Loss: 0.3357, Accuracy: 85.38 %
Epoch [6/12], Step [300/496], Loss: 0.3372, Accuracy: 85.00 %
Epoch [6/12], Step [400/496], Loss: 0.3415, Accuracy: 85.12 %
Predictions - 1s: 448, 0s: 1534
True Labels - 1s: 540, 0s: 1442
-------------------------------
Epoch [6/12] Loss: 0.3427, Accuracy: 84.86 %
-------------------------------
-------- Validation --------
Predictions - 1s: 124, 0s: 372
True Labels - 1s: 134, 0s: 362
Validation Loss: 0.4188, Validation Accuracy: 80.65 %
-------- Validation finished --------
Epoch [7/12], Step [100/496], Loss: 0.3183, Accuracy: 86.25 %
Epoch [7/12], Step [200/496], Loss: 0.3143, Accuracy: 86.38 %
Epoch [7/12], Step [300/496], Loss: 0.3221, Accuracy: 85.92 %
Epoch [7/12], Step [400/496], Loss: 0.3203, Accuracy: 86.06 %
Predictions - 1s: 464, 0s: 1518
True Labels - 1s: 540, 0s: 1442
-------------------------------
Epoch [7/12] Loss: 0.3166, Accuracy: 86.38 %
-------------------------------
-------- Validation --------
Predictions - 1s: 166, 0s: 330
True Labels - 1s: 134, 0s: 362
Validation Loss: 0.4607, Validation Accuracy: 79.84 %
-------- Validation finished --------
Epoch [8/12], Step [100/496], Loss: 0.3059, Accuracy: 86.00 %
Epoch [8/12], Step [200/496], Loss: 0.3265, Accuracy: 84.62 %
Epoch [8/12], Step [300/496], Loss: 0.3180, Accuracy: 85.08 %
Epoch [8/12], Step [400/496], Loss: 0.3176, Accuracy: 85.31 %
Predictions - 1s: 463, 0s: 1519
True Labels - 1s: 540, 0s: 1442
-------------------------------
Epoch [8/12] Loss: 0.3146, Accuracy: 85.62 %
-------------------------------
-------- Validation --------
Predictions - 1s: 136, 0s: 360
True Labels - 1s: 134, 0s: 362
Validation Loss: 0.4306, Validation Accuracy: 82.26 %
-------- Validation finished --------
Epoch [9/12], Step [100/496], Loss: 0.2559, Accuracy: 90.00 %
Epoch [9/12], Step [200/496], Loss: 0.2819, Accuracy: 88.50 %
Epoch [9/12], Step [300/496], Loss: 0.2865, Accuracy: 87.75 %
Epoch [9/12], Step [400/496], Loss: 0.2952, Accuracy: 87.19 %
Predictions - 1s: 474, 0s: 1508
True Labels - 1s: 540, 0s: 1442
-------------------------------
Epoch [9/12] Loss: 0.2889, Accuracy: 87.49 %
-------------------------------
-------- Validation --------
Predictions - 1s: 139, 0s: 357
True Labels - 1s: 134, 0s: 362
Validation Loss: 0.4353, Validation Accuracy: 81.65 %
-------- Validation finished --------
Epoch [10/12], Step [100/496], Loss: 0.2654, Accuracy: 88.00 %
Epoch [10/12], Step [200/496], Loss: 0.2763, Accuracy: 87.50 %
Epoch [10/12], Step [300/496], Loss: 0.2771, Accuracy: 87.67 %
Epoch [10/12], Step [400/496], Loss: 0.2750, Accuracy: 87.81 %
Predictions - 1s: 470, 0s: 1512
True Labels - 1s: 540, 0s: 1442
-------------------------------
Epoch [10/12] Loss: 0.2776, Accuracy: 87.29 %
-------------------------------
-------- Validation --------
Predictions - 1s: 157, 0s: 339
True Labels - 1s: 134, 0s: 362
Validation Loss: 0.4658, Validation Accuracy: 80.04 %
-------- Validation finished --------
Epoch [11/12], Step [100/496], Loss: 0.2688, Accuracy: 88.50 %
Epoch [11/12], Step [200/496], Loss: 0.2621, Accuracy: 89.25 %
Epoch [11/12], Step [300/496], Loss: 0.2679, Accuracy: 88.42 %
Epoch [11/12], Step [400/496], Loss: 0.2747, Accuracy: 88.44 %
Predictions - 1s: 495, 0s: 1487
True Labels - 1s: 540, 0s: 1442
-------------------------------
Epoch [11/12] Loss: 0.2694, Accuracy: 88.65 %
-------------------------------
-------- Validation --------
Predictions - 1s: 137, 0s: 359
True Labels - 1s: 134, 0s: 362
Validation Loss: 0.4423, Validation Accuracy: 82.06 %
-------- Validation finished --------
Epoch [12/12], Step [100/496], Loss: 0.2660, Accuracy: 88.50 %
Epoch [12/12], Step [200/496], Loss: 0.2533, Accuracy: 89.50 %
Epoch [12/12], Step [300/496], Loss: 0.2494, Accuracy: 89.75 %
Epoch [12/12], Step [400/496], Loss: 0.2572, Accuracy: 89.44 %
Predictions - 1s: 479, 0s: 1503
True Labels - 1s: 540, 0s: 1442
-------------------------------
Epoch [12/12] Loss: 0.2599, Accuracy: 89.05 %
-------------------------------
-------- Validation --------
Predictions - 1s: 141, 0s: 355
True Labels - 1s: 134, 0s: 362
Validation Loss: 0.4487, Validation Accuracy: 81.25 %
-------- Validation finished --------
Best model in epoch 3 saved with with Validation Loss: 0.4185 and Validation Accuracy: 79.84 %

-------- Training finished in 1:27 --------

Test flag enabled. Testing the model

-------- Loading best model from model_path --------
Loaded model bert-mini from date 20-04-2024 09:24. Trained with Centralised Machine Learning technology.
Epoch 3, lr: 6e-05, optimizer: AdamW
Train accuracy: 81.58 %, Validation accuracy: 79.84 %
-------- Best model loaded --------

-------- Creating Test Dataloader --------
Test Loader: 618 total sentences. 78 batches of size 8.
-------- Test Dataloader created --------

-------- Testing --------
Predictions - 1s: 144, 0s: 474
True Labels - 1s: 168, 0s: 450
Nº of test samples: 618
Accuracy: 80.58%
Accuracy 2 : 80.58%
Precision: 75.74%
Recall: 73.24%
F1 Score: 74.28%
Classification report:
              precision    recall  f1-score   support

           0     0.8481    0.8933    0.8701       450
           1     0.6667    0.5714    0.6154       168

    accuracy                         0.8058       618
   macro avg     0.7574    0.7324    0.7428       618
weighted avg     0.7988    0.8058    0.8009       618

-------- Testing finished --------
