Current configuration:
{
    "concurrency_flag": true,
    "data_distribution": "iid",
    "dataset": "twitter_dep",
    "device": "cuda",
    "dp_delta": 0.003,
    "dp_epsilon": 0.0,
    "eval_batch_size": 4,
    "eval_flag": true,
    "eval_size": 0.2,
    "fed_alg": "fedavg",
    "layers": 3,
    "learning_rate": 6e-05,
    "max_length": 512,
    "ml_mode": "ml",
    "model": "bert_mini",
    "model_name": "ml_mini_seed9_twitter_dep",
    "models_path": "/local/vpaloma/fabric-federated-learning/ablation_study/phase-4/final/accs-times/twitter_dep/",
    "mu": 0.5,
    "num_clients": 5,
    "num_epochs": 12,
    "num_rounds": 4,
    "optimizer": "AdamW",
    "progress_bar_flag": false,
    "save_model": true,
    "scheduler": "linear",
    "scheduler_warmup_steps": 0,
    "seed": "random",
    "test_flag": true,
    "train_batch_size": 4,
    "train_size": 0.8
}
-------- Configuration loaded --------

-------- Setting device --------
cuda device selected and available.
-------- Device set --------

-------- Setting seed --------
seed set:  925371
-------- Seed set --------

-------- Creating Model --------
-------- Model created --------

-------- Setting Trainable Layers --------
Training the last 3 layers.

Total parameters count: 11171074
Trainable parameters count: 856066
-------- Trainable Layers set --------

-------- Creating Tokenizer --------
-------- Tokenizer created --------

-------- Creating Train and Eval Dataloaders --------
Train Loader: 1982 total sentences. 496 batches of size 4.
Eval Loader: 496 total sentences. 124 batches of size 4.
-------- Train and Eval Dataloaders created --------

-------- Creating Optimizer --------
-------- Optimizer created --------

-------- Creating Scheduler --------
-------- Scheduler created --------

-------- Training --------
Training with Centralised Machine Learning technology.
Training without differential privacy.
Concurrency flag is set to True, but ml mode is selected. Concurrency flag will be ignored.
Epoch [1/12], Step [100/496], Loss: 0.6002, Accuracy: 69.50 %
Epoch [1/12], Step [200/496], Loss: 0.5799, Accuracy: 71.38 %
Epoch [1/12], Step [300/496], Loss: 0.5426, Accuracy: 74.00 %
Epoch [1/12], Step [400/496], Loss: 0.5297, Accuracy: 74.38 %
Predictions - 1s: 197, 0s: 1785
True Labels - 1s: 534, 0s: 1448
-------------------------------
Epoch [1/12] Loss: 0.5191, Accuracy: 75.03 %
-------------------------------
-------- Validation --------
Predictions - 1s: 108, 0s: 388
True Labels - 1s: 140, 0s: 356
Validation Loss: 0.4392, Validation Accuracy: 78.63 %
-------- Validation finished --------
Updated best model in epoch 1 saved with Validation Loss: 0.4392 and Validation Accuracy: 78.63 %
-------------------------------
Epoch [2/12], Step [100/496], Loss: 0.4697, Accuracy: 79.00 %
Epoch [2/12], Step [200/496], Loss: 0.4623, Accuracy: 78.88 %
Epoch [2/12], Step [300/496], Loss: 0.4512, Accuracy: 79.67 %
Epoch [2/12], Step [400/496], Loss: 0.4474, Accuracy: 80.06 %
Predictions - 1s: 369, 0s: 1613
True Labels - 1s: 534, 0s: 1448
-------------------------------
Epoch [2/12] Loss: 0.4408, Accuracy: 80.58 %
-------------------------------
-------- Validation --------
Predictions - 1s: 82, 0s: 414
True Labels - 1s: 140, 0s: 356
Validation Loss: 0.4202, Validation Accuracy: 80.65 %
-------- Validation finished --------
Updated best model in epoch 2 saved with Validation Loss: 0.4202 and Validation Accuracy: 80.65 %
-------------------------------
Epoch [3/12], Step [100/496], Loss: 0.3859, Accuracy: 82.25 %
Epoch [3/12], Step [200/496], Loss: 0.4135, Accuracy: 79.50 %
Epoch [3/12], Step [300/496], Loss: 0.4210, Accuracy: 79.33 %
Epoch [3/12], Step [400/496], Loss: 0.4216, Accuracy: 79.56 %
Predictions - 1s: 395, 0s: 1587
True Labels - 1s: 534, 0s: 1448
-------------------------------
Epoch [3/12] Loss: 0.4162, Accuracy: 79.67 %
-------------------------------
-------- Validation --------
Predictions - 1s: 116, 0s: 380
True Labels - 1s: 140, 0s: 356
Validation Loss: 0.4024, Validation Accuracy: 80.24 %
-------- Validation finished --------
Updated best model in epoch 3 saved with Validation Loss: 0.4024 and Validation Accuracy: 80.24 %
-------------------------------
Epoch [4/12], Step [100/496], Loss: 0.4041, Accuracy: 81.75 %
Epoch [4/12], Step [200/496], Loss: 0.4016, Accuracy: 81.12 %
Epoch [4/12], Step [300/496], Loss: 0.3935, Accuracy: 81.42 %
Epoch [4/12], Step [400/496], Loss: 0.3922, Accuracy: 81.06 %
Predictions - 1s: 426, 0s: 1556
True Labels - 1s: 534, 0s: 1448
-------------------------------
Epoch [4/12] Loss: 0.3938, Accuracy: 81.03 %
-------------------------------
-------- Validation --------
Predictions - 1s: 150, 0s: 346
True Labels - 1s: 140, 0s: 356
Validation Loss: 0.4081, Validation Accuracy: 79.03 %
-------- Validation finished --------
Epoch [5/12], Step [100/496], Loss: 0.3927, Accuracy: 81.00 %
Epoch [5/12], Step [200/496], Loss: 0.3911, Accuracy: 81.25 %
Epoch [5/12], Step [300/496], Loss: 0.3718, Accuracy: 82.83 %
Epoch [5/12], Step [400/496], Loss: 0.3700, Accuracy: 82.69 %
Predictions - 1s: 432, 0s: 1550
True Labels - 1s: 534, 0s: 1448
-------------------------------
Epoch [5/12] Loss: 0.3726, Accuracy: 82.14 %
-------------------------------
-------- Validation --------
Predictions - 1s: 110, 0s: 386
True Labels - 1s: 140, 0s: 356
Validation Loss: 0.3970, Validation Accuracy: 81.45 %
-------- Validation finished --------
Updated best model in epoch 5 saved with Validation Loss: 0.3970 and Validation Accuracy: 81.45 %
-------------------------------
Epoch [6/12], Step [100/496], Loss: 0.3650, Accuracy: 83.00 %
Epoch [6/12], Step [200/496], Loss: 0.3527, Accuracy: 83.75 %
Epoch [6/12], Step [300/496], Loss: 0.3464, Accuracy: 83.67 %
Epoch [6/12], Step [400/496], Loss: 0.3347, Accuracy: 84.75 %
Predictions - 1s: 438, 0s: 1544
True Labels - 1s: 534, 0s: 1448
-------------------------------
Epoch [6/12] Loss: 0.3464, Accuracy: 84.06 %
-------------------------------
-------- Validation --------
Predictions - 1s: 143, 0s: 353
True Labels - 1s: 140, 0s: 356
Validation Loss: 0.4039, Validation Accuracy: 80.85 %
-------- Validation finished --------
Epoch [7/12], Step [100/496], Loss: 0.3235, Accuracy: 84.50 %
Epoch [7/12], Step [200/496], Loss: 0.3206, Accuracy: 84.75 %
Epoch [7/12], Step [300/496], Loss: 0.3238, Accuracy: 84.67 %
Epoch [7/12], Step [400/496], Loss: 0.3192, Accuracy: 85.06 %
Predictions - 1s: 447, 0s: 1535
True Labels - 1s: 534, 0s: 1448
-------------------------------
Epoch [7/12] Loss: 0.3264, Accuracy: 84.71 %
-------------------------------
-------- Validation --------
Predictions - 1s: 152, 0s: 344
True Labels - 1s: 140, 0s: 356
Validation Loss: 0.4233, Validation Accuracy: 80.24 %
-------- Validation finished --------
Epoch [8/12], Step [100/496], Loss: 0.3025, Accuracy: 86.25 %
Epoch [8/12], Step [200/496], Loss: 0.3138, Accuracy: 86.12 %
Epoch [8/12], Step [300/496], Loss: 0.3178, Accuracy: 84.92 %
Epoch [8/12], Step [400/496], Loss: 0.3192, Accuracy: 84.81 %
Predictions - 1s: 461, 0s: 1521
True Labels - 1s: 534, 0s: 1448
-------------------------------
Epoch [8/12] Loss: 0.3193, Accuracy: 84.81 %
-------------------------------
-------- Validation --------
Predictions - 1s: 128, 0s: 368
True Labels - 1s: 140, 0s: 356
Validation Loss: 0.4151, Validation Accuracy: 82.66 %
-------- Validation finished --------
Epoch [9/12], Step [100/496], Loss: 0.2687, Accuracy: 88.25 %
Epoch [9/12], Step [200/496], Loss: 0.3033, Accuracy: 86.62 %
Epoch [9/12], Step [300/496], Loss: 0.3005, Accuracy: 86.42 %
Epoch [9/12], Step [400/496], Loss: 0.3067, Accuracy: 86.38 %
Predictions - 1s: 472, 0s: 1510
True Labels - 1s: 534, 0s: 1448
-------------------------------
Epoch [9/12] Loss: 0.3005, Accuracy: 86.68 %
-------------------------------
-------- Validation --------
Predictions - 1s: 139, 0s: 357
True Labels - 1s: 140, 0s: 356
Validation Loss: 0.4207, Validation Accuracy: 82.06 %
-------- Validation finished --------
Epoch [10/12], Step [100/496], Loss: 0.2903, Accuracy: 86.00 %
Epoch [10/12], Step [200/496], Loss: 0.2865, Accuracy: 87.12 %
Epoch [10/12], Step [300/496], Loss: 0.2958, Accuracy: 86.42 %
Epoch [10/12], Step [400/496], Loss: 0.2899, Accuracy: 86.12 %
Predictions - 1s: 476, 0s: 1506
True Labels - 1s: 534, 0s: 1448
-------------------------------
Epoch [10/12] Loss: 0.2873, Accuracy: 86.38 %
-------------------------------
-------- Validation --------
Predictions - 1s: 127, 0s: 369
True Labels - 1s: 140, 0s: 356
Validation Loss: 0.4175, Validation Accuracy: 83.27 %
-------- Validation finished --------
Epoch [11/12], Step [100/496], Loss: 0.2553, Accuracy: 89.50 %
Epoch [11/12], Step [200/496], Loss: 0.2738, Accuracy: 87.38 %
Epoch [11/12], Step [300/496], Loss: 0.2845, Accuracy: 87.50 %
Epoch [11/12], Step [400/496], Loss: 0.2894, Accuracy: 86.44 %
Predictions - 1s: 482, 0s: 1500
True Labels - 1s: 534, 0s: 1448
-------------------------------
Epoch [11/12] Loss: 0.2828, Accuracy: 87.39 %
-------------------------------
-------- Validation --------
Predictions - 1s: 130, 0s: 366
True Labels - 1s: 140, 0s: 356
Validation Loss: 0.4197, Validation Accuracy: 83.06 %
-------- Validation finished --------
Epoch [12/12], Step [100/496], Loss: 0.2459, Accuracy: 89.75 %
Epoch [12/12], Step [200/496], Loss: 0.2472, Accuracy: 89.75 %
Epoch [12/12], Step [300/496], Loss: 0.2729, Accuracy: 87.67 %
Epoch [12/12], Step [400/496], Loss: 0.2663, Accuracy: 88.00 %
Predictions - 1s: 472, 0s: 1510
True Labels - 1s: 534, 0s: 1448
-------------------------------
Epoch [12/12] Loss: 0.2700, Accuracy: 87.79 %
-------------------------------
-------- Validation --------
Predictions - 1s: 137, 0s: 359
True Labels - 1s: 140, 0s: 356
Validation Loss: 0.4229, Validation Accuracy: 82.46 %
-------- Validation finished --------
Best model in epoch 5 saved with with Validation Loss: 0.3970 and Validation Accuracy: 81.45 %

-------- Training finished in 1:26 --------

Test flag enabled. Testing the model

-------- Loading best model from model_path --------
Loaded model bert-mini from date 20-04-2024 09:47. Trained with Centralised Machine Learning technology.
Epoch 5, lr: 6e-05, optimizer: AdamW
Train accuracy: 82.14 %, Validation accuracy: 81.45 %
-------- Best model loaded --------

-------- Creating Test Dataloader --------
Test Loader: 618 total sentences. 78 batches of size 8.
-------- Test Dataloader created --------

-------- Testing --------
Predictions - 1s: 137, 0s: 481
True Labels - 1s: 168, 0s: 450
Nº of test samples: 618
Accuracy: 80.42%
Accuracy 2 : 80.42%
Precision: 75.68%
Recall: 72.38%
F1 Score: 73.67%
Classification report:
              precision    recall  f1-score   support

           0     0.8420    0.9000    0.8700       450
           1     0.6715    0.5476    0.6033       168

    accuracy                         0.8042       618
   macro avg     0.7568    0.7238    0.7367       618
weighted avg     0.7957    0.8042    0.7975       618

-------- Testing finished --------
