Current configuration:
{
    "concurrency_flag": true,
    "data_distribution": "iid",
    "dataset": "twitter_dep",
    "device": "cuda",
    "dp_delta": 0.003,
    "dp_epsilon": 0.0,
    "eval_batch_size": 4,
    "eval_flag": true,
    "eval_size": 0.2,
    "fed_alg": "fedavg",
    "layers": 3,
    "learning_rate": 6e-05,
    "max_length": 512,
    "ml_mode": "ml",
    "model": "bert_small",
    "model_name": "ml_small_seed3_twitter_dep",
    "models_path": "/local/vpaloma/fabric-federated-learning/ablation_study/phase-4/final/accs-times/twitter_dep/",
    "mu": 0.5,
    "num_clients": 5,
    "num_epochs": 12,
    "num_rounds": 4,
    "optimizer": "AdamW",
    "progress_bar_flag": false,
    "save_model": true,
    "scheduler": "linear",
    "scheduler_warmup_steps": 0,
    "seed": "random",
    "test_flag": true,
    "train_batch_size": 4,
    "train_size": 0.8
}
-------- Configuration loaded --------

-------- Setting device --------
cuda device selected and available.
-------- Device set --------

-------- Setting seed --------
seed set:  999719
-------- Seed set --------

-------- Creating Model --------
-------- Model created --------

-------- Setting Trainable Layers --------
Training the last 3 layers.

Total parameters count: 28764674
Trainable parameters count: 3416066
-------- Trainable Layers set --------

-------- Creating Tokenizer --------
-------- Tokenizer created --------

-------- Creating Train and Eval Dataloaders --------
Train Loader: 1982 total sentences. 496 batches of size 4.
Eval Loader: 496 total sentences. 124 batches of size 4.
-------- Train and Eval Dataloaders created --------

-------- Creating Optimizer --------
-------- Optimizer created --------

-------- Creating Scheduler --------
-------- Scheduler created --------

-------- Training --------
Training with Centralised Machine Learning technology.
Training without differential privacy.
Concurrency flag is set to True, but ml mode is selected. Concurrency flag will be ignored.
Epoch [1/12], Step [100/496], Loss: 0.5720, Accuracy: 72.00 %
Epoch [1/12], Step [200/496], Loss: 0.5192, Accuracy: 75.38 %
Epoch [1/12], Step [300/496], Loss: 0.5076, Accuracy: 76.00 %
Epoch [1/12], Step [400/496], Loss: 0.4949, Accuracy: 76.12 %
Predictions - 1s: 279, 0s: 1703
True Labels - 1s: 530, 0s: 1452
-------------------------------
Epoch [1/12] Loss: 0.4916, Accuracy: 76.34 %
-------------------------------
-------- Validation --------
Predictions - 1s: 119, 0s: 377
True Labels - 1s: 144, 0s: 352
Validation Loss: 0.4140, Validation Accuracy: 80.85 %
-------- Validation finished --------
Updated best model in epoch 1 saved with Validation Loss: 0.4140 and Validation Accuracy: 80.85 %
-------------------------------
Epoch [2/12], Step [100/496], Loss: 0.4065, Accuracy: 79.50 %
Epoch [2/12], Step [200/496], Loss: 0.3973, Accuracy: 81.38 %
Epoch [2/12], Step [300/496], Loss: 0.3951, Accuracy: 81.92 %
Epoch [2/12], Step [400/496], Loss: 0.3924, Accuracy: 81.75 %
Predictions - 1s: 414, 0s: 1568
True Labels - 1s: 530, 0s: 1452
-------------------------------
Epoch [2/12] Loss: 0.3941, Accuracy: 81.74 %
-------------------------------
-------- Validation --------
Predictions - 1s: 105, 0s: 391
True Labels - 1s: 144, 0s: 352
Validation Loss: 0.4068, Validation Accuracy: 80.44 %
-------- Validation finished --------
Updated best model in epoch 2 saved with Validation Loss: 0.4068 and Validation Accuracy: 80.44 %
-------------------------------
Epoch [3/12], Step [100/496], Loss: 0.3162, Accuracy: 87.00 %
Epoch [3/12], Step [200/496], Loss: 0.3202, Accuracy: 86.12 %
Epoch [3/12], Step [300/496], Loss: 0.3300, Accuracy: 85.50 %
Epoch [3/12], Step [400/496], Loss: 0.3342, Accuracy: 85.00 %
Predictions - 1s: 462, 0s: 1520
True Labels - 1s: 530, 0s: 1452
-------------------------------
Epoch [3/12] Loss: 0.3290, Accuracy: 85.17 %
-------------------------------
-------- Validation --------
Predictions - 1s: 184, 0s: 312
True Labels - 1s: 144, 0s: 352
Validation Loss: 0.4424, Validation Accuracy: 80.24 %
-------- Validation finished --------
Epoch [4/12], Step [100/496], Loss: 0.2285, Accuracy: 91.50 %
Epoch [4/12], Step [200/496], Loss: 0.2353, Accuracy: 90.75 %
Epoch [4/12], Step [300/496], Loss: 0.2466, Accuracy: 89.83 %
Epoch [4/12], Step [400/496], Loss: 0.2659, Accuracy: 88.44 %
Predictions - 1s: 493, 0s: 1489
True Labels - 1s: 530, 0s: 1452
-------------------------------
Epoch [4/12] Loss: 0.2749, Accuracy: 88.04 %
-------------------------------
-------- Validation --------
Predictions - 1s: 124, 0s: 372
True Labels - 1s: 144, 0s: 352
Validation Loss: 0.4348, Validation Accuracy: 79.84 %
-------- Validation finished --------
Epoch [5/12], Step [100/496], Loss: 0.1768, Accuracy: 92.25 %
Epoch [5/12], Step [200/496], Loss: 0.2012, Accuracy: 91.25 %
Epoch [5/12], Step [300/496], Loss: 0.2160, Accuracy: 90.42 %
Epoch [5/12], Step [400/496], Loss: 0.2169, Accuracy: 90.44 %
Predictions - 1s: 502, 0s: 1480
True Labels - 1s: 530, 0s: 1452
-------------------------------
Epoch [5/12] Loss: 0.2181, Accuracy: 90.31 %
-------------------------------
-------- Validation --------
Predictions - 1s: 144, 0s: 352
True Labels - 1s: 144, 0s: 352
Validation Loss: 0.4539, Validation Accuracy: 82.26 %
-------- Validation finished --------
Epoch [6/12], Step [100/496], Loss: 0.1540, Accuracy: 94.25 %
Epoch [6/12], Step [200/496], Loss: 0.1520, Accuracy: 93.75 %
Epoch [6/12], Step [300/496], Loss: 0.1541, Accuracy: 93.75 %
Epoch [6/12], Step [400/496], Loss: 0.1618, Accuracy: 93.81 %
Predictions - 1s: 529, 0s: 1453
True Labels - 1s: 530, 0s: 1452
-------------------------------
Epoch [6/12] Loss: 0.1670, Accuracy: 93.39 %
-------------------------------
-------- Validation --------
Predictions - 1s: 165, 0s: 331
True Labels - 1s: 144, 0s: 352
Validation Loss: 0.4937, Validation Accuracy: 81.65 %
-------- Validation finished --------
Epoch [7/12], Step [100/496], Loss: 0.1393, Accuracy: 94.25 %
Epoch [7/12], Step [200/496], Loss: 0.1216, Accuracy: 95.38 %
Epoch [7/12], Step [300/496], Loss: 0.1200, Accuracy: 95.33 %
Epoch [7/12], Step [400/496], Loss: 0.1232, Accuracy: 95.25 %
Predictions - 1s: 524, 0s: 1458
True Labels - 1s: 530, 0s: 1452
-------------------------------
Epoch [7/12] Loss: 0.1199, Accuracy: 95.36 %
-------------------------------
-------- Validation --------
Predictions - 1s: 148, 0s: 348
True Labels - 1s: 144, 0s: 352
Validation Loss: 0.5645, Validation Accuracy: 81.85 %
-------- Validation finished --------
Epoch [8/12], Step [100/496], Loss: 0.0875, Accuracy: 97.50 %
Epoch [8/12], Step [200/496], Loss: 0.1036, Accuracy: 95.62 %
Epoch [8/12], Step [300/496], Loss: 0.1059, Accuracy: 95.50 %
Epoch [8/12], Step [400/496], Loss: 0.1059, Accuracy: 95.62 %
Predictions - 1s: 539, 0s: 1443
True Labels - 1s: 530, 0s: 1452
-------------------------------
Epoch [8/12] Loss: 0.1062, Accuracy: 95.81 %
-------------------------------
-------- Validation --------
Predictions - 1s: 141, 0s: 355
True Labels - 1s: 144, 0s: 352
Validation Loss: 0.5822, Validation Accuracy: 80.85 %
-------- Validation finished --------
Epoch [9/12], Step [100/496], Loss: 0.0892, Accuracy: 97.00 %
Epoch [9/12], Step [200/496], Loss: 0.0881, Accuracy: 97.00 %
Epoch [9/12], Step [300/496], Loss: 0.0821, Accuracy: 97.17 %
Epoch [9/12], Step [400/496], Loss: 0.0773, Accuracy: 97.06 %
Predictions - 1s: 529, 0s: 1453
True Labels - 1s: 530, 0s: 1452
-------------------------------
Epoch [9/12] Loss: 0.0756, Accuracy: 97.12 %
-------------------------------
-------- Validation --------
Predictions - 1s: 137, 0s: 359
True Labels - 1s: 144, 0s: 352
Validation Loss: 0.6190, Validation Accuracy: 80.85 %
-------- Validation finished --------
Epoch [10/12], Step [100/496], Loss: 0.0668, Accuracy: 97.50 %
Epoch [10/12], Step [200/496], Loss: 0.0774, Accuracy: 97.12 %
Epoch [10/12], Step [300/496], Loss: 0.0771, Accuracy: 97.17 %
Epoch [10/12], Step [400/496], Loss: 0.0764, Accuracy: 97.06 %
Predictions - 1s: 535, 0s: 1447
True Labels - 1s: 530, 0s: 1452
-------------------------------
Epoch [10/12] Loss: 0.0751, Accuracy: 97.12 %
-------------------------------
-------- Validation --------
Predictions - 1s: 134, 0s: 362
True Labels - 1s: 144, 0s: 352
Validation Loss: 0.6428, Validation Accuracy: 81.85 %
-------- Validation finished --------
Epoch [11/12], Step [100/496], Loss: 0.0697, Accuracy: 97.25 %
Epoch [11/12], Step [200/496], Loss: 0.0645, Accuracy: 97.75 %
Epoch [11/12], Step [300/496], Loss: 0.0618, Accuracy: 97.92 %
Epoch [11/12], Step [400/496], Loss: 0.0594, Accuracy: 97.81 %
Predictions - 1s: 530, 0s: 1452
True Labels - 1s: 530, 0s: 1452
-------------------------------
Epoch [11/12] Loss: 0.0604, Accuracy: 97.98 %
-------------------------------
-------- Validation --------
Predictions - 1s: 139, 0s: 357
True Labels - 1s: 144, 0s: 352
Validation Loss: 0.6518, Validation Accuracy: 81.25 %
-------- Validation finished --------
Epoch [12/12], Step [100/496], Loss: 0.0663, Accuracy: 98.50 %
Epoch [12/12], Step [200/496], Loss: 0.0579, Accuracy: 98.38 %
Epoch [12/12], Step [300/496], Loss: 0.0528, Accuracy: 98.58 %
Epoch [12/12], Step [400/496], Loss: 0.0517, Accuracy: 98.69 %
Predictions - 1s: 524, 0s: 1458
True Labels - 1s: 530, 0s: 1452
-------------------------------
Epoch [12/12] Loss: 0.0488, Accuracy: 98.79 %
-------------------------------
-------- Validation --------
Predictions - 1s: 129, 0s: 367
True Labels - 1s: 144, 0s: 352
Validation Loss: 0.6671, Validation Accuracy: 80.04 %
-------- Validation finished --------
Best model in epoch 2 saved with with Validation Loss: 0.4068 and Validation Accuracy: 80.44 %

-------- Training finished in 1:39 --------

Test flag enabled. Testing the model

-------- Loading best model from model_path --------
Loaded model bert-small from date 20-04-2024 10:40. Trained with Centralised Machine Learning technology.
Epoch 2, lr: 6e-05, optimizer: AdamW
Train accuracy: 81.74 %, Validation accuracy: 80.44 %
-------- Best model loaded --------

-------- Creating Test Dataloader --------
Test Loader: 618 total sentences. 78 batches of size 8.
-------- Test Dataloader created --------

-------- Testing --------
Predictions - 1s: 114, 0s: 504
True Labels - 1s: 168, 0s: 450
Nº of test samples: 618
Accuracy: 82.20%
Accuracy 2 : 82.20%
Precision: 79.58%
Recall: 72.48%
F1 Score: 74.73%
Classification report:
              precision    recall  f1-score   support

           0     0.8373    0.9378    0.8847       450
           1     0.7544    0.5119    0.6099       168

    accuracy                         0.8220       618
   macro avg     0.7958    0.7248    0.7473       618
weighted avg     0.8148    0.8220    0.8100       618

-------- Testing finished --------
