Current configuration:
{
    "concurrency_flag": true,
    "data_distribution": "iid",
    "dataset": "twitter_dep",
    "device": "cuda",
    "dp_delta": 0.003,
    "dp_epsilon": 0.0,
    "eval_batch_size": 4,
    "eval_flag": true,
    "eval_size": 0.2,
    "fed_alg": "fedavg",
    "layers": 3,
    "learning_rate": 6e-05,
    "max_length": 512,
    "ml_mode": "ml",
    "model": "bert_small",
    "model_name": "ml_small_seed2_twitter_dep",
    "models_path": "/local/vpaloma/fabric-federated-learning/ablation_study/phase-4/final/accs-times/twitter_dep/",
    "mu": 0.5,
    "num_clients": 5,
    "num_epochs": 12,
    "num_rounds": 4,
    "optimizer": "AdamW",
    "progress_bar_flag": false,
    "save_model": true,
    "scheduler": "linear",
    "scheduler_warmup_steps": 0,
    "seed": "random",
    "test_flag": true,
    "train_batch_size": 4,
    "train_size": 0.8
}
-------- Configuration loaded --------

-------- Setting device --------
cuda device selected and available.
-------- Device set --------

-------- Setting seed --------
seed set:  843063
-------- Seed set --------

-------- Creating Model --------
-------- Model created --------

-------- Setting Trainable Layers --------
Training the last 3 layers.

Total parameters count: 28764674
Trainable parameters count: 3416066
-------- Trainable Layers set --------

-------- Creating Tokenizer --------
-------- Tokenizer created --------

-------- Creating Train and Eval Dataloaders --------
Train Loader: 1982 total sentences. 496 batches of size 4.
Eval Loader: 496 total sentences. 124 batches of size 4.
-------- Train and Eval Dataloaders created --------

-------- Creating Optimizer --------
-------- Optimizer created --------

-------- Creating Scheduler --------
-------- Scheduler created --------

-------- Training --------
Training with Centralised Machine Learning technology.
Training without differential privacy.
Concurrency flag is set to True, but ml mode is selected. Concurrency flag will be ignored.
Epoch [1/12], Step [100/496], Loss: 0.5479, Accuracy: 73.00 %
Epoch [1/12], Step [200/496], Loss: 0.4954, Accuracy: 75.38 %
Epoch [1/12], Step [300/496], Loss: 0.4779, Accuracy: 77.00 %
Epoch [1/12], Step [400/496], Loss: 0.4754, Accuracy: 77.06 %
Predictions - 1s: 303, 0s: 1679
True Labels - 1s: 540, 0s: 1442
-------------------------------
Epoch [1/12] Loss: 0.4736, Accuracy: 77.14 %
-------------------------------
-------- Validation --------
Predictions - 1s: 190, 0s: 306
True Labels - 1s: 134, 0s: 362
Validation Loss: 0.4707, Validation Accuracy: 75.00 %
-------- Validation finished --------
Updated best model in epoch 1 saved with Validation Loss: 0.4707 and Validation Accuracy: 75.00 %
-------------------------------
Epoch [2/12], Step [100/496], Loss: 0.4058, Accuracy: 81.75 %
Epoch [2/12], Step [200/496], Loss: 0.4146, Accuracy: 80.75 %
Epoch [2/12], Step [300/496], Loss: 0.3968, Accuracy: 82.08 %
Epoch [2/12], Step [400/496], Loss: 0.3932, Accuracy: 82.00 %
Predictions - 1s: 430, 0s: 1552
True Labels - 1s: 540, 0s: 1442
-------------------------------
Epoch [2/12] Loss: 0.3958, Accuracy: 81.53 %
-------------------------------
-------- Validation --------
Predictions - 1s: 85, 0s: 411
True Labels - 1s: 134, 0s: 362
Validation Loss: 0.4096, Validation Accuracy: 81.25 %
-------- Validation finished --------
Updated best model in epoch 2 saved with Validation Loss: 0.4096 and Validation Accuracy: 81.25 %
-------------------------------
Epoch [3/12], Step [100/496], Loss: 0.3207, Accuracy: 85.25 %
Epoch [3/12], Step [200/496], Loss: 0.3223, Accuracy: 86.00 %
Epoch [3/12], Step [300/496], Loss: 0.3455, Accuracy: 84.00 %
Epoch [3/12], Step [400/496], Loss: 0.3396, Accuracy: 84.25 %
Predictions - 1s: 468, 0s: 1514
True Labels - 1s: 540, 0s: 1442
-------------------------------
Epoch [3/12] Loss: 0.3418, Accuracy: 83.96 %
-------------------------------
-------- Validation --------
Predictions - 1s: 153, 0s: 343
True Labels - 1s: 134, 0s: 362
Validation Loss: 0.4364, Validation Accuracy: 80.04 %
-------- Validation finished --------
Epoch [4/12], Step [100/496], Loss: 0.2812, Accuracy: 87.00 %
Epoch [4/12], Step [200/496], Loss: 0.2635, Accuracy: 88.50 %
Epoch [4/12], Step [300/496], Loss: 0.2644, Accuracy: 88.08 %
Epoch [4/12], Step [400/496], Loss: 0.2657, Accuracy: 88.19 %
Predictions - 1s: 492, 0s: 1490
True Labels - 1s: 540, 0s: 1442
-------------------------------
Epoch [4/12] Loss: 0.2634, Accuracy: 88.40 %
-------------------------------
-------- Validation --------
Predictions - 1s: 117, 0s: 379
True Labels - 1s: 134, 0s: 362
Validation Loss: 0.4482, Validation Accuracy: 80.44 %
-------- Validation finished --------
Epoch [5/12], Step [100/496], Loss: 0.2018, Accuracy: 91.75 %
Epoch [5/12], Step [200/496], Loss: 0.1968, Accuracy: 92.00 %
Epoch [5/12], Step [300/496], Loss: 0.2101, Accuracy: 91.08 %
Epoch [5/12], Step [400/496], Loss: 0.2066, Accuracy: 91.12 %
Predictions - 1s: 511, 0s: 1471
True Labels - 1s: 540, 0s: 1442
-------------------------------
Epoch [5/12] Loss: 0.2062, Accuracy: 91.17 %
-------------------------------
-------- Validation --------
Predictions - 1s: 137, 0s: 359
True Labels - 1s: 134, 0s: 362
Validation Loss: 0.5040, Validation Accuracy: 80.85 %
-------- Validation finished --------
Epoch [6/12], Step [100/496], Loss: 0.1525, Accuracy: 93.75 %
Epoch [6/12], Step [200/496], Loss: 0.1597, Accuracy: 93.62 %
Epoch [6/12], Step [300/496], Loss: 0.1533, Accuracy: 94.33 %
Epoch [6/12], Step [400/496], Loss: 0.1477, Accuracy: 94.69 %
Predictions - 1s: 520, 0s: 1462
True Labels - 1s: 540, 0s: 1442
-------------------------------
Epoch [6/12] Loss: 0.1505, Accuracy: 94.45 %
-------------------------------
-------- Validation --------
Predictions - 1s: 161, 0s: 335
True Labels - 1s: 134, 0s: 362
Validation Loss: 0.6289, Validation Accuracy: 77.62 %
-------- Validation finished --------
Epoch [7/12], Step [100/496], Loss: 0.1023, Accuracy: 97.00 %
Epoch [7/12], Step [200/496], Loss: 0.1106, Accuracy: 96.12 %
Epoch [7/12], Step [300/496], Loss: 0.1129, Accuracy: 96.00 %
Epoch [7/12], Step [400/496], Loss: 0.1236, Accuracy: 95.25 %
Predictions - 1s: 529, 0s: 1453
True Labels - 1s: 540, 0s: 1442
-------------------------------
Epoch [7/12] Loss: 0.1203, Accuracy: 95.51 %
-------------------------------
-------- Validation --------
Predictions - 1s: 130, 0s: 366
True Labels - 1s: 134, 0s: 362
Validation Loss: 0.6416, Validation Accuracy: 80.65 %
-------- Validation finished --------
Epoch [8/12], Step [100/496], Loss: 0.1036, Accuracy: 95.50 %
Epoch [8/12], Step [200/496], Loss: 0.1034, Accuracy: 95.88 %
Epoch [8/12], Step [300/496], Loss: 0.0946, Accuracy: 96.42 %
Epoch [8/12], Step [400/496], Loss: 0.0863, Accuracy: 96.81 %
Predictions - 1s: 528, 0s: 1454
True Labels - 1s: 540, 0s: 1442
-------------------------------
Epoch [8/12] Loss: 0.0849, Accuracy: 96.77 %
-------------------------------
-------- Validation --------
Predictions - 1s: 161, 0s: 335
True Labels - 1s: 134, 0s: 362
Validation Loss: 0.7694, Validation Accuracy: 77.22 %
-------- Validation finished --------
Epoch [9/12], Step [100/496], Loss: 0.0764, Accuracy: 97.50 %
Epoch [9/12], Step [200/496], Loss: 0.0650, Accuracy: 97.75 %
Epoch [9/12], Step [300/496], Loss: 0.0701, Accuracy: 97.33 %
Epoch [9/12], Step [400/496], Loss: 0.0674, Accuracy: 97.44 %
Predictions - 1s: 541, 0s: 1441
True Labels - 1s: 540, 0s: 1442
-------------------------------
Epoch [9/12] Loss: 0.0693, Accuracy: 97.43 %
-------------------------------
-------- Validation --------
Predictions - 1s: 124, 0s: 372
True Labels - 1s: 134, 0s: 362
Validation Loss: 0.7601, Validation Accuracy: 81.05 %
-------- Validation finished --------
Epoch [10/12], Step [100/496], Loss: 0.0591, Accuracy: 97.75 %
Epoch [10/12], Step [200/496], Loss: 0.0531, Accuracy: 97.88 %
Epoch [10/12], Step [300/496], Loss: 0.0591, Accuracy: 97.67 %
Epoch [10/12], Step [400/496], Loss: 0.0542, Accuracy: 98.00 %
Predictions - 1s: 534, 0s: 1448
True Labels - 1s: 540, 0s: 1442
-------------------------------
Epoch [10/12] Loss: 0.0587, Accuracy: 97.68 %
-------------------------------
-------- Validation --------
Predictions - 1s: 135, 0s: 361
True Labels - 1s: 134, 0s: 362
Validation Loss: 0.7935, Validation Accuracy: 80.04 %
-------- Validation finished --------
Epoch [11/12], Step [100/496], Loss: 0.0500, Accuracy: 98.00 %
Epoch [11/12], Step [200/496], Loss: 0.0465, Accuracy: 98.50 %
Epoch [11/12], Step [300/496], Loss: 0.0441, Accuracy: 98.42 %
Epoch [11/12], Step [400/496], Loss: 0.0461, Accuracy: 98.38 %
Predictions - 1s: 539, 0s: 1443
True Labels - 1s: 540, 0s: 1442
-------------------------------
Epoch [11/12] Loss: 0.0481, Accuracy: 98.34 %
-------------------------------
-------- Validation --------
Predictions - 1s: 127, 0s: 369
True Labels - 1s: 134, 0s: 362
Validation Loss: 0.8205, Validation Accuracy: 80.85 %
-------- Validation finished --------
Epoch [12/12], Step [100/496], Loss: 0.0347, Accuracy: 99.25 %
Epoch [12/12], Step [200/496], Loss: 0.0347, Accuracy: 99.12 %
Epoch [12/12], Step [300/496], Loss: 0.0340, Accuracy: 99.17 %
Epoch [12/12], Step [400/496], Loss: 0.0332, Accuracy: 99.19 %
Predictions - 1s: 541, 0s: 1441
True Labels - 1s: 540, 0s: 1442
-------------------------------
Epoch [12/12] Loss: 0.0354, Accuracy: 98.94 %
-------------------------------
-------- Validation --------
Predictions - 1s: 130, 0s: 366
True Labels - 1s: 134, 0s: 362
Validation Loss: 0.8298, Validation Accuracy: 80.24 %
-------- Validation finished --------
Best model in epoch 2 saved with with Validation Loss: 0.4096 and Validation Accuracy: 81.25 %

-------- Training finished in 1:39 --------

Test flag enabled. Testing the model

-------- Loading best model from model_path --------
Loaded model bert-small from date 20-04-2024 10:44. Trained with Centralised Machine Learning technology.
Epoch 2, lr: 6e-05, optimizer: AdamW
Train accuracy: 81.53 %, Validation accuracy: 81.25 %
-------- Best model loaded --------

-------- Creating Test Dataloader --------
Test Loader: 618 total sentences. 78 batches of size 8.
-------- Test Dataloader created --------

-------- Testing --------
Predictions - 1s: 109, 0s: 509
True Labels - 1s: 168, 0s: 450
Nº of test samples: 618
Accuracy: 83.01%
Accuracy 2 : 83.01%
Precision: 81.39%
Recall: 73.04%
F1 Score: 75.57%
Classification report:
              precision    recall  f1-score   support

           0     0.8389    0.9489    0.8905       450
           1     0.7890    0.5119    0.6209       168

    accuracy                         0.8301       618
   macro avg     0.8139    0.7304    0.7557       618
weighted avg     0.8253    0.8301    0.8172       618

-------- Testing finished --------
