Current configuration:
{
    "concurrency_flag": true,
    "data_distribution": "iid",
    "dataset": "twitter_dep",
    "device": "cuda",
    "dp_delta": 0.003,
    "dp_epsilon": 0.0,
    "eval_batch_size": 4,
    "eval_flag": true,
    "eval_size": 0.2,
    "fed_alg": "fedavg",
    "layers": 3,
    "learning_rate": 6e-05,
    "max_length": 512,
    "ml_mode": "ml",
    "model": "bert_tiny",
    "model_name": "ml_tiny_seed5_twitter_dep",
    "models_path": "/local/vpaloma/fabric-federated-learning/ablation_study/phase-4/final/accs-times/twitter_dep/",
    "mu": 0.5,
    "num_clients": 5,
    "num_epochs": 12,
    "num_rounds": 4,
    "optimizer": "AdamW",
    "progress_bar_flag": false,
    "save_model": true,
    "scheduler": "linear",
    "scheduler_warmup_steps": 0,
    "seed": "random",
    "test_flag": true,
    "train_batch_size": 4,
    "train_size": 0.8
}
-------- Configuration loaded --------

-------- Setting device --------
cuda device selected and available.
-------- Device set --------

-------- Setting seed --------
seed set:  324741
-------- Seed set --------

-------- Creating Model --------
-------- Model created --------

-------- Setting Trainable Layers --------
Training the last 3 layers.

Total parameters count: 4386178
Trainable parameters count: 215042
-------- Trainable Layers set --------

-------- Creating Tokenizer --------
-------- Tokenizer created --------

-------- Creating Train and Eval Dataloaders --------
Train Loader: 1982 total sentences. 496 batches of size 4.
Eval Loader: 496 total sentences. 124 batches of size 4.
-------- Train and Eval Dataloaders created --------

-------- Creating Optimizer --------
-------- Optimizer created --------

-------- Creating Scheduler --------
-------- Scheduler created --------

-------- Training --------
Training with Centralised Machine Learning technology.
Training without differential privacy.
Concurrency flag is set to True, but ml mode is selected. Concurrency flag will be ignored.
Epoch [1/12], Step [100/496], Loss: 0.6177, Accuracy: 71.75 %
Epoch [1/12], Step [200/496], Loss: 0.5924, Accuracy: 72.88 %
Epoch [1/12], Step [300/496], Loss: 0.5752, Accuracy: 73.58 %
Epoch [1/12], Step [400/496], Loss: 0.5678, Accuracy: 73.38 %
Predictions - 1s: 6, 0s: 1976
True Labels - 1s: 530, 0s: 1452
-------------------------------
Epoch [1/12] Loss: 0.5608, Accuracy: 73.06 %
-------------------------------
-------- Validation --------
Predictions - 1s: 25, 0s: 471
True Labels - 1s: 144, 0s: 352
Validation Loss: 0.5091, Validation Accuracy: 75.20 %
-------- Validation finished --------
Updated best model in epoch 1 saved with Validation Loss: 0.5091 and Validation Accuracy: 75.20 %
-------------------------------
Epoch [2/12], Step [100/496], Loss: 0.5200, Accuracy: 75.00 %
Epoch [2/12], Step [200/496], Loss: 0.5063, Accuracy: 76.00 %
Epoch [2/12], Step [300/496], Loss: 0.4979, Accuracy: 76.33 %
Epoch [2/12], Step [400/496], Loss: 0.4921, Accuracy: 77.19 %
Predictions - 1s: 268, 0s: 1714
True Labels - 1s: 530, 0s: 1452
-------------------------------
Epoch [2/12] Loss: 0.4929, Accuracy: 76.79 %
-------------------------------
-------- Validation --------
Predictions - 1s: 94, 0s: 402
True Labels - 1s: 144, 0s: 352
Validation Loss: 0.4638, Validation Accuracy: 78.23 %
-------- Validation finished --------
Updated best model in epoch 2 saved with Validation Loss: 0.4638 and Validation Accuracy: 78.23 %
-------------------------------
Epoch [3/12], Step [100/496], Loss: 0.4896, Accuracy: 75.00 %
Epoch [3/12], Step [200/496], Loss: 0.4698, Accuracy: 77.75 %
Epoch [3/12], Step [300/496], Loss: 0.4595, Accuracy: 78.58 %
Epoch [3/12], Step [400/496], Loss: 0.4632, Accuracy: 78.69 %
Predictions - 1s: 343, 0s: 1639
True Labels - 1s: 530, 0s: 1452
-------------------------------
Epoch [3/12] Loss: 0.4677, Accuracy: 78.05 %
-------------------------------
-------- Validation --------
Predictions - 1s: 127, 0s: 369
True Labels - 1s: 144, 0s: 352
Validation Loss: 0.4588, Validation Accuracy: 78.02 %
-------- Validation finished --------
Updated best model in epoch 3 saved with Validation Loss: 0.4588 and Validation Accuracy: 78.02 %
-------------------------------
Epoch [4/12], Step [100/496], Loss: 0.4924, Accuracy: 75.75 %
Epoch [4/12], Step [200/496], Loss: 0.4622, Accuracy: 77.75 %
Epoch [4/12], Step [300/496], Loss: 0.4611, Accuracy: 78.00 %
Epoch [4/12], Step [400/496], Loss: 0.4500, Accuracy: 79.25 %
Predictions - 1s: 351, 0s: 1631
True Labels - 1s: 530, 0s: 1452
-------------------------------
Epoch [4/12] Loss: 0.4529, Accuracy: 78.86 %
-------------------------------
-------- Validation --------
Predictions - 1s: 118, 0s: 378
True Labels - 1s: 144, 0s: 352
Validation Loss: 0.4452, Validation Accuracy: 78.63 %
-------- Validation finished --------
Updated best model in epoch 4 saved with Validation Loss: 0.4452 and Validation Accuracy: 78.63 %
-------------------------------
Epoch [5/12], Step [100/496], Loss: 0.4393, Accuracy: 78.25 %
Epoch [5/12], Step [200/496], Loss: 0.4402, Accuracy: 78.00 %
Epoch [5/12], Step [300/496], Loss: 0.4511, Accuracy: 77.75 %
Epoch [5/12], Step [400/496], Loss: 0.4487, Accuracy: 78.19 %
Predictions - 1s: 381, 0s: 1601
True Labels - 1s: 530, 0s: 1452
-------------------------------
Epoch [5/12] Loss: 0.4488, Accuracy: 77.95 %
-------------------------------
-------- Validation --------
Predictions - 1s: 147, 0s: 349
True Labels - 1s: 144, 0s: 352
Validation Loss: 0.4445, Validation Accuracy: 78.43 %
-------- Validation finished --------
Updated best model in epoch 5 saved with Validation Loss: 0.4445 and Validation Accuracy: 78.43 %
-------------------------------
Epoch [6/12], Step [100/496], Loss: 0.4137, Accuracy: 81.50 %
Epoch [6/12], Step [200/496], Loss: 0.4340, Accuracy: 80.50 %
Epoch [6/12], Step [300/496], Loss: 0.4279, Accuracy: 80.83 %
Epoch [6/12], Step [400/496], Loss: 0.4347, Accuracy: 80.69 %
Predictions - 1s: 403, 0s: 1579
True Labels - 1s: 530, 0s: 1452
-------------------------------
Epoch [6/12] Loss: 0.4284, Accuracy: 81.08 %
-------------------------------
-------- Validation --------
Predictions - 1s: 118, 0s: 378
True Labels - 1s: 144, 0s: 352
Validation Loss: 0.4351, Validation Accuracy: 78.23 %
-------- Validation finished --------
Updated best model in epoch 6 saved with Validation Loss: 0.4351 and Validation Accuracy: 78.23 %
-------------------------------
Epoch [7/12], Step [100/496], Loss: 0.4090, Accuracy: 82.75 %
Epoch [7/12], Step [200/496], Loss: 0.4156, Accuracy: 81.12 %
Epoch [7/12], Step [300/496], Loss: 0.4264, Accuracy: 80.75 %
Epoch [7/12], Step [400/496], Loss: 0.4263, Accuracy: 80.50 %
Predictions - 1s: 381, 0s: 1601
True Labels - 1s: 530, 0s: 1452
-------------------------------
Epoch [7/12] Loss: 0.4191, Accuracy: 80.47 %
-------------------------------
-------- Validation --------
Predictions - 1s: 140, 0s: 356
True Labels - 1s: 144, 0s: 352
Validation Loss: 0.4368, Validation Accuracy: 78.63 %
-------- Validation finished --------
Epoch [8/12], Step [100/496], Loss: 0.4379, Accuracy: 80.25 %
Epoch [8/12], Step [200/496], Loss: 0.4379, Accuracy: 79.25 %
Epoch [8/12], Step [300/496], Loss: 0.4189, Accuracy: 80.58 %
Epoch [8/12], Step [400/496], Loss: 0.4199, Accuracy: 80.50 %
Predictions - 1s: 406, 0s: 1576
True Labels - 1s: 530, 0s: 1452
-------------------------------
Epoch [8/12] Loss: 0.4227, Accuracy: 80.32 %
-------------------------------
-------- Validation --------
Predictions - 1s: 142, 0s: 354
True Labels - 1s: 144, 0s: 352
Validation Loss: 0.4350, Validation Accuracy: 78.23 %
-------- Validation finished --------
Updated best model in epoch 8 saved with Validation Loss: 0.4350 and Validation Accuracy: 78.23 %
-------------------------------
Epoch [9/12], Step [100/496], Loss: 0.4053, Accuracy: 80.75 %
Epoch [9/12], Step [200/496], Loss: 0.4237, Accuracy: 79.62 %
Epoch [9/12], Step [300/496], Loss: 0.4207, Accuracy: 79.83 %
Epoch [9/12], Step [400/496], Loss: 0.4210, Accuracy: 79.88 %
Predictions - 1s: 406, 0s: 1576
True Labels - 1s: 530, 0s: 1452
-------------------------------
Epoch [9/12] Loss: 0.4204, Accuracy: 79.62 %
-------------------------------
-------- Validation --------
Predictions - 1s: 138, 0s: 358
True Labels - 1s: 144, 0s: 352
Validation Loss: 0.4323, Validation Accuracy: 78.23 %
-------- Validation finished --------
Updated best model in epoch 9 saved with Validation Loss: 0.4323 and Validation Accuracy: 78.23 %
-------------------------------
Epoch [10/12], Step [100/496], Loss: 0.3916, Accuracy: 81.75 %
Epoch [10/12], Step [200/496], Loss: 0.4078, Accuracy: 80.25 %
Epoch [10/12], Step [300/496], Loss: 0.3995, Accuracy: 81.08 %
Epoch [10/12], Step [400/496], Loss: 0.4093, Accuracy: 80.81 %
Predictions - 1s: 418, 0s: 1564
True Labels - 1s: 530, 0s: 1452
-------------------------------
Epoch [10/12] Loss: 0.4105, Accuracy: 80.83 %
-------------------------------
-------- Validation --------
Predictions - 1s: 137, 0s: 359
True Labels - 1s: 144, 0s: 352
Validation Loss: 0.4316, Validation Accuracy: 78.02 %
-------- Validation finished --------
Updated best model in epoch 10 saved with Validation Loss: 0.4316 and Validation Accuracy: 78.02 %
-------------------------------
Epoch [11/12], Step [100/496], Loss: 0.3922, Accuracy: 81.25 %
Epoch [11/12], Step [200/496], Loss: 0.3919, Accuracy: 81.75 %
Epoch [11/12], Step [300/496], Loss: 0.3961, Accuracy: 81.25 %
Epoch [11/12], Step [400/496], Loss: 0.3996, Accuracy: 80.75 %
Predictions - 1s: 418, 0s: 1564
True Labels - 1s: 530, 0s: 1452
-------------------------------
Epoch [11/12] Loss: 0.4086, Accuracy: 80.52 %
-------------------------------
-------- Validation --------
Predictions - 1s: 136, 0s: 360
True Labels - 1s: 144, 0s: 352
Validation Loss: 0.4309, Validation Accuracy: 78.23 %
-------- Validation finished --------
Updated best model in epoch 11 saved with Validation Loss: 0.4309 and Validation Accuracy: 78.23 %
-------------------------------
Epoch [12/12], Step [100/496], Loss: 0.4208, Accuracy: 80.25 %
Epoch [12/12], Step [200/496], Loss: 0.4146, Accuracy: 80.38 %
Epoch [12/12], Step [300/496], Loss: 0.4021, Accuracy: 81.42 %
Epoch [12/12], Step [400/496], Loss: 0.4064, Accuracy: 81.12 %
Predictions - 1s: 415, 0s: 1567
True Labels - 1s: 530, 0s: 1452
-------------------------------
Epoch [12/12] Loss: 0.4069, Accuracy: 81.48 %
-------------------------------
-------- Validation --------
Predictions - 1s: 135, 0s: 361
True Labels - 1s: 144, 0s: 352
Validation Loss: 0.4306, Validation Accuracy: 78.43 %
-------- Validation finished --------
Updated best model in epoch 12 saved with Validation Loss: 0.4306 and Validation Accuracy: 78.43 %
-------------------------------
Best model in epoch 12 saved with with Validation Loss: 0.4306 and Validation Accuracy: 78.43 %

-------- Training finished in 1:25 --------

Test flag enabled. Testing the model

-------- Loading best model from model_path --------
Loaded model bert-tiny from date 20-04-2024 10:27. Trained with Centralised Machine Learning technology.
Epoch 12, lr: 6e-05, optimizer: AdamW
Train accuracy: 81.48 %, Validation accuracy: 78.43 %
-------- Best model loaded --------

-------- Creating Test Dataloader --------
Test Loader: 618 total sentences. 78 batches of size 8.
-------- Test Dataloader created --------

-------- Testing --------
Predictions - 1s: 153, 0s: 465
True Labels - 1s: 168, 0s: 450
Nº of test samples: 618
Accuracy: 78.80%
Accuracy 2 : 78.80%
Precision: 73.20%
Recall: 71.83%
F1 Score: 72.44%
Classification report:
              precision    recall  f1-score   support

           0     0.8430    0.8711    0.8568       450
           1     0.6209    0.5655    0.5919       168

    accuracy                         0.7880       618
   macro avg     0.7320    0.7183    0.7244       618
weighted avg     0.7826    0.7880    0.7848       618

-------- Testing finished --------
