Current configuration:
{
    "concurrency_flag": true,
    "data_distribution": "iid",
    "dataset": "twitter_dep",
    "device": "cuda",
    "dp_delta": 0.003,
    "dp_epsilon": 0.0,
    "eval_batch_size": 4,
    "eval_flag": true,
    "eval_size": 0.2,
    "fed_alg": "fedavg",
    "layers": 3,
    "learning_rate": 6e-05,
    "max_length": 512,
    "ml_mode": "ml",
    "model": "bert_tiny",
    "model_name": "ml_tiny_seed7_twitter_dep",
    "models_path": "/local/vpaloma/fabric-federated-learning/ablation_study/phase-4/final/accs-times/twitter_dep/",
    "mu": 0.5,
    "num_clients": 5,
    "num_epochs": 12,
    "num_rounds": 4,
    "optimizer": "AdamW",
    "progress_bar_flag": false,
    "save_model": true,
    "scheduler": "linear",
    "scheduler_warmup_steps": 0,
    "seed": "random",
    "test_flag": true,
    "train_batch_size": 4,
    "train_size": 0.8
}
-------- Configuration loaded --------

-------- Setting device --------
cuda device selected and available.
-------- Device set --------

-------- Setting seed --------
seed set:  92378
-------- Seed set --------

-------- Creating Model --------
-------- Model created --------

-------- Setting Trainable Layers --------
Training the last 3 layers.

Total parameters count: 4386178
Trainable parameters count: 215042
-------- Trainable Layers set --------

-------- Creating Tokenizer --------
-------- Tokenizer created --------

-------- Creating Train and Eval Dataloaders --------
Train Loader: 1982 total sentences. 496 batches of size 4.
Eval Loader: 496 total sentences. 124 batches of size 4.
-------- Train and Eval Dataloaders created --------

-------- Creating Optimizer --------
-------- Optimizer created --------

-------- Creating Scheduler --------
-------- Scheduler created --------

-------- Training --------
Training with Centralised Machine Learning technology.
Training without differential privacy.
Concurrency flag is set to True, but ml mode is selected. Concurrency flag will be ignored.
Epoch [1/12], Step [100/496], Loss: 0.5990, Accuracy: 71.50 %
Epoch [1/12], Step [200/496], Loss: 0.5866, Accuracy: 71.50 %
Epoch [1/12], Step [300/496], Loss: 0.5672, Accuracy: 72.50 %
Epoch [1/12], Step [400/496], Loss: 0.5567, Accuracy: 72.81 %
Predictions - 1s: 40, 0s: 1942
True Labels - 1s: 536, 0s: 1446
-------------------------------
Epoch [1/12] Loss: 0.5477, Accuracy: 73.36 %
-------------------------------
-------- Validation --------
Predictions - 1s: 41, 0s: 455
True Labels - 1s: 138, 0s: 358
Validation Loss: 0.4967, Validation Accuracy: 75.20 %
-------- Validation finished --------
Updated best model in epoch 1 saved with Validation Loss: 0.4967 and Validation Accuracy: 75.20 %
-------------------------------
Epoch [2/12], Step [100/496], Loss: 0.4851, Accuracy: 79.50 %
Epoch [2/12], Step [200/496], Loss: 0.4913, Accuracy: 78.12 %
Epoch [2/12], Step [300/496], Loss: 0.4945, Accuracy: 77.00 %
Epoch [2/12], Step [400/496], Loss: 0.4969, Accuracy: 77.38 %
Predictions - 1s: 300, 0s: 1682
True Labels - 1s: 536, 0s: 1446
-------------------------------
Epoch [2/12] Loss: 0.4885, Accuracy: 77.60 %
-------------------------------
-------- Validation --------
Predictions - 1s: 77, 0s: 419
True Labels - 1s: 138, 0s: 358
Validation Loss: 0.4705, Validation Accuracy: 76.01 %
-------- Validation finished --------
Updated best model in epoch 2 saved with Validation Loss: 0.4705 and Validation Accuracy: 76.01 %
-------------------------------
Epoch [3/12], Step [100/496], Loss: 0.4692, Accuracy: 77.50 %
Epoch [3/12], Step [200/496], Loss: 0.4586, Accuracy: 77.50 %
Epoch [3/12], Step [300/496], Loss: 0.4608, Accuracy: 77.42 %
Epoch [3/12], Step [400/496], Loss: 0.4621, Accuracy: 77.81 %
Predictions - 1s: 353, 0s: 1629
True Labels - 1s: 536, 0s: 1446
-------------------------------
Epoch [3/12] Loss: 0.4599, Accuracy: 77.85 %
-------------------------------
-------- Validation --------
Predictions - 1s: 167, 0s: 329
True Labels - 1s: 138, 0s: 358
Validation Loss: 0.4764, Validation Accuracy: 76.01 %
-------- Validation finished --------
Epoch [4/12], Step [100/496], Loss: 0.4447, Accuracy: 78.75 %
Epoch [4/12], Step [200/496], Loss: 0.4431, Accuracy: 79.25 %
Epoch [4/12], Step [300/496], Loss: 0.4518, Accuracy: 79.00 %
Epoch [4/12], Step [400/496], Loss: 0.4418, Accuracy: 79.31 %
Predictions - 1s: 392, 0s: 1590
True Labels - 1s: 536, 0s: 1446
-------------------------------
Epoch [4/12] Loss: 0.4392, Accuracy: 79.62 %
-------------------------------
-------- Validation --------
Predictions - 1s: 86, 0s: 410
True Labels - 1s: 138, 0s: 358
Validation Loss: 0.4560, Validation Accuracy: 77.02 %
-------- Validation finished --------
Updated best model in epoch 4 saved with Validation Loss: 0.4560 and Validation Accuracy: 77.02 %
-------------------------------
Epoch [5/12], Step [100/496], Loss: 0.4291, Accuracy: 80.00 %
Epoch [5/12], Step [200/496], Loss: 0.4284, Accuracy: 80.62 %
Epoch [5/12], Step [300/496], Loss: 0.4302, Accuracy: 80.83 %
Epoch [5/12], Step [400/496], Loss: 0.4344, Accuracy: 80.06 %
Predictions - 1s: 407, 0s: 1575
True Labels - 1s: 536, 0s: 1446
-------------------------------
Epoch [5/12] Loss: 0.4371, Accuracy: 79.77 %
-------------------------------
-------- Validation --------
Predictions - 1s: 101, 0s: 395
True Labels - 1s: 138, 0s: 358
Validation Loss: 0.4469, Validation Accuracy: 78.43 %
-------- Validation finished --------
Updated best model in epoch 5 saved with Validation Loss: 0.4469 and Validation Accuracy: 78.43 %
-------------------------------
Epoch [6/12], Step [100/496], Loss: 0.4348, Accuracy: 79.50 %
Epoch [6/12], Step [200/496], Loss: 0.4147, Accuracy: 80.12 %
Epoch [6/12], Step [300/496], Loss: 0.4204, Accuracy: 80.25 %
Epoch [6/12], Step [400/496], Loss: 0.4144, Accuracy: 80.50 %
Predictions - 1s: 391, 0s: 1591
True Labels - 1s: 536, 0s: 1446
-------------------------------
Epoch [6/12] Loss: 0.4224, Accuracy: 79.97 %
-------------------------------
-------- Validation --------
Predictions - 1s: 130, 0s: 366
True Labels - 1s: 138, 0s: 358
Validation Loss: 0.4484, Validation Accuracy: 77.02 %
-------- Validation finished --------
Epoch [7/12], Step [100/496], Loss: 0.4079, Accuracy: 81.50 %
Epoch [7/12], Step [200/496], Loss: 0.4086, Accuracy: 81.62 %
Epoch [7/12], Step [300/496], Loss: 0.4260, Accuracy: 81.00 %
Epoch [7/12], Step [400/496], Loss: 0.4217, Accuracy: 81.19 %
Predictions - 1s: 412, 0s: 1570
True Labels - 1s: 536, 0s: 1446
-------------------------------
Epoch [7/12] Loss: 0.4197, Accuracy: 81.33 %
-------------------------------
-------- Validation --------
Predictions - 1s: 128, 0s: 368
True Labels - 1s: 138, 0s: 358
Validation Loss: 0.4454, Validation Accuracy: 77.42 %
-------- Validation finished --------
Updated best model in epoch 7 saved with Validation Loss: 0.4454 and Validation Accuracy: 77.42 %
-------------------------------
Epoch [8/12], Step [100/496], Loss: 0.3996, Accuracy: 83.00 %
Epoch [8/12], Step [200/496], Loss: 0.4035, Accuracy: 82.75 %
Epoch [8/12], Step [300/496], Loss: 0.4086, Accuracy: 81.75 %
Epoch [8/12], Step [400/496], Loss: 0.4197, Accuracy: 80.62 %
Predictions - 1s: 409, 0s: 1573
True Labels - 1s: 536, 0s: 1446
-------------------------------
Epoch [8/12] Loss: 0.4149, Accuracy: 80.98 %
-------------------------------
-------- Validation --------
Predictions - 1s: 108, 0s: 388
True Labels - 1s: 138, 0s: 358
Validation Loss: 0.4439, Validation Accuracy: 77.82 %
-------- Validation finished --------
Updated best model in epoch 8 saved with Validation Loss: 0.4439 and Validation Accuracy: 77.82 %
-------------------------------
Epoch [9/12], Step [100/496], Loss: 0.4472, Accuracy: 76.50 %
Epoch [9/12], Step [200/496], Loss: 0.4377, Accuracy: 78.75 %
Epoch [9/12], Step [300/496], Loss: 0.4331, Accuracy: 79.33 %
Epoch [9/12], Step [400/496], Loss: 0.4209, Accuracy: 80.12 %
Predictions - 1s: 415, 0s: 1567
True Labels - 1s: 536, 0s: 1446
-------------------------------
Epoch [9/12] Loss: 0.4139, Accuracy: 80.27 %
-------------------------------
-------- Validation --------
Predictions - 1s: 124, 0s: 372
True Labels - 1s: 138, 0s: 358
Validation Loss: 0.4463, Validation Accuracy: 77.82 %
-------- Validation finished --------
Epoch [10/12], Step [100/496], Loss: 0.3786, Accuracy: 81.75 %
Epoch [10/12], Step [200/496], Loss: 0.3899, Accuracy: 81.25 %
Epoch [10/12], Step [300/496], Loss: 0.4027, Accuracy: 80.67 %
Epoch [10/12], Step [400/496], Loss: 0.4040, Accuracy: 80.62 %
Predictions - 1s: 454, 0s: 1528
True Labels - 1s: 536, 0s: 1446
-------------------------------
Epoch [10/12] Loss: 0.4039, Accuracy: 80.73 %
-------------------------------
-------- Validation --------
Predictions - 1s: 91, 0s: 405
True Labels - 1s: 138, 0s: 358
Validation Loss: 0.4494, Validation Accuracy: 78.43 %
-------- Validation finished --------
Epoch [11/12], Step [100/496], Loss: 0.4001, Accuracy: 80.50 %
Epoch [11/12], Step [200/496], Loss: 0.3987, Accuracy: 80.88 %
Epoch [11/12], Step [300/496], Loss: 0.3991, Accuracy: 81.00 %
Epoch [11/12], Step [400/496], Loss: 0.4091, Accuracy: 80.81 %
Predictions - 1s: 397, 0s: 1585
True Labels - 1s: 536, 0s: 1446
-------------------------------
Epoch [11/12] Loss: 0.4059, Accuracy: 80.78 %
-------------------------------
-------- Validation --------
Predictions - 1s: 124, 0s: 372
True Labels - 1s: 138, 0s: 358
Validation Loss: 0.4453, Validation Accuracy: 77.42 %
-------- Validation finished --------
Epoch [12/12], Step [100/496], Loss: 0.4127, Accuracy: 80.50 %
Epoch [12/12], Step [200/496], Loss: 0.3905, Accuracy: 81.88 %
Epoch [12/12], Step [300/496], Loss: 0.3989, Accuracy: 81.17 %
Epoch [12/12], Step [400/496], Loss: 0.3886, Accuracy: 81.88 %
Predictions - 1s: 408, 0s: 1574
True Labels - 1s: 536, 0s: 1446
-------------------------------
Epoch [12/12] Loss: 0.3924, Accuracy: 81.94 %
-------------------------------
-------- Validation --------
Predictions - 1s: 128, 0s: 368
True Labels - 1s: 138, 0s: 358
Validation Loss: 0.4460, Validation Accuracy: 77.42 %
-------- Validation finished --------
Best model in epoch 8 saved with with Validation Loss: 0.4439 and Validation Accuracy: 77.82 %

-------- Training finished in 1:03 --------

Test flag enabled. Testing the model

-------- Loading best model from model_path --------
Loaded model bert-tiny from date 20-04-2024 11:44. Trained with Centralised Machine Learning technology.
Epoch 8, lr: 6e-05, optimizer: AdamW
Train accuracy: 80.98 %, Validation accuracy: 77.82 %
-------- Best model loaded --------

-------- Creating Test Dataloader --------
Test Loader: 618 total sentences. 78 batches of size 8.
-------- Test Dataloader created --------

-------- Testing --------
Predictions - 1s: 126, 0s: 492
True Labels - 1s: 168, 0s: 450
Nº of test samples: 618
Accuracy: 80.26%
Accuracy 2 : 80.26%
Precision: 75.79%
Recall: 71.15%
F1 Score: 72.78%
Classification report:
              precision    recall  f1-score   support

           0     0.8333    0.9111    0.8705       450
           1     0.6825    0.5119    0.5850       168

    accuracy                         0.8026       618
   macro avg     0.7579    0.7115    0.7278       618
weighted avg     0.7923    0.8026    0.7929       618

-------- Testing finished --------
