Current configuration:
{
    "concurrency_flag": true,
    "data_distribution": "iid",
    "dataset": "twitter_dep",
    "device": "cuda",
    "dp_delta": 0.003,
    "dp_epsilon": 0.0,
    "eval_batch_size": 4,
    "eval_flag": true,
    "eval_size": 0.2,
    "fed_alg": "fedavg",
    "layers": 3,
    "learning_rate": 6e-05,
    "max_length": 512,
    "ml_mode": "ml",
    "model": "bert_tiny",
    "model_name": "ml_tiny_seed4_twitter_dep",
    "models_path": "/local/vpaloma/fabric-federated-learning/ablation_study/phase-4/final/accs-times/twitter_dep/",
    "mu": 0.5,
    "num_clients": 5,
    "num_epochs": 12,
    "num_rounds": 4,
    "optimizer": "AdamW",
    "progress_bar_flag": false,
    "save_model": true,
    "scheduler": "linear",
    "scheduler_warmup_steps": 0,
    "seed": "random",
    "test_flag": true,
    "train_batch_size": 4,
    "train_size": 0.8
}
-------- Configuration loaded --------

-------- Setting device --------
cuda device selected and available.
-------- Device set --------

-------- Setting seed --------
seed set:  880191
-------- Seed set --------

-------- Creating Model --------
-------- Model created --------

-------- Setting Trainable Layers --------
Training the last 3 layers.

Total parameters count: 4386178
Trainable parameters count: 215042
-------- Trainable Layers set --------

-------- Creating Tokenizer --------
-------- Tokenizer created --------

-------- Creating Train and Eval Dataloaders --------
Train Loader: 1982 total sentences. 496 batches of size 4.
Eval Loader: 496 total sentences. 124 batches of size 4.
-------- Train and Eval Dataloaders created --------

-------- Creating Optimizer --------
-------- Optimizer created --------

-------- Creating Scheduler --------
-------- Scheduler created --------

-------- Training --------
Training with Centralised Machine Learning technology.
Training without differential privacy.
Concurrency flag is set to True, but ml mode is selected. Concurrency flag will be ignored.
Epoch [1/12], Step [100/496], Loss: 0.6320, Accuracy: 67.25 %
Epoch [1/12], Step [200/496], Loss: 0.5891, Accuracy: 71.38 %
Epoch [1/12], Step [300/496], Loss: 0.5768, Accuracy: 72.00 %
Epoch [1/12], Step [400/496], Loss: 0.5752, Accuracy: 71.69 %
Predictions - 1s: 87, 0s: 1895
True Labels - 1s: 537, 0s: 1445
-------------------------------
Epoch [1/12] Loss: 0.5611, Accuracy: 72.55 %
-------------------------------
-------- Validation --------
Predictions - 1s: 24, 0s: 472
True Labels - 1s: 137, 0s: 359
Validation Loss: 0.4914, Validation Accuracy: 75.20 %
-------- Validation finished --------
Updated best model in epoch 1 saved with Validation Loss: 0.4914 and Validation Accuracy: 75.20 %
-------------------------------
Epoch [2/12], Step [100/496], Loss: 0.5021, Accuracy: 75.25 %
Epoch [2/12], Step [200/496], Loss: 0.4865, Accuracy: 76.88 %
Epoch [2/12], Step [300/496], Loss: 0.4941, Accuracy: 76.00 %
Epoch [2/12], Step [400/496], Loss: 0.4953, Accuracy: 75.88 %
Predictions - 1s: 255, 0s: 1727
True Labels - 1s: 537, 0s: 1445
-------------------------------
Epoch [2/12] Loss: 0.4917, Accuracy: 75.98 %
-------------------------------
-------- Validation --------
Predictions - 1s: 125, 0s: 371
True Labels - 1s: 137, 0s: 359
Validation Loss: 0.4590, Validation Accuracy: 78.23 %
-------- Validation finished --------
Updated best model in epoch 2 saved with Validation Loss: 0.4590 and Validation Accuracy: 78.23 %
-------------------------------
Epoch [3/12], Step [100/496], Loss: 0.4324, Accuracy: 80.75 %
Epoch [3/12], Step [200/496], Loss: 0.4424, Accuracy: 79.62 %
Epoch [3/12], Step [300/496], Loss: 0.4447, Accuracy: 80.50 %
Epoch [3/12], Step [400/496], Loss: 0.4587, Accuracy: 79.19 %
Predictions - 1s: 363, 0s: 1619
True Labels - 1s: 537, 0s: 1445
-------------------------------
Epoch [3/12] Loss: 0.4604, Accuracy: 79.01 %
-------------------------------
-------- Validation --------
Predictions - 1s: 88, 0s: 408
True Labels - 1s: 137, 0s: 359
Validation Loss: 0.4341, Validation Accuracy: 78.43 %
-------- Validation finished --------
Updated best model in epoch 3 saved with Validation Loss: 0.4341 and Validation Accuracy: 78.43 %
-------------------------------
Epoch [4/12], Step [100/496], Loss: 0.4647, Accuracy: 77.50 %
Epoch [4/12], Step [200/496], Loss: 0.4614, Accuracy: 77.62 %
Epoch [4/12], Step [300/496], Loss: 0.4557, Accuracy: 77.83 %
Epoch [4/12], Step [400/496], Loss: 0.4592, Accuracy: 77.81 %
Predictions - 1s: 381, 0s: 1601
True Labels - 1s: 537, 0s: 1445
-------------------------------
Epoch [4/12] Loss: 0.4562, Accuracy: 77.90 %
-------------------------------
-------- Validation --------
Predictions - 1s: 146, 0s: 350
True Labels - 1s: 137, 0s: 359
Validation Loss: 0.4376, Validation Accuracy: 79.23 %
-------- Validation finished --------
Epoch [5/12], Step [100/496], Loss: 0.4549, Accuracy: 78.25 %
Epoch [5/12], Step [200/496], Loss: 0.4548, Accuracy: 78.38 %
Epoch [5/12], Step [300/496], Loss: 0.4360, Accuracy: 80.25 %
Epoch [5/12], Step [400/496], Loss: 0.4341, Accuracy: 80.31 %
Predictions - 1s: 400, 0s: 1582
True Labels - 1s: 537, 0s: 1445
-------------------------------
Epoch [5/12] Loss: 0.4382, Accuracy: 79.47 %
-------------------------------
-------- Validation --------
Predictions - 1s: 117, 0s: 379
True Labels - 1s: 137, 0s: 359
Validation Loss: 0.4227, Validation Accuracy: 79.44 %
-------- Validation finished --------
Updated best model in epoch 5 saved with Validation Loss: 0.4227 and Validation Accuracy: 79.44 %
-------------------------------
Epoch [6/12], Step [100/496], Loss: 0.4212, Accuracy: 79.25 %
Epoch [6/12], Step [200/496], Loss: 0.4151, Accuracy: 80.75 %
Epoch [6/12], Step [300/496], Loss: 0.4235, Accuracy: 80.08 %
Epoch [6/12], Step [400/496], Loss: 0.4312, Accuracy: 79.75 %
Predictions - 1s: 385, 0s: 1597
True Labels - 1s: 537, 0s: 1445
-------------------------------
Epoch [6/12] Loss: 0.4306, Accuracy: 80.02 %
-------------------------------
-------- Validation --------
Predictions - 1s: 159, 0s: 337
True Labels - 1s: 137, 0s: 359
Validation Loss: 0.4408, Validation Accuracy: 78.63 %
-------- Validation finished --------
Epoch [7/12], Step [100/496], Loss: 0.4249, Accuracy: 80.00 %
Epoch [7/12], Step [200/496], Loss: 0.4009, Accuracy: 82.25 %
Epoch [7/12], Step [300/496], Loss: 0.4261, Accuracy: 80.42 %
Epoch [7/12], Step [400/496], Loss: 0.4289, Accuracy: 80.56 %
Predictions - 1s: 425, 0s: 1557
True Labels - 1s: 537, 0s: 1445
-------------------------------
Epoch [7/12] Loss: 0.4347, Accuracy: 80.02 %
-------------------------------
-------- Validation --------
Predictions - 1s: 110, 0s: 386
True Labels - 1s: 137, 0s: 359
Validation Loss: 0.4195, Validation Accuracy: 79.23 %
-------- Validation finished --------
Updated best model in epoch 7 saved with Validation Loss: 0.4195 and Validation Accuracy: 79.23 %
-------------------------------
Epoch [8/12], Step [100/496], Loss: 0.3689, Accuracy: 84.00 %
Epoch [8/12], Step [200/496], Loss: 0.4167, Accuracy: 80.62 %
Epoch [8/12], Step [300/496], Loss: 0.4090, Accuracy: 81.08 %
Epoch [8/12], Step [400/496], Loss: 0.4228, Accuracy: 80.12 %
Predictions - 1s: 401, 0s: 1581
True Labels - 1s: 537, 0s: 1445
-------------------------------
Epoch [8/12] Loss: 0.4234, Accuracy: 80.42 %
-------------------------------
-------- Validation --------
Predictions - 1s: 123, 0s: 373
True Labels - 1s: 137, 0s: 359
Validation Loss: 0.4205, Validation Accuracy: 80.24 %
-------- Validation finished --------
Epoch [9/12], Step [100/496], Loss: 0.4473, Accuracy: 77.00 %
Epoch [9/12], Step [200/496], Loss: 0.3986, Accuracy: 80.88 %
Epoch [9/12], Step [300/496], Loss: 0.4118, Accuracy: 80.58 %
Epoch [9/12], Step [400/496], Loss: 0.4206, Accuracy: 80.00 %
Predictions - 1s: 402, 0s: 1580
True Labels - 1s: 537, 0s: 1445
-------------------------------
Epoch [9/12] Loss: 0.4172, Accuracy: 80.58 %
-------------------------------
-------- Validation --------
Predictions - 1s: 127, 0s: 369
True Labels - 1s: 137, 0s: 359
Validation Loss: 0.4226, Validation Accuracy: 79.84 %
-------- Validation finished --------
Epoch [10/12], Step [100/496], Loss: 0.3612, Accuracy: 83.50 %
Epoch [10/12], Step [200/496], Loss: 0.3957, Accuracy: 81.12 %
Epoch [10/12], Step [300/496], Loss: 0.4093, Accuracy: 80.50 %
Epoch [10/12], Step [400/496], Loss: 0.4007, Accuracy: 80.94 %
Predictions - 1s: 418, 0s: 1564
True Labels - 1s: 537, 0s: 1445
-------------------------------
Epoch [10/12] Loss: 0.4106, Accuracy: 80.68 %
-------------------------------
-------- Validation --------
Predictions - 1s: 127, 0s: 369
True Labels - 1s: 137, 0s: 359
Validation Loss: 0.4225, Validation Accuracy: 79.84 %
-------- Validation finished --------
Epoch [11/12], Step [100/496], Loss: 0.4009, Accuracy: 81.50 %
Epoch [11/12], Step [200/496], Loss: 0.3959, Accuracy: 82.25 %
Epoch [11/12], Step [300/496], Loss: 0.4046, Accuracy: 80.58 %
Epoch [11/12], Step [400/496], Loss: 0.3956, Accuracy: 81.06 %
Predictions - 1s: 404, 0s: 1578
True Labels - 1s: 537, 0s: 1445
-------------------------------
Epoch [11/12] Loss: 0.4043, Accuracy: 80.58 %
-------------------------------
-------- Validation --------
Predictions - 1s: 128, 0s: 368
True Labels - 1s: 137, 0s: 359
Validation Loss: 0.4238, Validation Accuracy: 80.04 %
-------- Validation finished --------
Epoch [12/12], Step [100/496], Loss: 0.4251, Accuracy: 79.75 %
Epoch [12/12], Step [200/496], Loss: 0.4183, Accuracy: 80.88 %
Epoch [12/12], Step [300/496], Loss: 0.4165, Accuracy: 81.25 %
Epoch [12/12], Step [400/496], Loss: 0.4067, Accuracy: 81.69 %
Predictions - 1s: 419, 0s: 1563
True Labels - 1s: 537, 0s: 1445
-------------------------------
Epoch [12/12] Loss: 0.4075, Accuracy: 81.53 %
-------------------------------
-------- Validation --------
Predictions - 1s: 131, 0s: 365
True Labels - 1s: 137, 0s: 359
Validation Loss: 0.4249, Validation Accuracy: 80.24 %
-------- Validation finished --------
Best model in epoch 7 saved with with Validation Loss: 0.4195 and Validation Accuracy: 79.23 %

-------- Training finished in 1:25 --------

Test flag enabled. Testing the model

-------- Loading best model from model_path --------
Loaded model bert-tiny from date 20-04-2024 09:07. Trained with Centralised Machine Learning technology.
Epoch 7, lr: 6e-05, optimizer: AdamW
Train accuracy: 80.02 %, Validation accuracy: 79.23 %
-------- Best model loaded --------

-------- Creating Test Dataloader --------
Test Loader: 618 total sentences. 78 batches of size 8.
-------- Test Dataloader created --------

-------- Testing --------
Predictions - 1s: 116, 0s: 502
True Labels - 1s: 168, 0s: 450
Nº of test samples: 618
Accuracy: 79.29%
Accuracy 2 : 79.29%
Precision: 74.66%
Recall: 68.99%
F1 Score: 70.74%
Classification report:
              precision    recall  f1-score   support

           0     0.8207    0.9156    0.8655       450
           1     0.6724    0.4643    0.5493       168

    accuracy                         0.7929       618
   macro avg     0.7466    0.6899    0.7074       618
weighted avg     0.7804    0.7929    0.7796       618

-------- Testing finished --------
