Current configuration:
{
    "concurrency_flag": true,
    "data_distribution": "iid",
    "dataset": "twitter_dep",
    "device": "cuda",
    "dp_delta": 0.003,
    "dp_epsilon": 0.0,
    "eval_batch_size": 4,
    "eval_flag": true,
    "eval_size": 0.2,
    "fed_alg": "fedavg",
    "layers": 3,
    "learning_rate": 6e-05,
    "max_length": 512,
    "ml_mode": "ml",
    "model": "bert_tiny",
    "model_name": "ml_tiny_seed3_twitter_dep",
    "models_path": "/local/vpaloma/fabric-federated-learning/ablation_study/phase-4/final/accs-times/twitter_dep/",
    "mu": 0.5,
    "num_clients": 5,
    "num_epochs": 12,
    "num_rounds": 4,
    "optimizer": "AdamW",
    "progress_bar_flag": false,
    "save_model": true,
    "scheduler": "linear",
    "scheduler_warmup_steps": 0,
    "seed": "random",
    "test_flag": true,
    "train_batch_size": 4,
    "train_size": 0.8
}
-------- Configuration loaded --------

-------- Setting device --------
cuda device selected and available.
-------- Device set --------

-------- Setting seed --------
seed set:  440329
-------- Seed set --------

-------- Creating Model --------
-------- Model created --------

-------- Setting Trainable Layers --------
Training the last 3 layers.

Total parameters count: 4386178
Trainable parameters count: 215042
-------- Trainable Layers set --------

-------- Creating Tokenizer --------
-------- Tokenizer created --------

-------- Creating Train and Eval Dataloaders --------
Train Loader: 1982 total sentences. 496 batches of size 4.
Eval Loader: 496 total sentences. 124 batches of size 4.
-------- Train and Eval Dataloaders created --------

-------- Creating Optimizer --------
-------- Optimizer created --------

-------- Creating Scheduler --------
-------- Scheduler created --------

-------- Training --------
Training with Centralised Machine Learning technology.
Training without differential privacy.
Concurrency flag is set to True, but ml mode is selected. Concurrency flag will be ignored.
Epoch [1/12], Step [100/496], Loss: 0.6478, Accuracy: 62.25 %
Epoch [1/12], Step [200/496], Loss: 0.6182, Accuracy: 67.00 %
Epoch [1/12], Step [300/496], Loss: 0.5853, Accuracy: 70.42 %
Epoch [1/12], Step [400/496], Loss: 0.5734, Accuracy: 71.19 %
Predictions - 1s: 112, 0s: 1870
True Labels - 1s: 551, 0s: 1431
-------------------------------
Epoch [1/12] Loss: 0.5665, Accuracy: 71.49 %
-------------------------------
-------- Validation --------
Predictions - 1s: 78, 0s: 418
True Labels - 1s: 123, 0s: 373
Validation Loss: 0.4958, Validation Accuracy: 77.62 %
-------- Validation finished --------
Updated best model in epoch 1 saved with Validation Loss: 0.4958 and Validation Accuracy: 77.62 %
-------------------------------
Epoch [2/12], Step [100/496], Loss: 0.4836, Accuracy: 76.75 %
Epoch [2/12], Step [200/496], Loss: 0.4840, Accuracy: 77.50 %
Epoch [2/12], Step [300/496], Loss: 0.4876, Accuracy: 77.75 %
Epoch [2/12], Step [400/496], Loss: 0.4835, Accuracy: 77.94 %
Predictions - 1s: 307, 0s: 1675
True Labels - 1s: 551, 0s: 1431
-------------------------------
Epoch [2/12] Loss: 0.4922, Accuracy: 76.69 %
-------------------------------
-------- Validation --------
Predictions - 1s: 133, 0s: 363
True Labels - 1s: 123, 0s: 373
Validation Loss: 0.4692, Validation Accuracy: 77.42 %
-------- Validation finished --------
Updated best model in epoch 2 saved with Validation Loss: 0.4692 and Validation Accuracy: 77.42 %
-------------------------------
Epoch [3/12], Step [100/496], Loss: 0.4756, Accuracy: 78.00 %
Epoch [3/12], Step [200/496], Loss: 0.4903, Accuracy: 76.88 %
Epoch [3/12], Step [300/496], Loss: 0.4689, Accuracy: 78.67 %
Epoch [3/12], Step [400/496], Loss: 0.4684, Accuracy: 78.56 %
Predictions - 1s: 388, 0s: 1594
True Labels - 1s: 551, 0s: 1431
-------------------------------
Epoch [3/12] Loss: 0.4685, Accuracy: 78.05 %
-------------------------------
-------- Validation --------
Predictions - 1s: 104, 0s: 392
True Labels - 1s: 123, 0s: 373
Validation Loss: 0.4355, Validation Accuracy: 80.44 %
-------- Validation finished --------
Updated best model in epoch 3 saved with Validation Loss: 0.4355 and Validation Accuracy: 80.44 %
-------------------------------
Epoch [4/12], Step [100/496], Loss: 0.4664, Accuracy: 76.50 %
Epoch [4/12], Step [200/496], Loss: 0.4538, Accuracy: 78.00 %
Epoch [4/12], Step [300/496], Loss: 0.4509, Accuracy: 77.50 %
Epoch [4/12], Step [400/496], Loss: 0.4516, Accuracy: 77.69 %
Predictions - 1s: 404, 0s: 1578
True Labels - 1s: 551, 0s: 1431
-------------------------------
Epoch [4/12] Loss: 0.4556, Accuracy: 77.65 %
-------------------------------
-------- Validation --------
Predictions - 1s: 117, 0s: 379
True Labels - 1s: 123, 0s: 373
Validation Loss: 0.4295, Validation Accuracy: 80.65 %
-------- Validation finished --------
Updated best model in epoch 4 saved with Validation Loss: 0.4295 and Validation Accuracy: 80.65 %
-------------------------------
Epoch [5/12], Step [100/496], Loss: 0.4171, Accuracy: 79.25 %
Epoch [5/12], Step [200/496], Loss: 0.4214, Accuracy: 79.75 %
Epoch [5/12], Step [300/496], Loss: 0.4432, Accuracy: 78.75 %
Epoch [5/12], Step [400/496], Loss: 0.4417, Accuracy: 79.06 %
Predictions - 1s: 420, 0s: 1562
True Labels - 1s: 551, 0s: 1431
-------------------------------
Epoch [5/12] Loss: 0.4422, Accuracy: 78.96 %
-------------------------------
-------- Validation --------
Predictions - 1s: 152, 0s: 344
True Labels - 1s: 123, 0s: 373
Validation Loss: 0.4554, Validation Accuracy: 77.62 %
-------- Validation finished --------
Epoch [6/12], Step [100/496], Loss: 0.4390, Accuracy: 78.75 %
Epoch [6/12], Step [200/496], Loss: 0.4319, Accuracy: 79.50 %
Epoch [6/12], Step [300/496], Loss: 0.4328, Accuracy: 79.42 %
Epoch [6/12], Step [400/496], Loss: 0.4347, Accuracy: 79.31 %
Predictions - 1s: 459, 0s: 1523
True Labels - 1s: 551, 0s: 1431
-------------------------------
Epoch [6/12] Loss: 0.4349, Accuracy: 79.41 %
-------------------------------
-------- Validation --------
Predictions - 1s: 99, 0s: 397
True Labels - 1s: 123, 0s: 373
Validation Loss: 0.4206, Validation Accuracy: 81.45 %
-------- Validation finished --------
Updated best model in epoch 6 saved with Validation Loss: 0.4206 and Validation Accuracy: 81.45 %
-------------------------------
Epoch [7/12], Step [100/496], Loss: 0.4419, Accuracy: 79.75 %
Epoch [7/12], Step [200/496], Loss: 0.4279, Accuracy: 79.50 %
Epoch [7/12], Step [300/496], Loss: 0.4214, Accuracy: 79.33 %
Epoch [7/12], Step [400/496], Loss: 0.4203, Accuracy: 79.44 %
Predictions - 1s: 445, 0s: 1537
True Labels - 1s: 551, 0s: 1431
-------------------------------
Epoch [7/12] Loss: 0.4323, Accuracy: 78.71 %
-------------------------------
-------- Validation --------
Predictions - 1s: 92, 0s: 404
True Labels - 1s: 123, 0s: 373
Validation Loss: 0.4180, Validation Accuracy: 82.06 %
-------- Validation finished --------
Updated best model in epoch 7 saved with Validation Loss: 0.4180 and Validation Accuracy: 82.06 %
-------------------------------
Epoch [8/12], Step [100/496], Loss: 0.3673, Accuracy: 83.75 %
Epoch [8/12], Step [200/496], Loss: 0.3894, Accuracy: 81.50 %
Epoch [8/12], Step [300/496], Loss: 0.4087, Accuracy: 80.58 %
Epoch [8/12], Step [400/496], Loss: 0.4182, Accuracy: 79.88 %
Predictions - 1s: 438, 0s: 1544
True Labels - 1s: 551, 0s: 1431
-------------------------------
Epoch [8/12] Loss: 0.4201, Accuracy: 80.27 %
-------------------------------
-------- Validation --------
Predictions - 1s: 120, 0s: 376
True Labels - 1s: 123, 0s: 373
Validation Loss: 0.4262, Validation Accuracy: 80.04 %
-------- Validation finished --------
Epoch [9/12], Step [100/496], Loss: 0.4246, Accuracy: 78.00 %
Epoch [9/12], Step [200/496], Loss: 0.4260, Accuracy: 79.50 %
Epoch [9/12], Step [300/496], Loss: 0.4312, Accuracy: 79.50 %
Epoch [9/12], Step [400/496], Loss: 0.4250, Accuracy: 79.88 %
Predictions - 1s: 437, 0s: 1545
True Labels - 1s: 551, 0s: 1431
-------------------------------
Epoch [9/12] Loss: 0.4140, Accuracy: 80.73 %
-------------------------------
-------- Validation --------
Predictions - 1s: 117, 0s: 379
True Labels - 1s: 123, 0s: 373
Validation Loss: 0.4232, Validation Accuracy: 80.65 %
-------- Validation finished --------
Epoch [10/12], Step [100/496], Loss: 0.4213, Accuracy: 78.00 %
Epoch [10/12], Step [200/496], Loss: 0.4169, Accuracy: 79.12 %
Epoch [10/12], Step [300/496], Loss: 0.4187, Accuracy: 79.33 %
Epoch [10/12], Step [400/496], Loss: 0.4215, Accuracy: 79.19 %
Predictions - 1s: 446, 0s: 1536
True Labels - 1s: 551, 0s: 1431
-------------------------------
Epoch [10/12] Loss: 0.4186, Accuracy: 79.26 %
-------------------------------
-------- Validation --------
Predictions - 1s: 115, 0s: 381
True Labels - 1s: 123, 0s: 373
Validation Loss: 0.4193, Validation Accuracy: 81.05 %
-------- Validation finished --------
Epoch [11/12], Step [100/496], Loss: 0.4353, Accuracy: 77.25 %
Epoch [11/12], Step [200/496], Loss: 0.4220, Accuracy: 78.50 %
Epoch [11/12], Step [300/496], Loss: 0.4271, Accuracy: 78.25 %
Epoch [11/12], Step [400/496], Loss: 0.4223, Accuracy: 79.12 %
Predictions - 1s: 447, 0s: 1535
True Labels - 1s: 551, 0s: 1431
-------------------------------
Epoch [11/12] Loss: 0.4175, Accuracy: 79.82 %
-------------------------------
-------- Validation --------
Predictions - 1s: 118, 0s: 378
True Labels - 1s: 123, 0s: 373
Validation Loss: 0.4229, Validation Accuracy: 80.44 %
-------- Validation finished --------
Epoch [12/12], Step [100/496], Loss: 0.3750, Accuracy: 82.25 %
Epoch [12/12], Step [200/496], Loss: 0.3971, Accuracy: 81.00 %
Epoch [12/12], Step [300/496], Loss: 0.3931, Accuracy: 81.25 %
Epoch [12/12], Step [400/496], Loss: 0.4004, Accuracy: 80.69 %
Predictions - 1s: 441, 0s: 1541
True Labels - 1s: 551, 0s: 1431
-------------------------------
Epoch [12/12] Loss: 0.4058, Accuracy: 80.22 %
-------------------------------
-------- Validation --------
Predictions - 1s: 116, 0s: 380
True Labels - 1s: 123, 0s: 373
Validation Loss: 0.4200, Validation Accuracy: 80.85 %
-------- Validation finished --------
Best model in epoch 7 saved with with Validation Loss: 0.4180 and Validation Accuracy: 82.06 %

-------- Training finished in 1:24 --------

Test flag enabled. Testing the model

-------- Loading best model from model_path --------
Loaded model bert-tiny from date 20-04-2024 10:57. Trained with Centralised Machine Learning technology.
Epoch 7, lr: 6e-05, optimizer: AdamW
Train accuracy: 78.71 %, Validation accuracy: 82.06 %
-------- Best model loaded --------

-------- Creating Test Dataloader --------
Test Loader: 618 total sentences. 78 batches of size 8.
-------- Test Dataloader created --------

-------- Testing --------
Predictions - 1s: 111, 0s: 507
True Labels - 1s: 168, 0s: 450
Nº of test samples: 618
Accuracy: 79.77%
Accuracy 2 : 79.77%
Precision: 75.71%
Recall: 69.14%
F1 Score: 71.07%
Classification report:
              precision    recall  f1-score   support

           0     0.8205    0.9244    0.8694       450
           1     0.6937    0.4583    0.5520       168

    accuracy                         0.7977       618
   macro avg     0.7571    0.6914    0.7107       618
weighted avg     0.7860    0.7977    0.7831       618

-------- Testing finished --------
