Current configuration:
{
    "concurrency_flag": true,
    "data_distribution": "iid",
    "dataset": "dreaddit",
    "device": "cuda",
    "dp_delta": 0.003,
    "dp_epsilon": 0.0,
    "eval_batch_size": 4,
    "eval_flag": true,
    "eval_size": 0.2,
    "fed_alg": "fedavg",
    "layers": 3,
    "learning_rate": 6e-05,
    "max_length": 512,
    "ml_mode": "bcfl",
    "model": "bert_small",
    "model_name": "bcfl_small_dreaddit",
    "models_path": "/local/vpaloma/fabric-federated-learning/ablation_study/phase-2/4-execution_time/dreaddit/",
    "mu": 0.5,
    "num_clients": 5,
    "num_epochs": 3,
    "num_rounds": 4,
    "optimizer": "AdamW",
    "progress_bar_flag": false,
    "save_model": true,
    "scheduler": "linear",
    "scheduler_warmup_steps": 0,
    "seed": 0,
    "test_flag": true,
    "train_batch_size": 4,
    "train_size": 0.8
}
-------- Configuration loaded --------

-------- Setting device --------
cuda device selected and available.
-------- Device set --------

-------- Setting seed --------
-------- Seed set --------

-------- Creating Model --------
-------- Model created --------

-------- Setting Trainable Layers --------
Training the last 3 layers.

Total parameters count: 28764674
Trainable parameters count: 3416066
-------- Trainable Layers set --------

-------- Creating Tokenizer --------
-------- Tokenizer created --------

-------- Creating Train and Eval Dataloaders --------
Train Loader: 2270 total sentences. 568 batches of size 4.
Eval Loader: 568 total sentences. 142 batches of size 4.
-------- Train and Eval Dataloaders created --------

-------- Training --------
Training with Blockchain-Based Federated Learning technology.
Training without differential privacy.
Federated averaging algorithm selected.
Client 0: Label 0: 213, Label 1: 241
Client 1: Label 0: 236, Label 1: 218
Client 2: Label 0: 231, Label 1: 223
Client 3: Label 0: 210, Label 1: 244
Client 4: Label 0: 220, Label 1: 234

Round 1 of 4
-------------------------------
Predictions - 1s: 212, 0s: 242
True Labels - 1s: 218, 0s: 236
Client 2 of 5: Local Epoch [1/3] Loss: 0.6055, Accuracy: 66.08 %
Predictions - 1s: 275, 0s: 179
Predictions - 1s: 290, 0s: 164
True Labels - 1s: 244, 0s: 210
True Labels - 1s: 241, 0s: 213
Client 4 of 5: Local Epoch [1/3] Loss: 0.6210, Accuracy: 64.54 %
Client 1 of 5: Local Epoch [1/3] Loss: 0.6209, Accuracy: 63.66 %
Predictions - 1s: 217, 0s: 237
True Labels - 1s: 223, 0s: 231
Client 3 of 5: Local Epoch [1/3] Loss: 0.6276, Accuracy: 65.64 %
Predictions - 1s: 243, 0s: 211
True Labels - 1s: 234, 0s: 220
Client 5 of 5: Local Epoch [1/3] Loss: 0.6031, Accuracy: 66.30 %
Predictions - 1s: 215, 0s: 239
True Labels - 1s: 218, 0s: 236
Client 2 of 5: Local Epoch [2/3] Loss: 0.4741, Accuracy: 78.19 %
Predictions - 1s: 217, 0s: 237
True Labels - 1s: 218, 0s: 236
Client 2 of 5: Local Epoch [3/3] Loss: 0.4375, Accuracy: 79.52 %
Predictions - 1s: 244, 0s: 210
True Labels - 1s: 241, 0s: 213
Client 1 of 5: Local Epoch [2/3] Loss: 0.4799, Accuracy: 78.19 %
Predictions - 1s: 247, 0s: 207
True Labels - 1s: 234, 0s: 220
Predictions - 1s: 241, 0s: 213
Client 5 of 5: Local Epoch [2/3] Loss: 0.4684, Accuracy: 78.19 %
True Labels - 1s: 223, 0s: 231
Client 3 of 5: Local Epoch [2/3] Loss: 0.5168, Accuracy: 74.45 %
Predictions - 1s: 266, 0s: 188
True Labels - 1s: 244, 0s: 210
Client 4 of 5: Local Epoch [2/3] Loss: 0.4798, Accuracy: 78.41 %
Predictions - 1s: 247, 0s: 207
True Labels - 1s: 241, 0s: 213
Client 1 of 5: Local Epoch [3/3] Loss: 0.4272, Accuracy: 80.62 %
Predictions - 1s: 236, 0s: 218
True Labels - 1s: 234, 0s: 220
Client 5 of 5: Local Epoch [3/3] Loss: 0.3940, Accuracy: 83.26 %
Predictions - 1s: 245, 0s: 209
True Labels - 1s: 244, 0s: 210
Client 4 of 5: Local Epoch [3/3] Loss: 0.4139, Accuracy: 80.40 %
Predictions - 1s: 228, 0s: 226
True Labels - 1s: 223, 0s: 231
Client 3 of 5: Local Epoch [3/3] Loss: 0.4552, Accuracy: 78.63 %
-------------------------------
Round [1/4] Average Local Loss: 0.4256, Average Local Accuracy: 80.48 %
-------------------------------
-------- Validation --------
Predictions - 1s: 384, 0s: 184
True Labels - 1s: 328, 0s: 240
Round [1/4] Global Model Validation Loss: 0.4928, Validation Accuracy: 75.70 %
-------- Validation finished --------
Updated best model in round 1 saved with Validation Loss: 0.4928 and Validation Accuracy: 75.70 %
-------------------------------

Round 2 of 4
-------------------------------
Predictions - 1s: 237, 0s: 217
True Labels - 1s: 234, 0s: 220
Client 5 of 5: Local Epoch [1/3] Loss: 0.4624, Accuracy: 76.43 %
Predictions - 1s: 267, 0s: 187
True Labels - 1s: 241, 0s: 213
Client 1 of 5: Local Epoch [1/3] Loss: 0.4806, Accuracy: 75.33 %
Predictions - 1s: 253, 0s: 201
Predictions - 1s: 221, 0s: 233
True Labels - 1s: 244, 0s: 210
Client 4 of 5: Local Epoch [1/3] Loss: 0.4886, Accuracy: 76.43 %
Predictions - 1s: 234, 0s: 220
True Labels - 1s: 218, 0s: 236
True Labels - 1s: 223, 0s: 231
Client 3 of 5: Local Epoch [1/3] Loss: 0.5230, Accuracy: 73.35 %
Client 2 of 5: Local Epoch [1/3] Loss: 0.4843, Accuracy: 77.31 %
Predictions - 1s: 244, 0s: 210
True Labels - 1s: 241, 0s: 213
Client 1 of 5: Local Epoch [2/3] Loss: 0.3963, Accuracy: 82.16 %
Predictions - 1s: 237, 0s: 217
Predictions - 1s: 215, 0s: 239
True Labels - 1s: 244, 0s: 210
True Labels - 1s: 218, 0s: 236
Client 4 of 5: Local Epoch [2/3] Loss: 0.3885, Accuracy: 82.60 %
Client 2 of 5: Local Epoch [2/3] Loss: 0.4058, Accuracy: 80.84 %
Predictions - 1s: 237, 0s: 217
True Labels - 1s: 223, 0s: 231
Client 3 of 5: Local Epoch [2/3] Loss: 0.4451, Accuracy: 79.74 %
Predictions - 1s: 243, 0s: 211
True Labels - 1s: 234, 0s: 220
Client 5 of 5: Local Epoch [2/3] Loss: 0.3719, Accuracy: 83.92 %
Predictions - 1s: 240, 0s: 214
True Labels - 1s: 223, 0s: 231
Client 3 of 5: Local Epoch [3/3] Loss: 0.4052, Accuracy: 81.72 %
Predictions - 1s: 250, 0s: 204
True Labels - 1s: 234, 0s: 220
Client 5 of 5: Local Epoch [3/3] Loss: 0.3155, Accuracy: 89.43 %
Predictions - 1s: 231, 0s: 223
True Labels - 1s: 218, 0s: 236
Client 2 of 5: Local Epoch [3/3] Loss: 0.3507, Accuracy: 85.68 %
Predictions - 1s: 250, 0s: 204
True Labels - 1s: 241, 0s: 213
Client 1 of 5: Local Epoch [3/3] Loss: 0.3439, Accuracy: 84.80 %
Predictions - 1s: 261, 0s: 193
True Labels - 1s: 244, 0s: 210
Client 4 of 5: Local Epoch [3/3] Loss: 0.3540, Accuracy: 84.80 %
-------------------------------
Round [2/4] Average Local Loss: 0.3539, Average Local Accuracy: 85.29 %
-------------------------------
-------- Validation --------
Predictions - 1s: 368, 0s: 200
True Labels - 1s: 328, 0s: 240
Round [2/4] Global Model Validation Loss: 0.4778, Validation Accuracy: 77.46 %
-------- Validation finished --------
Updated best model in round 2 saved with Validation Loss: 0.4778 and Validation Accuracy: 77.46 %
-------------------------------

Round 3 of 4
-------------------------------
Predictions - 1s: 229, 0s: 225
True Labels - 1s: 223, 0s: 231
Client 3 of 5: Local Epoch [1/3] Loss: 0.4928, Accuracy: 77.09 %
Predictions - 1s: 255, 0s: 199
True Labels - 1s: 241, 0s: 213
Client 1 of 5: Local Epoch [1/3] Loss: 0.4303, Accuracy: 80.18 %
Predictions - 1s: 246, 0s: 208
True Labels - 1s: 244, 0s: 210
Client 4 of 5: Local Epoch [1/3] Loss: 0.4586, Accuracy: 78.41 %
Predictions - 1s: 219, 0s: 235
True Labels - 1s: 218, 0s: 236
Client 2 of 5: Local Epoch [1/3] Loss: 0.4550, Accuracy: 76.87 %
Predictions - 1s: 248, 0s: 206
True Labels - 1s: 234, 0s: 220
Client 5 of 5: Local Epoch [1/3] Loss: 0.4172, Accuracy: 80.62 %
Predictions - 1s: 225, 0s: 229
True Labels - 1s: 218, 0s: 236
Client 2 of 5: Local Epoch [2/3] Loss: 0.3864, Accuracy: 82.60 %
Predictions - 1s: 252, 0s: 202
True Labels - 1s: 244, 0s: 210
Client 4 of 5: Local Epoch [2/3] Loss: 0.3641, Accuracy: 83.26 %
Predictions - 1s: 240, 0s: 214
True Labels - 1s: 223, 0s: 231
Predictions - 1s: 239, 0s: 215
Client 3 of 5: Local Epoch [2/3] Loss: 0.4224, Accuracy: 79.96 %
True Labels - 1s: 234, 0s: 220
Predictions - 1s: 251, 0s: 203
Client 5 of 5: Local Epoch [2/3] Loss: 0.3372, Accuracy: 86.12 %
True Labels - 1s: 241, 0s: 213
Client 1 of 5: Local Epoch [2/3] Loss: 0.3496, Accuracy: 85.02 %
Predictions - 1s: 258, 0s: 196
True Labels - 1s: 241, 0s: 213
Client 1 of 5: Local Epoch [3/3] Loss: 0.2983, Accuracy: 88.33 %
Predictions - 1s: 215, 0s: 239
True Labels - 1s: 223, 0s: 231
Client 3 of 5: Local Epoch [3/3] Loss: 0.3742, Accuracy: 84.14 %
Predictions - 1s: 215, 0s: 239
True Labels - 1s: 218, 0s: 236
Client 2 of 5: Local Epoch [3/3] Loss: 0.3443, Accuracy: 86.12 %
Predictions - 1s: 234, 0s: 220
True Labels - 1s: 234, 0s: 220
Client 5 of 5: Local Epoch [3/3] Loss: 0.2739, Accuracy: 88.99 %
Predictions - 1s: 247, 0s: 207
True Labels - 1s: 244, 0s: 210
Client 4 of 5: Local Epoch [3/3] Loss: 0.3124, Accuracy: 88.33 %
-------------------------------
Round [3/4] Average Local Loss: 0.3206, Average Local Accuracy: 87.18 %
-------------------------------
-------- Validation --------
Predictions - 1s: 372, 0s: 196
True Labels - 1s: 328, 0s: 240
Round [3/4] Global Model Validation Loss: 0.4873, Validation Accuracy: 77.82 %
-------- Validation finished --------

Round 4 of 4
-------------------------------
Predictions - 1s: 259, 0s: 195
True Labels - 1s: 241, 0s: 213
Client 1 of 5: Local Epoch [1/3] Loss: 0.4313, Accuracy: 80.62 %
Predictions - 1s: 232, 0s: 222
True Labels - 1s: 223, 0s: 231
Client 3 of 5: Local Epoch [1/3] Loss: 0.4821, Accuracy: 77.75 %
Predictions - 1s: 225, 0s: 229
True Labels - 1s: 218, 0s: 236
Client 2 of 5: Local Epoch [1/3] Loss: 0.4201, Accuracy: 79.96 %
Predictions - 1s: 241, 0s: 213
True Labels - 1s: 234, 0s: 220
Client 5 of 5: Local Epoch [1/3] Loss: 0.3898, Accuracy: 81.28 %
Predictions - 1s: 244, 0s: 210
True Labels - 1s: 244, 0s: 210
Client 4 of 5: Local Epoch [1/3] Loss: 0.4071, Accuracy: 81.06 %
Predictions - 1s: 246, 0s: 208
True Labels - 1s: 241, 0s: 213
Client 1 of 5: Local Epoch [2/3] Loss: 0.3390, Accuracy: 84.36 %
Predictions - 1s: 244, 0s: 210
True Labels - 1s: 241, 0s: 213
Client 1 of 5: Local Epoch [3/3] Loss: 0.2813, Accuracy: 88.77 %
Predictions - 1s: 223, 0s: 231
True Labels - 1s: 218, 0s: 236
Client 2 of 5: Local Epoch [2/3] Loss: 0.3508, Accuracy: 83.48 %
Predictions - 1s: 227, 0s: 227
True Labels - 1s: 223, 0s: 231
Client 3 of 5: Local Epoch [2/3] Loss: 0.3977, Accuracy: 81.06 %
Predictions - 1s: 254, 0s: 200
True Labels - 1s: 244, 0s: 210
Client 4 of 5: Local Epoch [2/3] Loss: 0.3236, Accuracy: 86.78 %
Predictions - 1s: 243, 0s: 211
True Labels - 1s: 234, 0s: 220
Client 5 of 5: Local Epoch [2/3] Loss: 0.3088, Accuracy: 87.89 %
Predictions - 1s: 226, 0s: 228
True Labels - 1s: 223, 0s: 231
Client 3 of 5: Local Epoch [3/3] Loss: 0.3444, Accuracy: 85.24 %
Predictions - 1s: 223, 0s: 231
True Labels - 1s: 218, 0s: 236
Client 2 of 5: Local Epoch [3/3] Loss: 0.2909, Accuracy: 89.21 %
Predictions - 1s: 232, 0s: 222
True Labels - 1s: 234, 0s: 220
Client 5 of 5: Local Epoch [3/3] Loss: 0.2656, Accuracy: 91.19 %
Predictions - 1s: 255, 0s: 199
True Labels - 1s: 244, 0s: 210
Client 4 of 5: Local Epoch [3/3] Loss: 0.2610, Accuracy: 90.09 %
-------------------------------
Round [4/4] Average Local Loss: 0.2886, Average Local Accuracy: 88.90 %
-------------------------------
-------- Validation --------
Predictions - 1s: 368, 0s: 200
True Labels - 1s: 328, 0s: 240
Round [4/4] Global Model Validation Loss: 0.4931, Validation Accuracy: 77.82 %
-------- Validation finished --------
Best model in round 2 saved with Validation Loss: 0.4778 and Validation Accuracy: 77.46 %

-------- Training finished in 5:34 --------

Test flag enabled. Testing the model

-------- Loading best model from model_path --------
Loaded model bert-small from date 20-03-2024 09:35. Trained with Federated Learning technology.
Round 2, lr: 6e-05, optimizer: AdamW
Average train accuracy: 85.29 %, Validation accuracy: 77.46 %
-------- Best model loaded --------

-------- Creating Test Dataloader --------
Test Loader: 715 total sentences. 90 batches of size 8.
-------- Test Dataloader created --------

-------- Testing --------
Predictions - 1s: 449, 0s: 266
True Labels - 1s: 369, 0s: 346
Nº of test samples: 715
Accuracy: 75.10%
Accuracy 2 : 75.10%
Precision: 76.42%
Recall: 74.72%
F1 Score: 74.58%
Classification report:
              precision    recall  f1-score   support

           0     0.8158    0.6272    0.7092       346
           1     0.7127    0.8672    0.7824       369

    accuracy                         0.7510       715
   macro avg     0.7642    0.7472    0.7458       715
weighted avg     0.7626    0.7510    0.7470       715

-------- Testing finished --------
