Current configuration:
{
    "concurrency_flag": true,
    "data_distribution": "iid",
    "dataset": "dreaddit",
    "device": "cuda",
    "dp_delta": 0.003,
    "dp_epsilon": 0.0,
    "eval_batch_size": 4,
    "eval_flag": true,
    "eval_size": 0.2,
    "fed_alg": "fedavg",
    "layers": 3,
    "learning_rate": 6e-05,
    "max_length": 512,
    "ml_mode": "fl",
    "model": "bert_medium",
    "model_name": "fl_medium_dreaddit",
    "models_path": "/local/vpaloma/fabric-federated-learning/ablation_study/phase-2/4-execution_time/dreaddit/",
    "mu": 0.5,
    "num_clients": 5,
    "num_epochs": 3,
    "num_rounds": 4,
    "optimizer": "AdamW",
    "progress_bar_flag": false,
    "save_model": true,
    "scheduler": "linear",
    "scheduler_warmup_steps": 0,
    "seed": 0,
    "test_flag": true,
    "train_batch_size": 4,
    "train_size": 0.8
}
-------- Configuration loaded --------

-------- Setting device --------
cuda device selected and available.
-------- Device set --------

-------- Setting seed --------
-------- Seed set --------

-------- Creating Model --------
-------- Model created --------

-------- Setting Trainable Layers --------
Training the last 3 layers.

Total parameters count: 41374210
Trainable parameters count: 3416066
-------- Trainable Layers set --------

-------- Creating Tokenizer --------
-------- Tokenizer created --------

-------- Creating Train and Eval Dataloaders --------
Train Loader: 2270 total sentences. 568 batches of size 4.
Eval Loader: 568 total sentences. 142 batches of size 4.
-------- Train and Eval Dataloaders created --------

-------- Training --------
Training with Federated Learning technology.
Training without differential privacy.
Federated averaging algorithm selected.
Client 0: Label 0: 213, Label 1: 241
Client 1: Label 0: 236, Label 1: 218
Client 2: Label 0: 231, Label 1: 223
Client 3: Label 0: 210, Label 1: 244
Client 4: Label 0: 220, Label 1: 234

Round 1 of 4
-------------------------------
-------------------------------
Round [1/4] Average Local Loss: 0.3988, Average Local Accuracy: 82.78 %
-------------------------------
-------- Validation --------
Predictions - 1s: 364, 0s: 204
True Labels - 1s: 328, 0s: 240
Round [1/4] Global Model Validation Loss: 0.4826, Validation Accuracy: 77.82 %
-------- Validation finished --------
Updated best model in round 1 saved with Validation Loss: 0.4826 and Validation Accuracy: 77.82 %
-------------------------------

Round 2 of 4
-------------------------------
-------------------------------
Round [2/4] Average Local Loss: 0.3521, Average Local Accuracy: 84.71 %
-------------------------------
-------- Validation --------
Predictions - 1s: 358, 0s: 210
True Labels - 1s: 328, 0s: 240
Round [2/4] Global Model Validation Loss: 0.4841, Validation Accuracy: 77.46 %
-------- Validation finished --------

Round 3 of 4
-------------------------------
-------------------------------
Round [3/4] Average Local Loss: 0.3145, Average Local Accuracy: 87.14 %
-------------------------------
-------- Validation --------
Predictions - 1s: 364, 0s: 204
True Labels - 1s: 328, 0s: 240
Round [3/4] Global Model Validation Loss: 0.4826, Validation Accuracy: 78.52 %
-------- Validation finished --------

Round 4 of 4
-------------------------------
-------------------------------
Round [4/4] Average Local Loss: 0.2782, Average Local Accuracy: 88.28 %
-------------------------------
-------- Validation --------
Predictions - 1s: 358, 0s: 210
True Labels - 1s: 328, 0s: 240
Round [4/4] Global Model Validation Loss: 0.4920, Validation Accuracy: 78.52 %
-------- Validation finished --------
Best model in round 1 saved with Validation Loss: 0.4826 and Validation Accuracy: 77.82 %

-------- Training finished in 3:27 --------

Test flag enabled. Testing the model

-------- Loading best model from model_path --------
Loaded model bert-medium from date 20-03-2024 18:36. Trained with Federated Learning technology.
Round 1, lr: 6e-05, optimizer: AdamW
Average train accuracy: 82.78 %, Validation accuracy: 77.82 %
-------- Best model loaded --------

-------- Creating Test Dataloader --------
Test Loader: 715 total sentences. 90 batches of size 8.
-------- Test Dataloader created --------

-------- Testing --------
Predictions - 1s: 439, 0s: 276
True Labels - 1s: 369, 0s: 346
Nº of test samples: 715
Accuracy: 73.99%
Accuracy 2 : 73.99%
Precision: 74.91%
Recall: 73.64%
F1 Score: 73.54%
Classification report:
              precision    recall  f1-score   support

           0     0.7899    0.6301    0.7010       346
           1     0.7084    0.8428    0.7698       369

    accuracy                         0.7399       715
   macro avg     0.7491    0.7364    0.7354       715
weighted avg     0.7478    0.7399    0.7365       715

-------- Testing finished --------
