Current configuration:
{
    "concurrency_flag": true,
    "data_distribution": "iid",
    "dataset": "dreaddit",
    "device": "cuda",
    "dp_delta": 0.003,
    "dp_epsilon": 0.0,
    "eval_batch_size": 4,
    "eval_flag": true,
    "eval_size": 0.2,
    "fed_alg": "fedavg",
    "layers": 3,
    "learning_rate": 6e-05,
    "max_length": 512,
    "ml_mode": "fl",
    "model": "bert_tiny",
    "model_name": "fl_tiny_seed2_dreaddit",
    "models_path": "/local/vpaloma/fabric-federated-learning/ablation_study/phase-2/4-execution_time/dreaddit/",
    "mu": 0.5,
    "num_clients": 5,
    "num_epochs": 3,
    "num_rounds": 4,
    "optimizer": "AdamW",
    "progress_bar_flag": false,
    "save_model": true,
    "scheduler": "linear",
    "scheduler_warmup_steps": 0,
    "seed": 221,
    "test_flag": true,
    "train_batch_size": 4,
    "train_size": 0.8
}
-------- Configuration loaded --------

-------- Setting device --------
cuda device selected and available.
-------- Device set --------

-------- Setting seed --------
-------- Seed set --------

-------- Creating Model --------
-------- Model created --------

-------- Setting Trainable Layers --------
Training the last 3 layers.

Total parameters count: 4386178
Trainable parameters count: 215042
-------- Trainable Layers set --------

-------- Creating Tokenizer --------
-------- Tokenizer created --------

-------- Creating Train and Eval Dataloaders --------
Train Loader: 2270 total sentences. 568 batches of size 4.
Eval Loader: 568 total sentences. 142 batches of size 4.
-------- Train and Eval Dataloaders created --------

-------- Training --------
Training with Federated Learning technology.
Training without differential privacy.
Federated averaging algorithm selected.
Client 0: Label 0: 220, Label 1: 234
Client 1: Label 0: 211, Label 1: 243
Client 2: Label 0: 193, Label 1: 261
Client 3: Label 0: 218, Label 1: 236
Client 4: Label 0: 222, Label 1: 232

Round 1 of 4
-------------------------------
Predictions - 1s: 247, 0s: 207
True Labels - 1s: 234, 0s: 220
Client 1 of 5: Local Epoch [1/3] Loss: 0.6905, Accuracy: 52.64 %
Predictions - 1s: 208, 0s: 246
True Labels - 1s: 232, 0s: 222
Client 5 of 5: Local Epoch [1/3] Loss: 0.6875, Accuracy: 55.07 %
Predictions - 1s: 171, 0s: 283
True Labels - 1s: 236, 0s: 218
Client 4 of 5: Local Epoch [1/3] Loss: 0.6968, Accuracy: 51.32 %
Predictions - 1s: 167, 0s: 287
True Labels - 1s: 243, 0s: 211
Client 2 of 5: Local Epoch [1/3] Loss: 0.6906, Accuracy: 56.83 %
Predictions - 1s: 339, 0s: 115
True Labels - 1s: 261, 0s: 193
Client 3 of 5: Local Epoch [1/3] Loss: 0.6920, Accuracy: 54.19 %
Predictions - 1s: 240, 0s: 214
True Labels - 1s: 234, 0s: 220
Client 1 of 5: Local Epoch [2/3] Loss: 0.6649, Accuracy: 64.32 %
Predictions - 1s: 439, 0s: 15
True Labels - 1s: 261, 0s: 193
Client 3 of 5: Local Epoch [2/3] Loss: 0.6664, Accuracy: 59.03 %
Predictions - 1s: 332, 0s: 122
Predictions - 1s: 366, 0s: 88
Predictions - 1s: 295, 0s: 159
True Labels - 1s: 236, 0s: 218
Client 4 of 5: Local Epoch [2/3] Loss: 0.6812, Accuracy: 56.83 %
True Labels - 1s: 232, 0s: 222
Client 5 of 5: Local Epoch [2/3] Loss: 0.6700, Accuracy: 60.57 %
True Labels - 1s: 243, 0s: 211
Client 2 of 5: Local Epoch [2/3] Loss: 0.6632, Accuracy: 62.33 %
Predictions - 1s: 305, 0s: 149
True Labels - 1s: 234, 0s: 220
Client 1 of 5: Local Epoch [3/3] Loss: 0.6486, Accuracy: 67.62 %
Predictions - 1s: 432, 0s: 22
True Labels - 1s: 261, 0s: 193
Client 3 of 5: Local Epoch [3/3] Loss: 0.6579, Accuracy: 60.57 %
Predictions - 1s: 331, 0s: 123
Predictions - 1s: 280, 0s: 174
True Labels - 1s: 243, 0s: 211
True Labels - 1s: 232, 0s: 222
Predictions - 1s: 287, 0s: 167
Client 2 of 5: Local Epoch [3/3] Loss: 0.6460, Accuracy: 67.40 %
Client 5 of 5: Local Epoch [3/3] Loss: 0.6543, Accuracy: 65.20 %
True Labels - 1s: 236, 0s: 218
Client 4 of 5: Local Epoch [3/3] Loss: 0.6633, Accuracy: 64.10 %
-------------------------------
Round [1/4] Average Local Loss: 0.6540, Average Local Accuracy: 64.98 %
-------------------------------
-------- Validation --------
Predictions - 1s: 426, 0s: 142
True Labels - 1s: 282, 0s: 286
Round [1/4] Global Model Validation Loss: 0.6485, Validation Accuracy: 63.73 %
-------- Validation finished --------
Updated best model in round 1 saved with Validation Loss: 0.6485 and Validation Accuracy: 63.73 %
-------------------------------

Round 2 of 4
-------------------------------
Predictions - 1s: 299, 0s: 155
True Labels - 1s: 234, 0s: 220
Client 1 of 5: Local Epoch [1/3] Loss: 0.6348, Accuracy: 67.62 %
Predictions - 1s: 363, 0s: 91
True Labels - 1s: 261, 0s: 193
Client 3 of 5: Local Epoch [1/3] Loss: 0.6455, Accuracy: 64.32 %
Predictions - 1s: 313, 0s: 141
True Labels - 1s: 243, 0s: 211
Client 2 of 5: Local Epoch [1/3] Loss: 0.6429, Accuracy: 66.08 %
Predictions - 1s: 296, 0s: 158
True Labels - 1s: 232, 0s: 222
Client 5 of 5: Local Epoch [1/3] Loss: 0.6462, Accuracy: 64.76 %
Predictions - 1s: 283, 0s: 171
True Labels - 1s: 236, 0s: 218
Client 4 of 5: Local Epoch [1/3] Loss: 0.6532, Accuracy: 63.66 %
Predictions - 1s: 258, 0s: 196
True Labels - 1s: 236, 0s: 218
Client 4 of 5: Local Epoch [2/3] Loss: 0.6260, Accuracy: 66.96 %
Predictions - 1s: 232, 0s: 222
True Labels - 1s: 232, 0s: 222
Client 5 of 5: Local Epoch [2/3] Loss: 0.6176, Accuracy: 66.52 %
Predictions - 1s: 303, 0s: 151
True Labels - 1s: 243, 0s: 211
Client 2 of 5: Local Epoch [2/3] Loss: 0.6023, Accuracy: 70.48 %
Predictions - 1s: 269, 0s: 185
True Labels - 1s: 234, 0s: 220
Client 1 of 5: Local Epoch [2/3] Loss: 0.6128, Accuracy: 69.38 %
Predictions - 1s: 341, 0s: 113
True Labels - 1s: 261, 0s: 193
Client 3 of 5: Local Epoch [2/3] Loss: 0.6153, Accuracy: 67.84 %
Predictions - 1s: 295, 0s: 159
True Labels - 1s: 236, 0s: 218
Client 4 of 5: Local Epoch [3/3] Loss: 0.6139, Accuracy: 69.82 %
Predictions - 1s: 277, 0s: 177
Predictions - 1s: 271, 0s: 183
True Labels - 1s: 243, 0s: 211
True Labels - 1s: 234, 0s: 220
Predictions - 1s: 323, 0s: 131
Client 2 of 5: Local Epoch [3/3] Loss: 0.5882, Accuracy: 71.81 %
True Labels - 1s: 261, 0s: 193
Client 3 of 5: Local Epoch [3/3] Loss: 0.5957, Accuracy: 70.04 %
Client 1 of 5: Local Epoch [3/3] Loss: 0.5929, Accuracy: 69.82 %
Predictions - 1s: 285, 0s: 169
True Labels - 1s: 232, 0s: 222
Client 5 of 5: Local Epoch [3/3] Loss: 0.6046, Accuracy: 67.18 %
-------------------------------
Round [2/4] Average Local Loss: 0.5991, Average Local Accuracy: 69.74 %
-------------------------------
-------- Validation --------
Predictions - 1s: 369, 0s: 199
True Labels - 1s: 282, 0s: 286
Round [2/4] Global Model Validation Loss: 0.5859, Validation Accuracy: 68.13 %
-------- Validation finished --------
Updated best model in round 2 saved with Validation Loss: 0.5859 and Validation Accuracy: 68.13 %
-------------------------------

Round 3 of 4
-------------------------------
Predictions - 1s: 266, 0s: 188
True Labels - 1s: 234, 0s: 220
Client 1 of 5: Local Epoch [1/3] Loss: 0.5907, Accuracy: 70.93 %
Predictions - 1s: 265, 0s: 189
True Labels - 1s: 232, 0s: 222
Client 5 of 5: Local Epoch [1/3] Loss: 0.5882, Accuracy: 69.82 %
Predictions - 1s: 300, 0s: 154
True Labels - 1s: 243, 0s: 211
Client 2 of 5: Local Epoch [1/3] Loss: 0.6007, Accuracy: 68.94 %
Predictions - 1s: 329, 0s: 125
True Labels - 1s: 261, 0s: 193
Client 3 of 5: Local Epoch [1/3] Loss: 0.5992, Accuracy: 68.72 %
Predictions - 1s: 259, 0s: 195
True Labels - 1s: 236, 0s: 218
Client 4 of 5: Local Epoch [1/3] Loss: 0.6115, Accuracy: 66.74 %
Predictions - 1s: 273, 0s: 181
True Labels - 1s: 234, 0s: 220
Client 1 of 5: Local Epoch [2/3] Loss: 0.5747, Accuracy: 71.15 %
Predictions - 1s: 274, 0s: 180
True Labels - 1s: 232, 0s: 222
Client 5 of 5: Local Epoch [2/3] Loss: 0.5686, Accuracy: 70.04 %
Predictions - 1s: 275, 0s: 179
True Labels - 1s: 236, 0s: 218
Client 4 of 5: Local Epoch [2/3] Loss: 0.5913, Accuracy: 69.38 %
Predictions - 1s: 271, 0s: 183
True Labels - 1s: 243, 0s: 211
Client 2 of 5: Local Epoch [2/3] Loss: 0.5696, Accuracy: 71.81 %
Predictions - 1s: 303, 0s: 151
True Labels - 1s: 261, 0s: 193
Client 3 of 5: Local Epoch [2/3] Loss: 0.5830, Accuracy: 69.16 %
Predictions - 1s: 247, 0s: 207
True Labels - 1s: 234, 0s: 220
Client 1 of 5: Local Epoch [3/3] Loss: 0.5689, Accuracy: 72.03 %
Predictions - 1s: 306, 0s: 148
True Labels - 1s: 261, 0s: 193
Client 3 of 5: Local Epoch [3/3] Loss: 0.5638, Accuracy: 71.59 %
Predictions - 1s: 230, 0s: 224
True Labels - 1s: 236, 0s: 218
Client 4 of 5: Local Epoch [3/3] Loss: 0.5715, Accuracy: 70.04 %
Predictions - 1s: 241, 0s: 213
True Labels - 1s: 232, 0s: 222
Client 5 of 5: Local Epoch [3/3] Loss: 0.5455, Accuracy: 73.79 %
Predictions - 1s: 263, 0s: 191
True Labels - 1s: 243, 0s: 211
Client 2 of 5: Local Epoch [3/3] Loss: 0.5460, Accuracy: 73.13 %
-------------------------------
Round [3/4] Average Local Loss: 0.5591, Average Local Accuracy: 72.11 %
-------------------------------
-------- Validation --------
Predictions - 1s: 331, 0s: 237
True Labels - 1s: 282, 0s: 286
Round [3/4] Global Model Validation Loss: 0.5414, Validation Accuracy: 73.06 %
-------- Validation finished --------
Updated best model in round 3 saved with Validation Loss: 0.5414 and Validation Accuracy: 73.06 %
-------------------------------

Round 4 of 4
-------------------------------
Predictions - 1s: 246, 0s: 208
True Labels - 1s: 234, 0s: 220
Client 1 of 5: Local Epoch [1/3] Loss: 0.5695, Accuracy: 71.81 %
Predictions - 1s: 241, 0s: 213
True Labels - 1s: 236, 0s: 218
Client 4 of 5: Local Epoch [1/3] Loss: 0.5669, Accuracy: 71.15 %
Predictions - 1s: 246, 0s: 208
True Labels - 1s: 232, 0s: 222
Client 5 of 5: Local Epoch [1/3] Loss: 0.5694, Accuracy: 68.72 %
Predictions - 1s: 276, 0s: 178
True Labels - 1s: 243, 0s: 211
Client 2 of 5: Local Epoch [1/3] Loss: 0.5505, Accuracy: 73.35 %
Predictions - 1s: 285, 0s: 169
True Labels - 1s: 261, 0s: 193
Client 3 of 5: Local Epoch [1/3] Loss: 0.5707, Accuracy: 68.72 %
Predictions - 1s: 258, 0s: 196
True Labels - 1s: 234, 0s: 220
Client 1 of 5: Local Epoch [2/3] Loss: 0.5561, Accuracy: 70.04 %
Predictions - 1s: 256, 0s: 198
True Labels - 1s: 234, 0s: 220
Client 1 of 5: Local Epoch [3/3] Loss: 0.5381, Accuracy: 74.01 %
Predictions - 1s: 257, 0s: 197
True Labels - 1s: 236, 0s: 218
Client 4 of 5: Local Epoch [2/3] Loss: 0.5597, Accuracy: 69.82 %
Predictions - 1s: 257, 0s: 197
True Labels - 1s: 243, 0s: 211
Client 2 of 5: Local Epoch [2/3] Loss: 0.5244, Accuracy: 74.89 %
Predictions - 1s: 247, 0s: 207
True Labels - 1s: 232, 0s: 222
Client 5 of 5: Local Epoch [2/3] Loss: 0.5413, Accuracy: 73.79 %
Predictions - 1s: 285, 0s: 169
True Labels - 1s: 261, 0s: 193
Client 3 of 5: Local Epoch [2/3] Loss: 0.5546, Accuracy: 71.81 %
Predictions - 1s: 226, 0s: 228
True Labels - 1s: 236, 0s: 218
Client 4 of 5: Local Epoch [3/3] Loss: 0.5346, Accuracy: 74.89 %
Predictions - 1s: 271, 0s: 183
True Labels - 1s: 243, 0s: 211
Client 2 of 5: Local Epoch [3/3] Loss: 0.5112, Accuracy: 78.41 %
Predictions - 1s: 226, 0s: 228
True Labels - 1s: 232, 0s: 222
Client 5 of 5: Local Epoch [3/3] Loss: 0.5231, Accuracy: 74.01 %
Predictions - 1s: 287, 0s: 167
True Labels - 1s: 261, 0s: 193
Client 3 of 5: Local Epoch [3/3] Loss: 0.5460, Accuracy: 72.69 %
-------------------------------
Round [4/4] Average Local Loss: 0.5306, Average Local Accuracy: 74.80 %
-------------------------------
-------- Validation --------
Predictions - 1s: 316, 0s: 252
True Labels - 1s: 282, 0s: 286
Round [4/4] Global Model Validation Loss: 0.5196, Validation Accuracy: 74.30 %
-------- Validation finished --------
Updated best model in round 4 saved with Validation Loss: 0.5196 and Validation Accuracy: 74.30 %
-------------------------------
Best model in round 4 saved with Validation Loss: 0.5196 and Validation Accuracy: 74.30 %

-------- Training finished in 1:35 --------

Test flag enabled. Testing the model

-------- Loading best model from model_path --------
Loaded model bert-tiny from date 21-03-2024 12:48. Trained with Federated Learning technology.
Round 4, lr: 6e-05, optimizer: AdamW
Average train accuracy: 74.80 %, Validation accuracy: 74.30 %
-------- Best model loaded --------

-------- Creating Test Dataloader --------
Test Loader: 715 total sentences. 90 batches of size 8.
-------- Test Dataloader created --------

-------- Testing --------
Predictions - 1s: 441, 0s: 274
True Labels - 1s: 369, 0s: 346
Nº of test samples: 715
Accuracy: 69.79%
Accuracy 2 : 69.79%
Precision: 70.53%
Recall: 69.43%
F1 Score: 69.25%
Classification report:
              precision    recall  f1-score   support

           0     0.7372    0.5838    0.6516       346
           1     0.6735    0.8049    0.7333       369

    accuracy                         0.6979       715
   macro avg     0.7053    0.6943    0.6925       715
weighted avg     0.7043    0.6979    0.6938       715

-------- Testing finished --------
