Current configuration:
{
    "concurrency_flag": true,
    "data_distribution": "iid",
    "dataset": "dreaddit",
    "device": "cuda",
    "dp_delta": 0.003,
    "dp_epsilon": 0.0,
    "eval_batch_size": 4,
    "eval_flag": true,
    "eval_size": 0.2,
    "fed_alg": "fedavg",
    "layers": 3,
    "learning_rate": 6e-05,
    "max_length": 512,
    "ml_mode": "fl",
    "model": "bert_tiny",
    "model_name": "fl_tiny_seed3_dreaddit",
    "models_path": "/local/vpaloma/fabric-federated-learning/ablation_study/phase-2/4-execution_time/dreaddit/",
    "mu": 0.5,
    "num_clients": 5,
    "num_epochs": 3,
    "num_rounds": 4,
    "num_seed3_epochs": 3,
    "num_seed3_rounds": 4,
    "optimizer": "AdamW",
    "progress_bar_flag": false,
    "save_model": true,
    "scheduler": "linear",
    "scheduler_warmup_steps": 0,
    "seed": 331,
    "test_flag": true,
    "train_batch_size": 4,
    "train_size": 0.8
}
-------- Configuration loaded --------

-------- Setting device --------
cuda device selected and available.
-------- Device set --------

-------- Setting seed --------
-------- Seed set --------

-------- Creating Model --------
-------- Model created --------

-------- Setting Trainable Layers --------
Training the last 3 layers.

Total parameters count: 4386178
Trainable parameters count: 215042
-------- Trainable Layers set --------

-------- Creating Tokenizer --------
-------- Tokenizer created --------

-------- Creating Train and Eval Dataloaders --------
Train Loader: 2270 total sentences. 568 batches of size 4.
Eval Loader: 568 total sentences. 142 batches of size 4.
-------- Train and Eval Dataloaders created --------

-------- Training --------
Training with Federated Learning technology.
Training without differential privacy.
Federated averaging algorithm selected.
Client 0: Label 0: 203, Label 1: 251
Client 1: Label 0: 223, Label 1: 231
Client 2: Label 0: 225, Label 1: 229
Client 3: Label 0: 231, Label 1: 223
Client 4: Label 0: 215, Label 1: 239

Round 1 of 4
-------------------------------
Predictions - 1s: 432, 0s: 22
Predictions - 1s: 384, 0s: 70
True Labels - 1s: 251, 0s: 203
True Labels - 1s: 239, 0s: 215
Predictions - 1s: 345, 0s: 109
Client 1 of 5: Local Epoch [1/3] Loss: 0.6781, Accuracy: 57.05 %
True Labels - 1s: 229, 0s: 225
Predictions - 1s: 397, 0s: 57
Client 3 of 5: Local Epoch [1/3] Loss: 0.6771, Accuracy: 57.71 %
True Labels - 1s: 231, 0s: 223
Client 2 of 5: Local Epoch [1/3] Loss: 0.6819, Accuracy: 57.71 %
Client 5 of 5: Local Epoch [1/3] Loss: 0.6810, Accuracy: 59.25 %
Predictions - 1s: 265, 0s: 189
True Labels - 1s: 223, 0s: 231
Client 4 of 5: Local Epoch [1/3] Loss: 0.6882, Accuracy: 55.95 %
Predictions - 1s: 293, 0s: 161
True Labels - 1s: 229, 0s: 225
Client 3 of 5: Local Epoch [2/3] Loss: 0.6421, Accuracy: 67.84 %
Predictions - 1s: 281, 0s: 173
True Labels - 1s: 223, 0s: 231
Client 4 of 5: Local Epoch [2/3] Loss: 0.6543, Accuracy: 65.20 %
Predictions - 1s: 373, 0s: 81
True Labels - 1s: 239, 0s: 215
Client 5 of 5: Local Epoch [2/3] Loss: 0.6525, Accuracy: 63.00 %
Predictions - 1s: 392, 0s: 62
True Labels - 1s: 251, 0s: 203
Client 1 of 5: Local Epoch [2/3] Loss: 0.6552, Accuracy: 62.78 %
Predictions - 1s: 298, 0s: 156
True Labels - 1s: 231, 0s: 223
Client 2 of 5: Local Epoch [2/3] Loss: 0.6545, Accuracy: 66.74 %
Predictions - 1s: 304, 0s: 150
True Labels - 1s: 231, 0s: 223
Client 2 of 5: Local Epoch [3/3] Loss: 0.6398, Accuracy: 68.06 %
Predictions - 1s: 282, 0s: 172
True Labels - 1s: 239, 0s: 215
Client 5 of 5: Local Epoch [3/3] Loss: 0.6356, Accuracy: 67.18 %
Predictions - 1s: 269, 0s: 185
True Labels - 1s: 223, 0s: 231
Client 4 of 5: Local Epoch [3/3] Loss: 0.6433, Accuracy: 66.96 %
Predictions - 1s: 374, 0s: 80
Predictions - 1s: 255, 0s: 199
True Labels - 1s: 251, 0s: 203
Client 1 of 5: Local Epoch [3/3] Loss: 0.6429, Accuracy: 64.98 %
True Labels - 1s: 229, 0s: 225
Client 3 of 5: Local Epoch [3/3] Loss: 0.6195, Accuracy: 74.01 %
-------------------------------
Round [1/4] Average Local Loss: 0.6362, Average Local Accuracy: 68.24 %
-------------------------------
-------- Validation --------
Predictions - 1s: 436, 0s: 132
True Labels - 1s: 315, 0s: 253
Round [1/4] Global Model Validation Loss: 0.6418, Validation Accuracy: 65.32 %
-------- Validation finished --------
Updated best model in round 1 saved with Validation Loss: 0.6418 and Validation Accuracy: 65.32 %
-------------------------------

Round 2 of 4
-------------------------------
Predictions - 1s: 294, 0s: 160
True Labels - 1s: 231, 0s: 223
Client 2 of 5: Local Epoch [1/3] Loss: 0.6298, Accuracy: 68.06 %
Predictions - 1s: 257, 0s: 197
True Labels - 1s: 229, 0s: 225
Client 3 of 5: Local Epoch [1/3] Loss: 0.6085, Accuracy: 72.69 %
Predictions - 1s: 269, 0s: 185
True Labels - 1s: 223, 0s: 231
Client 4 of 5: Local Epoch [1/3] Loss: 0.6231, Accuracy: 69.16 %
Predictions - 1s: 297, 0s: 157
True Labels - 1s: 239, 0s: 215
Client 5 of 5: Local Epoch [1/3] Loss: 0.6360, Accuracy: 64.76 %
Predictions - 1s: 348, 0s: 106
True Labels - 1s: 251, 0s: 203
Client 1 of 5: Local Epoch [1/3] Loss: 0.6330, Accuracy: 67.18 %
Predictions - 1s: 244, 0s: 210
True Labels - 1s: 229, 0s: 225
Client 3 of 5: Local Epoch [2/3] Loss: 0.5672, Accuracy: 73.35 %
Predictions - 1s: 257, 0s: 197
True Labels - 1s: 231, 0s: 223
Client 2 of 5: Local Epoch [2/3] Loss: 0.6043, Accuracy: 68.72 %
Predictions - 1s: 232, 0s: 222
True Labels - 1s: 223, 0s: 231
Client 4 of 5: Local Epoch [2/3] Loss: 0.5957, Accuracy: 71.59 %
Predictions - 1s: 290, 0s: 164
True Labels - 1s: 239, 0s: 215
Client 5 of 5: Local Epoch [2/3] Loss: 0.6018, Accuracy: 71.59 %
Predictions - 1s: 325, 0s: 129
True Labels - 1s: 251, 0s: 203
Client 1 of 5: Local Epoch [2/3] Loss: 0.6129, Accuracy: 67.84 %
Predictions - 1s: 300, 0s: 154
True Labels - 1s: 231, 0s: 223
Client 2 of 5: Local Epoch [3/3] Loss: 0.5862, Accuracy: 69.38 %
Predictions - 1s: 260, 0s: 194
True Labels - 1s: 239, 0s: 215
Client 5 of 5: Local Epoch [3/3] Loss: 0.5758, Accuracy: 75.11 %
Predictions - 1s: 238, 0s: 216
True Labels - 1s: 229, 0s: 225
Client 3 of 5: Local Epoch [3/3] Loss: 0.5386, Accuracy: 76.43 %
Predictions - 1s: 252, 0s: 202
True Labels - 1s: 223, 0s: 231
Client 4 of 5: Local Epoch [3/3] Loss: 0.5807, Accuracy: 72.03 %
Predictions - 1s: 293, 0s: 161
True Labels - 1s: 251, 0s: 203
Client 1 of 5: Local Epoch [3/3] Loss: 0.5977, Accuracy: 69.16 %
-------------------------------
Round [2/4] Average Local Loss: 0.5758, Average Local Accuracy: 72.42 %
-------------------------------
-------- Validation --------
Predictions - 1s: 408, 0s: 160
True Labels - 1s: 315, 0s: 253
Round [2/4] Global Model Validation Loss: 0.5960, Validation Accuracy: 68.49 %
-------- Validation finished --------
Updated best model in round 2 saved with Validation Loss: 0.5960 and Validation Accuracy: 68.49 %
-------------------------------

Round 3 of 4
-------------------------------
Predictions - 1s: 233, 0s: 221
True Labels - 1s: 229, 0s: 225
Client 3 of 5: Local Epoch [1/3] Loss: 0.5504, Accuracy: 76.21 %
Predictions - 1s: 297, 0s: 157
True Labels - 1s: 251, 0s: 203
Client 1 of 5: Local Epoch [1/3] Loss: 0.5921, Accuracy: 68.72 %
Predictions - 1s: 240, 0s: 214
True Labels - 1s: 231, 0s: 223
Client 2 of 5: Local Epoch [1/3] Loss: 0.5831, Accuracy: 70.26 %
Predictions - 1s: 270, 0s: 184
True Labels - 1s: 239, 0s: 215
Client 5 of 5: Local Epoch [1/3] Loss: 0.5821, Accuracy: 72.03 %
Predictions - 1s: 232, 0s: 222
True Labels - 1s: 223, 0s: 231
Client 4 of 5: Local Epoch [1/3] Loss: 0.5865, Accuracy: 71.15 %
Predictions - 1s: 234, 0s: 220
True Labels - 1s: 229, 0s: 225
Client 3 of 5: Local Epoch [2/3] Loss: 0.5207, Accuracy: 76.43 %
Predictions - 1s: 237, 0s: 217
True Labels - 1s: 223, 0s: 231
Client 4 of 5: Local Epoch [2/3] Loss: 0.5578, Accuracy: 73.57 %
Predictions - 1s: 297, 0s: 157
True Labels - 1s: 251, 0s: 203
Client 1 of 5: Local Epoch [2/3] Loss: 0.5623, Accuracy: 72.69 %
Predictions - 1s: 252, 0s: 202
True Labels - 1s: 231, 0s: 223
Client 2 of 5: Local Epoch [2/3] Loss: 0.5626, Accuracy: 71.59 %
Predictions - 1s: 264, 0s: 190
True Labels - 1s: 239, 0s: 215
Client 5 of 5: Local Epoch [2/3] Loss: 0.5540, Accuracy: 73.79 %
Predictions - 1s: 240, 0s: 214
True Labels - 1s: 229, 0s: 225
Client 3 of 5: Local Epoch [3/3] Loss: 0.5082, Accuracy: 75.99 %
Predictions - 1s: 251, 0s: 203
True Labels - 1s: 239, 0s: 215
Client 5 of 5: Local Epoch [3/3] Loss: 0.5422, Accuracy: 74.01 %
Predictions - 1s: 282, 0s: 172
True Labels - 1s: 251, 0s: 203
Client 1 of 5: Local Epoch [3/3] Loss: 0.5656, Accuracy: 73.35 %
Predictions - 1s: 214, 0s: 240
True Labels - 1s: 223, 0s: 231
Client 4 of 5: Local Epoch [3/3] Loss: 0.5420, Accuracy: 74.67 %
Predictions - 1s: 240, 0s: 214
True Labels - 1s: 231, 0s: 223
Client 2 of 5: Local Epoch [3/3] Loss: 0.5539, Accuracy: 73.35 %
-------------------------------
Round [3/4] Average Local Loss: 0.5424, Average Local Accuracy: 74.27 %
-------------------------------
-------- Validation --------
Predictions - 1s: 378, 0s: 190
True Labels - 1s: 315, 0s: 253
Round [3/4] Global Model Validation Loss: 0.5697, Validation Accuracy: 70.25 %
-------- Validation finished --------
Updated best model in round 3 saved with Validation Loss: 0.5697 and Validation Accuracy: 70.25 %
-------------------------------

Round 4 of 4
-------------------------------
Predictions - 1s: 269, 0s: 185
True Labels - 1s: 251, 0s: 203
Client 1 of 5: Local Epoch [1/3] Loss: 0.5740, Accuracy: 70.93 %
Predictions - 1s: 230, 0s: 224
True Labels - 1s: 231, 0s: 223
Client 2 of 5: Local Epoch [1/3] Loss: 0.5598, Accuracy: 72.47 %
Predictions - 1s: 214, 0s: 240
True Labels - 1s: 223, 0s: 231
Predictions - 1s: 244, 0s: 210
Client 4 of 5: Local Epoch [1/3] Loss: 0.5499, Accuracy: 72.47 %
True Labels - 1s: 229, 0s: 225
Client 3 of 5: Local Epoch [1/3] Loss: 0.5052, Accuracy: 76.87 %
Predictions - 1s: 253, 0s: 201
True Labels - 1s: 239, 0s: 215
Client 5 of 5: Local Epoch [1/3] Loss: 0.5523, Accuracy: 73.57 %
Predictions - 1s: 279, 0s: 175
True Labels - 1s: 251, 0s: 203
Client 1 of 5: Local Epoch [2/3] Loss: 0.5556, Accuracy: 71.37 %
Predictions - 1s: 268, 0s: 186
True Labels - 1s: 251, 0s: 203
Client 1 of 5: Local Epoch [3/3] Loss: 0.5347, Accuracy: 73.35 %
Predictions - 1s: 256, 0s: 198
True Labels - 1s: 239, 0s: 215
Client 5 of 5: Local Epoch [2/3] Loss: 0.5235, Accuracy: 75.11 %
Predictions - 1s: 229, 0s: 225
Predictions - 1s: 233, 0s: 221
True Labels - 1s: 223, 0s: 231
Client 4 of 5: Local Epoch [2/3] Loss: 0.5181, Accuracy: 75.77 %
Predictions - 1s: 244, 0s: 210
True Labels - 1s: 229, 0s: 225
Client 3 of 5: Local Epoch [2/3] Loss: 0.4760, Accuracy: 79.74 %
True Labels - 1s: 231, 0s: 223
Client 2 of 5: Local Epoch [2/3] Loss: 0.5600, Accuracy: 72.03 %
Predictions - 1s: 233, 0s: 221
True Labels - 1s: 231, 0s: 223
Client 2 of 5: Local Epoch [3/3] Loss: 0.5420, Accuracy: 72.25 %
Predictions - 1s: 248, 0s: 206
Predictions - 1s: 224, 0s: 230
True Labels - 1s: 229, 0s: 225
True Labels - 1s: 223, 0s: 231
Predictions - 1s: 259, 0s: 195
Client 3 of 5: Local Epoch [3/3] Loss: 0.4658, Accuracy: 80.40 %
Client 4 of 5: Local Epoch [3/3] Loss: 0.5287, Accuracy: 75.55 %
True Labels - 1s: 239, 0s: 215
Client 5 of 5: Local Epoch [3/3] Loss: 0.5223, Accuracy: 73.13 %
-------------------------------
Round [4/4] Average Local Loss: 0.5187, Average Local Accuracy: 74.93 %
-------------------------------
-------- Validation --------
Predictions - 1s: 376, 0s: 192
True Labels - 1s: 315, 0s: 253
Round [4/4] Global Model Validation Loss: 0.5591, Validation Accuracy: 70.95 %
-------- Validation finished --------
Updated best model in round 4 saved with Validation Loss: 0.5591 and Validation Accuracy: 70.95 %
-------------------------------
Best model in round 4 saved with Validation Loss: 0.5591 and Validation Accuracy: 70.95 %

-------- Training finished in 1:35 --------

Test flag enabled. Testing the model

-------- Loading best model from model_path --------
Loaded model bert-tiny from date 21-03-2024 12:44. Trained with Federated Learning technology.
Round 4, lr: 6e-05, optimizer: AdamW
Average train accuracy: 74.93 %, Validation accuracy: 70.95 %
-------- Best model loaded --------

-------- Creating Test Dataloader --------
Test Loader: 715 total sentences. 90 batches of size 8.
-------- Test Dataloader created --------

-------- Testing --------
Predictions - 1s: 467, 0s: 248
True Labels - 1s: 369, 0s: 346
Nº of test samples: 715
Accuracy: 69.79%
Accuracy 2 : 69.79%
Precision: 71.30%
Recall: 69.32%
F1 Score: 68.90%
Classification report:
              precision    recall  f1-score   support

           0     0.7621    0.5462    0.6364       346
           1     0.6638    0.8401    0.7416       369

    accuracy                         0.6979       715
   macro avg     0.7130    0.6932    0.6890       715
weighted avg     0.7114    0.6979    0.6907       715

-------- Testing finished --------
