Current configuration:
{
    "concurrency_flag": true,
    "data_distribution": "iid",
    "dataset": "dreaddit",
    "device": "cuda",
    "dp_delta": 0.003,
    "dp_epsilon": 0.0,
    "eval_batch_size": 4,
    "eval_flag": true,
    "eval_size": 0.2,
    "fed_alg": "fedavg",
    "layers": 3,
    "learning_rate": 6e-05,
    "max_length": 512,
    "ml_mode": "ml",
    "model": "bert_medium",
    "model_name": "ml_medium_seed3_dreaddit",
    "models_path": "/local/vpaloma/fabric-federated-learning/ablation_study/phase-2/4-execution_time/dreaddit/",
    "mu": 0.5,
    "num_clients": 5,
    "num_epochs": 12,
    "num_rounds": 4,
    "optimizer": "AdamW",
    "progress_bar_flag": false,
    "save_model": true,
    "scheduler": "linear",
    "scheduler_warmup_steps": 0,
    "seed": 331,
    "test_flag": true,
    "train_batch_size": 4,
    "train_size": 0.8
}
-------- Configuration loaded --------

-------- Setting device --------
cuda device selected and available.
-------- Device set --------

-------- Setting seed --------
-------- Seed set --------

-------- Creating Model --------
-------- Model created --------

-------- Setting Trainable Layers --------
Training the last 3 layers.

Total parameters count: 41374210
Trainable parameters count: 3416066
-------- Trainable Layers set --------

-------- Creating Tokenizer --------
-------- Tokenizer created --------

-------- Creating Train and Eval Dataloaders --------
Train Loader: 2270 total sentences. 568 batches of size 4.
Eval Loader: 568 total sentences. 142 batches of size 4.
-------- Train and Eval Dataloaders created --------

-------- Creating Optimizer --------
-------- Optimizer created --------

-------- Creating Scheduler --------
-------- Scheduler created --------

-------- Training --------
Training with Centralised Machine Learning technology.
Training without differential privacy.
Concurrency flag is set to True, but ml mode is selected. Concurrency flag will be ignored.
Epoch [1/12], Step [100/568], Loss: 0.6149, Accuracy: 65.25 %
Epoch [1/12], Step [200/568], Loss: 0.5788, Accuracy: 68.12 %
Epoch [1/12], Step [300/568], Loss: 0.5512, Accuracy: 70.83 %
Epoch [1/12], Step [400/568], Loss: 0.5190, Accuracy: 73.44 %
Epoch [1/12], Step [500/568], Loss: 0.5227, Accuracy: 73.50 %
Predictions - 1s: 1201, 0s: 1069
True Labels - 1s: 1173, 0s: 1097
-------------------------------
Epoch [1/12] Loss: 0.5195, Accuracy: 73.57 %
-------------------------------
-------- Validation --------
Predictions - 1s: 314, 0s: 254
True Labels - 1s: 315, 0s: 253
Validation Loss: 0.4612, Validation Accuracy: 78.35 %
-------- Validation finished --------
Updated best model in epoch 1 saved with Validation Loss: 0.4612 and Validation Accuracy: 78.35 %
-------------------------------
Epoch [2/12], Step [100/568], Loss: 0.4160, Accuracy: 83.00 %
Epoch [2/12], Step [200/568], Loss: 0.4182, Accuracy: 81.00 %
Epoch [2/12], Step [300/568], Loss: 0.4160, Accuracy: 80.58 %
Epoch [2/12], Step [400/568], Loss: 0.4208, Accuracy: 80.12 %
Epoch [2/12], Step [500/568], Loss: 0.4252, Accuracy: 79.80 %
Predictions - 1s: 1202, 0s: 1068
True Labels - 1s: 1173, 0s: 1097
-------------------------------
Epoch [2/12] Loss: 0.4215, Accuracy: 79.78 %
-------------------------------
-------- Validation --------
Predictions - 1s: 309, 0s: 259
True Labels - 1s: 315, 0s: 253
Validation Loss: 0.4493, Validation Accuracy: 78.87 %
-------- Validation finished --------
Updated best model in epoch 2 saved with Validation Loss: 0.4493 and Validation Accuracy: 78.87 %
-------------------------------
Epoch [3/12], Step [100/568], Loss: 0.3773, Accuracy: 82.00 %
Epoch [3/12], Step [200/568], Loss: 0.3633, Accuracy: 83.62 %
Epoch [3/12], Step [300/568], Loss: 0.3630, Accuracy: 83.58 %
Epoch [3/12], Step [400/568], Loss: 0.3743, Accuracy: 83.31 %
Epoch [3/12], Step [500/568], Loss: 0.3703, Accuracy: 83.65 %
Predictions - 1s: 1168, 0s: 1102
True Labels - 1s: 1173, 0s: 1097
-------------------------------
Epoch [3/12] Loss: 0.3687, Accuracy: 83.74 %
-------------------------------
-------- Validation --------
Predictions - 1s: 334, 0s: 234
True Labels - 1s: 315, 0s: 253
Validation Loss: 0.4622, Validation Accuracy: 80.11 %
-------- Validation finished --------
Epoch [4/12], Step [100/568], Loss: 0.2839, Accuracy: 88.00 %
Epoch [4/12], Step [200/568], Loss: 0.3019, Accuracy: 86.88 %
Epoch [4/12], Step [300/568], Loss: 0.3011, Accuracy: 86.83 %
Epoch [4/12], Step [400/568], Loss: 0.3089, Accuracy: 86.31 %
Epoch [4/12], Step [500/568], Loss: 0.3139, Accuracy: 86.10 %
Predictions - 1s: 1173, 0s: 1097
True Labels - 1s: 1173, 0s: 1097
-------------------------------
Epoch [4/12] Loss: 0.3123, Accuracy: 85.99 %
-------------------------------
-------- Validation --------
Predictions - 1s: 411, 0s: 157
True Labels - 1s: 315, 0s: 253
Validation Loss: 0.5708, Validation Accuracy: 77.11 %
-------- Validation finished --------
Epoch [5/12], Step [100/568], Loss: 0.2570, Accuracy: 89.25 %
Epoch [5/12], Step [200/568], Loss: 0.2603, Accuracy: 88.75 %
Epoch [5/12], Step [300/568], Loss: 0.2647, Accuracy: 88.75 %
Epoch [5/12], Step [400/568], Loss: 0.2646, Accuracy: 88.56 %
Epoch [5/12], Step [500/568], Loss: 0.2581, Accuracy: 88.95 %
Predictions - 1s: 1201, 0s: 1069
True Labels - 1s: 1173, 0s: 1097
-------------------------------
Epoch [5/12] Loss: 0.2583, Accuracy: 89.07 %
-------------------------------
-------- Validation --------
Predictions - 1s: 335, 0s: 233
True Labels - 1s: 315, 0s: 253
Validation Loss: 0.5258, Validation Accuracy: 79.23 %
-------- Validation finished --------
Epoch [6/12], Step [100/568], Loss: 0.1990, Accuracy: 91.25 %
Epoch [6/12], Step [200/568], Loss: 0.1861, Accuracy: 91.38 %
Epoch [6/12], Step [300/568], Loss: 0.1928, Accuracy: 91.25 %
Epoch [6/12], Step [400/568], Loss: 0.1904, Accuracy: 91.75 %
Epoch [6/12], Step [500/568], Loss: 0.1903, Accuracy: 92.00 %
Predictions - 1s: 1168, 0s: 1102
True Labels - 1s: 1173, 0s: 1097
-------------------------------
Epoch [6/12] Loss: 0.1901, Accuracy: 92.03 %
-------------------------------
-------- Validation --------
Predictions - 1s: 373, 0s: 195
True Labels - 1s: 315, 0s: 253
Validation Loss: 0.6311, Validation Accuracy: 79.23 %
-------- Validation finished --------
Epoch [7/12], Step [100/568], Loss: 0.1341, Accuracy: 94.75 %
Epoch [7/12], Step [200/568], Loss: 0.1265, Accuracy: 95.12 %
Epoch [7/12], Step [300/568], Loss: 0.1253, Accuracy: 95.00 %
Epoch [7/12], Step [400/568], Loss: 0.1311, Accuracy: 94.75 %
Epoch [7/12], Step [500/568], Loss: 0.1413, Accuracy: 94.20 %
Predictions - 1s: 1176, 0s: 1094
True Labels - 1s: 1173, 0s: 1097
-------------------------------
Epoch [7/12] Loss: 0.1499, Accuracy: 93.79 %
-------------------------------
-------- Validation --------
Predictions - 1s: 325, 0s: 243
True Labels - 1s: 315, 0s: 253
Validation Loss: 0.6287, Validation Accuracy: 77.82 %
-------- Validation finished --------
Epoch [8/12], Step [100/568], Loss: 0.1253, Accuracy: 95.00 %
Epoch [8/12], Step [200/568], Loss: 0.1104, Accuracy: 96.25 %
Epoch [8/12], Step [300/568], Loss: 0.1131, Accuracy: 95.83 %
Epoch [8/12], Step [400/568], Loss: 0.1137, Accuracy: 95.81 %
Epoch [8/12], Step [500/568], Loss: 0.1162, Accuracy: 95.75 %
Predictions - 1s: 1181, 0s: 1089
True Labels - 1s: 1173, 0s: 1097
-------------------------------
Epoch [8/12] Loss: 0.1157, Accuracy: 95.77 %
-------------------------------
-------- Validation --------
Predictions - 1s: 324, 0s: 244
True Labels - 1s: 315, 0s: 253
Validation Loss: 0.7324, Validation Accuracy: 77.29 %
-------- Validation finished --------
Epoch [9/12], Step [100/568], Loss: 0.0936, Accuracy: 97.00 %
Epoch [9/12], Step [200/568], Loss: 0.1056, Accuracy: 96.50 %
Epoch [9/12], Step [300/568], Loss: 0.1022, Accuracy: 96.33 %
Epoch [9/12], Step [400/568], Loss: 0.1026, Accuracy: 96.38 %
Epoch [9/12], Step [500/568], Loss: 0.0952, Accuracy: 96.70 %
Predictions - 1s: 1170, 0s: 1100
True Labels - 1s: 1173, 0s: 1097
-------------------------------
Epoch [9/12] Loss: 0.0906, Accuracy: 96.87 %
-------------------------------
-------- Validation --------
Predictions - 1s: 363, 0s: 205
True Labels - 1s: 315, 0s: 253
Validation Loss: 0.8395, Validation Accuracy: 78.17 %
-------- Validation finished --------
Epoch [10/12], Step [100/568], Loss: 0.0617, Accuracy: 98.00 %
Epoch [10/12], Step [200/568], Loss: 0.0582, Accuracy: 98.00 %
Epoch [10/12], Step [300/568], Loss: 0.0604, Accuracy: 97.92 %
Epoch [10/12], Step [400/568], Loss: 0.0681, Accuracy: 97.56 %
Epoch [10/12], Step [500/568], Loss: 0.0711, Accuracy: 97.25 %
Predictions - 1s: 1164, 0s: 1106
True Labels - 1s: 1173, 0s: 1097
-------------------------------
Epoch [10/12] Loss: 0.0723, Accuracy: 97.31 %
-------------------------------
-------- Validation --------
Predictions - 1s: 367, 0s: 201
True Labels - 1s: 315, 0s: 253
Validation Loss: 0.9145, Validation Accuracy: 77.82 %
-------- Validation finished --------
Epoch [11/12], Step [100/568], Loss: 0.0698, Accuracy: 97.25 %
Epoch [11/12], Step [200/568], Loss: 0.0642, Accuracy: 97.75 %
Epoch [11/12], Step [300/568], Loss: 0.0597, Accuracy: 97.92 %
Epoch [11/12], Step [400/568], Loss: 0.0638, Accuracy: 97.88 %
Epoch [11/12], Step [500/568], Loss: 0.0628, Accuracy: 97.95 %
Predictions - 1s: 1176, 0s: 1094
True Labels - 1s: 1173, 0s: 1097
-------------------------------
Epoch [11/12] Loss: 0.0619, Accuracy: 97.93 %
-------------------------------
-------- Validation --------
Predictions - 1s: 342, 0s: 226
True Labels - 1s: 315, 0s: 253
Validation Loss: 0.8623, Validation Accuracy: 76.94 %
-------- Validation finished --------
Epoch [12/12], Step [100/568], Loss: 0.0565, Accuracy: 97.75 %
Epoch [12/12], Step [200/568], Loss: 0.0506, Accuracy: 98.00 %
Epoch [12/12], Step [300/568], Loss: 0.0558, Accuracy: 98.00 %
Epoch [12/12], Step [400/568], Loss: 0.0525, Accuracy: 98.06 %
Epoch [12/12], Step [500/568], Loss: 0.0526, Accuracy: 98.10 %
Predictions - 1s: 1170, 0s: 1100
True Labels - 1s: 1173, 0s: 1097
-------------------------------
Epoch [12/12] Loss: 0.0517, Accuracy: 98.19 %
-------------------------------
-------- Validation --------
Predictions - 1s: 350, 0s: 218
True Labels - 1s: 315, 0s: 253
Validation Loss: 0.8843, Validation Accuracy: 77.64 %
-------- Validation finished --------
Best model in epoch 2 saved with with Validation Loss: 0.4493 and Validation Accuracy: 78.87 %

-------- Training finished in 2:38 --------

Test flag enabled. Testing the model

-------- Loading best model from model_path --------
Loaded model bert-medium from date 21-03-2024 15:34. Trained with Centralised Machine Learning technology.
Epoch 2, lr: 6e-05, optimizer: AdamW
Train accuracy: 79.78 %, Validation accuracy: 78.87 %
-------- Best model loaded --------

-------- Creating Test Dataloader --------
Test Loader: 715 total sentences. 90 batches of size 8.
-------- Test Dataloader created --------

-------- Testing --------
Predictions - 1s: 381, 0s: 334
True Labels - 1s: 369, 0s: 346
Nº of test samples: 715
Accuracy: 78.18%
Accuracy 2 : 78.18%
Precision: 78.20%
Recall: 78.11%
F1 Score: 78.13%
Classification report:
              precision    recall  f1-score   support

           0     0.7844    0.7572    0.7706       346
           1     0.7795    0.8049    0.7920       369

    accuracy                         0.7818       715
   macro avg     0.7820    0.7811    0.7813       715
weighted avg     0.7819    0.7818    0.7816       715

-------- Testing finished --------
