Current configuration:
{
    "concurrency_flag": false,
    "data_distribution": "iid",
    "dataset": "dreaddit",
    "device": "cuda",
    "dp_delta": 0.003,
    "dp_epsilon": 0.0,
    "eval_batch_size": 4,
    "eval_flag": true,
    "eval_size": 0.2,
    "fed_alg": "fedavg",
    "layers": 3,
    "learning_rate": 6e-05,
    "max_length": 512,
    "ml_mode": "ml",
    "model": "bert_small",
    "model_name": "ml_small_dreaddit",
    "models_path": "/local/vpaloma/fabric-federated-learning/ablation_study/phase-2/4-execution_time/dreaddit/",
    "mu": 0.5,
    "num_clients": 5,
    "num_epochs": 12,
    "num_rounds": 4,
    "optimizer": "AdamW",
    "progress_bar_flag": false,
    "save_model": true,
    "scheduler": "linear",
    "scheduler_warmup_steps": 0,
    "seed": 0,
    "test_flag": true,
    "train_batch_size": 4,
    "train_size": 0.8
}
-------- Configuration loaded --------

-------- Setting device --------
cuda device selected and available.
-------- Device set --------

-------- Setting seed --------
-------- Seed set --------

-------- Creating Model --------
-------- Model created --------

-------- Setting Trainable Layers --------
Training the last 3 layers.

Total parameters count: 28764674
Trainable parameters count: 3416066
-------- Trainable Layers set --------

-------- Creating Tokenizer --------
-------- Tokenizer created --------

-------- Creating Train and Eval Dataloaders --------
Train Loader: 2270 total sentences. 568 batches of size 4.
Eval Loader: 568 total sentences. 142 batches of size 4.
-------- Train and Eval Dataloaders created --------

-------- Creating Optimizer --------
-------- Optimizer created --------

-------- Creating Scheduler --------
-------- Scheduler created --------

-------- Training --------
Training with Centralised Machine Learning technology.
Training without differential privacy.
Epoch [1/12], Step [100/568], Loss: 0.6064, Accuracy: 66.25 %
Epoch [1/12], Step [200/568], Loss: 0.5648, Accuracy: 70.00 %
Epoch [1/12], Step [300/568], Loss: 0.5449, Accuracy: 71.42 %
Epoch [1/12], Step [400/568], Loss: 0.5293, Accuracy: 72.44 %
Epoch [1/12], Step [500/568], Loss: 0.5337, Accuracy: 72.35 %
Predictions - 1s: 1207, 0s: 1063
True Labels - 1s: 1160, 0s: 1110
-------------------------------
Epoch [1/12] Loss: 0.5291, Accuracy: 73.17 %
-------------------------------
-------- Validation --------
Predictions - 1s: 402, 0s: 166
True Labels - 1s: 328, 0s: 240
Validation Loss: 0.4754, Validation Accuracy: 76.76 %
-------- Validation finished --------
Updated best model in epoch 1 saved with Validation Loss: 0.4754 and Validation Accuracy: 76.76 %
-------------------------------
Epoch [2/12], Step [100/568], Loss: 0.4469, Accuracy: 78.75 %
Epoch [2/12], Step [200/568], Loss: 0.4362, Accuracy: 79.88 %
Epoch [2/12], Step [300/568], Loss: 0.4262, Accuracy: 80.75 %
Epoch [2/12], Step [400/568], Loss: 0.4204, Accuracy: 80.81 %
Epoch [2/12], Step [500/568], Loss: 0.4222, Accuracy: 80.35 %
Predictions - 1s: 1198, 0s: 1072
True Labels - 1s: 1160, 0s: 1110
-------------------------------
Epoch [2/12] Loss: 0.4258, Accuracy: 79.91 %
-------------------------------
-------- Validation --------
Predictions - 1s: 410, 0s: 158
True Labels - 1s: 328, 0s: 240
Validation Loss: 0.5005, Validation Accuracy: 77.11 %
-------- Validation finished --------
Epoch [3/12], Step [100/568], Loss: 0.4188, Accuracy: 80.25 %
Epoch [3/12], Step [200/568], Loss: 0.3847, Accuracy: 83.12 %
Epoch [3/12], Step [300/568], Loss: 0.3623, Accuracy: 83.50 %
Epoch [3/12], Step [400/568], Loss: 0.3642, Accuracy: 83.19 %
Epoch [3/12], Step [500/568], Loss: 0.3662, Accuracy: 83.15 %
Predictions - 1s: 1194, 0s: 1076
True Labels - 1s: 1160, 0s: 1110
-------------------------------
Epoch [3/12] Loss: 0.3688, Accuracy: 83.08 %
-------------------------------
-------- Validation --------
Predictions - 1s: 355, 0s: 213
True Labels - 1s: 328, 0s: 240
Validation Loss: 0.4977, Validation Accuracy: 77.64 %
-------- Validation finished --------
Epoch [4/12], Step [100/568], Loss: 0.3089, Accuracy: 86.50 %
Epoch [4/12], Step [200/568], Loss: 0.3104, Accuracy: 86.62 %
Epoch [4/12], Step [300/568], Loss: 0.3096, Accuracy: 86.33 %
Epoch [4/12], Step [400/568], Loss: 0.3112, Accuracy: 86.62 %
Epoch [4/12], Step [500/568], Loss: 0.3203, Accuracy: 86.05 %
Predictions - 1s: 1204, 0s: 1066
True Labels - 1s: 1160, 0s: 1110
-------------------------------
Epoch [4/12] Loss: 0.3190, Accuracy: 85.99 %
-------------------------------
-------- Validation --------
Predictions - 1s: 365, 0s: 203
True Labels - 1s: 328, 0s: 240
Validation Loss: 0.5392, Validation Accuracy: 76.58 %
-------- Validation finished --------
Epoch [5/12], Step [100/568], Loss: 0.2985, Accuracy: 86.00 %
Epoch [5/12], Step [200/568], Loss: 0.2552, Accuracy: 88.88 %
Epoch [5/12], Step [300/568], Loss: 0.2730, Accuracy: 88.17 %
Epoch [5/12], Step [400/568], Loss: 0.2641, Accuracy: 88.50 %
Epoch [5/12], Step [500/568], Loss: 0.2697, Accuracy: 88.35 %
Predictions - 1s: 1177, 0s: 1093
True Labels - 1s: 1160, 0s: 1110
-------------------------------
Epoch [5/12] Loss: 0.2718, Accuracy: 88.41 %
-------------------------------
-------- Validation --------
Predictions - 1s: 320, 0s: 248
True Labels - 1s: 328, 0s: 240
Validation Loss: 0.5743, Validation Accuracy: 74.65 %
-------- Validation finished --------
Epoch [6/12], Step [100/568], Loss: 0.2083, Accuracy: 92.00 %
Epoch [6/12], Step [200/568], Loss: 0.2108, Accuracy: 91.88 %
Epoch [6/12], Step [300/568], Loss: 0.2049, Accuracy: 92.25 %
Epoch [6/12], Step [400/568], Loss: 0.2078, Accuracy: 91.75 %
Epoch [6/12], Step [500/568], Loss: 0.2146, Accuracy: 91.15 %
Predictions - 1s: 1181, 0s: 1089
True Labels - 1s: 1160, 0s: 1110
-------------------------------
Epoch [6/12] Loss: 0.2136, Accuracy: 91.32 %
-------------------------------
-------- Validation --------
Predictions - 1s: 318, 0s: 250
True Labels - 1s: 328, 0s: 240
Validation Loss: 0.6272, Validation Accuracy: 74.30 %
-------- Validation finished --------
Epoch [7/12], Step [100/568], Loss: 0.1645, Accuracy: 93.50 %
Epoch [7/12], Step [200/568], Loss: 0.1505, Accuracy: 94.88 %
Epoch [7/12], Step [300/568], Loss: 0.1501, Accuracy: 94.83 %
Epoch [7/12], Step [400/568], Loss: 0.1485, Accuracy: 94.50 %
Epoch [7/12], Step [500/568], Loss: 0.1550, Accuracy: 93.90 %
Predictions - 1s: 1187, 0s: 1083
True Labels - 1s: 1160, 0s: 1110
-------------------------------
Epoch [7/12] Loss: 0.1625, Accuracy: 93.44 %
-------------------------------
-------- Validation --------
Predictions - 1s: 355, 0s: 213
True Labels - 1s: 328, 0s: 240
Validation Loss: 0.7278, Validation Accuracy: 76.58 %
-------- Validation finished --------
Epoch [8/12], Step [100/568], Loss: 0.1795, Accuracy: 92.00 %
Epoch [8/12], Step [200/568], Loss: 0.1513, Accuracy: 94.00 %
Epoch [8/12], Step [300/568], Loss: 0.1428, Accuracy: 94.08 %
Epoch [8/12], Step [400/568], Loss: 0.1373, Accuracy: 94.44 %
Epoch [8/12], Step [500/568], Loss: 0.1307, Accuracy: 94.80 %
Predictions - 1s: 1164, 0s: 1106
True Labels - 1s: 1160, 0s: 1110
-------------------------------
Epoch [8/12] Loss: 0.1369, Accuracy: 94.45 %
-------------------------------
-------- Validation --------
Predictions - 1s: 355, 0s: 213
True Labels - 1s: 328, 0s: 240
Validation Loss: 0.7642, Validation Accuracy: 76.23 %
-------- Validation finished --------
Epoch [9/12], Step [100/568], Loss: 0.1348, Accuracy: 95.75 %
Epoch [9/12], Step [200/568], Loss: 0.1258, Accuracy: 95.88 %
Epoch [9/12], Step [300/568], Loss: 0.1255, Accuracy: 95.58 %
Epoch [9/12], Step [400/568], Loss: 0.1168, Accuracy: 95.69 %
Epoch [9/12], Step [500/568], Loss: 0.1192, Accuracy: 95.55 %
Predictions - 1s: 1164, 0s: 1106
True Labels - 1s: 1160, 0s: 1110
-------------------------------
Epoch [9/12] Loss: 0.1153, Accuracy: 95.77 %
-------------------------------
-------- Validation --------
Predictions - 1s: 331, 0s: 237
True Labels - 1s: 328, 0s: 240
Validation Loss: 0.8040, Validation Accuracy: 75.53 %
-------- Validation finished --------
Epoch [10/12], Step [100/568], Loss: 0.0834, Accuracy: 97.25 %
Epoch [10/12], Step [200/568], Loss: 0.0925, Accuracy: 96.50 %
Epoch [10/12], Step [300/568], Loss: 0.1035, Accuracy: 96.42 %
Epoch [10/12], Step [400/568], Loss: 0.1008, Accuracy: 96.50 %
Epoch [10/12], Step [500/568], Loss: 0.1011, Accuracy: 96.50 %
Predictions - 1s: 1164, 0s: 1106
True Labels - 1s: 1160, 0s: 1110
-------------------------------
Epoch [10/12] Loss: 0.1022, Accuracy: 96.39 %
-------------------------------
-------- Validation --------
Predictions - 1s: 329, 0s: 239
True Labels - 1s: 328, 0s: 240
Validation Loss: 0.8662, Validation Accuracy: 76.23 %
-------- Validation finished --------
Epoch [11/12], Step [100/568], Loss: 0.0830, Accuracy: 96.75 %
Epoch [11/12], Step [200/568], Loss: 0.0809, Accuracy: 96.75 %
Epoch [11/12], Step [300/568], Loss: 0.0825, Accuracy: 96.42 %
Epoch [11/12], Step [400/568], Loss: 0.0778, Accuracy: 96.81 %
Epoch [11/12], Step [500/568], Loss: 0.0781, Accuracy: 96.90 %
Predictions - 1s: 1164, 0s: 1106
True Labels - 1s: 1160, 0s: 1110
-------------------------------
Epoch [11/12] Loss: 0.0785, Accuracy: 96.92 %
-------------------------------
-------- Validation --------
Predictions - 1s: 313, 0s: 255
True Labels - 1s: 328, 0s: 240
Validation Loss: 0.8883, Validation Accuracy: 75.18 %
-------- Validation finished --------
Epoch [12/12], Step [100/568], Loss: 0.0725, Accuracy: 97.00 %
Epoch [12/12], Step [200/568], Loss: 0.0815, Accuracy: 96.25 %
Epoch [12/12], Step [300/568], Loss: 0.0783, Accuracy: 96.50 %
Epoch [12/12], Step [400/568], Loss: 0.0796, Accuracy: 96.62 %
Epoch [12/12], Step [500/568], Loss: 0.0795, Accuracy: 96.70 %
Predictions - 1s: 1166, 0s: 1104
True Labels - 1s: 1160, 0s: 1110
-------------------------------
Epoch [12/12] Loss: 0.0779, Accuracy: 96.83 %
-------------------------------
-------- Validation --------
Predictions - 1s: 329, 0s: 239
True Labels - 1s: 328, 0s: 240
Validation Loss: 0.8941, Validation Accuracy: 75.88 %
-------- Validation finished --------
Best model in epoch 1 saved with with Validation Loss: 0.4754 and Validation Accuracy: 76.76 %

-------- Training finished in 1:45 --------

Test flag enabled. Testing the model

-------- Loading best model from model_path --------
Loaded model bert-small from date 19-03-2024 18:52. Trained with Centralised Machine Learning technology.
Epoch 1, lr: 6e-05, optimizer: AdamW
Train accuracy: 73.17 %, Validation accuracy: 76.76 %
-------- Best model loaded --------

-------- Creating Test Dataloader --------
Test Loader: 715 total sentences. 90 batches of size 8.
-------- Test Dataloader created --------

-------- Testing --------
Predictions - 1s: 479, 0s: 236
True Labels - 1s: 369, 0s: 346
Nº of test samples: 715
Accuracy: 73.99%
Accuracy 2 : 73.99%
Precision: 76.50%
Recall: 73.46%
F1 Score: 73.05%
Classification report:
              precision    recall  f1-score   support

           0     0.8390    0.5723    0.6804       346
           1     0.6910    0.8970    0.7807       369

    accuracy                         0.7399       715
   macro avg     0.7650    0.7346    0.7305       715
weighted avg     0.7626    0.7399    0.7321       715

-------- Testing finished --------
