Current configuration:
{
    "concurrency_flag": true,
    "data_distribution": "iid",
    "dataset": "dreaddit",
    "device": "cuda",
    "dp_delta": 0.003,
    "dp_epsilon": 0.0,
    "eval_batch_size": 4,
    "eval_flag": true,
    "eval_size": 0.2,
    "fed_alg": "fedavg",
    "layers": 3,
    "learning_rate": 6e-05,
    "max_length": 512,
    "ml_mode": "ml",
    "model": "bert_tiny",
    "model_name": "ml_tiny_seed3_dreaddit",
    "models_path": "/local/vpaloma/fabric-federated-learning/ablation_study/phase-2/4-execution_time/dreaddit/",
    "mu": 0.5,
    "num_clients": 5,
    "num_epochs": 12,
    "num_rounds": 4,
    "optimizer": "AdamW",
    "progress_bar_flag": false,
    "save_model": true,
    "scheduler": "linear",
    "scheduler_warmup_steps": 0,
    "seed": 331,
    "test_flag": true,
    "train_batch_size": 4,
    "train_size": 0.8
}
-------- Configuration loaded --------

-------- Setting device --------
cuda device selected and available.
-------- Device set --------

-------- Setting seed --------
-------- Seed set --------

-------- Creating Model --------
-------- Model created --------

-------- Setting Trainable Layers --------
Training the last 3 layers.

Total parameters count: 4386178
Trainable parameters count: 215042
-------- Trainable Layers set --------

-------- Creating Tokenizer --------
-------- Tokenizer created --------

-------- Creating Train and Eval Dataloaders --------
Train Loader: 2270 total sentences. 568 batches of size 4.
Eval Loader: 568 total sentences. 142 batches of size 4.
-------- Train and Eval Dataloaders created --------

-------- Creating Optimizer --------
-------- Optimizer created --------

-------- Creating Scheduler --------
-------- Scheduler created --------

-------- Training --------
Training with Centralised Machine Learning technology.
Training without differential privacy.
Concurrency flag is set to True, but ml mode is selected. Concurrency flag will be ignored.
Epoch [1/12], Step [100/568], Loss: 0.6862, Accuracy: 55.00 %
Epoch [1/12], Step [200/568], Loss: 0.6729, Accuracy: 58.75 %
Epoch [1/12], Step [300/568], Loss: 0.6555, Accuracy: 62.08 %
Epoch [1/12], Step [400/568], Loss: 0.6442, Accuracy: 63.25 %
Epoch [1/12], Step [500/568], Loss: 0.6262, Accuracy: 65.55 %
Predictions - 1s: 1423, 0s: 847
True Labels - 1s: 1173, 0s: 1097
-------------------------------
Epoch [1/12] Loss: 0.6231, Accuracy: 65.81 %
-------------------------------
-------- Validation --------
Predictions - 1s: 409, 0s: 159
True Labels - 1s: 315, 0s: 253
Validation Loss: 0.5743, Validation Accuracy: 69.72 %
-------- Validation finished --------
Updated best model in epoch 1 saved with Validation Loss: 0.5743 and Validation Accuracy: 69.72 %
-------------------------------
Epoch [2/12], Step [100/568], Loss: 0.5499, Accuracy: 72.75 %
Epoch [2/12], Step [200/568], Loss: 0.5354, Accuracy: 73.88 %
Epoch [2/12], Step [300/568], Loss: 0.5409, Accuracy: 73.08 %
Epoch [2/12], Step [400/568], Loss: 0.5474, Accuracy: 72.12 %
Epoch [2/12], Step [500/568], Loss: 0.5371, Accuracy: 72.90 %
Predictions - 1s: 1244, 0s: 1026
True Labels - 1s: 1173, 0s: 1097
-------------------------------
Epoch [2/12] Loss: 0.5333, Accuracy: 73.44 %
-------------------------------
-------- Validation --------
Predictions - 1s: 316, 0s: 252
True Labels - 1s: 315, 0s: 253
Validation Loss: 0.5405, Validation Accuracy: 72.01 %
-------- Validation finished --------
Updated best model in epoch 2 saved with Validation Loss: 0.5405 and Validation Accuracy: 72.01 %
-------------------------------
Epoch [3/12], Step [100/568], Loss: 0.4934, Accuracy: 78.25 %
Epoch [3/12], Step [200/568], Loss: 0.5169, Accuracy: 75.75 %
Epoch [3/12], Step [300/568], Loss: 0.5014, Accuracy: 76.33 %
Epoch [3/12], Step [400/568], Loss: 0.5166, Accuracy: 74.81 %
Epoch [3/12], Step [500/568], Loss: 0.5066, Accuracy: 75.40 %
Predictions - 1s: 1218, 0s: 1052
True Labels - 1s: 1173, 0s: 1097
-------------------------------
Epoch [3/12] Loss: 0.5091, Accuracy: 75.29 %
-------------------------------
-------- Validation --------
Predictions - 1s: 387, 0s: 181
True Labels - 1s: 315, 0s: 253
Validation Loss: 0.5371, Validation Accuracy: 71.48 %
-------- Validation finished --------
Updated best model in epoch 3 saved with Validation Loss: 0.5371 and Validation Accuracy: 71.48 %
-------------------------------
Epoch [4/12], Step [100/568], Loss: 0.4827, Accuracy: 76.75 %
Epoch [4/12], Step [200/568], Loss: 0.4989, Accuracy: 75.00 %
Epoch [4/12], Step [300/568], Loss: 0.4989, Accuracy: 74.75 %
Epoch [4/12], Step [400/568], Loss: 0.4989, Accuracy: 74.88 %
Epoch [4/12], Step [500/568], Loss: 0.4969, Accuracy: 75.40 %
Predictions - 1s: 1220, 0s: 1050
True Labels - 1s: 1173, 0s: 1097
-------------------------------
Epoch [4/12] Loss: 0.5008, Accuracy: 75.11 %
-------------------------------
-------- Validation --------
Predictions - 1s: 398, 0s: 170
True Labels - 1s: 315, 0s: 253
Validation Loss: 0.5333, Validation Accuracy: 71.30 %
-------- Validation finished --------
Updated best model in epoch 4 saved with Validation Loss: 0.5333 and Validation Accuracy: 71.30 %
-------------------------------
Epoch [5/12], Step [100/568], Loss: 0.5343, Accuracy: 72.75 %
Epoch [5/12], Step [200/568], Loss: 0.5171, Accuracy: 74.25 %
Epoch [5/12], Step [300/568], Loss: 0.5115, Accuracy: 74.50 %
Epoch [5/12], Step [400/568], Loss: 0.5052, Accuracy: 75.06 %
Epoch [5/12], Step [500/568], Loss: 0.5024, Accuracy: 75.15 %
Predictions - 1s: 1240, 0s: 1030
True Labels - 1s: 1173, 0s: 1097
-------------------------------
Epoch [5/12] Loss: 0.4957, Accuracy: 75.64 %
-------------------------------
-------- Validation --------
Predictions - 1s: 370, 0s: 198
True Labels - 1s: 315, 0s: 253
Validation Loss: 0.5197, Validation Accuracy: 73.06 %
-------- Validation finished --------
Updated best model in epoch 5 saved with Validation Loss: 0.5197 and Validation Accuracy: 73.06 %
-------------------------------
Epoch [6/12], Step [100/568], Loss: 0.4605, Accuracy: 78.50 %
Epoch [6/12], Step [200/568], Loss: 0.4679, Accuracy: 77.62 %
Epoch [6/12], Step [300/568], Loss: 0.4814, Accuracy: 76.83 %
Epoch [6/12], Step [400/568], Loss: 0.4823, Accuracy: 77.06 %
Epoch [6/12], Step [500/568], Loss: 0.4805, Accuracy: 76.90 %
Predictions - 1s: 1212, 0s: 1058
True Labels - 1s: 1173, 0s: 1097
-------------------------------
Epoch [6/12] Loss: 0.4777, Accuracy: 77.14 %
-------------------------------
-------- Validation --------
Predictions - 1s: 384, 0s: 184
True Labels - 1s: 315, 0s: 253
Validation Loss: 0.5284, Validation Accuracy: 72.01 %
-------- Validation finished --------
Epoch [7/12], Step [100/568], Loss: 0.4782, Accuracy: 76.50 %
Epoch [7/12], Step [200/568], Loss: 0.4864, Accuracy: 75.50 %
Epoch [7/12], Step [300/568], Loss: 0.4820, Accuracy: 75.67 %
Epoch [7/12], Step [400/568], Loss: 0.4768, Accuracy: 75.88 %
Epoch [7/12], Step [500/568], Loss: 0.4735, Accuracy: 76.25 %
Predictions - 1s: 1229, 0s: 1041
True Labels - 1s: 1173, 0s: 1097
-------------------------------
Epoch [7/12] Loss: 0.4755, Accuracy: 76.39 %
-------------------------------
-------- Validation --------
Predictions - 1s: 362, 0s: 206
True Labels - 1s: 315, 0s: 253
Validation Loss: 0.5132, Validation Accuracy: 72.36 %
-------- Validation finished --------
Updated best model in epoch 7 saved with Validation Loss: 0.5132 and Validation Accuracy: 72.36 %
-------------------------------
Epoch [8/12], Step [100/568], Loss: 0.4879, Accuracy: 77.25 %
Epoch [8/12], Step [200/568], Loss: 0.4461, Accuracy: 78.75 %
Epoch [8/12], Step [300/568], Loss: 0.4560, Accuracy: 77.75 %
Epoch [8/12], Step [400/568], Loss: 0.4561, Accuracy: 78.00 %
Epoch [8/12], Step [500/568], Loss: 0.4643, Accuracy: 77.35 %
Predictions - 1s: 1235, 0s: 1035
True Labels - 1s: 1173, 0s: 1097
-------------------------------
Epoch [8/12] Loss: 0.4668, Accuracy: 77.09 %
-------------------------------
-------- Validation --------
Predictions - 1s: 312, 0s: 256
True Labels - 1s: 315, 0s: 253
Validation Loss: 0.5145, Validation Accuracy: 73.06 %
-------- Validation finished --------
Epoch [9/12], Step [100/568], Loss: 0.4395, Accuracy: 79.25 %
Epoch [9/12], Step [200/568], Loss: 0.4413, Accuracy: 78.88 %
Epoch [9/12], Step [300/568], Loss: 0.4455, Accuracy: 78.42 %
Epoch [9/12], Step [400/568], Loss: 0.4524, Accuracy: 77.88 %
Epoch [9/12], Step [500/568], Loss: 0.4588, Accuracy: 77.25 %
Predictions - 1s: 1222, 0s: 1048
True Labels - 1s: 1173, 0s: 1097
-------------------------------
Epoch [9/12] Loss: 0.4628, Accuracy: 77.14 %
-------------------------------
-------- Validation --------
Predictions - 1s: 381, 0s: 187
True Labels - 1s: 315, 0s: 253
Validation Loss: 0.5249, Validation Accuracy: 73.24 %
-------- Validation finished --------
Epoch [10/12], Step [100/568], Loss: 0.4749, Accuracy: 78.00 %
Epoch [10/12], Step [200/568], Loss: 0.4747, Accuracy: 77.75 %
Epoch [10/12], Step [300/568], Loss: 0.4645, Accuracy: 77.67 %
Epoch [10/12], Step [400/568], Loss: 0.4648, Accuracy: 77.56 %
Epoch [10/12], Step [500/568], Loss: 0.4592, Accuracy: 77.75 %
Predictions - 1s: 1245, 0s: 1025
True Labels - 1s: 1173, 0s: 1097
-------------------------------
Epoch [10/12] Loss: 0.4626, Accuracy: 77.71 %
-------------------------------
-------- Validation --------
Predictions - 1s: 337, 0s: 231
True Labels - 1s: 315, 0s: 253
Validation Loss: 0.5151, Validation Accuracy: 72.89 %
-------- Validation finished --------
Epoch [11/12], Step [100/568], Loss: 0.4647, Accuracy: 80.25 %
Epoch [11/12], Step [200/568], Loss: 0.4622, Accuracy: 78.88 %
Epoch [11/12], Step [300/568], Loss: 0.4565, Accuracy: 79.08 %
Epoch [11/12], Step [400/568], Loss: 0.4522, Accuracy: 78.69 %
Epoch [11/12], Step [500/568], Loss: 0.4531, Accuracy: 78.85 %
Predictions - 1s: 1199, 0s: 1071
True Labels - 1s: 1173, 0s: 1097
-------------------------------
Epoch [11/12] Loss: 0.4523, Accuracy: 78.85 %
-------------------------------
-------- Validation --------
Predictions - 1s: 358, 0s: 210
True Labels - 1s: 315, 0s: 253
Validation Loss: 0.5184, Validation Accuracy: 73.06 %
-------- Validation finished --------
Epoch [12/12], Step [100/568], Loss: 0.4533, Accuracy: 77.00 %
Epoch [12/12], Step [200/568], Loss: 0.4464, Accuracy: 76.88 %
Epoch [12/12], Step [300/568], Loss: 0.4502, Accuracy: 76.83 %
Epoch [12/12], Step [400/568], Loss: 0.4587, Accuracy: 76.94 %
Epoch [12/12], Step [500/568], Loss: 0.4497, Accuracy: 77.85 %
Predictions - 1s: 1211, 0s: 1059
True Labels - 1s: 1173, 0s: 1097
-------------------------------
Epoch [12/12] Loss: 0.4486, Accuracy: 77.97 %
-------------------------------
-------- Validation --------
Predictions - 1s: 364, 0s: 204
True Labels - 1s: 315, 0s: 253
Validation Loss: 0.5189, Validation Accuracy: 72.71 %
-------- Validation finished --------
Best model in epoch 7 saved with with Validation Loss: 0.5132 and Validation Accuracy: 72.36 %

-------- Training finished in 1:19 --------

Test flag enabled. Testing the model

-------- Loading best model from model_path --------
Loaded model bert-tiny from date 21-03-2024 15:30. Trained with Centralised Machine Learning technology.
Epoch 7, lr: 6e-05, optimizer: AdamW
Train accuracy: 76.39 %, Validation accuracy: 72.36 %
-------- Best model loaded --------

-------- Creating Test Dataloader --------
Test Loader: 715 total sentences. 90 batches of size 8.
-------- Test Dataloader created --------

-------- Testing --------
Predictions - 1s: 441, 0s: 274
True Labels - 1s: 369, 0s: 346
Nº of test samples: 715
Accuracy: 72.31%
Accuracy 2 : 72.31%
Precision: 73.20%
Recall: 71.95%
F1 Score: 71.81%
Classification report:
              precision    recall  f1-score   support

           0     0.7701    0.6098    0.6806       346
           1     0.6939    0.8293    0.7556       369

    accuracy                         0.7231       715
   macro avg     0.7320    0.7195    0.7181       715
weighted avg     0.7307    0.7231    0.7193       715

-------- Testing finished --------
