Current configuration:
{
    "concurrency_flag": true,
    "data_distribution": "iid",
    "dataset": "acl_dep_sad",
    "device": "cuda",
    "dp_delta": 0.003,
    "dp_epsilon": 0.0,
    "eval_batch_size": 4,
    "eval_flag": true,
    "eval_size": 0.2,
    "fed_alg": "fedavg",
    "layers": 3,
    "learning_rate": 6e-05,
    "max_length": 512,
    "ml_mode": "fl",
    "model": "bert_mini",
    "model_name": "fl_mini_seed2_acl_dep_sad",
    "models_path": "/local/vpaloma/fabric-federated-learning/ablation_study/phase-2/4-execution_time/acl_dep_sad/",
    "mu": 0.5,
    "num_clients": 5,
    "num_epochs": 3,
    "num_rounds": 4,
    "optimizer": "AdamW",
    "progress_bar_flag": false,
    "save_model": true,
    "scheduler": "linear",
    "scheduler_warmup_steps": 0,
    "seed": 221,
    "test_flag": true,
    "train_batch_size": 4,
    "train_size": 0.8
}
-------- Configuration loaded --------

-------- Setting device --------
cuda device selected and available.
-------- Device set --------

-------- Setting seed --------
-------- Seed set --------

-------- Creating Model --------
-------- Model created --------

-------- Setting Trainable Layers --------
Training the last 3 layers.

Total parameters count: 11171074
Trainable parameters count: 856066
-------- Trainable Layers set --------

-------- Creating Tokenizer --------
-------- Tokenizer created --------

-------- Creating Train and Eval Dataloaders --------
Train Loader: 2085 total sentences. 522 batches of size 4.
Eval Loader: 521 total sentences. 131 batches of size 4.
-------- Train and Eval Dataloaders created --------

-------- Training --------
Training with Federated Learning technology.
Training without differential privacy.
Federated averaging algorithm selected.
Client 0: Label 0: 225, Label 1: 192
Client 1: Label 0: 236, Label 1: 181
Client 2: Label 0: 259, Label 1: 158
Client 3: Label 0: 230, Label 1: 187
Client 4: Label 0: 261, Label 1: 156

Round 1 of 4
-------------------------------
Predictions - 1s: 140, 0s: 277
True Labels - 1s: 187, 0s: 230
Client 4 of 5: Local Epoch [1/3] Loss: 0.5896, Accuracy: 72.42 %
Predictions - 1s: 93, 0s: 324
True Labels - 1s: 156, 0s: 261
Client 5 of 5: Local Epoch [1/3] Loss: 0.6062, Accuracy: 67.63 %
Predictions - 1s: 181, 0s: 236
True Labels - 1s: 192, 0s: 225
Client 1 of 5: Local Epoch [1/3] Loss: 0.6128, Accuracy: 71.46 %
Predictions - 1s: 139, 0s: 278
True Labels - 1s: 181, 0s: 236
Client 2 of 5: Local Epoch [1/3] Loss: 0.5899, Accuracy: 76.98 %
Predictions - 1s: 74, 0s: 343
True Labels - 1s: 158, 0s: 259
Client 3 of 5: Local Epoch [1/3] Loss: 0.5768, Accuracy: 70.74 %
Predictions - 1s: 172, 0s: 245
True Labels - 1s: 187, 0s: 230
Client 4 of 5: Local Epoch [2/3] Loss: 0.4165, Accuracy: 86.33 %
Predictions - 1s: 122, 0s: 295
True Labels - 1s: 156, 0s: 261
Client 5 of 5: Local Epoch [2/3] Loss: 0.4817, Accuracy: 80.34 %
Predictions - 1s: 186, 0s: 231
True Labels - 1s: 192, 0s: 225
Client 1 of 5: Local Epoch [2/3] Loss: 0.4510, Accuracy: 84.17 %
Predictions - 1s: 138, 0s: 279
True Labels - 1s: 158, 0s: 259
Client 3 of 5: Local Epoch [2/3] Loss: 0.4334, Accuracy: 84.65 %
Predictions - 1s: 171, 0s: 246
True Labels - 1s: 181, 0s: 236
Client 2 of 5: Local Epoch [2/3] Loss: 0.4080, Accuracy: 87.53 %
Predictions - 1s: 184, 0s: 233
True Labels - 1s: 187, 0s: 230
Client 4 of 5: Local Epoch [3/3] Loss: 0.3356, Accuracy: 89.69 %
Predictions - 1s: 140, 0s: 277
True Labels - 1s: 156, 0s: 261
Client 5 of 5: Local Epoch [3/3] Loss: 0.4000, Accuracy: 83.69 %
Predictions - 1s: 190, 0s: 227
True Labels - 1s: 192, 0s: 225
Client 1 of 5: Local Epoch [3/3] Loss: 0.3743, Accuracy: 87.53 %
Predictions - 1s: 183, 0s: 234
True Labels - 1s: 181, 0s: 236
Client 2 of 5: Local Epoch [3/3] Loss: 0.3203, Accuracy: 89.93 %
Predictions - 1s: 150, 0s: 267
True Labels - 1s: 158, 0s: 259
Client 3 of 5: Local Epoch [3/3] Loss: 0.3530, Accuracy: 88.49 %
-------------------------------
Round [1/4] Average Local Loss: 0.3566, Average Local Accuracy: 87.87 %
-------------------------------
-------- Validation --------
Predictions - 1s: 175, 0s: 346
True Labels - 1s: 200, 0s: 321
Round [1/4] Global Model Validation Loss: 0.3271, Validation Accuracy: 86.76 %
-------- Validation finished --------
Updated best model in round 1 saved with Validation Loss: 0.3271 and Validation Accuracy: 86.76 %
-------------------------------

Round 2 of 4
-------------------------------
Predictions - 1s: 152, 0s: 265
True Labels - 1s: 158, 0s: 259
Client 3 of 5: Local Epoch [1/3] Loss: 0.3349, Accuracy: 87.53 %
Predictions - 1s: 180, 0s: 237
True Labels - 1s: 187, 0s: 230
Client 4 of 5: Local Epoch [1/3] Loss: 0.3232, Accuracy: 89.21 %
Predictions - 1s: 193, 0s: 224
True Labels - 1s: 192, 0s: 225
Client 1 of 5: Local Epoch [1/3] Loss: 0.3568, Accuracy: 87.29 %
Predictions - 1s: 148, 0s: 269
True Labels - 1s: 156, 0s: 261
Client 5 of 5: Local Epoch [1/3] Loss: 0.3836, Accuracy: 83.69 %
Predictions - 1s: 178, 0s: 239
True Labels - 1s: 181, 0s: 236
Client 2 of 5: Local Epoch [1/3] Loss: 0.3142, Accuracy: 90.17 %
Predictions - 1s: 166, 0s: 251
True Labels - 1s: 158, 0s: 259
Client 3 of 5: Local Epoch [2/3] Loss: 0.3015, Accuracy: 88.97 %
Predictions - 1s: 178, 0s: 239
True Labels - 1s: 181, 0s: 236
Client 2 of 5: Local Epoch [2/3] Loss: 0.2557, Accuracy: 90.65 %
Predictions - 1s: 196, 0s: 221
True Labels - 1s: 192, 0s: 225
Client 1 of 5: Local Epoch [2/3] Loss: 0.2980, Accuracy: 87.53 %
Predictions - 1s: 163, 0s: 254
True Labels - 1s: 156, 0s: 261
Client 5 of 5: Local Epoch [2/3] Loss: 0.3150, Accuracy: 87.29 %
Predictions - 1s: 189, 0s: 228
True Labels - 1s: 187, 0s: 230
Client 4 of 5: Local Epoch [2/3] Loss: 0.2447, Accuracy: 91.37 %
Predictions - 1s: 156, 0s: 261
True Labels - 1s: 158, 0s: 259
Client 3 of 5: Local Epoch [3/3] Loss: 0.2653, Accuracy: 88.97 %
Predictions - 1s: 206, 0s: 211
True Labels - 1s: 192, 0s: 225
Client 1 of 5: Local Epoch [3/3] Loss: 0.2776, Accuracy: 88.49 %
Predictions - 1s: 183, 0s: 234
True Labels - 1s: 187, 0s: 230
Client 4 of 5: Local Epoch [3/3] Loss: 0.2394, Accuracy: 91.37 %
Predictions - 1s: 155, 0s: 262
True Labels - 1s: 156, 0s: 261
Client 5 of 5: Local Epoch [3/3] Loss: 0.2884, Accuracy: 87.77 %
Predictions - 1s: 183, 0s: 234
True Labels - 1s: 181, 0s: 236
Client 2 of 5: Local Epoch [3/3] Loss: 0.2570, Accuracy: 92.33 %
-------------------------------
Round [2/4] Average Local Loss: 0.2655, Average Local Accuracy: 89.78 %
-------------------------------
-------- Validation --------
Predictions - 1s: 190, 0s: 331
True Labels - 1s: 200, 0s: 321
Round [2/4] Global Model Validation Loss: 0.2680, Validation Accuracy: 90.02 %
-------- Validation finished --------
Updated best model in round 2 saved with Validation Loss: 0.2680 and Validation Accuracy: 90.02 %
-------------------------------

Round 3 of 4
-------------------------------
Predictions - 1s: 193, 0s: 224
True Labels - 1s: 192, 0s: 225
Client 1 of 5: Local Epoch [1/3] Loss: 0.2980, Accuracy: 88.73 %
Predictions - 1s: 182, 0s: 235
True Labels - 1s: 181, 0s: 236
Client 2 of 5: Local Epoch [1/3] Loss: 0.2490, Accuracy: 91.13 %
Predictions - 1s: 160, 0s: 257
Predictions - 1s: 184, 0s: 233
True Labels - 1s: 156, 0s: 261
True Labels - 1s: 187, 0s: 230
Client 4 of 5: Local Epoch [1/3] Loss: 0.2482, Accuracy: 91.13 %
Client 5 of 5: Local Epoch [1/3] Loss: 0.3188, Accuracy: 86.57 %
Predictions - 1s: 156, 0s: 261
True Labels - 1s: 158, 0s: 259
Client 3 of 5: Local Epoch [1/3] Loss: 0.3074, Accuracy: 88.01 %
Predictions - 1s: 203, 0s: 214
True Labels - 1s: 192, 0s: 225
Client 1 of 5: Local Epoch [2/3] Loss: 0.2343, Accuracy: 91.61 %
Predictions - 1s: 197, 0s: 220
True Labels - 1s: 192, 0s: 225
Client 1 of 5: Local Epoch [3/3] Loss: 0.2385, Accuracy: 90.65 %
Predictions - 1s: 175, 0s: 242
True Labels - 1s: 181, 0s: 236
Client 2 of 5: Local Epoch [2/3] Loss: 0.2395, Accuracy: 91.85 %
Predictions - 1s: 157, 0s: 260
True Labels - 1s: 156, 0s: 261
Client 5 of 5: Local Epoch [2/3] Loss: 0.2792, Accuracy: 87.29 %
Predictions - 1s: 189, 0s: 228
True Labels - 1s: 187, 0s: 230
Client 4 of 5: Local Epoch [2/3] Loss: 0.2273, Accuracy: 91.37 %
Predictions - 1s: 162, 0s: 255
True Labels - 1s: 158, 0s: 259
Client 3 of 5: Local Epoch [2/3] Loss: 0.2592, Accuracy: 90.41 %
Predictions - 1s: 190, 0s: 227
True Labels - 1s: 187, 0s: 230
Client 4 of 5: Local Epoch [3/3] Loss: 0.2033, Accuracy: 93.05 %
Predictions - 1s: 182, 0s: 235
True Labels - 1s: 181, 0s: 236
Client 2 of 5: Local Epoch [3/3] Loss: 0.2047, Accuracy: 93.05 %
Predictions - 1s: 166, 0s: 251
Predictions - 1s: 167, 0s: 250
True Labels - 1s: 156, 0s: 261
Client 5 of 5: Local Epoch [3/3] Loss: 0.2551, Accuracy: 89.93 %
True Labels - 1s: 158, 0s: 259
Client 3 of 5: Local Epoch [3/3] Loss: 0.2501, Accuracy: 89.69 %
-------------------------------
Round [3/4] Average Local Loss: 0.2303, Average Local Accuracy: 91.27 %
-------------------------------
-------- Validation --------
Predictions - 1s: 189, 0s: 332
True Labels - 1s: 200, 0s: 321
Round [3/4] Global Model Validation Loss: 0.2492, Validation Accuracy: 90.21 %
-------- Validation finished --------
Updated best model in round 3 saved with Validation Loss: 0.2492 and Validation Accuracy: 90.21 %
-------------------------------

Round 4 of 4
-------------------------------
Predictions - 1s: 199, 0s: 218
True Labels - 1s: 192, 0s: 225
Client 1 of 5: Local Epoch [1/3] Loss: 0.2828, Accuracy: 88.73 %
Predictions - 1s: 181, 0s: 236
Predictions - 1s: 165, 0s: 252
True Labels - 1s: 181, 0s: 236
Client 2 of 5: Local Epoch [1/3] Loss: 0.2296, Accuracy: 92.33 %
True Labels - 1s: 158, 0s: 259
Predictions - 1s: 170, 0s: 247
Client 3 of 5: Local Epoch [1/3] Loss: 0.2675, Accuracy: 90.17 %
True Labels - 1s: 156, 0s: 261
Client 5 of 5: Local Epoch [1/3] Loss: 0.2941, Accuracy: 88.01 %
Predictions - 1s: 190, 0s: 227
True Labels - 1s: 187, 0s: 230
Client 4 of 5: Local Epoch [1/3] Loss: 0.2297, Accuracy: 91.61 %
Predictions - 1s: 163, 0s: 254
True Labels - 1s: 156, 0s: 261
Client 5 of 5: Local Epoch [2/3] Loss: 0.2614, Accuracy: 90.17 %
Predictions - 1s: 179, 0s: 238
True Labels - 1s: 181, 0s: 236
Client 2 of 5: Local Epoch [2/3] Loss: 0.2141, Accuracy: 91.85 %
Predictions - 1s: 162, 0s: 255
True Labels - 1s: 158, 0s: 259
Client 3 of 5: Local Epoch [2/3] Loss: 0.2402, Accuracy: 89.93 %
Predictions - 1s: 194, 0s: 223
True Labels - 1s: 192, 0s: 225
Client 1 of 5: Local Epoch [2/3] Loss: 0.2512, Accuracy: 90.41 %
Predictions - 1s: 188, 0s: 229
True Labels - 1s: 187, 0s: 230
Client 4 of 5: Local Epoch [2/3] Loss: 0.2084, Accuracy: 92.57 %
Predictions - 1s: 153, 0s: 264
True Labels - 1s: 156, 0s: 261
Client 5 of 5: Local Epoch [3/3] Loss: 0.2530, Accuracy: 90.17 %
Predictions - 1s: 189, 0s: 228
Predictions - 1s: 193, 0s: 224
Predictions - 1s: 202, 0s: 215
True Labels - 1s: 181, 0s: 236
True Labels - 1s: 187, 0s: 230
Client 4 of 5: Local Epoch [3/3] Loss: 0.1911, Accuracy: 93.29 %
Predictions - 1s: 159, 0s: 258
Client 2 of 5: Local Epoch [3/3] Loss: 0.1945, Accuracy: 92.33 %
True Labels - 1s: 158, 0s: 259
Client 3 of 5: Local Epoch [3/3] Loss: 0.2031, Accuracy: 92.57 %
True Labels - 1s: 192, 0s: 225
Client 1 of 5: Local Epoch [3/3] Loss: 0.2090, Accuracy: 91.85 %
-------------------------------
Round [4/4] Average Local Loss: 0.2101, Average Local Accuracy: 92.04 %
-------------------------------
-------- Validation --------
Predictions - 1s: 191, 0s: 330
True Labels - 1s: 200, 0s: 321
Round [4/4] Global Model Validation Loss: 0.2355, Validation Accuracy: 90.60 %
-------- Validation finished --------
Updated best model in round 4 saved with Validation Loss: 0.2355 and Validation Accuracy: 90.60 %
-------------------------------
Best model in round 4 saved with Validation Loss: 0.2355 and Validation Accuracy: 90.60 %

-------- Training finished in 1:39 --------

Test flag enabled. Testing the model

-------- Loading best model from model_path --------
Loaded model bert-mini from date 21-03-2024 11:10. Trained with Federated Learning technology.
Round 4, lr: 6e-05, optimizer: AdamW
Average train accuracy: 92.04 %, Validation accuracy: 90.60 %
-------- Best model loaded --------

-------- Creating Test Dataloader --------
Test Loader: 650 total sentences. 82 batches of size 8.
-------- Test Dataloader created --------

-------- Testing --------
Predictions - 1s: 262, 0s: 388
True Labels - 1s: 268, 0s: 382
Nº of test samples: 650
Accuracy: 88.62%
Accuracy 2 : 88.62%
Precision: 88.36%
Recall: 88.09%
F1 Score: 88.21%
Classification report:
              precision    recall  f1-score   support

           0     0.8969    0.9110    0.9039       382
           1     0.8702    0.8507    0.8604       268

    accuracy                         0.8862       650
   macro avg     0.8836    0.8809    0.8821       650
weighted avg     0.8859    0.8862    0.8860       650

-------- Testing finished --------
