Current configuration:
{
    "concurrency_flag": true,
    "data_distribution": "iid",
    "dataset": "acl_dep_sad",
    "device": "cuda",
    "dp_delta": 0.003,
    "dp_epsilon": 0.0,
    "eval_batch_size": 4,
    "eval_flag": true,
    "eval_size": 0.2,
    "fed_alg": "fedavg",
    "layers": 3,
    "learning_rate": 6e-05,
    "max_length": 512,
    "ml_mode": "fl",
    "model": "bert_medium",
    "model_name": "fl_medium_seed2_acl_dep_sad",
    "models_path": "/local/vpaloma/fabric-federated-learning/ablation_study/phase-2/4-execution_time/acl_dep_sad/",
    "mu": 0.5,
    "num_clients": 5,
    "num_epochs": 3,
    "num_rounds": 4,
    "optimizer": "AdamW",
    "progress_bar_flag": false,
    "save_model": true,
    "scheduler": "linear",
    "scheduler_warmup_steps": 0,
    "seed": 221,
    "test_flag": true,
    "train_batch_size": 4,
    "train_size": 0.8
}
-------- Configuration loaded --------

-------- Setting device --------
cuda device selected and available.
-------- Device set --------

-------- Setting seed --------
-------- Seed set --------

-------- Creating Model --------
-------- Model created --------

-------- Setting Trainable Layers --------
Training the last 3 layers.

Total parameters count: 41374210
Trainable parameters count: 3416066
-------- Trainable Layers set --------

-------- Creating Tokenizer --------
-------- Tokenizer created --------

-------- Creating Train and Eval Dataloaders --------
Train Loader: 2085 total sentences. 522 batches of size 4.
Eval Loader: 521 total sentences. 131 batches of size 4.
-------- Train and Eval Dataloaders created --------

-------- Training --------
Training with Federated Learning technology.
Training without differential privacy.
Federated averaging algorithm selected.
Client 0: Label 0: 225, Label 1: 192
Client 1: Label 0: 236, Label 1: 181
Client 2: Label 0: 259, Label 1: 158
Client 3: Label 0: 230, Label 1: 187
Client 4: Label 0: 261, Label 1: 156

Round 1 of 4
-------------------------------
Predictions - 1s: 147, 0s: 270
True Labels - 1s: 187, 0s: 230
Client 4 of 5: Local Epoch [1/3] Loss: 0.4509, Accuracy: 79.86 %
Predictions - 1s: 107, 0s: 310
True Labels - 1s: 158, 0s: 259
Client 3 of 5: Local Epoch [1/3] Loss: 0.4880, Accuracy: 76.26 %
Predictions - 1s: 95, 0s: 322
True Labels - 1s: 156, 0s: 261
Client 5 of 5: Local Epoch [1/3] Loss: 0.4865, Accuracy: 75.30 %
Predictions - 1s: 129, 0s: 288
True Labels - 1s: 181, 0s: 236
Client 2 of 5: Local Epoch [1/3] Loss: 0.5017, Accuracy: 76.50 %
Predictions - 1s: 149, 0s: 268
True Labels - 1s: 192, 0s: 225
Client 1 of 5: Local Epoch [1/3] Loss: 0.5051, Accuracy: 74.82 %
Predictions - 1s: 195, 0s: 222
True Labels - 1s: 187, 0s: 230
Client 4 of 5: Local Epoch [2/3] Loss: 0.2284, Accuracy: 91.85 %
Predictions - 1s: 148, 0s: 269
True Labels - 1s: 158, 0s: 259
Client 3 of 5: Local Epoch [2/3] Loss: 0.2610, Accuracy: 90.41 %
Predictions - 1s: 155, 0s: 262
True Labels - 1s: 156, 0s: 261
Client 5 of 5: Local Epoch [2/3] Loss: 0.2956, Accuracy: 88.73 %
Predictions - 1s: 183, 0s: 234
True Labels - 1s: 181, 0s: 236
Client 2 of 5: Local Epoch [2/3] Loss: 0.2325, Accuracy: 92.81 %
Predictions - 1s: 197, 0s: 220
True Labels - 1s: 192, 0s: 225
Client 1 of 5: Local Epoch [2/3] Loss: 0.2844, Accuracy: 89.69 %
Predictions - 1s: 192, 0s: 225
True Labels - 1s: 187, 0s: 230
Client 4 of 5: Local Epoch [3/3] Loss: 0.1907, Accuracy: 92.57 %
Predictions - 1s: 159, 0s: 258
True Labels - 1s: 158, 0s: 259
Client 3 of 5: Local Epoch [3/3] Loss: 0.2067, Accuracy: 93.05 %
Predictions - 1s: 162, 0s: 255
True Labels - 1s: 156, 0s: 261
Client 5 of 5: Local Epoch [3/3] Loss: 0.2063, Accuracy: 93.29 %
Predictions - 1s: 184, 0s: 233
True Labels - 1s: 181, 0s: 236
Client 2 of 5: Local Epoch [3/3] Loss: 0.2195, Accuracy: 92.09 %
Predictions - 1s: 192, 0s: 225
True Labels - 1s: 192, 0s: 225
Client 1 of 5: Local Epoch [3/3] Loss: 0.2047, Accuracy: 93.29 %
-------------------------------
Round [1/4] Average Local Loss: 0.2056, Average Local Accuracy: 92.85 %
-------------------------------
-------- Validation --------
Predictions - 1s: 197, 0s: 324
True Labels - 1s: 200, 0s: 321
Round [1/4] Global Model Validation Loss: 0.2262, Validation Accuracy: 91.36 %
-------- Validation finished --------
Updated best model in round 1 saved with Validation Loss: 0.2262 and Validation Accuracy: 91.36 %
-------------------------------

Round 2 of 4
-------------------------------
Predictions - 1s: 162, 0s: 255
True Labels - 1s: 158, 0s: 259
Client 3 of 5: Local Epoch [1/3] Loss: 0.3103, Accuracy: 88.49 %
Predictions - 1s: 156, 0s: 261
True Labels - 1s: 156, 0s: 261
Client 5 of 5: Local Epoch [1/3] Loss: 0.2818, Accuracy: 90.41 %
Predictions - 1s: 189, 0s: 228
True Labels - 1s: 192, 0s: 225
Client 1 of 5: Local Epoch [1/3] Loss: 0.2651, Accuracy: 90.17 %
Predictions - 1s: 183, 0s: 234
True Labels - 1s: 181, 0s: 236
Client 2 of 5: Local Epoch [1/3] Loss: 0.2525, Accuracy: 91.85 %
Predictions - 1s: 182, 0s: 235
True Labels - 1s: 187, 0s: 230
Client 4 of 5: Local Epoch [1/3] Loss: 0.2277, Accuracy: 92.09 %
Predictions - 1s: 163, 0s: 254
True Labels - 1s: 158, 0s: 259
Client 3 of 5: Local Epoch [2/3] Loss: 0.1782, Accuracy: 94.00 %
Predictions - 1s: 154, 0s: 263
True Labels - 1s: 156, 0s: 261
Client 5 of 5: Local Epoch [2/3] Loss: 0.2133, Accuracy: 90.89 %
Predictions - 1s: 195, 0s: 222
True Labels - 1s: 192, 0s: 225
Client 1 of 5: Local Epoch [2/3] Loss: 0.1788, Accuracy: 94.48 %
Predictions - 1s: 189, 0s: 228
True Labels - 1s: 187, 0s: 230
Client 4 of 5: Local Epoch [2/3] Loss: 0.1476, Accuracy: 94.72 %
Predictions - 1s: 185, 0s: 232
True Labels - 1s: 181, 0s: 236
Client 2 of 5: Local Epoch [2/3] Loss: 0.1913, Accuracy: 92.81 %
Predictions - 1s: 158, 0s: 259
True Labels - 1s: 158, 0s: 259
Client 3 of 5: Local Epoch [3/3] Loss: 0.1463, Accuracy: 96.16 %
Predictions - 1s: 161, 0s: 256
True Labels - 1s: 156, 0s: 261
Client 5 of 5: Local Epoch [3/3] Loss: 0.1713, Accuracy: 93.53 %
Predictions - 1s: 184, 0s: 233
True Labels - 1s: 192, 0s: 225
Client 1 of 5: Local Epoch [3/3] Loss: 0.1592, Accuracy: 93.29 %
Predictions - 1s: 188, 0s: 229
True Labels - 1s: 187, 0s: 230
Client 4 of 5: Local Epoch [3/3] Loss: 0.1258, Accuracy: 96.88 %
Predictions - 1s: 193, 0s: 224
True Labels - 1s: 181, 0s: 236
Client 2 of 5: Local Epoch [3/3] Loss: 0.1459, Accuracy: 94.72 %
-------------------------------
Round [2/4] Average Local Loss: 0.1497, Average Local Accuracy: 94.92 %
-------------------------------
-------- Validation --------
Predictions - 1s: 196, 0s: 325
True Labels - 1s: 200, 0s: 321
Round [2/4] Global Model Validation Loss: 0.1989, Validation Accuracy: 92.32 %
-------- Validation finished --------
Updated best model in round 2 saved with Validation Loss: 0.1989 and Validation Accuracy: 92.32 %
-------------------------------

Round 3 of 4
-------------------------------
Predictions - 1s: 156, 0s: 261
True Labels - 1s: 158, 0s: 259
Client 3 of 5: Local Epoch [1/3] Loss: 0.2100, Accuracy: 91.85 %
Predictions - 1s: 183, 0s: 234
True Labels - 1s: 181, 0s: 236
Client 2 of 5: Local Epoch [1/3] Loss: 0.2125, Accuracy: 92.81 %
Predictions - 1s: 190, 0s: 227
Predictions - 1s: 158, 0s: 259
True Labels - 1s: 192, 0s: 225
Client 1 of 5: Local Epoch [1/3] Loss: 0.1907, Accuracy: 92.81 %
True Labels - 1s: 156, 0s: 261
Client 5 of 5: Local Epoch [1/3] Loss: 0.2442, Accuracy: 90.41 %
Predictions - 1s: 191, 0s: 226
True Labels - 1s: 187, 0s: 230
Client 4 of 5: Local Epoch [1/3] Loss: 0.1986, Accuracy: 93.76 %
Predictions - 1s: 158, 0s: 259
True Labels - 1s: 158, 0s: 259
Client 3 of 5: Local Epoch [2/3] Loss: 0.1584, Accuracy: 95.20 %
Predictions - 1s: 179, 0s: 238
True Labels - 1s: 181, 0s: 236
Client 2 of 5: Local Epoch [2/3] Loss: 0.1611, Accuracy: 93.29 %
Predictions - 1s: 193, 0s: 224
True Labels - 1s: 192, 0s: 225
Client 1 of 5: Local Epoch [2/3] Loss: 0.1607, Accuracy: 94.48 %
Predictions - 1s: 156, 0s: 261
True Labels - 1s: 156, 0s: 261
Client 5 of 5: Local Epoch [2/3] Loss: 0.1685, Accuracy: 94.72 %
Predictions - 1s: 189, 0s: 228
True Labels - 1s: 187, 0s: 230
Client 4 of 5: Local Epoch [2/3] Loss: 0.1218, Accuracy: 96.16 %
Predictions - 1s: 163, 0s: 254
True Labels - 1s: 158, 0s: 259
Client 3 of 5: Local Epoch [3/3] Loss: 0.1092, Accuracy: 96.40 %
Predictions - 1s: 183, 0s: 234
True Labels - 1s: 181, 0s: 236
Client 2 of 5: Local Epoch [3/3] Loss: 0.1231, Accuracy: 95.20 %
Predictions - 1s: 191, 0s: 226
True Labels - 1s: 192, 0s: 225
Client 1 of 5: Local Epoch [3/3] Loss: 0.1196, Accuracy: 95.92 %
Predictions - 1s: 192, 0s: 225
True Labels - 1s: 187, 0s: 230
Client 4 of 5: Local Epoch [3/3] Loss: 0.1197, Accuracy: 96.40 %
Predictions - 1s: 158, 0s: 259
True Labels - 1s: 156, 0s: 261
Client 5 of 5: Local Epoch [3/3] Loss: 0.1307, Accuracy: 96.16 %
-------------------------------
Round [3/4] Average Local Loss: 0.1205, Average Local Accuracy: 96.02 %
-------------------------------
-------- Validation --------
Predictions - 1s: 195, 0s: 326
True Labels - 1s: 200, 0s: 321
Round [3/4] Global Model Validation Loss: 0.1895, Validation Accuracy: 93.67 %
-------- Validation finished --------
Updated best model in round 3 saved with Validation Loss: 0.1895 and Validation Accuracy: 93.67 %
-------------------------------

Round 4 of 4
-------------------------------
Predictions - 1s: 153, 0s: 264
True Labels - 1s: 158, 0s: 259
Client 3 of 5: Local Epoch [1/3] Loss: 0.2205, Accuracy: 91.13 %
Predictions - 1s: 190, 0s: 227
True Labels - 1s: 187, 0s: 230
Client 4 of 5: Local Epoch [1/3] Loss: 0.1642, Accuracy: 94.48 %
Predictions - 1s: 153, 0s: 264
True Labels - 1s: 156, 0s: 261
Client 5 of 5: Local Epoch [1/3] Loss: 0.2353, Accuracy: 90.17 %
Predictions - 1s: 183, 0s: 234
True Labels - 1s: 181, 0s: 236
Client 2 of 5: Local Epoch [1/3] Loss: 0.1712, Accuracy: 94.24 %
Predictions - 1s: 193, 0s: 224
True Labels - 1s: 192, 0s: 225
Client 1 of 5: Local Epoch [1/3] Loss: 0.1807, Accuracy: 93.53 %
Predictions - 1s: 161, 0s: 256
True Labels - 1s: 158, 0s: 259
Client 3 of 5: Local Epoch [2/3] Loss: 0.1442, Accuracy: 94.96 %
Predictions - 1s: 156, 0s: 261
True Labels - 1s: 156, 0s: 261
Client 5 of 5: Local Epoch [2/3] Loss: 0.1511, Accuracy: 95.68 %
Predictions - 1s: 183, 0s: 234
True Labels - 1s: 181, 0s: 236
Client 2 of 5: Local Epoch [2/3] Loss: 0.1372, Accuracy: 95.68 %
Predictions - 1s: 189, 0s: 228
True Labels - 1s: 187, 0s: 230
Client 4 of 5: Local Epoch [2/3] Loss: 0.1002, Accuracy: 96.64 %
Predictions - 1s: 191, 0s: 226
True Labels - 1s: 192, 0s: 225
Client 1 of 5: Local Epoch [2/3] Loss: 0.1175, Accuracy: 95.92 %
Predictions - 1s: 163, 0s: 254
True Labels - 1s: 158, 0s: 259
Client 3 of 5: Local Epoch [3/3] Loss: 0.1220, Accuracy: 96.88 %
Predictions - 1s: 178, 0s: 239
True Labels - 1s: 181, 0s: 236
Client 2 of 5: Local Epoch [3/3] Loss: 0.0948, Accuracy: 96.88 %
Predictions - 1s: 153, 0s: 264
True Labels - 1s: 156, 0s: 261
Client 5 of 5: Local Epoch [3/3] Loss: 0.1109, Accuracy: 96.88 %
Predictions - 1s: 192, 0s: 225
True Labels - 1s: 192, 0s: 225
Client 1 of 5: Local Epoch [3/3] Loss: 0.0848, Accuracy: 97.60 %
Predictions - 1s: 184, 0s: 233
True Labels - 1s: 187, 0s: 230
Client 4 of 5: Local Epoch [3/3] Loss: 0.0845, Accuracy: 98.32 %
-------------------------------
Round [4/4] Average Local Loss: 0.0994, Average Local Accuracy: 97.31 %
-------------------------------
-------- Validation --------
Predictions - 1s: 193, 0s: 328
True Labels - 1s: 200, 0s: 321
Round [4/4] Global Model Validation Loss: 0.1782, Validation Accuracy: 93.67 %
-------- Validation finished --------
Updated best model in round 4 saved with Validation Loss: 0.1782 and Validation Accuracy: 93.67 %
-------------------------------
Best model in round 4 saved with Validation Loss: 0.1782 and Validation Accuracy: 93.67 %

-------- Training finished in 2:23 --------

Test flag enabled. Testing the model

-------- Loading best model from model_path --------
Loaded model bert-medium from date 21-03-2024 11:15. Trained with Federated Learning technology.
Round 4, lr: 6e-05, optimizer: AdamW
Average train accuracy: 97.31 %, Validation accuracy: 93.67 %
-------- Best model loaded --------

-------- Creating Test Dataloader --------
Test Loader: 650 total sentences. 82 batches of size 8.
-------- Test Dataloader created --------

-------- Testing --------
Predictions - 1s: 262, 0s: 388
True Labels - 1s: 268, 0s: 382
Nº of test samples: 650
Accuracy: 92.62%
Accuracy 2 : 92.62%
Precision: 92.51%
Recall: 92.21%
F1 Score: 92.35%
Classification report:
              precision    recall  f1-score   support

           0     0.9304    0.9450    0.9377       382
           1     0.9198    0.8993    0.9094       268

    accuracy                         0.9262       650
   macro avg     0.9251    0.9221    0.9235       650
weighted avg     0.9261    0.9262    0.9260       650

-------- Testing finished --------
