Current configuration:
{
    "concurrency_flag": true,
    "data_distribution": "iid",
    "dataset": "acl_dep_sad",
    "device": "cuda",
    "dp_delta": 0.003,
    "dp_epsilon": 0.0,
    "eval_batch_size": 4,
    "eval_flag": true,
    "eval_size": 0.2,
    "fed_alg": "fedavg",
    "layers": 3,
    "learning_rate": 6e-05,
    "max_length": 512,
    "ml_mode": "fl",
    "model": "bert_mini",
    "model_name": "fl_mini_seed3_acl_dep_sad",
    "models_path": "/local/vpaloma/fabric-federated-learning/ablation_study/phase-2/4-execution_time/acl_dep_sad/",
    "mu": 0.5,
    "num_clients": 5,
    "num_epochs": 3,
    "num_rounds": 4,
    "num_seed3_epochs": 3,
    "num_seed3_rounds": 4,
    "optimizer": "AdamW",
    "progress_bar_flag": false,
    "save_model": true,
    "scheduler": "linear",
    "scheduler_warmup_steps": 0,
    "seed": 331,
    "test_flag": true,
    "train_batch_size": 4,
    "train_size": 0.8
}
-------- Configuration loaded --------

-------- Setting device --------
cuda device selected and available.
-------- Device set --------

-------- Setting seed --------
-------- Seed set --------

-------- Creating Model --------
-------- Model created --------

-------- Setting Trainable Layers --------
Training the last 3 layers.

Total parameters count: 11171074
Trainable parameters count: 856066
-------- Trainable Layers set --------

-------- Creating Tokenizer --------
-------- Tokenizer created --------

-------- Creating Train and Eval Dataloaders --------
Train Loader: 2085 total sentences. 522 batches of size 4.
Eval Loader: 521 total sentences. 131 batches of size 4.
-------- Train and Eval Dataloaders created --------

-------- Training --------
Training with Federated Learning technology.
Training without differential privacy.
Federated averaging algorithm selected.
Client 0: Label 0: 261, Label 1: 156
Client 1: Label 0: 244, Label 1: 173
Client 2: Label 0: 240, Label 1: 177
Client 3: Label 0: 247, Label 1: 170
Client 4: Label 0: 256, Label 1: 161

Round 1 of 4
-------------------------------
Predictions - 1s: 12, 0s: 405
True Labels - 1s: 161, 0s: 256
Client 5 of 5: Local Epoch [1/3] Loss: 0.6053, Accuracy: 64.27 %
Predictions - 1s: 48, 0s: 369
True Labels - 1s: 177, 0s: 240
Client 3 of 5: Local Epoch [1/3] Loss: 0.6116, Accuracy: 65.23 %
Predictions - 1s: 42, 0s: 375
True Labels - 1s: 170, 0s: 247
Client 4 of 5: Local Epoch [1/3] Loss: 0.6021, Accuracy: 64.03 %
Predictions - 1s: 48, 0s: 369
Predictions - 1s: 34, 0s: 383
True Labels - 1s: 173, 0s: 244
True Labels - 1s: 156, 0s: 261
Client 1 of 5: Local Epoch [1/3] Loss: 0.5705, Accuracy: 68.82 %
Client 2 of 5: Local Epoch [1/3] Loss: 0.5978, Accuracy: 66.67 %
Predictions - 1s: 129, 0s: 288
True Labels - 1s: 161, 0s: 256
Client 5 of 5: Local Epoch [2/3] Loss: 0.4626, Accuracy: 84.17 %
Predictions - 1s: 156, 0s: 261
True Labels - 1s: 177, 0s: 240
Client 3 of 5: Local Epoch [2/3] Loss: 0.4378, Accuracy: 84.89 %
Predictions - 1s: 157, 0s: 260
True Labels - 1s: 170, 0s: 247
Client 4 of 5: Local Epoch [2/3] Loss: 0.4332, Accuracy: 85.37 %
Predictions - 1s: 159, 0s: 258
True Labels - 1s: 173, 0s: 244
Client 2 of 5: Local Epoch [2/3] Loss: 0.4071, Accuracy: 87.05 %
Predictions - 1s: 116, 0s: 301
True Labels - 1s: 156, 0s: 261
Client 1 of 5: Local Epoch [2/3] Loss: 0.4167, Accuracy: 83.21 %
Predictions - 1s: 140, 0s: 277
True Labels - 1s: 161, 0s: 256
Client 5 of 5: Local Epoch [3/3] Loss: 0.3734, Accuracy: 86.81 %
Predictions - 1s: 165, 0s: 252
True Labels - 1s: 177, 0s: 240
Client 3 of 5: Local Epoch [3/3] Loss: 0.3433, Accuracy: 87.53 %
Predictions - 1s: 171, 0s: 246
True Labels - 1s: 170, 0s: 247
Client 4 of 5: Local Epoch [3/3] Loss: 0.3588, Accuracy: 86.33 %
Predictions - 1s: 165, 0s: 252
True Labels - 1s: 173, 0s: 244
Client 2 of 5: Local Epoch [3/3] Loss: 0.3239, Accuracy: 89.45 %
Predictions - 1s: 146, 0s: 271
True Labels - 1s: 156, 0s: 261
Client 1 of 5: Local Epoch [3/3] Loss: 0.3390, Accuracy: 88.01 %
-------------------------------
Round [1/4] Average Local Loss: 0.3477, Average Local Accuracy: 87.63 %
-------------------------------
-------- Validation --------
Predictions - 1s: 200, 0s: 321
True Labels - 1s: 237, 0s: 284
Round [1/4] Global Model Validation Loss: 0.3781, Validation Accuracy: 84.07 %
-------- Validation finished --------
Updated best model in round 1 saved with Validation Loss: 0.3781 and Validation Accuracy: 84.07 %
-------------------------------

Round 2 of 4
-------------------------------
Predictions - 1s: 171, 0s: 246
True Labels - 1s: 173, 0s: 244
Client 2 of 5: Local Epoch [1/3] Loss: 0.3374, Accuracy: 86.57 %
Predictions - 1s: 154, 0s: 263
True Labels - 1s: 161, 0s: 256
Client 5 of 5: Local Epoch [1/3] Loss: 0.3553, Accuracy: 85.85 %
Predictions - 1s: 152, 0s: 265
True Labels - 1s: 156, 0s: 261
Client 1 of 5: Local Epoch [1/3] Loss: 0.3345, Accuracy: 88.01 %
Predictions - 1s: 171, 0s: 246
True Labels - 1s: 177, 0s: 240
Client 3 of 5: Local Epoch [1/3] Loss: 0.3358, Accuracy: 86.57 %
Predictions - 1s: 174, 0s: 243
True Labels - 1s: 170, 0s: 247
Client 4 of 5: Local Epoch [1/3] Loss: 0.3283, Accuracy: 86.09 %
Predictions - 1s: 170, 0s: 247
True Labels - 1s: 173, 0s: 244
Client 2 of 5: Local Epoch [2/3] Loss: 0.2730, Accuracy: 90.17 %
Predictions - 1s: 156, 0s: 261
True Labels - 1s: 161, 0s: 256
Client 5 of 5: Local Epoch [2/3] Loss: 0.2994, Accuracy: 88.73 %
Predictions - 1s: 185, 0s: 232
True Labels - 1s: 170, 0s: 247
Client 4 of 5: Local Epoch [2/3] Loss: 0.2985, Accuracy: 88.25 %
Predictions - 1s: 161, 0s: 256
True Labels - 1s: 156, 0s: 261
Client 1 of 5: Local Epoch [2/3] Loss: 0.2670, Accuracy: 90.17 %
Predictions - 1s: 173, 0s: 244
True Labels - 1s: 177, 0s: 240
Client 3 of 5: Local Epoch [2/3] Loss: 0.2878, Accuracy: 88.01 %
Predictions - 1s: 173, 0s: 244
True Labels - 1s: 173, 0s: 244
Client 2 of 5: Local Epoch [3/3] Loss: 0.2692, Accuracy: 90.41 %
Predictions - 1s: 154, 0s: 263
True Labels - 1s: 161, 0s: 256
Client 5 of 5: Local Epoch [3/3] Loss: 0.2811, Accuracy: 89.69 %
Predictions - 1s: 155, 0s: 262
True Labels - 1s: 156, 0s: 261
Client 1 of 5: Local Epoch [3/3] Loss: 0.2507, Accuracy: 90.65 %
Predictions - 1s: 173, 0s: 244
True Labels - 1s: 177, 0s: 240
Client 3 of 5: Local Epoch [3/3] Loss: 0.2416, Accuracy: 90.89 %
Predictions - 1s: 175, 0s: 242
True Labels - 1s: 170, 0s: 247
Client 4 of 5: Local Epoch [3/3] Loss: 0.2473, Accuracy: 89.69 %
-------------------------------
Round [2/4] Average Local Loss: 0.2580, Average Local Accuracy: 90.26 %
-------------------------------
-------- Validation --------
Predictions - 1s: 217, 0s: 304
True Labels - 1s: 237, 0s: 284
Round [2/4] Global Model Validation Loss: 0.3135, Validation Accuracy: 87.72 %
-------- Validation finished --------
Updated best model in round 2 saved with Validation Loss: 0.3135 and Validation Accuracy: 87.72 %
-------------------------------

Round 3 of 4
-------------------------------
Predictions - 1s: 161, 0s: 256
True Labels - 1s: 161, 0s: 256
Client 5 of 5: Local Epoch [1/3] Loss: 0.2809, Accuracy: 89.93 %
Predictions - 1s: 178, 0s: 239
True Labels - 1s: 177, 0s: 240
Client 3 of 5: Local Epoch [1/3] Loss: 0.2605, Accuracy: 89.21 %
Predictions - 1s: 153, 0s: 264
True Labels - 1s: 156, 0s: 261
Client 1 of 5: Local Epoch [1/3] Loss: 0.2681, Accuracy: 90.65 %
Predictions - 1s: 175, 0s: 242
True Labels - 1s: 173, 0s: 244
Client 2 of 5: Local Epoch [1/3] Loss: 0.2797, Accuracy: 89.45 %
Predictions - 1s: 183, 0s: 234
True Labels - 1s: 170, 0s: 247
Client 4 of 5: Local Epoch [1/3] Loss: 0.2868, Accuracy: 87.29 %
Predictions - 1s: 152, 0s: 265
True Labels - 1s: 161, 0s: 256
Client 5 of 5: Local Epoch [2/3] Loss: 0.2483, Accuracy: 91.13 %
Predictions - 1s: 158, 0s: 259
True Labels - 1s: 156, 0s: 261
Client 1 of 5: Local Epoch [2/3] Loss: 0.2279, Accuracy: 91.85 %
Predictions - 1s: 181, 0s: 236
True Labels - 1s: 177, 0s: 240
Client 3 of 5: Local Epoch [2/3] Loss: 0.2350, Accuracy: 90.41 %
Predictions - 1s: 161, 0s: 256
True Labels - 1s: 161, 0s: 256
Client 5 of 5: Local Epoch [3/3] Loss: 0.2521, Accuracy: 90.41 %
Predictions - 1s: 182, 0s: 235
True Labels - 1s: 170, 0s: 247
Client 4 of 5: Local Epoch [2/3] Loss: 0.2474, Accuracy: 89.93 %
Predictions - 1s: 180, 0s: 237
True Labels - 1s: 173, 0s: 244
Client 2 of 5: Local Epoch [2/3] Loss: 0.2181, Accuracy: 91.61 %
Predictions - 1s: 151, 0s: 266
Predictions - 1s: 180, 0s: 237
True Labels - 1s: 156, 0s: 261
True Labels - 1s: 177, 0s: 240
Client 1 of 5: Local Epoch [3/3] Loss: 0.2104, Accuracy: 91.61 %
Client 3 of 5: Local Epoch [3/3] Loss: 0.2131, Accuracy: 91.61 %
Predictions - 1s: 178, 0s: 239
Predictions - 1s: 174, 0s: 243
True Labels - 1s: 173, 0s: 244
True Labels - 1s: 170, 0s: 247
Client 2 of 5: Local Epoch [3/3] Loss: 0.2328, Accuracy: 91.61 %
Client 4 of 5: Local Epoch [3/3] Loss: 0.2274, Accuracy: 91.37 %
-------------------------------
Round [3/4] Average Local Loss: 0.2271, Average Local Accuracy: 91.32 %
-------------------------------
-------- Validation --------
Predictions - 1s: 217, 0s: 304
True Labels - 1s: 237, 0s: 284
Round [3/4] Global Model Validation Loss: 0.2937, Validation Accuracy: 87.72 %
-------- Validation finished --------
Updated best model in round 3 saved with Validation Loss: 0.2937 and Validation Accuracy: 87.72 %
-------------------------------

Round 4 of 4
-------------------------------
Predictions - 1s: 162, 0s: 255
True Labels - 1s: 161, 0s: 256
Client 5 of 5: Local Epoch [1/3] Loss: 0.2722, Accuracy: 89.21 %
Predictions - 1s: 176, 0s: 241
True Labels - 1s: 170, 0s: 247
Client 4 of 5: Local Epoch [1/3] Loss: 0.2842, Accuracy: 87.53 %
Predictions - 1s: 153, 0s: 264
True Labels - 1s: 156, 0s: 261
Client 1 of 5: Local Epoch [1/3] Loss: 0.2588, Accuracy: 89.69 %
Predictions - 1s: 181, 0s: 236
True Labels - 1s: 177, 0s: 240
Client 3 of 5: Local Epoch [1/3] Loss: 0.2393, Accuracy: 90.89 %
Predictions - 1s: 175, 0s: 242
True Labels - 1s: 173, 0s: 244
Client 2 of 5: Local Epoch [1/3] Loss: 0.2558, Accuracy: 88.97 %
Predictions - 1s: 159, 0s: 258
True Labels - 1s: 161, 0s: 256
Client 5 of 5: Local Epoch [2/3] Loss: 0.2418, Accuracy: 90.89 %
Predictions - 1s: 178, 0s: 239
True Labels - 1s: 170, 0s: 247
Client 4 of 5: Local Epoch [2/3] Loss: 0.2303, Accuracy: 91.85 %
Predictions - 1s: 178, 0s: 239
True Labels - 1s: 173, 0s: 244
Client 2 of 5: Local Epoch [2/3] Loss: 0.2346, Accuracy: 92.09 %
Predictions - 1s: 159, 0s: 258
True Labels - 1s: 156, 0s: 261
Client 1 of 5: Local Epoch [2/3] Loss: 0.2093, Accuracy: 92.09 %
Predictions - 1s: 175, 0s: 242
True Labels - 1s: 177, 0s: 240
Client 3 of 5: Local Epoch [2/3] Loss: 0.2012, Accuracy: 92.81 %
Predictions - 1s: 169, 0s: 248
True Labels - 1s: 161, 0s: 256
Client 5 of 5: Local Epoch [3/3] Loss: 0.2359, Accuracy: 90.89 %
Predictions - 1s: 180, 0s: 237
True Labels - 1s: 173, 0s: 244
Client 2 of 5: Local Epoch [3/3] Loss: 0.2239, Accuracy: 91.61 %
Predictions - 1s: 186, 0s: 231
True Labels - 1s: 177, 0s: 240
Client 3 of 5: Local Epoch [3/3] Loss: 0.2045, Accuracy: 90.17 %
Predictions - 1s: 156, 0s: 261
True Labels - 1s: 156, 0s: 261
Client 1 of 5: Local Epoch [3/3] Loss: 0.1921, Accuracy: 92.33 %
Predictions - 1s: 173, 0s: 244
True Labels - 1s: 170, 0s: 247
Client 4 of 5: Local Epoch [3/3] Loss: 0.2125, Accuracy: 92.09 %
-------------------------------
Round [4/4] Average Local Loss: 0.2138, Average Local Accuracy: 91.41 %
-------------------------------
-------- Validation --------
Predictions - 1s: 218, 0s: 303
True Labels - 1s: 237, 0s: 284
Round [4/4] Global Model Validation Loss: 0.2826, Validation Accuracy: 88.29 %
-------- Validation finished --------
Updated best model in round 4 saved with Validation Loss: 0.2826 and Validation Accuracy: 88.29 %
-------------------------------
Best model in round 4 saved with Validation Loss: 0.2826 and Validation Accuracy: 88.29 %

-------- Training finished in 1:35 --------

Test flag enabled. Testing the model

-------- Loading best model from model_path --------
Loaded model bert-mini from date 21-03-2024 11:20. Trained with Federated Learning technology.
Round 4, lr: 6e-05, optimizer: AdamW
Average train accuracy: 91.41 %, Validation accuracy: 88.29 %
-------- Best model loaded --------

-------- Creating Test Dataloader --------
Test Loader: 650 total sentences. 82 batches of size 8.
-------- Test Dataloader created --------

-------- Testing --------
Predictions - 1s: 245, 0s: 405
True Labels - 1s: 268, 0s: 382
Nº of test samples: 650
Accuracy: 88.15%
Accuracy 2 : 88.15%
Precision: 88.32%
Recall: 87.14%
F1 Score: 87.60%
Classification report:
              precision    recall  f1-score   support

           0     0.8765    0.9293    0.9022       382
           1     0.8898    0.8134    0.8499       268

    accuracy                         0.8815       650
   macro avg     0.8832    0.8714    0.8760       650
weighted avg     0.8820    0.8815    0.8806       650

-------- Testing finished --------
