Current configuration:
{
    "concurrency_flag": true,
    "data_distribution": "iid",
    "dataset": "acl_dep_sad",
    "device": "cuda",
    "dp_delta": 0.003,
    "dp_epsilon": 0.0,
    "eval_batch_size": 4,
    "eval_flag": true,
    "eval_size": 0.2,
    "fed_alg": "fedavg",
    "layers": 3,
    "learning_rate": 6e-05,
    "max_length": 512,
    "ml_mode": "fl",
    "model": "bert_tiny",
    "model_name": "fl_tiny_seed2_acl_dep_sad",
    "models_path": "/local/vpaloma/fabric-federated-learning/ablation_study/phase-2/4-execution_time/acl_dep_sad/",
    "mu": 0.5,
    "num_clients": 5,
    "num_epochs": 3,
    "num_rounds": 4,
    "optimizer": "AdamW",
    "progress_bar_flag": false,
    "save_model": true,
    "scheduler": "linear",
    "scheduler_warmup_steps": 0,
    "seed": 221,
    "test_flag": true,
    "train_batch_size": 4,
    "train_size": 0.8
}
-------- Configuration loaded --------

-------- Setting device --------
cuda device selected and available.
-------- Device set --------

-------- Setting seed --------
-------- Seed set --------

-------- Creating Model --------
-------- Model created --------

-------- Setting Trainable Layers --------
Training the last 3 layers.

Total parameters count: 4386178
Trainable parameters count: 215042
-------- Trainable Layers set --------

-------- Creating Tokenizer --------
-------- Tokenizer created --------

-------- Creating Train and Eval Dataloaders --------
Train Loader: 2085 total sentences. 522 batches of size 4.
Eval Loader: 521 total sentences. 131 batches of size 4.
-------- Train and Eval Dataloaders created --------

-------- Training --------
Training with Federated Learning technology.
Training without differential privacy.
Federated averaging algorithm selected.
Client 0: Label 0: 225, Label 1: 192
Client 1: Label 0: 236, Label 1: 181
Client 2: Label 0: 259, Label 1: 158
Client 3: Label 0: 230, Label 1: 187
Client 4: Label 0: 261, Label 1: 156

Round 1 of 4
-------------------------------
Predictions - 1s: 6, 0s: 411
True Labels - 1s: 158, 0s: 259
Client 3 of 5: Local Epoch [1/3] Loss: 0.6459, Accuracy: 62.11 %
Predictions - 1s: 25, 0s: 392
Predictions - 1s: 34, 0s: 383
True Labels - 1s: 192, 0s: 225
True Labels - 1s: 181, 0s: 236
Predictions - 1s: 2, 0s: 415
Client 1 of 5: Local Epoch [1/3] Loss: 0.6778, Accuracy: 56.59 %
True Labels - 1s: 156, 0s: 261
Predictions - 1s: 63, 0s: 354
Client 5 of 5: Local Epoch [1/3] Loss: 0.6535, Accuracy: 62.59 %
Client 2 of 5: Local Epoch [1/3] Loss: 0.6603, Accuracy: 58.99 %
True Labels - 1s: 187, 0s: 230
Client 4 of 5: Local Epoch [1/3] Loss: 0.6743, Accuracy: 55.88 %
Predictions - 1s: 122, 0s: 295
Predictions - 1s: 143, 0s: 274
True Labels - 1s: 187, 0s: 230
Predictions - 1s: 28, 0s: 389
True Labels - 1s: 192, 0s: 225
True Labels - 1s: 156, 0s: 261
Client 5 of 5: Local Epoch [2/3] Loss: 0.6050, Accuracy: 66.43 %
Client 1 of 5: Local Epoch [2/3] Loss: 0.6235, Accuracy: 71.94 %
Client 4 of 5: Local Epoch [2/3] Loss: 0.6136, Accuracy: 70.98 %
Predictions - 1s: 35, 0s: 382
True Labels - 1s: 158, 0s: 259
Client 3 of 5: Local Epoch [2/3] Loss: 0.5744, Accuracy: 69.54 %
Predictions - 1s: 114, 0s: 303
True Labels - 1s: 181, 0s: 236
Client 2 of 5: Local Epoch [2/3] Loss: 0.5543, Accuracy: 77.22 %
Predictions - 1s: 70, 0s: 347
Predictions - 1s: 103, 0s: 314
True Labels - 1s: 156, 0s: 261
True Labels - 1s: 158, 0s: 259
Client 5 of 5: Local Epoch [3/3] Loss: 0.5511, Accuracy: 73.62 %
Client 3 of 5: Local Epoch [3/3] Loss: 0.5201, Accuracy: 78.18 %
Predictions - 1s: 131, 0s: 286
True Labels - 1s: 187, 0s: 230
Client 4 of 5: Local Epoch [3/3] Loss: 0.5646, Accuracy: 77.94 %
Predictions - 1s: 153, 0s: 264
True Labels - 1s: 181, 0s: 236
Client 2 of 5: Local Epoch [3/3] Loss: 0.4771, Accuracy: 82.73 %
Predictions - 1s: 164, 0s: 253
True Labels - 1s: 192, 0s: 225
Client 1 of 5: Local Epoch [3/3] Loss: 0.5708, Accuracy: 77.94 %
-------------------------------
Round [1/4] Average Local Loss: 0.5368, Average Local Accuracy: 78.08 %
-------------------------------
-------- Validation --------
Predictions - 1s: 159, 0s: 362
True Labels - 1s: 200, 0s: 321
Round [1/4] Global Model Validation Loss: 0.4947, Validation Accuracy: 82.92 %
-------- Validation finished --------
Updated best model in round 1 saved with Validation Loss: 0.4947 and Validation Accuracy: 82.92 %
-------------------------------

Round 2 of 4
-------------------------------
Predictions - 1s: 128, 0s: 289
True Labels - 1s: 158, 0s: 259
Client 3 of 5: Local Epoch [1/3] Loss: 0.4805, Accuracy: 81.29 %
Predictions - 1s: 168, 0s: 249
Predictions - 1s: 151, 0s: 266
True Labels - 1s: 192, 0s: 225
Client 1 of 5: Local Epoch [1/3] Loss: 0.5099, Accuracy: 78.90 %
True Labels - 1s: 181, 0s: 236
Client 2 of 5: Local Epoch [1/3] Loss: 0.4472, Accuracy: 85.13 %
Predictions - 1s: 136, 0s: 281
True Labels - 1s: 156, 0s: 261
Client 5 of 5: Local Epoch [1/3] Loss: 0.4860, Accuracy: 80.34 %
Predictions - 1s: 144, 0s: 273
True Labels - 1s: 187, 0s: 230
Client 4 of 5: Local Epoch [1/3] Loss: 0.4998, Accuracy: 79.62 %
Predictions - 1s: 173, 0s: 244
True Labels - 1s: 187, 0s: 230
Client 4 of 5: Local Epoch [2/3] Loss: 0.4166, Accuracy: 83.69 %
Predictions - 1s: 189, 0s: 228
True Labels - 1s: 192, 0s: 225
Client 1 of 5: Local Epoch [2/3] Loss: 0.4620, Accuracy: 81.06 %
Predictions - 1s: 176, 0s: 241
True Labels - 1s: 181, 0s: 236
Client 2 of 5: Local Epoch [2/3] Loss: 0.3629, Accuracy: 87.29 %
Predictions - 1s: 140, 0s: 277
True Labels - 1s: 156, 0s: 261
Client 5 of 5: Local Epoch [2/3] Loss: 0.4319, Accuracy: 80.82 %
Predictions - 1s: 149, 0s: 268
True Labels - 1s: 158, 0s: 259
Client 3 of 5: Local Epoch [2/3] Loss: 0.4099, Accuracy: 83.45 %
Predictions - 1s: 176, 0s: 241
True Labels - 1s: 187, 0s: 230
Client 4 of 5: Local Epoch [3/3] Loss: 0.3928, Accuracy: 84.89 %
Predictions - 1s: 158, 0s: 259
True Labels - 1s: 158, 0s: 259
Client 3 of 5: Local Epoch [3/3] Loss: 0.3981, Accuracy: 84.65 %
Predictions - 1s: 175, 0s: 242
True Labels - 1s: 181, 0s: 236
Client 2 of 5: Local Epoch [3/3] Loss: 0.3549, Accuracy: 87.05 %
Predictions - 1s: 194, 0s: 223
True Labels - 1s: 192, 0s: 225
Client 1 of 5: Local Epoch [3/3] Loss: 0.4192, Accuracy: 83.21 %
Predictions - 1s: 150, 0s: 267
True Labels - 1s: 156, 0s: 261
Client 5 of 5: Local Epoch [3/3] Loss: 0.4095, Accuracy: 83.21 %
-------------------------------
Round [2/4] Average Local Loss: 0.3949, Average Local Accuracy: 84.60 %
-------------------------------
-------- Validation --------
Predictions - 1s: 210, 0s: 311
True Labels - 1s: 200, 0s: 321
Round [2/4] Global Model Validation Loss: 0.3424, Validation Accuracy: 88.10 %
-------- Validation finished --------
Updated best model in round 2 saved with Validation Loss: 0.3424 and Validation Accuracy: 88.10 %
-------------------------------

Round 3 of 4
-------------------------------
Predictions - 1s: 155, 0s: 262
True Labels - 1s: 156, 0s: 261
Client 5 of 5: Local Epoch [1/3] Loss: 0.4094, Accuracy: 82.97 %
Predictions - 1s: 180, 0s: 237
True Labels - 1s: 187, 0s: 230
Client 4 of 5: Local Epoch [1/3] Loss: 0.3811, Accuracy: 85.37 %
Predictions - 1s: 179, 0s: 238
True Labels - 1s: 181, 0s: 236
Client 2 of 5: Local Epoch [1/3] Loss: 0.3478, Accuracy: 87.53 %
Predictions - 1s: 156, 0s: 261
True Labels - 1s: 158, 0s: 259
Client 3 of 5: Local Epoch [1/3] Loss: 0.3787, Accuracy: 84.65 %
Predictions - 1s: 193, 0s: 224
True Labels - 1s: 192, 0s: 225
Client 1 of 5: Local Epoch [1/3] Loss: 0.4164, Accuracy: 83.45 %
Predictions - 1s: 191, 0s: 226
True Labels - 1s: 187, 0s: 230
Client 4 of 5: Local Epoch [2/3] Loss: 0.3387, Accuracy: 87.53 %
Predictions - 1s: 210, 0s: 207
True Labels - 1s: 192, 0s: 225
Client 1 of 5: Local Epoch [2/3] Loss: 0.4005, Accuracy: 84.65 %
Predictions - 1s: 178, 0s: 239
True Labels - 1s: 181, 0s: 236
Client 2 of 5: Local Epoch [2/3] Loss: 0.3110, Accuracy: 88.73 %
Predictions - 1s: 159, 0s: 258
True Labels - 1s: 158, 0s: 259
Client 3 of 5: Local Epoch [2/3] Loss: 0.3429, Accuracy: 86.33 %
Predictions - 1s: 154, 0s: 263
True Labels - 1s: 156, 0s: 261
Client 5 of 5: Local Epoch [2/3] Loss: 0.3652, Accuracy: 85.13 %
Predictions - 1s: 162, 0s: 255
True Labels - 1s: 158, 0s: 259
Client 3 of 5: Local Epoch [3/3] Loss: 0.3304, Accuracy: 85.13 %
Predictions - 1s: 201, 0s: 216
True Labels - 1s: 192, 0s: 225
Client 1 of 5: Local Epoch [3/3] Loss: 0.3559, Accuracy: 87.29 %
Predictions - 1s: 192, 0s: 225
True Labels - 1s: 187, 0s: 230
Client 4 of 5: Local Epoch [3/3] Loss: 0.3272, Accuracy: 88.25 %
Predictions - 1s: 160, 0s: 257
True Labels - 1s: 156, 0s: 261
Client 5 of 5: Local Epoch [3/3] Loss: 0.3801, Accuracy: 83.69 %
Predictions - 1s: 178, 0s: 239
True Labels - 1s: 181, 0s: 236
Client 2 of 5: Local Epoch [3/3] Loss: 0.3160, Accuracy: 86.81 %
-------------------------------
Round [3/4] Average Local Loss: 0.3419, Average Local Accuracy: 86.24 %
-------------------------------
-------- Validation --------
Predictions - 1s: 213, 0s: 308
True Labels - 1s: 200, 0s: 321
Round [3/4] Global Model Validation Loss: 0.3022, Validation Accuracy: 89.44 %
-------- Validation finished --------
Updated best model in round 3 saved with Validation Loss: 0.3022 and Validation Accuracy: 89.44 %
-------------------------------

Round 4 of 4
-------------------------------
Predictions - 1s: 165, 0s: 252
True Labels - 1s: 156, 0s: 261
Client 5 of 5: Local Epoch [1/3] Loss: 0.3497, Accuracy: 86.33 %
Predictions - 1s: 156, 0s: 261
True Labels - 1s: 156, 0s: 261
Client 5 of 5: Local Epoch [2/3] Loss: 0.3346, Accuracy: 87.05 %
Predictions - 1s: 163, 0s: 254
True Labels - 1s: 158, 0s: 259
Predictions - 1s: 183, 0s: 234
Client 3 of 5: Local Epoch [1/3] Loss: 0.3479, Accuracy: 85.37 %
Predictions - 1s: 190, 0s: 227
True Labels - 1s: 181, 0s: 236
Client 2 of 5: Local Epoch [1/3] Loss: 0.2961, Accuracy: 88.49 %
True Labels - 1s: 187, 0s: 230
Predictions - 1s: 205, 0s: 212
Client 4 of 5: Local Epoch [1/3] Loss: 0.3300, Accuracy: 88.25 %
True Labels - 1s: 192, 0s: 225
Client 1 of 5: Local Epoch [1/3] Loss: 0.3701, Accuracy: 86.81 %
Predictions - 1s: 168, 0s: 249
True Labels - 1s: 156, 0s: 261
Client 5 of 5: Local Epoch [3/3] Loss: 0.3259, Accuracy: 87.53 %
Predictions - 1s: 188, 0s: 229
True Labels - 1s: 187, 0s: 230
Client 4 of 5: Local Epoch [2/3] Loss: 0.3318, Accuracy: 88.25 %
Predictions - 1s: 212, 0s: 205
True Labels - 1s: 192, 0s: 225
Client 1 of 5: Local Epoch [2/3] Loss: 0.3448, Accuracy: 87.05 %
Predictions - 1s: 160, 0s: 257
True Labels - 1s: 158, 0s: 259
Client 3 of 5: Local Epoch [2/3] Loss: 0.3249, Accuracy: 87.53 %
Predictions - 1s: 175, 0s: 242
True Labels - 1s: 181, 0s: 236
Client 2 of 5: Local Epoch [2/3] Loss: 0.2965, Accuracy: 88.97 %
Predictions - 1s: 192, 0s: 225
True Labels - 1s: 187, 0s: 230
Client 4 of 5: Local Epoch [3/3] Loss: 0.3193, Accuracy: 88.25 %
Predictions - 1s: 201, 0s: 216
True Labels - 1s: 192, 0s: 225
Client 1 of 5: Local Epoch [3/3] Loss: 0.3350, Accuracy: 86.81 %
Predictions - 1s: 156, 0s: 261
True Labels - 1s: 158, 0s: 259
Client 3 of 5: Local Epoch [3/3] Loss: 0.3139, Accuracy: 86.09 %
Predictions - 1s: 179, 0s: 238
True Labels - 1s: 181, 0s: 236
Client 2 of 5: Local Epoch [3/3] Loss: 0.2811, Accuracy: 90.41 %
-------------------------------
Round [4/4] Average Local Loss: 0.3150, Average Local Accuracy: 87.82 %
-------------------------------
-------- Validation --------
Predictions - 1s: 213, 0s: 308
True Labels - 1s: 200, 0s: 321
Round [4/4] Global Model Validation Loss: 0.2772, Validation Accuracy: 89.83 %
-------- Validation finished --------
Updated best model in round 4 saved with Validation Loss: 0.2772 and Validation Accuracy: 89.83 %
-------------------------------
Best model in round 4 saved with Validation Loss: 0.2772 and Validation Accuracy: 89.83 %

-------- Training finished in 1:28 --------

Test flag enabled. Testing the model

-------- Loading best model from model_path --------
Loaded model bert-tiny from date 21-03-2024 11:35. Trained with Federated Learning technology.
Round 4, lr: 6e-05, optimizer: AdamW
Average train accuracy: 87.82 %, Validation accuracy: 89.83 %
-------- Best model loaded --------

-------- Creating Test Dataloader --------
Test Loader: 650 total sentences. 82 batches of size 8.
-------- Test Dataloader created --------

-------- Testing --------
Predictions - 1s: 282, 0s: 368
True Labels - 1s: 268, 0s: 382
Nº of test samples: 650
Accuracy: 87.69%
Accuracy 2 : 87.69%
Precision: 87.18%
Recall: 87.69%
F1 Score: 87.39%
Classification report:
              precision    recall  f1-score   support

           0     0.9103    0.8770    0.8933       382
           1     0.8333    0.8769    0.8545       268

    accuracy                         0.8769       650
   macro avg     0.8718    0.8769    0.8739       650
weighted avg     0.8786    0.8769    0.8773       650

-------- Testing finished --------
