Current configuration:
{
    "concurrency_flag": true,
    "data_distribution": "iid",
    "dataset": "acl_dep_sad",
    "device": "cuda",
    "dp_delta": 0.003,
    "dp_epsilon": 0.0,
    "eval_batch_size": 4,
    "eval_flag": true,
    "eval_size": 0.2,
    "fed_alg": "fedavg",
    "layers": 3,
    "learning_rate": 6e-05,
    "max_length": 512,
    "ml_mode": "ml",
    "model": "bert_mini",
    "model_name": "ml_mini_seed3_acl_dep_sad",
    "models_path": "/local/vpaloma/fabric-federated-learning/ablation_study/phase-2/4-execution_time/acl_dep_sad/",
    "mu": 0.5,
    "num_clients": 5,
    "num_epochs": 12,
    "num_rounds": 4,
    "optimizer": "AdamW",
    "progress_bar_flag": false,
    "save_model": true,
    "scheduler": "linear",
    "scheduler_warmup_steps": 0,
    "seed": 331,
    "test_flag": true,
    "train_batch_size": 4,
    "train_size": 0.8
}
-------- Configuration loaded --------

-------- Setting device --------
cuda device selected and available.
-------- Device set --------

-------- Setting seed --------
-------- Seed set --------

-------- Creating Model --------
-------- Model created --------

-------- Setting Trainable Layers --------
Training the last 3 layers.

Total parameters count: 11171074
Trainable parameters count: 856066
-------- Trainable Layers set --------

-------- Creating Tokenizer --------
-------- Tokenizer created --------

-------- Creating Train and Eval Dataloaders --------
Train Loader: 2085 total sentences. 522 batches of size 4.
Eval Loader: 521 total sentences. 131 batches of size 4.
-------- Train and Eval Dataloaders created --------

-------- Creating Optimizer --------
-------- Optimizer created --------

-------- Creating Scheduler --------
-------- Scheduler created --------

-------- Training --------
Training with Centralised Machine Learning technology.
Training without differential privacy.
Concurrency flag is set to True, but ml mode is selected. Concurrency flag will be ignored.
Epoch [1/12], Step [100/522], Loss: 0.5855, Accuracy: 69.25 %
Epoch [1/12], Step [200/522], Loss: 0.5044, Accuracy: 76.88 %
Epoch [1/12], Step [300/522], Loss: 0.4509, Accuracy: 79.50 %
Epoch [1/12], Step [400/522], Loss: 0.4121, Accuracy: 81.94 %
Epoch [1/12], Step [500/522], Loss: 0.3854, Accuracy: 83.30 %
Predictions - 1s: 709, 0s: 1376
True Labels - 1s: 837, 0s: 1248
-------------------------------
Epoch [1/12] Loss: 0.3770, Accuracy: 83.69 %
-------------------------------
-------- Validation --------
Predictions - 1s: 238, 0s: 283
True Labels - 1s: 237, 0s: 284
Validation Loss: 0.2658, Validation Accuracy: 89.83 %
-------- Validation finished --------
Updated best model in epoch 1 saved with Validation Loss: 0.2658 and Validation Accuracy: 89.83 %
-------------------------------
Epoch [2/12], Step [100/522], Loss: 0.2565, Accuracy: 90.00 %
Epoch [2/12], Step [200/522], Loss: 0.2426, Accuracy: 90.75 %
Epoch [2/12], Step [300/522], Loss: 0.2263, Accuracy: 91.58 %
Epoch [2/12], Step [400/522], Loss: 0.2335, Accuracy: 91.19 %
Epoch [2/12], Step [500/522], Loss: 0.2379, Accuracy: 90.65 %
Predictions - 1s: 861, 0s: 1224
True Labels - 1s: 837, 0s: 1248
-------------------------------
Epoch [2/12] Loss: 0.2370, Accuracy: 90.70 %
-------------------------------
-------- Validation --------
Predictions - 1s: 247, 0s: 274
True Labels - 1s: 237, 0s: 284
Validation Loss: 0.2199, Validation Accuracy: 91.55 %
-------- Validation finished --------
Updated best model in epoch 2 saved with Validation Loss: 0.2199 and Validation Accuracy: 91.55 %
-------------------------------
Epoch [3/12], Step [100/522], Loss: 0.2528, Accuracy: 88.50 %
Epoch [3/12], Step [200/522], Loss: 0.2422, Accuracy: 89.62 %
Epoch [3/12], Step [300/522], Loss: 0.2267, Accuracy: 90.25 %
Epoch [3/12], Step [400/522], Loss: 0.2139, Accuracy: 91.19 %
Epoch [3/12], Step [500/522], Loss: 0.2102, Accuracy: 91.35 %
Predictions - 1s: 862, 0s: 1223
True Labels - 1s: 837, 0s: 1248
-------------------------------
Epoch [3/12] Loss: 0.2063, Accuracy: 91.61 %
-------------------------------
-------- Validation --------
Predictions - 1s: 230, 0s: 291
True Labels - 1s: 237, 0s: 284
Validation Loss: 0.2259, Validation Accuracy: 90.21 %
-------- Validation finished --------
Epoch [4/12], Step [100/522], Loss: 0.1843, Accuracy: 93.25 %
Epoch [4/12], Step [200/522], Loss: 0.1713, Accuracy: 93.50 %
Epoch [4/12], Step [300/522], Loss: 0.1843, Accuracy: 92.83 %
Epoch [4/12], Step [400/522], Loss: 0.1947, Accuracy: 92.44 %
Epoch [4/12], Step [500/522], Loss: 0.1818, Accuracy: 92.95 %
Predictions - 1s: 848, 0s: 1237
True Labels - 1s: 837, 0s: 1248
-------------------------------
Epoch [4/12] Loss: 0.1849, Accuracy: 92.95 %
-------------------------------
-------- Validation --------
Predictions - 1s: 224, 0s: 297
True Labels - 1s: 237, 0s: 284
Validation Loss: 0.2239, Validation Accuracy: 90.98 %
-------- Validation finished --------
Epoch [5/12], Step [100/522], Loss: 0.1447, Accuracy: 94.25 %
Epoch [5/12], Step [200/522], Loss: 0.1480, Accuracy: 94.62 %
Epoch [5/12], Step [300/522], Loss: 0.1503, Accuracy: 94.50 %
Epoch [5/12], Step [400/522], Loss: 0.1597, Accuracy: 94.25 %
Epoch [5/12], Step [500/522], Loss: 0.1540, Accuracy: 94.35 %
Predictions - 1s: 852, 0s: 1233
True Labels - 1s: 837, 0s: 1248
-------------------------------
Epoch [5/12] Loss: 0.1568, Accuracy: 94.10 %
-------------------------------
-------- Validation --------
Predictions - 1s: 215, 0s: 306
True Labels - 1s: 237, 0s: 284
Validation Loss: 0.2324, Validation Accuracy: 91.55 %
-------- Validation finished --------
Epoch [6/12], Step [100/522], Loss: 0.1503, Accuracy: 93.75 %
Epoch [6/12], Step [200/522], Loss: 0.1535, Accuracy: 94.00 %
Epoch [6/12], Step [300/522], Loss: 0.1397, Accuracy: 94.75 %
Epoch [6/12], Step [400/522], Loss: 0.1450, Accuracy: 94.44 %
Epoch [6/12], Step [500/522], Loss: 0.1514, Accuracy: 94.10 %
Predictions - 1s: 847, 0s: 1238
True Labels - 1s: 837, 0s: 1248
-------------------------------
Epoch [6/12] Loss: 0.1504, Accuracy: 94.15 %
-------------------------------
-------- Validation --------
Predictions - 1s: 228, 0s: 293
True Labels - 1s: 237, 0s: 284
Validation Loss: 0.1982, Validation Accuracy: 92.51 %
-------- Validation finished --------
Updated best model in epoch 6 saved with Validation Loss: 0.1982 and Validation Accuracy: 92.51 %
-------------------------------
Epoch [7/12], Step [100/522], Loss: 0.1223, Accuracy: 95.25 %
Epoch [7/12], Step [200/522], Loss: 0.1374, Accuracy: 94.88 %
Epoch [7/12], Step [300/522], Loss: 0.1336, Accuracy: 95.00 %
Epoch [7/12], Step [400/522], Loss: 0.1342, Accuracy: 94.88 %
Epoch [7/12], Step [500/522], Loss: 0.1323, Accuracy: 95.15 %
Predictions - 1s: 852, 0s: 1233
True Labels - 1s: 837, 0s: 1248
-------------------------------
Epoch [7/12] Loss: 0.1318, Accuracy: 95.16 %
-------------------------------
-------- Validation --------
Predictions - 1s: 236, 0s: 285
True Labels - 1s: 237, 0s: 284
Validation Loss: 0.1876, Validation Accuracy: 92.51 %
-------- Validation finished --------
Updated best model in epoch 7 saved with Validation Loss: 0.1876 and Validation Accuracy: 92.51 %
-------------------------------
Epoch [8/12], Step [100/522], Loss: 0.1134, Accuracy: 95.50 %
Epoch [8/12], Step [200/522], Loss: 0.1190, Accuracy: 95.50 %
Epoch [8/12], Step [300/522], Loss: 0.1257, Accuracy: 95.25 %
Epoch [8/12], Step [400/522], Loss: 0.1238, Accuracy: 95.25 %
Epoch [8/12], Step [500/522], Loss: 0.1212, Accuracy: 95.40 %
Predictions - 1s: 852, 0s: 1233
True Labels - 1s: 837, 0s: 1248
-------------------------------
Epoch [8/12] Loss: 0.1236, Accuracy: 95.35 %
-------------------------------
-------- Validation --------
Predictions - 1s: 221, 0s: 300
True Labels - 1s: 237, 0s: 284
Validation Loss: 0.2030, Validation Accuracy: 92.71 %
-------- Validation finished --------
Epoch [9/12], Step [100/522], Loss: 0.1450, Accuracy: 95.00 %
Epoch [9/12], Step [200/522], Loss: 0.1303, Accuracy: 95.12 %
Epoch [9/12], Step [300/522], Loss: 0.1288, Accuracy: 95.33 %
Epoch [9/12], Step [400/522], Loss: 0.1264, Accuracy: 95.56 %
Epoch [9/12], Step [500/522], Loss: 0.1232, Accuracy: 95.80 %
Predictions - 1s: 842, 0s: 1243
True Labels - 1s: 837, 0s: 1248
-------------------------------
Epoch [9/12] Loss: 0.1206, Accuracy: 95.92 %
-------------------------------
-------- Validation --------
Predictions - 1s: 224, 0s: 297
True Labels - 1s: 237, 0s: 284
Validation Loss: 0.2056, Validation Accuracy: 92.51 %
-------- Validation finished --------
Epoch [10/12], Step [100/522], Loss: 0.1210, Accuracy: 96.25 %
Epoch [10/12], Step [200/522], Loss: 0.1011, Accuracy: 96.50 %
Epoch [10/12], Step [300/522], Loss: 0.1044, Accuracy: 96.25 %
Epoch [10/12], Step [400/522], Loss: 0.1064, Accuracy: 96.06 %
Epoch [10/12], Step [500/522], Loss: 0.1010, Accuracy: 96.25 %
Predictions - 1s: 832, 0s: 1253
True Labels - 1s: 837, 0s: 1248
-------------------------------
Epoch [10/12] Loss: 0.1033, Accuracy: 96.12 %
-------------------------------
-------- Validation --------
Predictions - 1s: 227, 0s: 294
True Labels - 1s: 237, 0s: 284
Validation Loss: 0.1868, Validation Accuracy: 92.71 %
-------- Validation finished --------
Updated best model in epoch 10 saved with Validation Loss: 0.1868 and Validation Accuracy: 92.71 %
-------------------------------
Epoch [11/12], Step [100/522], Loss: 0.0761, Accuracy: 97.00 %
Epoch [11/12], Step [200/522], Loss: 0.1012, Accuracy: 95.75 %
Epoch [11/12], Step [300/522], Loss: 0.1021, Accuracy: 96.00 %
Epoch [11/12], Step [400/522], Loss: 0.0992, Accuracy: 96.31 %
Epoch [11/12], Step [500/522], Loss: 0.1002, Accuracy: 96.30 %
Predictions - 1s: 854, 0s: 1231
True Labels - 1s: 837, 0s: 1248
-------------------------------
Epoch [11/12] Loss: 0.1012, Accuracy: 96.31 %
-------------------------------
-------- Validation --------
Predictions - 1s: 227, 0s: 294
True Labels - 1s: 237, 0s: 284
Validation Loss: 0.1823, Validation Accuracy: 92.71 %
-------- Validation finished --------
Updated best model in epoch 11 saved with Validation Loss: 0.1823 and Validation Accuracy: 92.71 %
-------------------------------
Epoch [12/12], Step [100/522], Loss: 0.0918, Accuracy: 95.50 %
Epoch [12/12], Step [200/522], Loss: 0.0942, Accuracy: 96.50 %
Epoch [12/12], Step [300/522], Loss: 0.0959, Accuracy: 96.50 %
Epoch [12/12], Step [400/522], Loss: 0.0976, Accuracy: 96.56 %
Epoch [12/12], Step [500/522], Loss: 0.0965, Accuracy: 96.55 %
Predictions - 1s: 848, 0s: 1237
True Labels - 1s: 837, 0s: 1248
-------------------------------
Epoch [12/12] Loss: 0.0971, Accuracy: 96.59 %
-------------------------------
-------- Validation --------
Predictions - 1s: 226, 0s: 295
True Labels - 1s: 237, 0s: 284
Validation Loss: 0.1848, Validation Accuracy: 92.90 %
-------- Validation finished --------
Best model in epoch 11 saved with with Validation Loss: 0.1823 and Validation Accuracy: 92.71 %

-------- Training finished in 1:14 --------

Test flag enabled. Testing the model

-------- Loading best model from model_path --------
Loaded model bert-mini from date 21-03-2024 14:06. Trained with Centralised Machine Learning technology.
Epoch 11, lr: 6e-05, optimizer: AdamW
Train accuracy: 96.31 %, Validation accuracy: 92.71 %
-------- Best model loaded --------

-------- Creating Test Dataloader --------
Test Loader: 650 total sentences. 82 batches of size 8.
-------- Test Dataloader created --------

-------- Testing --------
Predictions - 1s: 255, 0s: 395
True Labels - 1s: 268, 0s: 382
Nº of test samples: 650
Accuracy: 92.15%
Accuracy 2 : 92.15%
Precision: 92.22%
Recall: 91.54%
F1 Score: 91.84%
Classification report:
              precision    recall  f1-score   support

           0     0.9190    0.9503    0.9344       382
           1     0.9255    0.8806    0.9025       268

    accuracy                         0.9215       650
   macro avg     0.9222    0.9154    0.9184       650
weighted avg     0.9217    0.9215    0.9212       650

-------- Testing finished --------
