Current configuration:
{
    "concurrency_flag": true,
    "data_distribution": "iid",
    "dataset": "acl_dep_sad",
    "device": "cuda",
    "dp_delta": 0.003,
    "dp_epsilon": 0.0,
    "eval_batch_size": 4,
    "eval_flag": true,
    "eval_size": 0.2,
    "fed_alg": "fedavg",
    "layers": 3,
    "learning_rate": 6e-05,
    "max_length": 512,
    "ml_mode": "ml",
    "model": "bert_tiny",
    "model_name": "ml_tiny_seed2_acl_dep_sad",
    "models_path": "/local/vpaloma/fabric-federated-learning/ablation_study/phase-2/4-execution_time/acl_dep_sad/",
    "mu": 0.5,
    "num_clients": 5,
    "num_epochs": 12,
    "num_rounds": 4,
    "optimizer": "AdamW",
    "progress_bar_flag": false,
    "save_model": true,
    "scheduler": "linear",
    "scheduler_warmup_steps": 0,
    "seed": 221,
    "test_flag": true,
    "train_batch_size": 4,
    "train_size": 0.8
}
-------- Configuration loaded --------

-------- Setting device --------
cuda device selected and available.
-------- Device set --------

-------- Setting seed --------
-------- Seed set --------

-------- Creating Model --------
-------- Model created --------

-------- Setting Trainable Layers --------
Training the last 3 layers.

Total parameters count: 4386178
Trainable parameters count: 215042
-------- Trainable Layers set --------

-------- Creating Tokenizer --------
-------- Tokenizer created --------

-------- Creating Train and Eval Dataloaders --------
Train Loader: 2085 total sentences. 522 batches of size 4.
Eval Loader: 521 total sentences. 131 batches of size 4.
-------- Train and Eval Dataloaders created --------

-------- Creating Optimizer --------
-------- Optimizer created --------

-------- Creating Scheduler --------
-------- Scheduler created --------

-------- Training --------
Training with Centralised Machine Learning technology.
Training without differential privacy.
Concurrency flag is set to True, but ml mode is selected. Concurrency flag will be ignored.
Epoch [1/12], Step [100/522], Loss: 0.6592, Accuracy: 61.00 %
Epoch [1/12], Step [200/522], Loss: 0.6100, Accuracy: 67.50 %
Epoch [1/12], Step [300/522], Loss: 0.5602, Accuracy: 72.33 %
Epoch [1/12], Step [400/522], Loss: 0.5197, Accuracy: 74.94 %
Epoch [1/12], Step [500/522], Loss: 0.4850, Accuracy: 77.35 %
Predictions - 1s: 647, 0s: 1438
True Labels - 1s: 874, 0s: 1211
-------------------------------
Epoch [1/12] Loss: 0.4762, Accuracy: 77.99 %
-------------------------------
-------- Validation --------
Predictions - 1s: 215, 0s: 306
True Labels - 1s: 200, 0s: 321
Validation Loss: 0.2864, Validation Accuracy: 89.83 %
-------- Validation finished --------
Updated best model in epoch 1 saved with Validation Loss: 0.2864 and Validation Accuracy: 89.83 %
-------------------------------
Epoch [2/12], Step [100/522], Loss: 0.3685, Accuracy: 84.50 %
Epoch [2/12], Step [200/522], Loss: 0.3390, Accuracy: 86.00 %
Epoch [2/12], Step [300/522], Loss: 0.3357, Accuracy: 86.42 %
Epoch [2/12], Step [400/522], Loss: 0.3305, Accuracy: 86.56 %
Epoch [2/12], Step [500/522], Loss: 0.3256, Accuracy: 87.00 %
Predictions - 1s: 919, 0s: 1166
True Labels - 1s: 874, 0s: 1211
-------------------------------
Epoch [2/12] Loss: 0.3254, Accuracy: 87.00 %
-------------------------------
-------- Validation --------
Predictions - 1s: 209, 0s: 312
True Labels - 1s: 200, 0s: 321
Validation Loss: 0.2516, Validation Accuracy: 90.60 %
-------- Validation finished --------
Updated best model in epoch 2 saved with Validation Loss: 0.2516 and Validation Accuracy: 90.60 %
-------------------------------
Epoch [3/12], Step [100/522], Loss: 0.2685, Accuracy: 88.50 %
Epoch [3/12], Step [200/522], Loss: 0.2639, Accuracy: 88.50 %
Epoch [3/12], Step [300/522], Loss: 0.2652, Accuracy: 89.08 %
Epoch [3/12], Step [400/522], Loss: 0.2793, Accuracy: 88.75 %
Epoch [3/12], Step [500/522], Loss: 0.2790, Accuracy: 88.55 %
Predictions - 1s: 922, 0s: 1163
True Labels - 1s: 874, 0s: 1211
-------------------------------
Epoch [3/12] Loss: 0.2782, Accuracy: 88.59 %
-------------------------------
-------- Validation --------
Predictions - 1s: 212, 0s: 309
True Labels - 1s: 200, 0s: 321
Validation Loss: 0.2198, Validation Accuracy: 91.17 %
-------- Validation finished --------
Updated best model in epoch 3 saved with Validation Loss: 0.2198 and Validation Accuracy: 91.17 %
-------------------------------
Epoch [4/12], Step [100/522], Loss: 0.2484, Accuracy: 90.00 %
Epoch [4/12], Step [200/522], Loss: 0.2435, Accuracy: 89.88 %
Epoch [4/12], Step [300/522], Loss: 0.2503, Accuracy: 89.75 %
Epoch [4/12], Step [400/522], Loss: 0.2447, Accuracy: 90.06 %
Epoch [4/12], Step [500/522], Loss: 0.2521, Accuracy: 89.75 %
Predictions - 1s: 913, 0s: 1172
True Labels - 1s: 874, 0s: 1211
-------------------------------
Epoch [4/12] Loss: 0.2530, Accuracy: 89.69 %
-------------------------------
-------- Validation --------
Predictions - 1s: 203, 0s: 318
True Labels - 1s: 200, 0s: 321
Validation Loss: 0.2042, Validation Accuracy: 91.75 %
-------- Validation finished --------
Updated best model in epoch 4 saved with Validation Loss: 0.2042 and Validation Accuracy: 91.75 %
-------------------------------
Epoch [5/12], Step [100/522], Loss: 0.2863, Accuracy: 87.75 %
Epoch [5/12], Step [200/522], Loss: 0.2555, Accuracy: 89.62 %
Epoch [5/12], Step [300/522], Loss: 0.2557, Accuracy: 89.50 %
Epoch [5/12], Step [400/522], Loss: 0.2466, Accuracy: 89.81 %
Epoch [5/12], Step [500/522], Loss: 0.2488, Accuracy: 90.05 %
Predictions - 1s: 908, 0s: 1177
True Labels - 1s: 874, 0s: 1211
-------------------------------
Epoch [5/12] Loss: 0.2443, Accuracy: 90.22 %
-------------------------------
-------- Validation --------
Predictions - 1s: 209, 0s: 312
True Labels - 1s: 200, 0s: 321
Validation Loss: 0.1952, Validation Accuracy: 92.51 %
-------- Validation finished --------
Updated best model in epoch 5 saved with Validation Loss: 0.1952 and Validation Accuracy: 92.51 %
-------------------------------
Epoch [6/12], Step [100/522], Loss: 0.2096, Accuracy: 92.25 %
Epoch [6/12], Step [200/522], Loss: 0.2086, Accuracy: 91.88 %
Epoch [6/12], Step [300/522], Loss: 0.2286, Accuracy: 90.83 %
Epoch [6/12], Step [400/522], Loss: 0.2315, Accuracy: 90.88 %
Epoch [6/12], Step [500/522], Loss: 0.2357, Accuracy: 90.80 %
Predictions - 1s: 913, 0s: 1172
True Labels - 1s: 874, 0s: 1211
-------------------------------
Epoch [6/12] Loss: 0.2325, Accuracy: 90.94 %
-------------------------------
-------- Validation --------
Predictions - 1s: 193, 0s: 328
True Labels - 1s: 200, 0s: 321
Validation Loss: 0.1928, Validation Accuracy: 92.90 %
-------- Validation finished --------
Updated best model in epoch 6 saved with Validation Loss: 0.1928 and Validation Accuracy: 92.90 %
-------------------------------
Epoch [7/12], Step [100/522], Loss: 0.1930, Accuracy: 91.75 %
Epoch [7/12], Step [200/522], Loss: 0.2161, Accuracy: 91.00 %
Epoch [7/12], Step [300/522], Loss: 0.2297, Accuracy: 90.50 %
Epoch [7/12], Step [400/522], Loss: 0.2196, Accuracy: 91.00 %
Epoch [7/12], Step [500/522], Loss: 0.2208, Accuracy: 91.20 %
Predictions - 1s: 898, 0s: 1187
True Labels - 1s: 874, 0s: 1211
-------------------------------
Epoch [7/12] Loss: 0.2204, Accuracy: 91.18 %
-------------------------------
-------- Validation --------
Predictions - 1s: 202, 0s: 319
True Labels - 1s: 200, 0s: 321
Validation Loss: 0.1839, Validation Accuracy: 93.86 %
-------- Validation finished --------
Updated best model in epoch 7 saved with Validation Loss: 0.1839 and Validation Accuracy: 93.86 %
-------------------------------
Epoch [8/12], Step [100/522], Loss: 0.2256, Accuracy: 91.00 %
Epoch [8/12], Step [200/522], Loss: 0.2269, Accuracy: 91.00 %
Epoch [8/12], Step [300/522], Loss: 0.2141, Accuracy: 91.75 %
Epoch [8/12], Step [400/522], Loss: 0.2218, Accuracy: 91.25 %
Epoch [8/12], Step [500/522], Loss: 0.2262, Accuracy: 91.05 %
Predictions - 1s: 903, 0s: 1182
True Labels - 1s: 874, 0s: 1211
-------------------------------
Epoch [8/12] Loss: 0.2224, Accuracy: 91.13 %
-------------------------------
-------- Validation --------
Predictions - 1s: 203, 0s: 318
True Labels - 1s: 200, 0s: 321
Validation Loss: 0.1819, Validation Accuracy: 93.67 %
-------- Validation finished --------
Updated best model in epoch 8 saved with Validation Loss: 0.1819 and Validation Accuracy: 93.67 %
-------------------------------
Epoch [9/12], Step [100/522], Loss: 0.2016, Accuracy: 92.50 %
Epoch [9/12], Step [200/522], Loss: 0.2047, Accuracy: 92.38 %
Epoch [9/12], Step [300/522], Loss: 0.2208, Accuracy: 91.08 %
Epoch [9/12], Step [400/522], Loss: 0.2084, Accuracy: 91.62 %
Epoch [9/12], Step [500/522], Loss: 0.2056, Accuracy: 91.90 %
Predictions - 1s: 907, 0s: 1178
True Labels - 1s: 874, 0s: 1211
-------------------------------
Epoch [9/12] Loss: 0.2040, Accuracy: 91.89 %
-------------------------------
-------- Validation --------
Predictions - 1s: 202, 0s: 319
True Labels - 1s: 200, 0s: 321
Validation Loss: 0.1835, Validation Accuracy: 93.86 %
-------- Validation finished --------
Epoch [10/12], Step [100/522], Loss: 0.1481, Accuracy: 94.50 %
Epoch [10/12], Step [200/522], Loss: 0.1803, Accuracy: 93.38 %
Epoch [10/12], Step [300/522], Loss: 0.1967, Accuracy: 92.58 %
Epoch [10/12], Step [400/522], Loss: 0.1934, Accuracy: 92.44 %
Epoch [10/12], Step [500/522], Loss: 0.1927, Accuracy: 92.15 %
Predictions - 1s: 893, 0s: 1192
True Labels - 1s: 874, 0s: 1211
-------------------------------
Epoch [10/12] Loss: 0.1919, Accuracy: 92.09 %
-------------------------------
-------- Validation --------
Predictions - 1s: 196, 0s: 325
True Labels - 1s: 200, 0s: 321
Validation Loss: 0.1844, Validation Accuracy: 93.47 %
-------- Validation finished --------
Epoch [11/12], Step [100/522], Loss: 0.1990, Accuracy: 92.00 %
Epoch [11/12], Step [200/522], Loss: 0.2079, Accuracy: 91.25 %
Epoch [11/12], Step [300/522], Loss: 0.1995, Accuracy: 91.83 %
Epoch [11/12], Step [400/522], Loss: 0.1998, Accuracy: 92.12 %
Epoch [11/12], Step [500/522], Loss: 0.1979, Accuracy: 92.25 %
Predictions - 1s: 885, 0s: 1200
True Labels - 1s: 874, 0s: 1211
-------------------------------
Epoch [11/12] Loss: 0.1992, Accuracy: 92.28 %
-------------------------------
-------- Validation --------
Predictions - 1s: 202, 0s: 319
True Labels - 1s: 200, 0s: 321
Validation Loss: 0.1809, Validation Accuracy: 93.86 %
-------- Validation finished --------
Updated best model in epoch 11 saved with Validation Loss: 0.1809 and Validation Accuracy: 93.86 %
-------------------------------
Epoch [12/12], Step [100/522], Loss: 0.1999, Accuracy: 91.75 %
Epoch [12/12], Step [200/522], Loss: 0.1876, Accuracy: 92.25 %
Epoch [12/12], Step [300/522], Loss: 0.1777, Accuracy: 93.00 %
Epoch [12/12], Step [400/522], Loss: 0.1828, Accuracy: 92.69 %
Epoch [12/12], Step [500/522], Loss: 0.1867, Accuracy: 92.25 %
Predictions - 1s: 908, 0s: 1177
True Labels - 1s: 874, 0s: 1211
-------------------------------
Epoch [12/12] Loss: 0.1852, Accuracy: 92.33 %
-------------------------------
-------- Validation --------
Predictions - 1s: 198, 0s: 323
True Labels - 1s: 200, 0s: 321
Validation Loss: 0.1821, Validation Accuracy: 93.47 %
-------- Validation finished --------
Best model in epoch 11 saved with with Validation Loss: 0.1809 and Validation Accuracy: 93.86 %

-------- Training finished in 1:17 --------

Test flag enabled. Testing the model

-------- Loading best model from model_path --------
Loaded model bert-tiny from date 21-03-2024 11:25. Trained with Centralised Machine Learning technology.
Epoch 11, lr: 6e-05, optimizer: AdamW
Train accuracy: 92.28 %, Validation accuracy: 93.86 %
-------- Best model loaded --------

-------- Creating Test Dataloader --------
Test Loader: 650 total sentences. 82 batches of size 8.
-------- Test Dataloader created --------

-------- Testing --------
Predictions - 1s: 272, 0s: 378
True Labels - 1s: 268, 0s: 382
Nº of test samples: 650
Accuracy: 92.00%
Accuracy 2 : 92.00%
Precision: 91.68%
Recall: 91.86%
F1 Score: 91.76%
Classification report:
              precision    recall  f1-score   support

           0     0.9365    0.9267    0.9316       382
           1     0.8971    0.9104    0.9037       268

    accuracy                         0.9200       650
   macro avg     0.9168    0.9186    0.9176       650
weighted avg     0.9202    0.9200    0.9201       650

-------- Testing finished --------
