Current configuration:
{
    "concurrency_flag": false,
    "data_distribution": "non_iid",
    "dataset": "acl_dep_sad",
    "device": "cuda",
    "dp_delta": 0.003,
    "dp_epsilon": 0,
    "eval_batch_size": 4,
    "eval_flag": true,
    "eval_size": 0.2,
    "fed_alg": "fedprox",
    "layers": 3,
    "learning_rate": 6e-05,
    "max_length": 512,
    "ml_mode": "fl",
    "model": "bert_small",
    "model_name": "fedprox_non_iid_acl_dep_sad",
    "models_path": "/local/vpaloma/fabric-federated-learning/ablation_study/5-fed-data_dist-dataset/acl_dep_sad",
    "mu": 0.5,
    "num_clients": 5,
    "num_epochs": 3,
    "num_rounds": 4,
    "optimizer": "AdamW",
    "progress_bar_flag": false,
    "save_model": true,
    "scheduler": "linear",
    "scheduler_warmup_steps": 0,
    "seed": 0,
    "test_flag": true,
    "train_batch_size": 4,
    "train_size": 0.8
}
-------- Configuration loaded --------

-------- Setting device --------
cuda device selected and available.
-------- Device set --------

-------- Setting seed --------
-------- Seed set --------

-------- Creating Model --------
-------- Model created --------

-------- Setting Trainable Layers --------
Training the last 3 layers.

Total parameters count: 28764674
Trainable parameters count: 3416066
-------- Trainable Layers set --------

-------- Creating Tokenizer --------
-------- Tokenizer created --------

-------- Creating Train and Eval Dataloaders --------
Train Loader: 2085 total sentences. 522 batches of size 4.
Eval Loader: 521 total sentences. 131 batches of size 4.
-------- Train and Eval Dataloaders created --------

-------- Training --------
Training with Federated Learning technology.
Training without differential privacy.
Federated proximal algorithm selected.
Using mu value of 0.5.
Client 0: Label 0: 41, Label 1: 376
Client 1: Label 0: 41, Label 1: 376
Client 2: Label 0: 376, Label 1: 41
Client 3: Label 0: 376, Label 1: 41
Client 4: Label 0: 379, Label 1: 38

Round 1 of 4
-------------------------------
Client 1 of 5: Local Epoch [1/3] Loss: 0.4950, Accuracy: 88.25 %
Client 1 of 5: Local Epoch [2/3] Loss: 0.4149, Accuracy: 90.17 %
Client 1 of 5: Local Epoch [3/3] Loss: 0.3949, Accuracy: 90.17 %
Client 2 of 5: Local Epoch [1/3] Loss: 0.4935, Accuracy: 88.97 %
Client 2 of 5: Local Epoch [2/3] Loss: 0.3960, Accuracy: 90.17 %
Client 2 of 5: Local Epoch [3/3] Loss: 0.3791, Accuracy: 90.17 %
Client 3 of 5: Local Epoch [1/3] Loss: 0.4359, Accuracy: 89.93 %
Client 3 of 5: Local Epoch [2/3] Loss: 0.3898, Accuracy: 90.17 %
Client 3 of 5: Local Epoch [3/3] Loss: 0.3719, Accuracy: 90.17 %
Client 4 of 5: Local Epoch [1/3] Loss: 0.4390, Accuracy: 89.93 %
Client 4 of 5: Local Epoch [2/3] Loss: 0.3969, Accuracy: 90.17 %
Client 4 of 5: Local Epoch [3/3] Loss: 0.3678, Accuracy: 90.17 %
Client 5 of 5: Local Epoch [1/3] Loss: 0.4409, Accuracy: 90.65 %
Client 5 of 5: Local Epoch [2/3] Loss: 0.3827, Accuracy: 90.89 %
Client 5 of 5: Local Epoch [3/3] Loss: 0.3667, Accuracy: 90.89 %
-------------------------------
Round [1/4] Average Local Loss: 0.3761, Average Local Accuracy: 90.31 %
-------------------------------
-------- Validation --------
Round [1/4] Global Model Validation Loss: 0.5696, Validation Accuracy: 69.87 %
-------- Validation finished --------
Updated best model in round 1 saved with Validation Accuracy: 69.87 %
-------------------------------

Round 2 of 4
-------------------------------
Client 1 of 5: Local Epoch [1/3] Loss: 0.4657, Accuracy: 89.21 %
Client 1 of 5: Local Epoch [2/3] Loss: 0.3753, Accuracy: 90.17 %
Client 1 of 5: Local Epoch [3/3] Loss: 0.3578, Accuracy: 90.17 %
Client 2 of 5: Local Epoch [1/3] Loss: 0.4335, Accuracy: 89.93 %
Client 2 of 5: Local Epoch [2/3] Loss: 0.3617, Accuracy: 90.17 %
Client 2 of 5: Local Epoch [3/3] Loss: 0.3425, Accuracy: 90.17 %
Client 3 of 5: Local Epoch [1/3] Loss: 0.3931, Accuracy: 90.17 %
Client 3 of 5: Local Epoch [2/3] Loss: 0.3566, Accuracy: 90.17 %
Client 3 of 5: Local Epoch [3/3] Loss: 0.3317, Accuracy: 90.17 %
Client 4 of 5: Local Epoch [1/3] Loss: 0.3842, Accuracy: 90.41 %
Client 4 of 5: Local Epoch [2/3] Loss: 0.3469, Accuracy: 90.17 %
Client 4 of 5: Local Epoch [3/3] Loss: 0.3193, Accuracy: 90.17 %
Client 5 of 5: Local Epoch [1/3] Loss: 0.3818, Accuracy: 91.37 %
Client 5 of 5: Local Epoch [2/3] Loss: 0.3426, Accuracy: 90.89 %
Client 5 of 5: Local Epoch [3/3] Loss: 0.3209, Accuracy: 90.89 %
-------------------------------
Round [2/4] Average Local Loss: 0.3344, Average Local Accuracy: 90.31 %
-------------------------------
-------- Validation --------
Round [2/4] Global Model Validation Loss: 0.4930, Validation Accuracy: 81.38 %
-------- Validation finished --------
Updated best model in round 2 saved with Validation Accuracy: 81.38 %
-------------------------------

Round 3 of 4
-------------------------------
Client 1 of 5: Local Epoch [1/3] Loss: 0.4230, Accuracy: 89.21 %
Client 1 of 5: Local Epoch [2/3] Loss: 0.3486, Accuracy: 90.65 %
Client 1 of 5: Local Epoch [3/3] Loss: 0.3271, Accuracy: 90.41 %
Client 2 of 5: Local Epoch [1/3] Loss: 0.3909, Accuracy: 91.85 %
Client 2 of 5: Local Epoch [2/3] Loss: 0.3284, Accuracy: 90.89 %
Client 2 of 5: Local Epoch [3/3] Loss: 0.3066, Accuracy: 90.65 %
Client 3 of 5: Local Epoch [1/3] Loss: 0.3585, Accuracy: 90.41 %
Client 3 of 5: Local Epoch [2/3] Loss: 0.3211, Accuracy: 90.17 %
Client 3 of 5: Local Epoch [3/3] Loss: 0.3090, Accuracy: 90.41 %
Client 4 of 5: Local Epoch [1/3] Loss: 0.3471, Accuracy: 89.93 %
Client 4 of 5: Local Epoch [2/3] Loss: 0.3107, Accuracy: 90.65 %
Client 4 of 5: Local Epoch [3/3] Loss: 0.2988, Accuracy: 90.65 %
Client 5 of 5: Local Epoch [1/3] Loss: 0.3471, Accuracy: 91.13 %
Client 5 of 5: Local Epoch [2/3] Loss: 0.3244, Accuracy: 90.89 %
Client 5 of 5: Local Epoch [3/3] Loss: 0.3018, Accuracy: 90.89 %
-------------------------------
Round [3/4] Average Local Loss: 0.3087, Average Local Accuracy: 90.60 %
-------------------------------
-------- Validation --------
Round [3/4] Global Model Validation Loss: 0.4378, Validation Accuracy: 83.49 %
-------- Validation finished --------
Updated best model in round 3 saved with Validation Accuracy: 83.49 %
-------------------------------

Round 4 of 4
-------------------------------
Client 1 of 5: Local Epoch [1/3] Loss: 0.3879, Accuracy: 90.41 %
Client 1 of 5: Local Epoch [2/3] Loss: 0.3255, Accuracy: 90.65 %
Client 1 of 5: Local Epoch [3/3] Loss: 0.2968, Accuracy: 90.89 %
Client 2 of 5: Local Epoch [1/3] Loss: 0.3631, Accuracy: 91.37 %
Client 2 of 5: Local Epoch [2/3] Loss: 0.3019, Accuracy: 91.61 %
Client 2 of 5: Local Epoch [3/3] Loss: 0.2854, Accuracy: 90.89 %
Client 3 of 5: Local Epoch [1/3] Loss: 0.3314, Accuracy: 91.13 %
Client 3 of 5: Local Epoch [2/3] Loss: 0.3133, Accuracy: 91.37 %
Client 3 of 5: Local Epoch [3/3] Loss: 0.2886, Accuracy: 90.89 %
Client 4 of 5: Local Epoch [1/3] Loss: 0.3220, Accuracy: 92.57 %
Client 4 of 5: Local Epoch [2/3] Loss: 0.2922, Accuracy: 91.61 %
Client 4 of 5: Local Epoch [3/3] Loss: 0.2700, Accuracy: 91.85 %
Client 5 of 5: Local Epoch [1/3] Loss: 0.3264, Accuracy: 92.33 %
Client 5 of 5: Local Epoch [2/3] Loss: 0.2944, Accuracy: 91.13 %
Client 5 of 5: Local Epoch [3/3] Loss: 0.2818, Accuracy: 91.61 %
-------------------------------
Round [4/4] Average Local Loss: 0.2845, Average Local Accuracy: 91.22 %
-------------------------------
-------- Validation --------
Round [4/4] Global Model Validation Loss: 0.3980, Validation Accuracy: 86.56 %
-------- Validation finished --------
Updated best model in round 4 saved with Validation Accuracy: 86.56 %
-------------------------------
Best model in round 4 saved with Validation Accuracy: 86.56 %

-------- Training finished in 10:26 --------

Test flag enabled. Testing the model

-------- Loading best model from model_path --------
Loaded model bert-small from date 06-02-2024 09:09. Trained with Federated Learning technology.
Round 4, lr: 6e-05, optimizer: AdamW
Average train accuracy: 91.22 %, Validation accuracy: 86.56 %
-------- Best model loaded --------

-------- Creating Test Dataloader --------
Test Loader: 650 total sentences. 82 batches of size 8.
-------- Test Dataloader created --------

-------- Testing --------
Nº of test samples: 650
Accuracy: 84.00%
Precision: 85.10%
Recall: 81.99%
F1 Score: 82.85%
-------- Testing finished --------
