Current configuration:
{
    "concurrency_flag": false,
    "data_distribution": "iid",
    "dataset": "mixed_depression",
    "device": "cuda",
    "dp_delta": 0.003,
    "dp_epsilon": 0.0,
    "eval_batch_size": 4,
    "eval_flag": true,
    "eval_size": 0.2,
    "fed_alg": "fedavg",
    "layers": 4,
    "learning_rate": 6e-05,
    "max_length": 512,
    "ml_mode": "fl",
    "model": "bert_mini",
    "model_name": "fl_bert_mini_mixed_depression",
    "models_path": "/local/vpaloma/ablation_study/3-ml_mode-model-datasets/",
    "mu": 0.5,
    "num_clients": 5,
    "num_epochs": 3,
    "num_rounds": 4,
    "optimizer": "AdamW",
    "progress_bar_flag": false,
    "save_model": true,
    "scheduler": "linear",
    "scheduler_warmup_steps": 0,
    "seed": 0,
    "test_flag": true,
    "train_batch_size": 4,
    "train_size": 0.8
}
-------- Configuration loaded --------

-------- Setting device --------
cuda device selected and available.
-------- Device set --------

-------- Setting seed --------
-------- Seed set --------

-------- Creating Model --------
-------- Model created --------

-------- Setting Trainable Layers --------
Training the last 4 layers.

Total parameters count: 11171074
Trainable parameters count: 1645826
-------- Trainable Layers set --------

-------- Creating Tokenizer --------
-------- Tokenizer created --------

-------- Creating Train and Eval Dataloaders --------
Train Loader: 1806 total sentences. 452 batches of size 4.
Eval Loader: 452 total sentences. 113 batches of size 4.
-------- Train and Eval Dataloaders created --------

-------- Training --------
Training with Federated Learning technology.
Training without differential privacy.
Federated averaging algorithm selected.

Round 1 of 4
-------------------------------
Client 1 of 5: Local Epoch [1/3] Loss: 0.6123, Accuracy: 67.59 %
Client 1 of 5: Local Epoch [2/3] Loss: 0.4696, Accuracy: 80.89 %
Client 1 of 5: Local Epoch [3/3] Loss: 0.3982, Accuracy: 85.04 %
Client 2 of 5: Local Epoch [1/3] Loss: 0.6492, Accuracy: 64.27 %
Client 2 of 5: Local Epoch [2/3] Loss: 0.5377, Accuracy: 75.35 %
Client 2 of 5: Local Epoch [3/3] Loss: 0.4660, Accuracy: 80.06 %
Client 3 of 5: Local Epoch [1/3] Loss: 0.6197, Accuracy: 65.65 %
Client 3 of 5: Local Epoch [2/3] Loss: 0.5162, Accuracy: 76.18 %
Client 3 of 5: Local Epoch [3/3] Loss: 0.4259, Accuracy: 81.99 %
Client 4 of 5: Local Epoch [1/3] Loss: 0.6082, Accuracy: 69.81 %
Client 4 of 5: Local Epoch [2/3] Loss: 0.4762, Accuracy: 78.67 %
Client 4 of 5: Local Epoch [3/3] Loss: 0.3784, Accuracy: 86.15 %
Client 5 of 5: Local Epoch [1/3] Loss: 0.6291, Accuracy: 68.78 %
Client 5 of 5: Local Epoch [2/3] Loss: 0.5121, Accuracy: 78.45 %
Client 5 of 5: Local Epoch [3/3] Loss: 0.4336, Accuracy: 83.70 %
-------------------------------
Round [1/4] Average Local Loss: 0.4204, Average Local Accuracy: 83.39 %
-------------------------------
-------- Validation --------
Round [1/4] Global Model Validation Loss: 0.4453, Validation Accuracy: 78.54 %
-------- Validation finished --------
Updated best model in round 1 saved with Validation Accuracy: 78.54 %
-------------------------------

Round 2 of 4
-------------------------------
Client 1 of 5: Local Epoch [1/3] Loss: 0.4297, Accuracy: 81.99 %
Client 1 of 5: Local Epoch [2/3] Loss: 0.3176, Accuracy: 88.92 %
Client 1 of 5: Local Epoch [3/3] Loss: 0.2714, Accuracy: 88.92 %
Client 2 of 5: Local Epoch [1/3] Loss: 0.4733, Accuracy: 77.84 %
Client 2 of 5: Local Epoch [2/3] Loss: 0.3803, Accuracy: 82.83 %
Client 2 of 5: Local Epoch [3/3] Loss: 0.3257, Accuracy: 89.20 %
Client 3 of 5: Local Epoch [1/3] Loss: 0.4540, Accuracy: 80.06 %
Client 3 of 5: Local Epoch [2/3] Loss: 0.3970, Accuracy: 81.99 %
Client 3 of 5: Local Epoch [3/3] Loss: 0.3218, Accuracy: 89.20 %
Client 4 of 5: Local Epoch [1/3] Loss: 0.4350, Accuracy: 80.06 %
Client 4 of 5: Local Epoch [2/3] Loss: 0.3084, Accuracy: 88.64 %
Client 4 of 5: Local Epoch [3/3] Loss: 0.2412, Accuracy: 91.69 %
Client 5 of 5: Local Epoch [1/3] Loss: 0.4551, Accuracy: 78.45 %
Client 5 of 5: Local Epoch [2/3] Loss: 0.3678, Accuracy: 85.91 %
Client 5 of 5: Local Epoch [3/3] Loss: 0.3214, Accuracy: 88.67 %
-------------------------------
Round [2/4] Average Local Loss: 0.2963, Average Local Accuracy: 89.54 %
-------------------------------
-------- Validation --------
Round [2/4] Global Model Validation Loss: 0.3285, Validation Accuracy: 86.73 %
-------- Validation finished --------
Updated best model in round 2 saved with Validation Accuracy: 86.73 %
-------------------------------

Round 3 of 4
-------------------------------
Client 1 of 5: Local Epoch [1/3] Loss: 0.3321, Accuracy: 85.60 %
Client 1 of 5: Local Epoch [2/3] Loss: 0.2704, Accuracy: 89.47 %
Client 1 of 5: Local Epoch [3/3] Loss: 0.2347, Accuracy: 91.97 %
Client 2 of 5: Local Epoch [1/3] Loss: 0.3964, Accuracy: 83.66 %
Client 2 of 5: Local Epoch [2/3] Loss: 0.3111, Accuracy: 86.98 %
Client 2 of 5: Local Epoch [3/3] Loss: 0.2807, Accuracy: 89.20 %
Client 3 of 5: Local Epoch [1/3] Loss: 0.3800, Accuracy: 84.76 %
Client 3 of 5: Local Epoch [2/3] Loss: 0.2988, Accuracy: 88.92 %
Client 3 of 5: Local Epoch [3/3] Loss: 0.2617, Accuracy: 90.86 %
Client 4 of 5: Local Epoch [1/3] Loss: 0.3192, Accuracy: 86.15 %
Client 4 of 5: Local Epoch [2/3] Loss: 0.2269, Accuracy: 91.14 %
Client 4 of 5: Local Epoch [3/3] Loss: 0.1802, Accuracy: 93.07 %
Client 5 of 5: Local Epoch [1/3] Loss: 0.3958, Accuracy: 83.98 %
Client 5 of 5: Local Epoch [2/3] Loss: 0.3260, Accuracy: 86.46 %
Client 5 of 5: Local Epoch [3/3] Loss: 0.2792, Accuracy: 89.23 %
-------------------------------
Round [3/4] Average Local Loss: 0.2473, Average Local Accuracy: 90.86 %
-------------------------------
-------- Validation --------
Round [3/4] Global Model Validation Loss: 0.3008, Validation Accuracy: 87.17 %
-------- Validation finished --------
Updated best model in round 3 saved with Validation Accuracy: 87.17 %
-------------------------------

Round 4 of 4
-------------------------------
Client 1 of 5: Local Epoch [1/3] Loss: 0.3343, Accuracy: 86.98 %
Client 1 of 5: Local Epoch [2/3] Loss: 0.2476, Accuracy: 91.41 %
Client 1 of 5: Local Epoch [3/3] Loss: 0.1980, Accuracy: 93.07 %
Client 2 of 5: Local Epoch [1/3] Loss: 0.3503, Accuracy: 87.26 %
Client 2 of 5: Local Epoch [2/3] Loss: 0.2756, Accuracy: 90.86 %
Client 2 of 5: Local Epoch [3/3] Loss: 0.2428, Accuracy: 90.30 %
Client 3 of 5: Local Epoch [1/3] Loss: 0.3435, Accuracy: 86.43 %
Client 3 of 5: Local Epoch [2/3] Loss: 0.3044, Accuracy: 86.98 %
Client 3 of 5: Local Epoch [3/3] Loss: 0.2245, Accuracy: 94.18 %
Client 4 of 5: Local Epoch [1/3] Loss: 0.2814, Accuracy: 88.64 %
Client 4 of 5: Local Epoch [2/3] Loss: 0.2015, Accuracy: 91.97 %
Client 4 of 5: Local Epoch [3/3] Loss: 0.1516, Accuracy: 94.74 %
Client 5 of 5: Local Epoch [1/3] Loss: 0.3667, Accuracy: 85.08 %
Client 5 of 5: Local Epoch [2/3] Loss: 0.2733, Accuracy: 87.85 %
Client 5 of 5: Local Epoch [3/3] Loss: 0.2223, Accuracy: 91.16 %
-------------------------------
Round [4/4] Average Local Loss: 0.2078, Average Local Accuracy: 92.69 %
-------------------------------
-------- Validation --------
Round [4/4] Global Model Validation Loss: 0.2941, Validation Accuracy: 88.72 %
-------- Validation finished --------
Updated best model in round 4 saved with Validation Accuracy: 88.72 %
-------------------------------
Best model in round 4 saved with Validation Accuracy: 88.72 %
-------- Training finished --------

Test flag enabled. Testing the model

-------- Loading best model from model_path --------
Loaded model bert-mini from date 01-02-2024 14:46. Trained with Federated Learning technology.
Round 4, lr: 6e-05, optimizer: AdamW
Average train accuracy: 92.69 %, Validation accuracy: 88.72 %
-------- Best model loaded --------

-------- Creating Test Dataloader --------
Test Loader: 564 total sentences. 71 batches of size 8.
-------- Test Dataloader created --------

-------- Testing --------
Nº of test samples: 564
Accuracy: 87.06%
Precision: 87.25%
Recall: 87.26%
F1 Score: 87.06%
-------- Testing finished --------
