Current configuration:
{
    "concurrency_flag": false,
    "data_distribution": "iid",
    "dataset": "dreaddit",
    "device": "cuda",
    "dp_delta": 0.003,
    "dp_epsilon": 0.0,
    "eval_batch_size": 4,
    "eval_flag": true,
    "eval_size": 0.2,
    "fed_alg": "fedavg",
    "layers": 4,
    "learning_rate": 6e-05,
    "max_length": 512,
    "ml_mode": "ml",
    "model": "bert_tiny",
    "model_name": "ml_bert_tiny_dreaddit",
    "models_path": "/local/vpaloma/ablation_study/3-ml_mode-model-datasets/",
    "mu": 0.5,
    "num_clients": 5,
    "num_epochs": 10,
    "num_rounds": 4,
    "optimizer": "AdamW",
    "progress_bar_flag": false,
    "save_model": true,
    "scheduler": "linear",
    "scheduler_warmup_steps": 0,
    "seed": 0,
    "test_flag": true,
    "train_batch_size": 4,
    "train_size": 0.8
}
-------- Configuration loaded --------

-------- Setting device --------
cuda device selected and available.
-------- Device set --------

-------- Setting seed --------
-------- Seed set --------

-------- Creating Model --------
-------- Model created --------

-------- Setting Trainable Layers --------
Training the last 4 layers.

Total parameters count: 4386178
Trainable parameters count: 413314
-------- Trainable Layers set --------

-------- Creating Tokenizer --------
-------- Tokenizer created --------

-------- Creating Train and Eval Dataloaders --------
Train Loader: 2270 total sentences. 568 batches of size 4.
Eval Loader: 568 total sentences. 142 batches of size 4.
-------- Train and Eval Dataloaders created --------

-------- Creating Optimizer --------
-------- Optimizer created --------

-------- Creating Scheduler --------
-------- Scheduler created --------

-------- Training --------
Training with Centralised Machine Learning technology.
Training without differential privacy.
Epoch [1/10], Step [100/568], Loss: 0.6761, Accuracy: 60.00 %
Epoch [1/10], Step [200/568], Loss: 0.6632, Accuracy: 61.25 %
Epoch [1/10], Step [300/568], Loss: 0.6334, Accuracy: 65.17 %
Epoch [1/10], Step [400/568], Loss: 0.6150, Accuracy: 67.06 %
Epoch [1/10], Step [500/568], Loss: 0.6050, Accuracy: 68.15 %
-------------------------------
Epoch [1/10] Loss: 0.6014, Accuracy: 68.33 %
-------------------------------
-------- Validation --------
Validation Loss: 0.5298, Validation Accuracy: 74.82 %
-------- Validation finished --------
Updated best model in epoch 1 saved with Validation Accuracy: 74.82 %
-------------------------------
Epoch [2/10], Step [100/568], Loss: 0.5177, Accuracy: 74.50 %
Epoch [2/10], Step [200/568], Loss: 0.5308, Accuracy: 73.25 %
Epoch [2/10], Step [300/568], Loss: 0.5081, Accuracy: 74.92 %
Epoch [2/10], Step [400/568], Loss: 0.5054, Accuracy: 75.00 %
Epoch [2/10], Step [500/568], Loss: 0.5090, Accuracy: 74.85 %
-------------------------------
Epoch [2/10] Loss: 0.5139, Accuracy: 74.45 %
-------------------------------
-------- Validation --------
Validation Loss: 0.5070, Validation Accuracy: 74.30 %
-------- Validation finished --------
Epoch [3/10], Step [100/568], Loss: 0.4794, Accuracy: 79.00 %
Epoch [3/10], Step [200/568], Loss: 0.4672, Accuracy: 78.50 %
Epoch [3/10], Step [300/568], Loss: 0.4561, Accuracy: 78.83 %
Epoch [3/10], Step [400/568], Loss: 0.4678, Accuracy: 77.62 %
Epoch [3/10], Step [500/568], Loss: 0.4834, Accuracy: 76.00 %
-------------------------------
Epoch [3/10] Loss: 0.4820, Accuracy: 76.21 %
-------------------------------
-------- Validation --------
Validation Loss: 0.4993, Validation Accuracy: 76.41 %
-------- Validation finished --------
Updated best model in epoch 3 saved with Validation Accuracy: 76.41 %
-------------------------------
Epoch [4/10], Step [100/568], Loss: 0.4605, Accuracy: 77.25 %
Epoch [4/10], Step [200/568], Loss: 0.4548, Accuracy: 77.38 %
Epoch [4/10], Step [300/568], Loss: 0.4633, Accuracy: 77.00 %
Epoch [4/10], Step [400/568], Loss: 0.4685, Accuracy: 76.50 %
Epoch [4/10], Step [500/568], Loss: 0.4711, Accuracy: 76.65 %
-------------------------------
Epoch [4/10] Loss: 0.4711, Accuracy: 76.83 %
-------------------------------
-------- Validation --------
Validation Loss: 0.4965, Validation Accuracy: 77.99 %
-------- Validation finished --------
Updated best model in epoch 4 saved with Validation Accuracy: 77.99 %
-------------------------------
Epoch [5/10], Step [100/568], Loss: 0.4413, Accuracy: 81.25 %
Epoch [5/10], Step [200/568], Loss: 0.4506, Accuracy: 79.62 %
Epoch [5/10], Step [300/568], Loss: 0.4566, Accuracy: 79.08 %
Epoch [5/10], Step [400/568], Loss: 0.4499, Accuracy: 79.00 %
Epoch [5/10], Step [500/568], Loss: 0.4483, Accuracy: 78.95 %
-------------------------------
Epoch [5/10] Loss: 0.4549, Accuracy: 78.41 %
-------------------------------
-------- Validation --------
Validation Loss: 0.4984, Validation Accuracy: 75.53 %
-------- Validation finished --------
Epoch [6/10], Step [100/568], Loss: 0.4110, Accuracy: 80.75 %
Epoch [6/10], Step [200/568], Loss: 0.4378, Accuracy: 79.88 %
Epoch [6/10], Step [300/568], Loss: 0.4336, Accuracy: 79.92 %
Epoch [6/10], Step [400/568], Loss: 0.4369, Accuracy: 79.56 %
Epoch [6/10], Step [500/568], Loss: 0.4349, Accuracy: 79.95 %
-------------------------------
Epoch [6/10] Loss: 0.4346, Accuracy: 80.09 %
-------------------------------
-------- Validation --------
Validation Loss: 0.5077, Validation Accuracy: 74.82 %
-------- Validation finished --------
Epoch [7/10], Step [100/568], Loss: 0.4417, Accuracy: 79.00 %
Epoch [7/10], Step [200/568], Loss: 0.4250, Accuracy: 79.75 %
Epoch [7/10], Step [300/568], Loss: 0.4180, Accuracy: 80.58 %
Epoch [7/10], Step [400/568], Loss: 0.4266, Accuracy: 79.75 %
Epoch [7/10], Step [500/568], Loss: 0.4242, Accuracy: 80.05 %
-------------------------------
Epoch [7/10] Loss: 0.4288, Accuracy: 79.65 %
-------------------------------
-------- Validation --------
Validation Loss: 0.5040, Validation Accuracy: 77.64 %
-------- Validation finished --------
Epoch [8/10], Step [100/568], Loss: 0.4005, Accuracy: 82.50 %
Epoch [8/10], Step [200/568], Loss: 0.4143, Accuracy: 81.62 %
Epoch [8/10], Step [300/568], Loss: 0.4044, Accuracy: 81.75 %
Epoch [8/10], Step [400/568], Loss: 0.3974, Accuracy: 81.94 %
Epoch [8/10], Step [500/568], Loss: 0.4025, Accuracy: 81.25 %
-------------------------------
Epoch [8/10] Loss: 0.4116, Accuracy: 80.62 %
-------------------------------
-------- Validation --------
Validation Loss: 0.5220, Validation Accuracy: 76.41 %
-------- Validation finished --------
Epoch [9/10], Step [100/568], Loss: 0.4503, Accuracy: 79.00 %
Epoch [9/10], Step [200/568], Loss: 0.4284, Accuracy: 80.25 %
Epoch [9/10], Step [300/568], Loss: 0.4158, Accuracy: 81.42 %
Epoch [9/10], Step [400/568], Loss: 0.4103, Accuracy: 81.81 %
Epoch [9/10], Step [500/568], Loss: 0.4075, Accuracy: 81.75 %
-------------------------------
Epoch [9/10] Loss: 0.4054, Accuracy: 81.85 %
-------------------------------
-------- Validation --------
Validation Loss: 0.5075, Validation Accuracy: 77.46 %
-------- Validation finished --------
Epoch [10/10], Step [100/568], Loss: 0.3922, Accuracy: 84.50 %
Epoch [10/10], Step [200/568], Loss: 0.3807, Accuracy: 83.62 %
Epoch [10/10], Step [300/568], Loss: 0.3881, Accuracy: 82.75 %
Epoch [10/10], Step [400/568], Loss: 0.3861, Accuracy: 82.38 %
Epoch [10/10], Step [500/568], Loss: 0.3955, Accuracy: 81.75 %
-------------------------------
Epoch [10/10] Loss: 0.3953, Accuracy: 81.50 %
-------------------------------
-------- Validation --------
Validation Loss: 0.5111, Validation Accuracy: 77.11 %
-------- Validation finished --------
Best model in epoch 4 saved with Validation Accuracy: 77.99 %
-------- Training finished --------

Test flag enabled. Testing the model

-------- Loading best model from model_path --------
Loaded model bert-tiny from date 01-02-2024 15:02. Trained with Centralised Machine Learning technology.
Epoch 4, lr: 6e-05, optimizer: AdamW
Train accuracy: 76.83 %, Validation accuracy: 77.99 %
-------- Best model loaded --------

-------- Creating Test Dataloader --------
Test Loader: 715 total sentences. 90 batches of size 8.
-------- Test Dataloader created --------

-------- Testing --------
Nº of test samples: 715
Accuracy: 74.69%
Precision: 75.22%
Recall: 74.42%
F1 Score: 74.40%
-------- Testing finished --------
