Current configuration:
{
    "concurrency_flag": false,
    "data_distribution": "iid",
    "dataset": "acl_dep_sad",
    "device": "cuda",
    "dp_delta": 0.003,
    "dp_epsilon": 0.0,
    "eval_batch_size": 4,
    "eval_flag": true,
    "eval_size": 0.2,
    "fed_alg": "fedavg",
    "layers": 4,
    "learning_rate": 6e-05,
    "max_length": 512,
    "ml_mode": "ml",
    "model": "bert_medium",
    "model_name": "ml_bert_medium_acl_dep_sad",
    "models_path": "/local/vpaloma/ablation_study/3-ml_mode-model-datasets/",
    "mu": 0.5,
    "num_clients": 5,
    "num_epochs": 10,
    "num_rounds": 4,
    "optimizer": "AdamW",
    "progress_bar_flag": false,
    "save_model": true,
    "scheduler": "linear",
    "scheduler_warmup_steps": 0,
    "seed": 0,
    "test_flag": true,
    "train_batch_size": 4,
    "train_size": 0.8
}
-------- Configuration loaded --------

-------- Setting device --------
cuda device selected and available.
-------- Device set --------

-------- Setting seed --------
-------- Seed set --------

-------- Creating Model --------
-------- Model created --------

-------- Setting Trainable Layers --------
Training the last 4 layers.

Total parameters count: 41374210
Trainable parameters count: 6568450
-------- Trainable Layers set --------

-------- Creating Tokenizer --------
-------- Tokenizer created --------

-------- Creating Train and Eval Dataloaders --------
Train Loader: 2085 total sentences. 522 batches of size 4.
Eval Loader: 521 total sentences. 131 batches of size 4.
-------- Train and Eval Dataloaders created --------

-------- Creating Optimizer --------
-------- Optimizer created --------

-------- Creating Scheduler --------
-------- Scheduler created --------

-------- Training --------
Training with Centralised Machine Learning technology.
Training without differential privacy.
Epoch [1/10], Step [100/522], Loss: 0.4238, Accuracy: 78.75 %
Epoch [1/10], Step [200/522], Loss: 0.3406, Accuracy: 83.50 %
Epoch [1/10], Step [300/522], Loss: 0.3174, Accuracy: 85.92 %
Epoch [1/10], Step [400/522], Loss: 0.3047, Accuracy: 87.06 %
Epoch [1/10], Step [500/522], Loss: 0.2768, Accuracy: 88.55 %
-------------------------------
Epoch [1/10] Loss: 0.2768, Accuracy: 88.63 %
-------------------------------
-------- Validation --------
Validation Loss: 0.1967, Validation Accuracy: 92.13 %
-------- Validation finished --------
Updated best model in epoch 1 saved with Validation Accuracy: 92.13 %
-------------------------------
Epoch [2/10], Step [100/522], Loss: 0.1798, Accuracy: 94.25 %
Epoch [2/10], Step [200/522], Loss: 0.1911, Accuracy: 93.25 %
Epoch [2/10], Step [300/522], Loss: 0.1845, Accuracy: 93.50 %
Epoch [2/10], Step [400/522], Loss: 0.1643, Accuracy: 94.19 %
Epoch [2/10], Step [500/522], Loss: 0.1584, Accuracy: 94.40 %
-------------------------------
Epoch [2/10] Loss: 0.1597, Accuracy: 94.34 %
-------------------------------
-------- Validation --------
Validation Loss: 0.2344, Validation Accuracy: 91.17 %
-------- Validation finished --------
Epoch [3/10], Step [100/522], Loss: 0.0576, Accuracy: 98.75 %
Epoch [3/10], Step [200/522], Loss: 0.0707, Accuracy: 98.00 %
Epoch [3/10], Step [300/522], Loss: 0.0805, Accuracy: 97.33 %
Epoch [3/10], Step [400/522], Loss: 0.0890, Accuracy: 96.94 %
Epoch [3/10], Step [500/522], Loss: 0.0963, Accuracy: 96.55 %
-------------------------------
Epoch [3/10] Loss: 0.0972, Accuracy: 96.50 %
-------------------------------
-------- Validation --------
Validation Loss: 0.1566, Validation Accuracy: 94.05 %
-------- Validation finished --------
Updated best model in epoch 3 saved with Validation Accuracy: 94.05 %
-------------------------------
Epoch [4/10], Step [100/522], Loss: 0.0375, Accuracy: 99.00 %
Epoch [4/10], Step [200/522], Loss: 0.0476, Accuracy: 98.62 %
Epoch [4/10], Step [300/522], Loss: 0.0507, Accuracy: 98.58 %
Epoch [4/10], Step [400/522], Loss: 0.0581, Accuracy: 98.12 %
Epoch [4/10], Step [500/522], Loss: 0.0552, Accuracy: 98.25 %
-------------------------------
Epoch [4/10] Loss: 0.0557, Accuracy: 98.18 %
-------------------------------
-------- Validation --------
Validation Loss: 0.2153, Validation Accuracy: 93.86 %
-------- Validation finished --------
Epoch [5/10], Step [100/522], Loss: 0.0461, Accuracy: 98.75 %
Epoch [5/10], Step [200/522], Loss: 0.0347, Accuracy: 99.12 %
Epoch [5/10], Step [300/522], Loss: 0.0287, Accuracy: 99.17 %
Epoch [5/10], Step [400/522], Loss: 0.0320, Accuracy: 99.00 %
Epoch [5/10], Step [500/522], Loss: 0.0304, Accuracy: 98.95 %
-------------------------------
Epoch [5/10] Loss: 0.0296, Accuracy: 98.94 %
-------------------------------
-------- Validation --------
Validation Loss: 0.2524, Validation Accuracy: 93.28 %
-------- Validation finished --------
Epoch [6/10], Step [100/522], Loss: 0.0181, Accuracy: 99.75 %
Epoch [6/10], Step [200/522], Loss: 0.0123, Accuracy: 99.88 %
Epoch [6/10], Step [300/522], Loss: 0.0292, Accuracy: 99.25 %
Epoch [6/10], Step [400/522], Loss: 0.0317, Accuracy: 99.00 %
Epoch [6/10], Step [500/522], Loss: 0.0300, Accuracy: 99.00 %
-------------------------------
Epoch [6/10] Loss: 0.0295, Accuracy: 98.99 %
-------------------------------
-------- Validation --------
Validation Loss: 0.2400, Validation Accuracy: 93.67 %
-------- Validation finished --------
Epoch [7/10], Step [100/522], Loss: 0.0201, Accuracy: 99.25 %
Epoch [7/10], Step [200/522], Loss: 0.0130, Accuracy: 99.62 %
Epoch [7/10], Step [300/522], Loss: 0.0171, Accuracy: 99.42 %
Epoch [7/10], Step [400/522], Loss: 0.0170, Accuracy: 99.38 %
Epoch [7/10], Step [500/522], Loss: 0.0151, Accuracy: 99.45 %
-------------------------------
Epoch [7/10] Loss: 0.0146, Accuracy: 99.47 %
-------------------------------
-------- Validation --------
Validation Loss: 0.2921, Validation Accuracy: 92.71 %
-------- Validation finished --------
Epoch [8/10], Step [100/522], Loss: 0.0078, Accuracy: 99.75 %
Epoch [8/10], Step [200/522], Loss: 0.0098, Accuracy: 99.50 %
Epoch [8/10], Step [300/522], Loss: 0.0073, Accuracy: 99.67 %
Epoch [8/10], Step [400/522], Loss: 0.0073, Accuracy: 99.69 %
Epoch [8/10], Step [500/522], Loss: 0.0085, Accuracy: 99.60 %
-------------------------------
Epoch [8/10] Loss: 0.0083, Accuracy: 99.62 %
-------------------------------
-------- Validation --------
Validation Loss: 0.2296, Validation Accuracy: 95.01 %
-------- Validation finished --------
Updated best model in epoch 8 saved with Validation Accuracy: 95.01 %
-------------------------------
Epoch [9/10], Step [100/522], Loss: 0.0069, Accuracy: 99.75 %
Epoch [9/10], Step [200/522], Loss: 0.0057, Accuracy: 99.75 %
Epoch [9/10], Step [300/522], Loss: 0.0067, Accuracy: 99.67 %
Epoch [9/10], Step [400/522], Loss: 0.0063, Accuracy: 99.69 %
Epoch [9/10], Step [500/522], Loss: 0.0096, Accuracy: 99.60 %
-------------------------------
Epoch [9/10] Loss: 0.0092, Accuracy: 99.62 %
-------------------------------
-------- Validation --------
Validation Loss: 0.2382, Validation Accuracy: 94.63 %
-------- Validation finished --------
Epoch [10/10], Step [100/522], Loss: 0.0036, Accuracy: 99.75 %
Epoch [10/10], Step [200/522], Loss: 0.0030, Accuracy: 99.88 %
Epoch [10/10], Step [300/522], Loss: 0.0042, Accuracy: 99.83 %
Epoch [10/10], Step [400/522], Loss: 0.0043, Accuracy: 99.81 %
Epoch [10/10], Step [500/522], Loss: 0.0048, Accuracy: 99.80 %
-------------------------------
Epoch [10/10] Loss: 0.0047, Accuracy: 99.81 %
-------------------------------
-------- Validation --------
Validation Loss: 0.2588, Validation Accuracy: 93.86 %
-------- Validation finished --------
Best model in epoch 8 saved with Validation Accuracy: 95.01 %
-------- Training finished --------

Test flag enabled. Testing the model

-------- Loading best model from model_path --------
Loaded model bert-medium from date 01-02-2024 14:57. Trained with Centralised Machine Learning technology.
Epoch 8, lr: 6e-05, optimizer: AdamW
Train accuracy: 99.62 %, Validation accuracy: 95.01 %
-------- Best model loaded --------

-------- Creating Test Dataloader --------
Test Loader: 650 total sentences. 82 batches of size 8.
-------- Test Dataloader created --------

-------- Testing --------
Nº of test samples: 650
Accuracy: 94.46%
Precision: 94.33%
Recall: 94.23%
F1 Score: 94.28%
-------- Testing finished --------
