Current configuration:
{
    "concurrency_flag": false,
    "data_distribution": "iid",
    "dataset": "dreaddit",
    "device": "cuda",
    "dp_delta": 0.003,
    "dp_epsilon": 0.0,
    "eval_batch_size": 4,
    "eval_flag": true,
    "eval_size": 0.2,
    "fed_alg": "fedavg",
    "layers": 4,
    "learning_rate": 6e-05,
    "max_length": 512,
    "ml_mode": "ml",
    "model": "bert_medium",
    "model_name": "ml_bert_medium_dreaddit",
    "models_path": "/local/vpaloma/ablation_study/3-ml_mode-model-datasets/",
    "mu": 0.5,
    "num_clients": 5,
    "num_epochs": 10,
    "num_rounds": 4,
    "optimizer": "AdamW",
    "progress_bar_flag": false,
    "save_model": true,
    "scheduler": "linear",
    "scheduler_warmup_steps": 0,
    "seed": 0,
    "test_flag": true,
    "train_batch_size": 4,
    "train_size": 0.8
}
-------- Configuration loaded --------

-------- Setting device --------
cuda device selected and available.
-------- Device set --------

-------- Setting seed --------
-------- Seed set --------

-------- Creating Model --------
-------- Model created --------

-------- Setting Trainable Layers --------
Training the last 4 layers.

Total parameters count: 41374210
Trainable parameters count: 6568450
-------- Trainable Layers set --------

-------- Creating Tokenizer --------
-------- Tokenizer created --------

-------- Creating Train and Eval Dataloaders --------
Train Loader: 2270 total sentences. 568 batches of size 4.
Eval Loader: 568 total sentences. 142 batches of size 4.
-------- Train and Eval Dataloaders created --------

-------- Creating Optimizer --------
-------- Optimizer created --------

-------- Creating Scheduler --------
-------- Scheduler created --------

-------- Training --------
Training with Centralised Machine Learning technology.
Training without differential privacy.
Epoch [1/10], Step [100/568], Loss: 0.5860, Accuracy: 68.25 %
Epoch [1/10], Step [200/568], Loss: 0.5465, Accuracy: 72.25 %
Epoch [1/10], Step [300/568], Loss: 0.5334, Accuracy: 73.00 %
Epoch [1/10], Step [400/568], Loss: 0.5210, Accuracy: 73.00 %
Epoch [1/10], Step [500/568], Loss: 0.5193, Accuracy: 73.05 %
-------------------------------
Epoch [1/10] Loss: 0.5158, Accuracy: 73.39 %
-------------------------------
-------- Validation --------
Validation Loss: 0.4698, Validation Accuracy: 77.46 %
-------- Validation finished --------
Updated best model in epoch 1 saved with Validation Accuracy: 77.46 %
-------------------------------
Epoch [2/10], Step [100/568], Loss: 0.4275, Accuracy: 81.75 %
Epoch [2/10], Step [200/568], Loss: 0.4170, Accuracy: 81.38 %
Epoch [2/10], Step [300/568], Loss: 0.4059, Accuracy: 81.92 %
Epoch [2/10], Step [400/568], Loss: 0.3953, Accuracy: 82.56 %
Epoch [2/10], Step [500/568], Loss: 0.3968, Accuracy: 82.05 %
-------------------------------
Epoch [2/10] Loss: 0.3937, Accuracy: 82.20 %
-------------------------------
-------- Validation --------
Validation Loss: 0.5930, Validation Accuracy: 75.53 %
-------- Validation finished --------
Epoch [3/10], Step [100/568], Loss: 0.3723, Accuracy: 83.75 %
Epoch [3/10], Step [200/568], Loss: 0.3383, Accuracy: 84.50 %
Epoch [3/10], Step [300/568], Loss: 0.3172, Accuracy: 85.33 %
Epoch [3/10], Step [400/568], Loss: 0.3205, Accuracy: 85.12 %
Epoch [3/10], Step [500/568], Loss: 0.3209, Accuracy: 85.00 %
-------------------------------
Epoch [3/10] Loss: 0.3243, Accuracy: 85.02 %
-------------------------------
-------- Validation --------
Validation Loss: 0.4899, Validation Accuracy: 77.99 %
-------- Validation finished --------
Updated best model in epoch 3 saved with Validation Accuracy: 77.99 %
-------------------------------
Epoch [4/10], Step [100/568], Loss: 0.2159, Accuracy: 90.75 %
Epoch [4/10], Step [200/568], Loss: 0.2189, Accuracy: 90.75 %
Epoch [4/10], Step [300/568], Loss: 0.2278, Accuracy: 90.33 %
Epoch [4/10], Step [400/568], Loss: 0.2246, Accuracy: 90.06 %
Epoch [4/10], Step [500/568], Loss: 0.2234, Accuracy: 90.15 %
-------------------------------
Epoch [4/10] Loss: 0.2258, Accuracy: 90.35 %
-------------------------------
-------- Validation --------
Validation Loss: 0.5801, Validation Accuracy: 78.52 %
-------- Validation finished --------
Updated best model in epoch 4 saved with Validation Accuracy: 78.52 %
-------------------------------
Epoch [5/10], Step [100/568], Loss: 0.1420, Accuracy: 95.00 %
Epoch [5/10], Step [200/568], Loss: 0.1203, Accuracy: 96.00 %
Epoch [5/10], Step [300/568], Loss: 0.1346, Accuracy: 95.42 %
Epoch [5/10], Step [400/568], Loss: 0.1241, Accuracy: 95.62 %
Epoch [5/10], Step [500/568], Loss: 0.1374, Accuracy: 94.85 %
-------------------------------
Epoch [5/10] Loss: 0.1420, Accuracy: 94.63 %
-------------------------------
-------- Validation --------
Validation Loss: 0.6663, Validation Accuracy: 78.52 %
-------- Validation finished --------
Updated best model in epoch 5 saved with Validation Accuracy: 78.52 %
-------------------------------
Epoch [6/10], Step [100/568], Loss: 0.0959, Accuracy: 96.00 %
Epoch [6/10], Step [200/568], Loss: 0.0950, Accuracy: 96.12 %
Epoch [6/10], Step [300/568], Loss: 0.0812, Accuracy: 96.67 %
Epoch [6/10], Step [400/568], Loss: 0.0796, Accuracy: 96.75 %
Epoch [6/10], Step [500/568], Loss: 0.0793, Accuracy: 96.80 %
-------------------------------
Epoch [6/10] Loss: 0.0804, Accuracy: 96.87 %
-------------------------------
-------- Validation --------
Validation Loss: 0.8345, Validation Accuracy: 78.17 %
-------- Validation finished --------
Epoch [7/10], Step [100/568], Loss: 0.0832, Accuracy: 96.25 %
Epoch [7/10], Step [200/568], Loss: 0.0635, Accuracy: 97.25 %
Epoch [7/10], Step [300/568], Loss: 0.0559, Accuracy: 97.75 %
Epoch [7/10], Step [400/568], Loss: 0.0511, Accuracy: 97.94 %
Epoch [7/10], Step [500/568], Loss: 0.0489, Accuracy: 98.20 %
-------------------------------
Epoch [7/10] Loss: 0.0499, Accuracy: 98.11 %
-------------------------------
-------- Validation --------
Validation Loss: 0.9261, Validation Accuracy: 78.35 %
-------- Validation finished --------
Epoch [8/10], Step [100/568], Loss: 0.0301, Accuracy: 99.25 %
Epoch [8/10], Step [200/568], Loss: 0.0321, Accuracy: 99.25 %
Epoch [8/10], Step [300/568], Loss: 0.0350, Accuracy: 99.08 %
Epoch [8/10], Step [400/568], Loss: 0.0412, Accuracy: 99.06 %
Epoch [8/10], Step [500/568], Loss: 0.0402, Accuracy: 98.95 %
-------------------------------
Epoch [8/10] Loss: 0.0398, Accuracy: 98.90 %
-------------------------------
-------- Validation --------
Validation Loss: 1.0204, Validation Accuracy: 77.82 %
-------- Validation finished --------
Epoch [9/10], Step [100/568], Loss: 0.0383, Accuracy: 99.00 %
Epoch [9/10], Step [200/568], Loss: 0.0370, Accuracy: 99.00 %
Epoch [9/10], Step [300/568], Loss: 0.0323, Accuracy: 99.17 %
Epoch [9/10], Step [400/568], Loss: 0.0287, Accuracy: 99.25 %
Epoch [9/10], Step [500/568], Loss: 0.0338, Accuracy: 99.05 %
-------------------------------
Epoch [9/10] Loss: 0.0323, Accuracy: 99.12 %
-------------------------------
-------- Validation --------
Validation Loss: 1.0367, Validation Accuracy: 77.46 %
-------- Validation finished --------
Epoch [10/10], Step [100/568], Loss: 0.0301, Accuracy: 98.50 %
Epoch [10/10], Step [200/568], Loss: 0.0239, Accuracy: 98.88 %
Epoch [10/10], Step [300/568], Loss: 0.0207, Accuracy: 99.08 %
Epoch [10/10], Step [400/568], Loss: 0.0208, Accuracy: 99.06 %
Epoch [10/10], Step [500/568], Loss: 0.0219, Accuracy: 99.10 %
-------------------------------
Epoch [10/10] Loss: 0.0225, Accuracy: 99.07 %
-------------------------------
-------- Validation --------
Validation Loss: 1.0116, Validation Accuracy: 78.17 %
-------- Validation finished --------
Best model in epoch 5 saved with Validation Accuracy: 78.52 %
-------- Training finished --------

Test flag enabled. Testing the model

-------- Loading best model from model_path --------
Loaded model bert-medium from date 01-02-2024 15:05. Trained with Centralised Machine Learning technology.
Epoch 5, lr: 6e-05, optimizer: AdamW
Train accuracy: 94.63 %, Validation accuracy: 78.52 %
-------- Best model loaded --------

-------- Creating Test Dataloader --------
Test Loader: 715 total sentences. 90 batches of size 8.
-------- Test Dataloader created --------

-------- Testing --------
Nº of test samples: 715
Accuracy: 76.78%
Precision: 77.62%
Recall: 76.48%
F1 Score: 76.45%
-------- Testing finished --------
