Current configuration:
{
    "concurrency_flag": false,
    "data_distribution": "iid",
    "dataset": "acl_dep_sad",
    "device": "cuda",
    "dp_delta": 0.003,
    "dp_epsilon": 0.0,
    "eval_batch_size": 4,
    "eval_flag": true,
    "eval_size": 0.2,
    "fed_alg": "fedavg",
    "layers": 4,
    "learning_rate": 6e-05,
    "max_length": 512,
    "ml_mode": "ml",
    "model": "bert_mini",
    "model_name": "ml_bert_mini_acl_dep_sad",
    "models_path": "/local/vpaloma/ablation_study/3-ml_mode-model-datasets/",
    "mu": 0.5,
    "num_clients": 5,
    "num_epochs": 10,
    "num_rounds": 4,
    "optimizer": "AdamW",
    "progress_bar_flag": false,
    "save_model": true,
    "scheduler": "linear",
    "scheduler_warmup_steps": 0,
    "seed": 0,
    "test_flag": true,
    "train_batch_size": 4,
    "train_size": 0.8
}
-------- Configuration loaded --------

-------- Setting device --------
cuda device selected and available.
-------- Device set --------

-------- Setting seed --------
-------- Seed set --------

-------- Creating Model --------
-------- Model created --------

-------- Setting Trainable Layers --------
Training the last 4 layers.

Total parameters count: 11171074
Trainable parameters count: 1645826
-------- Trainable Layers set --------

-------- Creating Tokenizer --------
-------- Tokenizer created --------

-------- Creating Train and Eval Dataloaders --------
Train Loader: 2085 total sentences. 522 batches of size 4.
Eval Loader: 521 total sentences. 131 batches of size 4.
-------- Train and Eval Dataloaders created --------

-------- Creating Optimizer --------
-------- Optimizer created --------

-------- Creating Scheduler --------
-------- Scheduler created --------

-------- Training --------
Training with Centralised Machine Learning technology.
Training without differential privacy.
Epoch [1/10], Step [100/522], Loss: 0.5277, Accuracy: 77.25 %
Epoch [1/10], Step [200/522], Loss: 0.4373, Accuracy: 81.88 %
Epoch [1/10], Step [300/522], Loss: 0.3788, Accuracy: 84.75 %
Epoch [1/10], Step [400/522], Loss: 0.3481, Accuracy: 85.88 %
Epoch [1/10], Step [500/522], Loss: 0.3336, Accuracy: 86.75 %
-------------------------------
Epoch [1/10] Loss: 0.3322, Accuracy: 86.76 %
-------------------------------
-------- Validation --------
Validation Loss: 0.2180, Validation Accuracy: 91.36 %
-------- Validation finished --------
Updated best model in epoch 1 saved with Validation Accuracy: 91.36 %
-------------------------------
Epoch [2/10], Step [100/522], Loss: 0.1683, Accuracy: 95.25 %
Epoch [2/10], Step [200/522], Loss: 0.1865, Accuracy: 93.12 %
Epoch [2/10], Step [300/522], Loss: 0.2005, Accuracy: 92.33 %
Epoch [2/10], Step [400/522], Loss: 0.2046, Accuracy: 92.06 %
Epoch [2/10], Step [500/522], Loss: 0.2014, Accuracy: 92.15 %
-------------------------------
Epoch [2/10] Loss: 0.2095, Accuracy: 92.09 %
-------------------------------
-------- Validation --------
Validation Loss: 0.1761, Validation Accuracy: 92.90 %
-------- Validation finished --------
Updated best model in epoch 2 saved with Validation Accuracy: 92.90 %
-------------------------------
Epoch [3/10], Step [100/522], Loss: 0.1469, Accuracy: 95.25 %
Epoch [3/10], Step [200/522], Loss: 0.1660, Accuracy: 94.62 %
Epoch [3/10], Step [300/522], Loss: 0.1465, Accuracy: 94.92 %
Epoch [3/10], Step [400/522], Loss: 0.1579, Accuracy: 94.44 %
Epoch [3/10], Step [500/522], Loss: 0.1580, Accuracy: 94.20 %
-------------------------------
Epoch [3/10] Loss: 0.1619, Accuracy: 93.96 %
-------------------------------
-------- Validation --------
Validation Loss: 0.1808, Validation Accuracy: 93.67 %
-------- Validation finished --------
Updated best model in epoch 3 saved with Validation Accuracy: 93.67 %
-------------------------------
Epoch [4/10], Step [100/522], Loss: 0.1150, Accuracy: 95.00 %
Epoch [4/10], Step [200/522], Loss: 0.1210, Accuracy: 95.25 %
Epoch [4/10], Step [300/522], Loss: 0.1185, Accuracy: 95.42 %
Epoch [4/10], Step [400/522], Loss: 0.1255, Accuracy: 95.31 %
Epoch [4/10], Step [500/522], Loss: 0.1255, Accuracy: 95.40 %
-------------------------------
Epoch [4/10] Loss: 0.1230, Accuracy: 95.54 %
-------------------------------
-------- Validation --------
Validation Loss: 0.2081, Validation Accuracy: 92.90 %
-------- Validation finished --------
Epoch [5/10], Step [100/522], Loss: 0.0894, Accuracy: 97.50 %
Epoch [5/10], Step [200/522], Loss: 0.0892, Accuracy: 97.38 %
Epoch [5/10], Step [300/522], Loss: 0.0987, Accuracy: 96.83 %
Epoch [5/10], Step [400/522], Loss: 0.0990, Accuracy: 96.69 %
Epoch [5/10], Step [500/522], Loss: 0.0971, Accuracy: 96.75 %
-------------------------------
Epoch [5/10] Loss: 0.0971, Accuracy: 96.74 %
-------------------------------
-------- Validation --------
Validation Loss: 0.2096, Validation Accuracy: 92.90 %
-------- Validation finished --------
Epoch [6/10], Step [100/522], Loss: 0.0693, Accuracy: 97.75 %
Epoch [6/10], Step [200/522], Loss: 0.0714, Accuracy: 97.38 %
Epoch [6/10], Step [300/522], Loss: 0.0728, Accuracy: 97.42 %
Epoch [6/10], Step [400/522], Loss: 0.0725, Accuracy: 97.44 %
Epoch [6/10], Step [500/522], Loss: 0.0816, Accuracy: 97.15 %
-------------------------------
Epoch [6/10] Loss: 0.0793, Accuracy: 97.27 %
-------------------------------
-------- Validation --------
Validation Loss: 0.2036, Validation Accuracy: 93.28 %
-------- Validation finished --------
Epoch [7/10], Step [100/522], Loss: 0.0534, Accuracy: 98.50 %
Epoch [7/10], Step [200/522], Loss: 0.0516, Accuracy: 98.38 %
Epoch [7/10], Step [300/522], Loss: 0.0455, Accuracy: 98.58 %
Epoch [7/10], Step [400/522], Loss: 0.0513, Accuracy: 98.62 %
Epoch [7/10], Step [500/522], Loss: 0.0550, Accuracy: 98.45 %
-------------------------------
Epoch [7/10] Loss: 0.0538, Accuracy: 98.47 %
-------------------------------
-------- Validation --------
Validation Loss: 0.2201, Validation Accuracy: 93.67 %
-------- Validation finished --------
Updated best model in epoch 7 saved with Validation Accuracy: 93.67 %
-------------------------------
Epoch [8/10], Step [100/522], Loss: 0.0643, Accuracy: 98.00 %
Epoch [8/10], Step [200/522], Loss: 0.0532, Accuracy: 98.38 %
Epoch [8/10], Step [300/522], Loss: 0.0618, Accuracy: 98.00 %
Epoch [8/10], Step [400/522], Loss: 0.0539, Accuracy: 98.25 %
Epoch [8/10], Step [500/522], Loss: 0.0552, Accuracy: 98.15 %
-------------------------------
Epoch [8/10] Loss: 0.0536, Accuracy: 98.18 %
-------------------------------
-------- Validation --------
Validation Loss: 0.2568, Validation Accuracy: 92.51 %
-------- Validation finished --------
Epoch [9/10], Step [100/522], Loss: 0.0273, Accuracy: 99.00 %
Epoch [9/10], Step [200/522], Loss: 0.0494, Accuracy: 98.38 %
Epoch [9/10], Step [300/522], Loss: 0.0602, Accuracy: 98.08 %
Epoch [9/10], Step [400/522], Loss: 0.0523, Accuracy: 98.44 %
Epoch [9/10], Step [500/522], Loss: 0.0517, Accuracy: 98.45 %
-------------------------------
Epoch [9/10] Loss: 0.0522, Accuracy: 98.42 %
-------------------------------
-------- Validation --------
Validation Loss: 0.2629, Validation Accuracy: 92.51 %
-------- Validation finished --------
Epoch [10/10], Step [100/522], Loss: 0.0380, Accuracy: 98.50 %
Epoch [10/10], Step [200/522], Loss: 0.0367, Accuracy: 98.88 %
Epoch [10/10], Step [300/522], Loss: 0.0396, Accuracy: 98.75 %
Epoch [10/10], Step [400/522], Loss: 0.0437, Accuracy: 98.56 %
Epoch [10/10], Step [500/522], Loss: 0.0429, Accuracy: 98.60 %
-------------------------------
Epoch [10/10] Loss: 0.0441, Accuracy: 98.61 %
-------------------------------
-------- Validation --------
Validation Loss: 0.2416, Validation Accuracy: 93.09 %
-------- Validation finished --------
Best model in epoch 7 saved with Validation Accuracy: 93.67 %
-------- Training finished --------

Test flag enabled. Testing the model

-------- Loading best model from model_path --------
Loaded model bert-mini from date 01-02-2024 14:32. Trained with Centralised Machine Learning technology.
Epoch 7, lr: 6e-05, optimizer: AdamW
Train accuracy: 98.47 %, Validation accuracy: 93.67 %
-------- Best model loaded --------

-------- Creating Test Dataloader --------
Test Loader: 650 total sentences. 82 batches of size 8.
-------- Test Dataloader created --------

-------- Testing --------
Nº of test samples: 650
Accuracy: 93.54%
Precision: 93.85%
Recall: 92.83%
F1 Score: 93.26%
-------- Testing finished --------
