Current configuration:
{
    "concurrency_flag": false,
    "data_distribution": "iid",
    "dataset": "dreaddit",
    "device": "cuda",
    "dp_delta": 0.003,
    "dp_epsilon": 0.0,
    "eval_batch_size": 4,
    "eval_flag": true,
    "eval_size": 0.2,
    "fed_alg": "fedavg",
    "layers": 3,
    "learning_rate": 6e-05,
    "max_length": 512,
    "ml_mode": "bcfl",
    "model": "bert_mini",
    "model_name": "bcfl_mini_seed2_dreaddit",
    "models_path": "/local/vpaloma/fabric-federated-learning/ablation_study/phase-2/3-accs/dreaddit/",
    "mu": 0.5,
    "num_clients": 5,
    "num_epochs": 3,
    "num_rounds": 4,
    "optimizer": "AdamW",
    "progress_bar_flag": false,
    "save_model": true,
    "scheduler": "linear",
    "scheduler_warmup_steps": 0,
    "seed": 221,
    "test_flag": true,
    "train_batch_size": 4,
    "train_size": 0.8
}
-------- Configuration loaded --------

-------- Setting device --------
cuda device selected and available.
-------- Device set --------

-------- Setting seed --------
-------- Seed set --------

-------- Creating Model --------
-------- Model created --------

-------- Setting Trainable Layers --------
Training the last 3 layers.

Total parameters count: 11171074
Trainable parameters count: 856066
-------- Trainable Layers set --------

-------- Creating Tokenizer --------
-------- Tokenizer created --------

-------- Creating Train and Eval Dataloaders --------
Train Loader: 2270 total sentences. 568 batches of size 4.
Eval Loader: 568 total sentences. 142 batches of size 4.
-------- Train and Eval Dataloaders created --------

-------- Training --------
Training with Blockchain-Based Federated Learning technology.
Training without differential privacy.
Federated averaging algorithm selected.
Client 0: Label 0: 220, Label 1: 234
Client 1: Label 0: 211, Label 1: 243
Client 2: Label 0: 193, Label 1: 261
Client 3: Label 0: 218, Label 1: 236
Client 4: Label 0: 222, Label 1: 232

Round 1 of 4
-------------------------------
Predictions - 1s: 294, 0s: 160
True Labels - 1s: 234, 0s: 220
Client 1 of 5: Local Epoch [1/3] Loss: 0.6500, Accuracy: 63.44 %
Predictions - 1s: 254, 0s: 200
True Labels - 1s: 234, 0s: 220
Client 1 of 5: Local Epoch [2/3] Loss: 0.5786, Accuracy: 71.37 %
Predictions - 1s: 291, 0s: 163
True Labels - 1s: 234, 0s: 220
Client 1 of 5: Local Epoch [3/3] Loss: 0.5464, Accuracy: 77.75 %
Predictions - 1s: 325, 0s: 129
True Labels - 1s: 243, 0s: 211
Client 2 of 5: Local Epoch [1/3] Loss: 0.6348, Accuracy: 67.84 %
Predictions - 1s: 277, 0s: 177
True Labels - 1s: 243, 0s: 211
Client 2 of 5: Local Epoch [2/3] Loss: 0.5411, Accuracy: 77.09 %
Predictions - 1s: 275, 0s: 179
True Labels - 1s: 243, 0s: 211
Client 2 of 5: Local Epoch [3/3] Loss: 0.5109, Accuracy: 80.18 %
Predictions - 1s: 358, 0s: 96
True Labels - 1s: 261, 0s: 193
Client 3 of 5: Local Epoch [1/3] Loss: 0.6490, Accuracy: 61.89 %
Predictions - 1s: 333, 0s: 121
True Labels - 1s: 261, 0s: 193
Client 3 of 5: Local Epoch [2/3] Loss: 0.5887, Accuracy: 68.72 %
Predictions - 1s: 316, 0s: 138
True Labels - 1s: 261, 0s: 193
Client 3 of 5: Local Epoch [3/3] Loss: 0.5533, Accuracy: 74.67 %
Predictions - 1s: 321, 0s: 133
True Labels - 1s: 236, 0s: 218
Client 4 of 5: Local Epoch [1/3] Loss: 0.6464, Accuracy: 64.10 %
Predictions - 1s: 244, 0s: 210
True Labels - 1s: 236, 0s: 218
Client 4 of 5: Local Epoch [2/3] Loss: 0.5881, Accuracy: 70.04 %
Predictions - 1s: 251, 0s: 203
True Labels - 1s: 236, 0s: 218
Client 4 of 5: Local Epoch [3/3] Loss: 0.5466, Accuracy: 74.23 %
Predictions - 1s: 283, 0s: 171
True Labels - 1s: 232, 0s: 222
Client 5 of 5: Local Epoch [1/3] Loss: 0.6628, Accuracy: 61.89 %
Predictions - 1s: 238, 0s: 216
True Labels - 1s: 232, 0s: 222
Client 5 of 5: Local Epoch [2/3] Loss: 0.5947, Accuracy: 69.60 %
Predictions - 1s: 260, 0s: 194
True Labels - 1s: 232, 0s: 222
Client 5 of 5: Local Epoch [3/3] Loss: 0.5539, Accuracy: 75.33 %
-------------------------------
Round [1/4] Average Local Loss: 0.5422, Average Local Accuracy: 76.43 %
-------------------------------
-------- Validation --------
Predictions - 1s: 329, 0s: 239
True Labels - 1s: 282, 0s: 286
Round [1/4] Global Model Validation Loss: 0.5417, Validation Accuracy: 73.06 %
-------- Validation finished --------
Updated best model in round 1 saved with Validation Loss: 0.5417 and Validation Accuracy: 73.06 %
-------------------------------

Round 2 of 4
-------------------------------
Predictions - 1s: 250, 0s: 204
True Labels - 1s: 234, 0s: 220
Client 1 of 5: Local Epoch [1/3] Loss: 0.5523, Accuracy: 73.13 %
Predictions - 1s: 241, 0s: 213
True Labels - 1s: 234, 0s: 220
Client 1 of 5: Local Epoch [2/3] Loss: 0.5191, Accuracy: 74.23 %
Predictions - 1s: 259, 0s: 195
True Labels - 1s: 234, 0s: 220
Client 1 of 5: Local Epoch [3/3] Loss: 0.5056, Accuracy: 75.99 %
Predictions - 1s: 277, 0s: 177
True Labels - 1s: 243, 0s: 211
Client 2 of 5: Local Epoch [1/3] Loss: 0.5054, Accuracy: 76.65 %
Predictions - 1s: 266, 0s: 188
True Labels - 1s: 243, 0s: 211
Client 2 of 5: Local Epoch [2/3] Loss: 0.4607, Accuracy: 80.40 %
Predictions - 1s: 252, 0s: 202
True Labels - 1s: 243, 0s: 211
Client 2 of 5: Local Epoch [3/3] Loss: 0.4510, Accuracy: 79.07 %
Predictions - 1s: 294, 0s: 160
True Labels - 1s: 261, 0s: 193
Client 3 of 5: Local Epoch [1/3] Loss: 0.5619, Accuracy: 69.38 %
Predictions - 1s: 291, 0s: 163
True Labels - 1s: 261, 0s: 193
Client 3 of 5: Local Epoch [2/3] Loss: 0.5305, Accuracy: 74.01 %
Predictions - 1s: 275, 0s: 179
True Labels - 1s: 261, 0s: 193
Client 3 of 5: Local Epoch [3/3] Loss: 0.5097, Accuracy: 74.45 %
Predictions - 1s: 247, 0s: 207
True Labels - 1s: 236, 0s: 218
Client 4 of 5: Local Epoch [1/3] Loss: 0.5610, Accuracy: 72.03 %
Predictions - 1s: 235, 0s: 219
True Labels - 1s: 236, 0s: 218
Client 4 of 5: Local Epoch [2/3] Loss: 0.5197, Accuracy: 73.35 %
Predictions - 1s: 262, 0s: 192
True Labels - 1s: 236, 0s: 218
Client 4 of 5: Local Epoch [3/3] Loss: 0.4969, Accuracy: 75.33 %
Predictions - 1s: 254, 0s: 200
True Labels - 1s: 232, 0s: 222
Client 5 of 5: Local Epoch [1/3] Loss: 0.5621, Accuracy: 70.93 %
Predictions - 1s: 245, 0s: 209
True Labels - 1s: 232, 0s: 222
Client 5 of 5: Local Epoch [2/3] Loss: 0.5190, Accuracy: 75.99 %
Predictions - 1s: 238, 0s: 216
True Labels - 1s: 232, 0s: 222
Client 5 of 5: Local Epoch [3/3] Loss: 0.4904, Accuracy: 77.53 %
-------------------------------
Round [2/4] Average Local Loss: 0.4907, Average Local Accuracy: 76.48 %
-------------------------------
-------- Validation --------
Predictions - 1s: 315, 0s: 253
True Labels - 1s: 282, 0s: 286
Round [2/4] Global Model Validation Loss: 0.4950, Validation Accuracy: 75.53 %
-------- Validation finished --------
Updated best model in round 2 saved with Validation Loss: 0.4950 and Validation Accuracy: 75.53 %
-------------------------------

Round 3 of 4
-------------------------------
Predictions - 1s: 251, 0s: 203
True Labels - 1s: 234, 0s: 220
Client 1 of 5: Local Epoch [1/3] Loss: 0.5444, Accuracy: 71.59 %
Predictions - 1s: 244, 0s: 210
True Labels - 1s: 234, 0s: 220
Client 1 of 5: Local Epoch [2/3] Loss: 0.4878, Accuracy: 76.65 %
Predictions - 1s: 254, 0s: 200
True Labels - 1s: 234, 0s: 220
Client 1 of 5: Local Epoch [3/3] Loss: 0.4760, Accuracy: 77.53 %
Predictions - 1s: 268, 0s: 186
True Labels - 1s: 243, 0s: 211
Client 2 of 5: Local Epoch [1/3] Loss: 0.4825, Accuracy: 78.19 %
Predictions - 1s: 263, 0s: 191
True Labels - 1s: 243, 0s: 211
Client 2 of 5: Local Epoch [2/3] Loss: 0.4407, Accuracy: 79.30 %
Predictions - 1s: 257, 0s: 197
True Labels - 1s: 243, 0s: 211
Client 2 of 5: Local Epoch [3/3] Loss: 0.4300, Accuracy: 81.50 %
Predictions - 1s: 279, 0s: 175
True Labels - 1s: 261, 0s: 193
Client 3 of 5: Local Epoch [1/3] Loss: 0.5236, Accuracy: 74.01 %
Predictions - 1s: 276, 0s: 178
True Labels - 1s: 261, 0s: 193
Client 3 of 5: Local Epoch [2/3] Loss: 0.4969, Accuracy: 75.55 %
Predictions - 1s: 288, 0s: 166
True Labels - 1s: 261, 0s: 193
Client 3 of 5: Local Epoch [3/3] Loss: 0.4904, Accuracy: 77.75 %
Predictions - 1s: 247, 0s: 207
True Labels - 1s: 236, 0s: 218
Client 4 of 5: Local Epoch [1/3] Loss: 0.5189, Accuracy: 74.67 %
Predictions - 1s: 245, 0s: 209
True Labels - 1s: 236, 0s: 218
Client 4 of 5: Local Epoch [2/3] Loss: 0.4906, Accuracy: 75.99 %
Predictions - 1s: 239, 0s: 215
True Labels - 1s: 236, 0s: 218
Client 4 of 5: Local Epoch [3/3] Loss: 0.4567, Accuracy: 79.52 %
Predictions - 1s: 225, 0s: 229
True Labels - 1s: 232, 0s: 222
Client 5 of 5: Local Epoch [1/3] Loss: 0.5103, Accuracy: 75.11 %
Predictions - 1s: 244, 0s: 210
True Labels - 1s: 232, 0s: 222
Client 5 of 5: Local Epoch [2/3] Loss: 0.4626, Accuracy: 78.41 %
Predictions - 1s: 221, 0s: 233
True Labels - 1s: 232, 0s: 222
Client 5 of 5: Local Epoch [3/3] Loss: 0.4463, Accuracy: 80.84 %
-------------------------------
Round [3/4] Average Local Loss: 0.4599, Average Local Accuracy: 79.43 %
-------------------------------
-------- Validation --------
Predictions - 1s: 295, 0s: 273
True Labels - 1s: 282, 0s: 286
Round [3/4] Global Model Validation Loss: 0.4817, Validation Accuracy: 75.88 %
-------- Validation finished --------
Updated best model in round 3 saved with Validation Loss: 0.4817 and Validation Accuracy: 75.88 %
-------------------------------

Round 4 of 4
-------------------------------
Predictions - 1s: 234, 0s: 220
True Labels - 1s: 234, 0s: 220
Client 1 of 5: Local Epoch [1/3] Loss: 0.5097, Accuracy: 71.81 %
Predictions - 1s: 237, 0s: 217
True Labels - 1s: 234, 0s: 220
Client 1 of 5: Local Epoch [2/3] Loss: 0.4876, Accuracy: 76.43 %
Predictions - 1s: 239, 0s: 215
True Labels - 1s: 234, 0s: 220
Client 1 of 5: Local Epoch [3/3] Loss: 0.4597, Accuracy: 78.19 %
Predictions - 1s: 259, 0s: 195
True Labels - 1s: 243, 0s: 211
Client 2 of 5: Local Epoch [1/3] Loss: 0.4573, Accuracy: 77.09 %
Predictions - 1s: 257, 0s: 197
True Labels - 1s: 243, 0s: 211
Client 2 of 5: Local Epoch [2/3] Loss: 0.4218, Accuracy: 80.18 %
Predictions - 1s: 246, 0s: 208
True Labels - 1s: 243, 0s: 211
Client 2 of 5: Local Epoch [3/3] Loss: 0.4010, Accuracy: 81.72 %
Predictions - 1s: 276, 0s: 178
True Labels - 1s: 261, 0s: 193
Client 3 of 5: Local Epoch [1/3] Loss: 0.5063, Accuracy: 75.11 %
Predictions - 1s: 279, 0s: 175
True Labels - 1s: 261, 0s: 193
Client 3 of 5: Local Epoch [2/3] Loss: 0.4733, Accuracy: 75.77 %
Predictions - 1s: 284, 0s: 170
True Labels - 1s: 261, 0s: 193
Client 3 of 5: Local Epoch [3/3] Loss: 0.4656, Accuracy: 78.63 %
Predictions - 1s: 243, 0s: 211
True Labels - 1s: 236, 0s: 218
Client 4 of 5: Local Epoch [1/3] Loss: 0.5058, Accuracy: 75.11 %
Predictions - 1s: 242, 0s: 212
True Labels - 1s: 236, 0s: 218
Client 4 of 5: Local Epoch [2/3] Loss: 0.4677, Accuracy: 78.41 %
Predictions - 1s: 258, 0s: 196
True Labels - 1s: 236, 0s: 218
Client 4 of 5: Local Epoch [3/3] Loss: 0.4202, Accuracy: 81.06 %
Predictions - 1s: 237, 0s: 217
True Labels - 1s: 232, 0s: 222
Client 5 of 5: Local Epoch [1/3] Loss: 0.5109, Accuracy: 75.11 %
Predictions - 1s: 236, 0s: 218
True Labels - 1s: 232, 0s: 222
Client 5 of 5: Local Epoch [2/3] Loss: 0.4496, Accuracy: 78.85 %
Predictions - 1s: 239, 0s: 215
True Labels - 1s: 232, 0s: 222
Client 5 of 5: Local Epoch [3/3] Loss: 0.4268, Accuracy: 80.40 %
-------------------------------
Round [4/4] Average Local Loss: 0.4347, Average Local Accuracy: 80.00 %
-------------------------------
-------- Validation --------
Predictions - 1s: 292, 0s: 276
True Labels - 1s: 282, 0s: 286
Round [4/4] Global Model Validation Loss: 0.4773, Validation Accuracy: 76.06 %
-------- Validation finished --------
Updated best model in round 4 saved with Validation Loss: 0.4773 and Validation Accuracy: 76.06 %
-------------------------------
Best model in round 4 saved with Validation Loss: 0.4773 and Validation Accuracy: 76.06 %

-------- Training finished in 3:12 --------

Test flag enabled. Testing the model

-------- Loading best model from model_path --------
Loaded model bert-mini from date 19-04-2024 01:28. Trained with Federated Learning technology.
Round 4, lr: 6e-05, optimizer: AdamW
Average train accuracy: 80.00 %, Validation accuracy: 76.06 %
-------- Best model loaded --------

-------- Creating Test Dataloader --------
Test Loader: 715 total sentences. 90 batches of size 8.
-------- Test Dataloader created --------

-------- Testing --------
Predictions - 1s: 404, 0s: 311
True Labels - 1s: 369, 0s: 346
Nº of test samples: 715
Accuracy: 73.57%
Accuracy 2 : 73.57%
Precision: 73.76%
Recall: 73.38%
F1 Score: 73.39%
Classification report:
              precision    recall  f1-score   support

           0     0.7524    0.6763    0.7123       346
           1     0.7228    0.7913    0.7555       369

    accuracy                         0.7357       715
   macro avg     0.7376    0.7338    0.7339       715
weighted avg     0.7371    0.7357    0.7346       715

-------- Testing finished --------
