Current configuration:
{
    "concurrency_flag": false,
    "data_distribution": "iid",
    "dataset": "dreaddit",
    "device": "cuda",
    "dp_delta": 0.003,
    "dp_epsilon": 0.0,
    "eval_batch_size": 4,
    "eval_flag": true,
    "eval_size": 0.2,
    "fed_alg": "fedavg",
    "layers": 3,
    "learning_rate": 6e-05,
    "max_length": 512,
    "ml_mode": "fl",
    "model": "bert_mini",
    "model_name": "fl_mini_dreaddit",
    "models_path": "/local/vpaloma/fabric-federated-learning/ablation_study/phase-2/3-accs/dreaddit/",
    "mu": 0.5,
    "num_clients": 5,
    "num_epochs": 3,
    "num_rounds": 4,
    "optimizer": "AdamW",
    "progress_bar_flag": false,
    "save_model": true,
    "scheduler": "linear",
    "scheduler_warmup_steps": 0,
    "seed": 0,
    "test_flag": true,
    "train_batch_size": 4,
    "train_size": 0.8
}
-------- Configuration loaded --------

-------- Setting device --------
cuda device selected and available.
-------- Device set --------

-------- Setting seed --------
-------- Seed set --------

-------- Creating Model --------
-------- Model created --------

-------- Setting Trainable Layers --------
Training the last 3 layers.

Total parameters count: 11171074
Trainable parameters count: 856066
-------- Trainable Layers set --------

-------- Creating Tokenizer --------
-------- Tokenizer created --------

-------- Creating Train and Eval Dataloaders --------
Train Loader: 2270 total sentences. 568 batches of size 4.
Eval Loader: 568 total sentences. 142 batches of size 4.
-------- Train and Eval Dataloaders created --------

-------- Training --------
Training with Federated Learning technology.
Training without differential privacy.
Federated averaging algorithm selected.
Client 0: Label 0: 213, Label 1: 241
Client 1: Label 0: 236, Label 1: 218
Client 2: Label 0: 231, Label 1: 223
Client 3: Label 0: 210, Label 1: 244
Client 4: Label 0: 220, Label 1: 234

Round 1 of 4
-------------------------------
Predictions - 1s: 342, 0s: 112
True Labels - 1s: 241, 0s: 213
Client 1 of 5: Local Epoch [1/3] Loss: 0.6618, Accuracy: 60.57 %
Predictions - 1s: 282, 0s: 172
True Labels - 1s: 241, 0s: 213
Client 1 of 5: Local Epoch [2/3] Loss: 0.5795, Accuracy: 70.26 %
Predictions - 1s: 258, 0s: 196
True Labels - 1s: 241, 0s: 213
Client 1 of 5: Local Epoch [3/3] Loss: 0.5395, Accuracy: 77.31 %
Predictions - 1s: 235, 0s: 219
True Labels - 1s: 218, 0s: 236
Client 2 of 5: Local Epoch [1/3] Loss: 0.6623, Accuracy: 61.01 %
Predictions - 1s: 211, 0s: 243
True Labels - 1s: 218, 0s: 236
Client 2 of 5: Local Epoch [2/3] Loss: 0.5829, Accuracy: 72.91 %
Predictions - 1s: 198, 0s: 256
True Labels - 1s: 218, 0s: 236
Client 2 of 5: Local Epoch [3/3] Loss: 0.5374, Accuracy: 78.41 %
Predictions - 1s: 245, 0s: 209
True Labels - 1s: 223, 0s: 231
Client 3 of 5: Local Epoch [1/3] Loss: 0.6706, Accuracy: 57.71 %
Predictions - 1s: 226, 0s: 228
True Labels - 1s: 223, 0s: 231
Client 3 of 5: Local Epoch [2/3] Loss: 0.6033, Accuracy: 70.70 %
Predictions - 1s: 246, 0s: 208
True Labels - 1s: 223, 0s: 231
Client 3 of 5: Local Epoch [3/3] Loss: 0.5530, Accuracy: 75.55 %
Predictions - 1s: 332, 0s: 122
True Labels - 1s: 244, 0s: 210
Client 4 of 5: Local Epoch [1/3] Loss: 0.6602, Accuracy: 59.91 %
Predictions - 1s: 291, 0s: 163
True Labels - 1s: 244, 0s: 210
Client 4 of 5: Local Epoch [2/3] Loss: 0.5919, Accuracy: 73.35 %
Predictions - 1s: 282, 0s: 172
True Labels - 1s: 244, 0s: 210
Client 4 of 5: Local Epoch [3/3] Loss: 0.5522, Accuracy: 73.13 %
Predictions - 1s: 332, 0s: 122
True Labels - 1s: 234, 0s: 220
Client 5 of 5: Local Epoch [1/3] Loss: 0.6643, Accuracy: 61.67 %
Predictions - 1s: 269, 0s: 185
True Labels - 1s: 234, 0s: 220
Client 5 of 5: Local Epoch [2/3] Loss: 0.5851, Accuracy: 70.70 %
Predictions - 1s: 279, 0s: 175
True Labels - 1s: 234, 0s: 220
Client 5 of 5: Local Epoch [3/3] Loss: 0.5275, Accuracy: 77.75 %
-------------------------------
Round [1/4] Average Local Loss: 0.5419, Average Local Accuracy: 76.43 %
-------------------------------
-------- Validation --------
Predictions - 1s: 374, 0s: 194
True Labels - 1s: 328, 0s: 240
Round [1/4] Global Model Validation Loss: 0.5571, Validation Accuracy: 75.00 %
-------- Validation finished --------
Updated best model in round 1 saved with Validation Loss: 0.5571 and Validation Accuracy: 75.00 %
-------------------------------

Round 2 of 4
-------------------------------
Predictions - 1s: 269, 0s: 185
True Labels - 1s: 241, 0s: 213
Client 1 of 5: Local Epoch [1/3] Loss: 0.5393, Accuracy: 74.89 %
Predictions - 1s: 269, 0s: 185
True Labels - 1s: 241, 0s: 213
Client 1 of 5: Local Epoch [2/3] Loss: 0.4761, Accuracy: 77.97 %
Predictions - 1s: 253, 0s: 201
True Labels - 1s: 241, 0s: 213
Client 1 of 5: Local Epoch [3/3] Loss: 0.4505, Accuracy: 80.62 %
Predictions - 1s: 228, 0s: 226
True Labels - 1s: 218, 0s: 236
Client 2 of 5: Local Epoch [1/3] Loss: 0.5285, Accuracy: 75.33 %
Predictions - 1s: 223, 0s: 231
True Labels - 1s: 218, 0s: 236
Client 2 of 5: Local Epoch [2/3] Loss: 0.4885, Accuracy: 75.55 %
Predictions - 1s: 233, 0s: 221
True Labels - 1s: 218, 0s: 236
Client 2 of 5: Local Epoch [3/3] Loss: 0.4644, Accuracy: 77.75 %
Predictions - 1s: 249, 0s: 205
True Labels - 1s: 223, 0s: 231
Client 3 of 5: Local Epoch [1/3] Loss: 0.5680, Accuracy: 70.04 %
Predictions - 1s: 233, 0s: 221
True Labels - 1s: 223, 0s: 231
Client 3 of 5: Local Epoch [2/3] Loss: 0.5116, Accuracy: 74.89 %
Predictions - 1s: 251, 0s: 203
True Labels - 1s: 223, 0s: 231
Client 3 of 5: Local Epoch [3/3] Loss: 0.4906, Accuracy: 76.21 %
Predictions - 1s: 273, 0s: 181
True Labels - 1s: 244, 0s: 210
Client 4 of 5: Local Epoch [1/3] Loss: 0.5476, Accuracy: 73.79 %
Predictions - 1s: 240, 0s: 214
True Labels - 1s: 244, 0s: 210
Client 4 of 5: Local Epoch [2/3] Loss: 0.4848, Accuracy: 77.09 %
Predictions - 1s: 262, 0s: 192
True Labels - 1s: 244, 0s: 210
Client 4 of 5: Local Epoch [3/3] Loss: 0.4697, Accuracy: 77.09 %
Predictions - 1s: 236, 0s: 218
True Labels - 1s: 234, 0s: 220
Client 5 of 5: Local Epoch [1/3] Loss: 0.5261, Accuracy: 75.33 %
Predictions - 1s: 237, 0s: 217
True Labels - 1s: 234, 0s: 220
Client 5 of 5: Local Epoch [2/3] Loss: 0.4801, Accuracy: 77.75 %
Predictions - 1s: 239, 0s: 215
True Labels - 1s: 234, 0s: 220
Client 5 of 5: Local Epoch [3/3] Loss: 0.4539, Accuracy: 80.40 %
-------------------------------
Round [2/4] Average Local Loss: 0.4658, Average Local Accuracy: 78.41 %
-------------------------------
-------- Validation --------
Predictions - 1s: 340, 0s: 228
True Labels - 1s: 328, 0s: 240
Round [2/4] Global Model Validation Loss: 0.5020, Validation Accuracy: 75.70 %
-------- Validation finished --------
Updated best model in round 2 saved with Validation Loss: 0.5020 and Validation Accuracy: 75.70 %
-------------------------------

Round 3 of 4
-------------------------------
Predictions - 1s: 239, 0s: 215
True Labels - 1s: 241, 0s: 213
Client 1 of 5: Local Epoch [1/3] Loss: 0.4972, Accuracy: 76.21 %
Predictions - 1s: 251, 0s: 203
True Labels - 1s: 241, 0s: 213
Client 1 of 5: Local Epoch [2/3] Loss: 0.4651, Accuracy: 78.85 %
Predictions - 1s: 250, 0s: 204
True Labels - 1s: 241, 0s: 213
Client 1 of 5: Local Epoch [3/3] Loss: 0.4271, Accuracy: 80.84 %
Predictions - 1s: 215, 0s: 239
True Labels - 1s: 218, 0s: 236
Client 2 of 5: Local Epoch [1/3] Loss: 0.4783, Accuracy: 76.87 %
Predictions - 1s: 219, 0s: 235
True Labels - 1s: 218, 0s: 236
Client 2 of 5: Local Epoch [2/3] Loss: 0.4738, Accuracy: 76.87 %
Predictions - 1s: 220, 0s: 234
True Labels - 1s: 218, 0s: 236
Client 2 of 5: Local Epoch [3/3] Loss: 0.4331, Accuracy: 79.74 %
Predictions - 1s: 235, 0s: 219
True Labels - 1s: 223, 0s: 231
Client 3 of 5: Local Epoch [1/3] Loss: 0.5303, Accuracy: 74.01 %
Predictions - 1s: 216, 0s: 238
True Labels - 1s: 223, 0s: 231
Client 3 of 5: Local Epoch [2/3] Loss: 0.4963, Accuracy: 75.99 %
Predictions - 1s: 237, 0s: 217
True Labels - 1s: 223, 0s: 231
Client 3 of 5: Local Epoch [3/3] Loss: 0.4669, Accuracy: 78.41 %
Predictions - 1s: 248, 0s: 206
True Labels - 1s: 244, 0s: 210
Client 4 of 5: Local Epoch [1/3] Loss: 0.4827, Accuracy: 74.89 %
Predictions - 1s: 249, 0s: 205
True Labels - 1s: 244, 0s: 210
Client 4 of 5: Local Epoch [2/3] Loss: 0.4684, Accuracy: 77.75 %
Predictions - 1s: 250, 0s: 204
True Labels - 1s: 244, 0s: 210
Client 4 of 5: Local Epoch [3/3] Loss: 0.4279, Accuracy: 80.18 %
Predictions - 1s: 234, 0s: 220
True Labels - 1s: 234, 0s: 220
Client 5 of 5: Local Epoch [1/3] Loss: 0.4741, Accuracy: 77.09 %
Predictions - 1s: 244, 0s: 210
True Labels - 1s: 234, 0s: 220
Client 5 of 5: Local Epoch [2/3] Loss: 0.4396, Accuracy: 81.06 %
Predictions - 1s: 245, 0s: 209
True Labels - 1s: 234, 0s: 220
Client 5 of 5: Local Epoch [3/3] Loss: 0.4355, Accuracy: 79.96 %
-------------------------------
Round [3/4] Average Local Loss: 0.4381, Average Local Accuracy: 79.82 %
-------------------------------
-------- Validation --------
Predictions - 1s: 333, 0s: 235
True Labels - 1s: 328, 0s: 240
Round [3/4] Global Model Validation Loss: 0.4901, Validation Accuracy: 76.94 %
-------- Validation finished --------
Updated best model in round 3 saved with Validation Loss: 0.4901 and Validation Accuracy: 76.94 %
-------------------------------

Round 4 of 4
-------------------------------
Predictions - 1s: 253, 0s: 201
True Labels - 1s: 241, 0s: 213
Client 1 of 5: Local Epoch [1/3] Loss: 0.4899, Accuracy: 75.77 %
Predictions - 1s: 261, 0s: 193
True Labels - 1s: 241, 0s: 213
Client 1 of 5: Local Epoch [2/3] Loss: 0.4436, Accuracy: 79.30 %
Predictions - 1s: 249, 0s: 205
True Labels - 1s: 241, 0s: 213
Client 1 of 5: Local Epoch [3/3] Loss: 0.4184, Accuracy: 81.50 %
Predictions - 1s: 220, 0s: 234
True Labels - 1s: 218, 0s: 236
Client 2 of 5: Local Epoch [1/3] Loss: 0.4644, Accuracy: 76.65 %
Predictions - 1s: 211, 0s: 243
True Labels - 1s: 218, 0s: 236
Client 2 of 5: Local Epoch [2/3] Loss: 0.4415, Accuracy: 78.19 %
Predictions - 1s: 221, 0s: 233
True Labels - 1s: 218, 0s: 236
Client 2 of 5: Local Epoch [3/3] Loss: 0.4117, Accuracy: 80.84 %
Predictions - 1s: 228, 0s: 226
True Labels - 1s: 223, 0s: 231
Client 3 of 5: Local Epoch [1/3] Loss: 0.4988, Accuracy: 74.67 %
Predictions - 1s: 231, 0s: 223
True Labels - 1s: 223, 0s: 231
Client 3 of 5: Local Epoch [2/3] Loss: 0.4636, Accuracy: 78.41 %
Predictions - 1s: 229, 0s: 225
True Labels - 1s: 223, 0s: 231
Client 3 of 5: Local Epoch [3/3] Loss: 0.4591, Accuracy: 77.53 %
Predictions - 1s: 261, 0s: 193
True Labels - 1s: 244, 0s: 210
Client 4 of 5: Local Epoch [1/3] Loss: 0.4902, Accuracy: 76.43 %
Predictions - 1s: 261, 0s: 193
True Labels - 1s: 244, 0s: 210
Client 4 of 5: Local Epoch [2/3] Loss: 0.4454, Accuracy: 79.07 %
Predictions - 1s: 250, 0s: 204
True Labels - 1s: 244, 0s: 210
Client 4 of 5: Local Epoch [3/3] Loss: 0.4118, Accuracy: 79.74 %
Predictions - 1s: 234, 0s: 220
True Labels - 1s: 234, 0s: 220
Client 5 of 5: Local Epoch [1/3] Loss: 0.4599, Accuracy: 78.85 %
Predictions - 1s: 233, 0s: 221
True Labels - 1s: 234, 0s: 220
Client 5 of 5: Local Epoch [2/3] Loss: 0.4270, Accuracy: 80.84 %
Predictions - 1s: 248, 0s: 206
True Labels - 1s: 234, 0s: 220
Client 5 of 5: Local Epoch [3/3] Loss: 0.3944, Accuracy: 81.94 %
-------------------------------
Round [4/4] Average Local Loss: 0.4191, Average Local Accuracy: 80.31 %
-------------------------------
-------- Validation --------
Predictions - 1s: 330, 0s: 238
True Labels - 1s: 328, 0s: 240
Round [4/4] Global Model Validation Loss: 0.4853, Validation Accuracy: 77.11 %
-------- Validation finished --------
Updated best model in round 4 saved with Validation Loss: 0.4853 and Validation Accuracy: 77.11 %
-------------------------------
Best model in round 4 saved with Validation Loss: 0.4853 and Validation Accuracy: 77.11 %

-------- Training finished in 26:54 --------

Test flag enabled. Testing the model

-------- Loading best model from model_path --------
Loaded model bert-mini from date 19-03-2024 16:47. Trained with Federated Learning technology.
Round 4, lr: 6e-05, optimizer: AdamW
Average train accuracy: 80.31 %, Validation accuracy: 77.11 %
-------- Best model loaded --------

-------- Creating Test Dataloader --------
Test Loader: 715 total sentences. 90 batches of size 8.
-------- Test Dataloader created --------

-------- Testing --------
Predictions - 1s: 407, 0s: 308
True Labels - 1s: 369, 0s: 346
Nº of test samples: 715
Accuracy: 73.99%
Accuracy 2 : 73.99%
Precision: 74.23%
Recall: 73.79%
F1 Score: 73.80%
Classification report:
              precision    recall  f1-score   support

           0     0.7597    0.6763    0.7156       346
           1     0.7248    0.7995    0.7603       369

    accuracy                         0.7399       715
   macro avg     0.7423    0.7379    0.7380       715
weighted avg     0.7417    0.7399    0.7387       715

-------- Testing finished --------
