Current configuration:
{
    "concurrency_flag": false,
    "data_distribution": "iid",
    "dataset": "dreaddit",
    "device": "cuda",
    "dp_delta": 0.003,
    "dp_epsilon": 0.0,
    "eval_batch_size": 4,
    "eval_flag": true,
    "eval_size": 0.2,
    "fed_alg": "fedavg",
    "layers": 3,
    "learning_rate": 6e-05,
    "max_length": 512,
    "ml_mode": "fl",
    "model": "bert_mini",
    "model_name": "fl_mini_seed3_dreaddit",
    "models_path": "/local/vpaloma/fabric-federated-learning/ablation_study/phase-2/3-accs/dreaddit/",
    "mu": 0.5,
    "num_clients": 5,
    "num_epochs": 3,
    "num_rounds": 4,
    "num_seed3_epochs": 3,
    "num_seed3_rounds": 4,
    "optimizer": "AdamW",
    "progress_bar_flag": false,
    "save_model": true,
    "scheduler": "linear",
    "scheduler_warmup_steps": 0,
    "seed": 331,
    "test_flag": true,
    "train_batch_size": 4,
    "train_size": 0.8
}
-------- Configuration loaded --------

-------- Setting device --------
cuda device selected and available.
-------- Device set --------

-------- Setting seed --------
-------- Seed set --------

-------- Creating Model --------
-------- Model created --------

-------- Setting Trainable Layers --------
Training the last 3 layers.

Total parameters count: 11171074
Trainable parameters count: 856066
-------- Trainable Layers set --------

-------- Creating Tokenizer --------
-------- Tokenizer created --------

-------- Creating Train and Eval Dataloaders --------
Train Loader: 2270 total sentences. 568 batches of size 4.
Eval Loader: 568 total sentences. 142 batches of size 4.
-------- Train and Eval Dataloaders created --------

-------- Training --------
Training with Federated Learning technology.
Training without differential privacy.
Federated averaging algorithm selected.
Client 0: Label 0: 203, Label 1: 251
Client 1: Label 0: 223, Label 1: 231
Client 2: Label 0: 225, Label 1: 229
Client 3: Label 0: 231, Label 1: 223
Client 4: Label 0: 215, Label 1: 239

Round 1 of 4
-------------------------------
Predictions - 1s: 330, 0s: 124
True Labels - 1s: 251, 0s: 203
Client 1 of 5: Local Epoch [1/3] Loss: 0.6560, Accuracy: 61.45 %
Predictions - 1s: 324, 0s: 130
True Labels - 1s: 251, 0s: 203
Client 1 of 5: Local Epoch [2/3] Loss: 0.5886, Accuracy: 69.82 %
Predictions - 1s: 302, 0s: 152
True Labels - 1s: 251, 0s: 203
Client 1 of 5: Local Epoch [3/3] Loss: 0.5467, Accuracy: 73.79 %
Predictions - 1s: 277, 0s: 177
True Labels - 1s: 231, 0s: 223
Client 2 of 5: Local Epoch [1/3] Loss: 0.6593, Accuracy: 60.35 %
Predictions - 1s: 265, 0s: 189
True Labels - 1s: 231, 0s: 223
Client 2 of 5: Local Epoch [2/3] Loss: 0.5958, Accuracy: 69.16 %
Predictions - 1s: 243, 0s: 211
True Labels - 1s: 231, 0s: 223
Client 2 of 5: Local Epoch [3/3] Loss: 0.5545, Accuracy: 74.45 %
Predictions - 1s: 241, 0s: 213
True Labels - 1s: 229, 0s: 225
Client 3 of 5: Local Epoch [1/3] Loss: 0.6606, Accuracy: 61.67 %
Predictions - 1s: 260, 0s: 194
True Labels - 1s: 229, 0s: 225
Client 3 of 5: Local Epoch [2/3] Loss: 0.5651, Accuracy: 73.79 %
Predictions - 1s: 233, 0s: 221
True Labels - 1s: 229, 0s: 225
Client 3 of 5: Local Epoch [3/3] Loss: 0.5062, Accuracy: 77.09 %
Predictions - 1s: 176, 0s: 278
True Labels - 1s: 223, 0s: 231
Client 4 of 5: Local Epoch [1/3] Loss: 0.6569, Accuracy: 63.66 %
Predictions - 1s: 252, 0s: 202
True Labels - 1s: 223, 0s: 231
Client 4 of 5: Local Epoch [2/3] Loss: 0.5879, Accuracy: 69.38 %
Predictions - 1s: 263, 0s: 191
True Labels - 1s: 223, 0s: 231
Client 4 of 5: Local Epoch [3/3] Loss: 0.5494, Accuracy: 74.01 %
Predictions - 1s: 262, 0s: 192
True Labels - 1s: 239, 0s: 215
Client 5 of 5: Local Epoch [1/3] Loss: 0.6615, Accuracy: 60.13 %
Predictions - 1s: 293, 0s: 161
True Labels - 1s: 239, 0s: 215
Client 5 of 5: Local Epoch [2/3] Loss: 0.5789, Accuracy: 73.57 %
Predictions - 1s: 258, 0s: 196
True Labels - 1s: 239, 0s: 215
Client 5 of 5: Local Epoch [3/3] Loss: 0.5392, Accuracy: 76.43 %
-------------------------------
Round [1/4] Average Local Loss: 0.5392, Average Local Accuracy: 75.15 %
-------------------------------
-------- Validation --------
Predictions - 1s: 384, 0s: 184
True Labels - 1s: 315, 0s: 253
Round [1/4] Global Model Validation Loss: 0.5646, Validation Accuracy: 70.95 %
-------- Validation finished --------
Updated best model in round 1 saved with Validation Loss: 0.5646 and Validation Accuracy: 70.95 %
-------------------------------

Round 2 of 4
-------------------------------
Predictions - 1s: 285, 0s: 169
True Labels - 1s: 251, 0s: 203
Client 1 of 5: Local Epoch [1/3] Loss: 0.5448, Accuracy: 72.69 %
Predictions - 1s: 276, 0s: 178
True Labels - 1s: 251, 0s: 203
Client 1 of 5: Local Epoch [2/3] Loss: 0.5064, Accuracy: 77.31 %
Predictions - 1s: 284, 0s: 170
True Labels - 1s: 251, 0s: 203
Client 1 of 5: Local Epoch [3/3] Loss: 0.4796, Accuracy: 77.31 %
Predictions - 1s: 229, 0s: 225
True Labels - 1s: 231, 0s: 223
Client 2 of 5: Local Epoch [1/3] Loss: 0.5495, Accuracy: 70.48 %
Predictions - 1s: 236, 0s: 218
True Labels - 1s: 231, 0s: 223
Client 2 of 5: Local Epoch [2/3] Loss: 0.5012, Accuracy: 75.55 %
Predictions - 1s: 256, 0s: 198
True Labels - 1s: 231, 0s: 223
Client 2 of 5: Local Epoch [3/3] Loss: 0.4861, Accuracy: 77.75 %
Predictions - 1s: 227, 0s: 227
True Labels - 1s: 229, 0s: 225
Client 3 of 5: Local Epoch [1/3] Loss: 0.5220, Accuracy: 75.77 %
Predictions - 1s: 235, 0s: 219
True Labels - 1s: 229, 0s: 225
Client 3 of 5: Local Epoch [2/3] Loss: 0.4675, Accuracy: 77.97 %
Predictions - 1s: 237, 0s: 217
True Labels - 1s: 229, 0s: 225
Client 3 of 5: Local Epoch [3/3] Loss: 0.4617, Accuracy: 76.65 %
Predictions - 1s: 251, 0s: 203
True Labels - 1s: 223, 0s: 231
Client 4 of 5: Local Epoch [1/3] Loss: 0.5367, Accuracy: 74.01 %
Predictions - 1s: 224, 0s: 230
True Labels - 1s: 223, 0s: 231
Client 4 of 5: Local Epoch [2/3] Loss: 0.4960, Accuracy: 75.55 %
Predictions - 1s: 236, 0s: 218
True Labels - 1s: 223, 0s: 231
Client 4 of 5: Local Epoch [3/3] Loss: 0.4976, Accuracy: 75.99 %
Predictions - 1s: 258, 0s: 196
True Labels - 1s: 239, 0s: 215
Client 5 of 5: Local Epoch [1/3] Loss: 0.5714, Accuracy: 71.15 %
Predictions - 1s: 254, 0s: 200
True Labels - 1s: 239, 0s: 215
Client 5 of 5: Local Epoch [2/3] Loss: 0.5089, Accuracy: 75.11 %
Predictions - 1s: 257, 0s: 197
True Labels - 1s: 239, 0s: 215
Client 5 of 5: Local Epoch [3/3] Loss: 0.4837, Accuracy: 75.33 %
-------------------------------
Round [2/4] Average Local Loss: 0.4817, Average Local Accuracy: 76.61 %
-------------------------------
-------- Validation --------
Predictions - 1s: 350, 0s: 218
True Labels - 1s: 315, 0s: 253
Round [2/4] Global Model Validation Loss: 0.5234, Validation Accuracy: 72.36 %
-------- Validation finished --------
Updated best model in round 2 saved with Validation Loss: 0.5234 and Validation Accuracy: 72.36 %
-------------------------------

Round 3 of 4
-------------------------------
Predictions - 1s: 281, 0s: 173
True Labels - 1s: 251, 0s: 203
Client 1 of 5: Local Epoch [1/3] Loss: 0.5082, Accuracy: 76.65 %
Predictions - 1s: 285, 0s: 169
True Labels - 1s: 251, 0s: 203
Client 1 of 5: Local Epoch [2/3] Loss: 0.4725, Accuracy: 78.41 %
Predictions - 1s: 273, 0s: 181
True Labels - 1s: 251, 0s: 203
Client 1 of 5: Local Epoch [3/3] Loss: 0.4466, Accuracy: 80.18 %
Predictions - 1s: 231, 0s: 223
True Labels - 1s: 231, 0s: 223
Client 2 of 5: Local Epoch [1/3] Loss: 0.4994, Accuracy: 75.33 %
Predictions - 1s: 233, 0s: 221
True Labels - 1s: 231, 0s: 223
Client 2 of 5: Local Epoch [2/3] Loss: 0.4658, Accuracy: 77.97 %
Predictions - 1s: 243, 0s: 211
True Labels - 1s: 231, 0s: 223
Client 2 of 5: Local Epoch [3/3] Loss: 0.4536, Accuracy: 78.85 %
Predictions - 1s: 232, 0s: 222
True Labels - 1s: 229, 0s: 225
Client 3 of 5: Local Epoch [1/3] Loss: 0.4663, Accuracy: 76.43 %
Predictions - 1s: 235, 0s: 219
True Labels - 1s: 229, 0s: 225
Client 3 of 5: Local Epoch [2/3] Loss: 0.4241, Accuracy: 79.30 %
Predictions - 1s: 236, 0s: 218
True Labels - 1s: 229, 0s: 225
Client 3 of 5: Local Epoch [3/3] Loss: 0.4303, Accuracy: 78.63 %
Predictions - 1s: 228, 0s: 226
True Labels - 1s: 223, 0s: 231
Client 4 of 5: Local Epoch [1/3] Loss: 0.5031, Accuracy: 74.67 %
Predictions - 1s: 240, 0s: 214
True Labels - 1s: 223, 0s: 231
Client 4 of 5: Local Epoch [2/3] Loss: 0.4805, Accuracy: 75.55 %
Predictions - 1s: 228, 0s: 226
True Labels - 1s: 223, 0s: 231
Client 4 of 5: Local Epoch [3/3] Loss: 0.4612, Accuracy: 77.75 %
Predictions - 1s: 248, 0s: 206
True Labels - 1s: 239, 0s: 215
Client 5 of 5: Local Epoch [1/3] Loss: 0.5108, Accuracy: 73.35 %
Predictions - 1s: 257, 0s: 197
True Labels - 1s: 239, 0s: 215
Client 5 of 5: Local Epoch [2/3] Loss: 0.4923, Accuracy: 76.21 %
Predictions - 1s: 244, 0s: 210
True Labels - 1s: 239, 0s: 215
Client 5 of 5: Local Epoch [3/3] Loss: 0.4594, Accuracy: 79.07 %
-------------------------------
Round [3/4] Average Local Loss: 0.4502, Average Local Accuracy: 78.90 %
-------------------------------
-------- Validation --------
Predictions - 1s: 349, 0s: 219
True Labels - 1s: 315, 0s: 253
Round [3/4] Global Model Validation Loss: 0.5066, Validation Accuracy: 72.89 %
-------- Validation finished --------
Updated best model in round 3 saved with Validation Loss: 0.5066 and Validation Accuracy: 72.89 %
-------------------------------

Round 4 of 4
-------------------------------
Predictions - 1s: 268, 0s: 186
True Labels - 1s: 251, 0s: 203
Client 1 of 5: Local Epoch [1/3] Loss: 0.4679, Accuracy: 76.43 %
Predictions - 1s: 281, 0s: 173
True Labels - 1s: 251, 0s: 203
Client 1 of 5: Local Epoch [2/3] Loss: 0.4453, Accuracy: 77.97 %
Predictions - 1s: 263, 0s: 191
True Labels - 1s: 251, 0s: 203
Client 1 of 5: Local Epoch [3/3] Loss: 0.4439, Accuracy: 79.30 %
Predictions - 1s: 233, 0s: 221
True Labels - 1s: 231, 0s: 223
Client 2 of 5: Local Epoch [1/3] Loss: 0.4905, Accuracy: 75.33 %
Predictions - 1s: 243, 0s: 211
True Labels - 1s: 231, 0s: 223
Client 2 of 5: Local Epoch [2/3] Loss: 0.4573, Accuracy: 78.41 %
Predictions - 1s: 236, 0s: 218
True Labels - 1s: 231, 0s: 223
Client 2 of 5: Local Epoch [3/3] Loss: 0.4315, Accuracy: 80.84 %
Predictions - 1s: 233, 0s: 221
True Labels - 1s: 229, 0s: 225
Client 3 of 5: Local Epoch [1/3] Loss: 0.4631, Accuracy: 77.09 %
Predictions - 1s: 234, 0s: 220
True Labels - 1s: 229, 0s: 225
Client 3 of 5: Local Epoch [2/3] Loss: 0.4170, Accuracy: 78.19 %
Predictions - 1s: 230, 0s: 224
True Labels - 1s: 229, 0s: 225
Client 3 of 5: Local Epoch [3/3] Loss: 0.3949, Accuracy: 79.52 %
Predictions - 1s: 222, 0s: 232
True Labels - 1s: 223, 0s: 231
Client 4 of 5: Local Epoch [1/3] Loss: 0.4909, Accuracy: 75.99 %
Predictions - 1s: 229, 0s: 225
True Labels - 1s: 223, 0s: 231
Client 4 of 5: Local Epoch [2/3] Loss: 0.4690, Accuracy: 76.65 %
Predictions - 1s: 220, 0s: 234
True Labels - 1s: 223, 0s: 231
Client 4 of 5: Local Epoch [3/3] Loss: 0.4390, Accuracy: 79.52 %
Predictions - 1s: 252, 0s: 202
True Labels - 1s: 239, 0s: 215
Client 5 of 5: Local Epoch [1/3] Loss: 0.4860, Accuracy: 76.43 %
Predictions - 1s: 257, 0s: 197
True Labels - 1s: 239, 0s: 215
Client 5 of 5: Local Epoch [2/3] Loss: 0.4539, Accuracy: 79.30 %
Predictions - 1s: 236, 0s: 218
True Labels - 1s: 239, 0s: 215
Client 5 of 5: Local Epoch [3/3] Loss: 0.4425, Accuracy: 80.40 %
-------------------------------
Round [4/4] Average Local Loss: 0.4304, Average Local Accuracy: 79.91 %
-------------------------------
-------- Validation --------
Predictions - 1s: 352, 0s: 216
True Labels - 1s: 315, 0s: 253
Round [4/4] Global Model Validation Loss: 0.4986, Validation Accuracy: 74.82 %
-------- Validation finished --------
Updated best model in round 4 saved with Validation Loss: 0.4986 and Validation Accuracy: 74.82 %
-------------------------------
Best model in round 4 saved with Validation Loss: 0.4986 and Validation Accuracy: 74.82 %

-------- Training finished in 26:56 --------

Test flag enabled. Testing the model

-------- Loading best model from model_path --------
Loaded model bert-mini from date 19-03-2024 16:47. Trained with Federated Learning technology.
Round 4, lr: 6e-05, optimizer: AdamW
Average train accuracy: 79.91 %, Validation accuracy: 74.82 %
-------- Best model loaded --------

-------- Creating Test Dataloader --------
Test Loader: 715 total sentences. 90 batches of size 8.
-------- Test Dataloader created --------

-------- Testing --------
Predictions - 1s: 418, 0s: 297
True Labels - 1s: 369, 0s: 346
Nº of test samples: 715
Accuracy: 75.24%
Accuracy 2 : 75.24%
Precision: 75.71%
Recall: 75.00%
F1 Score: 74.99%
Classification report:
              precision    recall  f1-score   support

           0     0.7845    0.6734    0.7247       346
           1     0.7297    0.8266    0.7751       369

    accuracy                         0.7524       715
   macro avg     0.7571    0.7500    0.7499       715
weighted avg     0.7562    0.7524    0.7507       715

-------- Testing finished --------
