Current configuration:
{
    "concurrency_flag": false,
    "data_distribution": "iid",
    "dataset": "mixed_depression",
    "device": "cuda",
    "dp_delta": 0.003,
    "dp_epsilon": 0.0,
    "eval_batch_size": 4,
    "eval_flag": true,
    "eval_size": 0.2,
    "fed_alg": "fedavg",
    "layers": 4,
    "learning_rate": 3e-05,
    "max_length": 512,
    "ml_mode": "ml",
    "model": "bert_tiny",
    "model_name": "bert_tiny_4_3e5",
    "models_path": "/local/vpaloma/ablation_study/1-layers-lr-dataset/mixed_depression/",
    "mu": 0.5,
    "num_clients": 5,
    "num_epochs": 10,
    "num_rounds": 5,
    "optimizer": "AdamW",
    "progress_bar_flag": false,
    "save_model": true,
    "scheduler": "linear",
    "scheduler_warmup_steps": 0,
    "seed": 0,
    "test_flag": true,
    "train_batch_size": 4,
    "train_size": 0.8
}
-------- Configuration loaded --------

-------- Setting device --------
cuda device selected and available.
-------- Device set --------

-------- Setting seed --------
-------- Seed set --------

-------- Creating Model --------
-------- Model created --------

-------- Setting Trainable Layers --------
Training the last 4 layers.

Total parameters count: 4386178
Trainable parameters count: 413314
-------- Trainable Layers set --------

-------- Creating Tokenizer --------
-------- Tokenizer created --------

-------- Creating Train and Eval Dataloaders --------
Train Loader: 1806 total sentences. 452 batches of size 4.
Eval Loader: 452 total sentences. 113 batches of size 4.
-------- Train and Eval Dataloaders created --------

-------- Creating Optimizer --------
-------- Optimizer created --------

-------- Creating Scheduler --------
-------- Scheduler created --------

-------- Training --------
Training with Centralised Machine Learning technology.
Training without differential privacy.
Epoch [1/10], Step [100/452], Loss: 0.6856, Accuracy: 57.50 %
Epoch [1/10], Step [200/452], Loss: 0.6627, Accuracy: 63.12 %
Epoch [1/10], Step [300/452], Loss: 0.6462, Accuracy: 65.08 %
Epoch [1/10], Step [400/452], Loss: 0.6210, Accuracy: 68.00 %
-------------------------------
Epoch [1/10] Loss: 0.6080, Accuracy: 69.38 %
-------------------------------
-------- Validation --------
Validation Loss: 0.4603, Validation Accuracy: 81.42 %
-------- Validation finished --------
Updated best model in epoch 1 saved with Validation Accuracy: 81.42 %
-------------------------------
Epoch [2/10], Step [100/452], Loss: 0.4821, Accuracy: 79.50 %
Epoch [2/10], Step [200/452], Loss: 0.4698, Accuracy: 80.00 %
Epoch [2/10], Step [300/452], Loss: 0.4539, Accuracy: 80.25 %
Epoch [2/10], Step [400/452], Loss: 0.4435, Accuracy: 81.06 %
-------------------------------
Epoch [2/10] Loss: 0.4366, Accuracy: 81.40 %
-------------------------------
-------- Validation --------
Validation Loss: 0.3412, Validation Accuracy: 85.40 %
-------- Validation finished --------
Updated best model in epoch 2 saved with Validation Accuracy: 85.40 %
-------------------------------
Epoch [3/10], Step [100/452], Loss: 0.3922, Accuracy: 83.25 %
Epoch [3/10], Step [200/452], Loss: 0.3638, Accuracy: 85.38 %
Epoch [3/10], Step [300/452], Loss: 0.3709, Accuracy: 84.83 %
Epoch [3/10], Step [400/452], Loss: 0.3716, Accuracy: 85.31 %
-------------------------------
Epoch [3/10] Loss: 0.3731, Accuracy: 85.22 %
-------------------------------
-------- Validation --------
Validation Loss: 0.3098, Validation Accuracy: 87.61 %
-------- Validation finished --------
Updated best model in epoch 3 saved with Validation Accuracy: 87.61 %
-------------------------------
Epoch [4/10], Step [100/452], Loss: 0.3585, Accuracy: 86.00 %
Epoch [4/10], Step [200/452], Loss: 0.3294, Accuracy: 87.25 %
Epoch [4/10], Step [300/452], Loss: 0.3449, Accuracy: 86.67 %
Epoch [4/10], Step [400/452], Loss: 0.3513, Accuracy: 86.25 %
-------------------------------
Epoch [4/10] Loss: 0.3472, Accuracy: 86.43 %
-------------------------------
-------- Validation --------
Validation Loss: 0.3256, Validation Accuracy: 86.50 %
-------- Validation finished --------
Epoch [5/10], Step [100/452], Loss: 0.3123, Accuracy: 87.50 %
Epoch [5/10], Step [200/452], Loss: 0.3121, Accuracy: 87.50 %
Epoch [5/10], Step [300/452], Loss: 0.3166, Accuracy: 87.08 %
Epoch [5/10], Step [400/452], Loss: 0.3178, Accuracy: 87.19 %
-------------------------------
Epoch [5/10] Loss: 0.3186, Accuracy: 87.15 %
-------------------------------
-------- Validation --------
Validation Loss: 0.3088, Validation Accuracy: 87.83 %
-------- Validation finished --------
Updated best model in epoch 5 saved with Validation Accuracy: 87.83 %
-------------------------------
Epoch [6/10], Step [100/452], Loss: 0.2919, Accuracy: 88.50 %
Epoch [6/10], Step [200/452], Loss: 0.2909, Accuracy: 89.00 %
Epoch [6/10], Step [300/452], Loss: 0.3039, Accuracy: 88.42 %
Epoch [6/10], Step [400/452], Loss: 0.2955, Accuracy: 88.81 %
-------------------------------
Epoch [6/10] Loss: 0.3053, Accuracy: 88.15 %
-------------------------------
-------- Validation --------
Validation Loss: 0.3150, Validation Accuracy: 87.61 %
-------- Validation finished --------
Epoch [7/10], Step [100/452], Loss: 0.3368, Accuracy: 85.00 %
Epoch [7/10], Step [200/452], Loss: 0.3248, Accuracy: 86.88 %
Epoch [7/10], Step [300/452], Loss: 0.3027, Accuracy: 88.25 %
Epoch [7/10], Step [400/452], Loss: 0.2971, Accuracy: 88.38 %
-------------------------------
Epoch [7/10] Loss: 0.2971, Accuracy: 88.48 %
-------------------------------
-------- Validation --------
Validation Loss: 0.2928, Validation Accuracy: 88.50 %
-------- Validation finished --------
Updated best model in epoch 7 saved with Validation Accuracy: 88.50 %
-------------------------------
Epoch [8/10], Step [100/452], Loss: 0.2717, Accuracy: 89.50 %
Epoch [8/10], Step [200/452], Loss: 0.2820, Accuracy: 89.62 %
Epoch [8/10], Step [300/452], Loss: 0.2865, Accuracy: 89.33 %
Epoch [8/10], Step [400/452], Loss: 0.2814, Accuracy: 89.31 %
-------------------------------
Epoch [8/10] Loss: 0.2754, Accuracy: 89.31 %
-------------------------------
-------- Validation --------
Validation Loss: 0.2847, Validation Accuracy: 88.72 %
-------- Validation finished --------
Updated best model in epoch 8 saved with Validation Accuracy: 88.72 %
-------------------------------
Epoch [9/10], Step [100/452], Loss: 0.2637, Accuracy: 90.75 %
Epoch [9/10], Step [200/452], Loss: 0.2563, Accuracy: 90.88 %
Epoch [9/10], Step [300/452], Loss: 0.2595, Accuracy: 90.58 %
Epoch [9/10], Step [400/452], Loss: 0.2698, Accuracy: 89.81 %
-------------------------------
Epoch [9/10] Loss: 0.2784, Accuracy: 89.37 %
-------------------------------
-------- Validation --------
Validation Loss: 0.2832, Validation Accuracy: 88.72 %
-------- Validation finished --------
Updated best model in epoch 9 saved with Validation Accuracy: 88.72 %
-------------------------------
Epoch [10/10], Step [100/452], Loss: 0.2276, Accuracy: 92.50 %
Epoch [10/10], Step [200/452], Loss: 0.2470, Accuracy: 91.25 %
Epoch [10/10], Step [300/452], Loss: 0.2523, Accuracy: 91.08 %
Epoch [10/10], Step [400/452], Loss: 0.2602, Accuracy: 90.81 %
-------------------------------
Epoch [10/10] Loss: 0.2734, Accuracy: 90.03 %
-------------------------------
-------- Validation --------
Validation Loss: 0.2796, Validation Accuracy: 88.94 %
-------- Validation finished --------
Updated best model in epoch 10 saved with Validation Accuracy: 88.94 %
-------------------------------
Best model in epoch 10 saved with Validation Accuracy: 88.94 %
-------- Training finished --------

Test flag enabled. Testing the model

-------- Loading best model from model_path --------
Loaded model bert-tiny from date 01-02-2024 10:33. Trained with Centralised Machine Learning technology.
Epoch 10, lr: 3e-05, optimizer: AdamW
Train accuracy: 90.03 %, Validation accuracy: 88.94 %
-------- Best model loaded --------

-------- Creating Test Dataloader --------
Test Loader: 564 total sentences. 71 batches of size 8.
-------- Test Dataloader created --------

-------- Testing --------
Nº of test samples: 564
Accuracy: 89.01%
Precision: 89.01%
Recall: 89.10%
F1 Score: 89.00%
-------- Testing finished --------
