Current configuration:
{
    "concurrency_flag": false,
    "data_distribution": "iid",
    "dataset": "mixed_depression",
    "device": "cuda",
    "dp_delta": 0.003,
    "dp_epsilon": 0.0,
    "eval_batch_size": 4,
    "eval_flag": true,
    "eval_size": 0.2,
    "fed_alg": "fedavg",
    "layers": 2,
    "learning_rate": 9e-05,
    "max_length": 512,
    "ml_mode": "ml",
    "model": "bert_tiny",
    "model_name": "bert_tiny_2_9e5",
    "models_path": "/local/vpaloma/ablation_study/1-layers-lr-dataset/mixed_depression/",
    "mu": 0.5,
    "num_clients": 5,
    "num_epochs": 15,
    "num_rounds": 5,
    "optimizer": "AdamW",
    "progress_bar_flag": false,
    "save_model": true,
    "scheduler": "linear",
    "scheduler_warmup_steps": 0,
    "seed": 100,
    "test_flag": true,
    "train_batch_size": 4,
    "train_size": 0.8
}
-------- Configuration loaded --------

-------- Setting device --------
cuda device selected and available.
-------- Device set --------

-------- Setting seed --------
-------- Seed set --------

-------- Creating Model --------
-------- Model created --------

-------- Setting Trainable Layers --------
Training the last 2 layers.

Total parameters count: 4386178
Trainable parameters count: 16770
-------- Trainable Layers set --------

-------- Creating Tokenizer --------
-------- Tokenizer created --------

-------- Creating Train and Eval Dataloaders --------
Train Loader: 1806 total sentences. 452 batches of size 4.
Eval Loader: 452 total sentences. 113 batches of size 4.
-------- Train and Eval Dataloaders created --------

-------- Creating Optimizer --------
-------- Optimizer created --------

-------- Creating Scheduler --------
-------- Scheduler created --------

-------- Training --------
Training with Centralised Machine Learning technology.
Training without differential privacy.
Epoch [1/15], Step [100/452], Loss: 0.6902, Accuracy: 52.75 %
Epoch [1/15], Step [200/452], Loss: 0.6810, Accuracy: 55.62 %
Epoch [1/15], Step [300/452], Loss: 0.6701, Accuracy: 59.42 %
Epoch [1/15], Step [400/452], Loss: 0.6582, Accuracy: 63.19 %
-------------------------------
Epoch [1/15] Loss: 0.6521, Accuracy: 64.45 %
-------------------------------
-------- Validation --------
Validation Loss: 0.5798, Validation Accuracy: 78.32 %
-------- Validation finished --------
Updated best model in epoch 1 saved with Validation Accuracy: 78.32 %
-------------------------------
Epoch [2/15], Step [100/452], Loss: 0.5636, Accuracy: 80.00 %
Epoch [2/15], Step [200/452], Loss: 0.5543, Accuracy: 78.88 %
Epoch [2/15], Step [300/452], Loss: 0.5487, Accuracy: 77.83 %
Epoch [2/15], Step [400/452], Loss: 0.5373, Accuracy: 78.50 %
-------------------------------
Epoch [2/15] Loss: 0.5380, Accuracy: 77.96 %
-------------------------------
-------- Validation --------
Validation Loss: 0.4743, Validation Accuracy: 78.76 %
-------- Validation finished --------
Updated best model in epoch 2 saved with Validation Accuracy: 78.76 %
-------------------------------
Epoch [3/15], Step [100/452], Loss: 0.4702, Accuracy: 79.75 %
Epoch [3/15], Step [200/452], Loss: 0.4739, Accuracy: 78.50 %
Epoch [3/15], Step [300/452], Loss: 0.4741, Accuracy: 78.50 %
Epoch [3/15], Step [400/452], Loss: 0.4779, Accuracy: 78.75 %
-------------------------------
Epoch [3/15] Loss: 0.4726, Accuracy: 79.01 %
-------------------------------
-------- Validation --------
Validation Loss: 0.4289, Validation Accuracy: 80.31 %
-------- Validation finished --------
Updated best model in epoch 3 saved with Validation Accuracy: 80.31 %
-------------------------------
Epoch [4/15], Step [100/452], Loss: 0.4558, Accuracy: 79.75 %
Epoch [4/15], Step [200/452], Loss: 0.4352, Accuracy: 82.75 %
Epoch [4/15], Step [300/452], Loss: 0.4466, Accuracy: 81.42 %
Epoch [4/15], Step [400/452], Loss: 0.4455, Accuracy: 81.19 %
-------------------------------
Epoch [4/15] Loss: 0.4429, Accuracy: 81.12 %
-------------------------------
-------- Validation --------
Validation Loss: 0.4035, Validation Accuracy: 82.08 %
-------- Validation finished --------
Updated best model in epoch 4 saved with Validation Accuracy: 82.08 %
-------------------------------
Epoch [5/15], Step [100/452], Loss: 0.4441, Accuracy: 81.25 %
Epoch [5/15], Step [200/452], Loss: 0.4524, Accuracy: 79.75 %
Epoch [5/15], Step [300/452], Loss: 0.4365, Accuracy: 81.00 %
Epoch [5/15], Step [400/452], Loss: 0.4363, Accuracy: 80.75 %
-------------------------------
Epoch [5/15] Loss: 0.4352, Accuracy: 80.56 %
-------------------------------
-------- Validation --------
Validation Loss: 0.3913, Validation Accuracy: 81.86 %
-------- Validation finished --------
Epoch [6/15], Step [100/452], Loss: 0.4428, Accuracy: 80.00 %
Epoch [6/15], Step [200/452], Loss: 0.4182, Accuracy: 80.38 %
Epoch [6/15], Step [300/452], Loss: 0.4298, Accuracy: 80.67 %
Epoch [6/15], Step [400/452], Loss: 0.4284, Accuracy: 81.31 %
-------------------------------
Epoch [6/15] Loss: 0.4255, Accuracy: 81.73 %
-------------------------------
-------- Validation --------
Validation Loss: 0.3987, Validation Accuracy: 82.30 %
-------- Validation finished --------
Updated best model in epoch 6 saved with Validation Accuracy: 82.30 %
-------------------------------
Epoch [7/15], Step [100/452], Loss: 0.4317, Accuracy: 82.50 %
Epoch [7/15], Step [200/452], Loss: 0.4402, Accuracy: 80.50 %
Epoch [7/15], Step [300/452], Loss: 0.4312, Accuracy: 80.67 %
Epoch [7/15], Step [400/452], Loss: 0.4262, Accuracy: 80.81 %
-------------------------------
Epoch [7/15] Loss: 0.4212, Accuracy: 81.23 %
-------------------------------
-------- Validation --------
Validation Loss: 0.3861, Validation Accuracy: 83.41 %
-------- Validation finished --------
Updated best model in epoch 7 saved with Validation Accuracy: 83.41 %
-------------------------------
Epoch [8/15], Step [100/452], Loss: 0.4860, Accuracy: 78.75 %
Epoch [8/15], Step [200/452], Loss: 0.4342, Accuracy: 81.50 %
Epoch [8/15], Step [300/452], Loss: 0.4256, Accuracy: 81.50 %
Epoch [8/15], Step [400/452], Loss: 0.4347, Accuracy: 80.81 %
-------------------------------
Epoch [8/15] Loss: 0.4267, Accuracy: 80.84 %
-------------------------------
-------- Validation --------
Validation Loss: 0.3784, Validation Accuracy: 82.96 %
-------- Validation finished --------
Epoch [9/15], Step [100/452], Loss: 0.3880, Accuracy: 83.00 %
Epoch [9/15], Step [200/452], Loss: 0.3868, Accuracy: 83.50 %
Epoch [9/15], Step [300/452], Loss: 0.4062, Accuracy: 82.00 %
Epoch [9/15], Step [400/452], Loss: 0.4021, Accuracy: 82.19 %
-------------------------------
Epoch [9/15] Loss: 0.4060, Accuracy: 82.00 %
-------------------------------
-------- Validation --------
Validation Loss: 0.3807, Validation Accuracy: 83.85 %
-------- Validation finished --------
Updated best model in epoch 9 saved with Validation Accuracy: 83.85 %
-------------------------------
Epoch [10/15], Step [100/452], Loss: 0.3953, Accuracy: 81.50 %
Epoch [10/15], Step [200/452], Loss: 0.4050, Accuracy: 81.50 %
Epoch [10/15], Step [300/452], Loss: 0.4172, Accuracy: 81.33 %
Epoch [10/15], Step [400/452], Loss: 0.4064, Accuracy: 82.06 %
-------------------------------
Epoch [10/15] Loss: 0.4079, Accuracy: 82.17 %
-------------------------------
-------- Validation --------
Validation Loss: 0.3748, Validation Accuracy: 83.63 %
-------- Validation finished --------
Epoch [11/15], Step [100/452], Loss: 0.4106, Accuracy: 79.50 %
Epoch [11/15], Step [200/452], Loss: 0.3973, Accuracy: 81.50 %
Epoch [11/15], Step [300/452], Loss: 0.3899, Accuracy: 82.08 %
Epoch [11/15], Step [400/452], Loss: 0.4048, Accuracy: 81.12 %
-------------------------------
Epoch [11/15] Loss: 0.4097, Accuracy: 81.06 %
-------------------------------
-------- Validation --------
Validation Loss: 0.3724, Validation Accuracy: 82.74 %
-------- Validation finished --------
Epoch [12/15], Step [100/452], Loss: 0.4081, Accuracy: 81.75 %
Epoch [12/15], Step [200/452], Loss: 0.4096, Accuracy: 82.00 %
Epoch [12/15], Step [300/452], Loss: 0.4030, Accuracy: 81.50 %
Epoch [12/15], Step [400/452], Loss: 0.4062, Accuracy: 81.38 %
-------------------------------
Epoch [12/15] Loss: 0.4025, Accuracy: 81.62 %
-------------------------------
-------- Validation --------
Validation Loss: 0.3711, Validation Accuracy: 81.86 %
-------- Validation finished --------
Epoch [13/15], Step [100/452], Loss: 0.4697, Accuracy: 80.00 %
Epoch [13/15], Step [200/452], Loss: 0.4133, Accuracy: 83.12 %
Epoch [13/15], Step [300/452], Loss: 0.4152, Accuracy: 82.08 %
Epoch [13/15], Step [400/452], Loss: 0.4035, Accuracy: 82.94 %
-------------------------------
Epoch [13/15] Loss: 0.4013, Accuracy: 83.00 %
-------------------------------
-------- Validation --------
Validation Loss: 0.3714, Validation Accuracy: 82.52 %
-------- Validation finished --------
Epoch [14/15], Step [100/452], Loss: 0.3914, Accuracy: 85.00 %
Epoch [14/15], Step [200/452], Loss: 0.4128, Accuracy: 82.25 %
Epoch [14/15], Step [300/452], Loss: 0.3983, Accuracy: 84.00 %
Epoch [14/15], Step [400/452], Loss: 0.3944, Accuracy: 83.50 %
-------------------------------
Epoch [14/15] Loss: 0.3972, Accuracy: 83.22 %
-------------------------------
-------- Validation --------
Validation Loss: 0.3711, Validation Accuracy: 82.52 %
-------- Validation finished --------
Epoch [15/15], Step [100/452], Loss: 0.3885, Accuracy: 83.75 %
Epoch [15/15], Step [200/452], Loss: 0.4052, Accuracy: 82.38 %
Epoch [15/15], Step [300/452], Loss: 0.4015, Accuracy: 82.50 %
Epoch [15/15], Step [400/452], Loss: 0.3948, Accuracy: 82.56 %
-------------------------------
Epoch [15/15] Loss: 0.3989, Accuracy: 82.28 %
-------------------------------
-------- Validation --------
Validation Loss: 0.3709, Validation Accuracy: 82.52 %
-------- Validation finished --------
Best model in epoch 9 saved with Validation Accuracy: 83.85 %
-------- Training finished --------

Test flag enabled. Testing the model

-------- Loading best model from model_path --------
Loaded model bert-tiny from date 01-02-2024 10:33. Trained with Centralised Machine Learning technology.
Epoch 9, lr: 9e-05, optimizer: AdamW
Train accuracy: 82.00 %, Validation accuracy: 83.85 %
-------- Best model loaded --------

-------- Creating Test Dataloader --------
Test Loader: 564 total sentences. 71 batches of size 8.
-------- Test Dataloader created --------

-------- Testing --------
Nº of test samples: 564
Accuracy: 83.87%
Precision: 83.84%
Recall: 83.80%
F1 Score: 83.82%
-------- Testing finished --------
