Current configuration:
{
    "concurrency_flag": false,
    "data_distribution": "iid",
    "dataset": "mixed_depression",
    "device": "cuda",
    "dp_delta": 0.003,
    "dp_epsilon": 10,
    "eval_batch_size": 4,
    "eval_flag": true,
    "eval_size": 0.2,
    "fed_alg": "fedavg",
    "layers": 3,
    "learning_rate": 0.006,
    "max_length": 512,
    "ml_mode": "fl",
    "model": "bert_small",
    "model_name": "fl_10_mixed_depression",
    "models_path": "/local/vpaloma/fabric-federated-learning/ablation_study/phase-3/1-ml_mode-dataset-dp/mixed_depression",
    "mu": 0.5,
    "num_clients": 5,
    "num_epochs": 3,
    "num_rounds": 4,
    "optimizer": "AdamW",
    "progress_bar_flag": false,
    "save_model": true,
    "scheduler": "linear",
    "scheduler_warmup_steps": 0,
    "seed": 0,
    "test_flag": true,
    "train_batch_size": 4,
    "train_size": 0.8
}
-------- Configuration loaded --------

-------- Setting device --------
cuda device selected and available.
-------- Device set --------

-------- Setting seed --------
-------- Seed set --------

-------- Creating Model --------
-------- Model created --------

-------- Setting Trainable Layers --------
Training the last 3 layers.

Total parameters count: 28764674
Trainable parameters count: 3416066
-------- Trainable Layers set --------

-------- Creating Tokenizer --------
-------- Tokenizer created --------

-------- Creating Train and Eval Dataloaders --------
Train Loader: 1806 total sentences. 452 batches of size 4.
Eval Loader: 452 total sentences. 113 batches of size 4.
-------- Train and Eval Dataloaders created --------

-------- Training --------
Training with Federated Learning technology.
Training with differential privacy.
Federated averaging algorithm selected.
Client 0: Label 0: 176, Label 1: 185
Client 1: Label 0: 172, Label 1: 189
Client 2: Label 0: 164, Label 1: 197
Client 3: Label 0: 172, Label 1: 189
Client 4: Label 0: 179, Label 1: 183

Round 1 of 4
-------------------------------
max_grad_norm:  1.5
Predictions - 1s: 28, 0s: 333
True Labels - 1s: 185, 0s: 176
Client 1 of 5: Local Epoch [1/3] Loss: 0.9291, Accuracy: 53.19 %, Epsilon: 9.99, Delta: 0.0030
Predictions - 1s: 235, 0s: 126
True Labels - 1s: 185, 0s: 176
Client 1 of 5: Local Epoch [2/3] Loss: 0.7113, Accuracy: 62.88 %, Epsilon: 13.45, Delta: 0.0030
Predictions - 1s: 138, 0s: 223
True Labels - 1s: 185, 0s: 176
Client 1 of 5: Local Epoch [3/3] Loss: 0.6548, Accuracy: 68.70 %, Epsilon: 16.29, Delta: 0.0030
max_grad_norm:  1.5
Predictions - 1s: 185, 0s: 176
True Labels - 1s: 189, 0s: 172
Client 2 of 5: Local Epoch [1/3] Loss: 0.9432, Accuracy: 55.12 %, Epsilon: 9.99, Delta: 0.0030
Predictions - 1s: 214, 0s: 147
True Labels - 1s: 189, 0s: 172
Client 2 of 5: Local Epoch [2/3] Loss: 0.7842, Accuracy: 62.05 %, Epsilon: 13.45, Delta: 0.0030
Predictions - 1s: 241, 0s: 120
True Labels - 1s: 189, 0s: 172
Client 2 of 5: Local Epoch [3/3] Loss: 0.6788, Accuracy: 66.20 %, Epsilon: 16.29, Delta: 0.0030
max_grad_norm:  1.5
Predictions - 1s: 146, 0s: 215
True Labels - 1s: 197, 0s: 164
Client 3 of 5: Local Epoch [1/3] Loss: 0.7597, Accuracy: 56.51 %, Epsilon: 9.99, Delta: 0.0030
Predictions - 1s: 283, 0s: 78
True Labels - 1s: 197, 0s: 164
Client 3 of 5: Local Epoch [2/3] Loss: 0.9111, Accuracy: 56.79 %, Epsilon: 13.45, Delta: 0.0030
Predictions - 1s: 335, 0s: 26
True Labels - 1s: 197, 0s: 164
Client 3 of 5: Local Epoch [3/3] Loss: 0.9768, Accuracy: 57.34 %, Epsilon: 16.29, Delta: 0.0030
max_grad_norm:  1.5
Predictions - 1s: 234, 0s: 127
True Labels - 1s: 189, 0s: 172
Client 4 of 5: Local Epoch [1/3] Loss: 0.9288, Accuracy: 54.85 %, Epsilon: 9.99, Delta: 0.0030
Predictions - 1s: 273, 0s: 88
True Labels - 1s: 189, 0s: 172
Client 4 of 5: Local Epoch [2/3] Loss: 0.7233, Accuracy: 61.22 %, Epsilon: 13.45, Delta: 0.0030
Predictions - 1s: 237, 0s: 124
True Labels - 1s: 189, 0s: 172
Client 4 of 5: Local Epoch [3/3] Loss: 0.6110, Accuracy: 68.42 %, Epsilon: 16.29, Delta: 0.0030
max_grad_norm:  1.5
Predictions - 1s: 125, 0s: 237
True Labels - 1s: 183, 0s: 179
Client 5 of 5: Local Epoch [1/3] Loss: 0.7664, Accuracy: 58.01 %, Epsilon: 9.99, Delta: 0.0030
Predictions - 1s: 49, 0s: 313
True Labels - 1s: 183, 0s: 179
Client 5 of 5: Local Epoch [2/3] Loss: 1.0130, Accuracy: 58.56 %, Epsilon: 13.45, Delta: 0.0030
Predictions - 1s: 196, 0s: 166
True Labels - 1s: 183, 0s: 179
Client 5 of 5: Local Epoch [3/3] Loss: 0.6729, Accuracy: 67.13 %, Epsilon: 16.29, Delta: 0.0030
-------------------------------
Round [1/4] Average Local Loss: 0.7188, Average Local Accuracy: 65.56 %
-------------------------------
-------- Validation --------
Predictions - 1s: 259, 0s: 193
True Labels - 1s: 242, 0s: 210
Round [1/4] Global Model Validation Loss: 0.5574, Validation Accuracy: 73.67 %
-------- Validation finished --------
Updated best model in round 1 saved with Validation Loss: 0.5574 and Validation Accuracy: 73.67 %
-------------------------------

Round 2 of 4
-------------------------------
max_grad_norm:  1.5
Predictions - 1s: 236, 0s: 125
True Labels - 1s: 185, 0s: 176
Client 1 of 5: Local Epoch [1/3] Loss: 0.9146, Accuracy: 59.83 %, Epsilon: 9.99, Delta: 0.0030
Predictions - 1s: 73, 0s: 288
True Labels - 1s: 185, 0s: 176
Client 1 of 5: Local Epoch [2/3] Loss: 0.9040, Accuracy: 62.33 %, Epsilon: 13.45, Delta: 0.0030
Predictions - 1s: 151, 0s: 210
True Labels - 1s: 185, 0s: 176
Client 1 of 5: Local Epoch [3/3] Loss: 0.7088, Accuracy: 65.65 %, Epsilon: 16.29, Delta: 0.0030
max_grad_norm:  1.5
Predictions - 1s: 284, 0s: 77
True Labels - 1s: 189, 0s: 172
Client 2 of 5: Local Epoch [1/3] Loss: 0.8851, Accuracy: 59.83 %, Epsilon: 9.99, Delta: 0.0030
Predictions - 1s: 209, 0s: 152
True Labels - 1s: 189, 0s: 172
Client 2 of 5: Local Epoch [2/3] Loss: 0.8107, Accuracy: 59.56 %, Epsilon: 13.45, Delta: 0.0030
Predictions - 1s: 73, 0s: 288
True Labels - 1s: 189, 0s: 172
Client 2 of 5: Local Epoch [3/3] Loss: 0.8824, Accuracy: 59.56 %, Epsilon: 16.29, Delta: 0.0030
max_grad_norm:  1.5
Predictions - 1s: 351, 0s: 10
True Labels - 1s: 197, 0s: 164
Client 3 of 5: Local Epoch [1/3] Loss: 1.1549, Accuracy: 55.68 %, Epsilon: 9.99, Delta: 0.0030
Predictions - 1s: 321, 0s: 40
True Labels - 1s: 197, 0s: 164
Client 3 of 5: Local Epoch [2/3] Loss: 1.0217, Accuracy: 56.23 %, Epsilon: 13.45, Delta: 0.0030
Predictions - 1s: 342, 0s: 19
True Labels - 1s: 197, 0s: 164
Client 3 of 5: Local Epoch [3/3] Loss: 1.0609, Accuracy: 58.73 %, Epsilon: 16.29, Delta: 0.0030
max_grad_norm:  1.5
Predictions - 1s: 302, 0s: 59
True Labels - 1s: 189, 0s: 172
Client 4 of 5: Local Epoch [1/3] Loss: 0.7653, Accuracy: 60.39 %, Epsilon: 9.99, Delta: 0.0030
Predictions - 1s: 284, 0s: 77
True Labels - 1s: 189, 0s: 172
Client 4 of 5: Local Epoch [2/3] Loss: 0.7732, Accuracy: 63.16 %, Epsilon: 13.45, Delta: 0.0030
Predictions - 1s: 203, 0s: 158
True Labels - 1s: 189, 0s: 172
Client 4 of 5: Local Epoch [3/3] Loss: 0.6576, Accuracy: 67.87 %, Epsilon: 16.29, Delta: 0.0030
max_grad_norm:  1.5
Predictions - 1s: 72, 0s: 290
True Labels - 1s: 183, 0s: 179
Client 5 of 5: Local Epoch [1/3] Loss: 0.8253, Accuracy: 56.08 %, Epsilon: 9.99, Delta: 0.0030
Predictions - 1s: 39, 0s: 323
True Labels - 1s: 183, 0s: 179
Client 5 of 5: Local Epoch [2/3] Loss: 0.9694, Accuracy: 54.70 %, Epsilon: 13.45, Delta: 0.0030
Predictions - 1s: 81, 0s: 281
True Labels - 1s: 183, 0s: 179
Client 5 of 5: Local Epoch [3/3] Loss: 0.9153, Accuracy: 59.67 %, Epsilon: 16.29, Delta: 0.0030
-------------------------------
Round [2/4] Average Local Loss: 0.8450, Average Local Accuracy: 62.29 %
-------------------------------
-------- Validation --------
Predictions - 1s: 210, 0s: 242
True Labels - 1s: 242, 0s: 210
Round [2/4] Global Model Validation Loss: 0.5386, Validation Accuracy: 72.57 %
-------- Validation finished --------
Updated best model in round 2 saved with Validation Loss: 0.5386 and Validation Accuracy: 72.57 %
-------------------------------

Round 3 of 4
-------------------------------
max_grad_norm:  1.5
Predictions - 1s: 239, 0s: 122
True Labels - 1s: 185, 0s: 176
Client 1 of 5: Local Epoch [1/3] Loss: 1.1422, Accuracy: 52.91 %, Epsilon: 9.99, Delta: 0.0030
Predictions - 1s: 152, 0s: 209
True Labels - 1s: 185, 0s: 176
Client 1 of 5: Local Epoch [2/3] Loss: 0.8304, Accuracy: 59.83 %, Epsilon: 13.45, Delta: 0.0030
Predictions - 1s: 160, 0s: 201
True Labels - 1s: 185, 0s: 176
Client 1 of 5: Local Epoch [3/3] Loss: 0.7494, Accuracy: 62.60 %, Epsilon: 16.29, Delta: 0.0030
max_grad_norm:  1.5
Predictions - 1s: 301, 0s: 60
True Labels - 1s: 189, 0s: 172
Client 2 of 5: Local Epoch [1/3] Loss: 1.0534, Accuracy: 60.66 %, Epsilon: 9.99, Delta: 0.0030
Predictions - 1s: 302, 0s: 59
True Labels - 1s: 189, 0s: 172
Client 2 of 5: Local Epoch [2/3] Loss: 1.0517, Accuracy: 61.50 %, Epsilon: 13.45, Delta: 0.0030
Predictions - 1s: 259, 0s: 102
True Labels - 1s: 189, 0s: 172
Client 2 of 5: Local Epoch [3/3] Loss: 0.7553, Accuracy: 65.10 %, Epsilon: 16.29, Delta: 0.0030
max_grad_norm:  1.5
Predictions - 1s: 327, 0s: 34
True Labels - 1s: 197, 0s: 164
Client 3 of 5: Local Epoch [1/3] Loss: 0.9544, Accuracy: 59.00 %, Epsilon: 9.99, Delta: 0.0030
Predictions - 1s: 286, 0s: 75
True Labels - 1s: 197, 0s: 164
Client 3 of 5: Local Epoch [2/3] Loss: 0.8529, Accuracy: 64.82 %, Epsilon: 13.45, Delta: 0.0030
Predictions - 1s: 203, 0s: 158
True Labels - 1s: 197, 0s: 164
Client 3 of 5: Local Epoch [3/3] Loss: 0.8088, Accuracy: 63.43 %, Epsilon: 16.29, Delta: 0.0030
max_grad_norm:  1.5
Predictions - 1s: 314, 0s: 47
True Labels - 1s: 189, 0s: 172
Client 4 of 5: Local Epoch [1/3] Loss: 1.0423, Accuracy: 57.06 %, Epsilon: 9.99, Delta: 0.0030
Predictions - 1s: 222, 0s: 139
True Labels - 1s: 189, 0s: 172
Client 4 of 5: Local Epoch [2/3] Loss: 0.7395, Accuracy: 62.05 %, Epsilon: 13.45, Delta: 0.0030
Predictions - 1s: 239, 0s: 122
True Labels - 1s: 189, 0s: 172
Client 4 of 5: Local Epoch [3/3] Loss: 0.6593, Accuracy: 68.42 %, Epsilon: 16.29, Delta: 0.0030
max_grad_norm:  1.5
Predictions - 1s: 207, 0s: 155
True Labels - 1s: 183, 0s: 179
Client 5 of 5: Local Epoch [1/3] Loss: 0.6852, Accuracy: 62.98 %, Epsilon: 9.99, Delta: 0.0030
Predictions - 1s: 89, 0s: 273
True Labels - 1s: 183, 0s: 179
Client 5 of 5: Local Epoch [2/3] Loss: 0.9171, Accuracy: 60.22 %, Epsilon: 13.45, Delta: 0.0030
Predictions - 1s: 181, 0s: 181
True Labels - 1s: 183, 0s: 179
Client 5 of 5: Local Epoch [3/3] Loss: 0.7273, Accuracy: 64.64 %, Epsilon: 16.29, Delta: 0.0030
-------------------------------
Round [3/4] Average Local Loss: 0.7400, Average Local Accuracy: 64.84 %
-------------------------------
-------- Validation --------
Predictions - 1s: 399, 0s: 53
True Labels - 1s: 242, 0s: 210
Round [3/4] Global Model Validation Loss: 0.7654, Validation Accuracy: 63.05 %
-------- Validation finished --------

Round 4 of 4
-------------------------------
max_grad_norm:  1.5
Predictions - 1s: 250, 0s: 111
True Labels - 1s: 185, 0s: 176
Client 1 of 5: Local Epoch [1/3] Loss: 0.8319, Accuracy: 61.50 %, Epsilon: 9.99, Delta: 0.0030
Predictions - 1s: 178, 0s: 183
True Labels - 1s: 185, 0s: 176
Client 1 of 5: Local Epoch [2/3] Loss: 0.9936, Accuracy: 59.28 %, Epsilon: 13.45, Delta: 0.0030
Predictions - 1s: 112, 0s: 249
True Labels - 1s: 185, 0s: 176
Client 1 of 5: Local Epoch [3/3] Loss: 0.9106, Accuracy: 64.82 %, Epsilon: 16.29, Delta: 0.0030
max_grad_norm:  1.5
Predictions - 1s: 232, 0s: 129
True Labels - 1s: 189, 0s: 172
Client 2 of 5: Local Epoch [1/3] Loss: 0.9271, Accuracy: 60.39 %, Epsilon: 9.99, Delta: 0.0030
Predictions - 1s: 311, 0s: 50
True Labels - 1s: 189, 0s: 172
Client 2 of 5: Local Epoch [2/3] Loss: 1.0978, Accuracy: 58.45 %, Epsilon: 13.45, Delta: 0.0030
Predictions - 1s: 231, 0s: 130
True Labels - 1s: 189, 0s: 172
Client 2 of 5: Local Epoch [3/3] Loss: 0.7206, Accuracy: 67.31 %, Epsilon: 16.29, Delta: 0.0030
max_grad_norm:  1.5
Predictions - 1s: 284, 0s: 77
True Labels - 1s: 197, 0s: 164
Client 3 of 5: Local Epoch [1/3] Loss: 1.0235, Accuracy: 59.83 %, Epsilon: 9.99, Delta: 0.0030
Predictions - 1s: 329, 0s: 32
True Labels - 1s: 197, 0s: 164
Client 3 of 5: Local Epoch [2/3] Loss: 1.2340, Accuracy: 60.11 %, Epsilon: 13.45, Delta: 0.0030
Predictions - 1s: 276, 0s: 85
True Labels - 1s: 197, 0s: 164
Client 3 of 5: Local Epoch [3/3] Loss: 0.8338, Accuracy: 65.93 %, Epsilon: 16.29, Delta: 0.0030
max_grad_norm:  1.5
Predictions - 1s: 222, 0s: 139
True Labels - 1s: 189, 0s: 172
Client 4 of 5: Local Epoch [1/3] Loss: 0.8859, Accuracy: 62.05 %, Epsilon: 9.99, Delta: 0.0030
Predictions - 1s: 220, 0s: 141
True Labels - 1s: 189, 0s: 172
Client 4 of 5: Local Epoch [2/3] Loss: 0.8293, Accuracy: 64.82 %, Epsilon: 13.45, Delta: 0.0030
Predictions - 1s: 196, 0s: 165
True Labels - 1s: 189, 0s: 172
Client 4 of 5: Local Epoch [3/3] Loss: 0.7105, Accuracy: 67.04 %, Epsilon: 16.29, Delta: 0.0030
max_grad_norm:  1.5
Predictions - 1s: 209, 0s: 153
True Labels - 1s: 183, 0s: 179
Client 5 of 5: Local Epoch [1/3] Loss: 1.0991, Accuracy: 55.80 %, Epsilon: 9.99, Delta: 0.0030
Predictions - 1s: 278, 0s: 84
True Labels - 1s: 183, 0s: 179
Client 5 of 5: Local Epoch [2/3] Loss: 0.9854, Accuracy: 58.84 %, Epsilon: 13.45, Delta: 0.0030
Predictions - 1s: 240, 0s: 122
True Labels - 1s: 183, 0s: 179
Client 5 of 5: Local Epoch [3/3] Loss: 0.8136, Accuracy: 63.81 %, Epsilon: 16.29, Delta: 0.0030
-------------------------------
Round [4/4] Average Local Loss: 0.7978, Average Local Accuracy: 65.78 %
-------------------------------
-------- Validation --------
Predictions - 1s: 268, 0s: 184
True Labels - 1s: 242, 0s: 210
Round [4/4] Global Model Validation Loss: 0.5546, Validation Accuracy: 77.43 %
-------- Validation finished --------
Best model in round 2 saved with Validation Loss: 0.5386 and Validation Accuracy: 72.57 %

-------- Training finished in 11:54 --------

Test flag enabled. Testing the model

-------- Loading best model from model_path --------
Loaded model bert-small from date 09-04-2024 11:17. Trained with Federated Learning technology.
Round 2, lr: 0.006, optimizer: AdamW
Average train accuracy: 62.29 %, Validation accuracy: 72.57 %
-------- Best model loaded --------

-------- Creating Test Dataloader --------
Test Loader: 564 total sentences. 71 batches of size 8.
-------- Test Dataloader created --------

-------- Testing --------
Predictions - 1s: 232, 0s: 332
True Labels - 1s: 296, 0s: 268
Nº of test samples: 564
Accuracy: 74.82%
Accuracy 2 : 74.82%
Precision: 76.08%
Recall: 75.33%
F1 Score: 74.72%
Classification report:
              precision    recall  f1-score   support

           0     0.6898    0.8545    0.7633       268
           1     0.8319    0.6520    0.7311       296

    accuracy                         0.7482       564
   macro avg     0.7608    0.7533    0.7472       564
weighted avg     0.7644    0.7482    0.7464       564

-------- Testing finished --------
