Current configuration:
{
    "concurrency_flag": false,
    "data_distribution": "iid",
    "dataset": "twitter_dep",
    "device": "cuda:1",
    "dp_delta": 0.003,
    "dp_epsilon": 0.5,
    "eval_batch_size": 4,
    "eval_flag": true,
    "eval_size": 0.2,
    "fed_alg": "fedavg",
    "layers": 3,
    "learning_rate": 0.06,
    "max_length": 512,
    "ml_mode": "fl",
    "model": "bert_small",
    "model_name": "fl_0.5_c3_twitter_dep",
    "models_path": "/local/vpaloma/fabric-federated-learning/ablation_study/phase-3/1-ml_mode-dataset-dp/twitter_dep",
    "mu": 0.5,
    "num_clients": 3,
    "num_epochs": 3,
    "num_rounds": 4,
    "optimizer": "AdamW",
    "progress_bar_flag": false,
    "save_model": true,
    "scheduler": "linear",
    "scheduler_warmup_steps": 0,
    "seed": 0,
    "test_flag": true,
    "train_batch_size": 4,
    "train_size": 0.8
}
-------- Configuration loaded --------

-------- Setting device --------
cuda:1 device selected and available.
-------- Device set --------

-------- Setting seed --------
-------- Seed set --------

-------- Creating Model --------
-------- Model created --------

-------- Setting Trainable Layers --------
Training the last 3 layers.

Total parameters count: 28764674
Trainable parameters count: 3416066
-------- Trainable Layers set --------

-------- Creating Tokenizer --------
-------- Tokenizer created --------

-------- Creating Train and Eval Dataloaders --------
Train Loader: 1982 total sentences. 496 batches of size 4.
Eval Loader: 496 total sentences. 124 batches of size 4.
-------- Train and Eval Dataloaders created --------

-------- Training --------
Training with Federated Learning technology.
Training with differential privacy.
Federated averaging algorithm selected.
Client 0: Label 0: 465, Label 1: 195
Client 1: Label 0: 477, Label 1: 183
Client 2: Label 0: 488, Label 1: 174

Round 1 of 4
-------------------------------
max_grad_norm:  1.5
Predictions - 1s: 194, 0s: 466
True Labels - 1s: 195, 0s: 465
Client 1 of 3: Local Epoch [1/3] Loss: 5.0057, Accuracy: 55.00 %, Epsilon: 0.49, Delta: 0.0030
Predictions - 1s: 188, 0s: 472
True Labels - 1s: 195, 0s: 465
Client 1 of 3: Local Epoch [2/3] Loss: 6.5798, Accuracy: 58.64 %, Epsilon: 0.71, Delta: 0.0030
Predictions - 1s: 223, 0s: 437
True Labels - 1s: 195, 0s: 465
Client 1 of 3: Local Epoch [3/3] Loss: 5.9401, Accuracy: 55.45 %, Epsilon: 0.88, Delta: 0.0030
max_grad_norm:  1.5
Predictions - 1s: 124, 0s: 536
True Labels - 1s: 183, 0s: 477
Client 2 of 3: Local Epoch [1/3] Loss: 4.4919, Accuracy: 65.00 %, Epsilon: 0.49, Delta: 0.0030
Predictions - 1s: 153, 0s: 507
True Labels - 1s: 183, 0s: 477
Client 2 of 3: Local Epoch [2/3] Loss: 5.6479, Accuracy: 61.82 %, Epsilon: 0.71, Delta: 0.0030
Predictions - 1s: 146, 0s: 514
True Labels - 1s: 183, 0s: 477
Client 2 of 3: Local Epoch [3/3] Loss: 4.8803, Accuracy: 63.79 %, Epsilon: 0.88, Delta: 0.0030
max_grad_norm:  1.5
Predictions - 1s: 108, 0s: 554
True Labels - 1s: 174, 0s: 488
Client 3 of 3: Local Epoch [1/3] Loss: 4.4325, Accuracy: 64.95 %, Epsilon: 0.50, Delta: 0.0030
Predictions - 1s: 181, 0s: 481
True Labels - 1s: 174, 0s: 488
Client 3 of 3: Local Epoch [2/3] Loss: 4.9363, Accuracy: 62.99 %, Epsilon: 0.72, Delta: 0.0030
Predictions - 1s: 100, 0s: 562
True Labels - 1s: 174, 0s: 488
Client 3 of 3: Local Epoch [3/3] Loss: 6.2298, Accuracy: 64.65 %, Epsilon: 0.88, Delta: 0.0030
-------------------------------
Round [1/4] Average Local Loss: 5.6834, Average Local Accuracy: 61.30 %
-------------------------------
-------- Validation --------
Predictions - 1s: 71, 0s: 425
True Labels - 1s: 122, 0s: 374
Round [1/4] Global Model Validation Loss: 3.0887, Validation Accuracy: 67.94 %
-------- Validation finished --------
Updated best model in round 1 saved with Validation Loss: 3.0887 and Validation Accuracy: 67.94 %
-------------------------------

Round 2 of 4
-------------------------------
max_grad_norm:  1.5
Predictions - 1s: 178, 0s: 482
True Labels - 1s: 195, 0s: 465
Client 1 of 3: Local Epoch [1/3] Loss: 5.8528, Accuracy: 59.55 %, Epsilon: 0.49, Delta: 0.0030
Predictions - 1s: 141, 0s: 519
True Labels - 1s: 195, 0s: 465
Client 1 of 3: Local Epoch [2/3] Loss: 7.2291, Accuracy: 63.94 %, Epsilon: 0.71, Delta: 0.0030
Predictions - 1s: 193, 0s: 467
True Labels - 1s: 195, 0s: 465
Client 1 of 3: Local Epoch [3/3] Loss: 8.5738, Accuracy: 55.76 %, Epsilon: 0.88, Delta: 0.0030
max_grad_norm:  1.5
Predictions - 1s: 161, 0s: 499
True Labels - 1s: 183, 0s: 477
Client 2 of 3: Local Epoch [1/3] Loss: 5.7405, Accuracy: 58.18 %, Epsilon: 0.49, Delta: 0.0030
Predictions - 1s: 209, 0s: 451
True Labels - 1s: 183, 0s: 477
Client 2 of 3: Local Epoch [2/3] Loss: 5.8772, Accuracy: 57.27 %, Epsilon: 0.71, Delta: 0.0030
Predictions - 1s: 112, 0s: 548
True Labels - 1s: 183, 0s: 477
Client 2 of 3: Local Epoch [3/3] Loss: 5.8817, Accuracy: 65.91 %, Epsilon: 0.88, Delta: 0.0030
max_grad_norm:  1.5
Predictions - 1s: 142, 0s: 520
True Labels - 1s: 174, 0s: 488
Client 3 of 3: Local Epoch [1/3] Loss: 5.9345, Accuracy: 62.84 %, Epsilon: 0.50, Delta: 0.0030
Predictions - 1s: 158, 0s: 504
True Labels - 1s: 174, 0s: 488
Client 3 of 3: Local Epoch [2/3] Loss: 5.6212, Accuracy: 63.75 %, Epsilon: 0.72, Delta: 0.0030
Predictions - 1s: 90, 0s: 572
True Labels - 1s: 174, 0s: 488
Client 3 of 3: Local Epoch [3/3] Loss: 5.9483, Accuracy: 66.47 %, Epsilon: 0.88, Delta: 0.0030
-------------------------------
Round [2/4] Average Local Loss: 6.8013, Average Local Accuracy: 62.71 %
-------------------------------
-------- Validation --------
Predictions - 1s: 18, 0s: 478
True Labels - 1s: 122, 0s: 374
Round [2/4] Global Model Validation Loss: 4.9431, Validation Accuracy: 71.77 %
-------- Validation finished --------

Round 3 of 4
-------------------------------
max_grad_norm:  1.5
Predictions - 1s: 142, 0s: 518
True Labels - 1s: 195, 0s: 465
Client 1 of 3: Local Epoch [1/3] Loss: 5.9161, Accuracy: 62.88 %, Epsilon: 0.49, Delta: 0.0030
Predictions - 1s: 124, 0s: 536
True Labels - 1s: 195, 0s: 465
Client 1 of 3: Local Epoch [2/3] Loss: 6.2583, Accuracy: 63.18 %, Epsilon: 0.71, Delta: 0.0030
Predictions - 1s: 210, 0s: 450
True Labels - 1s: 195, 0s: 465
Client 1 of 3: Local Epoch [3/3] Loss: 6.7192, Accuracy: 60.15 %, Epsilon: 0.88, Delta: 0.0030
max_grad_norm:  1.5
Predictions - 1s: 186, 0s: 474
True Labels - 1s: 183, 0s: 477
Client 2 of 3: Local Epoch [1/3] Loss: 5.8741, Accuracy: 59.85 %, Epsilon: 0.49, Delta: 0.0030
Predictions - 1s: 155, 0s: 505
True Labels - 1s: 183, 0s: 477
Client 2 of 3: Local Epoch [2/3] Loss: 6.0620, Accuracy: 63.33 %, Epsilon: 0.71, Delta: 0.0030
Predictions - 1s: 116, 0s: 544
True Labels - 1s: 183, 0s: 477
Client 2 of 3: Local Epoch [3/3] Loss: 7.0057, Accuracy: 64.39 %, Epsilon: 0.88, Delta: 0.0030
max_grad_norm:  1.5
Predictions - 1s: 233, 0s: 429
True Labels - 1s: 174, 0s: 488
Client 3 of 3: Local Epoch [1/3] Loss: 6.4900, Accuracy: 60.57 %, Epsilon: 0.50, Delta: 0.0030
Predictions - 1s: 117, 0s: 545
True Labels - 1s: 174, 0s: 488
Client 3 of 3: Local Epoch [2/3] Loss: 6.7299, Accuracy: 65.71 %, Epsilon: 0.72, Delta: 0.0030
Predictions - 1s: 122, 0s: 540
True Labels - 1s: 174, 0s: 488
Client 3 of 3: Local Epoch [3/3] Loss: 6.4070, Accuracy: 63.44 %, Epsilon: 0.88, Delta: 0.0030
-------------------------------
Round [3/4] Average Local Loss: 6.7107, Average Local Accuracy: 62.66 %
-------------------------------
-------- Validation --------
Predictions - 1s: 121, 0s: 375
True Labels - 1s: 122, 0s: 374
Round [3/4] Global Model Validation Loss: 4.3980, Validation Accuracy: 65.12 %
-------- Validation finished --------

Round 4 of 4
-------------------------------
max_grad_norm:  1.5
Predictions - 1s: 214, 0s: 446
True Labels - 1s: 195, 0s: 465
Client 1 of 3: Local Epoch [1/3] Loss: 6.7035, Accuracy: 56.82 %, Epsilon: 0.49, Delta: 0.0030
Predictions - 1s: 113, 0s: 547
True Labels - 1s: 195, 0s: 465
Client 1 of 3: Local Epoch [2/3] Loss: 7.4602, Accuracy: 62.73 %, Epsilon: 0.71, Delta: 0.0030
Predictions - 1s: 173, 0s: 487
True Labels - 1s: 195, 0s: 465
Client 1 of 3: Local Epoch [3/3] Loss: 6.6198, Accuracy: 61.21 %, Epsilon: 0.88, Delta: 0.0030
max_grad_norm:  1.5
Predictions - 1s: 205, 0s: 455
True Labels - 1s: 183, 0s: 477
Client 2 of 3: Local Epoch [1/3] Loss: 7.2993, Accuracy: 58.18 %, Epsilon: 0.49, Delta: 0.0030
Predictions - 1s: 158, 0s: 502
True Labels - 1s: 183, 0s: 477
Client 2 of 3: Local Epoch [2/3] Loss: 8.1334, Accuracy: 60.15 %, Epsilon: 0.71, Delta: 0.0030
Predictions - 1s: 146, 0s: 514
True Labels - 1s: 183, 0s: 477
Client 2 of 3: Local Epoch [3/3] Loss: 7.3640, Accuracy: 62.27 %, Epsilon: 0.88, Delta: 0.0030
max_grad_norm:  1.5
Predictions - 1s: 166, 0s: 496
True Labels - 1s: 174, 0s: 488
Client 3 of 3: Local Epoch [1/3] Loss: 5.5551, Accuracy: 62.24 %, Epsilon: 0.50, Delta: 0.0030
Predictions - 1s: 204, 0s: 458
True Labels - 1s: 174, 0s: 488
Client 3 of 3: Local Epoch [2/3] Loss: 6.9149, Accuracy: 61.63 %, Epsilon: 0.72, Delta: 0.0030
Predictions - 1s: 227, 0s: 435
True Labels - 1s: 174, 0s: 488
Client 3 of 3: Local Epoch [3/3] Loss: 7.3932, Accuracy: 55.74 %, Epsilon: 0.88, Delta: 0.0030
-------------------------------
Round [4/4] Average Local Loss: 7.1257, Average Local Accuracy: 59.74 %
-------------------------------
-------- Validation --------
Predictions - 1s: 324, 0s: 172
True Labels - 1s: 122, 0s: 374
Round [4/4] Global Model Validation Loss: 6.9229, Validation Accuracy: 42.74 %
-------- Validation finished --------
Best model in round 1 saved with Validation Loss: 3.0887 and Validation Accuracy: 67.94 %

-------- Training finished in 5:41 --------

Test flag enabled. Testing the model

-------- Loading best model from model_path --------
Loaded model bert-small from date 10-04-2024 08:28. Trained with Federated Learning technology.
Round 1, lr: 0.06, optimizer: AdamW
Average train accuracy: 61.30 %, Validation accuracy: 67.94 %
-------- Best model loaded --------

-------- Creating Test Dataloader --------
Test Loader: 618 total sentences. 78 batches of size 8.
-------- Test Dataloader created --------

-------- Testing --------
Predictions - 1s: 89, 0s: 529
True Labels - 1s: 168, 0s: 450
Nº of test samples: 618
Accuracy: 67.15%
Accuracy 2 : 67.15%
Precision: 51.84%
Recall: 51.15%
F1 Score: 50.14%
Classification report:
              precision    recall  f1-score   support

           0     0.7335    0.8622    0.7926       450
           1     0.3034    0.1607    0.2101       168

    accuracy                         0.6715       618
   macro avg     0.5184    0.5115    0.5014       618
weighted avg     0.6165    0.6715    0.6343       618

-------- Testing finished --------
