Current configuration:
{
    "concurrency_flag": true,
    "data_distribution": "iid",
    "dataset": "dreaddit",
    "device": "cuda",
    "dp_delta": 0.003,
    "dp_epsilon": 0.0,
    "eval_batch_size": 4,
    "eval_flag": true,
    "eval_size": 0.2,
    "fed_alg": "fedavg",
    "layers": 3,
    "learning_rate": 6e-05,
    "max_length": 512,
    "ml_mode": "bcfl",
    "model": "bert_medium",
    "model_name": "bcfl_medium_seed10_dreaddit",
    "models_path": "/local/vpaloma/fabric-federated-learning/ablation_study/phase-4/final/accs-times/dreaddit/",
    "mu": 0.5,
    "num_clients": 5,
    "num_epochs": 3,
    "num_rounds": 4,
    "optimizer": "AdamW",
    "progress_bar_flag": false,
    "save_model": true,
    "scheduler": "linear",
    "scheduler_warmup_steps": 0,
    "seed": "random",
    "test_flag": true,
    "train_batch_size": 4,
    "train_size": 0.8
}
-------- Configuration loaded --------

-------- Setting device --------
cuda device selected and available.
-------- Device set --------

-------- Setting seed --------
seed set:  728656
-------- Seed set --------

-------- Creating Model --------
-------- Model created --------

-------- Setting Trainable Layers --------
Training the last 3 layers.

Total parameters count: 41374210
Trainable parameters count: 3416066
-------- Trainable Layers set --------

-------- Creating Tokenizer --------
-------- Tokenizer created --------

-------- Creating Train and Eval Dataloaders --------
Train Loader: 2270 total sentences. 568 batches of size 4.
Eval Loader: 568 total sentences. 142 batches of size 4.
-------- Train and Eval Dataloaders created --------

-------- Training --------
Training with Blockchain-Based Federated Learning technology.
Training without differential privacy.
Federated averaging algorithm selected.
Client 0: Label 0: 209, Label 1: 245
Client 1: Label 0: 210, Label 1: 244
Client 2: Label 0: 232, Label 1: 222
Client 3: Label 0: 194, Label 1: 260
Client 4: Label 0: 215, Label 1: 239

Round 1 of 4
-------------------------------
Predictions - 1s: 301, 0s: 153
True Labels - 1s: 245, 0s: 209
Client 1 of 5: Local Epoch [1/3] Loss: 0.6342, Accuracy: 65.20 %
Predictions - 1s: 247, 0s: 207
True Labels - 1s: 239, 0s: 215
Client 5 of 5: Local Epoch [1/3] Loss: 0.5841, Accuracy: 70.48 %
Predictions - 1s: 219, 0s: 235
True Labels - 1s: 222, 0s: 232
Client 3 of 5: Local Epoch [1/3] Loss: 0.5953, Accuracy: 70.70 %
Predictions - 1s: 298, 0s: 156
True Labels - 1s: 260, 0s: 194
Client 4 of 5: Local Epoch [1/3] Loss: 0.5979, Accuracy: 67.40 %
Predictions - 1s: 281, 0s: 173
True Labels - 1s: 244, 0s: 210
Client 2 of 5: Local Epoch [1/3] Loss: 0.6077, Accuracy: 66.30 %
Predictions - 1s: 236, 0s: 218
True Labels - 1s: 245, 0s: 209
Client 1 of 5: Local Epoch [2/3] Loss: 0.4996, Accuracy: 75.99 %
Predictions - 1s: 254, 0s: 200
True Labels - 1s: 239, 0s: 215
Client 5 of 5: Local Epoch [2/3] Loss: 0.4373, Accuracy: 79.96 %
Predictions - 1s: 224, 0s: 230
True Labels - 1s: 222, 0s: 232
Client 3 of 5: Local Epoch [2/3] Loss: 0.4718, Accuracy: 77.53 %
Predictions - 1s: 285, 0s: 169
True Labels - 1s: 260, 0s: 194
Client 4 of 5: Local Epoch [2/3] Loss: 0.4630, Accuracy: 79.52 %
Predictions - 1s: 262, 0s: 192
True Labels - 1s: 244, 0s: 210
Client 2 of 5: Local Epoch [2/3] Loss: 0.4746, Accuracy: 76.21 %
Predictions - 1s: 258, 0s: 196
True Labels - 1s: 245, 0s: 209
Client 1 of 5: Local Epoch [3/3] Loss: 0.4484, Accuracy: 80.40 %
Predictions - 1s: 255, 0s: 199
True Labels - 1s: 239, 0s: 215
Client 5 of 5: Local Epoch [3/3] Loss: 0.3933, Accuracy: 84.14 %
Predictions - 1s: 224, 0s: 230
True Labels - 1s: 222, 0s: 232
Client 3 of 5: Local Epoch [3/3] Loss: 0.4102, Accuracy: 81.50 %
Predictions - 1s: 261, 0s: 193
True Labels - 1s: 244, 0s: 210
Client 2 of 5: Local Epoch [3/3] Loss: 0.4381, Accuracy: 79.52 %
Predictions - 1s: 284, 0s: 170
True Labels - 1s: 260, 0s: 194
Client 4 of 5: Local Epoch [3/3] Loss: 0.3952, Accuracy: 82.82 %
-------------------------------
Round [1/4] Average Local Loss: 0.4170, Average Local Accuracy: 81.67 %
-------------------------------
-------- Validation --------
Predictions - 1s: 320, 0s: 248
True Labels - 1s: 278, 0s: 290
Round [1/4] Global Model Validation Loss: 0.4743, Validation Accuracy: 76.76 %
-------- Validation finished --------
Updated best model in round 1 saved with Validation Loss: 0.4743 and Validation Accuracy: 76.76 %
-------------------------------

Round 2 of 4
-------------------------------
Predictions - 1s: 226, 0s: 228
True Labels - 1s: 222, 0s: 232
Client 3 of 5: Local Epoch [1/3] Loss: 0.4726, Accuracy: 77.09 %
Predictions - 1s: 255, 0s: 199
True Labels - 1s: 239, 0s: 215
Client 5 of 5: Local Epoch [1/3] Loss: 0.4694, Accuracy: 78.41 %
Predictions - 1s: 237, 0s: 217
True Labels - 1s: 245, 0s: 209
Client 1 of 5: Local Epoch [1/3] Loss: 0.5281, Accuracy: 74.01 %
Predictions - 1s: 279, 0s: 175
True Labels - 1s: 260, 0s: 194
Client 4 of 5: Local Epoch [1/3] Loss: 0.4751, Accuracy: 78.63 %
Predictions - 1s: 253, 0s: 201
True Labels - 1s: 244, 0s: 210
Client 2 of 5: Local Epoch [1/3] Loss: 0.4939, Accuracy: 75.99 %
Predictions - 1s: 232, 0s: 222
True Labels - 1s: 222, 0s: 232
Client 3 of 5: Local Epoch [2/3] Loss: 0.3939, Accuracy: 82.38 %
Predictions - 1s: 259, 0s: 195
True Labels - 1s: 239, 0s: 215
Client 5 of 5: Local Epoch [2/3] Loss: 0.4203, Accuracy: 78.41 %
Predictions - 1s: 272, 0s: 182
True Labels - 1s: 260, 0s: 194
Client 4 of 5: Local Epoch [2/3] Loss: 0.3870, Accuracy: 83.26 %
Predictions - 1s: 249, 0s: 205
True Labels - 1s: 245, 0s: 209
Client 1 of 5: Local Epoch [2/3] Loss: 0.4490, Accuracy: 79.30 %
Predictions - 1s: 251, 0s: 203
True Labels - 1s: 244, 0s: 210
Client 2 of 5: Local Epoch [2/3] Loss: 0.4180, Accuracy: 79.96 %
Predictions - 1s: 236, 0s: 218
True Labels - 1s: 222, 0s: 232
Client 3 of 5: Local Epoch [3/3] Loss: 0.3614, Accuracy: 84.14 %
Predictions - 1s: 246, 0s: 208
True Labels - 1s: 239, 0s: 215
Client 5 of 5: Local Epoch [3/3] Loss: 0.3630, Accuracy: 83.48 %
Predictions - 1s: 272, 0s: 182
True Labels - 1s: 260, 0s: 194
Client 4 of 5: Local Epoch [3/3] Loss: 0.3519, Accuracy: 86.34 %
Predictions - 1s: 267, 0s: 187
True Labels - 1s: 244, 0s: 210
Client 2 of 5: Local Epoch [3/3] Loss: 0.3833, Accuracy: 82.16 %
Predictions - 1s: 250, 0s: 204
True Labels - 1s: 245, 0s: 209
Client 1 of 5: Local Epoch [3/3] Loss: 0.4042, Accuracy: 81.28 %
-------------------------------
Round [2/4] Average Local Loss: 0.3728, Average Local Accuracy: 83.48 %
-------------------------------
-------- Validation --------
Predictions - 1s: 340, 0s: 228
True Labels - 1s: 278, 0s: 290
Round [2/4] Global Model Validation Loss: 0.4748, Validation Accuracy: 78.17 %
-------- Validation finished --------

Round 3 of 4
-------------------------------
Predictions - 1s: 224, 0s: 230
True Labels - 1s: 222, 0s: 232
Client 3 of 5: Local Epoch [1/3] Loss: 0.4156, Accuracy: 81.50 %
Predictions - 1s: 250, 0s: 204
True Labels - 1s: 239, 0s: 215
Client 5 of 5: Local Epoch [1/3] Loss: 0.4328, Accuracy: 78.63 %
Predictions - 1s: 265, 0s: 189
True Labels - 1s: 260, 0s: 194
Predictions - 1s: 233, 0s: 221
Client 4 of 5: Local Epoch [1/3] Loss: 0.4196, Accuracy: 79.96 %
True Labels - 1s: 245, 0s: 209
Client 1 of 5: Local Epoch [1/3] Loss: 0.4551, Accuracy: 79.74 %
Predictions - 1s: 261, 0s: 193
True Labels - 1s: 244, 0s: 210
Client 2 of 5: Local Epoch [1/3] Loss: 0.4649, Accuracy: 76.43 %
Predictions - 1s: 255, 0s: 199
True Labels - 1s: 244, 0s: 210
Client 2 of 5: Local Epoch [2/3] Loss: 0.4041, Accuracy: 79.07 %
Predictions - 1s: 224, 0s: 230
True Labels - 1s: 222, 0s: 232
Client 3 of 5: Local Epoch [2/3] Loss: 0.3779, Accuracy: 83.70 %
Predictions - 1s: 275, 0s: 179
True Labels - 1s: 260, 0s: 194
Client 4 of 5: Local Epoch [2/3] Loss: 0.3638, Accuracy: 84.80 %
Predictions - 1s: 254, 0s: 200
True Labels - 1s: 239, 0s: 215
Client 5 of 5: Local Epoch [2/3] Loss: 0.3622, Accuracy: 85.24 %
Predictions - 1s: 254, 0s: 200
True Labels - 1s: 245, 0s: 209
Client 1 of 5: Local Epoch [2/3] Loss: 0.4076, Accuracy: 82.16 %
Predictions - 1s: 257, 0s: 197
True Labels - 1s: 244, 0s: 210
Client 2 of 5: Local Epoch [3/3] Loss: 0.3619, Accuracy: 84.36 %
Predictions - 1s: 277, 0s: 177
True Labels - 1s: 260, 0s: 194
Client 4 of 5: Local Epoch [3/3] Loss: 0.3198, Accuracy: 87.00 %
Predictions - 1s: 245, 0s: 209
True Labels - 1s: 245, 0s: 209
Client 1 of 5: Local Epoch [3/3] Loss: 0.3753, Accuracy: 83.26 %
Predictions - 1s: 245, 0s: 209
True Labels - 1s: 239, 0s: 215
Client 5 of 5: Local Epoch [3/3] Loss: 0.3191, Accuracy: 85.02 %
Predictions - 1s: 225, 0s: 229
True Labels - 1s: 222, 0s: 232
Client 3 of 5: Local Epoch [3/3] Loss: 0.3266, Accuracy: 87.00 %
-------------------------------
Round [3/4] Average Local Loss: 0.3405, Average Local Accuracy: 85.33 %
-------------------------------
-------- Validation --------
Predictions - 1s: 335, 0s: 233
True Labels - 1s: 278, 0s: 290
Round [3/4] Global Model Validation Loss: 0.4649, Validation Accuracy: 78.35 %
-------- Validation finished --------
Updated best model in round 3 saved with Validation Loss: 0.4649 and Validation Accuracy: 78.35 %
-------------------------------

Round 4 of 4
-------------------------------
Predictions - 1s: 277, 0s: 177
True Labels - 1s: 260, 0s: 194
Client 4 of 5: Local Epoch [1/3] Loss: 0.3971, Accuracy: 83.04 %
Predictions - 1s: 246, 0s: 208
True Labels - 1s: 239, 0s: 215
Client 5 of 5: Local Epoch [1/3] Loss: 0.4018, Accuracy: 80.84 %
Predictions - 1s: 255, 0s: 199
True Labels - 1s: 244, 0s: 210
Client 2 of 5: Local Epoch [1/3] Loss: 0.4628, Accuracy: 77.75 %
Predictions - 1s: 253, 0s: 201
True Labels - 1s: 245, 0s: 209
Client 1 of 5: Local Epoch [1/3] Loss: 0.4516, Accuracy: 77.97 %
Predictions - 1s: 219, 0s: 235
True Labels - 1s: 222, 0s: 232
Client 3 of 5: Local Epoch [1/3] Loss: 0.4476, Accuracy: 79.96 %
Predictions - 1s: 216, 0s: 238
True Labels - 1s: 222, 0s: 232
Client 3 of 5: Local Epoch [2/3] Loss: 0.3364, Accuracy: 85.46 %
Predictions - 1s: 257, 0s: 197
True Labels - 1s: 244, 0s: 210
Client 2 of 5: Local Epoch [2/3] Loss: 0.3737, Accuracy: 83.48 %
Predictions - 1s: 252, 0s: 202
True Labels - 1s: 245, 0s: 209
Client 1 of 5: Local Epoch [2/3] Loss: 0.3840, Accuracy: 81.72 %
Predictions - 1s: 252, 0s: 202
Predictions - 1s: 272, 0s: 182
True Labels - 1s: 239, 0s: 215
True Labels - 1s: 260, 0s: 194
Client 4 of 5: Local Epoch [2/3] Loss: 0.3393, Accuracy: 86.78 %
Client 5 of 5: Local Epoch [2/3] Loss: 0.3328, Accuracy: 86.12 %
Predictions - 1s: 230, 0s: 224
True Labels - 1s: 222, 0s: 232
Client 3 of 5: Local Epoch [3/3] Loss: 0.2876, Accuracy: 87.22 %
Predictions - 1s: 256, 0s: 198
True Labels - 1s: 244, 0s: 210
Client 2 of 5: Local Epoch [3/3] Loss: 0.3188, Accuracy: 84.58 %
Predictions - 1s: 241, 0s: 213
True Labels - 1s: 245, 0s: 209
Client 1 of 5: Local Epoch [3/3] Loss: 0.3258, Accuracy: 85.02 %
Predictions - 1s: 275, 0s: 179
True Labels - 1s: 260, 0s: 194
Client 4 of 5: Local Epoch [3/3] Loss: 0.2783, Accuracy: 87.89 %
Predictions - 1s: 251, 0s: 203
True Labels - 1s: 239, 0s: 215
Client 5 of 5: Local Epoch [3/3] Loss: 0.2884, Accuracy: 88.55 %
-------------------------------
Round [4/4] Average Local Loss: 0.2998, Average Local Accuracy: 86.65 %
-------------------------------
-------- Validation --------
Predictions - 1s: 336, 0s: 232
True Labels - 1s: 278, 0s: 290
Round [4/4] Global Model Validation Loss: 0.4724, Validation Accuracy: 78.52 %
-------- Validation finished --------
Best model in round 3 saved with Validation Loss: 0.4649 and Validation Accuracy: 78.35 %

-------- Training finished in 6:48 --------

Test flag enabled. Testing the model

-------- Loading best model from model_path --------
Loaded model bert-medium from date 19-04-2024 21:19. Trained with Federated Learning technology.
Round 3, lr: 6e-05, optimizer: AdamW
Average train accuracy: 85.33 %, Validation accuracy: 78.35 %
-------- Best model loaded --------

-------- Creating Test Dataloader --------
Test Loader: 715 total sentences. 90 batches of size 8.
-------- Test Dataloader created --------

-------- Testing --------
Predictions - 1s: 440, 0s: 275
True Labels - 1s: 369, 0s: 346
Nº of test samples: 715
Accuracy: 75.24%
Accuracy 2 : 75.24%
Precision: 76.27%
Recall: 74.90%
F1 Score: 74.81%
Classification report:
              precision    recall  f1-score   support

           0     0.8073    0.6416    0.7150       346
           1     0.7182    0.8564    0.7812       369

    accuracy                         0.7524       715
   macro avg     0.7627    0.7490    0.7481       715
weighted avg     0.7613    0.7524    0.7492       715

-------- Testing finished --------
