Current configuration:
{
    "concurrency_flag": true,
    "data_distribution": "iid",
    "dataset": "dreaddit",
    "device": "cuda",
    "dp_delta": 0.003,
    "dp_epsilon": 0.0,
    "eval_batch_size": 4,
    "eval_flag": true,
    "eval_size": 0.2,
    "fed_alg": "fedavg",
    "layers": 3,
    "learning_rate": 6e-05,
    "max_length": 512,
    "ml_mode": "bcfl",
    "model": "bert_medium",
    "model_name": "bcfl_medium_seed3_dreaddit",
    "models_path": "/local/vpaloma/fabric-federated-learning/ablation_study/phase-4/final/accs-times/dreaddit/",
    "mu": 0.5,
    "num_clients": 5,
    "num_epochs": 3,
    "num_rounds": 4,
    "optimizer": "AdamW",
    "progress_bar_flag": false,
    "save_model": true,
    "scheduler": "linear",
    "scheduler_warmup_steps": 0,
    "seed": "random",
    "test_flag": true,
    "train_batch_size": 4,
    "train_size": 0.8
}
-------- Configuration loaded --------

-------- Setting device --------
cuda device selected and available.
-------- Device set --------

-------- Setting seed --------
seed set:  200170
-------- Seed set --------

-------- Creating Model --------
-------- Model created --------

-------- Setting Trainable Layers --------
Training the last 3 layers.

Total parameters count: 41374210
Trainable parameters count: 3416066
-------- Trainable Layers set --------

-------- Creating Tokenizer --------
-------- Tokenizer created --------

-------- Creating Train and Eval Dataloaders --------
Train Loader: 2270 total sentences. 568 batches of size 4.
Eval Loader: 568 total sentences. 142 batches of size 4.
-------- Train and Eval Dataloaders created --------

-------- Training --------
Training with Blockchain-Based Federated Learning technology.
Training without differential privacy.
Federated averaging algorithm selected.
Client 0: Label 0: 212, Label 1: 242
Client 1: Label 0: 217, Label 1: 237
Client 2: Label 0: 209, Label 1: 245
Client 3: Label 0: 205, Label 1: 249
Client 4: Label 0: 233, Label 1: 221

Round 1 of 4
-------------------------------
Predictions - 1s: 223, 0s: 231
True Labels - 1s: 221, 0s: 233
Client 5 of 5: Local Epoch [1/3] Loss: 0.6253, Accuracy: 65.20 %
Predictions - 1s: 275, 0s: 179
True Labels - 1s: 237, 0s: 217
Client 2 of 5: Local Epoch [1/3] Loss: 0.5824, Accuracy: 68.72 %
Predictions - 1s: 289, 0s: 165
True Labels - 1s: 242, 0s: 212
Client 1 of 5: Local Epoch [1/3] Loss: 0.6118, Accuracy: 66.30 %
Predictions - 1s: 318, 0s: 136
True Labels - 1s: 245, 0s: 209
Client 3 of 5: Local Epoch [1/3] Loss: 0.5924, Accuracy: 68.50 %
Predictions - 1s: 329, 0s: 125
True Labels - 1s: 249, 0s: 205
Client 4 of 5: Local Epoch [1/3] Loss: 0.6005, Accuracy: 67.84 %
Predictions - 1s: 228, 0s: 226
True Labels - 1s: 221, 0s: 233
Client 5 of 5: Local Epoch [2/3] Loss: 0.4875, Accuracy: 77.31 %
Predictions - 1s: 238, 0s: 216
True Labels - 1s: 237, 0s: 217
Client 2 of 5: Local Epoch [2/3] Loss: 0.4269, Accuracy: 81.28 %
Predictions - 1s: 249, 0s: 205
True Labels - 1s: 242, 0s: 212
Client 1 of 5: Local Epoch [2/3] Loss: 0.5061, Accuracy: 76.43 %
Predictions - 1s: 258, 0s: 196
Predictions - 1s: 256, 0s: 198
True Labels - 1s: 249, 0s: 205
True Labels - 1s: 245, 0s: 209
Client 3 of 5: Local Epoch [2/3] Loss: 0.4536, Accuracy: 79.07 %
Client 4 of 5: Local Epoch [2/3] Loss: 0.4858, Accuracy: 76.43 %
Predictions - 1s: 225, 0s: 229
True Labels - 1s: 221, 0s: 233
Client 5 of 5: Local Epoch [3/3] Loss: 0.4381, Accuracy: 80.18 %
Predictions - 1s: 246, 0s: 208
True Labels - 1s: 237, 0s: 217
Client 2 of 5: Local Epoch [3/3] Loss: 0.3719, Accuracy: 83.92 %
Predictions - 1s: 255, 0s: 199
True Labels - 1s: 242, 0s: 212
Client 1 of 5: Local Epoch [3/3] Loss: 0.4438, Accuracy: 79.52 %
Predictions - 1s: 252, 0s: 202
True Labels - 1s: 245, 0s: 209
Client 3 of 5: Local Epoch [3/3] Loss: 0.3822, Accuracy: 83.92 %
Predictions - 1s: 246, 0s: 208
True Labels - 1s: 249, 0s: 205
Client 4 of 5: Local Epoch [3/3] Loss: 0.4360, Accuracy: 77.75 %
-------------------------------
Round [1/4] Average Local Loss: 0.4144, Average Local Accuracy: 81.06 %
-------------------------------
-------- Validation --------
Predictions - 1s: 346, 0s: 222
True Labels - 1s: 294, 0s: 274
Round [1/4] Global Model Validation Loss: 0.4887, Validation Accuracy: 75.35 %
-------- Validation finished --------
Updated best model in round 1 saved with Validation Loss: 0.4887 and Validation Accuracy: 75.35 %
-------------------------------

Round 2 of 4
-------------------------------
Predictions - 1s: 262, 0s: 192
True Labels - 1s: 242, 0s: 212
Client 1 of 5: Local Epoch [1/3] Loss: 0.5042, Accuracy: 73.13 %
Predictions - 1s: 247, 0s: 207
True Labels - 1s: 237, 0s: 217
Client 2 of 5: Local Epoch [1/3] Loss: 0.4502, Accuracy: 78.41 %
Predictions - 1s: 236, 0s: 218
True Labels - 1s: 221, 0s: 233
Client 5 of 5: Local Epoch [1/3] Loss: 0.4927, Accuracy: 77.75 %
Predictions - 1s: 255, 0s: 199
True Labels - 1s: 245, 0s: 209
Client 3 of 5: Local Epoch [1/3] Loss: 0.4528, Accuracy: 77.53 %
Predictions - 1s: 259, 0s: 195
True Labels - 1s: 249, 0s: 205
Client 4 of 5: Local Epoch [1/3] Loss: 0.4828, Accuracy: 76.65 %
Predictions - 1s: 247, 0s: 207
True Labels - 1s: 242, 0s: 212
Client 1 of 5: Local Epoch [2/3] Loss: 0.4318, Accuracy: 79.07 %
Predictions - 1s: 229, 0s: 225
True Labels - 1s: 221, 0s: 233
Client 5 of 5: Local Epoch [2/3] Loss: 0.4184, Accuracy: 80.62 %
Predictions - 1s: 239, 0s: 215
True Labels - 1s: 237, 0s: 217
Client 2 of 5: Local Epoch [2/3] Loss: 0.3639, Accuracy: 83.26 %
Predictions - 1s: 254, 0s: 200
True Labels - 1s: 245, 0s: 209
Client 3 of 5: Local Epoch [2/3] Loss: 0.3754, Accuracy: 83.04 %
Predictions - 1s: 263, 0s: 191
True Labels - 1s: 249, 0s: 205
Client 4 of 5: Local Epoch [2/3] Loss: 0.4174, Accuracy: 80.18 %
Predictions - 1s: 233, 0s: 221
True Labels - 1s: 242, 0s: 212
Client 1 of 5: Local Epoch [3/3] Loss: 0.3960, Accuracy: 83.48 %
Predictions - 1s: 232, 0s: 222
True Labels - 1s: 221, 0s: 233
Client 5 of 5: Local Epoch [3/3] Loss: 0.3892, Accuracy: 82.16 %
Predictions - 1s: 247, 0s: 207
True Labels - 1s: 237, 0s: 217
Client 2 of 5: Local Epoch [3/3] Loss: 0.3158, Accuracy: 86.78 %
Predictions - 1s: 250, 0s: 204
True Labels - 1s: 245, 0s: 209
Client 3 of 5: Local Epoch [3/3] Loss: 0.3269, Accuracy: 87.44 %
Predictions - 1s: 253, 0s: 201
True Labels - 1s: 249, 0s: 205
Client 4 of 5: Local Epoch [3/3] Loss: 0.3900, Accuracy: 80.62 %
-------------------------------
Round [2/4] Average Local Loss: 0.3636, Average Local Accuracy: 84.10 %
-------------------------------
-------- Validation --------
Predictions - 1s: 344, 0s: 224
True Labels - 1s: 294, 0s: 274
Round [2/4] Global Model Validation Loss: 0.4831, Validation Accuracy: 77.11 %
-------- Validation finished --------
Updated best model in round 2 saved with Validation Loss: 0.4831 and Validation Accuracy: 77.11 %
-------------------------------

Round 3 of 4
-------------------------------
Predictions - 1s: 249, 0s: 205
True Labels - 1s: 245, 0s: 209
Client 3 of 5: Local Epoch [1/3] Loss: 0.4094, Accuracy: 82.38 %
Predictions - 1s: 233, 0s: 221
True Labels - 1s: 221, 0s: 233
Client 5 of 5: Local Epoch [1/3] Loss: 0.4543, Accuracy: 77.53 %
Predictions - 1s: 253, 0s: 201
True Labels - 1s: 249, 0s: 205
Client 4 of 5: Local Epoch [1/3] Loss: 0.4635, Accuracy: 77.09 %
Predictions - 1s: 242, 0s: 212
True Labels - 1s: 237, 0s: 217
Client 2 of 5: Local Epoch [1/3] Loss: 0.3966, Accuracy: 83.48 %
Predictions - 1s: 240, 0s: 214
True Labels - 1s: 242, 0s: 212
Client 1 of 5: Local Epoch [1/3] Loss: 0.4853, Accuracy: 77.09 %
Predictions - 1s: 259, 0s: 195
True Labels - 1s: 245, 0s: 209
Client 3 of 5: Local Epoch [2/3] Loss: 0.3419, Accuracy: 86.34 %
Predictions - 1s: 231, 0s: 223
True Labels - 1s: 221, 0s: 233
Client 5 of 5: Local Epoch [2/3] Loss: 0.3840, Accuracy: 83.26 %
Predictions - 1s: 247, 0s: 207
True Labels - 1s: 249, 0s: 205
Client 4 of 5: Local Epoch [2/3] Loss: 0.3606, Accuracy: 83.70 %
Predictions - 1s: 238, 0s: 216
True Labels - 1s: 237, 0s: 217
Client 2 of 5: Local Epoch [2/3] Loss: 0.2994, Accuracy: 87.89 %
Predictions - 1s: 248, 0s: 206
True Labels - 1s: 242, 0s: 212
Client 1 of 5: Local Epoch [2/3] Loss: 0.4032, Accuracy: 82.38 %
Predictions - 1s: 250, 0s: 204
True Labels - 1s: 245, 0s: 209
Client 3 of 5: Local Epoch [3/3] Loss: 0.3138, Accuracy: 87.00 %
Predictions - 1s: 229, 0s: 225
True Labels - 1s: 221, 0s: 233
Client 5 of 5: Local Epoch [3/3] Loss: 0.3461, Accuracy: 85.46 %
Predictions - 1s: 247, 0s: 207
True Labels - 1s: 249, 0s: 205
Client 4 of 5: Local Epoch [3/3] Loss: 0.3530, Accuracy: 85.02 %
Predictions - 1s: 253, 0s: 201
True Labels - 1s: 242, 0s: 212
Client 1 of 5: Local Epoch [3/3] Loss: 0.3677, Accuracy: 83.48 %
Predictions - 1s: 242, 0s: 212
True Labels - 1s: 237, 0s: 217
Client 2 of 5: Local Epoch [3/3] Loss: 0.2731, Accuracy: 87.44 %
-------------------------------
Round [3/4] Average Local Loss: 0.3307, Average Local Accuracy: 85.68 %
-------------------------------
-------- Validation --------
Predictions - 1s: 345, 0s: 223
True Labels - 1s: 294, 0s: 274
Round [3/4] Global Model Validation Loss: 0.4860, Validation Accuracy: 76.94 %
-------- Validation finished --------

Round 4 of 4
-------------------------------
Predictions - 1s: 257, 0s: 197
True Labels - 1s: 249, 0s: 205
Client 4 of 5: Local Epoch [1/3] Loss: 0.4328, Accuracy: 79.74 %
Predictions - 1s: 231, 0s: 223
True Labels - 1s: 237, 0s: 217
Client 2 of 5: Local Epoch [1/3] Loss: 0.3872, Accuracy: 83.26 %
Predictions - 1s: 260, 0s: 194
Predictions - 1s: 233, 0s: 221
True Labels - 1s: 245, 0s: 209
Predictions - 1s: 261, 0s: 193
True Labels - 1s: 221, 0s: 233
Client 3 of 5: Local Epoch [1/3] Loss: 0.4056, Accuracy: 82.16 %
True Labels - 1s: 242, 0s: 212
Client 1 of 5: Local Epoch [1/3] Loss: 0.5002, Accuracy: 75.99 %
Client 5 of 5: Local Epoch [1/3] Loss: 0.4387, Accuracy: 79.74 %
Predictions - 1s: 255, 0s: 199
True Labels - 1s: 249, 0s: 205
Client 4 of 5: Local Epoch [2/3] Loss: 0.3559, Accuracy: 84.14 %
Predictions - 1s: 238, 0s: 216
True Labels - 1s: 237, 0s: 217
Client 2 of 5: Local Epoch [2/3] Loss: 0.3005, Accuracy: 87.00 %
Predictions - 1s: 220, 0s: 234
True Labels - 1s: 221, 0s: 233
Client 5 of 5: Local Epoch [2/3] Loss: 0.3502, Accuracy: 85.68 %
Predictions - 1s: 243, 0s: 211
True Labels - 1s: 242, 0s: 212
Client 1 of 5: Local Epoch [2/3] Loss: 0.4060, Accuracy: 81.72 %
Predictions - 1s: 253, 0s: 201
True Labels - 1s: 245, 0s: 209
Client 3 of 5: Local Epoch [2/3] Loss: 0.3195, Accuracy: 85.90 %
Predictions - 1s: 246, 0s: 208
True Labels - 1s: 237, 0s: 217
Client 2 of 5: Local Epoch [3/3] Loss: 0.2575, Accuracy: 89.21 %
Predictions - 1s: 265, 0s: 189
True Labels - 1s: 249, 0s: 205
Client 4 of 5: Local Epoch [3/3] Loss: 0.3174, Accuracy: 87.22 %
Predictions - 1s: 220, 0s: 234
True Labels - 1s: 221, 0s: 233
Client 5 of 5: Local Epoch [3/3] Loss: 0.3007, Accuracy: 87.44 %
Predictions - 1s: 252, 0s: 202
True Labels - 1s: 242, 0s: 212
Client 1 of 5: Local Epoch [3/3] Loss: 0.3505, Accuracy: 86.34 %
Predictions - 1s: 237, 0s: 217
True Labels - 1s: 245, 0s: 209
Client 3 of 5: Local Epoch [3/3] Loss: 0.2635, Accuracy: 88.99 %
-------------------------------
Round [4/4] Average Local Loss: 0.2979, Average Local Accuracy: 87.84 %
-------------------------------
-------- Validation --------
Predictions - 1s: 345, 0s: 223
True Labels - 1s: 294, 0s: 274
Round [4/4] Global Model Validation Loss: 0.4831, Validation Accuracy: 76.94 %
-------- Validation finished --------
Best model in round 2 saved with Validation Loss: 0.4831 and Validation Accuracy: 77.11 %

-------- Training finished in 6:47 --------

Test flag enabled. Testing the model

-------- Loading best model from model_path --------
Loaded model bert-medium from date 19-04-2024 22:12. Trained with Federated Learning technology.
Round 2, lr: 6e-05, optimizer: AdamW
Average train accuracy: 84.10 %, Validation accuracy: 77.11 %
-------- Best model loaded --------

-------- Creating Test Dataloader --------
Test Loader: 715 total sentences. 90 batches of size 8.
-------- Test Dataloader created --------

-------- Testing --------
Predictions - 1s: 441, 0s: 274
True Labels - 1s: 369, 0s: 346
Nº of test samples: 715
Accuracy: 73.99%
Accuracy 2 : 73.99%
Precision: 74.97%
Recall: 73.63%
F1 Score: 73.52%
Classification report:
              precision    recall  f1-score   support

           0     0.7920    0.6272    0.7000       346
           1     0.7075    0.8455    0.7704       369

    accuracy                         0.7399       715
   macro avg     0.7497    0.7363    0.7352       715
weighted avg     0.7484    0.7399    0.7363       715

-------- Testing finished --------
