Current configuration:
{
    "concurrency_flag": true,
    "data_distribution": "iid",
    "dataset": "dreaddit",
    "device": "cuda",
    "dp_delta": 0.003,
    "dp_epsilon": 0.0,
    "eval_batch_size": 4,
    "eval_flag": true,
    "eval_size": 0.2,
    "fed_alg": "fedavg",
    "layers": 3,
    "learning_rate": 6e-05,
    "max_length": 512,
    "ml_mode": "bcfl",
    "model": "bert_medium",
    "model_name": "bcfl_medium_seed7_dreaddit",
    "models_path": "/local/vpaloma/fabric-federated-learning/ablation_study/phase-4/final/accs-times/dreaddit/",
    "mu": 0.5,
    "num_clients": 5,
    "num_epochs": 3,
    "num_rounds": 4,
    "optimizer": "AdamW",
    "progress_bar_flag": false,
    "save_model": true,
    "scheduler": "linear",
    "scheduler_warmup_steps": 0,
    "seed": "random",
    "test_flag": true,
    "train_batch_size": 4,
    "train_size": 0.8
}
-------- Configuration loaded --------

-------- Setting device --------
cuda device selected and available.
-------- Device set --------

-------- Setting seed --------
seed set:  207581
-------- Seed set --------

-------- Creating Model --------
-------- Model created --------

-------- Setting Trainable Layers --------
Training the last 3 layers.

Total parameters count: 41374210
Trainable parameters count: 3416066
-------- Trainable Layers set --------

-------- Creating Tokenizer --------
-------- Tokenizer created --------

-------- Creating Train and Eval Dataloaders --------
Train Loader: 2270 total sentences. 568 batches of size 4.
Eval Loader: 568 total sentences. 142 batches of size 4.
-------- Train and Eval Dataloaders created --------

-------- Training --------
Training with Blockchain-Based Federated Learning technology.
Training without differential privacy.
Federated averaging algorithm selected.
Client 0: Label 0: 196, Label 1: 258
Client 1: Label 0: 206, Label 1: 248
Client 2: Label 0: 228, Label 1: 226
Client 3: Label 0: 225, Label 1: 229
Client 4: Label 0: 223, Label 1: 231

Round 1 of 4
-------------------------------
Predictions - 1s: 284, 0s: 170
True Labels - 1s: 229, 0s: 225
Client 4 of 5: Local Epoch [1/3] Loss: 0.6011, Accuracy: 70.70 %
Predictions - 1s: 314, 0s: 140
True Labels - 1s: 248, 0s: 206
Client 2 of 5: Local Epoch [1/3] Loss: 0.6090, Accuracy: 69.16 %
Predictions - 1s: 266, 0s: 188
True Labels - 1s: 231, 0s: 223
Client 5 of 5: Local Epoch [1/3] Loss: 0.6053, Accuracy: 68.50 %
Predictions - 1s: 353, 0s: 101
True Labels - 1s: 258, 0s: 196
Client 1 of 5: Local Epoch [1/3] Loss: 0.6153, Accuracy: 65.86 %
Predictions - 1s: 237, 0s: 217
True Labels - 1s: 226, 0s: 228
Client 3 of 5: Local Epoch [1/3] Loss: 0.6054, Accuracy: 64.54 %
Predictions - 1s: 214, 0s: 240
True Labels - 1s: 229, 0s: 225
Client 4 of 5: Local Epoch [2/3] Loss: 0.4658, Accuracy: 79.96 %
Predictions - 1s: 270, 0s: 184
True Labels - 1s: 248, 0s: 206
Client 2 of 5: Local Epoch [2/3] Loss: 0.4685, Accuracy: 77.09 %
Predictions - 1s: 245, 0s: 209
True Labels - 1s: 231, 0s: 223
Client 5 of 5: Local Epoch [2/3] Loss: 0.4618, Accuracy: 77.53 %
Predictions - 1s: 224, 0s: 230
True Labels - 1s: 226, 0s: 228
Client 3 of 5: Local Epoch [2/3] Loss: 0.4659, Accuracy: 77.97 %
Predictions - 1s: 267, 0s: 187
True Labels - 1s: 258, 0s: 196
Client 1 of 5: Local Epoch [2/3] Loss: 0.4923, Accuracy: 75.55 %
Predictions - 1s: 243, 0s: 211
True Labels - 1s: 229, 0s: 225
Client 4 of 5: Local Epoch [3/3] Loss: 0.4157, Accuracy: 83.26 %
Predictions - 1s: 275, 0s: 179
True Labels - 1s: 248, 0s: 206
Client 2 of 5: Local Epoch [3/3] Loss: 0.4127, Accuracy: 81.28 %
Predictions - 1s: 237, 0s: 217
True Labels - 1s: 231, 0s: 223
Client 5 of 5: Local Epoch [3/3] Loss: 0.3997, Accuracy: 83.26 %
Predictions - 1s: 226, 0s: 228
True Labels - 1s: 226, 0s: 228
Client 3 of 5: Local Epoch [3/3] Loss: 0.4250, Accuracy: 83.26 %
Predictions - 1s: 264, 0s: 190
True Labels - 1s: 258, 0s: 196
Client 1 of 5: Local Epoch [3/3] Loss: 0.4294, Accuracy: 81.06 %
-------------------------------
Round [1/4] Average Local Loss: 0.4165, Average Local Accuracy: 82.42 %
-------------------------------
-------- Validation --------
Predictions - 1s: 333, 0s: 235
True Labels - 1s: 296, 0s: 272
Round [1/4] Global Model Validation Loss: 0.4512, Validation Accuracy: 78.70 %
-------- Validation finished --------
Updated best model in round 1 saved with Validation Loss: 0.4512 and Validation Accuracy: 78.70 %
-------------------------------

Round 2 of 4
-------------------------------
Predictions - 1s: 222, 0s: 232
True Labels - 1s: 226, 0s: 228
Client 3 of 5: Local Epoch [1/3] Loss: 0.4804, Accuracy: 77.09 %
Predictions - 1s: 236, 0s: 218
True Labels - 1s: 231, 0s: 223
Client 5 of 5: Local Epoch [1/3] Loss: 0.4642, Accuracy: 75.99 %
Predictions - 1s: 227, 0s: 227
True Labels - 1s: 229, 0s: 225
Client 4 of 5: Local Epoch [1/3] Loss: 0.4767, Accuracy: 79.30 %
Predictions - 1s: 257, 0s: 197
True Labels - 1s: 248, 0s: 206
Client 2 of 5: Local Epoch [1/3] Loss: 0.4786, Accuracy: 75.55 %
Predictions - 1s: 272, 0s: 182
True Labels - 1s: 258, 0s: 196
Client 1 of 5: Local Epoch [1/3] Loss: 0.4970, Accuracy: 75.77 %
Predictions - 1s: 227, 0s: 227
True Labels - 1s: 226, 0s: 228
Client 3 of 5: Local Epoch [2/3] Loss: 0.4232, Accuracy: 79.52 %
Predictions - 1s: 241, 0s: 213
True Labels - 1s: 231, 0s: 223
Client 5 of 5: Local Epoch [2/3] Loss: 0.4044, Accuracy: 82.38 %
Predictions - 1s: 231, 0s: 223
True Labels - 1s: 229, 0s: 225
Client 4 of 5: Local Epoch [2/3] Loss: 0.3972, Accuracy: 81.94 %
Predictions - 1s: 266, 0s: 188
True Labels - 1s: 258, 0s: 196
Client 1 of 5: Local Epoch [2/3] Loss: 0.4315, Accuracy: 78.41 %
Predictions - 1s: 260, 0s: 194
True Labels - 1s: 248, 0s: 206
Client 2 of 5: Local Epoch [2/3] Loss: 0.4214, Accuracy: 78.85 %
Predictions - 1s: 238, 0s: 216
True Labels - 1s: 226, 0s: 228
Client 3 of 5: Local Epoch [3/3] Loss: 0.3583, Accuracy: 85.02 %
Predictions - 1s: 244, 0s: 210
True Labels - 1s: 231, 0s: 223
Client 5 of 5: Local Epoch [3/3] Loss: 0.3727, Accuracy: 83.92 %
Predictions - 1s: 220, 0s: 234
True Labels - 1s: 229, 0s: 225
Client 4 of 5: Local Epoch [3/3] Loss: 0.3704, Accuracy: 82.60 %
Predictions - 1s: 257, 0s: 197
True Labels - 1s: 258, 0s: 196
Client 1 of 5: Local Epoch [3/3] Loss: 0.3845, Accuracy: 81.72 %
Predictions - 1s: 239, 0s: 215
True Labels - 1s: 248, 0s: 206
Client 2 of 5: Local Epoch [3/3] Loss: 0.3714, Accuracy: 83.48 %
-------------------------------
Round [2/4] Average Local Loss: 0.3715, Average Local Accuracy: 83.35 %
-------------------------------
-------- Validation --------
Predictions - 1s: 334, 0s: 234
True Labels - 1s: 296, 0s: 272
Round [2/4] Global Model Validation Loss: 0.4325, Validation Accuracy: 80.28 %
-------- Validation finished --------
Updated best model in round 2 saved with Validation Loss: 0.4325 and Validation Accuracy: 80.28 %
-------------------------------

Round 3 of 4
-------------------------------
Predictions - 1s: 232, 0s: 222
True Labels - 1s: 229, 0s: 225
Client 4 of 5: Local Epoch [1/3] Loss: 0.4367, Accuracy: 80.40 %
Predictions - 1s: 257, 0s: 197
True Labels - 1s: 248, 0s: 206
Client 2 of 5: Local Epoch [1/3] Loss: 0.4527, Accuracy: 77.75 %
Predictions - 1s: 263, 0s: 191
Predictions - 1s: 228, 0s: 226
True Labels - 1s: 258, 0s: 196
Client 1 of 5: Local Epoch [1/3] Loss: 0.4666, Accuracy: 76.43 %
True Labels - 1s: 226, 0s: 228
Client 3 of 5: Local Epoch [1/3] Loss: 0.4318, Accuracy: 77.97 %
Predictions - 1s: 237, 0s: 217
True Labels - 1s: 231, 0s: 223
Client 5 of 5: Local Epoch [1/3] Loss: 0.4421, Accuracy: 79.74 %
Predictions - 1s: 228, 0s: 226
True Labels - 1s: 229, 0s: 225
Client 4 of 5: Local Epoch [2/3] Loss: 0.3742, Accuracy: 84.80 %
Predictions - 1s: 257, 0s: 197
True Labels - 1s: 248, 0s: 206
Client 2 of 5: Local Epoch [2/3] Loss: 0.3765, Accuracy: 82.60 %
Predictions - 1s: 257, 0s: 197
True Labels - 1s: 258, 0s: 196
Client 1 of 5: Local Epoch [2/3] Loss: 0.3977, Accuracy: 83.04 %
Predictions - 1s: 242, 0s: 212
True Labels - 1s: 231, 0s: 223
Client 5 of 5: Local Epoch [2/3] Loss: 0.3559, Accuracy: 83.92 %
Predictions - 1s: 223, 0s: 231
True Labels - 1s: 226, 0s: 228
Client 3 of 5: Local Epoch [2/3] Loss: 0.3764, Accuracy: 81.28 %
Predictions - 1s: 227, 0s: 227
True Labels - 1s: 229, 0s: 225
Client 4 of 5: Local Epoch [3/3] Loss: 0.3324, Accuracy: 87.67 %
Predictions - 1s: 262, 0s: 192
True Labels - 1s: 248, 0s: 206
Client 2 of 5: Local Epoch [3/3] Loss: 0.3380, Accuracy: 85.90 %
Predictions - 1s: 270, 0s: 184
True Labels - 1s: 258, 0s: 196
Client 1 of 5: Local Epoch [3/3] Loss: 0.3562, Accuracy: 83.70 %
Predictions - 1s: 243, 0s: 211
True Labels - 1s: 231, 0s: 223
Client 5 of 5: Local Epoch [3/3] Loss: 0.3149, Accuracy: 87.22 %
Predictions - 1s: 239, 0s: 215
True Labels - 1s: 226, 0s: 228
Client 3 of 5: Local Epoch [3/3] Loss: 0.3228, Accuracy: 87.00 %
-------------------------------
Round [3/4] Average Local Loss: 0.3329, Average Local Accuracy: 86.30 %
-------------------------------
-------- Validation --------
Predictions - 1s: 341, 0s: 227
True Labels - 1s: 296, 0s: 272
Round [3/4] Global Model Validation Loss: 0.4315, Validation Accuracy: 80.81 %
-------- Validation finished --------
Updated best model in round 3 saved with Validation Loss: 0.4315 and Validation Accuracy: 80.81 %
-------------------------------

Round 4 of 4
-------------------------------
Predictions - 1s: 258, 0s: 196
True Labels - 1s: 258, 0s: 196
Client 1 of 5: Local Epoch [1/3] Loss: 0.4400, Accuracy: 79.30 %
Predictions - 1s: 236, 0s: 218
True Labels - 1s: 231, 0s: 223
Client 5 of 5: Local Epoch [1/3] Loss: 0.4210, Accuracy: 81.28 %
Predictions - 1s: 230, 0s: 224
True Labels - 1s: 226, 0s: 228
Client 3 of 5: Local Epoch [1/3] Loss: 0.4273, Accuracy: 80.62 %
Predictions - 1s: 255, 0s: 199
True Labels - 1s: 248, 0s: 206
Client 2 of 5: Local Epoch [1/3] Loss: 0.4154, Accuracy: 80.84 %
Predictions - 1s: 234, 0s: 220
True Labels - 1s: 229, 0s: 225
Client 4 of 5: Local Epoch [1/3] Loss: 0.4160, Accuracy: 81.28 %
Predictions - 1s: 264, 0s: 190
True Labels - 1s: 258, 0s: 196
Client 1 of 5: Local Epoch [2/3] Loss: 0.3802, Accuracy: 84.14 %
Predictions - 1s: 223, 0s: 231
True Labels - 1s: 229, 0s: 225
Client 4 of 5: Local Epoch [2/3] Loss: 0.3270, Accuracy: 85.90 %
Predictions - 1s: 234, 0s: 220
True Labels - 1s: 226, 0s: 228
Client 3 of 5: Local Epoch [2/3] Loss: 0.3521, Accuracy: 85.46 %
Predictions - 1s: 258, 0s: 196
True Labels - 1s: 248, 0s: 206
Client 2 of 5: Local Epoch [2/3] Loss: 0.3363, Accuracy: 83.70 %
Predictions - 1s: 235, 0s: 219
True Labels - 1s: 231, 0s: 223
Client 5 of 5: Local Epoch [2/3] Loss: 0.3515, Accuracy: 84.14 %
Predictions - 1s: 259, 0s: 195
True Labels - 1s: 258, 0s: 196
Client 1 of 5: Local Epoch [3/3] Loss: 0.3150, Accuracy: 85.68 %
Predictions - 1s: 228, 0s: 226
True Labels - 1s: 229, 0s: 225
Client 4 of 5: Local Epoch [3/3] Loss: 0.2898, Accuracy: 86.56 %
Predictions - 1s: 232, 0s: 222
True Labels - 1s: 226, 0s: 228
Client 3 of 5: Local Epoch [3/3] Loss: 0.2947, Accuracy: 88.11 %
Predictions - 1s: 253, 0s: 201
True Labels - 1s: 248, 0s: 206
Client 2 of 5: Local Epoch [3/3] Loss: 0.2708, Accuracy: 89.21 %
Predictions - 1s: 244, 0s: 210
True Labels - 1s: 231, 0s: 223
Client 5 of 5: Local Epoch [3/3] Loss: 0.3054, Accuracy: 87.44 %
-------------------------------
Round [4/4] Average Local Loss: 0.2952, Average Local Accuracy: 87.40 %
-------------------------------
-------- Validation --------
Predictions - 1s: 342, 0s: 226
True Labels - 1s: 296, 0s: 272
Round [4/4] Global Model Validation Loss: 0.4319, Validation Accuracy: 80.63 %
-------- Validation finished --------
Best model in round 3 saved with Validation Loss: 0.4315 and Validation Accuracy: 80.81 %

-------- Training finished in 6:34 --------

Test flag enabled. Testing the model

-------- Loading best model from model_path --------
Loaded model bert-medium from date 20-04-2024 00:31. Trained with Federated Learning technology.
Round 3, lr: 6e-05, optimizer: AdamW
Average train accuracy: 86.30 %, Validation accuracy: 80.81 %
-------- Best model loaded --------

-------- Creating Test Dataloader --------
Test Loader: 715 total sentences. 90 batches of size 8.
-------- Test Dataloader created --------

-------- Testing --------
Predictions - 1s: 434, 0s: 281
True Labels - 1s: 369, 0s: 346
Nº of test samples: 715
Accuracy: 76.36%
Accuracy 2 : 76.36%
Precision: 77.27%
Recall: 76.05%
F1 Score: 76.00%
Classification report:
              precision    recall  f1-score   support

           0     0.8149    0.6618    0.7305       346
           1     0.7304    0.8591    0.7895       369

    accuracy                         0.7636       715
   macro avg     0.7727    0.7605    0.7600       715
weighted avg     0.7713    0.7636    0.7610       715

-------- Testing finished --------
