Current configuration:
{
    "concurrency_flag": true,
    "data_distribution": "iid",
    "dataset": "dreaddit",
    "device": "cuda",
    "dp_delta": 0.003,
    "dp_epsilon": 0.0,
    "eval_batch_size": 4,
    "eval_flag": true,
    "eval_size": 0.2,
    "fed_alg": "fedavg",
    "layers": 3,
    "learning_rate": 6e-05,
    "max_length": 512,
    "ml_mode": "bcfl",
    "model": "bert_tiny",
    "model_name": "bcfl_tiny_dreaddit",
    "models_path": "/local/vpaloma/fabric-federated-learning/ablation_study/phase-4/final/accs-times/dreaddit/",
    "mu": 0.5,
    "num_clients": 5,
    "num_epochs": 3,
    "num_rounds": 4,
    "optimizer": "AdamW",
    "progress_bar_flag": false,
    "save_model": true,
    "scheduler": "linear",
    "scheduler_warmup_steps": 0,
    "seed": "random",
    "test_flag": true,
    "train_batch_size": 4,
    "train_size": 0.8
}
-------- Configuration loaded --------

-------- Setting device --------
cuda device selected and available.
-------- Device set --------

-------- Setting seed --------
seed set:  176926
-------- Seed set --------

-------- Creating Model --------
-------- Model created --------

-------- Setting Trainable Layers --------
Training the last 3 layers.

Total parameters count: 4386178
Trainable parameters count: 215042
-------- Trainable Layers set --------

-------- Creating Tokenizer --------
-------- Tokenizer created --------

-------- Creating Train and Eval Dataloaders --------
Train Loader: 2270 total sentences. 568 batches of size 4.
Eval Loader: 568 total sentences. 142 batches of size 4.
-------- Train and Eval Dataloaders created --------

-------- Training --------
Training with Blockchain-Based Federated Learning technology.
Training without differential privacy.
Federated averaging algorithm selected.
Client 0: Label 0: 217, Label 1: 237
Client 1: Label 0: 212, Label 1: 242
Client 2: Label 0: 201, Label 1: 253
Client 3: Label 0: 216, Label 1: 238
Client 4: Label 0: 233, Label 1: 221

Round 1 of 4
-------------------------------
Predictions - 1s: 181, 0s: 273
True Labels - 1s: 237, 0s: 217
Client 1 of 5: Local Epoch [1/3] Loss: 0.6756, Accuracy: 56.83 %
Predictions - 1s: 352, 0s: 102
True Labels - 1s: 253, 0s: 201
Client 3 of 5: Local Epoch [1/3] Loss: 0.6827, Accuracy: 57.05 %
Predictions - 1s: 147, 0s: 307
True Labels - 1s: 221, 0s: 233
Client 5 of 5: Local Epoch [1/3] Loss: 0.6879, Accuracy: 54.63 %
Predictions - 1s: 271, 0s: 183
Predictions - 1s: 173, 0s: 281
True Labels - 1s: 242, 0s: 212
Client 2 of 5: Local Epoch [1/3] Loss: 0.6875, Accuracy: 53.08 %
True Labels - 1s: 238, 0s: 216
Client 4 of 5: Local Epoch [1/3] Loss: 0.6814, Accuracy: 58.81 %
Predictions - 1s: 341, 0s: 113
True Labels - 1s: 238, 0s: 216
Client 4 of 5: Local Epoch [2/3] Loss: 0.6632, Accuracy: 63.66 %
Predictions - 1s: 376, 0s: 78
True Labels - 1s: 242, 0s: 212
Client 2 of 5: Local Epoch [2/3] Loss: 0.6701, Accuracy: 60.35 %
Predictions - 1s: 359, 0s: 95
True Labels - 1s: 253, 0s: 201
Client 3 of 5: Local Epoch [2/3] Loss: 0.6516, Accuracy: 66.96 %
Predictions - 1s: 301, 0s: 153
True Labels - 1s: 237, 0s: 217
Client 1 of 5: Local Epoch [2/3] Loss: 0.6508, Accuracy: 68.28 %
Predictions - 1s: 184, 0s: 270
True Labels - 1s: 221, 0s: 233
Client 5 of 5: Local Epoch [2/3] Loss: 0.6659, Accuracy: 66.30 %
Predictions - 1s: 307, 0s: 147
True Labels - 1s: 238, 0s: 216
Client 4 of 5: Local Epoch [3/3] Loss: 0.6505, Accuracy: 66.30 %
Predictions - 1s: 332, 0s: 122
True Labels - 1s: 242, 0s: 212
Client 2 of 5: Local Epoch [3/3] Loss: 0.6549, Accuracy: 65.20 %
Predictions - 1s: 339, 0s: 115
True Labels - 1s: 253, 0s: 201
Client 3 of 5: Local Epoch [3/3] Loss: 0.6338, Accuracy: 66.52 %
Predictions - 1s: 216, 0s: 238
Predictions - 1s: 329, 0s: 125
True Labels - 1s: 221, 0s: 233
True Labels - 1s: 237, 0s: 217
Client 5 of 5: Local Epoch [3/3] Loss: 0.6514, Accuracy: 64.54 %
Client 1 of 5: Local Epoch [3/3] Loss: 0.6355, Accuracy: 67.84 %
-------------------------------
Round [1/4] Average Local Loss: 0.6452, Average Local Accuracy: 66.08 %
-------------------------------
-------- Validation --------
Predictions - 1s: 416, 0s: 152
True Labels - 1s: 297, 0s: 271
Round [1/4] Global Model Validation Loss: 0.6382, Validation Accuracy: 68.13 %
-------- Validation finished --------
Updated best model in round 1 saved with Validation Loss: 0.6382 and Validation Accuracy: 68.13 %
-------------------------------

Round 2 of 4
-------------------------------
Predictions - 1s: 339, 0s: 115
True Labels - 1s: 253, 0s: 201
Client 3 of 5: Local Epoch [1/3] Loss: 0.6273, Accuracy: 69.16 %
Predictions - 1s: 253, 0s: 201
True Labels - 1s: 221, 0s: 233
Client 5 of 5: Local Epoch [1/3] Loss: 0.6403, Accuracy: 64.32 %
Predictions - 1s: 287, 0s: 167
Predictions - 1s: 290, 0s: 164
True Labels - 1s: 237, 0s: 217
Client 1 of 5: Local Epoch [1/3] Loss: 0.6399, Accuracy: 66.08 %
True Labels - 1s: 238, 0s: 216
Client 4 of 5: Local Epoch [1/3] Loss: 0.6400, Accuracy: 66.96 %
Predictions - 1s: 287, 0s: 167
True Labels - 1s: 242, 0s: 212
Client 2 of 5: Local Epoch [1/3] Loss: 0.6436, Accuracy: 65.86 %
Predictions - 1s: 286, 0s: 168
Predictions - 1s: 225, 0s: 229
True Labels - 1s: 237, 0s: 217
True Labels - 1s: 221, 0s: 233
Client 5 of 5: Local Epoch [2/3] Loss: 0.6101, Accuracy: 71.37 %
Client 1 of 5: Local Epoch [2/3] Loss: 0.5964, Accuracy: 72.47 %
Predictions - 1s: 267, 0s: 187
True Labels - 1s: 238, 0s: 216
Client 4 of 5: Local Epoch [2/3] Loss: 0.6126, Accuracy: 68.50 %
Predictions - 1s: 322, 0s: 132
True Labels - 1s: 253, 0s: 201
Client 3 of 5: Local Epoch [2/3] Loss: 0.5927, Accuracy: 72.47 %
Predictions - 1s: 297, 0s: 157
True Labels - 1s: 242, 0s: 212
Client 2 of 5: Local Epoch [2/3] Loss: 0.6104, Accuracy: 68.94 %
Predictions - 1s: 328, 0s: 126
True Labels - 1s: 253, 0s: 201
Client 3 of 5: Local Epoch [3/3] Loss: 0.5795, Accuracy: 71.15 %
Predictions - 1s: 240, 0s: 214
True Labels - 1s: 242, 0s: 212
Client 2 of 5: Local Epoch [3/3] Loss: 0.5992, Accuracy: 72.69 %
Predictions - 1s: 251, 0s: 203
True Labels - 1s: 237, 0s: 217
Client 1 of 5: Local Epoch [3/3] Loss: 0.5791, Accuracy: 74.01 %
Predictions - 1s: 230, 0s: 224
True Labels - 1s: 221, 0s: 233
Client 5 of 5: Local Epoch [3/3] Loss: 0.5874, Accuracy: 70.70 %
Predictions - 1s: 261, 0s: 193
True Labels - 1s: 238, 0s: 216
Client 4 of 5: Local Epoch [3/3] Loss: 0.5939, Accuracy: 72.03 %
-------------------------------
Round [2/4] Average Local Loss: 0.5878, Average Local Accuracy: 72.11 %
-------------------------------
-------- Validation --------
Predictions - 1s: 357, 0s: 211
True Labels - 1s: 297, 0s: 271
Round [2/4] Global Model Validation Loss: 0.5743, Validation Accuracy: 72.54 %
-------- Validation finished --------
Updated best model in round 2 saved with Validation Loss: 0.5743 and Validation Accuracy: 72.54 %
-------------------------------

Round 3 of 4
-------------------------------
Predictions - 1s: 241, 0s: 213
True Labels - 1s: 242, 0s: 212
Client 2 of 5: Local Epoch [1/3] Loss: 0.5966, Accuracy: 70.26 %
Predictions - 1s: 264, 0s: 190
True Labels - 1s: 237, 0s: 217
Client 1 of 5: Local Epoch [1/3] Loss: 0.5691, Accuracy: 71.59 %
Predictions - 1s: 215, 0s: 239
True Labels - 1s: 221, 0s: 233
Client 5 of 5: Local Epoch [1/3] Loss: 0.6015, Accuracy: 66.52 %
Predictions - 1s: 306, 0s: 148
True Labels - 1s: 253, 0s: 201
Predictions - 1s: 260, 0s: 194
Client 3 of 5: Local Epoch [1/3] Loss: 0.5744, Accuracy: 72.03 %
True Labels - 1s: 238, 0s: 216
Client 4 of 5: Local Epoch [1/3] Loss: 0.6040, Accuracy: 66.96 %
Predictions - 1s: 252, 0s: 202
Predictions - 1s: 266, 0s: 188
Predictions - 1s: 232, 0s: 222
True Labels - 1s: 237, 0s: 217
True Labels - 1s: 242, 0s: 212
Client 1 of 5: Local Epoch [2/3] Loss: 0.5475, Accuracy: 72.47 %
Client 2 of 5: Local Epoch [2/3] Loss: 0.5732, Accuracy: 71.81 %
Predictions - 1s: 296, 0s: 158
True Labels - 1s: 221, 0s: 233
Client 5 of 5: Local Epoch [2/3] Loss: 0.5756, Accuracy: 68.50 %
Predictions - 1s: 266, 0s: 188
True Labels - 1s: 253, 0s: 201
Client 3 of 5: Local Epoch [2/3] Loss: 0.5508, Accuracy: 73.35 %
True Labels - 1s: 238, 0s: 216
Client 4 of 5: Local Epoch [2/3] Loss: 0.5661, Accuracy: 70.93 %
Predictions - 1s: 302, 0s: 152
True Labels - 1s: 253, 0s: 201
Predictions - 1s: 247, 0s: 207
Predictions - 1s: 236, 0s: 218
Client 3 of 5: Local Epoch [3/3] Loss: 0.5426, Accuracy: 73.35 %
Predictions - 1s: 240, 0s: 214
True Labels - 1s: 242, 0s: 212
Client 2 of 5: Local Epoch [3/3] Loss: 0.5624, Accuracy: 72.47 %
True Labels - 1s: 221, 0s: 233
True Labels - 1s: 238, 0s: 216
Client 4 of 5: Local Epoch [3/3] Loss: 0.5659, Accuracy: 72.25 %
Client 5 of 5: Local Epoch [3/3] Loss: 0.5616, Accuracy: 70.70 %
Predictions - 1s: 246, 0s: 208
True Labels - 1s: 237, 0s: 217
Client 1 of 5: Local Epoch [3/3] Loss: 0.5392, Accuracy: 73.35 %
-------------------------------
Round [3/4] Average Local Loss: 0.5544, Average Local Accuracy: 72.42 %
-------------------------------
-------- Validation --------
Predictions - 1s: 349, 0s: 219
True Labels - 1s: 297, 0s: 271
Round [3/4] Global Model Validation Loss: 0.5344, Validation Accuracy: 74.30 %
-------- Validation finished --------
Updated best model in round 3 saved with Validation Loss: 0.5344 and Validation Accuracy: 74.30 %
-------------------------------

Round 4 of 4
-------------------------------
Predictions - 1s: 250, 0s: 204
True Labels - 1s: 237, 0s: 217
Client 1 of 5: Local Epoch [1/3] Loss: 0.5567, Accuracy: 71.15 %
Predictions - 1s: 225, 0s: 229
True Labels - 1s: 221, 0s: 233
Client 5 of 5: Local Epoch [1/3] Loss: 0.5722, Accuracy: 70.04 %
Predictions - 1s: 275, 0s: 179
True Labels - 1s: 253, 0s: 201
Client 3 of 5: Local Epoch [1/3] Loss: 0.5581, Accuracy: 71.81 %
Predictions - 1s: 250, 0s: 204
True Labels - 1s: 238, 0s: 216
Client 4 of 5: Local Epoch [1/3] Loss: 0.5716, Accuracy: 70.93 %
Predictions - 1s: 261, 0s: 193
True Labels - 1s: 242, 0s: 212
Client 2 of 5: Local Epoch [1/3] Loss: 0.5745, Accuracy: 70.70 %
Predictions - 1s: 243, 0s: 211
True Labels - 1s: 237, 0s: 217
Client 1 of 5: Local Epoch [2/3] Loss: 0.5309, Accuracy: 71.37 %
Predictions - 1s: 283, 0s: 171
True Labels - 1s: 253, 0s: 201
Client 3 of 5: Local Epoch [2/3] Loss: 0.5398, Accuracy: 73.57 %
Predictions - 1s: 231, 0s: 223
True Labels - 1s: 221, 0s: 233
Client 5 of 5: Local Epoch [2/3] Loss: 0.5489, Accuracy: 71.37 %
Predictions - 1s: 260, 0s: 194
True Labels - 1s: 242, 0s: 212
Client 2 of 5: Local Epoch [2/3] Loss: 0.5423, Accuracy: 74.01 %
Predictions - 1s: 223, 0s: 231
True Labels - 1s: 238, 0s: 216
Client 4 of 5: Local Epoch [2/3] Loss: 0.5515, Accuracy: 70.26 %
Predictions - 1s: 255, 0s: 199
True Labels - 1s: 237, 0s: 217
Client 1 of 5: Local Epoch [3/3] Loss: 0.5237, Accuracy: 75.33 %
Predictions - 1s: 292, 0s: 162
True Labels - 1s: 253, 0s: 201
Client 3 of 5: Local Epoch [3/3] Loss: 0.5240, Accuracy: 75.55 %
Predictions - 1s: 235, 0s: 219
True Labels - 1s: 242, 0s: 212
Client 2 of 5: Local Epoch [3/3] Loss: 0.5390, Accuracy: 74.23 %
Predictions - 1s: 258, 0s: 196
Predictions - 1s: 239, 0s: 215
True Labels - 1s: 238, 0s: 216
Client 4 of 5: Local Epoch [3/3] Loss: 0.5368, Accuracy: 74.45 %
True Labels - 1s: 221, 0s: 233
Client 5 of 5: Local Epoch [3/3] Loss: 0.5374, Accuracy: 71.81 %
-------------------------------
Round [4/4] Average Local Loss: 0.5322, Average Local Accuracy: 74.27 %
-------------------------------
-------- Validation --------
Predictions - 1s: 334, 0s: 234
True Labels - 1s: 297, 0s: 271
Round [4/4] Global Model Validation Loss: 0.5132, Validation Accuracy: 74.47 %
-------- Validation finished --------
Updated best model in round 4 saved with Validation Loss: 0.5132 and Validation Accuracy: 74.47 %
-------------------------------
Best model in round 4 saved with Validation Loss: 0.5132 and Validation Accuracy: 74.47 %

-------- Training finished in 2:06 --------

Test flag enabled. Testing the model

-------- Loading best model from model_path --------
Loaded model bert-tiny from date 19-04-2024 23:31. Trained with Federated Learning technology.
Round 4, lr: 6e-05, optimizer: AdamW
Average train accuracy: 74.27 %, Validation accuracy: 74.47 %
-------- Best model loaded --------

-------- Creating Test Dataloader --------
Test Loader: 715 total sentences. 90 batches of size 8.
-------- Test Dataloader created --------

-------- Testing --------
Predictions - 1s: 433, 0s: 282
True Labels - 1s: 369, 0s: 346
Nº of test samples: 715
Accuracy: 69.79%
Accuracy 2 : 69.79%
Precision: 70.36%
Recall: 69.47%
F1 Score: 69.34%
Classification report:
              precision    recall  f1-score   support

           0     0.7305    0.5954    0.6561       346
           1     0.6767    0.7940    0.7307       369

    accuracy                         0.6979       715
   macro avg     0.7036    0.6947    0.6934       715
weighted avg     0.7027    0.6979    0.6946       715

-------- Testing finished --------
