Current configuration:
{
    "concurrency_flag": true,
    "data_distribution": "iid",
    "dataset": "dreaddit",
    "device": "cuda",
    "dp_delta": 0.003,
    "dp_epsilon": 0.0,
    "eval_batch_size": 4,
    "eval_flag": true,
    "eval_size": 0.2,
    "fed_alg": "fedavg",
    "layers": 3,
    "learning_rate": 6e-05,
    "max_length": 512,
    "ml_mode": "bcfl",
    "model": "bert_tiny",
    "model_name": "bcfl_tiny_seed8_dreaddit",
    "models_path": "/local/vpaloma/fabric-federated-learning/ablation_study/phase-4/final/accs-times/dreaddit/",
    "mu": 0.5,
    "num_clients": 5,
    "num_epochs": 3,
    "num_rounds": 4,
    "optimizer": "AdamW",
    "progress_bar_flag": false,
    "save_model": true,
    "scheduler": "linear",
    "scheduler_warmup_steps": 0,
    "seed": "random",
    "test_flag": true,
    "train_batch_size": 4,
    "train_size": 0.8
}
-------- Configuration loaded --------

-------- Setting device --------
cuda device selected and available.
-------- Device set --------

-------- Setting seed --------
seed set:  807147
-------- Seed set --------

-------- Creating Model --------
-------- Model created --------

-------- Setting Trainable Layers --------
Training the last 3 layers.

Total parameters count: 4386178
Trainable parameters count: 215042
-------- Trainable Layers set --------

-------- Creating Tokenizer --------
-------- Tokenizer created --------

-------- Creating Train and Eval Dataloaders --------
Train Loader: 2270 total sentences. 568 batches of size 4.
Eval Loader: 568 total sentences. 142 batches of size 4.
-------- Train and Eval Dataloaders created --------

-------- Training --------
Training with Blockchain-Based Federated Learning technology.
Training without differential privacy.
Federated averaging algorithm selected.
Client 0: Label 0: 223, Label 1: 231
Client 1: Label 0: 225, Label 1: 229
Client 2: Label 0: 212, Label 1: 242
Client 3: Label 0: 224, Label 1: 230
Client 4: Label 0: 197, Label 1: 257

Round 1 of 4
-------------------------------
Predictions - 1s: 396, 0s: 58
True Labels - 1s: 242, 0s: 212
Client 3 of 5: Local Epoch [1/3] Loss: 0.6822, Accuracy: 58.15 %
Predictions - 1s: 367, 0s: 87
True Labels - 1s: 231, 0s: 223
Client 1 of 5: Local Epoch [1/3] Loss: 0.6828, Accuracy: 57.71 %
Predictions - 1s: 295, 0s: 159
True Labels - 1s: 229, 0s: 225
Client 2 of 5: Local Epoch [1/3] Loss: 0.6810, Accuracy: 55.51 %
Predictions - 1s: 427, 0s: 27
True Labels - 1s: 257, 0s: 197
Client 5 of 5: Local Epoch [1/3] Loss: 0.6698, Accuracy: 59.91 %
Predictions - 1s: 396, 0s: 58
True Labels - 1s: 230, 0s: 224
Client 4 of 5: Local Epoch [1/3] Loss: 0.6839, Accuracy: 55.51 %
Predictions - 1s: 378, 0s: 76
Predictions - 1s: 338, 0s: 116
True Labels - 1s: 242, 0s: 212
True Labels - 1s: 229, 0s: 225
Client 3 of 5: Local Epoch [2/3] Loss: 0.6644, Accuracy: 62.56 %
Client 2 of 5: Local Epoch [2/3] Loss: 0.6507, Accuracy: 62.33 %
Predictions - 1s: 271, 0s: 183
True Labels - 1s: 230, 0s: 224
Client 4 of 5: Local Epoch [2/3] Loss: 0.6595, Accuracy: 63.66 %
Predictions - 1s: 264, 0s: 190
True Labels - 1s: 231, 0s: 223
Client 1 of 5: Local Epoch [2/3] Loss: 0.6501, Accuracy: 66.30 %
Predictions - 1s: 383, 0s: 71
True Labels - 1s: 257, 0s: 197
Client 5 of 5: Local Epoch [2/3] Loss: 0.6445, Accuracy: 64.76 %
Predictions - 1s: 317, 0s: 137
True Labels - 1s: 242, 0s: 212
Client 3 of 5: Local Epoch [3/3] Loss: 0.6440, Accuracy: 66.30 %
Predictions - 1s: 299, 0s: 155
True Labels - 1s: 231, 0s: 223
Client 1 of 5: Local Epoch [3/3] Loss: 0.6305, Accuracy: 69.60 %
Predictions - 1s: 263, 0s: 191
True Labels - 1s: 230, 0s: 224
Client 4 of 5: Local Epoch [3/3] Loss: 0.6442, Accuracy: 65.86 %
Predictions - 1s: 306, 0s: 148
True Labels - 1s: 229, 0s: 225
Predictions - 1s: 372, 0s: 82
Client 2 of 5: Local Epoch [3/3] Loss: 0.6313, Accuracy: 67.18 %
True Labels - 1s: 257, 0s: 197
Client 5 of 5: Local Epoch [3/3] Loss: 0.6324, Accuracy: 66.30 %
-------------------------------
Round [1/4] Average Local Loss: 0.6365, Average Local Accuracy: 67.05 %
-------------------------------
-------- Validation --------
Predictions - 1s: 409, 0s: 159
True Labels - 1s: 299, 0s: 269
Round [1/4] Global Model Validation Loss: 0.6439, Validation Accuracy: 63.03 %
-------- Validation finished --------
Updated best model in round 1 saved with Validation Loss: 0.6439 and Validation Accuracy: 63.03 %
-------------------------------

Round 2 of 4
-------------------------------
Predictions - 1s: 249, 0s: 205
Predictions - 1s: 297, 0s: 157
Predictions - 1s: 316, 0s: 138
True Labels - 1s: 229, 0s: 225
True Labels - 1s: 231, 0s: 223
Predictions - 1s: 255, 0s: 199
Client 2 of 5: Local Epoch [1/3] Loss: 0.6150, Accuracy: 71.81 %
Predictions - 1s: 325, 0s: 129
True Labels - 1s: 242, 0s: 212
Client 1 of 5: Local Epoch [1/3] Loss: 0.6317, Accuracy: 65.64 %
True Labels - 1s: 230, 0s: 224
Client 4 of 5: Local Epoch [1/3] Loss: 0.6351, Accuracy: 66.74 %
Client 3 of 5: Local Epoch [1/3] Loss: 0.6343, Accuracy: 66.96 %
True Labels - 1s: 257, 0s: 197
Client 5 of 5: Local Epoch [1/3] Loss: 0.6261, Accuracy: 66.52 %
Predictions - 1s: 250, 0s: 204
True Labels - 1s: 231, 0s: 223
Client 1 of 5: Local Epoch [2/3] Loss: 0.5888, Accuracy: 72.91 %
Predictions - 1s: 325, 0s: 129
True Labels - 1s: 257, 0s: 197
Client 5 of 5: Local Epoch [2/3] Loss: 0.5938, Accuracy: 70.48 %
Predictions - 1s: 261, 0s: 193
True Labels - 1s: 230, 0s: 224
Client 4 of 5: Local Epoch [2/3] Loss: 0.5920, Accuracy: 68.06 %
Predictions - 1s: 309, 0s: 145
True Labels - 1s: 242, 0s: 212
Client 3 of 5: Local Epoch [2/3] Loss: 0.6011, Accuracy: 70.26 %
Predictions - 1s: 252, 0s: 202
True Labels - 1s: 229, 0s: 225
Client 2 of 5: Local Epoch [2/3] Loss: 0.5784, Accuracy: 71.59 %
Predictions - 1s: 239, 0s: 215
True Labels - 1s: 230, 0s: 224
Client 4 of 5: Local Epoch [3/3] Loss: 0.5876, Accuracy: 69.82 %
Predictions - 1s: 268, 0s: 186
Predictions - 1s: 243, 0s: 211
True Labels - 1s: 231, 0s: 223
Predictions - 1s: 228, 0s: 226
True Labels - 1s: 242, 0s: 212
True Labels - 1s: 229, 0s: 225
Client 3 of 5: Local Epoch [3/3] Loss: 0.5933, Accuracy: 71.15 %
Client 2 of 5: Local Epoch [3/3] Loss: 0.5699, Accuracy: 73.35 %
Client 1 of 5: Local Epoch [3/3] Loss: 0.5689, Accuracy: 72.03 %
Predictions - 1s: 313, 0s: 141
True Labels - 1s: 257, 0s: 197
Client 5 of 5: Local Epoch [3/3] Loss: 0.5913, Accuracy: 69.16 %
-------------------------------
Round [2/4] Average Local Loss: 0.5822, Average Local Accuracy: 71.10 %
-------------------------------
-------- Validation --------
Predictions - 1s: 337, 0s: 231
True Labels - 1s: 299, 0s: 269
Round [2/4] Global Model Validation Loss: 0.5971, Validation Accuracy: 67.96 %
-------- Validation finished --------
Updated best model in round 2 saved with Validation Loss: 0.5971 and Validation Accuracy: 67.96 %
-------------------------------

Round 3 of 4
-------------------------------
Predictions - 1s: 260, 0s: 194
True Labels - 1s: 242, 0s: 212
Client 3 of 5: Local Epoch [1/3] Loss: 0.5922, Accuracy: 70.04 %
Predictions - 1s: 250, 0s: 204
True Labels - 1s: 229, 0s: 225
Client 2 of 5: Local Epoch [1/3] Loss: 0.5535, Accuracy: 74.23 %
Predictions - 1s: 248, 0s: 206
True Labels - 1s: 230, 0s: 224
Client 4 of 5: Local Epoch [1/3] Loss: 0.5996, Accuracy: 68.28 %
Predictions - 1s: 247, 0s: 207
Predictions - 1s: 298, 0s: 156
True Labels - 1s: 231, 0s: 223
Client 1 of 5: Local Epoch [1/3] Loss: 0.5771, Accuracy: 70.04 %
True Labels - 1s: 257, 0s: 197
Client 5 of 5: Local Epoch [1/3] Loss: 0.5882, Accuracy: 70.70 %
Predictions - 1s: 278, 0s: 176
True Labels - 1s: 242, 0s: 212
Client 3 of 5: Local Epoch [2/3] Loss: 0.5710, Accuracy: 71.37 %
Predictions - 1s: 244, 0s: 210
True Labels - 1s: 242, 0s: 212
Client 3 of 5: Local Epoch [3/3] Loss: 0.5558, Accuracy: 73.13 %
Predictions - 1s: 225, 0s: 229
True Labels - 1s: 229, 0s: 225
Client 2 of 5: Local Epoch [2/3] Loss: 0.5510, Accuracy: 71.81 %
Predictions - 1s: 254, 0s: 200
True Labels - 1s: 231, 0s: 223
Client 1 of 5: Local Epoch [2/3] Loss: 0.5466, Accuracy: 72.47 %
Predictions - 1s: 246, 0s: 208
True Labels - 1s: 230, 0s: 224
Client 4 of 5: Local Epoch [2/3] Loss: 0.5664, Accuracy: 70.04 %
Predictions - 1s: 308, 0s: 146
True Labels - 1s: 257, 0s: 197
Client 5 of 5: Local Epoch [2/3] Loss: 0.5729, Accuracy: 72.03 %
Predictions - 1s: 255, 0s: 199
True Labels - 1s: 229, 0s: 225
Client 2 of 5: Local Epoch [3/3] Loss: 0.5290, Accuracy: 76.21 %
Predictions - 1s: 248, 0s: 206
True Labels - 1s: 231, 0s: 223
Client 1 of 5: Local Epoch [3/3] Loss: 0.5239, Accuracy: 75.55 %
Predictions - 1s: 277, 0s: 177
True Labels - 1s: 257, 0s: 197
Client 5 of 5: Local Epoch [3/3] Loss: 0.5644, Accuracy: 70.93 %
Predictions - 1s: 243, 0s: 211
True Labels - 1s: 230, 0s: 224
Client 4 of 5: Local Epoch [3/3] Loss: 0.5506, Accuracy: 72.47 %
-------------------------------
Round [3/4] Average Local Loss: 0.5447, Average Local Accuracy: 73.66 %
-------------------------------
-------- Validation --------
Predictions - 1s: 316, 0s: 252
True Labels - 1s: 299, 0s: 269
Round [3/4] Global Model Validation Loss: 0.5689, Validation Accuracy: 70.60 %
-------- Validation finished --------
Updated best model in round 3 saved with Validation Loss: 0.5689 and Validation Accuracy: 70.60 %
-------------------------------

Round 4 of 4
-------------------------------
Predictions - 1s: 288, 0s: 166
True Labels - 1s: 257, 0s: 197
Client 5 of 5: Local Epoch [1/3] Loss: 0.5635, Accuracy: 72.91 %
Predictions - 1s: 233, 0s: 221
True Labels - 1s: 231, 0s: 223
Client 1 of 5: Local Epoch [1/3] Loss: 0.5441, Accuracy: 71.37 %
Predictions - 1s: 249, 0s: 205
Predictions - 1s: 231, 0s: 223
True Labels - 1s: 230, 0s: 224
Client 4 of 5: Local Epoch [1/3] Loss: 0.5579, Accuracy: 70.70 %
True Labels - 1s: 229, 0s: 225
Client 2 of 5: Local Epoch [1/3] Loss: 0.5351, Accuracy: 75.33 %
Predictions - 1s: 269, 0s: 185
True Labels - 1s: 242, 0s: 212
Client 3 of 5: Local Epoch [1/3] Loss: 0.5639, Accuracy: 70.26 %
Predictions - 1s: 232, 0s: 222
True Labels - 1s: 231, 0s: 223
Client 1 of 5: Local Epoch [2/3] Loss: 0.5216, Accuracy: 73.79 %
Predictions - 1s: 279, 0s: 175
True Labels - 1s: 257, 0s: 197
Client 5 of 5: Local Epoch [2/3] Loss: 0.5590, Accuracy: 70.04 %
Predictions - 1s: 252, 0s: 202
True Labels - 1s: 242, 0s: 212
Client 3 of 5: Local Epoch [2/3] Loss: 0.5468, Accuracy: 72.69 %
Predictions - 1s: 245, 0s: 209
True Labels - 1s: 230, 0s: 224
Client 4 of 5: Local Epoch [2/3] Loss: 0.5245, Accuracy: 72.91 %
Predictions - 1s: 240, 0s: 214
True Labels - 1s: 229, 0s: 225
Client 2 of 5: Local Epoch [2/3] Loss: 0.5208, Accuracy: 76.43 %
Predictions - 1s: 277, 0s: 177
Predictions - 1s: 291, 0s: 163
True Labels - 1s: 242, 0s: 212
Client 3 of 5: Local Epoch [3/3] Loss: 0.5316, Accuracy: 74.23 %
True Labels - 1s: 257, 0s: 197
Client 5 of 5: Local Epoch [3/3] Loss: 0.5504, Accuracy: 73.57 %
Predictions - 1s: 247, 0s: 207
True Labels - 1s: 231, 0s: 223
Client 1 of 5: Local Epoch [3/3] Loss: 0.5121, Accuracy: 73.57 %
Predictions - 1s: 231, 0s: 223
True Labels - 1s: 230, 0s: 224
Client 4 of 5: Local Epoch [3/3] Loss: 0.5278, Accuracy: 72.03 %
Predictions - 1s: 234, 0s: 220
True Labels - 1s: 229, 0s: 225
Client 2 of 5: Local Epoch [3/3] Loss: 0.5174, Accuracy: 75.99 %
-------------------------------
Round [4/4] Average Local Loss: 0.5279, Average Local Accuracy: 73.88 %
-------------------------------
-------- Validation --------
Predictions - 1s: 312, 0s: 256
True Labels - 1s: 299, 0s: 269
Round [4/4] Global Model Validation Loss: 0.5558, Validation Accuracy: 70.95 %
-------- Validation finished --------
Updated best model in round 4 saved with Validation Loss: 0.5558 and Validation Accuracy: 70.95 %
-------------------------------
Best model in round 4 saved with Validation Loss: 0.5558 and Validation Accuracy: 70.95 %

-------- Training finished in 2:15 --------

Test flag enabled. Testing the model

-------- Loading best model from model_path --------
Loaded model bert-tiny from date 19-04-2024 20:50. Trained with Federated Learning technology.
Round 4, lr: 6e-05, optimizer: AdamW
Average train accuracy: 73.88 %, Validation accuracy: 70.95 %
-------- Best model loaded --------

-------- Creating Test Dataloader --------
Test Loader: 715 total sentences. 90 batches of size 8.
-------- Test Dataloader created --------

-------- Testing --------
Predictions - 1s: 427, 0s: 288
True Labels - 1s: 369, 0s: 346
Nº of test samples: 715
Accuracy: 69.79%
Accuracy 2 : 69.79%
Precision: 70.24%
Recall: 69.50%
F1 Score: 69.40%
Classification report:
              precision    recall  f1-score   support

           0     0.7257    0.6040    0.6593       346
           1     0.6792    0.7859    0.7286       369

    accuracy                         0.6979       715
   macro avg     0.7024    0.6950    0.6940       715
weighted avg     0.7017    0.6979    0.6951       715

-------- Testing finished --------
