Current configuration:
{
    "concurrency_flag": true,
    "data_distribution": "iid",
    "dataset": "dreaddit",
    "device": "cuda",
    "dp_delta": 0.003,
    "dp_epsilon": 0.0,
    "eval_batch_size": 4,
    "eval_flag": true,
    "eval_size": 0.2,
    "fed_alg": "fedavg",
    "layers": 3,
    "learning_rate": 6e-05,
    "max_length": 512,
    "ml_mode": "bcfl",
    "model": "bert_medium",
    "model_name": "bcfl_medium_seed9_dreaddit",
    "models_path": "/local/vpaloma/fabric-federated-learning/ablation_study/phase-4/final/accs-times/dreaddit/",
    "mu": 0.5,
    "num_clients": 5,
    "num_epochs": 3,
    "num_rounds": 4,
    "optimizer": "AdamW",
    "progress_bar_flag": false,
    "save_model": true,
    "scheduler": "linear",
    "scheduler_warmup_steps": 0,
    "seed": "random",
    "test_flag": true,
    "train_batch_size": 4,
    "train_size": 0.8
}
-------- Configuration loaded --------

-------- Setting device --------
cuda device selected and available.
-------- Device set --------

-------- Setting seed --------
seed set:  142517
-------- Seed set --------

-------- Creating Model --------
-------- Model created --------

-------- Setting Trainable Layers --------
Training the last 3 layers.

Total parameters count: 41374210
Trainable parameters count: 3416066
-------- Trainable Layers set --------

-------- Creating Tokenizer --------
-------- Tokenizer created --------

-------- Creating Train and Eval Dataloaders --------
Train Loader: 2270 total sentences. 568 batches of size 4.
Eval Loader: 568 total sentences. 142 batches of size 4.
-------- Train and Eval Dataloaders created --------

-------- Training --------
Training with Blockchain-Based Federated Learning technology.
Training without differential privacy.
Federated averaging algorithm selected.
Client 0: Label 0: 213, Label 1: 241
Client 1: Label 0: 221, Label 1: 233
Client 2: Label 0: 199, Label 1: 255
Client 3: Label 0: 217, Label 1: 237
Client 4: Label 0: 226, Label 1: 228

Round 1 of 4
-------------------------------
Predictions - 1s: 347, 0s: 107
True Labels - 1s: 255, 0s: 199
Client 3 of 5: Local Epoch [1/3] Loss: 0.6034, Accuracy: 66.08 %
Predictions - 1s: 268, 0s: 186
True Labels - 1s: 233, 0s: 221
Client 2 of 5: Local Epoch [1/3] Loss: 0.6202, Accuracy: 63.66 %
Predictions - 1s: 260, 0s: 194
True Labels - 1s: 228, 0s: 226
Client 5 of 5: Local Epoch [1/3] Loss: 0.6185, Accuracy: 65.20 %
Predictions - 1s: 288, 0s: 166
True Labels - 1s: 237, 0s: 217
Client 4 of 5: Local Epoch [1/3] Loss: 0.6115, Accuracy: 64.54 %
Predictions - 1s: 301, 0s: 153
True Labels - 1s: 241, 0s: 213
Client 1 of 5: Local Epoch [1/3] Loss: 0.6014, Accuracy: 67.40 %
Predictions - 1s: 261, 0s: 193
True Labels - 1s: 255, 0s: 199
Client 3 of 5: Local Epoch [2/3] Loss: 0.4747, Accuracy: 79.30 %
Predictions - 1s: 249, 0s: 205
True Labels - 1s: 233, 0s: 221
Client 2 of 5: Local Epoch [2/3] Loss: 0.4666, Accuracy: 78.85 %
Predictions - 1s: 226, 0s: 228
True Labels - 1s: 228, 0s: 226
Client 5 of 5: Local Epoch [2/3] Loss: 0.5080, Accuracy: 76.21 %
Predictions - 1s: 228, 0s: 226
True Labels - 1s: 237, 0s: 217
Client 4 of 5: Local Epoch [2/3] Loss: 0.4980, Accuracy: 75.99 %
Predictions - 1s: 253, 0s: 201
True Labels - 1s: 241, 0s: 213
Client 1 of 5: Local Epoch [2/3] Loss: 0.4427, Accuracy: 81.06 %
Predictions - 1s: 276, 0s: 178
True Labels - 1s: 255, 0s: 199
Client 3 of 5: Local Epoch [3/3] Loss: 0.4253, Accuracy: 80.84 %
Predictions - 1s: 236, 0s: 218
True Labels - 1s: 233, 0s: 221
Client 2 of 5: Local Epoch [3/3] Loss: 0.4235, Accuracy: 81.72 %
Predictions - 1s: 228, 0s: 226
True Labels - 1s: 228, 0s: 226
Client 5 of 5: Local Epoch [3/3] Loss: 0.4445, Accuracy: 79.30 %
Predictions - 1s: 245, 0s: 209
True Labels - 1s: 241, 0s: 213
Client 1 of 5: Local Epoch [3/3] Loss: 0.3733, Accuracy: 85.90 %
Predictions - 1s: 250, 0s: 204
True Labels - 1s: 237, 0s: 217
Client 4 of 5: Local Epoch [3/3] Loss: 0.4539, Accuracy: 79.07 %
-------------------------------
Round [1/4] Average Local Loss: 0.4241, Average Local Accuracy: 81.37 %
-------------------------------
-------- Validation --------
Predictions - 1s: 337, 0s: 231
True Labels - 1s: 294, 0s: 274
Round [1/4] Global Model Validation Loss: 0.4743, Validation Accuracy: 76.58 %
-------- Validation finished --------
Updated best model in round 1 saved with Validation Loss: 0.4743 and Validation Accuracy: 76.58 %
-------------------------------

Round 2 of 4
-------------------------------
Predictions - 1s: 238, 0s: 216
True Labels - 1s: 233, 0s: 221
Client 2 of 5: Local Epoch [1/3] Loss: 0.4783, Accuracy: 77.75 %
Predictions - 1s: 245, 0s: 209
True Labels - 1s: 241, 0s: 213
Client 1 of 5: Local Epoch [1/3] Loss: 0.4386, Accuracy: 79.74 %
Predictions - 1s: 221, 0s: 233
True Labels - 1s: 228, 0s: 226
Client 5 of 5: Local Epoch [1/3] Loss: 0.4838, Accuracy: 78.63 %
Predictions - 1s: 274, 0s: 180
True Labels - 1s: 255, 0s: 199
Predictions - 1s: 253, 0s: 201
Client 3 of 5: Local Epoch [1/3] Loss: 0.4849, Accuracy: 77.31 %
True Labels - 1s: 237, 0s: 217
Client 4 of 5: Local Epoch [1/3] Loss: 0.4986, Accuracy: 75.33 %
Predictions - 1s: 237, 0s: 217
True Labels - 1s: 233, 0s: 221
Client 2 of 5: Local Epoch [2/3] Loss: 0.4154, Accuracy: 82.38 %
Predictions - 1s: 257, 0s: 197
True Labels - 1s: 241, 0s: 213
Client 1 of 5: Local Epoch [2/3] Loss: 0.3645, Accuracy: 84.14 %
Predictions - 1s: 245, 0s: 209
True Labels - 1s: 237, 0s: 217
Client 4 of 5: Local Epoch [2/3] Loss: 0.4300, Accuracy: 80.18 %
Predictions - 1s: 222, 0s: 232
True Labels - 1s: 228, 0s: 226
Client 5 of 5: Local Epoch [2/3] Loss: 0.4323, Accuracy: 79.74 %
Predictions - 1s: 263, 0s: 191
True Labels - 1s: 255, 0s: 199
Client 3 of 5: Local Epoch [2/3] Loss: 0.4300, Accuracy: 78.85 %
Predictions - 1s: 232, 0s: 222
True Labels - 1s: 233, 0s: 221
Client 2 of 5: Local Epoch [3/3] Loss: 0.3532, Accuracy: 85.68 %
Predictions - 1s: 247, 0s: 207
True Labels - 1s: 241, 0s: 213
Client 1 of 5: Local Epoch [3/3] Loss: 0.3160, Accuracy: 86.34 %
Predictions - 1s: 250, 0s: 204
True Labels - 1s: 237, 0s: 217
Client 4 of 5: Local Epoch [3/3] Loss: 0.3949, Accuracy: 83.04 %
Predictions - 1s: 233, 0s: 221
True Labels - 1s: 228, 0s: 226
Client 5 of 5: Local Epoch [3/3] Loss: 0.4143, Accuracy: 80.40 %
Predictions - 1s: 268, 0s: 186
True Labels - 1s: 255, 0s: 199
Client 3 of 5: Local Epoch [3/3] Loss: 0.3784, Accuracy: 82.16 %
-------------------------------
Round [2/4] Average Local Loss: 0.3714, Average Local Accuracy: 83.52 %
-------------------------------
-------- Validation --------
Predictions - 1s: 334, 0s: 234
True Labels - 1s: 294, 0s: 274
Round [2/4] Global Model Validation Loss: 0.4596, Validation Accuracy: 78.52 %
-------- Validation finished --------
Updated best model in round 2 saved with Validation Loss: 0.4596 and Validation Accuracy: 78.52 %
-------------------------------

Round 3 of 4
-------------------------------
Predictions - 1s: 221, 0s: 233
True Labels - 1s: 228, 0s: 226
Client 5 of 5: Local Epoch [1/3] Loss: 0.4515, Accuracy: 77.75 %
Predictions - 1s: 244, 0s: 210
True Labels - 1s: 237, 0s: 217
Client 4 of 5: Local Epoch [1/3] Loss: 0.4630, Accuracy: 76.87 %
Predictions - 1s: 243, 0s: 211
True Labels - 1s: 241, 0s: 213
Client 1 of 5: Local Epoch [1/3] Loss: 0.4044, Accuracy: 81.94 %
Predictions - 1s: 267, 0s: 187
True Labels - 1s: 255, 0s: 199
Client 3 of 5: Local Epoch [1/3] Loss: 0.4546, Accuracy: 78.41 %
Predictions - 1s: 236, 0s: 218
True Labels - 1s: 233, 0s: 221
Client 2 of 5: Local Epoch [1/3] Loss: 0.4272, Accuracy: 79.52 %
Predictions - 1s: 232, 0s: 222
True Labels - 1s: 228, 0s: 226
Client 5 of 5: Local Epoch [2/3] Loss: 0.3980, Accuracy: 81.06 %
Predictions - 1s: 251, 0s: 203
True Labels - 1s: 237, 0s: 217
Client 4 of 5: Local Epoch [2/3] Loss: 0.3965, Accuracy: 82.38 %
Predictions - 1s: 245, 0s: 209
True Labels - 1s: 241, 0s: 213
Client 1 of 5: Local Epoch [2/3] Loss: 0.3358, Accuracy: 85.90 %
Predictions - 1s: 266, 0s: 188
True Labels - 1s: 255, 0s: 199
Client 3 of 5: Local Epoch [2/3] Loss: 0.3854, Accuracy: 83.48 %
Predictions - 1s: 235, 0s: 219
True Labels - 1s: 233, 0s: 221
Client 2 of 5: Local Epoch [2/3] Loss: 0.3494, Accuracy: 83.70 %
Predictions - 1s: 220, 0s: 234
True Labels - 1s: 228, 0s: 226
Client 5 of 5: Local Epoch [3/3] Loss: 0.3407, Accuracy: 84.58 %
Predictions - 1s: 239, 0s: 215
True Labels - 1s: 237, 0s: 217
Client 4 of 5: Local Epoch [3/3] Loss: 0.3538, Accuracy: 83.70 %
Predictions - 1s: 254, 0s: 200
True Labels - 1s: 241, 0s: 213
Client 1 of 5: Local Epoch [3/3] Loss: 0.2757, Accuracy: 88.77 %
Predictions - 1s: 267, 0s: 187
True Labels - 1s: 255, 0s: 199
Client 3 of 5: Local Epoch [3/3] Loss: 0.3315, Accuracy: 88.55 %
Predictions - 1s: 239, 0s: 215
True Labels - 1s: 233, 0s: 221
Client 2 of 5: Local Epoch [3/3] Loss: 0.2987, Accuracy: 87.67 %
-------------------------------
Round [3/4] Average Local Loss: 0.3201, Average Local Accuracy: 86.65 %
-------------------------------
-------- Validation --------
Predictions - 1s: 337, 0s: 231
True Labels - 1s: 294, 0s: 274
Round [3/4] Global Model Validation Loss: 0.4602, Validation Accuracy: 79.40 %
-------- Validation finished --------

Round 4 of 4
-------------------------------
Predictions - 1s: 227, 0s: 227
True Labels - 1s: 228, 0s: 226
Client 5 of 5: Local Epoch [1/3] Loss: 0.4469, Accuracy: 75.99 %
Predictions - 1s: 228, 0s: 226
True Labels - 1s: 233, 0s: 221
Client 2 of 5: Local Epoch [1/3] Loss: 0.4050, Accuracy: 80.84 %
Predictions - 1s: 247, 0s: 207
True Labels - 1s: 241, 0s: 213
Client 1 of 5: Local Epoch [1/3] Loss: 0.3738, Accuracy: 85.46 %
Predictions - 1s: 255, 0s: 199
True Labels - 1s: 237, 0s: 217
Client 4 of 5: Local Epoch [1/3] Loss: 0.4328, Accuracy: 78.41 %
Predictions - 1s: 275, 0s: 179
True Labels - 1s: 255, 0s: 199
Client 3 of 5: Local Epoch [1/3] Loss: 0.4432, Accuracy: 80.62 %
Predictions - 1s: 228, 0s: 226
True Labels - 1s: 228, 0s: 226
Client 5 of 5: Local Epoch [2/3] Loss: 0.3750, Accuracy: 82.82 %
Predictions - 1s: 257, 0s: 197
True Labels - 1s: 237, 0s: 217
Client 4 of 5: Local Epoch [2/3] Loss: 0.3538, Accuracy: 84.14 %
Predictions - 1s: 250, 0s: 204
True Labels - 1s: 241, 0s: 213
Client 1 of 5: Local Epoch [2/3] Loss: 0.2900, Accuracy: 86.56 %
Predictions - 1s: 242, 0s: 212
True Labels - 1s: 233, 0s: 221
Client 2 of 5: Local Epoch [2/3] Loss: 0.3410, Accuracy: 84.80 %
Predictions - 1s: 263, 0s: 191
True Labels - 1s: 255, 0s: 199
Client 3 of 5: Local Epoch [2/3] Loss: 0.3609, Accuracy: 85.46 %
Predictions - 1s: 224, 0s: 230
True Labels - 1s: 228, 0s: 226
Client 5 of 5: Local Epoch [3/3] Loss: 0.3335, Accuracy: 86.34 %
Predictions - 1s: 254, 0s: 200
True Labels - 1s: 237, 0s: 217
Client 4 of 5: Local Epoch [3/3] Loss: 0.3038, Accuracy: 87.89 %
Predictions - 1s: 237, 0s: 217
True Labels - 1s: 241, 0s: 213
Client 1 of 5: Local Epoch [3/3] Loss: 0.2516, Accuracy: 89.87 %
Predictions - 1s: 232, 0s: 222
True Labels - 1s: 233, 0s: 221
Client 2 of 5: Local Epoch [3/3] Loss: 0.2792, Accuracy: 89.65 %
Predictions - 1s: 259, 0s: 195
True Labels - 1s: 255, 0s: 199
Client 3 of 5: Local Epoch [3/3] Loss: 0.3276, Accuracy: 85.46 %
-------------------------------
Round [4/4] Average Local Loss: 0.2991, Average Local Accuracy: 87.84 %
-------------------------------
-------- Validation --------
Predictions - 1s: 343, 0s: 225
True Labels - 1s: 294, 0s: 274
Round [4/4] Global Model Validation Loss: 0.4712, Validation Accuracy: 78.35 %
-------- Validation finished --------
Best model in round 2 saved with Validation Loss: 0.4596 and Validation Accuracy: 78.52 %

-------- Training finished in 6:46 --------

Test flag enabled. Testing the model

-------- Loading best model from model_path --------
Loaded model bert-medium from date 20-04-2024 00:22. Trained with Federated Learning technology.
Round 2, lr: 6e-05, optimizer: AdamW
Average train accuracy: 83.52 %, Validation accuracy: 78.52 %
-------- Best model loaded --------

-------- Creating Test Dataloader --------
Test Loader: 715 total sentences. 90 batches of size 8.
-------- Test Dataloader created --------

-------- Testing --------
Predictions - 1s: 429, 0s: 286
True Labels - 1s: 369, 0s: 346
Nº of test samples: 715
Accuracy: 75.94%
Accuracy 2 : 75.94%
Precision: 76.69%
Recall: 75.65%
F1 Score: 75.62%
Classification report:
              precision    recall  f1-score   support

           0     0.8042    0.6647    0.7278       346
           1     0.7296    0.8482    0.7845       369

    accuracy                         0.7594       715
   macro avg     0.7669    0.7565    0.7562       715
weighted avg     0.7657    0.7594    0.7571       715

-------- Testing finished --------
