Current configuration:
{
    "concurrency_flag": true,
    "data_distribution": "iid",
    "dataset": "dreaddit",
    "device": "cuda",
    "dp_delta": 0.003,
    "dp_epsilon": 0.0,
    "eval_batch_size": 4,
    "eval_flag": true,
    "eval_size": 0.2,
    "fed_alg": "fedavg",
    "layers": 3,
    "learning_rate": 6e-05,
    "max_length": 512,
    "ml_mode": "bcfl",
    "model": "bert_medium",
    "model_name": "bcfl_medium_seed2_dreaddit",
    "models_path": "/local/vpaloma/fabric-federated-learning/ablation_study/phase-4/final/accs-times/dreaddit/",
    "mu": 0.5,
    "num_clients": 5,
    "num_epochs": 3,
    "num_rounds": 4,
    "optimizer": "AdamW",
    "progress_bar_flag": false,
    "save_model": true,
    "scheduler": "linear",
    "scheduler_warmup_steps": 0,
    "seed": "random",
    "test_flag": true,
    "train_batch_size": 4,
    "train_size": 0.8
}
-------- Configuration loaded --------

-------- Setting device --------
cuda device selected and available.
-------- Device set --------

-------- Setting seed --------
seed set:  881180
-------- Seed set --------

-------- Creating Model --------
-------- Model created --------

-------- Setting Trainable Layers --------
Training the last 3 layers.

Total parameters count: 41374210
Trainable parameters count: 3416066
-------- Trainable Layers set --------

-------- Creating Tokenizer --------
-------- Tokenizer created --------

-------- Creating Train and Eval Dataloaders --------
Train Loader: 2270 total sentences. 568 batches of size 4.
Eval Loader: 568 total sentences. 142 batches of size 4.
-------- Train and Eval Dataloaders created --------

-------- Training --------
Training with Blockchain-Based Federated Learning technology.
Training without differential privacy.
Federated averaging algorithm selected.
Client 0: Label 0: 240, Label 1: 214
Client 1: Label 0: 190, Label 1: 264
Client 2: Label 0: 226, Label 1: 228
Client 3: Label 0: 203, Label 1: 251
Client 4: Label 0: 221, Label 1: 233

Round 1 of 4
-------------------------------
Predictions - 1s: 286, 0s: 168
True Labels - 1s: 233, 0s: 221
Client 5 of 5: Local Epoch [1/3] Loss: 0.5995, Accuracy: 68.50 %
Predictions - 1s: 229, 0s: 225
True Labels - 1s: 228, 0s: 226
Client 3 of 5: Local Epoch [1/3] Loss: 0.6149, Accuracy: 65.86 %
Predictions - 1s: 306, 0s: 148
True Labels - 1s: 251, 0s: 203
Client 4 of 5: Local Epoch [1/3] Loss: 0.6134, Accuracy: 65.86 %
Predictions - 1s: 344, 0s: 110
True Labels - 1s: 264, 0s: 190
Client 2 of 5: Local Epoch [1/3] Loss: 0.6082, Accuracy: 66.08 %
Predictions - 1s: 201, 0s: 253
True Labels - 1s: 214, 0s: 240
Client 1 of 5: Local Epoch [1/3] Loss: 0.6102, Accuracy: 64.10 %
Predictions - 1s: 229, 0s: 225
True Labels - 1s: 233, 0s: 221
Client 5 of 5: Local Epoch [2/3] Loss: 0.4377, Accuracy: 79.30 %
Predictions - 1s: 239, 0s: 215
True Labels - 1s: 228, 0s: 226
Client 3 of 5: Local Epoch [2/3] Loss: 0.4768, Accuracy: 78.19 %
Predictions - 1s: 261, 0s: 193
True Labels - 1s: 251, 0s: 203
Client 4 of 5: Local Epoch [2/3] Loss: 0.4644, Accuracy: 77.53 %
Predictions - 1s: 303, 0s: 151
True Labels - 1s: 264, 0s: 190
Client 2 of 5: Local Epoch [2/3] Loss: 0.4802, Accuracy: 77.31 %
Predictions - 1s: 214, 0s: 240
True Labels - 1s: 214, 0s: 240
Client 1 of 5: Local Epoch [2/3] Loss: 0.4878, Accuracy: 75.33 %
Predictions - 1s: 219, 0s: 235
True Labels - 1s: 233, 0s: 221
Client 5 of 5: Local Epoch [3/3] Loss: 0.3898, Accuracy: 81.94 %
Predictions - 1s: 220, 0s: 234
True Labels - 1s: 228, 0s: 226
Client 3 of 5: Local Epoch [3/3] Loss: 0.3975, Accuracy: 84.14 %
Predictions - 1s: 260, 0s: 194
True Labels - 1s: 251, 0s: 203
Client 4 of 5: Local Epoch [3/3] Loss: 0.4178, Accuracy: 81.28 %
Predictions - 1s: 282, 0s: 172
True Labels - 1s: 264, 0s: 190
Client 2 of 5: Local Epoch [3/3] Loss: 0.4165, Accuracy: 81.50 %
Predictions - 1s: 209, 0s: 245
True Labels - 1s: 214, 0s: 240
Client 1 of 5: Local Epoch [3/3] Loss: 0.4412, Accuracy: 79.96 %
-------------------------------
Round [1/4] Average Local Loss: 0.4126, Average Local Accuracy: 81.76 %
-------------------------------
-------- Validation --------
Predictions - 1s: 318, 0s: 250
True Labels - 1s: 298, 0s: 270
Round [1/4] Global Model Validation Loss: 0.4905, Validation Accuracy: 74.65 %
-------- Validation finished --------
Updated best model in round 1 saved with Validation Loss: 0.4905 and Validation Accuracy: 74.65 %
-------------------------------

Round 2 of 4
-------------------------------
Predictions - 1s: 277, 0s: 177
True Labels - 1s: 264, 0s: 190
Client 2 of 5: Local Epoch [1/3] Loss: 0.5024, Accuracy: 75.55 %
Predictions - 1s: 225, 0s: 229
True Labels - 1s: 214, 0s: 240
Client 1 of 5: Local Epoch [1/3] Loss: 0.4977, Accuracy: 72.91 %
Predictions - 1s: 235, 0s: 219
True Labels - 1s: 228, 0s: 226
Client 3 of 5: Local Epoch [1/3] Loss: 0.4761, Accuracy: 76.87 %
Predictions - 1s: 226, 0s: 228
True Labels - 1s: 233, 0s: 221
Client 5 of 5: Local Epoch [1/3] Loss: 0.4525, Accuracy: 79.07 %
Predictions - 1s: 262, 0s: 192
True Labels - 1s: 251, 0s: 203
Client 4 of 5: Local Epoch [1/3] Loss: 0.4769, Accuracy: 77.31 %
Predictions - 1s: 281, 0s: 173
True Labels - 1s: 264, 0s: 190
Client 2 of 5: Local Epoch [2/3] Loss: 0.4033, Accuracy: 82.60 %
Predictions - 1s: 234, 0s: 220
True Labels - 1s: 228, 0s: 226
Client 3 of 5: Local Epoch [2/3] Loss: 0.4092, Accuracy: 80.62 %
Predictions - 1s: 211, 0s: 243
True Labels - 1s: 214, 0s: 240
Client 1 of 5: Local Epoch [2/3] Loss: 0.4310, Accuracy: 77.31 %
Predictions - 1s: 240, 0s: 214
True Labels - 1s: 233, 0s: 221
Client 5 of 5: Local Epoch [2/3] Loss: 0.4067, Accuracy: 79.96 %
Predictions - 1s: 258, 0s: 196
True Labels - 1s: 251, 0s: 203
Client 4 of 5: Local Epoch [2/3] Loss: 0.4109, Accuracy: 81.28 %
Predictions - 1s: 276, 0s: 178
True Labels - 1s: 264, 0s: 190
Client 2 of 5: Local Epoch [3/3] Loss: 0.3727, Accuracy: 83.26 %
Predictions - 1s: 241, 0s: 213
True Labels - 1s: 228, 0s: 226
Client 3 of 5: Local Epoch [3/3] Loss: 0.3652, Accuracy: 83.48 %
Predictions - 1s: 194, 0s: 260
True Labels - 1s: 214, 0s: 240
Client 1 of 5: Local Epoch [3/3] Loss: 0.3799, Accuracy: 83.70 %
Predictions - 1s: 233, 0s: 221
True Labels - 1s: 233, 0s: 221
Client 5 of 5: Local Epoch [3/3] Loss: 0.3424, Accuracy: 84.58 %
Predictions - 1s: 265, 0s: 189
True Labels - 1s: 251, 0s: 203
Client 4 of 5: Local Epoch [3/3] Loss: 0.3707, Accuracy: 85.02 %
-------------------------------
Round [2/4] Average Local Loss: 0.3662, Average Local Accuracy: 84.01 %
-------------------------------
-------- Validation --------
Predictions - 1s: 335, 0s: 233
True Labels - 1s: 298, 0s: 270
Round [2/4] Global Model Validation Loss: 0.4768, Validation Accuracy: 77.29 %
-------- Validation finished --------
Updated best model in round 2 saved with Validation Loss: 0.4768 and Validation Accuracy: 77.29 %
-------------------------------

Round 3 of 4
-------------------------------
Predictions - 1s: 228, 0s: 226
True Labels - 1s: 214, 0s: 240
Client 1 of 5: Local Epoch [1/3] Loss: 0.4592, Accuracy: 77.53 %
Predictions - 1s: 276, 0s: 178
True Labels - 1s: 264, 0s: 190
Client 2 of 5: Local Epoch [1/3] Loss: 0.4298, Accuracy: 80.62 %
Predictions - 1s: 260, 0s: 194
True Labels - 1s: 251, 0s: 203
Client 4 of 5: Local Epoch [1/3] Loss: 0.4542, Accuracy: 76.87 %
Predictions - 1s: 240, 0s: 214
True Labels - 1s: 233, 0s: 221
Client 5 of 5: Local Epoch [1/3] Loss: 0.4121, Accuracy: 81.28 %
Predictions - 1s: 220, 0s: 234
True Labels - 1s: 228, 0s: 226
Client 3 of 5: Local Epoch [1/3] Loss: 0.4437, Accuracy: 78.41 %
Predictions - 1s: 251, 0s: 203
True Labels - 1s: 251, 0s: 203
Client 4 of 5: Local Epoch [2/3] Loss: 0.3702, Accuracy: 84.58 %
Predictions - 1s: 208, 0s: 246
True Labels - 1s: 214, 0s: 240
Client 1 of 5: Local Epoch [2/3] Loss: 0.3988, Accuracy: 80.62 %
Predictions - 1s: 233, 0s: 221
True Labels - 1s: 228, 0s: 226
Client 3 of 5: Local Epoch [2/3] Loss: 0.3834, Accuracy: 81.28 %
Predictions - 1s: 274, 0s: 180
True Labels - 1s: 264, 0s: 190
Client 2 of 5: Local Epoch [2/3] Loss: 0.3797, Accuracy: 82.38 %
Predictions - 1s: 237, 0s: 217
True Labels - 1s: 233, 0s: 221
Client 5 of 5: Local Epoch [2/3] Loss: 0.3778, Accuracy: 83.26 %
Predictions - 1s: 263, 0s: 191
True Labels - 1s: 251, 0s: 203
Client 4 of 5: Local Epoch [3/3] Loss: 0.3445, Accuracy: 85.90 %
Predictions - 1s: 210, 0s: 244
True Labels - 1s: 214, 0s: 240
Client 1 of 5: Local Epoch [3/3] Loss: 0.3520, Accuracy: 82.82 %
Predictions - 1s: 239, 0s: 215
True Labels - 1s: 228, 0s: 226
Client 3 of 5: Local Epoch [3/3] Loss: 0.3295, Accuracy: 87.00 %
Predictions - 1s: 280, 0s: 174
True Labels - 1s: 264, 0s: 190
Client 2 of 5: Local Epoch [3/3] Loss: 0.3423, Accuracy: 85.46 %
Predictions - 1s: 224, 0s: 230
True Labels - 1s: 233, 0s: 221
Client 5 of 5: Local Epoch [3/3] Loss: 0.3191, Accuracy: 86.56 %
-------------------------------
Round [3/4] Average Local Loss: 0.3374, Average Local Accuracy: 85.55 %
-------------------------------
-------- Validation --------
Predictions - 1s: 325, 0s: 243
True Labels - 1s: 298, 0s: 270
Round [3/4] Global Model Validation Loss: 0.4660, Validation Accuracy: 79.05 %
-------- Validation finished --------
Updated best model in round 3 saved with Validation Loss: 0.4660 and Validation Accuracy: 79.05 %
-------------------------------

Round 4 of 4
-------------------------------
Predictions - 1s: 256, 0s: 198
True Labels - 1s: 251, 0s: 203
Client 4 of 5: Local Epoch [1/3] Loss: 0.4453, Accuracy: 79.52 %
Predictions - 1s: 228, 0s: 226
True Labels - 1s: 233, 0s: 221
Client 5 of 5: Local Epoch [1/3] Loss: 0.4050, Accuracy: 79.52 %
Predictions - 1s: 227, 0s: 227
True Labels - 1s: 228, 0s: 226
Client 3 of 5: Local Epoch [1/3] Loss: 0.4270, Accuracy: 79.96 %
Predictions - 1s: 277, 0s: 177
True Labels - 1s: 264, 0s: 190
Client 2 of 5: Local Epoch [1/3] Loss: 0.4129, Accuracy: 79.96 %
Predictions - 1s: 211, 0s: 243
True Labels - 1s: 214, 0s: 240
Client 1 of 5: Local Epoch [1/3] Loss: 0.4118, Accuracy: 80.84 %
Predictions - 1s: 268, 0s: 186
True Labels - 1s: 251, 0s: 203
Client 4 of 5: Local Epoch [2/3] Loss: 0.3533, Accuracy: 83.04 %
Predictions - 1s: 233, 0s: 221
True Labels - 1s: 233, 0s: 221
Client 5 of 5: Local Epoch [2/3] Loss: 0.3570, Accuracy: 83.70 %
Predictions - 1s: 232, 0s: 222
True Labels - 1s: 228, 0s: 226
Client 3 of 5: Local Epoch [2/3] Loss: 0.3411, Accuracy: 83.70 %
Predictions - 1s: 262, 0s: 192
True Labels - 1s: 264, 0s: 190
Client 2 of 5: Local Epoch [2/3] Loss: 0.3387, Accuracy: 85.46 %
Predictions - 1s: 218, 0s: 236
True Labels - 1s: 214, 0s: 240
Client 1 of 5: Local Epoch [2/3] Loss: 0.3592, Accuracy: 83.26 %
Predictions - 1s: 253, 0s: 201
True Labels - 1s: 251, 0s: 203
Client 4 of 5: Local Epoch [3/3] Loss: 0.3011, Accuracy: 86.78 %
Predictions - 1s: 230, 0s: 224
True Labels - 1s: 233, 0s: 221
Client 5 of 5: Local Epoch [3/3] Loss: 0.2884, Accuracy: 87.89 %
Predictions - 1s: 226, 0s: 228
True Labels - 1s: 228, 0s: 226
Client 3 of 5: Local Epoch [3/3] Loss: 0.3033, Accuracy: 88.99 %
Predictions - 1s: 260, 0s: 194
True Labels - 1s: 264, 0s: 190
Client 2 of 5: Local Epoch [3/3] Loss: 0.3137, Accuracy: 87.22 %
Predictions - 1s: 208, 0s: 246
True Labels - 1s: 214, 0s: 240
Client 1 of 5: Local Epoch [3/3] Loss: 0.2941, Accuracy: 87.22 %
-------------------------------
Round [4/4] Average Local Loss: 0.3001, Average Local Accuracy: 87.62 %
-------------------------------
-------- Validation --------
Predictions - 1s: 333, 0s: 235
True Labels - 1s: 298, 0s: 270
Round [4/4] Global Model Validation Loss: 0.4621, Validation Accuracy: 78.35 %
-------- Validation finished --------
Updated best model in round 4 saved with Validation Loss: 0.4621 and Validation Accuracy: 78.35 %
-------------------------------
Best model in round 4 saved with Validation Loss: 0.4621 and Validation Accuracy: 78.35 %

-------- Training finished in 6:52 --------

Test flag enabled. Testing the model

-------- Loading best model from model_path --------
Loaded model bert-medium from date 20-04-2024 00:06. Trained with Federated Learning technology.
Round 4, lr: 6e-05, optimizer: AdamW
Average train accuracy: 87.62 %, Validation accuracy: 78.35 %
-------- Best model loaded --------

-------- Creating Test Dataloader --------
Test Loader: 715 total sentences. 90 batches of size 8.
-------- Test Dataloader created --------

-------- Testing --------
Predictions - 1s: 429, 0s: 286
True Labels - 1s: 369, 0s: 346
Nº of test samples: 715
Accuracy: 76.50%
Accuracy 2 : 76.50%
Precision: 77.27%
Recall: 76.21%
F1 Score: 76.18%
Classification report:
              precision    recall  f1-score   support

           0     0.8112    0.6705    0.7342       346
           1     0.7343    0.8537    0.7895       369

    accuracy                         0.7650       715
   macro avg     0.7727    0.7621    0.7618       715
weighted avg     0.7715    0.7650    0.7627       715

-------- Testing finished --------
