Current configuration:
{
    "concurrency_flag": true,
    "data_distribution": "iid",
    "dataset": "dreaddit",
    "device": "cuda",
    "dp_delta": 0.003,
    "dp_epsilon": 0.0,
    "eval_batch_size": 4,
    "eval_flag": true,
    "eval_size": 0.2,
    "fed_alg": "fedavg",
    "layers": 3,
    "learning_rate": 6e-05,
    "max_length": 512,
    "ml_mode": "fl",
    "model": "bert_medium",
    "model_name": "fl_medium_seed7_dreaddit",
    "models_path": "/local/vpaloma/fabric-federated-learning/ablation_study/phase-4/final/accs-times/dreaddit/",
    "mu": 0.5,
    "num_clients": 5,
    "num_epochs": 3,
    "num_rounds": 4,
    "optimizer": "AdamW",
    "progress_bar_flag": false,
    "save_model": true,
    "scheduler": "linear",
    "scheduler_warmup_steps": 0,
    "seed": "random",
    "test_flag": true,
    "train_batch_size": 4,
    "train_size": 0.8
}
-------- Configuration loaded --------

-------- Setting device --------
cuda device selected and available.
-------- Device set --------

-------- Setting seed --------
seed set:  946089
-------- Seed set --------

-------- Creating Model --------
-------- Model created --------

-------- Setting Trainable Layers --------
Training the last 3 layers.

Total parameters count: 41374210
Trainable parameters count: 3416066
-------- Trainable Layers set --------

-------- Creating Tokenizer --------
-------- Tokenizer created --------

-------- Creating Train and Eval Dataloaders --------
Train Loader: 2270 total sentences. 568 batches of size 4.
Eval Loader: 568 total sentences. 142 batches of size 4.
-------- Train and Eval Dataloaders created --------

-------- Training --------
Training with Federated Learning technology.
Training without differential privacy.
Federated averaging algorithm selected.
Client 0: Label 0: 209, Label 1: 245
Client 1: Label 0: 218, Label 1: 236
Client 2: Label 0: 224, Label 1: 230
Client 3: Label 0: 230, Label 1: 224
Client 4: Label 0: 207, Label 1: 247

Round 1 of 4
-------------------------------
Predictions - 1s: 237, 0s: 217
True Labels - 1s: 230, 0s: 224
Client 3 of 5: Local Epoch [1/3] Loss: 0.6185, Accuracy: 67.18 %
Predictions - 1s: 292, 0s: 162
True Labels - 1s: 245, 0s: 209
Client 1 of 5: Local Epoch [1/3] Loss: 0.6024, Accuracy: 67.62 %
Predictions - 1s: 310, 0s: 144
True Labels - 1s: 247, 0s: 207
Client 5 of 5: Local Epoch [1/3] Loss: 0.6330, Accuracy: 64.54 %
Predictions - 1s: 244, 0s: 210
True Labels - 1s: 224, 0s: 230
Client 4 of 5: Local Epoch [1/3] Loss: 0.6068, Accuracy: 65.64 %
Predictions - 1s: 302, 0s: 152
True Labels - 1s: 236, 0s: 218
Client 2 of 5: Local Epoch [1/3] Loss: 0.6317, Accuracy: 63.00 %
Predictions - 1s: 242, 0s: 212
True Labels - 1s: 230, 0s: 224
Client 3 of 5: Local Epoch [2/3] Loss: 0.4912, Accuracy: 77.53 %
Predictions - 1s: 214, 0s: 240
True Labels - 1s: 224, 0s: 230
Client 4 of 5: Local Epoch [2/3] Loss: 0.4670, Accuracy: 79.74 %
Predictions - 1s: 256, 0s: 198
True Labels - 1s: 236, 0s: 218
Client 2 of 5: Local Epoch [2/3] Loss: 0.4966, Accuracy: 77.09 %
Predictions - 1s: 270, 0s: 184
True Labels - 1s: 245, 0s: 209
Client 1 of 5: Local Epoch [2/3] Loss: 0.4746, Accuracy: 77.75 %
Predictions - 1s: 262, 0s: 192
True Labels - 1s: 247, 0s: 207
Client 5 of 5: Local Epoch [2/3] Loss: 0.5320, Accuracy: 75.11 %
Predictions - 1s: 235, 0s: 219
True Labels - 1s: 230, 0s: 224
Client 3 of 5: Local Epoch [3/3] Loss: 0.4165, Accuracy: 82.16 %
Predictions - 1s: 217, 0s: 237
True Labels - 1s: 224, 0s: 230
Client 4 of 5: Local Epoch [3/3] Loss: 0.4102, Accuracy: 83.48 %
Predictions - 1s: 250, 0s: 204
True Labels - 1s: 236, 0s: 218
Client 2 of 5: Local Epoch [3/3] Loss: 0.4399, Accuracy: 79.74 %
Predictions - 1s: 261, 0s: 193
True Labels - 1s: 247, 0s: 207
Client 5 of 5: Local Epoch [3/3] Loss: 0.4715, Accuracy: 77.53 %
Predictions - 1s: 268, 0s: 186
True Labels - 1s: 245, 0s: 209
Client 1 of 5: Local Epoch [3/3] Loss: 0.3972, Accuracy: 82.16 %
-------------------------------
Round [1/4] Average Local Loss: 0.4271, Average Local Accuracy: 81.01 %
-------------------------------
-------- Validation --------
Predictions - 1s: 281, 0s: 287
True Labels - 1s: 306, 0s: 262
Round [1/4] Global Model Validation Loss: 0.4512, Validation Accuracy: 77.99 %
-------- Validation finished --------
Updated best model in round 1 saved with Validation Loss: 0.4512 and Validation Accuracy: 77.99 %
-------------------------------

Round 2 of 4
-------------------------------
Predictions - 1s: 262, 0s: 192
True Labels - 1s: 245, 0s: 209
Client 1 of 5: Local Epoch [1/3] Loss: 0.4784, Accuracy: 76.43 %
Predictions - 1s: 258, 0s: 196
True Labels - 1s: 236, 0s: 218
Client 2 of 5: Local Epoch [1/3] Loss: 0.5215, Accuracy: 72.25 %
Predictions - 1s: 243, 0s: 211
True Labels - 1s: 230, 0s: 224
Client 3 of 5: Local Epoch [1/3] Loss: 0.4799, Accuracy: 77.75 %
Predictions - 1s: 217, 0s: 237
True Labels - 1s: 224, 0s: 230
Client 4 of 5: Local Epoch [1/3] Loss: 0.4753, Accuracy: 78.19 %
Predictions - 1s: 263, 0s: 191
True Labels - 1s: 247, 0s: 207
Client 5 of 5: Local Epoch [1/3] Loss: 0.5328, Accuracy: 74.45 %
Predictions - 1s: 259, 0s: 195
True Labels - 1s: 245, 0s: 209
Client 1 of 5: Local Epoch [2/3] Loss: 0.4082, Accuracy: 82.38 %
Predictions - 1s: 251, 0s: 203
True Labels - 1s: 236, 0s: 218
Client 2 of 5: Local Epoch [2/3] Loss: 0.4306, Accuracy: 81.28 %
Predictions - 1s: 242, 0s: 212
True Labels - 1s: 230, 0s: 224
Client 3 of 5: Local Epoch [2/3] Loss: 0.4362, Accuracy: 80.62 %
Predictions - 1s: 231, 0s: 223
True Labels - 1s: 224, 0s: 230
Client 4 of 5: Local Epoch [2/3] Loss: 0.4182, Accuracy: 82.16 %
Predictions - 1s: 262, 0s: 192
True Labels - 1s: 247, 0s: 207
Client 5 of 5: Local Epoch [2/3] Loss: 0.4509, Accuracy: 79.52 %
Predictions - 1s: 270, 0s: 184
True Labels - 1s: 245, 0s: 209
Client 1 of 5: Local Epoch [3/3] Loss: 0.3593, Accuracy: 86.12 %
Predictions - 1s: 254, 0s: 200
True Labels - 1s: 236, 0s: 218
Client 2 of 5: Local Epoch [3/3] Loss: 0.4212, Accuracy: 80.18 %
Predictions - 1s: 233, 0s: 221
True Labels - 1s: 230, 0s: 224
Client 3 of 5: Local Epoch [3/3] Loss: 0.3693, Accuracy: 85.24 %
Predictions - 1s: 257, 0s: 197
True Labels - 1s: 247, 0s: 207
Client 5 of 5: Local Epoch [3/3] Loss: 0.3886, Accuracy: 83.26 %
Predictions - 1s: 226, 0s: 228
True Labels - 1s: 224, 0s: 230
Client 4 of 5: Local Epoch [3/3] Loss: 0.3710, Accuracy: 85.02 %
-------------------------------
Round [2/4] Average Local Loss: 0.3819, Average Local Accuracy: 83.96 %
-------------------------------
-------- Validation --------
Predictions - 1s: 320, 0s: 248
True Labels - 1s: 306, 0s: 262
Round [2/4] Global Model Validation Loss: 0.4209, Validation Accuracy: 80.28 %
-------- Validation finished --------
Updated best model in round 2 saved with Validation Loss: 0.4209 and Validation Accuracy: 80.28 %
-------------------------------

Round 3 of 4
-------------------------------
Predictions - 1s: 223, 0s: 231
True Labels - 1s: 224, 0s: 230
Client 4 of 5: Local Epoch [1/3] Loss: 0.4554, Accuracy: 81.28 %
Predictions - 1s: 241, 0s: 213
True Labels - 1s: 230, 0s: 224
Client 3 of 5: Local Epoch [1/3] Loss: 0.4533, Accuracy: 77.75 %
Predictions - 1s: 248, 0s: 206
True Labels - 1s: 236, 0s: 218
Client 2 of 5: Local Epoch [1/3] Loss: 0.4660, Accuracy: 77.09 %
Predictions - 1s: 263, 0s: 191
True Labels - 1s: 245, 0s: 209
Client 1 of 5: Local Epoch [1/3] Loss: 0.4435, Accuracy: 79.74 %
Predictions - 1s: 270, 0s: 184
True Labels - 1s: 247, 0s: 207
Client 5 of 5: Local Epoch [1/3] Loss: 0.4848, Accuracy: 78.63 %
Predictions - 1s: 221, 0s: 233
True Labels - 1s: 224, 0s: 230
Client 4 of 5: Local Epoch [2/3] Loss: 0.3783, Accuracy: 83.48 %
Predictions - 1s: 253, 0s: 201
True Labels - 1s: 247, 0s: 207
Client 5 of 5: Local Epoch [2/3] Loss: 0.3990, Accuracy: 81.94 %
Predictions - 1s: 257, 0s: 197
True Labels - 1s: 245, 0s: 209
Client 1 of 5: Local Epoch [2/3] Loss: 0.3559, Accuracy: 84.14 %
Predictions - 1s: 242, 0s: 212
True Labels - 1s: 236, 0s: 218
Client 2 of 5: Local Epoch [2/3] Loss: 0.4057, Accuracy: 82.38 %
Predictions - 1s: 230, 0s: 224
True Labels - 1s: 230, 0s: 224
Client 3 of 5: Local Epoch [2/3] Loss: 0.3860, Accuracy: 83.70 %
Predictions - 1s: 224, 0s: 230
True Labels - 1s: 224, 0s: 230
Client 4 of 5: Local Epoch [3/3] Loss: 0.3363, Accuracy: 86.78 %
Predictions - 1s: 257, 0s: 197
True Labels - 1s: 247, 0s: 207
Client 5 of 5: Local Epoch [3/3] Loss: 0.3610, Accuracy: 83.70 %
Predictions - 1s: 255, 0s: 199
True Labels - 1s: 245, 0s: 209
Client 1 of 5: Local Epoch [3/3] Loss: 0.3314, Accuracy: 85.90 %
Predictions - 1s: 245, 0s: 209
True Labels - 1s: 236, 0s: 218
Client 2 of 5: Local Epoch [3/3] Loss: 0.3639, Accuracy: 83.92 %
Predictions - 1s: 232, 0s: 222
True Labels - 1s: 230, 0s: 224
Client 3 of 5: Local Epoch [3/3] Loss: 0.3435, Accuracy: 84.14 %
-------------------------------
Round [3/4] Average Local Loss: 0.3472, Average Local Accuracy: 84.89 %
-------------------------------
-------- Validation --------
Predictions - 1s: 313, 0s: 255
True Labels - 1s: 306, 0s: 262
Round [3/4] Global Model Validation Loss: 0.4091, Validation Accuracy: 81.16 %
-------- Validation finished --------
Updated best model in round 3 saved with Validation Loss: 0.4091 and Validation Accuracy: 81.16 %
-------------------------------

Round 4 of 4
-------------------------------
Predictions - 1s: 263, 0s: 191
True Labels - 1s: 247, 0s: 207
Client 5 of 5: Local Epoch [1/3] Loss: 0.4461, Accuracy: 80.18 %
Predictions - 1s: 260, 0s: 194
True Labels - 1s: 245, 0s: 209
Client 1 of 5: Local Epoch [1/3] Loss: 0.4088, Accuracy: 80.40 %
Predictions - 1s: 230, 0s: 224
True Labels - 1s: 230, 0s: 224
Client 3 of 5: Local Epoch [1/3] Loss: 0.4468, Accuracy: 77.53 %
Predictions - 1s: 246, 0s: 208
True Labels - 1s: 236, 0s: 218
Client 2 of 5: Local Epoch [1/3] Loss: 0.4713, Accuracy: 77.53 %
Predictions - 1s: 232, 0s: 222
True Labels - 1s: 224, 0s: 230
Client 4 of 5: Local Epoch [1/3] Loss: 0.4348, Accuracy: 81.50 %
Predictions - 1s: 251, 0s: 203
True Labels - 1s: 247, 0s: 207
Client 5 of 5: Local Epoch [2/3] Loss: 0.3798, Accuracy: 83.70 %
Predictions - 1s: 254, 0s: 200
True Labels - 1s: 245, 0s: 209
Client 1 of 5: Local Epoch [2/3] Loss: 0.3331, Accuracy: 84.36 %
Predictions - 1s: 235, 0s: 219
True Labels - 1s: 230, 0s: 224
Client 3 of 5: Local Epoch [2/3] Loss: 0.3608, Accuracy: 84.80 %
Predictions - 1s: 228, 0s: 226
True Labels - 1s: 224, 0s: 230
Client 4 of 5: Local Epoch [2/3] Loss: 0.3639, Accuracy: 85.02 %
Predictions - 1s: 252, 0s: 202
True Labels - 1s: 236, 0s: 218
Client 2 of 5: Local Epoch [2/3] Loss: 0.3944, Accuracy: 81.06 %
Predictions - 1s: 243, 0s: 211
True Labels - 1s: 247, 0s: 207
Client 5 of 5: Local Epoch [3/3] Loss: 0.3267, Accuracy: 86.78 %
Predictions - 1s: 247, 0s: 207
True Labels - 1s: 245, 0s: 209
Client 1 of 5: Local Epoch [3/3] Loss: 0.3070, Accuracy: 87.22 %
Predictions - 1s: 235, 0s: 219
True Labels - 1s: 230, 0s: 224
Client 3 of 5: Local Epoch [3/3] Loss: 0.3040, Accuracy: 87.00 %
Predictions - 1s: 245, 0s: 209
True Labels - 1s: 236, 0s: 218
Client 2 of 5: Local Epoch [3/3] Loss: 0.3359, Accuracy: 85.68 %
Predictions - 1s: 221, 0s: 233
True Labels - 1s: 224, 0s: 230
Client 4 of 5: Local Epoch [3/3] Loss: 0.3040, Accuracy: 88.77 %
-------------------------------
Round [4/4] Average Local Loss: 0.3155, Average Local Accuracy: 87.09 %
-------------------------------
-------- Validation --------
Predictions - 1s: 320, 0s: 248
True Labels - 1s: 306, 0s: 262
Round [4/4] Global Model Validation Loss: 0.4035, Validation Accuracy: 81.34 %
-------- Validation finished --------
Updated best model in round 4 saved with Validation Loss: 0.4035 and Validation Accuracy: 81.34 %
-------------------------------
Best model in round 4 saved with Validation Loss: 0.4035 and Validation Accuracy: 81.34 %

-------- Training finished in 2:52 --------

Test flag enabled. Testing the model

-------- Loading best model from model_path --------
Loaded model bert-medium from date 19-04-2024 23:50. Trained with Federated Learning technology.
Round 4, lr: 6e-05, optimizer: AdamW
Average train accuracy: 87.09 %, Validation accuracy: 81.34 %
-------- Best model loaded --------

-------- Creating Test Dataloader --------
Test Loader: 715 total sentences. 90 batches of size 8.
-------- Test Dataloader created --------

-------- Testing --------
Predictions - 1s: 416, 0s: 299
True Labels - 1s: 369, 0s: 346
Nº of test samples: 715
Accuracy: 76.36%
Accuracy 2 : 76.36%
Precision: 76.82%
Recall: 76.13%
F1 Score: 76.13%
Classification report:
              precision    recall  f1-score   support

           0     0.7960    0.6879    0.7380       346
           1     0.7404    0.8347    0.7847       369

    accuracy                         0.7636       715
   macro avg     0.7682    0.7613    0.7613       715
weighted avg     0.7673    0.7636    0.7621       715

-------- Testing finished --------
