Current configuration:
{
    "concurrency_flag": true,
    "data_distribution": "iid",
    "dataset": "dreaddit",
    "device": "cuda",
    "dp_delta": 0.003,
    "dp_epsilon": 0.0,
    "eval_batch_size": 4,
    "eval_flag": true,
    "eval_size": 0.2,
    "fed_alg": "fedavg",
    "layers": 3,
    "learning_rate": 6e-05,
    "max_length": 512,
    "ml_mode": "fl",
    "model": "bert_small",
    "model_name": "fl_small_seed8_dreaddit",
    "models_path": "/local/vpaloma/fabric-federated-learning/ablation_study/phase-4/final/accs-times/dreaddit/",
    "mu": 0.5,
    "num_clients": 5,
    "num_epochs": 3,
    "num_rounds": 4,
    "optimizer": "AdamW",
    "progress_bar_flag": false,
    "save_model": true,
    "scheduler": "linear",
    "scheduler_warmup_steps": 0,
    "seed": "random",
    "test_flag": true,
    "train_batch_size": 4,
    "train_size": 0.8
}
-------- Configuration loaded --------

-------- Setting device --------
cuda device selected and available.
-------- Device set --------

-------- Setting seed --------
seed set:  563679
-------- Seed set --------

-------- Creating Model --------
-------- Model created --------

-------- Setting Trainable Layers --------
Training the last 3 layers.

Total parameters count: 28764674
Trainable parameters count: 3416066
-------- Trainable Layers set --------

-------- Creating Tokenizer --------
-------- Tokenizer created --------

-------- Creating Train and Eval Dataloaders --------
Train Loader: 2270 total sentences. 568 batches of size 4.
Eval Loader: 568 total sentences. 142 batches of size 4.
-------- Train and Eval Dataloaders created --------

-------- Training --------
Training with Federated Learning technology.
Training without differential privacy.
Federated averaging algorithm selected.
Client 0: Label 0: 217, Label 1: 237
Client 1: Label 0: 210, Label 1: 244
Client 2: Label 0: 219, Label 1: 235
Client 3: Label 0: 217, Label 1: 237
Client 4: Label 0: 217, Label 1: 237

Round 1 of 4
-------------------------------
Predictions - 1s: 267, 0s: 187
True Labels - 1s: 244, 0s: 210
Client 2 of 5: Local Epoch [1/3] Loss: 0.5789, Accuracy: 70.26 %
Predictions - 1s: 268, 0s: 186
True Labels - 1s: 235, 0s: 219
Client 3 of 5: Local Epoch [1/3] Loss: 0.6274, Accuracy: 63.22 %
Predictions - 1s: 259, 0s: 195
Predictions - 1s: 260, 0s: 194
True Labels - 1s: 237, 0s: 217
True Labels - 1s: 237, 0s: 217
Client 4 of 5: Local Epoch [1/3] Loss: 0.5912, Accuracy: 66.74 %
Client 5 of 5: Local Epoch [1/3] Loss: 0.5950, Accuracy: 67.40 %
Predictions - 1s: 263, 0s: 191
True Labels - 1s: 237, 0s: 217
Client 1 of 5: Local Epoch [1/3] Loss: 0.6062, Accuracy: 64.76 %
Predictions - 1s: 258, 0s: 196
True Labels - 1s: 244, 0s: 210
Client 2 of 5: Local Epoch [2/3] Loss: 0.4555, Accuracy: 78.85 %
Predictions - 1s: 266, 0s: 188
True Labels - 1s: 244, 0s: 210
Client 2 of 5: Local Epoch [3/3] Loss: 0.3918, Accuracy: 83.26 %
Predictions - 1s: 258, 0s: 196
Predictions - 1s: 246, 0s: 208
True Labels - 1s: 237, 0s: 217
Client 5 of 5: Local Epoch [2/3] Loss: 0.4749, Accuracy: 77.75 %
Predictions - 1s: 252, 0s: 202
True Labels - 1s: 235, 0s: 219
True Labels - 1s: 237, 0s: 217
Client 4 of 5: Local Epoch [2/3] Loss: 0.4667, Accuracy: 79.07 %
Predictions - 1s: 249, 0s: 205
Client 3 of 5: Local Epoch [2/3] Loss: 0.5022, Accuracy: 77.75 %
True Labels - 1s: 237, 0s: 217
Client 1 of 5: Local Epoch [2/3] Loss: 0.4757, Accuracy: 78.41 %
Predictions - 1s: 237, 0s: 217
True Labels - 1s: 235, 0s: 219
Client 3 of 5: Local Epoch [3/3] Loss: 0.4621, Accuracy: 78.85 %
Predictions - 1s: 233, 0s: 221
Predictions - 1s: 254, 0s: 200
True Labels - 1s: 237, 0s: 217
True Labels - 1s: 237, 0s: 217
Client 4 of 5: Local Epoch [3/3] Loss: 0.4179, Accuracy: 81.94 %
Client 1 of 5: Local Epoch [3/3] Loss: 0.4216, Accuracy: 83.04 %
Predictions - 1s: 231, 0s: 223
True Labels - 1s: 237, 0s: 217
Client 5 of 5: Local Epoch [3/3] Loss: 0.4164, Accuracy: 80.62 %
-------------------------------
Round [1/4] Average Local Loss: 0.4220, Average Local Accuracy: 81.54 %
-------------------------------
-------- Validation --------
Predictions - 1s: 369, 0s: 199
True Labels - 1s: 298, 0s: 270
Round [1/4] Global Model Validation Loss: 0.5143, Validation Accuracy: 74.12 %
-------- Validation finished --------
Updated best model in round 1 saved with Validation Loss: 0.5143 and Validation Accuracy: 74.12 %
-------------------------------

Round 2 of 4
-------------------------------
Predictions - 1s: 244, 0s: 210
True Labels - 1s: 237, 0s: 217
Client 5 of 5: Local Epoch [1/3] Loss: 0.4722, Accuracy: 76.87 %
Predictions - 1s: 256, 0s: 198
Predictions - 1s: 247, 0s: 207
True Labels - 1s: 244, 0s: 210
True Labels - 1s: 237, 0s: 217
Client 4 of 5: Local Epoch [1/3] Loss: 0.4812, Accuracy: 75.33 %
Client 2 of 5: Local Epoch [1/3] Loss: 0.4496, Accuracy: 77.53 %
Predictions - 1s: 251, 0s: 203
True Labels - 1s: 235, 0s: 219
Client 3 of 5: Local Epoch [1/3] Loss: 0.5248, Accuracy: 73.13 %
Predictions - 1s: 260, 0s: 194
True Labels - 1s: 237, 0s: 217
Client 1 of 5: Local Epoch [1/3] Loss: 0.4635, Accuracy: 80.40 %
Predictions - 1s: 250, 0s: 204
True Labels - 1s: 237, 0s: 217
Client 4 of 5: Local Epoch [2/3] Loss: 0.4191, Accuracy: 80.40 %
Predictions - 1s: 244, 0s: 210
True Labels - 1s: 237, 0s: 217
Client 1 of 5: Local Epoch [2/3] Loss: 0.4066, Accuracy: 81.72 %
Predictions - 1s: 256, 0s: 198
True Labels - 1s: 237, 0s: 217
Client 5 of 5: Local Epoch [2/3] Loss: 0.4104, Accuracy: 81.28 %
Predictions - 1s: 225, 0s: 229
True Labels - 1s: 235, 0s: 219
Client 3 of 5: Local Epoch [2/3] Loss: 0.4377, Accuracy: 79.74 %
Predictions - 1s: 257, 0s: 197
True Labels - 1s: 244, 0s: 210
Client 2 of 5: Local Epoch [2/3] Loss: 0.3733, Accuracy: 83.92 %
Predictions - 1s: 240, 0s: 214
True Labels - 1s: 237, 0s: 217
Client 4 of 5: Local Epoch [3/3] Loss: 0.3534, Accuracy: 83.04 %
Predictions - 1s: 252, 0s: 202
True Labels - 1s: 237, 0s: 217
Client 1 of 5: Local Epoch [3/3] Loss: 0.3530, Accuracy: 84.80 %
Predictions - 1s: 241, 0s: 213
True Labels - 1s: 237, 0s: 217
Client 5 of 5: Local Epoch [3/3] Loss: 0.3568, Accuracy: 84.14 %
Predictions - 1s: 259, 0s: 195
True Labels - 1s: 244, 0s: 210
Client 2 of 5: Local Epoch [3/3] Loss: 0.3268, Accuracy: 85.24 %
Predictions - 1s: 248, 0s: 206
True Labels - 1s: 235, 0s: 219
Client 3 of 5: Local Epoch [3/3] Loss: 0.4007, Accuracy: 82.60 %
-------------------------------
Round [2/4] Average Local Loss: 0.3581, Average Local Accuracy: 83.96 %
-------------------------------
-------- Validation --------
Predictions - 1s: 360, 0s: 208
True Labels - 1s: 298, 0s: 270
Round [2/4] Global Model Validation Loss: 0.5097, Validation Accuracy: 75.70 %
-------- Validation finished --------
Updated best model in round 2 saved with Validation Loss: 0.5097 and Validation Accuracy: 75.70 %
-------------------------------

Round 3 of 4
-------------------------------
Predictions - 1s: 245, 0s: 209
True Labels - 1s: 237, 0s: 217
Client 1 of 5: Local Epoch [1/3] Loss: 0.4372, Accuracy: 80.62 %
Predictions - 1s: 255, 0s: 199
True Labels - 1s: 244, 0s: 210
Client 2 of 5: Local Epoch [1/3] Loss: 0.4216, Accuracy: 80.40 %
Predictions - 1s: 235, 0s: 219
Predictions - 1s: 252, 0s: 202
Predictions - 1s: 236, 0s: 218
True Labels - 1s: 235, 0s: 219
Client 3 of 5: Local Epoch [1/3] Loss: 0.4845, Accuracy: 77.53 %
True Labels - 1s: 237, 0s: 217
Client 4 of 5: Local Epoch [1/3] Loss: 0.4593, Accuracy: 76.43 %
True Labels - 1s: 237, 0s: 217
Client 5 of 5: Local Epoch [1/3] Loss: 0.4004, Accuracy: 80.40 %
Predictions - 1s: 242, 0s: 212
True Labels - 1s: 235, 0s: 219
Client 3 of 5: Local Epoch [2/3] Loss: 0.4063, Accuracy: 81.72 %
Predictions - 1s: 246, 0s: 208
True Labels - 1s: 237, 0s: 217
Client 4 of 5: Local Epoch [2/3] Loss: 0.3851, Accuracy: 81.28 %
Predictions - 1s: 242, 0s: 212
True Labels - 1s: 237, 0s: 217
Client 5 of 5: Local Epoch [2/3] Loss: 0.3566, Accuracy: 82.16 %
Predictions - 1s: 247, 0s: 207
Predictions - 1s: 245, 0s: 209
True Labels - 1s: 244, 0s: 210
True Labels - 1s: 237, 0s: 217
Client 2 of 5: Local Epoch [2/3] Loss: 0.3368, Accuracy: 84.80 %
Client 1 of 5: Local Epoch [2/3] Loss: 0.3574, Accuracy: 83.70 %
Predictions - 1s: 242, 0s: 212
True Labels - 1s: 235, 0s: 219
Client 3 of 5: Local Epoch [3/3] Loss: 0.3797, Accuracy: 84.80 %
Predictions - 1s: 242, 0s: 212
True Labels - 1s: 237, 0s: 217
Client 1 of 5: Local Epoch [3/3] Loss: 0.3200, Accuracy: 88.33 %
Predictions - 1s: 233, 0s: 221
Predictions - 1s: 245, 0s: 209
True Labels - 1s: 237, 0s: 217
Client 5 of 5: Local Epoch [3/3] Loss: 0.3184, Accuracy: 86.34 %
True Labels - 1s: 237, 0s: 217
Client 4 of 5: Local Epoch [3/3] Loss: 0.3303, Accuracy: 85.02 %
Predictions - 1s: 252, 0s: 202
True Labels - 1s: 244, 0s: 210
Client 2 of 5: Local Epoch [3/3] Loss: 0.2905, Accuracy: 88.55 %
-------------------------------
Round [3/4] Average Local Loss: 0.3278, Average Local Accuracy: 86.61 %
-------------------------------
-------- Validation --------
Predictions - 1s: 365, 0s: 203
True Labels - 1s: 298, 0s: 270
Round [3/4] Global Model Validation Loss: 0.5229, Validation Accuracy: 74.82 %
-------- Validation finished --------

Round 4 of 4
-------------------------------
Predictions - 1s: 250, 0s: 204
True Labels - 1s: 244, 0s: 210
Client 2 of 5: Local Epoch [1/3] Loss: 0.3947, Accuracy: 81.50 %
Predictions - 1s: 241, 0s: 213
True Labels - 1s: 235, 0s: 219
Client 3 of 5: Local Epoch [1/3] Loss: 0.4864, Accuracy: 77.53 %
Predictions - 1s: 242, 0s: 212
True Labels - 1s: 237, 0s: 217
Client 4 of 5: Local Epoch [1/3] Loss: 0.4373, Accuracy: 80.40 %
Predictions - 1s: 247, 0s: 207
True Labels - 1s: 237, 0s: 217
Client 1 of 5: Local Epoch [1/3] Loss: 0.4246, Accuracy: 81.06 %
Predictions - 1s: 236, 0s: 218
True Labels - 1s: 237, 0s: 217
Client 5 of 5: Local Epoch [1/3] Loss: 0.4031, Accuracy: 80.84 %
Predictions - 1s: 251, 0s: 203
True Labels - 1s: 237, 0s: 217
Client 1 of 5: Local Epoch [2/3] Loss: 0.3335, Accuracy: 85.90 %
Predictions - 1s: 243, 0s: 211
True Labels - 1s: 237, 0s: 217
Client 5 of 5: Local Epoch [2/3] Loss: 0.3312, Accuracy: 84.58 %
Predictions - 1s: 241, 0s: 213
Predictions - 1s: 254, 0s: 200
True Labels - 1s: 237, 0s: 217
Client 4 of 5: Local Epoch [2/3] Loss: 0.3289, Accuracy: 85.02 %
True Labels - 1s: 235, 0s: 219
Client 3 of 5: Local Epoch [2/3] Loss: 0.3797, Accuracy: 83.92 %
Predictions - 1s: 258, 0s: 196
True Labels - 1s: 244, 0s: 210
Client 2 of 5: Local Epoch [2/3] Loss: 0.2935, Accuracy: 87.67 %
Predictions - 1s: 249, 0s: 205
True Labels - 1s: 244, 0s: 210
Client 2 of 5: Local Epoch [3/3] Loss: 0.2706, Accuracy: 90.53 %
Predictions - 1s: 240, 0s: 214
True Labels - 1s: 237, 0s: 217
Client 1 of 5: Local Epoch [3/3] Loss: 0.2909, Accuracy: 90.09 %
Predictions - 1s: 234, 0s: 220
True Labels - 1s: 237, 0s: 217
Client 4 of 5: Local Epoch [3/3] Loss: 0.2861, Accuracy: 88.33 %
Predictions - 1s: 234, 0s: 220
True Labels - 1s: 237, 0s: 217
Client 5 of 5: Local Epoch [3/3] Loss: 0.2823, Accuracy: 87.89 %
Predictions - 1s: 240, 0s: 214
True Labels - 1s: 235, 0s: 219
Client 3 of 5: Local Epoch [3/3] Loss: 0.3442, Accuracy: 86.56 %
-------------------------------
Round [4/4] Average Local Loss: 0.2948, Average Local Accuracy: 88.68 %
-------------------------------
-------- Validation --------
Predictions - 1s: 358, 0s: 210
True Labels - 1s: 298, 0s: 270
Round [4/4] Global Model Validation Loss: 0.5255, Validation Accuracy: 75.00 %
-------- Validation finished --------
Best model in round 2 saved with Validation Loss: 0.5097 and Validation Accuracy: 75.70 %

-------- Training finished in 2:16 --------

Test flag enabled. Testing the model

-------- Loading best model from model_path --------
Loaded model bert-small from date 19-04-2024 21:28. Trained with Federated Learning technology.
Round 2, lr: 6e-05, optimizer: AdamW
Average train accuracy: 83.96 %, Validation accuracy: 75.70 %
-------- Best model loaded --------

-------- Creating Test Dataloader --------
Test Loader: 715 total sentences. 90 batches of size 8.
-------- Test Dataloader created --------

-------- Testing --------
Predictions - 1s: 465, 0s: 250
True Labels - 1s: 369, 0s: 346
Nº of test samples: 715
Accuracy: 74.27%
Accuracy 2 : 74.27%
Precision: 76.15%
Recall: 73.81%
F1 Score: 73.53%
Classification report:
              precision    recall  f1-score   support

           0     0.8240    0.5954    0.6913       346
           1     0.6989    0.8808    0.7794       369

    accuracy                         0.7427       715
   macro avg     0.7615    0.7381    0.7353       715
weighted avg     0.7595    0.7427    0.7367       715

-------- Testing finished --------
