Current configuration:
{
    "concurrency_flag": true,
    "data_distribution": "iid",
    "dataset": "dreaddit",
    "device": "cuda",
    "dp_delta": 0.003,
    "dp_epsilon": 0.0,
    "eval_batch_size": 4,
    "eval_flag": true,
    "eval_size": 0.2,
    "fed_alg": "fedavg",
    "layers": 3,
    "learning_rate": 6e-05,
    "max_length": 512,
    "ml_mode": "fl",
    "model": "bert_small",
    "model_name": "fl_small_seed9_dreaddit",
    "models_path": "/local/vpaloma/fabric-federated-learning/ablation_study/phase-4/final/accs-times/dreaddit/",
    "mu": 0.5,
    "num_clients": 5,
    "num_epochs": 3,
    "num_rounds": 4,
    "optimizer": "AdamW",
    "progress_bar_flag": false,
    "save_model": true,
    "scheduler": "linear",
    "scheduler_warmup_steps": 0,
    "seed": "random",
    "test_flag": true,
    "train_batch_size": 4,
    "train_size": 0.8
}
-------- Configuration loaded --------

-------- Setting device --------
cuda device selected and available.
-------- Device set --------

-------- Setting seed --------
seed set:  816471
-------- Seed set --------

-------- Creating Model --------
-------- Model created --------

-------- Setting Trainable Layers --------
Training the last 3 layers.

Total parameters count: 28764674
Trainable parameters count: 3416066
-------- Trainable Layers set --------

-------- Creating Tokenizer --------
-------- Tokenizer created --------

-------- Creating Train and Eval Dataloaders --------
Train Loader: 2270 total sentences. 568 batches of size 4.
Eval Loader: 568 total sentences. 142 batches of size 4.
-------- Train and Eval Dataloaders created --------

-------- Training --------
Training with Federated Learning technology.
Training without differential privacy.
Federated averaging algorithm selected.
Client 0: Label 0: 210, Label 1: 244
Client 1: Label 0: 222, Label 1: 232
Client 2: Label 0: 218, Label 1: 236
Client 3: Label 0: 232, Label 1: 222
Client 4: Label 0: 217, Label 1: 237

Round 1 of 4
-------------------------------
Predictions - 1s: 281, 0s: 173
True Labels - 1s: 236, 0s: 218
Client 3 of 5: Local Epoch [1/3] Loss: 0.6349, Accuracy: 64.10 %
Predictions - 1s: 221, 0s: 233
True Labels - 1s: 222, 0s: 232
Client 4 of 5: Local Epoch [1/3] Loss: 0.6174, Accuracy: 64.98 %
Predictions - 1s: 270, 0s: 184
True Labels - 1s: 237, 0s: 217
Client 5 of 5: Local Epoch [1/3] Loss: 0.6112, Accuracy: 65.86 %
Predictions - 1s: 252, 0s: 202
True Labels - 1s: 232, 0s: 222
Client 2 of 5: Local Epoch [1/3] Loss: 0.6308, Accuracy: 63.00 %
Predictions - 1s: 260, 0s: 194
True Labels - 1s: 244, 0s: 210
Client 1 of 5: Local Epoch [1/3] Loss: 0.6287, Accuracy: 63.88 %
Predictions - 1s: 250, 0s: 204
True Labels - 1s: 236, 0s: 218
Client 3 of 5: Local Epoch [2/3] Loss: 0.5001, Accuracy: 76.21 %
Predictions - 1s: 240, 0s: 214
True Labels - 1s: 236, 0s: 218
Client 3 of 5: Local Epoch [3/3] Loss: 0.4335, Accuracy: 80.18 %
Predictions - 1s: 220, 0s: 234
True Labels - 1s: 222, 0s: 232
Client 4 of 5: Local Epoch [2/3] Loss: 0.4955, Accuracy: 77.97 %
Predictions - 1s: 261, 0s: 193
True Labels - 1s: 244, 0s: 210
Client 1 of 5: Local Epoch [2/3] Loss: 0.5344, Accuracy: 73.35 %
Predictions - 1s: 244, 0s: 210
Predictions - 1s: 251, 0s: 203
True Labels - 1s: 232, 0s: 222
True Labels - 1s: 237, 0s: 217
Client 2 of 5: Local Epoch [2/3] Loss: 0.4926, Accuracy: 78.85 %
Client 5 of 5: Local Epoch [2/3] Loss: 0.4826, Accuracy: 77.53 %
Predictions - 1s: 253, 0s: 201
True Labels - 1s: 237, 0s: 217
Client 5 of 5: Local Epoch [3/3] Loss: 0.4302, Accuracy: 80.62 %
Predictions - 1s: 213, 0s: 241
True Labels - 1s: 222, 0s: 232
Client 4 of 5: Local Epoch [3/3] Loss: 0.4443, Accuracy: 79.96 %
Predictions - 1s: 238, 0s: 216
True Labels - 1s: 232, 0s: 222
Client 2 of 5: Local Epoch [3/3] Loss: 0.4376, Accuracy: 80.18 %
Predictions - 1s: 249, 0s: 205
True Labels - 1s: 244, 0s: 210
Client 1 of 5: Local Epoch [3/3] Loss: 0.4675, Accuracy: 78.19 %
-------------------------------
Round [1/4] Average Local Loss: 0.4426, Average Local Accuracy: 79.82 %
-------------------------------
-------- Validation --------
Predictions - 1s: 352, 0s: 216
True Labels - 1s: 317, 0s: 251
Round [1/4] Global Model Validation Loss: 0.4552, Validation Accuracy: 78.70 %
-------- Validation finished --------
Updated best model in round 1 saved with Validation Loss: 0.4552 and Validation Accuracy: 78.70 %
-------------------------------

Round 2 of 4
-------------------------------
Predictions - 1s: 260, 0s: 194
True Labels - 1s: 244, 0s: 210
Client 1 of 5: Local Epoch [1/3] Loss: 0.5269, Accuracy: 74.45 %
Predictions - 1s: 242, 0s: 212
True Labels - 1s: 232, 0s: 222
Client 2 of 5: Local Epoch [1/3] Loss: 0.4897, Accuracy: 74.45 %
Predictions - 1s: 252, 0s: 202
Predictions - 1s: 243, 0s: 211
True Labels - 1s: 236, 0s: 218
True Labels - 1s: 237, 0s: 217
Client 3 of 5: Local Epoch [1/3] Loss: 0.4742, Accuracy: 75.33 %
Client 5 of 5: Local Epoch [1/3] Loss: 0.4868, Accuracy: 75.33 %
Predictions - 1s: 233, 0s: 221
True Labels - 1s: 222, 0s: 232
Client 4 of 5: Local Epoch [1/3] Loss: 0.5128, Accuracy: 75.55 %
Predictions - 1s: 257, 0s: 197
True Labels - 1s: 244, 0s: 210
Client 1 of 5: Local Epoch [2/3] Loss: 0.4438, Accuracy: 81.28 %
Predictions - 1s: 251, 0s: 203
True Labels - 1s: 237, 0s: 217
Client 5 of 5: Local Epoch [2/3] Loss: 0.4160, Accuracy: 81.50 %
Predictions - 1s: 239, 0s: 215
True Labels - 1s: 236, 0s: 218
Client 3 of 5: Local Epoch [2/3] Loss: 0.4013, Accuracy: 82.60 %
Predictions - 1s: 236, 0s: 218
True Labels - 1s: 232, 0s: 222
Client 2 of 5: Local Epoch [2/3] Loss: 0.4252, Accuracy: 81.50 %
Predictions - 1s: 218, 0s: 236
True Labels - 1s: 222, 0s: 232
Client 4 of 5: Local Epoch [2/3] Loss: 0.4160, Accuracy: 81.06 %
Predictions - 1s: 243, 0s: 211
True Labels - 1s: 244, 0s: 210
Client 1 of 5: Local Epoch [3/3] Loss: 0.4112, Accuracy: 82.16 %
Predictions - 1s: 256, 0s: 198
True Labels - 1s: 232, 0s: 222
Client 2 of 5: Local Epoch [3/3] Loss: 0.3795, Accuracy: 82.38 %
Predictions - 1s: 254, 0s: 200
True Labels - 1s: 237, 0s: 217
Client 5 of 5: Local Epoch [3/3] Loss: 0.3738, Accuracy: 84.80 %
Predictions - 1s: 230, 0s: 224
True Labels - 1s: 222, 0s: 232
Client 4 of 5: Local Epoch [3/3] Loss: 0.3815, Accuracy: 84.14 %
Predictions - 1s: 244, 0s: 210
True Labels - 1s: 236, 0s: 218
Client 3 of 5: Local Epoch [3/3] Loss: 0.3525, Accuracy: 83.70 %
-------------------------------
Round [2/4] Average Local Loss: 0.3797, Average Local Accuracy: 83.44 %
-------------------------------
-------- Validation --------
Predictions - 1s: 340, 0s: 228
True Labels - 1s: 317, 0s: 251
Round [2/4] Global Model Validation Loss: 0.4246, Validation Accuracy: 81.16 %
-------- Validation finished --------
Updated best model in round 2 saved with Validation Loss: 0.4246 and Validation Accuracy: 81.16 %
-------------------------------

Round 3 of 4
-------------------------------
Predictions - 1s: 241, 0s: 213
True Labels - 1s: 222, 0s: 232
Client 4 of 5: Local Epoch [1/3] Loss: 0.4783, Accuracy: 74.67 %
Predictions - 1s: 255, 0s: 199
True Labels - 1s: 244, 0s: 210
Client 1 of 5: Local Epoch [1/3] Loss: 0.5001, Accuracy: 76.43 %
Predictions - 1s: 247, 0s: 207
True Labels - 1s: 237, 0s: 217
Client 5 of 5: Local Epoch [1/3] Loss: 0.4408, Accuracy: 80.18 %
Predictions - 1s: 250, 0s: 204
True Labels - 1s: 236, 0s: 218
Client 3 of 5: Local Epoch [1/3] Loss: 0.4433, Accuracy: 79.74 %
Predictions - 1s: 247, 0s: 207
True Labels - 1s: 232, 0s: 222
Client 2 of 5: Local Epoch [1/3] Loss: 0.4770, Accuracy: 77.31 %
Predictions - 1s: 224, 0s: 230
True Labels - 1s: 222, 0s: 232
Client 4 of 5: Local Epoch [2/3] Loss: 0.3968, Accuracy: 82.82 %
Predictions - 1s: 247, 0s: 207
True Labels - 1s: 244, 0s: 210
Client 1 of 5: Local Epoch [2/3] Loss: 0.4288, Accuracy: 80.40 %
Predictions - 1s: 238, 0s: 216
True Labels - 1s: 237, 0s: 217
Client 5 of 5: Local Epoch [2/3] Loss: 0.3887, Accuracy: 83.04 %
Predictions - 1s: 237, 0s: 217
True Labels - 1s: 232, 0s: 222
Client 2 of 5: Local Epoch [2/3] Loss: 0.3940, Accuracy: 81.72 %
Predictions - 1s: 250, 0s: 204
True Labels - 1s: 236, 0s: 218
Client 3 of 5: Local Epoch [2/3] Loss: 0.3829, Accuracy: 82.82 %
Predictions - 1s: 216, 0s: 238
True Labels - 1s: 222, 0s: 232
Client 4 of 5: Local Epoch [3/3] Loss: 0.3561, Accuracy: 84.14 %
Predictions - 1s: 255, 0s: 199
True Labels - 1s: 244, 0s: 210
Client 1 of 5: Local Epoch [3/3] Loss: 0.3834, Accuracy: 83.92 %
Predictions - 1s: 246, 0s: 208
True Labels - 1s: 237, 0s: 217
Client 5 of 5: Local Epoch [3/3] Loss: 0.3326, Accuracy: 86.56 %
Predictions - 1s: 235, 0s: 219
True Labels - 1s: 232, 0s: 222
Client 2 of 5: Local Epoch [3/3] Loss: 0.3475, Accuracy: 84.36 %
Predictions - 1s: 232, 0s: 222
True Labels - 1s: 236, 0s: 218
Client 3 of 5: Local Epoch [3/3] Loss: 0.3427, Accuracy: 85.46 %
-------------------------------
Round [3/4] Average Local Loss: 0.3524, Average Local Accuracy: 84.89 %
-------------------------------
-------- Validation --------
Predictions - 1s: 344, 0s: 224
True Labels - 1s: 317, 0s: 251
Round [3/4] Global Model Validation Loss: 0.4208, Validation Accuracy: 80.81 %
-------- Validation finished --------
Updated best model in round 3 saved with Validation Loss: 0.4208 and Validation Accuracy: 80.81 %
-------------------------------

Round 4 of 4
-------------------------------
Predictions - 1s: 253, 0s: 201
True Labels - 1s: 244, 0s: 210
Client 1 of 5: Local Epoch [1/3] Loss: 0.4631, Accuracy: 77.75 %
Predictions - 1s: 242, 0s: 212
True Labels - 1s: 236, 0s: 218
Client 3 of 5: Local Epoch [1/3] Loss: 0.4365, Accuracy: 79.30 %
Predictions - 1s: 233, 0s: 221
True Labels - 1s: 232, 0s: 222
Client 2 of 5: Local Epoch [1/3] Loss: 0.4697, Accuracy: 76.43 %
Predictions - 1s: 224, 0s: 230
True Labels - 1s: 222, 0s: 232
Client 4 of 5: Local Epoch [1/3] Loss: 0.4306, Accuracy: 80.18 %
Predictions - 1s: 248, 0s: 206
True Labels - 1s: 237, 0s: 217
Client 5 of 5: Local Epoch [1/3] Loss: 0.4206, Accuracy: 81.72 %
Predictions - 1s: 258, 0s: 196
True Labels - 1s: 244, 0s: 210
Client 1 of 5: Local Epoch [2/3] Loss: 0.3890, Accuracy: 83.26 %
Predictions - 1s: 239, 0s: 215
True Labels - 1s: 237, 0s: 217
Client 5 of 5: Local Epoch [2/3] Loss: 0.3678, Accuracy: 82.82 %
Predictions - 1s: 238, 0s: 216
True Labels - 1s: 236, 0s: 218
Client 3 of 5: Local Epoch [2/3] Loss: 0.3488, Accuracy: 84.58 %
Predictions - 1s: 228, 0s: 226
True Labels - 1s: 222, 0s: 232
Client 4 of 5: Local Epoch [2/3] Loss: 0.3666, Accuracy: 84.14 %
Predictions - 1s: 243, 0s: 211
True Labels - 1s: 232, 0s: 222
Client 2 of 5: Local Epoch [2/3] Loss: 0.3648, Accuracy: 83.92 %
Predictions - 1s: 256, 0s: 198
True Labels - 1s: 244, 0s: 210
Client 1 of 5: Local Epoch [3/3] Loss: 0.3530, Accuracy: 84.58 %
Predictions - 1s: 243, 0s: 211
True Labels - 1s: 237, 0s: 217
Client 5 of 5: Local Epoch [3/3] Loss: 0.3005, Accuracy: 87.67 %
Predictions - 1s: 230, 0s: 224
True Labels - 1s: 236, 0s: 218
Client 3 of 5: Local Epoch [3/3] Loss: 0.2814, Accuracy: 88.99 %
Predictions - 1s: 235, 0s: 219
True Labels - 1s: 222, 0s: 232
Client 4 of 5: Local Epoch [3/3] Loss: 0.3255, Accuracy: 85.24 %
Predictions - 1s: 231, 0s: 223
True Labels - 1s: 232, 0s: 222
Client 2 of 5: Local Epoch [3/3] Loss: 0.3333, Accuracy: 83.92 %
-------------------------------
Round [4/4] Average Local Loss: 0.3187, Average Local Accuracy: 86.08 %
-------------------------------
-------- Validation --------
Predictions - 1s: 346, 0s: 222
True Labels - 1s: 317, 0s: 251
Round [4/4] Global Model Validation Loss: 0.4203, Validation Accuracy: 81.87 %
-------- Validation finished --------
Updated best model in round 4 saved with Validation Loss: 0.4203 and Validation Accuracy: 81.87 %
-------------------------------
Best model in round 4 saved with Validation Loss: 0.4203 and Validation Accuracy: 81.87 %

-------- Training finished in 2:10 --------

Test flag enabled. Testing the model

-------- Loading best model from model_path --------
Loaded model bert-small from date 20-04-2024 00:06. Trained with Federated Learning technology.
Round 4, lr: 6e-05, optimizer: AdamW
Average train accuracy: 86.08 %, Validation accuracy: 81.87 %
-------- Best model loaded --------

-------- Creating Test Dataloader --------
Test Loader: 715 total sentences. 90 batches of size 8.
-------- Test Dataloader created --------

-------- Testing --------
Predictions - 1s: 440, 0s: 275
True Labels - 1s: 369, 0s: 346
Nº of test samples: 715
Accuracy: 74.41%
Accuracy 2 : 74.41%
Precision: 75.39%
Recall: 74.06%
F1 Score: 73.96%
Classification report:
              precision    recall  f1-score   support

           0     0.7964    0.6329    0.7053       346
           1     0.7114    0.8482    0.7738       369

    accuracy                         0.7441       715
   macro avg     0.7539    0.7406    0.7396       715
weighted avg     0.7525    0.7441    0.7407       715

-------- Testing finished --------
