Current configuration:
{
    "concurrency_flag": true,
    "data_distribution": "iid",
    "dataset": "dreaddit",
    "device": "cuda",
    "dp_delta": 0.003,
    "dp_epsilon": 0.0,
    "eval_batch_size": 4,
    "eval_flag": true,
    "eval_size": 0.2,
    "fed_alg": "fedavg",
    "layers": 3,
    "learning_rate": 6e-05,
    "max_length": 512,
    "ml_mode": "fl",
    "model": "bert_tiny",
    "model_name": "fl_tiny_seed8_dreaddit",
    "models_path": "/local/vpaloma/fabric-federated-learning/ablation_study/phase-4/final/accs-times/dreaddit/",
    "mu": 0.5,
    "num_clients": 5,
    "num_epochs": 3,
    "num_rounds": 4,
    "optimizer": "AdamW",
    "progress_bar_flag": false,
    "save_model": true,
    "scheduler": "linear",
    "scheduler_warmup_steps": 0,
    "seed": "random",
    "test_flag": true,
    "train_batch_size": 4,
    "train_size": 0.8
}
-------- Configuration loaded --------

-------- Setting device --------
cuda device selected and available.
-------- Device set --------

-------- Setting seed --------
seed set:  829087
-------- Seed set --------

-------- Creating Model --------
-------- Model created --------

-------- Setting Trainable Layers --------
Training the last 3 layers.

Total parameters count: 4386178
Trainable parameters count: 215042
-------- Trainable Layers set --------

-------- Creating Tokenizer --------
-------- Tokenizer created --------

-------- Creating Train and Eval Dataloaders --------
Train Loader: 2270 total sentences. 568 batches of size 4.
Eval Loader: 568 total sentences. 142 batches of size 4.
-------- Train and Eval Dataloaders created --------

-------- Training --------
Training with Federated Learning technology.
Training without differential privacy.
Federated averaging algorithm selected.
Client 0: Label 0: 213, Label 1: 241
Client 1: Label 0: 210, Label 1: 244
Client 2: Label 0: 225, Label 1: 229
Client 3: Label 0: 198, Label 1: 256
Client 4: Label 0: 223, Label 1: 231

Round 1 of 4
-------------------------------
Predictions - 1s: 299, 0s: 155
True Labels - 1s: 244, 0s: 210
Client 2 of 5: Local Epoch [1/3] Loss: 0.6791, Accuracy: 57.49 %
Predictions - 1s: 350, 0s: 104
True Labels - 1s: 241, 0s: 213
Client 1 of 5: Local Epoch [1/3] Loss: 0.6824, Accuracy: 57.49 %
Predictions - 1s: 236, 0s: 218
True Labels - 1s: 229, 0s: 225
Client 3 of 5: Local Epoch [1/3] Loss: 0.6921, Accuracy: 50.00 %
Predictions - 1s: 250, 0s: 204
True Labels - 1s: 231, 0s: 223
Client 5 of 5: Local Epoch [1/3] Loss: 0.6782, Accuracy: 57.49 %
Predictions - 1s: 281, 0s: 173
True Labels - 1s: 256, 0s: 198
Client 4 of 5: Local Epoch [1/3] Loss: 0.6802, Accuracy: 53.96 %
Predictions - 1s: 303, 0s: 151
True Labels - 1s: 241, 0s: 213
Client 1 of 5: Local Epoch [2/3] Loss: 0.6479, Accuracy: 66.96 %
Predictions - 1s: 243, 0s: 211
True Labels - 1s: 229, 0s: 225
Client 3 of 5: Local Epoch [2/3] Loss: 0.6614, Accuracy: 63.44 %
Predictions - 1s: 222, 0s: 232
True Labels - 1s: 231, 0s: 223
Client 5 of 5: Local Epoch [2/3] Loss: 0.6457, Accuracy: 67.62 %
Predictions - 1s: 315, 0s: 139
True Labels - 1s: 244, 0s: 210
Client 2 of 5: Local Epoch [2/3] Loss: 0.6455, Accuracy: 65.42 %
Predictions - 1s: 373, 0s: 81
True Labels - 1s: 256, 0s: 198
Client 4 of 5: Local Epoch [2/3] Loss: 0.6380, Accuracy: 67.18 %
Predictions - 1s: 333, 0s: 121
True Labels - 1s: 256, 0s: 198
Client 4 of 5: Local Epoch [3/3] Loss: 0.6111, Accuracy: 71.15 %
Predictions - 1s: 257, 0s: 197
True Labels - 1s: 229, 0s: 225
Client 3 of 5: Local Epoch [3/3] Loss: 0.6491, Accuracy: 66.96 %
Predictions - 1s: 268, 0s: 186
True Labels - 1s: 231, 0s: 223
Client 5 of 5: Local Epoch [3/3] Loss: 0.6230, Accuracy: 68.94 %
Predictions - 1s: 315, 0s: 139
True Labels - 1s: 244, 0s: 210
Client 2 of 5: Local Epoch [3/3] Loss: 0.6226, Accuracy: 69.82 %
Predictions - 1s: 273, 0s: 181
True Labels - 1s: 241, 0s: 213
Client 1 of 5: Local Epoch [3/3] Loss: 0.6267, Accuracy: 69.60 %
-------------------------------
Round [1/4] Average Local Loss: 0.6265, Average Local Accuracy: 69.30 %
-------------------------------
-------- Validation --------
Predictions - 1s: 390, 0s: 178
True Labels - 1s: 287, 0s: 281
Round [1/4] Global Model Validation Loss: 0.6303, Validation Accuracy: 66.02 %
-------- Validation finished --------
Updated best model in round 1 saved with Validation Loss: 0.6303 and Validation Accuracy: 66.02 %
-------------------------------

Round 2 of 4
-------------------------------
Predictions - 1s: 271, 0s: 183
True Labels - 1s: 241, 0s: 213
Client 1 of 5: Local Epoch [1/3] Loss: 0.6181, Accuracy: 70.04 %
Predictions - 1s: 268, 0s: 186
True Labels - 1s: 231, 0s: 223
Client 5 of 5: Local Epoch [1/3] Loss: 0.6169, Accuracy: 68.50 %
Predictions - 1s: 289, 0s: 165
True Labels - 1s: 244, 0s: 210
Client 2 of 5: Local Epoch [1/3] Loss: 0.6189, Accuracy: 68.94 %
Predictions - 1s: 232, 0s: 222
True Labels - 1s: 229, 0s: 225
Client 3 of 5: Local Epoch [1/3] Loss: 0.6405, Accuracy: 64.10 %
Predictions - 1s: 328, 0s: 126
True Labels - 1s: 256, 0s: 198
Client 4 of 5: Local Epoch [1/3] Loss: 0.5956, Accuracy: 70.04 %
Predictions - 1s: 263, 0s: 191
True Labels - 1s: 241, 0s: 213
Client 1 of 5: Local Epoch [2/3] Loss: 0.5834, Accuracy: 70.93 %
Predictions - 1s: 221, 0s: 233
True Labels - 1s: 229, 0s: 225
Client 3 of 5: Local Epoch [2/3] Loss: 0.6172, Accuracy: 66.52 %
Predictions - 1s: 277, 0s: 177
True Labels - 1s: 244, 0s: 210
Client 2 of 5: Local Epoch [2/3] Loss: 0.5896, Accuracy: 68.94 %
Predictions - 1s: 296, 0s: 158
True Labels - 1s: 256, 0s: 198
Client 4 of 5: Local Epoch [2/3] Loss: 0.5587, Accuracy: 73.57 %
Predictions - 1s: 237, 0s: 217
True Labels - 1s: 231, 0s: 223
Client 5 of 5: Local Epoch [2/3] Loss: 0.5840, Accuracy: 71.37 %
Predictions - 1s: 291, 0s: 163
True Labels - 1s: 241, 0s: 213
Client 1 of 5: Local Epoch [3/3] Loss: 0.5649, Accuracy: 73.13 %
Predictions - 1s: 260, 0s: 194
True Labels - 1s: 231, 0s: 223
Client 5 of 5: Local Epoch [3/3] Loss: 0.5651, Accuracy: 72.91 %
Predictions - 1s: 292, 0s: 162
True Labels - 1s: 256, 0s: 198
Client 4 of 5: Local Epoch [3/3] Loss: 0.5302, Accuracy: 77.53 %
Predictions - 1s: 274, 0s: 180
True Labels - 1s: 244, 0s: 210
Client 2 of 5: Local Epoch [3/3] Loss: 0.5720, Accuracy: 73.13 %
Predictions - 1s: 255, 0s: 199
True Labels - 1s: 229, 0s: 225
Client 3 of 5: Local Epoch [3/3] Loss: 0.5933, Accuracy: 70.93 %
-------------------------------
Round [2/4] Average Local Loss: 0.5651, Average Local Accuracy: 73.52 %
-------------------------------
-------- Validation --------
Predictions - 1s: 360, 0s: 208
True Labels - 1s: 287, 0s: 281
Round [2/4] Global Model Validation Loss: 0.5749, Validation Accuracy: 71.65 %
-------- Validation finished --------
Updated best model in round 2 saved with Validation Loss: 0.5749 and Validation Accuracy: 71.65 %
-------------------------------

Round 3 of 4
-------------------------------
Predictions - 1s: 270, 0s: 184
True Labels - 1s: 244, 0s: 210
Client 2 of 5: Local Epoch [1/3] Loss: 0.5818, Accuracy: 69.60 %
Predictions - 1s: 240, 0s: 214
True Labels - 1s: 231, 0s: 223
Client 5 of 5: Local Epoch [1/3] Loss: 0.5638, Accuracy: 70.26 %
Predictions - 1s: 249, 0s: 205
True Labels - 1s: 229, 0s: 225
Client 3 of 5: Local Epoch [1/3] Loss: 0.6002, Accuracy: 68.72 %
Predictions - 1s: 288, 0s: 166
True Labels - 1s: 256, 0s: 198
Client 4 of 5: Local Epoch [1/3] Loss: 0.5462, Accuracy: 73.13 %
Predictions - 1s: 278, 0s: 176
True Labels - 1s: 241, 0s: 213
Client 1 of 5: Local Epoch [1/3] Loss: 0.5701, Accuracy: 70.70 %
Predictions - 1s: 273, 0s: 181
True Labels - 1s: 256, 0s: 198
Client 4 of 5: Local Epoch [2/3] Loss: 0.5142, Accuracy: 75.99 %
Predictions - 1s: 244, 0s: 210
True Labels - 1s: 231, 0s: 223
Client 5 of 5: Local Epoch [2/3] Loss: 0.5469, Accuracy: 72.91 %
Predictions - 1s: 269, 0s: 185
True Labels - 1s: 244, 0s: 210
Client 2 of 5: Local Epoch [2/3] Loss: 0.5447, Accuracy: 73.35 %
Predictions - 1s: 246, 0s: 208
True Labels - 1s: 229, 0s: 225
Predictions - 1s: 266, 0s: 188
Client 3 of 5: Local Epoch [2/3] Loss: 0.5772, Accuracy: 69.38 %
True Labels - 1s: 241, 0s: 213
Client 1 of 5: Local Epoch [2/3] Loss: 0.5507, Accuracy: 72.91 %
Predictions - 1s: 287, 0s: 167
True Labels - 1s: 256, 0s: 198
Client 4 of 5: Local Epoch [3/3] Loss: 0.5117, Accuracy: 78.19 %
Predictions - 1s: 257, 0s: 197
Predictions - 1s: 277, 0s: 177
True Labels - 1s: 244, 0s: 210
True Labels - 1s: 241, 0s: 213
Client 2 of 5: Local Epoch [3/3] Loss: 0.5457, Accuracy: 72.91 %
Client 1 of 5: Local Epoch [3/3] Loss: 0.5360, Accuracy: 72.69 %
Predictions - 1s: 259, 0s: 195
Predictions - 1s: 232, 0s: 222
True Labels - 1s: 229, 0s: 225
Client 3 of 5: Local Epoch [3/3] Loss: 0.5578, Accuracy: 72.69 %
True Labels - 1s: 231, 0s: 223
Client 5 of 5: Local Epoch [3/3] Loss: 0.5295, Accuracy: 72.03 %
-------------------------------
Round [3/4] Average Local Loss: 0.5362, Average Local Accuracy: 73.70 %
-------------------------------
-------- Validation --------
Predictions - 1s: 346, 0s: 222
True Labels - 1s: 287, 0s: 281
Round [3/4] Global Model Validation Loss: 0.5494, Validation Accuracy: 73.77 %
-------- Validation finished --------
Updated best model in round 3 saved with Validation Loss: 0.5494 and Validation Accuracy: 73.77 %
-------------------------------

Round 4 of 4
-------------------------------
Predictions - 1s: 251, 0s: 203
True Labels - 1s: 229, 0s: 225
Client 3 of 5: Local Epoch [1/3] Loss: 0.5661, Accuracy: 70.93 %
Predictions - 1s: 256, 0s: 198
True Labels - 1s: 244, 0s: 210
Client 2 of 5: Local Epoch [1/3] Loss: 0.5490, Accuracy: 72.25 %
Predictions - 1s: 305, 0s: 149
True Labels - 1s: 256, 0s: 198
Client 4 of 5: Local Epoch [1/3] Loss: 0.5210, Accuracy: 74.23 %
Predictions - 1s: 258, 0s: 196
True Labels - 1s: 241, 0s: 213
Client 1 of 5: Local Epoch [1/3] Loss: 0.5583, Accuracy: 72.47 %
Predictions - 1s: 230, 0s: 224
True Labels - 1s: 231, 0s: 223
Client 5 of 5: Local Epoch [1/3] Loss: 0.5371, Accuracy: 73.79 %
Predictions - 1s: 247, 0s: 207
True Labels - 1s: 231, 0s: 223
Client 5 of 5: Local Epoch [2/3] Loss: 0.5260, Accuracy: 73.57 %
Predictions - 1s: 255, 0s: 199
True Labels - 1s: 244, 0s: 210
Client 2 of 5: Local Epoch [2/3] Loss: 0.5434, Accuracy: 72.91 %
Predictions - 1s: 289, 0s: 165
True Labels - 1s: 256, 0s: 198
Client 4 of 5: Local Epoch [2/3] Loss: 0.5141, Accuracy: 74.67 %
Predictions - 1s: 266, 0s: 188
Predictions - 1s: 246, 0s: 208
True Labels - 1s: 241, 0s: 213
Client 1 of 5: Local Epoch [2/3] Loss: 0.5146, Accuracy: 76.43 %
True Labels - 1s: 229, 0s: 225
Client 3 of 5: Local Epoch [2/3] Loss: 0.5560, Accuracy: 70.70 %
Predictions - 1s: 266, 0s: 188
True Labels - 1s: 256, 0s: 198
Client 4 of 5: Local Epoch [3/3] Loss: 0.4892, Accuracy: 77.53 %
Predictions - 1s: 260, 0s: 194
True Labels - 1s: 241, 0s: 213
Client 1 of 5: Local Epoch [3/3] Loss: 0.5146, Accuracy: 75.55 %
Predictions - 1s: 217, 0s: 237
True Labels - 1s: 229, 0s: 225
Client 3 of 5: Local Epoch [3/3] Loss: 0.5471, Accuracy: 70.04 %
Predictions - 1s: 213, 0s: 241
Predictions - 1s: 254, 0s: 200
True Labels - 1s: 231, 0s: 223
True Labels - 1s: 244, 0s: 210
Client 2 of 5: Local Epoch [3/3] Loss: 0.5085, Accuracy: 74.01 %
Client 5 of 5: Local Epoch [3/3] Loss: 0.5139, Accuracy: 73.57 %
-------------------------------
Round [4/4] Average Local Loss: 0.5147, Average Local Accuracy: 74.14 %
-------------------------------
-------- Validation --------
Predictions - 1s: 326, 0s: 242
True Labels - 1s: 287, 0s: 281
Round [4/4] Global Model Validation Loss: 0.5344, Validation Accuracy: 75.53 %
-------- Validation finished --------
Updated best model in round 4 saved with Validation Loss: 0.5344 and Validation Accuracy: 75.53 %
-------------------------------
Best model in round 4 saved with Validation Loss: 0.5344 and Validation Accuracy: 75.53 %

-------- Training finished in 1:54 --------

Test flag enabled. Testing the model

-------- Loading best model from model_path --------
Loaded model bert-tiny from date 19-04-2024 21:24. Trained with Federated Learning technology.
Round 4, lr: 6e-05, optimizer: AdamW
Average train accuracy: 74.14 %, Validation accuracy: 75.53 %
-------- Best model loaded --------

-------- Creating Test Dataloader --------
Test Loader: 715 total sentences. 90 batches of size 8.
-------- Test Dataloader created --------

-------- Testing --------
Predictions - 1s: 437, 0s: 278
True Labels - 1s: 369, 0s: 346
Nº of test samples: 715
Accuracy: 70.07%
Accuracy 2 : 70.07%
Precision: 70.74%
Recall: 69.73%
F1 Score: 69.58%
Classification report:
              precision    recall  f1-score   support

           0     0.7374    0.5925    0.6571       346
           1     0.6773    0.8022    0.7345       369

    accuracy                         0.7007       715
   macro avg     0.7074    0.6973    0.6958       715
weighted avg     0.7064    0.7007    0.6970       715

-------- Testing finished --------
