Current configuration:
{
    "concurrency_flag": true,
    "data_distribution": "iid",
    "dataset": "dreaddit",
    "device": "cuda",
    "dp_delta": 0.003,
    "dp_epsilon": 0.0,
    "eval_batch_size": 4,
    "eval_flag": true,
    "eval_size": 0.2,
    "fed_alg": "fedavg",
    "layers": 3,
    "learning_rate": 6e-05,
    "max_length": 512,
    "ml_mode": "ml",
    "model": "bert_mini",
    "model_name": "ml_mini_seed5_dreaddit",
    "models_path": "/local/vpaloma/fabric-federated-learning/ablation_study/phase-4/final/accs-times/dreaddit/",
    "mu": 0.5,
    "num_clients": 5,
    "num_epochs": 12,
    "num_rounds": 4,
    "optimizer": "AdamW",
    "progress_bar_flag": false,
    "save_model": true,
    "scheduler": "linear",
    "scheduler_warmup_steps": 0,
    "seed": "random",
    "test_flag": true,
    "train_batch_size": 4,
    "train_size": 0.8
}
-------- Configuration loaded --------

-------- Setting device --------
cuda device selected and available.
-------- Device set --------

-------- Setting seed --------
seed set:  663232
-------- Seed set --------

-------- Creating Model --------
-------- Model created --------

-------- Setting Trainable Layers --------
Training the last 3 layers.

Total parameters count: 11171074
Trainable parameters count: 856066
-------- Trainable Layers set --------

-------- Creating Tokenizer --------
-------- Tokenizer created --------

-------- Creating Train and Eval Dataloaders --------
Train Loader: 2270 total sentences. 568 batches of size 4.
Eval Loader: 568 total sentences. 142 batches of size 4.
-------- Train and Eval Dataloaders created --------

-------- Creating Optimizer --------
-------- Optimizer created --------

-------- Creating Scheduler --------
-------- Scheduler created --------

-------- Training --------
Training with Centralised Machine Learning technology.
Training without differential privacy.
Concurrency flag is set to True, but ml mode is selected. Concurrency flag will be ignored.
Epoch [1/12], Step [100/568], Loss: 0.6550, Accuracy: 62.75 %
Epoch [1/12], Step [200/568], Loss: 0.6113, Accuracy: 68.50 %
Epoch [1/12], Step [300/568], Loss: 0.5820, Accuracy: 70.50 %
Epoch [1/12], Step [400/568], Loss: 0.5631, Accuracy: 71.81 %
Epoch [1/12], Step [500/568], Loss: 0.5603, Accuracy: 71.10 %
Predictions - 1s: 1330, 0s: 940
True Labels - 1s: 1186, 0s: 1084
-------------------------------
Epoch [1/12] Loss: 0.5582, Accuracy: 71.19 %
-------------------------------
-------- Validation --------
Predictions - 1s: 306, 0s: 262
True Labels - 1s: 302, 0s: 266
Validation Loss: 0.5042, Validation Accuracy: 72.54 %
-------- Validation finished --------
Updated best model in epoch 1 saved with Validation Loss: 0.5042 and Validation Accuracy: 72.54 %
-------------------------------
Epoch [2/12], Step [100/568], Loss: 0.4837, Accuracy: 74.75 %
Epoch [2/12], Step [200/568], Loss: 0.4847, Accuracy: 74.38 %
Epoch [2/12], Step [300/568], Loss: 0.4794, Accuracy: 75.58 %
Epoch [2/12], Step [400/568], Loss: 0.4859, Accuracy: 75.75 %
Epoch [2/12], Step [500/568], Loss: 0.4811, Accuracy: 76.20 %
Predictions - 1s: 1243, 0s: 1027
True Labels - 1s: 1186, 0s: 1084
-------------------------------
Epoch [2/12] Loss: 0.4782, Accuracy: 76.17 %
-------------------------------
-------- Validation --------
Predictions - 1s: 318, 0s: 250
True Labels - 1s: 302, 0s: 266
Validation Loss: 0.4871, Validation Accuracy: 75.70 %
-------- Validation finished --------
Updated best model in epoch 2 saved with Validation Loss: 0.4871 and Validation Accuracy: 75.70 %
-------------------------------
Epoch [3/12], Step [100/568], Loss: 0.4374, Accuracy: 80.25 %
Epoch [3/12], Step [200/568], Loss: 0.4402, Accuracy: 79.62 %
Epoch [3/12], Step [300/568], Loss: 0.4520, Accuracy: 78.33 %
Epoch [3/12], Step [400/568], Loss: 0.4518, Accuracy: 78.75 %
Epoch [3/12], Step [500/568], Loss: 0.4489, Accuracy: 79.10 %
Predictions - 1s: 1228, 0s: 1042
True Labels - 1s: 1186, 0s: 1084
-------------------------------
Epoch [3/12] Loss: 0.4469, Accuracy: 78.85 %
-------------------------------
-------- Validation --------
Predictions - 1s: 359, 0s: 209
True Labels - 1s: 302, 0s: 266
Validation Loss: 0.5006, Validation Accuracy: 76.58 %
-------- Validation finished --------
Epoch [4/12], Step [100/568], Loss: 0.3968, Accuracy: 80.25 %
Epoch [4/12], Step [200/568], Loss: 0.4212, Accuracy: 79.50 %
Epoch [4/12], Step [300/568], Loss: 0.3973, Accuracy: 81.50 %
Epoch [4/12], Step [400/568], Loss: 0.4082, Accuracy: 81.44 %
Epoch [4/12], Step [500/568], Loss: 0.4234, Accuracy: 80.65 %
Predictions - 1s: 1238, 0s: 1032
True Labels - 1s: 1186, 0s: 1084
-------------------------------
Epoch [4/12] Loss: 0.4227, Accuracy: 80.53 %
-------------------------------
-------- Validation --------
Predictions - 1s: 262, 0s: 306
True Labels - 1s: 302, 0s: 266
Validation Loss: 0.5014, Validation Accuracy: 75.35 %
-------- Validation finished --------
Epoch [5/12], Step [100/568], Loss: 0.4067, Accuracy: 82.75 %
Epoch [5/12], Step [200/568], Loss: 0.4020, Accuracy: 82.50 %
Epoch [5/12], Step [300/568], Loss: 0.4055, Accuracy: 82.00 %
Epoch [5/12], Step [400/568], Loss: 0.3995, Accuracy: 82.00 %
Epoch [5/12], Step [500/568], Loss: 0.4023, Accuracy: 81.60 %
Predictions - 1s: 1222, 0s: 1048
True Labels - 1s: 1186, 0s: 1084
-------------------------------
Epoch [5/12] Loss: 0.4051, Accuracy: 81.41 %
-------------------------------
-------- Validation --------
Predictions - 1s: 308, 0s: 260
True Labels - 1s: 302, 0s: 266
Validation Loss: 0.4913, Validation Accuracy: 76.06 %
-------- Validation finished --------
Epoch [6/12], Step [100/568], Loss: 0.4052, Accuracy: 81.75 %
Epoch [6/12], Step [200/568], Loss: 0.4042, Accuracy: 82.00 %
Epoch [6/12], Step [300/568], Loss: 0.4085, Accuracy: 81.67 %
Epoch [6/12], Step [400/568], Loss: 0.4006, Accuracy: 81.75 %
Epoch [6/12], Step [500/568], Loss: 0.3934, Accuracy: 82.05 %
Predictions - 1s: 1228, 0s: 1042
True Labels - 1s: 1186, 0s: 1084
-------------------------------
Epoch [6/12] Loss: 0.3940, Accuracy: 82.11 %
-------------------------------
-------- Validation --------
Predictions - 1s: 310, 0s: 258
True Labels - 1s: 302, 0s: 266
Validation Loss: 0.4977, Validation Accuracy: 77.11 %
-------- Validation finished --------
Epoch [7/12], Step [100/568], Loss: 0.3423, Accuracy: 84.50 %
Epoch [7/12], Step [200/568], Loss: 0.3684, Accuracy: 83.50 %
Epoch [7/12], Step [300/568], Loss: 0.3752, Accuracy: 83.17 %
Epoch [7/12], Step [400/568], Loss: 0.3722, Accuracy: 83.31 %
Epoch [7/12], Step [500/568], Loss: 0.3724, Accuracy: 82.85 %
Predictions - 1s: 1198, 0s: 1072
True Labels - 1s: 1186, 0s: 1084
-------------------------------
Epoch [7/12] Loss: 0.3777, Accuracy: 82.73 %
-------------------------------
-------- Validation --------
Predictions - 1s: 298, 0s: 270
True Labels - 1s: 302, 0s: 266
Validation Loss: 0.5079, Validation Accuracy: 75.70 %
-------- Validation finished --------
Epoch [8/12], Step [100/568], Loss: 0.3619, Accuracy: 83.25 %
Epoch [8/12], Step [200/568], Loss: 0.3464, Accuracy: 84.75 %
Epoch [8/12], Step [300/568], Loss: 0.3448, Accuracy: 85.25 %
Epoch [8/12], Step [400/568], Loss: 0.3524, Accuracy: 84.69 %
Epoch [8/12], Step [500/568], Loss: 0.3573, Accuracy: 84.40 %
Predictions - 1s: 1212, 0s: 1058
True Labels - 1s: 1186, 0s: 1084
-------------------------------
Epoch [8/12] Loss: 0.3564, Accuracy: 84.23 %
-------------------------------
-------- Validation --------
Predictions - 1s: 287, 0s: 281
True Labels - 1s: 302, 0s: 266
Validation Loss: 0.5128, Validation Accuracy: 76.23 %
-------- Validation finished --------
Epoch [9/12], Step [100/568], Loss: 0.3550, Accuracy: 83.50 %
Epoch [9/12], Step [200/568], Loss: 0.3731, Accuracy: 82.50 %
Epoch [9/12], Step [300/568], Loss: 0.3680, Accuracy: 83.17 %
Epoch [9/12], Step [400/568], Loss: 0.3575, Accuracy: 83.38 %
Epoch [9/12], Step [500/568], Loss: 0.3539, Accuracy: 83.75 %
Predictions - 1s: 1221, 0s: 1049
True Labels - 1s: 1186, 0s: 1084
-------------------------------
Epoch [9/12] Loss: 0.3532, Accuracy: 83.92 %
-------------------------------
-------- Validation --------
Predictions - 1s: 307, 0s: 261
True Labels - 1s: 302, 0s: 266
Validation Loss: 0.5223, Validation Accuracy: 75.53 %
-------- Validation finished --------
Epoch [10/12], Step [100/568], Loss: 0.3482, Accuracy: 83.50 %
Epoch [10/12], Step [200/568], Loss: 0.3413, Accuracy: 83.88 %
Epoch [10/12], Step [300/568], Loss: 0.3341, Accuracy: 84.75 %
Epoch [10/12], Step [400/568], Loss: 0.3344, Accuracy: 85.00 %
Epoch [10/12], Step [500/568], Loss: 0.3343, Accuracy: 84.95 %
Predictions - 1s: 1224, 0s: 1046
True Labels - 1s: 1186, 0s: 1084
-------------------------------
Epoch [10/12] Loss: 0.3345, Accuracy: 85.11 %
-------------------------------
-------- Validation --------
Predictions - 1s: 292, 0s: 276
True Labels - 1s: 302, 0s: 266
Validation Loss: 0.5403, Validation Accuracy: 76.06 %
-------- Validation finished --------
Epoch [11/12], Step [100/568], Loss: 0.3511, Accuracy: 85.50 %
Epoch [11/12], Step [200/568], Loss: 0.3332, Accuracy: 85.25 %
Epoch [11/12], Step [300/568], Loss: 0.3378, Accuracy: 85.17 %
Epoch [11/12], Step [400/568], Loss: 0.3327, Accuracy: 85.25 %
Epoch [11/12], Step [500/568], Loss: 0.3262, Accuracy: 85.80 %
Predictions - 1s: 1213, 0s: 1057
True Labels - 1s: 1186, 0s: 1084
-------------------------------
Epoch [11/12] Loss: 0.3283, Accuracy: 85.95 %
-------------------------------
-------- Validation --------
Predictions - 1s: 295, 0s: 273
True Labels - 1s: 302, 0s: 266
Validation Loss: 0.5352, Validation Accuracy: 75.88 %
-------- Validation finished --------
Epoch [12/12], Step [100/568], Loss: 0.3282, Accuracy: 86.00 %
Epoch [12/12], Step [200/568], Loss: 0.3279, Accuracy: 85.50 %
Epoch [12/12], Step [300/568], Loss: 0.3296, Accuracy: 85.58 %
Epoch [12/12], Step [400/568], Loss: 0.3219, Accuracy: 85.88 %
Epoch [12/12], Step [500/568], Loss: 0.3278, Accuracy: 85.25 %
Predictions - 1s: 1195, 0s: 1075
True Labels - 1s: 1186, 0s: 1084
-------------------------------
Epoch [12/12] Loss: 0.3248, Accuracy: 85.51 %
-------------------------------
-------- Validation --------
Predictions - 1s: 306, 0s: 262
True Labels - 1s: 302, 0s: 266
Validation Loss: 0.5324, Validation Accuracy: 75.35 %
-------- Validation finished --------
Best model in epoch 2 saved with with Validation Loss: 0.4871 and Validation Accuracy: 75.70 %

-------- Training finished in 1:38 --------

Test flag enabled. Testing the model

-------- Loading best model from model_path --------
Loaded model bert-mini from date 20-04-2024 07:25. Trained with Centralised Machine Learning technology.
Epoch 2, lr: 6e-05, optimizer: AdamW
Train accuracy: 76.17 %, Validation accuracy: 75.70 %
-------- Best model loaded --------

-------- Creating Test Dataloader --------
Test Loader: 715 total sentences. 90 batches of size 8.
-------- Test Dataloader created --------

-------- Testing --------
Predictions - 1s: 420, 0s: 295
True Labels - 1s: 369, 0s: 346
Nº of test samples: 715
Accuracy: 74.13%
Accuracy 2 : 74.13%
Precision: 74.60%
Recall: 73.87%
F1 Score: 73.85%
Classification report:
              precision    recall  f1-score   support

           0     0.7729    0.6590    0.7114       346
           1     0.7190    0.8184    0.7655       369

    accuracy                         0.7413       715
   macro avg     0.7460    0.7387    0.7385       715
weighted avg     0.7451    0.7413    0.7393       715

-------- Testing finished --------
