Current configuration:
{
    "concurrency_flag": true,
    "data_distribution": "iid",
    "dataset": "dreaddit",
    "device": "cuda",
    "dp_delta": 0.003,
    "dp_epsilon": 0.0,
    "eval_batch_size": 4,
    "eval_flag": true,
    "eval_size": 0.2,
    "fed_alg": "fedavg",
    "layers": 3,
    "learning_rate": 6e-05,
    "max_length": 512,
    "ml_mode": "ml",
    "model": "bert_mini",
    "model_name": "ml_mini_seed8_dreaddit",
    "models_path": "/local/vpaloma/fabric-federated-learning/ablation_study/phase-4/final/accs-times/dreaddit/",
    "mu": 0.5,
    "num_clients": 5,
    "num_epochs": 12,
    "num_rounds": 4,
    "optimizer": "AdamW",
    "progress_bar_flag": false,
    "save_model": true,
    "scheduler": "linear",
    "scheduler_warmup_steps": 0,
    "seed": "random",
    "test_flag": true,
    "train_batch_size": 4,
    "train_size": 0.8
}
-------- Configuration loaded --------

-------- Setting device --------
cuda device selected and available.
-------- Device set --------

-------- Setting seed --------
seed set:  254075
-------- Seed set --------

-------- Creating Model --------
-------- Model created --------

-------- Setting Trainable Layers --------
Training the last 3 layers.

Total parameters count: 11171074
Trainable parameters count: 856066
-------- Trainable Layers set --------

-------- Creating Tokenizer --------
-------- Tokenizer created --------

-------- Creating Train and Eval Dataloaders --------
Train Loader: 2270 total sentences. 568 batches of size 4.
Eval Loader: 568 total sentences. 142 batches of size 4.
-------- Train and Eval Dataloaders created --------

-------- Creating Optimizer --------
-------- Optimizer created --------

-------- Creating Scheduler --------
-------- Scheduler created --------

-------- Training --------
Training with Centralised Machine Learning technology.
Training without differential privacy.
Concurrency flag is set to True, but ml mode is selected. Concurrency flag will be ignored.
Epoch [1/12], Step [100/568], Loss: 0.6652, Accuracy: 59.50 %
Epoch [1/12], Step [200/568], Loss: 0.6387, Accuracy: 63.12 %
Epoch [1/12], Step [300/568], Loss: 0.6103, Accuracy: 66.25 %
Epoch [1/12], Step [400/568], Loss: 0.5772, Accuracy: 69.38 %
Epoch [1/12], Step [500/568], Loss: 0.5678, Accuracy: 70.40 %
Predictions - 1s: 1321, 0s: 949
True Labels - 1s: 1188, 0s: 1082
-------------------------------
Epoch [1/12] Loss: 0.5610, Accuracy: 70.79 %
-------------------------------
-------- Validation --------
Predictions - 1s: 291, 0s: 277
True Labels - 1s: 300, 0s: 268
Validation Loss: 0.5125, Validation Accuracy: 73.42 %
-------- Validation finished --------
Updated best model in epoch 1 saved with Validation Loss: 0.5125 and Validation Accuracy: 73.42 %
-------------------------------
Epoch [2/12], Step [100/568], Loss: 0.4909, Accuracy: 78.25 %
Epoch [2/12], Step [200/568], Loss: 0.4841, Accuracy: 77.75 %
Epoch [2/12], Step [300/568], Loss: 0.4774, Accuracy: 78.25 %
Epoch [2/12], Step [400/568], Loss: 0.4705, Accuracy: 78.44 %
Epoch [2/12], Step [500/568], Loss: 0.4671, Accuracy: 78.50 %
Predictions - 1s: 1217, 0s: 1053
True Labels - 1s: 1188, 0s: 1082
-------------------------------
Epoch [2/12] Loss: 0.4703, Accuracy: 78.11 %
-------------------------------
-------- Validation --------
Predictions - 1s: 329, 0s: 239
True Labels - 1s: 300, 0s: 268
Validation Loss: 0.5019, Validation Accuracy: 74.12 %
-------- Validation finished --------
Updated best model in epoch 2 saved with Validation Loss: 0.5019 and Validation Accuracy: 74.12 %
-------------------------------
Epoch [3/12], Step [100/568], Loss: 0.4115, Accuracy: 81.00 %
Epoch [3/12], Step [200/568], Loss: 0.4205, Accuracy: 80.25 %
Epoch [3/12], Step [300/568], Loss: 0.4224, Accuracy: 80.50 %
Epoch [3/12], Step [400/568], Loss: 0.4254, Accuracy: 80.38 %
Epoch [3/12], Step [500/568], Loss: 0.4285, Accuracy: 80.05 %
Predictions - 1s: 1247, 0s: 1023
True Labels - 1s: 1188, 0s: 1082
-------------------------------
Epoch [3/12] Loss: 0.4411, Accuracy: 79.07 %
-------------------------------
-------- Validation --------
Predictions - 1s: 272, 0s: 296
True Labels - 1s: 300, 0s: 268
Validation Loss: 0.5035, Validation Accuracy: 74.65 %
-------- Validation finished --------
Epoch [4/12], Step [100/568], Loss: 0.4112, Accuracy: 81.75 %
Epoch [4/12], Step [200/568], Loss: 0.4155, Accuracy: 81.38 %
Epoch [4/12], Step [300/568], Loss: 0.4191, Accuracy: 81.00 %
Epoch [4/12], Step [400/568], Loss: 0.4203, Accuracy: 81.00 %
Epoch [4/12], Step [500/568], Loss: 0.4202, Accuracy: 80.90 %
Predictions - 1s: 1220, 0s: 1050
True Labels - 1s: 1188, 0s: 1082
-------------------------------
Epoch [4/12] Loss: 0.4246, Accuracy: 80.44 %
-------------------------------
-------- Validation --------
Predictions - 1s: 305, 0s: 263
True Labels - 1s: 300, 0s: 268
Validation Loss: 0.4987, Validation Accuracy: 73.77 %
-------- Validation finished --------
Updated best model in epoch 4 saved with Validation Loss: 0.4987 and Validation Accuracy: 73.77 %
-------------------------------
Epoch [5/12], Step [100/568], Loss: 0.4261, Accuracy: 79.25 %
Epoch [5/12], Step [200/568], Loss: 0.4031, Accuracy: 80.62 %
Epoch [5/12], Step [300/568], Loss: 0.3911, Accuracy: 82.08 %
Epoch [5/12], Step [400/568], Loss: 0.4053, Accuracy: 81.44 %
Epoch [5/12], Step [500/568], Loss: 0.4064, Accuracy: 81.20 %
Predictions - 1s: 1237, 0s: 1033
True Labels - 1s: 1188, 0s: 1082
-------------------------------
Epoch [5/12] Loss: 0.4100, Accuracy: 80.84 %
-------------------------------
-------- Validation --------
Predictions - 1s: 234, 0s: 334
True Labels - 1s: 300, 0s: 268
Validation Loss: 0.5423, Validation Accuracy: 72.18 %
-------- Validation finished --------
Epoch [6/12], Step [100/568], Loss: 0.3903, Accuracy: 82.50 %
Epoch [6/12], Step [200/568], Loss: 0.3896, Accuracy: 82.12 %
Epoch [6/12], Step [300/568], Loss: 0.3918, Accuracy: 82.25 %
Epoch [6/12], Step [400/568], Loss: 0.3869, Accuracy: 82.88 %
Epoch [6/12], Step [500/568], Loss: 0.3833, Accuracy: 83.25 %
Predictions - 1s: 1222, 0s: 1048
True Labels - 1s: 1188, 0s: 1082
-------------------------------
Epoch [6/12] Loss: 0.3905, Accuracy: 82.91 %
-------------------------------
-------- Validation --------
Predictions - 1s: 303, 0s: 265
True Labels - 1s: 300, 0s: 268
Validation Loss: 0.5140, Validation Accuracy: 74.12 %
-------- Validation finished --------
Epoch [7/12], Step [100/568], Loss: 0.4163, Accuracy: 80.00 %
Epoch [7/12], Step [200/568], Loss: 0.3963, Accuracy: 81.62 %
Epoch [7/12], Step [300/568], Loss: 0.3792, Accuracy: 82.75 %
Epoch [7/12], Step [400/568], Loss: 0.3799, Accuracy: 82.88 %
Epoch [7/12], Step [500/568], Loss: 0.3716, Accuracy: 83.35 %
Predictions - 1s: 1239, 0s: 1031
True Labels - 1s: 1188, 0s: 1082
-------------------------------
Epoch [7/12] Loss: 0.3735, Accuracy: 83.30 %
-------------------------------
-------- Validation --------
Predictions - 1s: 295, 0s: 273
True Labels - 1s: 300, 0s: 268
Validation Loss: 0.5286, Validation Accuracy: 74.47 %
-------- Validation finished --------
Epoch [8/12], Step [100/568], Loss: 0.3354, Accuracy: 84.50 %
Epoch [8/12], Step [200/568], Loss: 0.3595, Accuracy: 83.25 %
Epoch [8/12], Step [300/568], Loss: 0.3698, Accuracy: 82.50 %
Epoch [8/12], Step [400/568], Loss: 0.3487, Accuracy: 83.56 %
Epoch [8/12], Step [500/568], Loss: 0.3519, Accuracy: 83.50 %
Predictions - 1s: 1239, 0s: 1031
True Labels - 1s: 1188, 0s: 1082
-------------------------------
Epoch [8/12] Loss: 0.3573, Accuracy: 83.30 %
-------------------------------
-------- Validation --------
Predictions - 1s: 310, 0s: 258
True Labels - 1s: 300, 0s: 268
Validation Loss: 0.5346, Validation Accuracy: 73.94 %
-------- Validation finished --------
Epoch [9/12], Step [100/568], Loss: 0.3388, Accuracy: 84.50 %
Epoch [9/12], Step [200/568], Loss: 0.3646, Accuracy: 82.88 %
Epoch [9/12], Step [300/568], Loss: 0.3525, Accuracy: 83.33 %
Epoch [9/12], Step [400/568], Loss: 0.3498, Accuracy: 83.94 %
Epoch [9/12], Step [500/568], Loss: 0.3469, Accuracy: 84.30 %
Predictions - 1s: 1227, 0s: 1043
True Labels - 1s: 1188, 0s: 1082
-------------------------------
Epoch [9/12] Loss: 0.3461, Accuracy: 84.54 %
-------------------------------
-------- Validation --------
Predictions - 1s: 302, 0s: 266
True Labels - 1s: 300, 0s: 268
Validation Loss: 0.5444, Validation Accuracy: 74.30 %
-------- Validation finished --------
Epoch [10/12], Step [100/568], Loss: 0.3351, Accuracy: 85.00 %
Epoch [10/12], Step [200/568], Loss: 0.3280, Accuracy: 85.12 %
Epoch [10/12], Step [300/568], Loss: 0.3246, Accuracy: 85.42 %
Epoch [10/12], Step [400/568], Loss: 0.3288, Accuracy: 84.81 %
Epoch [10/12], Step [500/568], Loss: 0.3267, Accuracy: 85.25 %
Predictions - 1s: 1208, 0s: 1062
True Labels - 1s: 1188, 0s: 1082
-------------------------------
Epoch [10/12] Loss: 0.3266, Accuracy: 85.02 %
-------------------------------
-------- Validation --------
Predictions - 1s: 296, 0s: 272
True Labels - 1s: 300, 0s: 268
Validation Loss: 0.5472, Validation Accuracy: 75.00 %
-------- Validation finished --------
Epoch [11/12], Step [100/568], Loss: 0.3257, Accuracy: 86.25 %
Epoch [11/12], Step [200/568], Loss: 0.3075, Accuracy: 86.62 %
Epoch [11/12], Step [300/568], Loss: 0.3111, Accuracy: 86.17 %
Epoch [11/12], Step [400/568], Loss: 0.3135, Accuracy: 86.19 %
Epoch [11/12], Step [500/568], Loss: 0.3140, Accuracy: 86.45 %
Predictions - 1s: 1231, 0s: 1039
True Labels - 1s: 1188, 0s: 1082
-------------------------------
Epoch [11/12] Loss: 0.3159, Accuracy: 86.30 %
-------------------------------
-------- Validation --------
Predictions - 1s: 281, 0s: 287
True Labels - 1s: 300, 0s: 268
Validation Loss: 0.5581, Validation Accuracy: 74.12 %
-------- Validation finished --------
Epoch [12/12], Step [100/568], Loss: 0.3250, Accuracy: 86.25 %
Epoch [12/12], Step [200/568], Loss: 0.3396, Accuracy: 86.12 %
Epoch [12/12], Step [300/568], Loss: 0.3175, Accuracy: 87.33 %
Epoch [12/12], Step [400/568], Loss: 0.3214, Accuracy: 86.62 %
Epoch [12/12], Step [500/568], Loss: 0.3200, Accuracy: 86.55 %
Predictions - 1s: 1208, 0s: 1062
True Labels - 1s: 1188, 0s: 1082
-------------------------------
Epoch [12/12] Loss: 0.3206, Accuracy: 86.43 %
-------------------------------
-------- Validation --------
Predictions - 1s: 299, 0s: 269
True Labels - 1s: 300, 0s: 268
Validation Loss: 0.5548, Validation Accuracy: 74.12 %
-------- Validation finished --------
Best model in epoch 4 saved with with Validation Loss: 0.4987 and Validation Accuracy: 73.77 %

-------- Training finished in 1:38 --------

Test flag enabled. Testing the model

-------- Loading best model from model_path --------
Loaded model bert-mini from date 20-04-2024 06:57. Trained with Centralised Machine Learning technology.
Epoch 4, lr: 6e-05, optimizer: AdamW
Train accuracy: 80.44 %, Validation accuracy: 73.77 %
-------- Best model loaded --------

-------- Creating Test Dataloader --------
Test Loader: 715 total sentences. 90 batches of size 8.
-------- Test Dataloader created --------

-------- Testing --------
Predictions - 1s: 410, 0s: 305
True Labels - 1s: 369, 0s: 346
Nº of test samples: 715
Accuracy: 74.97%
Accuracy 2 : 74.97%
Precision: 75.27%
Recall: 74.75%
F1 Score: 74.76%
Classification report:
              precision    recall  f1-score   support

           0     0.7738    0.6821    0.7250       346
           1     0.7317    0.8130    0.7702       369

    accuracy                         0.7497       715
   macro avg     0.7527    0.7475    0.7476       715
weighted avg     0.7521    0.7497    0.7484       715

-------- Testing finished --------
