Current configuration:
{
    "concurrency_flag": true,
    "data_distribution": "iid",
    "dataset": "dreaddit",
    "device": "cuda",
    "dp_delta": 0.003,
    "dp_epsilon": 0.0,
    "eval_batch_size": 4,
    "eval_flag": true,
    "eval_size": 0.2,
    "fed_alg": "fedavg",
    "layers": 3,
    "learning_rate": 6e-05,
    "max_length": 512,
    "ml_mode": "ml",
    "model": "bert_mini",
    "model_name": "ml_mini_seed3_dreaddit",
    "models_path": "/local/vpaloma/fabric-federated-learning/ablation_study/phase-4/final/accs-times/dreaddit/",
    "mu": 0.5,
    "num_clients": 5,
    "num_epochs": 12,
    "num_rounds": 4,
    "optimizer": "AdamW",
    "progress_bar_flag": false,
    "save_model": true,
    "scheduler": "linear",
    "scheduler_warmup_steps": 0,
    "seed": "random",
    "test_flag": true,
    "train_batch_size": 4,
    "train_size": 0.8
}
-------- Configuration loaded --------

-------- Setting device --------
cuda device selected and available.
-------- Device set --------

-------- Setting seed --------
seed set:  828352
-------- Seed set --------

-------- Creating Model --------
-------- Model created --------

-------- Setting Trainable Layers --------
Training the last 3 layers.

Total parameters count: 11171074
Trainable parameters count: 856066
-------- Trainable Layers set --------

-------- Creating Tokenizer --------
-------- Tokenizer created --------

-------- Creating Train and Eval Dataloaders --------
Train Loader: 2270 total sentences. 568 batches of size 4.
Eval Loader: 568 total sentences. 142 batches of size 4.
-------- Train and Eval Dataloaders created --------

-------- Creating Optimizer --------
-------- Optimizer created --------

-------- Creating Scheduler --------
-------- Scheduler created --------

-------- Training --------
Training with Centralised Machine Learning technology.
Training without differential privacy.
Concurrency flag is set to True, but ml mode is selected. Concurrency flag will be ignored.
Epoch [1/12], Step [100/568], Loss: 0.6426, Accuracy: 63.25 %
Epoch [1/12], Step [200/568], Loss: 0.6176, Accuracy: 67.00 %
Epoch [1/12], Step [300/568], Loss: 0.5900, Accuracy: 69.08 %
Epoch [1/12], Step [400/568], Loss: 0.5750, Accuracy: 70.62 %
Epoch [1/12], Step [500/568], Loss: 0.5634, Accuracy: 71.45 %
Predictions - 1s: 1345, 0s: 925
True Labels - 1s: 1185, 0s: 1085
-------------------------------
Epoch [1/12] Loss: 0.5552, Accuracy: 72.16 %
-------------------------------
-------- Validation --------
Predictions - 1s: 308, 0s: 260
True Labels - 1s: 303, 0s: 265
Validation Loss: 0.4844, Validation Accuracy: 76.23 %
-------- Validation finished --------
Updated best model in epoch 1 saved with Validation Loss: 0.4844 and Validation Accuracy: 76.23 %
-------------------------------
Epoch [2/12], Step [100/568], Loss: 0.4969, Accuracy: 76.25 %
Epoch [2/12], Step [200/568], Loss: 0.4846, Accuracy: 76.75 %
Epoch [2/12], Step [300/568], Loss: 0.4782, Accuracy: 77.58 %
Epoch [2/12], Step [400/568], Loss: 0.4765, Accuracy: 78.00 %
Epoch [2/12], Step [500/568], Loss: 0.4755, Accuracy: 77.50 %
Predictions - 1s: 1213, 0s: 1057
True Labels - 1s: 1185, 0s: 1085
-------------------------------
Epoch [2/12] Loss: 0.4752, Accuracy: 77.27 %
-------------------------------
-------- Validation --------
Predictions - 1s: 264, 0s: 304
True Labels - 1s: 303, 0s: 265
Validation Loss: 0.4835, Validation Accuracy: 75.18 %
-------- Validation finished --------
Updated best model in epoch 2 saved with Validation Loss: 0.4835 and Validation Accuracy: 75.18 %
-------------------------------
Epoch [3/12], Step [100/568], Loss: 0.4786, Accuracy: 78.50 %
Epoch [3/12], Step [200/568], Loss: 0.4710, Accuracy: 77.88 %
Epoch [3/12], Step [300/568], Loss: 0.4571, Accuracy: 78.33 %
Epoch [3/12], Step [400/568], Loss: 0.4644, Accuracy: 77.38 %
Epoch [3/12], Step [500/568], Loss: 0.4667, Accuracy: 77.50 %
Predictions - 1s: 1216, 0s: 1054
True Labels - 1s: 1185, 0s: 1085
-------------------------------
Epoch [3/12] Loss: 0.4602, Accuracy: 77.67 %
-------------------------------
-------- Validation --------
Predictions - 1s: 295, 0s: 273
True Labels - 1s: 303, 0s: 265
Validation Loss: 0.4636, Validation Accuracy: 78.17 %
-------- Validation finished --------
Updated best model in epoch 3 saved with Validation Loss: 0.4636 and Validation Accuracy: 78.17 %
-------------------------------
Epoch [4/12], Step [100/568], Loss: 0.4220, Accuracy: 79.75 %
Epoch [4/12], Step [200/568], Loss: 0.4321, Accuracy: 79.50 %
Epoch [4/12], Step [300/568], Loss: 0.4251, Accuracy: 80.08 %
Epoch [4/12], Step [400/568], Loss: 0.4247, Accuracy: 80.62 %
Epoch [4/12], Step [500/568], Loss: 0.4234, Accuracy: 80.45 %
Predictions - 1s: 1202, 0s: 1068
True Labels - 1s: 1185, 0s: 1085
-------------------------------
Epoch [4/12] Loss: 0.4252, Accuracy: 80.66 %
-------------------------------
-------- Validation --------
Predictions - 1s: 297, 0s: 271
True Labels - 1s: 303, 0s: 265
Validation Loss: 0.4681, Validation Accuracy: 77.11 %
-------- Validation finished --------
Epoch [5/12], Step [100/568], Loss: 0.3583, Accuracy: 82.50 %
Epoch [5/12], Step [200/568], Loss: 0.3944, Accuracy: 80.75 %
Epoch [5/12], Step [300/568], Loss: 0.3953, Accuracy: 80.42 %
Epoch [5/12], Step [400/568], Loss: 0.4102, Accuracy: 79.69 %
Epoch [5/12], Step [500/568], Loss: 0.4120, Accuracy: 79.75 %
Predictions - 1s: 1217, 0s: 1053
True Labels - 1s: 1185, 0s: 1085
-------------------------------
Epoch [5/12] Loss: 0.4113, Accuracy: 80.09 %
-------------------------------
-------- Validation --------
Predictions - 1s: 244, 0s: 324
True Labels - 1s: 303, 0s: 265
Validation Loss: 0.4968, Validation Accuracy: 74.12 %
-------- Validation finished --------
Epoch [6/12], Step [100/568], Loss: 0.3823, Accuracy: 82.50 %
Epoch [6/12], Step [200/568], Loss: 0.3843, Accuracy: 82.62 %
Epoch [6/12], Step [300/568], Loss: 0.3944, Accuracy: 81.42 %
Epoch [6/12], Step [400/568], Loss: 0.3928, Accuracy: 81.31 %
Epoch [6/12], Step [500/568], Loss: 0.3949, Accuracy: 81.35 %
Predictions - 1s: 1197, 0s: 1073
True Labels - 1s: 1185, 0s: 1085
-------------------------------
Epoch [6/12] Loss: 0.3940, Accuracy: 81.67 %
-------------------------------
-------- Validation --------
Predictions - 1s: 316, 0s: 252
True Labels - 1s: 303, 0s: 265
Validation Loss: 0.4749, Validation Accuracy: 77.64 %
-------- Validation finished --------
Epoch [7/12], Step [100/568], Loss: 0.3693, Accuracy: 82.50 %
Epoch [7/12], Step [200/568], Loss: 0.3835, Accuracy: 82.50 %
Epoch [7/12], Step [300/568], Loss: 0.3890, Accuracy: 82.42 %
Epoch [7/12], Step [400/568], Loss: 0.3938, Accuracy: 81.75 %
Epoch [7/12], Step [500/568], Loss: 0.3793, Accuracy: 82.60 %
Predictions - 1s: 1211, 0s: 1059
True Labels - 1s: 1185, 0s: 1085
-------------------------------
Epoch [7/12] Loss: 0.3755, Accuracy: 82.91 %
-------------------------------
-------- Validation --------
Predictions - 1s: 325, 0s: 243
True Labels - 1s: 303, 0s: 265
Validation Loss: 0.4701, Validation Accuracy: 78.87 %
-------- Validation finished --------
Epoch [8/12], Step [100/568], Loss: 0.4061, Accuracy: 79.25 %
Epoch [8/12], Step [200/568], Loss: 0.3845, Accuracy: 81.25 %
Epoch [8/12], Step [300/568], Loss: 0.3812, Accuracy: 82.42 %
Epoch [8/12], Step [400/568], Loss: 0.3739, Accuracy: 82.38 %
Epoch [8/12], Step [500/568], Loss: 0.3607, Accuracy: 83.60 %
Predictions - 1s: 1189, 0s: 1081
True Labels - 1s: 1185, 0s: 1085
-------------------------------
Epoch [8/12] Loss: 0.3603, Accuracy: 83.61 %
-------------------------------
-------- Validation --------
Predictions - 1s: 351, 0s: 217
True Labels - 1s: 303, 0s: 265
Validation Loss: 0.4855, Validation Accuracy: 79.58 %
-------- Validation finished --------
Epoch [9/12], Step [100/568], Loss: 0.3619, Accuracy: 81.25 %
Epoch [9/12], Step [200/568], Loss: 0.3479, Accuracy: 83.25 %
Epoch [9/12], Step [300/568], Loss: 0.3613, Accuracy: 82.42 %
Epoch [9/12], Step [400/568], Loss: 0.3529, Accuracy: 83.00 %
Epoch [9/12], Step [500/568], Loss: 0.3522, Accuracy: 83.25 %
Predictions - 1s: 1201, 0s: 1069
True Labels - 1s: 1185, 0s: 1085
-------------------------------
Epoch [9/12] Loss: 0.3575, Accuracy: 83.08 %
-------------------------------
-------- Validation --------
Predictions - 1s: 302, 0s: 266
True Labels - 1s: 303, 0s: 265
Validation Loss: 0.4681, Validation Accuracy: 77.99 %
-------- Validation finished --------
Epoch [10/12], Step [100/568], Loss: 0.3268, Accuracy: 85.25 %
Epoch [10/12], Step [200/568], Loss: 0.3341, Accuracy: 85.50 %
Epoch [10/12], Step [300/568], Loss: 0.3516, Accuracy: 84.67 %
Epoch [10/12], Step [400/568], Loss: 0.3450, Accuracy: 84.62 %
Epoch [10/12], Step [500/568], Loss: 0.3419, Accuracy: 84.75 %
Predictions - 1s: 1206, 0s: 1064
True Labels - 1s: 1185, 0s: 1085
-------------------------------
Epoch [10/12] Loss: 0.3391, Accuracy: 84.80 %
-------------------------------
-------- Validation --------
Predictions - 1s: 324, 0s: 244
True Labels - 1s: 303, 0s: 265
Validation Loss: 0.4751, Validation Accuracy: 79.05 %
-------- Validation finished --------
Epoch [11/12], Step [100/568], Loss: 0.3274, Accuracy: 84.50 %
Epoch [11/12], Step [200/568], Loss: 0.3233, Accuracy: 85.50 %
Epoch [11/12], Step [300/568], Loss: 0.3204, Accuracy: 85.83 %
Epoch [11/12], Step [400/568], Loss: 0.3192, Accuracy: 86.31 %
Epoch [11/12], Step [500/568], Loss: 0.3230, Accuracy: 86.10 %
Predictions - 1s: 1200, 0s: 1070
True Labels - 1s: 1185, 0s: 1085
-------------------------------
Epoch [11/12] Loss: 0.3271, Accuracy: 85.95 %
-------------------------------
-------- Validation --------
Predictions - 1s: 317, 0s: 251
True Labels - 1s: 303, 0s: 265
Validation Loss: 0.4756, Validation Accuracy: 77.46 %
-------- Validation finished --------
Epoch [12/12], Step [100/568], Loss: 0.3051, Accuracy: 88.00 %
Epoch [12/12], Step [200/568], Loss: 0.3150, Accuracy: 87.12 %
Epoch [12/12], Step [300/568], Loss: 0.3227, Accuracy: 86.00 %
Epoch [12/12], Step [400/568], Loss: 0.3248, Accuracy: 85.75 %
Epoch [12/12], Step [500/568], Loss: 0.3220, Accuracy: 85.65 %
Predictions - 1s: 1191, 0s: 1079
True Labels - 1s: 1185, 0s: 1085
-------------------------------
Epoch [12/12] Loss: 0.3218, Accuracy: 85.64 %
-------------------------------
-------- Validation --------
Predictions - 1s: 318, 0s: 250
True Labels - 1s: 303, 0s: 265
Validation Loss: 0.4778, Validation Accuracy: 77.99 %
-------- Validation finished --------
Best model in epoch 3 saved with with Validation Loss: 0.4636 and Validation Accuracy: 78.17 %

-------- Training finished in 1:16 --------

Test flag enabled. Testing the model

-------- Loading best model from model_path --------
Loaded model bert-mini from date 20-04-2024 07:16. Trained with Centralised Machine Learning technology.
Epoch 3, lr: 6e-05, optimizer: AdamW
Train accuracy: 77.67 %, Validation accuracy: 78.17 %
-------- Best model loaded --------

-------- Creating Test Dataloader --------
Test Loader: 715 total sentences. 90 batches of size 8.
-------- Test Dataloader created --------

-------- Testing --------
Predictions - 1s: 382, 0s: 333
True Labels - 1s: 369, 0s: 346
Nº of test samples: 715
Accuracy: 74.69%
Accuracy 2 : 74.69%
Precision: 74.69%
Recall: 74.60%
F1 Score: 74.62%
Classification report:
              precision    recall  f1-score   support

           0     0.7477    0.7197    0.7334       346
           1     0.7461    0.7724    0.7590       369

    accuracy                         0.7469       715
   macro avg     0.7469    0.7460    0.7462       715
weighted avg     0.7469    0.7469    0.7466       715

-------- Testing finished --------
