Current configuration:
{
    "concurrency_flag": true,
    "data_distribution": "iid",
    "dataset": "dreaddit",
    "device": "cuda",
    "dp_delta": 0.003,
    "dp_epsilon": 0.0,
    "eval_batch_size": 4,
    "eval_flag": true,
    "eval_size": 0.2,
    "fed_alg": "fedavg",
    "layers": 3,
    "learning_rate": 6e-05,
    "max_length": 512,
    "ml_mode": "ml",
    "model": "bert_medium",
    "model_name": "ml_medium_seed4_dreaddit",
    "models_path": "/local/vpaloma/fabric-federated-learning/ablation_study/phase-4/final/accs-times/dreaddit/",
    "mu": 0.5,
    "num_clients": 5,
    "num_epochs": 12,
    "num_rounds": 4,
    "optimizer": "AdamW",
    "progress_bar_flag": false,
    "save_model": true,
    "scheduler": "linear",
    "scheduler_warmup_steps": 0,
    "seed": "random",
    "test_flag": true,
    "train_batch_size": 4,
    "train_size": 0.8
}
-------- Configuration loaded --------

-------- Setting device --------
cuda device selected and available.
-------- Device set --------

-------- Setting seed --------
seed set:  601490
-------- Seed set --------

-------- Creating Model --------
-------- Model created --------

-------- Setting Trainable Layers --------
Training the last 3 layers.

Total parameters count: 41374210
Trainable parameters count: 3416066
-------- Trainable Layers set --------

-------- Creating Tokenizer --------
-------- Tokenizer created --------

-------- Creating Train and Eval Dataloaders --------
Train Loader: 2270 total sentences. 568 batches of size 4.
Eval Loader: 568 total sentences. 142 batches of size 4.
-------- Train and Eval Dataloaders created --------

-------- Creating Optimizer --------
-------- Optimizer created --------

-------- Creating Scheduler --------
-------- Scheduler created --------

-------- Training --------
Training with Centralised Machine Learning technology.
Training without differential privacy.
Concurrency flag is set to True, but ml mode is selected. Concurrency flag will be ignored.
Epoch [1/12], Step [100/568], Loss: 0.6214, Accuracy: 66.50 %
Epoch [1/12], Step [200/568], Loss: 0.5695, Accuracy: 70.75 %
Epoch [1/12], Step [300/568], Loss: 0.5404, Accuracy: 72.75 %
Epoch [1/12], Step [400/568], Loss: 0.5264, Accuracy: 73.69 %
Epoch [1/12], Step [500/568], Loss: 0.5126, Accuracy: 74.70 %
Predictions - 1s: 1206, 0s: 1064
True Labels - 1s: 1179, 0s: 1091
-------------------------------
Epoch [1/12] Loss: 0.5051, Accuracy: 75.02 %
-------------------------------
-------- Validation --------
Predictions - 1s: 427, 0s: 141
True Labels - 1s: 309, 0s: 259
Validation Loss: 0.5688, Validation Accuracy: 73.24 %
-------- Validation finished --------
Updated best model in epoch 1 saved with Validation Loss: 0.5688 and Validation Accuracy: 73.24 %
-------------------------------
Epoch [2/12], Step [100/568], Loss: 0.4405, Accuracy: 79.25 %
Epoch [2/12], Step [200/568], Loss: 0.4295, Accuracy: 80.00 %
Epoch [2/12], Step [300/568], Loss: 0.4269, Accuracy: 80.42 %
Epoch [2/12], Step [400/568], Loss: 0.4234, Accuracy: 80.44 %
Epoch [2/12], Step [500/568], Loss: 0.4268, Accuracy: 80.60 %
Predictions - 1s: 1184, 0s: 1086
True Labels - 1s: 1179, 0s: 1091
-------------------------------
Epoch [2/12] Loss: 0.4233, Accuracy: 80.84 %
-------------------------------
-------- Validation --------
Predictions - 1s: 382, 0s: 186
True Labels - 1s: 309, 0s: 259
Validation Loss: 0.5175, Validation Accuracy: 76.94 %
-------- Validation finished --------
Updated best model in epoch 2 saved with Validation Loss: 0.5175 and Validation Accuracy: 76.94 %
-------------------------------
Epoch [3/12], Step [100/568], Loss: 0.3817, Accuracy: 84.00 %
Epoch [3/12], Step [200/568], Loss: 0.3785, Accuracy: 83.50 %
Epoch [3/12], Step [300/568], Loss: 0.3663, Accuracy: 83.92 %
Epoch [3/12], Step [400/568], Loss: 0.3573, Accuracy: 84.44 %
Epoch [3/12], Step [500/568], Loss: 0.3570, Accuracy: 84.45 %
Predictions - 1s: 1199, 0s: 1071
True Labels - 1s: 1179, 0s: 1091
-------------------------------
Epoch [3/12] Loss: 0.3625, Accuracy: 84.23 %
-------------------------------
-------- Validation --------
Predictions - 1s: 360, 0s: 208
True Labels - 1s: 309, 0s: 259
Validation Loss: 0.4794, Validation Accuracy: 77.64 %
-------- Validation finished --------
Updated best model in epoch 3 saved with Validation Loss: 0.4794 and Validation Accuracy: 77.64 %
-------------------------------
Epoch [4/12], Step [100/568], Loss: 0.3025, Accuracy: 87.25 %
Epoch [4/12], Step [200/568], Loss: 0.3126, Accuracy: 85.75 %
Epoch [4/12], Step [300/568], Loss: 0.3001, Accuracy: 86.25 %
Epoch [4/12], Step [400/568], Loss: 0.3136, Accuracy: 86.25 %
Epoch [4/12], Step [500/568], Loss: 0.2974, Accuracy: 87.30 %
Predictions - 1s: 1197, 0s: 1073
True Labels - 1s: 1179, 0s: 1091
-------------------------------
Epoch [4/12] Loss: 0.2952, Accuracy: 87.49 %
-------------------------------
-------- Validation --------
Predictions - 1s: 372, 0s: 196
True Labels - 1s: 309, 0s: 259
Validation Loss: 0.5652, Validation Accuracy: 77.99 %
-------- Validation finished --------
Epoch [5/12], Step [100/568], Loss: 0.1982, Accuracy: 92.00 %
Epoch [5/12], Step [200/568], Loss: 0.2084, Accuracy: 91.88 %
Epoch [5/12], Step [300/568], Loss: 0.2235, Accuracy: 91.00 %
Epoch [5/12], Step [400/568], Loss: 0.2466, Accuracy: 89.88 %
Epoch [5/12], Step [500/568], Loss: 0.2509, Accuracy: 89.85 %
Predictions - 1s: 1194, 0s: 1076
True Labels - 1s: 1179, 0s: 1091
-------------------------------
Epoch [5/12] Loss: 0.2521, Accuracy: 89.74 %
-------------------------------
-------- Validation --------
Predictions - 1s: 255, 0s: 313
True Labels - 1s: 309, 0s: 259
Validation Loss: 0.5705, Validation Accuracy: 77.11 %
-------- Validation finished --------
Epoch [6/12], Step [100/568], Loss: 0.2123, Accuracy: 91.00 %
Epoch [6/12], Step [200/568], Loss: 0.2090, Accuracy: 91.25 %
Epoch [6/12], Step [300/568], Loss: 0.2119, Accuracy: 91.17 %
Epoch [6/12], Step [400/568], Loss: 0.2115, Accuracy: 91.19 %
Epoch [6/12], Step [500/568], Loss: 0.2076, Accuracy: 91.50 %
Predictions - 1s: 1191, 0s: 1079
True Labels - 1s: 1179, 0s: 1091
-------------------------------
Epoch [6/12] Loss: 0.2053, Accuracy: 91.63 %
-------------------------------
-------- Validation --------
Predictions - 1s: 329, 0s: 239
True Labels - 1s: 309, 0s: 259
Validation Loss: 0.6114, Validation Accuracy: 78.52 %
-------- Validation finished --------
Epoch [7/12], Step [100/568], Loss: 0.1313, Accuracy: 95.00 %
Epoch [7/12], Step [200/568], Loss: 0.1264, Accuracy: 94.88 %
Epoch [7/12], Step [300/568], Loss: 0.1364, Accuracy: 94.58 %
Epoch [7/12], Step [400/568], Loss: 0.1382, Accuracy: 94.44 %
Epoch [7/12], Step [500/568], Loss: 0.1487, Accuracy: 94.00 %
Predictions - 1s: 1181, 0s: 1089
True Labels - 1s: 1179, 0s: 1091
-------------------------------
Epoch [7/12] Loss: 0.1523, Accuracy: 93.92 %
-------------------------------
-------- Validation --------
Predictions - 1s: 349, 0s: 219
True Labels - 1s: 309, 0s: 259
Validation Loss: 0.6649, Validation Accuracy: 77.82 %
-------- Validation finished --------
Epoch [8/12], Step [100/568], Loss: 0.1082, Accuracy: 95.50 %
Epoch [8/12], Step [200/568], Loss: 0.1151, Accuracy: 95.38 %
Epoch [8/12], Step [300/568], Loss: 0.1172, Accuracy: 95.33 %
Epoch [8/12], Step [400/568], Loss: 0.1186, Accuracy: 95.44 %
Epoch [8/12], Step [500/568], Loss: 0.1220, Accuracy: 95.05 %
Predictions - 1s: 1190, 0s: 1080
True Labels - 1s: 1179, 0s: 1091
-------------------------------
Epoch [8/12] Loss: 0.1248, Accuracy: 95.02 %
-------------------------------
-------- Validation --------
Predictions - 1s: 335, 0s: 233
True Labels - 1s: 309, 0s: 259
Validation Loss: 0.7389, Validation Accuracy: 75.70 %
-------- Validation finished --------
Epoch [9/12], Step [100/568], Loss: 0.0970, Accuracy: 96.25 %
Epoch [9/12], Step [200/568], Loss: 0.1023, Accuracy: 95.88 %
Epoch [9/12], Step [300/568], Loss: 0.1050, Accuracy: 95.50 %
Epoch [9/12], Step [400/568], Loss: 0.1097, Accuracy: 95.56 %
Epoch [9/12], Step [500/568], Loss: 0.1049, Accuracy: 96.00 %
Predictions - 1s: 1172, 0s: 1098
True Labels - 1s: 1179, 0s: 1091
-------------------------------
Epoch [9/12] Loss: 0.1078, Accuracy: 95.81 %
-------------------------------
-------- Validation --------
Predictions - 1s: 346, 0s: 222
True Labels - 1s: 309, 0s: 259
Validation Loss: 0.8148, Validation Accuracy: 75.88 %
-------- Validation finished --------
Epoch [10/12], Step [100/568], Loss: 0.1044, Accuracy: 97.00 %
Epoch [10/12], Step [200/568], Loss: 0.0967, Accuracy: 96.50 %
Epoch [10/12], Step [300/568], Loss: 0.0886, Accuracy: 96.92 %
Epoch [10/12], Step [400/568], Loss: 0.0839, Accuracy: 97.06 %
Epoch [10/12], Step [500/568], Loss: 0.0810, Accuracy: 97.25 %
Predictions - 1s: 1177, 0s: 1093
True Labels - 1s: 1179, 0s: 1091
-------------------------------
Epoch [10/12] Loss: 0.0809, Accuracy: 97.27 %
-------------------------------
-------- Validation --------
Predictions - 1s: 297, 0s: 271
True Labels - 1s: 309, 0s: 259
Validation Loss: 0.8319, Validation Accuracy: 76.41 %
-------- Validation finished --------
Epoch [11/12], Step [100/568], Loss: 0.0702, Accuracy: 97.00 %
Epoch [11/12], Step [200/568], Loss: 0.0740, Accuracy: 97.25 %
Epoch [11/12], Step [300/568], Loss: 0.0751, Accuracy: 97.33 %
Epoch [11/12], Step [400/568], Loss: 0.0780, Accuracy: 97.12 %
Epoch [11/12], Step [500/568], Loss: 0.0733, Accuracy: 97.35 %
Predictions - 1s: 1174, 0s: 1096
True Labels - 1s: 1179, 0s: 1091
-------------------------------
Epoch [11/12] Loss: 0.0780, Accuracy: 97.14 %
-------------------------------
-------- Validation --------
Predictions - 1s: 327, 0s: 241
True Labels - 1s: 309, 0s: 259
Validation Loss: 0.8540, Validation Accuracy: 77.46 %
-------- Validation finished --------
Epoch [12/12], Step [100/568], Loss: 0.0745, Accuracy: 97.75 %
Epoch [12/12], Step [200/568], Loss: 0.0708, Accuracy: 97.62 %
Epoch [12/12], Step [300/568], Loss: 0.0708, Accuracy: 97.50 %
Epoch [12/12], Step [400/568], Loss: 0.0734, Accuracy: 97.31 %
Epoch [12/12], Step [500/568], Loss: 0.0750, Accuracy: 97.20 %
Predictions - 1s: 1179, 0s: 1091
True Labels - 1s: 1179, 0s: 1091
-------------------------------
Epoch [12/12] Loss: 0.0719, Accuracy: 97.36 %
-------------------------------
-------- Validation --------
Predictions - 1s: 324, 0s: 244
True Labels - 1s: 309, 0s: 259
Validation Loss: 0.8530, Validation Accuracy: 76.94 %
-------- Validation finished --------
Best model in epoch 3 saved with with Validation Loss: 0.4794 and Validation Accuracy: 77.64 %

-------- Training finished in 2:45 --------

Test flag enabled. Testing the model

-------- Loading best model from model_path --------
Loaded model bert-medium from date 20-04-2024 06:52. Trained with Centralised Machine Learning technology.
Epoch 3, lr: 6e-05, optimizer: AdamW
Train accuracy: 84.23 %, Validation accuracy: 77.64 %
-------- Best model loaded --------

-------- Creating Test Dataloader --------
Test Loader: 715 total sentences. 90 batches of size 8.
-------- Test Dataloader created --------

-------- Testing --------
Predictions - 1s: 454, 0s: 261
True Labels - 1s: 369, 0s: 346
Nº of test samples: 715
Accuracy: 74.69%
Accuracy 2 : 74.69%
Precision: 76.16%
Recall: 74.28%
F1 Score: 74.09%
Classification report:
              precision    recall  f1-score   support

           0     0.8161    0.6156    0.7018       346
           1     0.7070    0.8699    0.7801       369

    accuracy                         0.7469       715
   macro avg     0.7616    0.7428    0.7409       715
weighted avg     0.7598    0.7469    0.7422       715

-------- Testing finished --------
