Current configuration:
{
    "concurrency_flag": true,
    "data_distribution": "iid",
    "dataset": "dreaddit",
    "device": "cuda",
    "dp_delta": 0.003,
    "dp_epsilon": 0.0,
    "eval_batch_size": 4,
    "eval_flag": true,
    "eval_size": 0.2,
    "fed_alg": "fedavg",
    "layers": 3,
    "learning_rate": 6e-05,
    "max_length": 512,
    "ml_mode": "ml",
    "model": "bert_mini",
    "model_name": "ml_mini_seed7_dreaddit",
    "models_path": "/local/vpaloma/fabric-federated-learning/ablation_study/phase-4/final/accs-times/dreaddit/",
    "mu": 0.5,
    "num_clients": 5,
    "num_epochs": 12,
    "num_rounds": 4,
    "optimizer": "AdamW",
    "progress_bar_flag": false,
    "save_model": true,
    "scheduler": "linear",
    "scheduler_warmup_steps": 0,
    "seed": "random",
    "test_flag": true,
    "train_batch_size": 4,
    "train_size": 0.8
}
-------- Configuration loaded --------

-------- Setting device --------
cuda device selected and available.
-------- Device set --------

-------- Setting seed --------
seed set:  94860
-------- Seed set --------

-------- Creating Model --------
-------- Model created --------

-------- Setting Trainable Layers --------
Training the last 3 layers.

Total parameters count: 11171074
Trainable parameters count: 856066
-------- Trainable Layers set --------

-------- Creating Tokenizer --------
-------- Tokenizer created --------

-------- Creating Train and Eval Dataloaders --------
Train Loader: 2270 total sentences. 568 batches of size 4.
Eval Loader: 568 total sentences. 142 batches of size 4.
-------- Train and Eval Dataloaders created --------

-------- Creating Optimizer --------
-------- Optimizer created --------

-------- Creating Scheduler --------
-------- Scheduler created --------

-------- Training --------
Training with Centralised Machine Learning technology.
Training without differential privacy.
Concurrency flag is set to True, but ml mode is selected. Concurrency flag will be ignored.
Epoch [1/12], Step [100/568], Loss: 0.6513, Accuracy: 62.00 %
Epoch [1/12], Step [200/568], Loss: 0.6165, Accuracy: 66.62 %
Epoch [1/12], Step [300/568], Loss: 0.5949, Accuracy: 68.00 %
Epoch [1/12], Step [400/568], Loss: 0.5720, Accuracy: 70.31 %
Epoch [1/12], Step [500/568], Loss: 0.5619, Accuracy: 71.30 %
Predictions - 1s: 1269, 0s: 1001
True Labels - 1s: 1171, 0s: 1099
-------------------------------
Epoch [1/12] Loss: 0.5611, Accuracy: 71.19 %
-------------------------------
-------- Validation --------
Predictions - 1s: 308, 0s: 260
True Labels - 1s: 317, 0s: 251
Validation Loss: 0.4918, Validation Accuracy: 75.88 %
-------- Validation finished --------
Updated best model in epoch 1 saved with Validation Loss: 0.4918 and Validation Accuracy: 75.88 %
-------------------------------
Epoch [2/12], Step [100/568], Loss: 0.4757, Accuracy: 75.50 %
Epoch [2/12], Step [200/568], Loss: 0.4817, Accuracy: 75.38 %
Epoch [2/12], Step [300/568], Loss: 0.4876, Accuracy: 75.17 %
Epoch [2/12], Step [400/568], Loss: 0.4849, Accuracy: 75.19 %
Epoch [2/12], Step [500/568], Loss: 0.4853, Accuracy: 75.45 %
Predictions - 1s: 1220, 0s: 1050
True Labels - 1s: 1171, 0s: 1099
-------------------------------
Epoch [2/12] Loss: 0.4810, Accuracy: 75.73 %
-------------------------------
-------- Validation --------
Predictions - 1s: 305, 0s: 263
True Labels - 1s: 317, 0s: 251
Validation Loss: 0.4713, Validation Accuracy: 77.46 %
-------- Validation finished --------
Updated best model in epoch 2 saved with Validation Loss: 0.4713 and Validation Accuracy: 77.46 %
-------------------------------
Epoch [3/12], Step [100/568], Loss: 0.4407, Accuracy: 80.00 %
Epoch [3/12], Step [200/568], Loss: 0.4556, Accuracy: 77.88 %
Epoch [3/12], Step [300/568], Loss: 0.4531, Accuracy: 77.17 %
Epoch [3/12], Step [400/568], Loss: 0.4514, Accuracy: 77.88 %
Epoch [3/12], Step [500/568], Loss: 0.4576, Accuracy: 77.30 %
Predictions - 1s: 1210, 0s: 1060
True Labels - 1s: 1171, 0s: 1099
-------------------------------
Epoch [3/12] Loss: 0.4525, Accuracy: 77.67 %
-------------------------------
-------- Validation --------
Predictions - 1s: 303, 0s: 265
True Labels - 1s: 317, 0s: 251
Validation Loss: 0.4642, Validation Accuracy: 77.46 %
-------- Validation finished --------
Updated best model in epoch 3 saved with Validation Loss: 0.4642 and Validation Accuracy: 77.46 %
-------------------------------
Epoch [4/12], Step [100/568], Loss: 0.4271, Accuracy: 80.25 %
Epoch [4/12], Step [200/568], Loss: 0.4368, Accuracy: 79.62 %
Epoch [4/12], Step [300/568], Loss: 0.4370, Accuracy: 80.25 %
Epoch [4/12], Step [400/568], Loss: 0.4363, Accuracy: 79.88 %
Epoch [4/12], Step [500/568], Loss: 0.4396, Accuracy: 79.65 %
Predictions - 1s: 1207, 0s: 1063
True Labels - 1s: 1171, 0s: 1099
-------------------------------
Epoch [4/12] Loss: 0.4281, Accuracy: 80.44 %
-------------------------------
-------- Validation --------
Predictions - 1s: 328, 0s: 240
True Labels - 1s: 317, 0s: 251
Validation Loss: 0.4621, Validation Accuracy: 78.35 %
-------- Validation finished --------
Updated best model in epoch 4 saved with Validation Loss: 0.4621 and Validation Accuracy: 78.35 %
-------------------------------
Epoch [5/12], Step [100/568], Loss: 0.4336, Accuracy: 79.75 %
Epoch [5/12], Step [200/568], Loss: 0.4328, Accuracy: 78.25 %
Epoch [5/12], Step [300/568], Loss: 0.4343, Accuracy: 79.08 %
Epoch [5/12], Step [400/568], Loss: 0.4190, Accuracy: 80.25 %
Epoch [5/12], Step [500/568], Loss: 0.4187, Accuracy: 80.45 %
Predictions - 1s: 1198, 0s: 1072
True Labels - 1s: 1171, 0s: 1099
-------------------------------
Epoch [5/12] Loss: 0.4168, Accuracy: 80.66 %
-------------------------------
-------- Validation --------
Predictions - 1s: 335, 0s: 233
True Labels - 1s: 317, 0s: 251
Validation Loss: 0.4620, Validation Accuracy: 79.23 %
-------- Validation finished --------
Updated best model in epoch 5 saved with Validation Loss: 0.4620 and Validation Accuracy: 79.23 %
-------------------------------
Epoch [6/12], Step [100/568], Loss: 0.3637, Accuracy: 83.75 %
Epoch [6/12], Step [200/568], Loss: 0.3577, Accuracy: 84.00 %
Epoch [6/12], Step [300/568], Loss: 0.3790, Accuracy: 82.17 %
Epoch [6/12], Step [400/568], Loss: 0.3954, Accuracy: 81.00 %
Epoch [6/12], Step [500/568], Loss: 0.3914, Accuracy: 81.20 %
Predictions - 1s: 1207, 0s: 1063
True Labels - 1s: 1171, 0s: 1099
-------------------------------
Epoch [6/12] Loss: 0.3962, Accuracy: 80.79 %
-------------------------------
-------- Validation --------
Predictions - 1s: 288, 0s: 280
True Labels - 1s: 317, 0s: 251
Validation Loss: 0.4740, Validation Accuracy: 78.35 %
-------- Validation finished --------
Epoch [7/12], Step [100/568], Loss: 0.3867, Accuracy: 82.25 %
Epoch [7/12], Step [200/568], Loss: 0.3685, Accuracy: 83.88 %
Epoch [7/12], Step [300/568], Loss: 0.3778, Accuracy: 83.08 %
Epoch [7/12], Step [400/568], Loss: 0.3763, Accuracy: 83.31 %
Epoch [7/12], Step [500/568], Loss: 0.3759, Accuracy: 83.15 %
Predictions - 1s: 1212, 0s: 1058
True Labels - 1s: 1171, 0s: 1099
-------------------------------
Epoch [7/12] Loss: 0.3775, Accuracy: 83.04 %
-------------------------------
-------- Validation --------
Predictions - 1s: 311, 0s: 257
True Labels - 1s: 317, 0s: 251
Validation Loss: 0.4702, Validation Accuracy: 78.52 %
-------- Validation finished --------
Epoch [8/12], Step [100/568], Loss: 0.3514, Accuracy: 86.25 %
Epoch [8/12], Step [200/568], Loss: 0.3512, Accuracy: 85.75 %
Epoch [8/12], Step [300/568], Loss: 0.3619, Accuracy: 84.42 %
Epoch [8/12], Step [400/568], Loss: 0.3582, Accuracy: 84.56 %
Epoch [8/12], Step [500/568], Loss: 0.3660, Accuracy: 84.05 %
Predictions - 1s: 1204, 0s: 1066
True Labels - 1s: 1171, 0s: 1099
-------------------------------
Epoch [8/12] Loss: 0.3700, Accuracy: 83.83 %
-------------------------------
-------- Validation --------
Predictions - 1s: 306, 0s: 262
True Labels - 1s: 317, 0s: 251
Validation Loss: 0.4666, Validation Accuracy: 79.05 %
-------- Validation finished --------
Epoch [9/12], Step [100/568], Loss: 0.3322, Accuracy: 84.25 %
Epoch [9/12], Step [200/568], Loss: 0.3407, Accuracy: 84.88 %
Epoch [9/12], Step [300/568], Loss: 0.3450, Accuracy: 84.50 %
Epoch [9/12], Step [400/568], Loss: 0.3483, Accuracy: 84.44 %
Epoch [9/12], Step [500/568], Loss: 0.3432, Accuracy: 85.10 %
Predictions - 1s: 1193, 0s: 1077
True Labels - 1s: 1171, 0s: 1099
-------------------------------
Epoch [9/12] Loss: 0.3475, Accuracy: 84.67 %
-------------------------------
-------- Validation --------
Predictions - 1s: 295, 0s: 273
True Labels - 1s: 317, 0s: 251
Validation Loss: 0.4804, Validation Accuracy: 77.82 %
-------- Validation finished --------
Epoch [10/12], Step [100/568], Loss: 0.4073, Accuracy: 80.25 %
Epoch [10/12], Step [200/568], Loss: 0.3887, Accuracy: 82.12 %
Epoch [10/12], Step [300/568], Loss: 0.3764, Accuracy: 83.00 %
Epoch [10/12], Step [400/568], Loss: 0.3622, Accuracy: 83.31 %
Epoch [10/12], Step [500/568], Loss: 0.3528, Accuracy: 84.20 %
Predictions - 1s: 1195, 0s: 1075
True Labels - 1s: 1171, 0s: 1099
-------------------------------
Epoch [10/12] Loss: 0.3441, Accuracy: 84.76 %
-------------------------------
-------- Validation --------
Predictions - 1s: 333, 0s: 235
True Labels - 1s: 317, 0s: 251
Validation Loss: 0.4752, Validation Accuracy: 79.93 %
-------- Validation finished --------
Epoch [11/12], Step [100/568], Loss: 0.3048, Accuracy: 87.00 %
Epoch [11/12], Step [200/568], Loss: 0.3332, Accuracy: 85.75 %
Epoch [11/12], Step [300/568], Loss: 0.3440, Accuracy: 85.08 %
Epoch [11/12], Step [400/568], Loss: 0.3427, Accuracy: 85.19 %
Epoch [11/12], Step [500/568], Loss: 0.3418, Accuracy: 85.10 %
Predictions - 1s: 1196, 0s: 1074
True Labels - 1s: 1171, 0s: 1099
-------------------------------
Epoch [11/12] Loss: 0.3390, Accuracy: 85.24 %
-------------------------------
-------- Validation --------
Predictions - 1s: 331, 0s: 237
True Labels - 1s: 317, 0s: 251
Validation Loss: 0.4747, Validation Accuracy: 79.93 %
-------- Validation finished --------
Epoch [12/12], Step [100/568], Loss: 0.2926, Accuracy: 86.25 %
Epoch [12/12], Step [200/568], Loss: 0.3073, Accuracy: 86.75 %
Epoch [12/12], Step [300/568], Loss: 0.3138, Accuracy: 86.33 %
Epoch [12/12], Step [400/568], Loss: 0.3120, Accuracy: 86.31 %
Epoch [12/12], Step [500/568], Loss: 0.3228, Accuracy: 85.80 %
Predictions - 1s: 1203, 0s: 1067
True Labels - 1s: 1171, 0s: 1099
-------------------------------
Epoch [12/12] Loss: 0.3225, Accuracy: 86.08 %
-------------------------------
-------- Validation --------
Predictions - 1s: 330, 0s: 238
True Labels - 1s: 317, 0s: 251
Validation Loss: 0.4767, Validation Accuracy: 80.11 %
-------- Validation finished --------
Best model in epoch 5 saved with with Validation Loss: 0.4620 and Validation Accuracy: 79.23 %

-------- Training finished in 1:38 --------

Test flag enabled. Testing the model

-------- Loading best model from model_path --------
Loaded model bert-mini from date 20-04-2024 05:56. Trained with Centralised Machine Learning technology.
Epoch 5, lr: 6e-05, optimizer: AdamW
Train accuracy: 80.66 %, Validation accuracy: 79.23 %
-------- Best model loaded --------

-------- Creating Test Dataloader --------
Test Loader: 715 total sentences. 90 batches of size 8.
-------- Test Dataloader created --------

-------- Testing --------
Predictions - 1s: 434, 0s: 281
True Labels - 1s: 369, 0s: 346
Nº of test samples: 715
Accuracy: 73.57%
Accuracy 2 : 73.57%
Precision: 74.34%
Recall: 73.25%
F1 Score: 73.16%
Classification report:
              precision    recall  f1-score   support

           0     0.7794    0.6329    0.6986       346
           1     0.7074    0.8320    0.7646       369

    accuracy                         0.7357       715
   macro avg     0.7434    0.7325    0.7316       715
weighted avg     0.7422    0.7357    0.7327       715

-------- Testing finished --------
