Current configuration:
{
    "concurrency_flag": true,
    "data_distribution": "iid",
    "dataset": "dreaddit",
    "device": "cuda",
    "dp_delta": 0.003,
    "dp_epsilon": 0.0,
    "eval_batch_size": 4,
    "eval_flag": true,
    "eval_size": 0.2,
    "fed_alg": "fedavg",
    "layers": 3,
    "learning_rate": 6e-05,
    "max_length": 512,
    "ml_mode": "ml",
    "model": "bert_small",
    "model_name": "ml_small_seed2_dreaddit",
    "models_path": "/local/vpaloma/fabric-federated-learning/ablation_study/phase-4/final/accs-times/dreaddit/",
    "mu": 0.5,
    "num_clients": 5,
    "num_epochs": 12,
    "num_rounds": 4,
    "optimizer": "AdamW",
    "progress_bar_flag": false,
    "save_model": true,
    "scheduler": "linear",
    "scheduler_warmup_steps": 0,
    "seed": "random",
    "test_flag": true,
    "train_batch_size": 4,
    "train_size": 0.8
}
-------- Configuration loaded --------

-------- Setting device --------
cuda device selected and available.
-------- Device set --------

-------- Setting seed --------
seed set:  523557
-------- Seed set --------

-------- Creating Model --------
-------- Model created --------

-------- Setting Trainable Layers --------
Training the last 3 layers.

Total parameters count: 28764674
Trainable parameters count: 3416066
-------- Trainable Layers set --------

-------- Creating Tokenizer --------
-------- Tokenizer created --------

-------- Creating Train and Eval Dataloaders --------
Train Loader: 2270 total sentences. 568 batches of size 4.
Eval Loader: 568 total sentences. 142 batches of size 4.
-------- Train and Eval Dataloaders created --------

-------- Creating Optimizer --------
-------- Optimizer created --------

-------- Creating Scheduler --------
-------- Scheduler created --------

-------- Training --------
Training with Centralised Machine Learning technology.
Training without differential privacy.
Concurrency flag is set to True, but ml mode is selected. Concurrency flag will be ignored.
Epoch [1/12], Step [100/568], Loss: 0.6550, Accuracy: 64.25 %
Epoch [1/12], Step [200/568], Loss: 0.6047, Accuracy: 67.00 %
Epoch [1/12], Step [300/568], Loss: 0.5675, Accuracy: 69.67 %
Epoch [1/12], Step [400/568], Loss: 0.5552, Accuracy: 70.62 %
Epoch [1/12], Step [500/568], Loss: 0.5456, Accuracy: 71.65 %
Predictions - 1s: 1305, 0s: 965
True Labels - 1s: 1201, 0s: 1069
-------------------------------
Epoch [1/12] Loss: 0.5330, Accuracy: 72.60 %
-------------------------------
-------- Validation --------
Predictions - 1s: 406, 0s: 162
True Labels - 1s: 287, 0s: 281
Validation Loss: 0.5127, Validation Accuracy: 74.82 %
-------- Validation finished --------
Updated best model in epoch 1 saved with Validation Loss: 0.5127 and Validation Accuracy: 74.82 %
-------------------------------
Epoch [2/12], Step [100/568], Loss: 0.4453, Accuracy: 74.75 %
Epoch [2/12], Step [200/568], Loss: 0.4432, Accuracy: 76.88 %
Epoch [2/12], Step [300/568], Loss: 0.4521, Accuracy: 77.42 %
Epoch [2/12], Step [400/568], Loss: 0.4550, Accuracy: 77.69 %
Epoch [2/12], Step [500/568], Loss: 0.4454, Accuracy: 78.20 %
Predictions - 1s: 1282, 0s: 988
True Labels - 1s: 1201, 0s: 1069
-------------------------------
Epoch [2/12] Loss: 0.4421, Accuracy: 78.46 %
-------------------------------
-------- Validation --------
Predictions - 1s: 369, 0s: 199
True Labels - 1s: 287, 0s: 281
Validation Loss: 0.4573, Validation Accuracy: 79.58 %
-------- Validation finished --------
Updated best model in epoch 2 saved with Validation Loss: 0.4573 and Validation Accuracy: 79.58 %
-------------------------------
Epoch [3/12], Step [100/568], Loss: 0.4360, Accuracy: 80.00 %
Epoch [3/12], Step [200/568], Loss: 0.4172, Accuracy: 80.62 %
Epoch [3/12], Step [300/568], Loss: 0.3987, Accuracy: 81.17 %
Epoch [3/12], Step [400/568], Loss: 0.3935, Accuracy: 81.50 %
Epoch [3/12], Step [500/568], Loss: 0.3911, Accuracy: 81.55 %
Predictions - 1s: 1265, 0s: 1005
True Labels - 1s: 1201, 0s: 1069
-------------------------------
Epoch [3/12] Loss: 0.3892, Accuracy: 81.59 %
-------------------------------
-------- Validation --------
Predictions - 1s: 237, 0s: 331
True Labels - 1s: 287, 0s: 281
Validation Loss: 0.4332, Validation Accuracy: 78.87 %
-------- Validation finished --------
Updated best model in epoch 3 saved with Validation Loss: 0.4332 and Validation Accuracy: 78.87 %
-------------------------------
Epoch [4/12], Step [100/568], Loss: 0.3554, Accuracy: 84.75 %
Epoch [4/12], Step [200/568], Loss: 0.3509, Accuracy: 84.62 %
Epoch [4/12], Step [300/568], Loss: 0.3370, Accuracy: 85.42 %
Epoch [4/12], Step [400/568], Loss: 0.3355, Accuracy: 85.38 %
Epoch [4/12], Step [500/568], Loss: 0.3369, Accuracy: 85.25 %
Predictions - 1s: 1241, 0s: 1029
True Labels - 1s: 1201, 0s: 1069
-------------------------------
Epoch [4/12] Loss: 0.3404, Accuracy: 85.02 %
-------------------------------
-------- Validation --------
Predictions - 1s: 334, 0s: 234
True Labels - 1s: 287, 0s: 281
Validation Loss: 0.4255, Validation Accuracy: 81.51 %
-------- Validation finished --------
Updated best model in epoch 4 saved with Validation Loss: 0.4255 and Validation Accuracy: 81.51 %
-------------------------------
Epoch [5/12], Step [100/568], Loss: 0.2746, Accuracy: 88.25 %
Epoch [5/12], Step [200/568], Loss: 0.2733, Accuracy: 88.38 %
Epoch [5/12], Step [300/568], Loss: 0.2855, Accuracy: 87.67 %
Epoch [5/12], Step [400/568], Loss: 0.2863, Accuracy: 87.75 %
Epoch [5/12], Step [500/568], Loss: 0.2836, Accuracy: 87.80 %
Predictions - 1s: 1243, 0s: 1027
True Labels - 1s: 1201, 0s: 1069
-------------------------------
Epoch [5/12] Loss: 0.2887, Accuracy: 87.40 %
-------------------------------
-------- Validation --------
Predictions - 1s: 329, 0s: 239
True Labels - 1s: 287, 0s: 281
Validation Loss: 0.4510, Validation Accuracy: 80.28 %
-------- Validation finished --------
Epoch [6/12], Step [100/568], Loss: 0.2161, Accuracy: 91.50 %
Epoch [6/12], Step [200/568], Loss: 0.2149, Accuracy: 91.25 %
Epoch [6/12], Step [300/568], Loss: 0.2237, Accuracy: 90.83 %
Epoch [6/12], Step [400/568], Loss: 0.2227, Accuracy: 91.12 %
Epoch [6/12], Step [500/568], Loss: 0.2328, Accuracy: 90.80 %
Predictions - 1s: 1212, 0s: 1058
True Labels - 1s: 1201, 0s: 1069
-------------------------------
Epoch [6/12] Loss: 0.2381, Accuracy: 90.53 %
-------------------------------
-------- Validation --------
Predictions - 1s: 292, 0s: 276
True Labels - 1s: 287, 0s: 281
Validation Loss: 0.4552, Validation Accuracy: 80.81 %
-------- Validation finished --------
Epoch [7/12], Step [100/568], Loss: 0.1987, Accuracy: 92.75 %
Epoch [7/12], Step [200/568], Loss: 0.2032, Accuracy: 91.75 %
Epoch [7/12], Step [300/568], Loss: 0.1998, Accuracy: 91.75 %
Epoch [7/12], Step [400/568], Loss: 0.1856, Accuracy: 92.44 %
Epoch [7/12], Step [500/568], Loss: 0.1775, Accuracy: 92.70 %
Predictions - 1s: 1226, 0s: 1044
True Labels - 1s: 1201, 0s: 1069
-------------------------------
Epoch [7/12] Loss: 0.1777, Accuracy: 92.82 %
-------------------------------
-------- Validation --------
Predictions - 1s: 293, 0s: 275
True Labels - 1s: 287, 0s: 281
Validation Loss: 0.5446, Validation Accuracy: 80.63 %
-------- Validation finished --------
Epoch [8/12], Step [100/568], Loss: 0.1070, Accuracy: 97.00 %
Epoch [8/12], Step [200/568], Loss: 0.1252, Accuracy: 95.25 %
Epoch [8/12], Step [300/568], Loss: 0.1326, Accuracy: 94.67 %
Epoch [8/12], Step [400/568], Loss: 0.1358, Accuracy: 94.81 %
Epoch [8/12], Step [500/568], Loss: 0.1385, Accuracy: 94.70 %
Predictions - 1s: 1224, 0s: 1046
True Labels - 1s: 1201, 0s: 1069
-------------------------------
Epoch [8/12] Loss: 0.1494, Accuracy: 94.32 %
-------------------------------
-------- Validation --------
Predictions - 1s: 311, 0s: 257
True Labels - 1s: 287, 0s: 281
Validation Loss: 0.5799, Validation Accuracy: 79.93 %
-------- Validation finished --------
Epoch [9/12], Step [100/568], Loss: 0.1312, Accuracy: 95.50 %
Epoch [9/12], Step [200/568], Loss: 0.1361, Accuracy: 94.88 %
Epoch [9/12], Step [300/568], Loss: 0.1315, Accuracy: 95.17 %
Epoch [9/12], Step [400/568], Loss: 0.1262, Accuracy: 95.25 %
Epoch [9/12], Step [500/568], Loss: 0.1280, Accuracy: 95.05 %
Predictions - 1s: 1212, 0s: 1058
True Labels - 1s: 1201, 0s: 1069
-------------------------------
Epoch [9/12] Loss: 0.1320, Accuracy: 95.02 %
-------------------------------
-------- Validation --------
Predictions - 1s: 319, 0s: 249
True Labels - 1s: 287, 0s: 281
Validation Loss: 0.6206, Validation Accuracy: 78.52 %
-------- Validation finished --------
Epoch [10/12], Step [100/568], Loss: 0.1050, Accuracy: 97.25 %
Epoch [10/12], Step [200/568], Loss: 0.1004, Accuracy: 96.75 %
Epoch [10/12], Step [300/568], Loss: 0.0988, Accuracy: 96.75 %
Epoch [10/12], Step [400/568], Loss: 0.0959, Accuracy: 96.94 %
Epoch [10/12], Step [500/568], Loss: 0.0932, Accuracy: 97.00 %
Predictions - 1s: 1215, 0s: 1055
True Labels - 1s: 1201, 0s: 1069
-------------------------------
Epoch [10/12] Loss: 0.0940, Accuracy: 96.92 %
-------------------------------
-------- Validation --------
Predictions - 1s: 293, 0s: 275
True Labels - 1s: 287, 0s: 281
Validation Loss: 0.6467, Validation Accuracy: 80.28 %
-------- Validation finished --------
Epoch [11/12], Step [100/568], Loss: 0.1254, Accuracy: 95.25 %
Epoch [11/12], Step [200/568], Loss: 0.0985, Accuracy: 96.38 %
Epoch [11/12], Step [300/568], Loss: 0.0899, Accuracy: 96.58 %
Epoch [11/12], Step [400/568], Loss: 0.0932, Accuracy: 96.50 %
Epoch [11/12], Step [500/568], Loss: 0.1009, Accuracy: 95.90 %
Predictions - 1s: 1211, 0s: 1059
True Labels - 1s: 1201, 0s: 1069
-------------------------------
Epoch [11/12] Loss: 0.0985, Accuracy: 96.04 %
-------------------------------
-------- Validation --------
Predictions - 1s: 330, 0s: 238
True Labels - 1s: 287, 0s: 281
Validation Loss: 0.6682, Validation Accuracy: 79.75 %
-------- Validation finished --------
Epoch [12/12], Step [100/568], Loss: 0.0777, Accuracy: 97.25 %
Epoch [12/12], Step [200/568], Loss: 0.0705, Accuracy: 97.75 %
Epoch [12/12], Step [300/568], Loss: 0.0783, Accuracy: 97.33 %
Epoch [12/12], Step [400/568], Loss: 0.0745, Accuracy: 97.50 %
Epoch [12/12], Step [500/568], Loss: 0.0777, Accuracy: 97.15 %
Predictions - 1s: 1208, 0s: 1062
True Labels - 1s: 1201, 0s: 1069
-------------------------------
Epoch [12/12] Loss: 0.0751, Accuracy: 97.40 %
-------------------------------
-------- Validation --------
Predictions - 1s: 316, 0s: 252
True Labels - 1s: 287, 0s: 281
Validation Loss: 0.6611, Validation Accuracy: 79.75 %
-------- Validation finished --------
Best model in epoch 4 saved with with Validation Loss: 0.4255 and Validation Accuracy: 81.51 %

-------- Training finished in 1:54 --------

Test flag enabled. Testing the model

-------- Loading best model from model_path --------
Loaded model bert-small from date 20-04-2024 07:48. Trained with Centralised Machine Learning technology.
Epoch 4, lr: 6e-05, optimizer: AdamW
Train accuracy: 85.02 %, Validation accuracy: 81.51 %
-------- Best model loaded --------

-------- Creating Test Dataloader --------
Test Loader: 715 total sentences. 90 batches of size 8.
-------- Test Dataloader created --------

-------- Testing --------
Predictions - 1s: 426, 0s: 289
True Labels - 1s: 369, 0s: 346
Nº of test samples: 715
Accuracy: 75.52%
Accuracy 2 : 75.52%
Precision: 76.18%
Recall: 75.24%
F1 Score: 75.21%
Classification report:
              precision    recall  f1-score   support

           0     0.7958    0.6647    0.7244       346
           1     0.7277    0.8401    0.7799       369

    accuracy                         0.7552       715
   macro avg     0.7618    0.7524    0.7521       715
weighted avg     0.7607    0.7552    0.7530       715

-------- Testing finished --------
