Current configuration:
{
    "concurrency_flag": true,
    "data_distribution": "iid",
    "dataset": "dreaddit",
    "device": "cuda",
    "dp_delta": 0.003,
    "dp_epsilon": 0.0,
    "eval_batch_size": 4,
    "eval_flag": true,
    "eval_size": 0.2,
    "fed_alg": "fedavg",
    "layers": 3,
    "learning_rate": 6e-05,
    "max_length": 512,
    "ml_mode": "ml",
    "model": "bert_tiny",
    "model_name": "ml_tiny_seed2_dreaddit",
    "models_path": "/local/vpaloma/fabric-federated-learning/ablation_study/phase-4/final/accs-times/dreaddit/",
    "mu": 0.5,
    "num_clients": 5,
    "num_epochs": 12,
    "num_rounds": 4,
    "optimizer": "AdamW",
    "progress_bar_flag": false,
    "save_model": true,
    "scheduler": "linear",
    "scheduler_warmup_steps": 0,
    "seed": "random",
    "test_flag": true,
    "train_batch_size": 4,
    "train_size": 0.8
}
-------- Configuration loaded --------

-------- Setting device --------
cuda device selected and available.
-------- Device set --------

-------- Setting seed --------
seed set:  213620
-------- Seed set --------

-------- Creating Model --------
-------- Model created --------

-------- Setting Trainable Layers --------
Training the last 3 layers.

Total parameters count: 4386178
Trainable parameters count: 215042
-------- Trainable Layers set --------

-------- Creating Tokenizer --------
-------- Tokenizer created --------

-------- Creating Train and Eval Dataloaders --------
Train Loader: 2270 total sentences. 568 batches of size 4.
Eval Loader: 568 total sentences. 142 batches of size 4.
-------- Train and Eval Dataloaders created --------

-------- Creating Optimizer --------
-------- Optimizer created --------

-------- Creating Scheduler --------
-------- Scheduler created --------

-------- Training --------
Training with Centralised Machine Learning technology.
Training without differential privacy.
Concurrency flag is set to True, but ml mode is selected. Concurrency flag will be ignored.
Epoch [1/12], Step [100/568], Loss: 0.6632, Accuracy: 62.25 %
Epoch [1/12], Step [200/568], Loss: 0.6509, Accuracy: 64.25 %
Epoch [1/12], Step [300/568], Loss: 0.6375, Accuracy: 65.08 %
Epoch [1/12], Step [400/568], Loss: 0.6279, Accuracy: 66.12 %
Epoch [1/12], Step [500/568], Loss: 0.6219, Accuracy: 66.75 %
Predictions - 1s: 1407, 0s: 863
True Labels - 1s: 1181, 0s: 1089
-------------------------------
Epoch [1/12] Loss: 0.6157, Accuracy: 67.22 %
-------------------------------
-------- Validation --------
Predictions - 1s: 378, 0s: 190
True Labels - 1s: 307, 0s: 261
Validation Loss: 0.5411, Validation Accuracy: 72.36 %
-------- Validation finished --------
Updated best model in epoch 1 saved with Validation Loss: 0.5411 and Validation Accuracy: 72.36 %
-------------------------------
Epoch [2/12], Step [100/568], Loss: 0.5493, Accuracy: 71.50 %
Epoch [2/12], Step [200/568], Loss: 0.5599, Accuracy: 71.88 %
Epoch [2/12], Step [300/568], Loss: 0.5487, Accuracy: 72.50 %
Epoch [2/12], Step [400/568], Loss: 0.5471, Accuracy: 72.12 %
Epoch [2/12], Step [500/568], Loss: 0.5449, Accuracy: 72.50 %
Predictions - 1s: 1234, 0s: 1036
True Labels - 1s: 1181, 0s: 1089
-------------------------------
Epoch [2/12] Loss: 0.5402, Accuracy: 72.73 %
-------------------------------
-------- Validation --------
Predictions - 1s: 331, 0s: 237
True Labels - 1s: 307, 0s: 261
Validation Loss: 0.5085, Validation Accuracy: 75.35 %
-------- Validation finished --------
Updated best model in epoch 2 saved with Validation Loss: 0.5085 and Validation Accuracy: 75.35 %
-------------------------------
Epoch [3/12], Step [100/568], Loss: 0.5055, Accuracy: 73.50 %
Epoch [3/12], Step [200/568], Loss: 0.5290, Accuracy: 72.75 %
Epoch [3/12], Step [300/568], Loss: 0.5171, Accuracy: 73.75 %
Epoch [3/12], Step [400/568], Loss: 0.5065, Accuracy: 74.56 %
Epoch [3/12], Step [500/568], Loss: 0.5148, Accuracy: 73.85 %
Predictions - 1s: 1225, 0s: 1045
True Labels - 1s: 1181, 0s: 1089
-------------------------------
Epoch [3/12] Loss: 0.5144, Accuracy: 74.19 %
-------------------------------
-------- Validation --------
Predictions - 1s: 235, 0s: 333
True Labels - 1s: 307, 0s: 261
Validation Loss: 0.5321, Validation Accuracy: 72.18 %
-------- Validation finished --------
Epoch [4/12], Step [100/568], Loss: 0.5203, Accuracy: 74.00 %
Epoch [4/12], Step [200/568], Loss: 0.5125, Accuracy: 73.25 %
Epoch [4/12], Step [300/568], Loss: 0.5010, Accuracy: 73.75 %
Epoch [4/12], Step [400/568], Loss: 0.5063, Accuracy: 74.06 %
Epoch [4/12], Step [500/568], Loss: 0.5081, Accuracy: 74.35 %
Predictions - 1s: 1221, 0s: 1049
True Labels - 1s: 1181, 0s: 1089
-------------------------------
Epoch [4/12] Loss: 0.5102, Accuracy: 74.45 %
-------------------------------
-------- Validation --------
Predictions - 1s: 309, 0s: 259
True Labels - 1s: 307, 0s: 261
Validation Loss: 0.5014, Validation Accuracy: 75.00 %
-------- Validation finished --------
Updated best model in epoch 4 saved with Validation Loss: 0.5014 and Validation Accuracy: 75.00 %
-------------------------------
Epoch [5/12], Step [100/568], Loss: 0.5001, Accuracy: 74.25 %
Epoch [5/12], Step [200/568], Loss: 0.5035, Accuracy: 74.00 %
Epoch [5/12], Step [300/568], Loss: 0.4873, Accuracy: 75.75 %
Epoch [5/12], Step [400/568], Loss: 0.4853, Accuracy: 76.12 %
Epoch [5/12], Step [500/568], Loss: 0.4937, Accuracy: 75.55 %
Predictions - 1s: 1223, 0s: 1047
True Labels - 1s: 1181, 0s: 1089
-------------------------------
Epoch [5/12] Loss: 0.4892, Accuracy: 75.77 %
-------------------------------
-------- Validation --------
Predictions - 1s: 322, 0s: 246
True Labels - 1s: 307, 0s: 261
Validation Loss: 0.4997, Validation Accuracy: 75.18 %
-------- Validation finished --------
Updated best model in epoch 5 saved with Validation Loss: 0.4997 and Validation Accuracy: 75.18 %
-------------------------------
Epoch [6/12], Step [100/568], Loss: 0.4916, Accuracy: 76.75 %
Epoch [6/12], Step [200/568], Loss: 0.5001, Accuracy: 75.62 %
Epoch [6/12], Step [300/568], Loss: 0.4906, Accuracy: 76.17 %
Epoch [6/12], Step [400/568], Loss: 0.4826, Accuracy: 76.56 %
Epoch [6/12], Step [500/568], Loss: 0.4827, Accuracy: 76.40 %
Predictions - 1s: 1225, 0s: 1045
True Labels - 1s: 1181, 0s: 1089
-------------------------------
Epoch [6/12] Loss: 0.4850, Accuracy: 76.12 %
-------------------------------
-------- Validation --------
Predictions - 1s: 356, 0s: 212
True Labels - 1s: 307, 0s: 261
Validation Loss: 0.4992, Validation Accuracy: 75.53 %
-------- Validation finished --------
Updated best model in epoch 6 saved with Validation Loss: 0.4992 and Validation Accuracy: 75.53 %
-------------------------------
Epoch [7/12], Step [100/568], Loss: 0.4615, Accuracy: 79.50 %
Epoch [7/12], Step [200/568], Loss: 0.4758, Accuracy: 78.12 %
Epoch [7/12], Step [300/568], Loss: 0.4812, Accuracy: 76.83 %
Epoch [7/12], Step [400/568], Loss: 0.4809, Accuracy: 77.06 %
Epoch [7/12], Step [500/568], Loss: 0.4782, Accuracy: 77.25 %
Predictions - 1s: 1220, 0s: 1050
True Labels - 1s: 1181, 0s: 1089
-------------------------------
Epoch [7/12] Loss: 0.4807, Accuracy: 76.87 %
-------------------------------
-------- Validation --------
Predictions - 1s: 329, 0s: 239
True Labels - 1s: 307, 0s: 261
Validation Loss: 0.4950, Validation Accuracy: 75.70 %
-------- Validation finished --------
Updated best model in epoch 7 saved with Validation Loss: 0.4950 and Validation Accuracy: 75.70 %
-------------------------------
Epoch [8/12], Step [100/568], Loss: 0.4672, Accuracy: 77.00 %
Epoch [8/12], Step [200/568], Loss: 0.4651, Accuracy: 78.50 %
Epoch [8/12], Step [300/568], Loss: 0.4694, Accuracy: 77.58 %
Epoch [8/12], Step [400/568], Loss: 0.4730, Accuracy: 77.38 %
Epoch [8/12], Step [500/568], Loss: 0.4756, Accuracy: 77.35 %
Predictions - 1s: 1231, 0s: 1039
True Labels - 1s: 1181, 0s: 1089
-------------------------------
Epoch [8/12] Loss: 0.4759, Accuracy: 77.36 %
-------------------------------
-------- Validation --------
Predictions - 1s: 330, 0s: 238
True Labels - 1s: 307, 0s: 261
Validation Loss: 0.4945, Validation Accuracy: 75.53 %
-------- Validation finished --------
Updated best model in epoch 8 saved with Validation Loss: 0.4945 and Validation Accuracy: 75.53 %
-------------------------------
Epoch [9/12], Step [100/568], Loss: 0.4926, Accuracy: 75.75 %
Epoch [9/12], Step [200/568], Loss: 0.4562, Accuracy: 77.75 %
Epoch [9/12], Step [300/568], Loss: 0.4613, Accuracy: 77.25 %
Epoch [9/12], Step [400/568], Loss: 0.4557, Accuracy: 77.94 %
Epoch [9/12], Step [500/568], Loss: 0.4566, Accuracy: 77.65 %
Predictions - 1s: 1250, 0s: 1020
True Labels - 1s: 1181, 0s: 1089
-------------------------------
Epoch [9/12] Loss: 0.4618, Accuracy: 77.40 %
-------------------------------
-------- Validation --------
Predictions - 1s: 277, 0s: 291
True Labels - 1s: 307, 0s: 261
Validation Loss: 0.5062, Validation Accuracy: 76.06 %
-------- Validation finished --------
Epoch [10/12], Step [100/568], Loss: 0.4815, Accuracy: 75.25 %
Epoch [10/12], Step [200/568], Loss: 0.4781, Accuracy: 76.12 %
Epoch [10/12], Step [300/568], Loss: 0.4739, Accuracy: 76.67 %
Epoch [10/12], Step [400/568], Loss: 0.4644, Accuracy: 77.00 %
Epoch [10/12], Step [500/568], Loss: 0.4643, Accuracy: 77.30 %
Predictions - 1s: 1230, 0s: 1040
True Labels - 1s: 1181, 0s: 1089
-------------------------------
Epoch [10/12] Loss: 0.4678, Accuracy: 76.78 %
-------------------------------
-------- Validation --------
Predictions - 1s: 310, 0s: 258
True Labels - 1s: 307, 0s: 261
Validation Loss: 0.4971, Validation Accuracy: 75.53 %
-------- Validation finished --------
Epoch [11/12], Step [100/568], Loss: 0.4952, Accuracy: 76.00 %
Epoch [11/12], Step [200/568], Loss: 0.4794, Accuracy: 76.88 %
Epoch [11/12], Step [300/568], Loss: 0.4791, Accuracy: 76.58 %
Epoch [11/12], Step [400/568], Loss: 0.4717, Accuracy: 77.00 %
Epoch [11/12], Step [500/568], Loss: 0.4565, Accuracy: 77.90 %
Predictions - 1s: 1220, 0s: 1050
True Labels - 1s: 1181, 0s: 1089
-------------------------------
Epoch [11/12] Loss: 0.4621, Accuracy: 77.40 %
-------------------------------
-------- Validation --------
Predictions - 1s: 333, 0s: 235
True Labels - 1s: 307, 0s: 261
Validation Loss: 0.5003, Validation Accuracy: 75.70 %
-------- Validation finished --------
Epoch [12/12], Step [100/568], Loss: 0.4454, Accuracy: 78.50 %
Epoch [12/12], Step [200/568], Loss: 0.4673, Accuracy: 77.50 %
Epoch [12/12], Step [300/568], Loss: 0.4700, Accuracy: 77.50 %
Epoch [12/12], Step [400/568], Loss: 0.4641, Accuracy: 77.44 %
Epoch [12/12], Step [500/568], Loss: 0.4620, Accuracy: 77.55 %
Predictions - 1s: 1236, 0s: 1034
True Labels - 1s: 1181, 0s: 1089
-------------------------------
Epoch [12/12] Loss: 0.4559, Accuracy: 78.19 %
-------------------------------
-------- Validation --------
Predictions - 1s: 323, 0s: 245
True Labels - 1s: 307, 0s: 261
Validation Loss: 0.4997, Validation Accuracy: 75.00 %
-------- Validation finished --------
Best model in epoch 8 saved with with Validation Loss: 0.4945 and Validation Accuracy: 75.53 %

-------- Training finished in 1:35 --------

Test flag enabled. Testing the model

-------- Loading best model from model_path --------
Loaded model bert-tiny from date 20-04-2024 05:52. Trained with Centralised Machine Learning technology.
Epoch 8, lr: 6e-05, optimizer: AdamW
Train accuracy: 77.36 %, Validation accuracy: 75.53 %
-------- Best model loaded --------

-------- Creating Test Dataloader --------
Test Loader: 715 total sentences. 90 batches of size 8.
-------- Test Dataloader created --------

-------- Testing --------
Predictions - 1s: 419, 0s: 296
True Labels - 1s: 369, 0s: 346
Nº of test samples: 715
Accuracy: 73.15%
Accuracy 2 : 73.15%
Precision: 73.57%
Recall: 72.89%
F1 Score: 72.86%
Classification report:
              precision    recall  f1-score   support

           0     0.7601    0.6503    0.7009       346
           1     0.7112    0.8076    0.7563       369

    accuracy                         0.7315       715
   macro avg     0.7357    0.7289    0.7286       715
weighted avg     0.7349    0.7315    0.7295       715

-------- Testing finished --------
