Current configuration:
{
    "concurrency_flag": true,
    "data_distribution": "iid",
    "dataset": "dreaddit",
    "device": "cuda",
    "dp_delta": 0.003,
    "dp_epsilon": 0.0,
    "eval_batch_size": 4,
    "eval_flag": true,
    "eval_size": 0.2,
    "fed_alg": "fedavg",
    "layers": 3,
    "learning_rate": 6e-05,
    "max_length": 512,
    "ml_mode": "ml",
    "model": "bert_tiny",
    "model_name": "ml_tiny_seed10_dreaddit",
    "models_path": "/local/vpaloma/fabric-federated-learning/ablation_study/phase-4/final/accs-times/dreaddit/",
    "mu": 0.5,
    "num_clients": 5,
    "num_epochs": 12,
    "num_rounds": 4,
    "optimizer": "AdamW",
    "progress_bar_flag": false,
    "save_model": true,
    "scheduler": "linear",
    "scheduler_warmup_steps": 0,
    "seed": "random",
    "test_flag": true,
    "train_batch_size": 4,
    "train_size": 0.8
}
-------- Configuration loaded --------

-------- Setting device --------
cuda device selected and available.
-------- Device set --------

-------- Setting seed --------
seed set:  916507
-------- Seed set --------

-------- Creating Model --------
-------- Model created --------

-------- Setting Trainable Layers --------
Training the last 3 layers.

Total parameters count: 4386178
Trainable parameters count: 215042
-------- Trainable Layers set --------

-------- Creating Tokenizer --------
-------- Tokenizer created --------

-------- Creating Train and Eval Dataloaders --------
Train Loader: 2270 total sentences. 568 batches of size 4.
Eval Loader: 568 total sentences. 142 batches of size 4.
-------- Train and Eval Dataloaders created --------

-------- Creating Optimizer --------
-------- Optimizer created --------

-------- Creating Scheduler --------
-------- Scheduler created --------

-------- Training --------
Training with Centralised Machine Learning technology.
Training without differential privacy.
Concurrency flag is set to True, but ml mode is selected. Concurrency flag will be ignored.
Epoch [1/12], Step [100/568], Loss: 0.6721, Accuracy: 61.50 %
Epoch [1/12], Step [200/568], Loss: 0.6660, Accuracy: 62.00 %
Epoch [1/12], Step [300/568], Loss: 0.6461, Accuracy: 65.08 %
Epoch [1/12], Step [400/568], Loss: 0.6342, Accuracy: 65.94 %
Epoch [1/12], Step [500/568], Loss: 0.6204, Accuracy: 67.30 %
Predictions - 1s: 1325, 0s: 945
True Labels - 1s: 1175, 0s: 1095
-------------------------------
Epoch [1/12] Loss: 0.6114, Accuracy: 67.67 %
-------------------------------
-------- Validation --------
Predictions - 1s: 338, 0s: 230
True Labels - 1s: 313, 0s: 255
Validation Loss: 0.5503, Validation Accuracy: 70.95 %
-------- Validation finished --------
Updated best model in epoch 1 saved with Validation Loss: 0.5503 and Validation Accuracy: 70.95 %
-------------------------------
Epoch [2/12], Step [100/568], Loss: 0.5373, Accuracy: 74.50 %
Epoch [2/12], Step [200/568], Loss: 0.5449, Accuracy: 73.12 %
Epoch [2/12], Step [300/568], Loss: 0.5307, Accuracy: 74.33 %
Epoch [2/12], Step [400/568], Loss: 0.5393, Accuracy: 73.06 %
Epoch [2/12], Step [500/568], Loss: 0.5309, Accuracy: 74.25 %
Predictions - 1s: 1205, 0s: 1065
True Labels - 1s: 1175, 0s: 1095
-------------------------------
Epoch [2/12] Loss: 0.5321, Accuracy: 73.92 %
-------------------------------
-------- Validation --------
Predictions - 1s: 273, 0s: 295
True Labels - 1s: 313, 0s: 255
Validation Loss: 0.5407, Validation Accuracy: 70.42 %
-------- Validation finished --------
Updated best model in epoch 2 saved with Validation Loss: 0.5407 and Validation Accuracy: 70.42 %
-------------------------------
Epoch [3/12], Step [100/568], Loss: 0.5261, Accuracy: 73.75 %
Epoch [3/12], Step [200/568], Loss: 0.5043, Accuracy: 75.00 %
Epoch [3/12], Step [300/568], Loss: 0.5178, Accuracy: 73.92 %
Epoch [3/12], Step [400/568], Loss: 0.5088, Accuracy: 74.75 %
Epoch [3/12], Step [500/568], Loss: 0.5108, Accuracy: 74.90 %
Predictions - 1s: 1200, 0s: 1070
True Labels - 1s: 1175, 0s: 1095
-------------------------------
Epoch [3/12] Loss: 0.5079, Accuracy: 74.93 %
-------------------------------
-------- Validation --------
Predictions - 1s: 397, 0s: 171
True Labels - 1s: 313, 0s: 255
Validation Loss: 0.5370, Validation Accuracy: 75.00 %
-------- Validation finished --------
Updated best model in epoch 3 saved with Validation Loss: 0.5370 and Validation Accuracy: 75.00 %
-------------------------------
Epoch [4/12], Step [100/568], Loss: 0.5318, Accuracy: 73.50 %
Epoch [4/12], Step [200/568], Loss: 0.5001, Accuracy: 76.50 %
Epoch [4/12], Step [300/568], Loss: 0.4937, Accuracy: 76.42 %
Epoch [4/12], Step [400/568], Loss: 0.4937, Accuracy: 76.38 %
Epoch [4/12], Step [500/568], Loss: 0.4915, Accuracy: 76.70 %
Predictions - 1s: 1228, 0s: 1042
True Labels - 1s: 1175, 0s: 1095
-------------------------------
Epoch [4/12] Loss: 0.4928, Accuracy: 76.43 %
-------------------------------
-------- Validation --------
Predictions - 1s: 305, 0s: 263
True Labels - 1s: 313, 0s: 255
Validation Loss: 0.5109, Validation Accuracy: 72.89 %
-------- Validation finished --------
Updated best model in epoch 4 saved with Validation Loss: 0.5109 and Validation Accuracy: 72.89 %
-------------------------------
Epoch [5/12], Step [100/568], Loss: 0.4903, Accuracy: 76.00 %
Epoch [5/12], Step [200/568], Loss: 0.4931, Accuracy: 75.88 %
Epoch [5/12], Step [300/568], Loss: 0.4946, Accuracy: 75.25 %
Epoch [5/12], Step [400/568], Loss: 0.5027, Accuracy: 74.62 %
Epoch [5/12], Step [500/568], Loss: 0.5072, Accuracy: 74.55 %
Predictions - 1s: 1227, 0s: 1043
True Labels - 1s: 1175, 0s: 1095
-------------------------------
Epoch [5/12] Loss: 0.5001, Accuracy: 75.24 %
-------------------------------
-------- Validation --------
Predictions - 1s: 303, 0s: 265
True Labels - 1s: 313, 0s: 255
Validation Loss: 0.4984, Validation Accuracy: 73.94 %
-------- Validation finished --------
Updated best model in epoch 5 saved with Validation Loss: 0.4984 and Validation Accuracy: 73.94 %
-------------------------------
Epoch [6/12], Step [100/568], Loss: 0.4748, Accuracy: 78.75 %
Epoch [6/12], Step [200/568], Loss: 0.4797, Accuracy: 76.75 %
Epoch [6/12], Step [300/568], Loss: 0.4888, Accuracy: 75.75 %
Epoch [6/12], Step [400/568], Loss: 0.4907, Accuracy: 75.56 %
Epoch [6/12], Step [500/568], Loss: 0.4927, Accuracy: 75.75 %
Predictions - 1s: 1200, 0s: 1070
True Labels - 1s: 1175, 0s: 1095
-------------------------------
Epoch [6/12] Loss: 0.4889, Accuracy: 75.81 %
-------------------------------
-------- Validation --------
Predictions - 1s: 340, 0s: 228
True Labels - 1s: 313, 0s: 255
Validation Loss: 0.4912, Validation Accuracy: 75.88 %
-------- Validation finished --------
Updated best model in epoch 6 saved with Validation Loss: 0.4912 and Validation Accuracy: 75.88 %
-------------------------------
Epoch [7/12], Step [100/568], Loss: 0.4728, Accuracy: 75.75 %
Epoch [7/12], Step [200/568], Loss: 0.4888, Accuracy: 76.50 %
Epoch [7/12], Step [300/568], Loss: 0.4769, Accuracy: 77.17 %
Epoch [7/12], Step [400/568], Loss: 0.4777, Accuracy: 77.25 %
Epoch [7/12], Step [500/568], Loss: 0.4823, Accuracy: 76.80 %
Predictions - 1s: 1208, 0s: 1062
True Labels - 1s: 1175, 0s: 1095
-------------------------------
Epoch [7/12] Loss: 0.4771, Accuracy: 76.96 %
-------------------------------
-------- Validation --------
Predictions - 1s: 365, 0s: 203
True Labels - 1s: 313, 0s: 255
Validation Loss: 0.5001, Validation Accuracy: 75.35 %
-------- Validation finished --------
Epoch [8/12], Step [100/568], Loss: 0.4655, Accuracy: 78.00 %
Epoch [8/12], Step [200/568], Loss: 0.4675, Accuracy: 77.25 %
Epoch [8/12], Step [300/568], Loss: 0.4675, Accuracy: 77.42 %
Epoch [8/12], Step [400/568], Loss: 0.4703, Accuracy: 77.06 %
Epoch [8/12], Step [500/568], Loss: 0.4690, Accuracy: 77.25 %
Predictions - 1s: 1216, 0s: 1054
True Labels - 1s: 1175, 0s: 1095
-------------------------------
Epoch [8/12] Loss: 0.4661, Accuracy: 77.40 %
-------------------------------
-------- Validation --------
Predictions - 1s: 336, 0s: 232
True Labels - 1s: 313, 0s: 255
Validation Loss: 0.4986, Validation Accuracy: 75.53 %
-------- Validation finished --------
Epoch [9/12], Step [100/568], Loss: 0.4689, Accuracy: 77.25 %
Epoch [9/12], Step [200/568], Loss: 0.4802, Accuracy: 76.88 %
Epoch [9/12], Step [300/568], Loss: 0.4690, Accuracy: 77.75 %
Epoch [9/12], Step [400/568], Loss: 0.4667, Accuracy: 77.19 %
Epoch [9/12], Step [500/568], Loss: 0.4603, Accuracy: 77.55 %
Predictions - 1s: 1195, 0s: 1075
True Labels - 1s: 1175, 0s: 1095
-------------------------------
Epoch [9/12] Loss: 0.4589, Accuracy: 77.71 %
-------------------------------
-------- Validation --------
Predictions - 1s: 355, 0s: 213
True Labels - 1s: 313, 0s: 255
Validation Loss: 0.5014, Validation Accuracy: 75.00 %
-------- Validation finished --------
Epoch [10/12], Step [100/568], Loss: 0.4297, Accuracy: 81.00 %
Epoch [10/12], Step [200/568], Loss: 0.4482, Accuracy: 79.12 %
Epoch [10/12], Step [300/568], Loss: 0.4574, Accuracy: 78.42 %
Epoch [10/12], Step [400/568], Loss: 0.4605, Accuracy: 78.44 %
Epoch [10/12], Step [500/568], Loss: 0.4522, Accuracy: 78.75 %
Predictions - 1s: 1213, 0s: 1057
True Labels - 1s: 1175, 0s: 1095
-------------------------------
Epoch [10/12] Loss: 0.4613, Accuracy: 78.06 %
-------------------------------
-------- Validation --------
Predictions - 1s: 328, 0s: 240
True Labels - 1s: 313, 0s: 255
Validation Loss: 0.4926, Validation Accuracy: 75.18 %
-------- Validation finished --------
Epoch [11/12], Step [100/568], Loss: 0.4688, Accuracy: 78.00 %
Epoch [11/12], Step [200/568], Loss: 0.4579, Accuracy: 79.12 %
Epoch [11/12], Step [300/568], Loss: 0.4586, Accuracy: 78.92 %
Epoch [11/12], Step [400/568], Loss: 0.4654, Accuracy: 78.50 %
Epoch [11/12], Step [500/568], Loss: 0.4580, Accuracy: 79.05 %
Predictions - 1s: 1200, 0s: 1070
True Labels - 1s: 1175, 0s: 1095
-------------------------------
Epoch [11/12] Loss: 0.4530, Accuracy: 78.99 %
-------------------------------
-------- Validation --------
Predictions - 1s: 340, 0s: 228
True Labels - 1s: 313, 0s: 255
Validation Loss: 0.4923, Validation Accuracy: 75.18 %
-------- Validation finished --------
Epoch [12/12], Step [100/568], Loss: 0.4289, Accuracy: 80.50 %
Epoch [12/12], Step [200/568], Loss: 0.4672, Accuracy: 77.25 %
Epoch [12/12], Step [300/568], Loss: 0.4632, Accuracy: 77.33 %
Epoch [12/12], Step [400/568], Loss: 0.4603, Accuracy: 77.50 %
Epoch [12/12], Step [500/568], Loss: 0.4497, Accuracy: 78.20 %
Predictions - 1s: 1172, 0s: 1098
True Labels - 1s: 1175, 0s: 1095
-------------------------------
Epoch [12/12] Loss: 0.4508, Accuracy: 78.37 %
-------------------------------
-------- Validation --------
Predictions - 1s: 346, 0s: 222
True Labels - 1s: 313, 0s: 255
Validation Loss: 0.4926, Validation Accuracy: 75.88 %
-------- Validation finished --------
Best model in epoch 6 saved with with Validation Loss: 0.4912 and Validation Accuracy: 75.88 %

-------- Training finished in 1:34 --------

Test flag enabled. Testing the model

-------- Loading best model from model_path --------
Loaded model bert-tiny from date 20-04-2024 08:41. Trained with Centralised Machine Learning technology.
Epoch 6, lr: 6e-05, optimizer: AdamW
Train accuracy: 75.81 %, Validation accuracy: 75.88 %
-------- Best model loaded --------

-------- Creating Test Dataloader --------
Test Loader: 715 total sentences. 90 batches of size 8.
-------- Test Dataloader created --------

-------- Testing --------
Predictions - 1s: 446, 0s: 269
True Labels - 1s: 369, 0s: 346
Nº of test samples: 715
Accuracy: 71.89%
Accuracy 2 : 71.89%
Precision: 72.89%
Recall: 71.51%
F1 Score: 71.33%
Classification report:
              precision    recall  f1-score   support

           0     0.7695    0.5983    0.6732       346
           1     0.6883    0.8320    0.7534       369

    accuracy                         0.7189       715
   macro avg     0.7289    0.7151    0.7133       715
weighted avg     0.7276    0.7189    0.7146       715

-------- Testing finished --------
