Current configuration:
{
    "concurrency_flag": true,
    "data_distribution": "iid",
    "dataset": "dreaddit",
    "device": "cuda",
    "dp_delta": 0.003,
    "dp_epsilon": 0.0,
    "eval_batch_size": 4,
    "eval_flag": true,
    "eval_size": 0.2,
    "fed_alg": "fedavg",
    "layers": 3,
    "learning_rate": 6e-05,
    "max_length": 512,
    "ml_mode": "ml",
    "model": "bert_tiny",
    "model_name": "ml_tiny_dreaddit",
    "models_path": "/local/vpaloma/fabric-federated-learning/ablation_study/phase-4/final/accs-times/dreaddit/",
    "mu": 0.5,
    "num_clients": 5,
    "num_epochs": 12,
    "num_rounds": 4,
    "optimizer": "AdamW",
    "progress_bar_flag": false,
    "save_model": true,
    "scheduler": "linear",
    "scheduler_warmup_steps": 0,
    "seed": "random",
    "test_flag": true,
    "train_batch_size": 4,
    "train_size": 0.8
}
-------- Configuration loaded --------

-------- Setting device --------
cuda device selected and available.
-------- Device set --------

-------- Setting seed --------
seed set:  20796
-------- Seed set --------

-------- Creating Model --------
-------- Model created --------

-------- Setting Trainable Layers --------
Training the last 3 layers.

Total parameters count: 4386178
Trainable parameters count: 215042
-------- Trainable Layers set --------

-------- Creating Tokenizer --------
-------- Tokenizer created --------

-------- Creating Train and Eval Dataloaders --------
Train Loader: 2270 total sentences. 568 batches of size 4.
Eval Loader: 568 total sentences. 142 batches of size 4.
-------- Train and Eval Dataloaders created --------

-------- Creating Optimizer --------
-------- Optimizer created --------

-------- Creating Scheduler --------
-------- Scheduler created --------

-------- Training --------
Training with Centralised Machine Learning technology.
Training without differential privacy.
Concurrency flag is set to True, but ml mode is selected. Concurrency flag will be ignored.
Epoch [1/12], Step [100/568], Loss: 0.6764, Accuracy: 57.75 %
Epoch [1/12], Step [200/568], Loss: 0.6622, Accuracy: 61.50 %
Epoch [1/12], Step [300/568], Loss: 0.6506, Accuracy: 62.83 %
Epoch [1/12], Step [400/568], Loss: 0.6390, Accuracy: 64.19 %
Epoch [1/12], Step [500/568], Loss: 0.6318, Accuracy: 64.95 %
Predictions - 1s: 1386, 0s: 884
True Labels - 1s: 1181, 0s: 1089
-------------------------------
Epoch [1/12] Loss: 0.6276, Accuracy: 65.33 %
-------------------------------
-------- Validation --------
Predictions - 1s: 397, 0s: 171
True Labels - 1s: 307, 0s: 261
Validation Loss: 0.5549, Validation Accuracy: 71.48 %
-------- Validation finished --------
Updated best model in epoch 1 saved with Validation Loss: 0.5549 and Validation Accuracy: 71.48 %
-------------------------------
Epoch [2/12], Step [100/568], Loss: 0.5308, Accuracy: 73.75 %
Epoch [2/12], Step [200/568], Loss: 0.5371, Accuracy: 73.12 %
Epoch [2/12], Step [300/568], Loss: 0.5407, Accuracy: 72.75 %
Epoch [2/12], Step [400/568], Loss: 0.5358, Accuracy: 72.94 %
Epoch [2/12], Step [500/568], Loss: 0.5416, Accuracy: 72.75 %
Predictions - 1s: 1258, 0s: 1012
True Labels - 1s: 1181, 0s: 1089
-------------------------------
Epoch [2/12] Loss: 0.5394, Accuracy: 73.00 %
-------------------------------
-------- Validation --------
Predictions - 1s: 273, 0s: 295
True Labels - 1s: 307, 0s: 261
Validation Loss: 0.5224, Validation Accuracy: 73.94 %
-------- Validation finished --------
Updated best model in epoch 2 saved with Validation Loss: 0.5224 and Validation Accuracy: 73.94 %
-------------------------------
Epoch [3/12], Step [100/568], Loss: 0.5175, Accuracy: 75.25 %
Epoch [3/12], Step [200/568], Loss: 0.4980, Accuracy: 76.62 %
Epoch [3/12], Step [300/568], Loss: 0.5034, Accuracy: 76.42 %
Epoch [3/12], Step [400/568], Loss: 0.5166, Accuracy: 74.69 %
Epoch [3/12], Step [500/568], Loss: 0.5186, Accuracy: 73.90 %
Predictions - 1s: 1224, 0s: 1046
True Labels - 1s: 1181, 0s: 1089
-------------------------------
Epoch [3/12] Loss: 0.5192, Accuracy: 73.96 %
-------------------------------
-------- Validation --------
Predictions - 1s: 321, 0s: 247
True Labels - 1s: 307, 0s: 261
Validation Loss: 0.5013, Validation Accuracy: 75.00 %
-------- Validation finished --------
Updated best model in epoch 3 saved with Validation Loss: 0.5013 and Validation Accuracy: 75.00 %
-------------------------------
Epoch [4/12], Step [100/568], Loss: 0.4547, Accuracy: 79.50 %
Epoch [4/12], Step [200/568], Loss: 0.4865, Accuracy: 75.88 %
Epoch [4/12], Step [300/568], Loss: 0.4876, Accuracy: 75.83 %
Epoch [4/12], Step [400/568], Loss: 0.4944, Accuracy: 75.88 %
Epoch [4/12], Step [500/568], Loss: 0.4946, Accuracy: 76.10 %
Predictions - 1s: 1241, 0s: 1029
True Labels - 1s: 1181, 0s: 1089
-------------------------------
Epoch [4/12] Loss: 0.4949, Accuracy: 75.77 %
-------------------------------
-------- Validation --------
Predictions - 1s: 339, 0s: 229
True Labels - 1s: 307, 0s: 261
Validation Loss: 0.5011, Validation Accuracy: 74.65 %
-------- Validation finished --------
Updated best model in epoch 4 saved with Validation Loss: 0.5011 and Validation Accuracy: 74.65 %
-------------------------------
Epoch [5/12], Step [100/568], Loss: 0.4958, Accuracy: 75.50 %
Epoch [5/12], Step [200/568], Loss: 0.5056, Accuracy: 74.62 %
Epoch [5/12], Step [300/568], Loss: 0.4923, Accuracy: 75.42 %
Epoch [5/12], Step [400/568], Loss: 0.4922, Accuracy: 75.75 %
Epoch [5/12], Step [500/568], Loss: 0.4954, Accuracy: 75.65 %
Predictions - 1s: 1229, 0s: 1041
True Labels - 1s: 1181, 0s: 1089
-------------------------------
Epoch [5/12] Loss: 0.4891, Accuracy: 75.95 %
-------------------------------
-------- Validation --------
Predictions - 1s: 344, 0s: 224
True Labels - 1s: 307, 0s: 261
Validation Loss: 0.5110, Validation Accuracy: 74.82 %
-------- Validation finished --------
Epoch [6/12], Step [100/568], Loss: 0.4822, Accuracy: 75.75 %
Epoch [6/12], Step [200/568], Loss: 0.4945, Accuracy: 75.88 %
Epoch [6/12], Step [300/568], Loss: 0.5079, Accuracy: 74.92 %
Epoch [6/12], Step [400/568], Loss: 0.4968, Accuracy: 76.00 %
Epoch [6/12], Step [500/568], Loss: 0.4818, Accuracy: 76.90 %
Predictions - 1s: 1221, 0s: 1049
True Labels - 1s: 1181, 0s: 1089
-------------------------------
Epoch [6/12] Loss: 0.4835, Accuracy: 76.74 %
-------------------------------
-------- Validation --------
Predictions - 1s: 347, 0s: 221
True Labels - 1s: 307, 0s: 261
Validation Loss: 0.5055, Validation Accuracy: 74.30 %
-------- Validation finished --------
Epoch [7/12], Step [100/568], Loss: 0.4990, Accuracy: 75.75 %
Epoch [7/12], Step [200/568], Loss: 0.4842, Accuracy: 76.75 %
Epoch [7/12], Step [300/568], Loss: 0.4712, Accuracy: 77.33 %
Epoch [7/12], Step [400/568], Loss: 0.4780, Accuracy: 77.06 %
Epoch [7/12], Step [500/568], Loss: 0.4764, Accuracy: 76.95 %
Predictions - 1s: 1233, 0s: 1037
True Labels - 1s: 1181, 0s: 1089
-------------------------------
Epoch [7/12] Loss: 0.4815, Accuracy: 76.74 %
-------------------------------
-------- Validation --------
Predictions - 1s: 326, 0s: 242
True Labels - 1s: 307, 0s: 261
Validation Loss: 0.4966, Validation Accuracy: 75.18 %
-------- Validation finished --------
Updated best model in epoch 7 saved with Validation Loss: 0.4966 and Validation Accuracy: 75.18 %
-------------------------------
Epoch [8/12], Step [100/568], Loss: 0.4283, Accuracy: 80.25 %
Epoch [8/12], Step [200/568], Loss: 0.4638, Accuracy: 78.12 %
Epoch [8/12], Step [300/568], Loss: 0.4677, Accuracy: 77.33 %
Epoch [8/12], Step [400/568], Loss: 0.4745, Accuracy: 77.19 %
Epoch [8/12], Step [500/568], Loss: 0.4713, Accuracy: 77.15 %
Predictions - 1s: 1216, 0s: 1054
True Labels - 1s: 1181, 0s: 1089
-------------------------------
Epoch [8/12] Loss: 0.4683, Accuracy: 77.58 %
-------------------------------
-------- Validation --------
Predictions - 1s: 303, 0s: 265
True Labels - 1s: 307, 0s: 261
Validation Loss: 0.5019, Validation Accuracy: 75.35 %
-------- Validation finished --------
Epoch [9/12], Step [100/568], Loss: 0.4406, Accuracy: 79.00 %
Epoch [9/12], Step [200/568], Loss: 0.4656, Accuracy: 78.12 %
Epoch [9/12], Step [300/568], Loss: 0.4506, Accuracy: 78.75 %
Epoch [9/12], Step [400/568], Loss: 0.4569, Accuracy: 78.25 %
Epoch [9/12], Step [500/568], Loss: 0.4581, Accuracy: 78.45 %
Predictions - 1s: 1217, 0s: 1053
True Labels - 1s: 1181, 0s: 1089
-------------------------------
Epoch [9/12] Loss: 0.4680, Accuracy: 77.89 %
-------------------------------
-------- Validation --------
Predictions - 1s: 342, 0s: 226
True Labels - 1s: 307, 0s: 261
Validation Loss: 0.4978, Validation Accuracy: 75.53 %
-------- Validation finished --------
Epoch [10/12], Step [100/568], Loss: 0.4900, Accuracy: 76.25 %
Epoch [10/12], Step [200/568], Loss: 0.4846, Accuracy: 77.12 %
Epoch [10/12], Step [300/568], Loss: 0.4755, Accuracy: 77.33 %
Epoch [10/12], Step [400/568], Loss: 0.4646, Accuracy: 77.62 %
Epoch [10/12], Step [500/568], Loss: 0.4620, Accuracy: 77.80 %
Predictions - 1s: 1244, 0s: 1026
True Labels - 1s: 1181, 0s: 1089
-------------------------------
Epoch [10/12] Loss: 0.4612, Accuracy: 77.75 %
-------------------------------
-------- Validation --------
Predictions - 1s: 342, 0s: 226
True Labels - 1s: 307, 0s: 261
Validation Loss: 0.4994, Validation Accuracy: 75.18 %
-------- Validation finished --------
Epoch [11/12], Step [100/568], Loss: 0.4773, Accuracy: 77.00 %
Epoch [11/12], Step [200/568], Loss: 0.4686, Accuracy: 76.38 %
Epoch [11/12], Step [300/568], Loss: 0.4589, Accuracy: 77.75 %
Epoch [11/12], Step [400/568], Loss: 0.4582, Accuracy: 77.81 %
Epoch [11/12], Step [500/568], Loss: 0.4542, Accuracy: 78.60 %
Predictions - 1s: 1211, 0s: 1059
True Labels - 1s: 1181, 0s: 1089
-------------------------------
Epoch [11/12] Loss: 0.4582, Accuracy: 78.68 %
-------------------------------
-------- Validation --------
Predictions - 1s: 353, 0s: 215
True Labels - 1s: 307, 0s: 261
Validation Loss: 0.5020, Validation Accuracy: 75.00 %
-------- Validation finished --------
Epoch [12/12], Step [100/568], Loss: 0.5016, Accuracy: 75.75 %
Epoch [12/12], Step [200/568], Loss: 0.4782, Accuracy: 77.12 %
Epoch [12/12], Step [300/568], Loss: 0.4689, Accuracy: 78.08 %
Epoch [12/12], Step [400/568], Loss: 0.4654, Accuracy: 78.06 %
Epoch [12/12], Step [500/568], Loss: 0.4507, Accuracy: 79.00 %
Predictions - 1s: 1240, 0s: 1030
True Labels - 1s: 1181, 0s: 1089
-------------------------------
Epoch [12/12] Loss: 0.4568, Accuracy: 78.55 %
-------------------------------
-------- Validation --------
Predictions - 1s: 335, 0s: 233
True Labels - 1s: 307, 0s: 261
Validation Loss: 0.4990, Validation Accuracy: 74.65 %
-------- Validation finished --------
Best model in epoch 7 saved with with Validation Loss: 0.4966 and Validation Accuracy: 75.18 %

-------- Training finished in 1:17 --------

Test flag enabled. Testing the model

-------- Loading best model from model_path --------
Loaded model bert-tiny from date 20-04-2024 08:05. Trained with Centralised Machine Learning technology.
Epoch 7, lr: 6e-05, optimizer: AdamW
Train accuracy: 76.74 %, Validation accuracy: 75.18 %
-------- Best model loaded --------

-------- Creating Test Dataloader --------
Test Loader: 715 total sentences. 90 batches of size 8.
-------- Test Dataloader created --------

-------- Testing --------
Predictions - 1s: 405, 0s: 310
True Labels - 1s: 369, 0s: 346
Nº of test samples: 715
Accuracy: 72.87%
Accuracy 2 : 72.87%
Precision: 73.06%
Recall: 72.68%
F1 Score: 72.68%
Classification report:
              precision    recall  f1-score   support

           0     0.7452    0.6676    0.7043       346
           1     0.7160    0.7859    0.7494       369

    accuracy                         0.7287       715
   macro avg     0.7306    0.7268    0.7268       715
weighted avg     0.7301    0.7287    0.7275       715

-------- Testing finished --------
