Current configuration:
{
    "concurrency_flag": true,
    "data_distribution": "iid",
    "dataset": "dreaddit",
    "device": "cuda",
    "dp_delta": 0.003,
    "dp_epsilon": 0.0,
    "eval_batch_size": 4,
    "eval_flag": true,
    "eval_size": 0.2,
    "fed_alg": "fedavg",
    "layers": 3,
    "learning_rate": 6e-05,
    "max_length": 512,
    "ml_mode": "ml",
    "model": "bert_tiny",
    "model_name": "ml_tiny_seed5_dreaddit",
    "models_path": "/local/vpaloma/fabric-federated-learning/ablation_study/phase-4/final/accs-times/dreaddit/",
    "mu": 0.5,
    "num_clients": 5,
    "num_epochs": 12,
    "num_rounds": 4,
    "optimizer": "AdamW",
    "progress_bar_flag": false,
    "save_model": true,
    "scheduler": "linear",
    "scheduler_warmup_steps": 0,
    "seed": "random",
    "test_flag": true,
    "train_batch_size": 4,
    "train_size": 0.8
}
-------- Configuration loaded --------

-------- Setting device --------
cuda device selected and available.
-------- Device set --------

-------- Setting seed --------
seed set:  744864
-------- Seed set --------

-------- Creating Model --------
-------- Model created --------

-------- Setting Trainable Layers --------
Training the last 3 layers.

Total parameters count: 4386178
Trainable parameters count: 215042
-------- Trainable Layers set --------

-------- Creating Tokenizer --------
-------- Tokenizer created --------

-------- Creating Train and Eval Dataloaders --------
Train Loader: 2270 total sentences. 568 batches of size 4.
Eval Loader: 568 total sentences. 142 batches of size 4.
-------- Train and Eval Dataloaders created --------

-------- Creating Optimizer --------
-------- Optimizer created --------

-------- Creating Scheduler --------
-------- Scheduler created --------

-------- Training --------
Training with Centralised Machine Learning technology.
Training without differential privacy.
Concurrency flag is set to True, but ml mode is selected. Concurrency flag will be ignored.
Epoch [1/12], Step [100/568], Loss: 0.6749, Accuracy: 55.50 %
Epoch [1/12], Step [200/568], Loss: 0.6622, Accuracy: 58.88 %
Epoch [1/12], Step [300/568], Loss: 0.6522, Accuracy: 61.58 %
Epoch [1/12], Step [400/568], Loss: 0.6430, Accuracy: 62.69 %
Epoch [1/12], Step [500/568], Loss: 0.6296, Accuracy: 64.30 %
Predictions - 1s: 1415, 0s: 855
True Labels - 1s: 1188, 0s: 1082
-------------------------------
Epoch [1/12] Loss: 0.6224, Accuracy: 65.07 %
-------------------------------
-------- Validation --------
Predictions - 1s: 355, 0s: 213
True Labels - 1s: 300, 0s: 268
Validation Loss: 0.5470, Validation Accuracy: 72.36 %
-------- Validation finished --------
Updated best model in epoch 1 saved with Validation Loss: 0.5470 and Validation Accuracy: 72.36 %
-------------------------------
Epoch [2/12], Step [100/568], Loss: 0.5668, Accuracy: 70.25 %
Epoch [2/12], Step [200/568], Loss: 0.5493, Accuracy: 73.25 %
Epoch [2/12], Step [300/568], Loss: 0.5428, Accuracy: 73.67 %
Epoch [2/12], Step [400/568], Loss: 0.5394, Accuracy: 73.38 %
Epoch [2/12], Step [500/568], Loss: 0.5430, Accuracy: 73.00 %
Predictions - 1s: 1225, 0s: 1045
True Labels - 1s: 1188, 0s: 1082
-------------------------------
Epoch [2/12] Loss: 0.5385, Accuracy: 73.17 %
-------------------------------
-------- Validation --------
Predictions - 1s: 391, 0s: 177
True Labels - 1s: 300, 0s: 268
Validation Loss: 0.5384, Validation Accuracy: 72.71 %
-------- Validation finished --------
Updated best model in epoch 2 saved with Validation Loss: 0.5384 and Validation Accuracy: 72.71 %
-------------------------------
Epoch [3/12], Step [100/568], Loss: 0.5103, Accuracy: 74.75 %
Epoch [3/12], Step [200/568], Loss: 0.5373, Accuracy: 72.12 %
Epoch [3/12], Step [300/568], Loss: 0.5207, Accuracy: 74.00 %
Epoch [3/12], Step [400/568], Loss: 0.5212, Accuracy: 73.88 %
Epoch [3/12], Step [500/568], Loss: 0.5225, Accuracy: 74.05 %
Predictions - 1s: 1228, 0s: 1042
True Labels - 1s: 1188, 0s: 1082
-------------------------------
Epoch [3/12] Loss: 0.5199, Accuracy: 74.36 %
-------------------------------
-------- Validation --------
Predictions - 1s: 372, 0s: 196
True Labels - 1s: 300, 0s: 268
Validation Loss: 0.5208, Validation Accuracy: 74.30 %
-------- Validation finished --------
Updated best model in epoch 3 saved with Validation Loss: 0.5208 and Validation Accuracy: 74.30 %
-------------------------------
Epoch [4/12], Step [100/568], Loss: 0.4789, Accuracy: 76.50 %
Epoch [4/12], Step [200/568], Loss: 0.4826, Accuracy: 76.88 %
Epoch [4/12], Step [300/568], Loss: 0.4958, Accuracy: 75.83 %
Epoch [4/12], Step [400/568], Loss: 0.5014, Accuracy: 75.12 %
Epoch [4/12], Step [500/568], Loss: 0.5048, Accuracy: 75.00 %
Predictions - 1s: 1252, 0s: 1018
True Labels - 1s: 1188, 0s: 1082
-------------------------------
Epoch [4/12] Loss: 0.5029, Accuracy: 75.24 %
-------------------------------
-------- Validation --------
Predictions - 1s: 332, 0s: 236
True Labels - 1s: 300, 0s: 268
Validation Loss: 0.4991, Validation Accuracy: 75.70 %
-------- Validation finished --------
Updated best model in epoch 4 saved with Validation Loss: 0.4991 and Validation Accuracy: 75.70 %
-------------------------------
Epoch [5/12], Step [100/568], Loss: 0.4807, Accuracy: 76.75 %
Epoch [5/12], Step [200/568], Loss: 0.4725, Accuracy: 77.88 %
Epoch [5/12], Step [300/568], Loss: 0.4919, Accuracy: 76.58 %
Epoch [5/12], Step [400/568], Loss: 0.4931, Accuracy: 76.56 %
Epoch [5/12], Step [500/568], Loss: 0.4992, Accuracy: 76.10 %
Predictions - 1s: 1228, 0s: 1042
True Labels - 1s: 1188, 0s: 1082
-------------------------------
Epoch [5/12] Loss: 0.5000, Accuracy: 76.04 %
-------------------------------
-------- Validation --------
Predictions - 1s: 359, 0s: 209
True Labels - 1s: 300, 0s: 268
Validation Loss: 0.5066, Validation Accuracy: 75.18 %
-------- Validation finished --------
Epoch [6/12], Step [100/568], Loss: 0.4715, Accuracy: 75.75 %
Epoch [6/12], Step [200/568], Loss: 0.4762, Accuracy: 75.62 %
Epoch [6/12], Step [300/568], Loss: 0.4668, Accuracy: 76.17 %
Epoch [6/12], Step [400/568], Loss: 0.4750, Accuracy: 75.94 %
Epoch [6/12], Step [500/568], Loss: 0.4844, Accuracy: 75.15 %
Predictions - 1s: 1235, 0s: 1035
True Labels - 1s: 1188, 0s: 1082
-------------------------------
Epoch [6/12] Loss: 0.4886, Accuracy: 74.85 %
-------------------------------
-------- Validation --------
Predictions - 1s: 357, 0s: 211
True Labels - 1s: 300, 0s: 268
Validation Loss: 0.5012, Validation Accuracy: 75.18 %
-------- Validation finished --------
Epoch [7/12], Step [100/568], Loss: 0.4636, Accuracy: 76.25 %
Epoch [7/12], Step [200/568], Loss: 0.4744, Accuracy: 76.25 %
Epoch [7/12], Step [300/568], Loss: 0.4820, Accuracy: 76.00 %
Epoch [7/12], Step [400/568], Loss: 0.4821, Accuracy: 75.81 %
Epoch [7/12], Step [500/568], Loss: 0.4800, Accuracy: 76.05 %
Predictions - 1s: 1224, 0s: 1046
True Labels - 1s: 1188, 0s: 1082
-------------------------------
Epoch [7/12] Loss: 0.4777, Accuracy: 76.21 %
-------------------------------
-------- Validation --------
Predictions - 1s: 354, 0s: 214
True Labels - 1s: 300, 0s: 268
Validation Loss: 0.4966, Validation Accuracy: 75.70 %
-------- Validation finished --------
Updated best model in epoch 7 saved with Validation Loss: 0.4966 and Validation Accuracy: 75.70 %
-------------------------------
Epoch [8/12], Step [100/568], Loss: 0.4733, Accuracy: 77.00 %
Epoch [8/12], Step [200/568], Loss: 0.4949, Accuracy: 76.75 %
Epoch [8/12], Step [300/568], Loss: 0.4825, Accuracy: 77.33 %
Epoch [8/12], Step [400/568], Loss: 0.4781, Accuracy: 77.31 %
Epoch [8/12], Step [500/568], Loss: 0.4681, Accuracy: 77.60 %
Predictions - 1s: 1229, 0s: 1041
True Labels - 1s: 1188, 0s: 1082
-------------------------------
Epoch [8/12] Loss: 0.4729, Accuracy: 77.58 %
-------------------------------
-------- Validation --------
Predictions - 1s: 365, 0s: 203
True Labels - 1s: 300, 0s: 268
Validation Loss: 0.5038, Validation Accuracy: 75.18 %
-------- Validation finished --------
Epoch [9/12], Step [100/568], Loss: 0.4430, Accuracy: 79.25 %
Epoch [9/12], Step [200/568], Loss: 0.4628, Accuracy: 77.50 %
Epoch [9/12], Step [300/568], Loss: 0.4828, Accuracy: 76.42 %
Epoch [9/12], Step [400/568], Loss: 0.4724, Accuracy: 76.94 %
Epoch [9/12], Step [500/568], Loss: 0.4785, Accuracy: 76.75 %
Predictions - 1s: 1234, 0s: 1036
True Labels - 1s: 1188, 0s: 1082
-------------------------------
Epoch [9/12] Loss: 0.4705, Accuracy: 77.36 %
-------------------------------
-------- Validation --------
Predictions - 1s: 360, 0s: 208
True Labels - 1s: 300, 0s: 268
Validation Loss: 0.4974, Validation Accuracy: 75.70 %
-------- Validation finished --------
Epoch [10/12], Step [100/568], Loss: 0.4385, Accuracy: 80.50 %
Epoch [10/12], Step [200/568], Loss: 0.4579, Accuracy: 79.12 %
Epoch [10/12], Step [300/568], Loss: 0.4678, Accuracy: 77.42 %
Epoch [10/12], Step [400/568], Loss: 0.4707, Accuracy: 77.12 %
Epoch [10/12], Step [500/568], Loss: 0.4689, Accuracy: 77.40 %
Predictions - 1s: 1220, 0s: 1050
True Labels - 1s: 1188, 0s: 1082
-------------------------------
Epoch [10/12] Loss: 0.4681, Accuracy: 77.44 %
-------------------------------
-------- Validation --------
Predictions - 1s: 339, 0s: 229
True Labels - 1s: 300, 0s: 268
Validation Loss: 0.4887, Validation Accuracy: 75.18 %
-------- Validation finished --------
Updated best model in epoch 10 saved with Validation Loss: 0.4887 and Validation Accuracy: 75.18 %
-------------------------------
Epoch [11/12], Step [100/568], Loss: 0.4301, Accuracy: 81.50 %
Epoch [11/12], Step [200/568], Loss: 0.4455, Accuracy: 79.75 %
Epoch [11/12], Step [300/568], Loss: 0.4647, Accuracy: 78.33 %
Epoch [11/12], Step [400/568], Loss: 0.4772, Accuracy: 77.81 %
Epoch [11/12], Step [500/568], Loss: 0.4642, Accuracy: 78.35 %
Predictions - 1s: 1233, 0s: 1037
True Labels - 1s: 1188, 0s: 1082
-------------------------------
Epoch [11/12] Loss: 0.4692, Accuracy: 78.11 %
-------------------------------
-------- Validation --------
Predictions - 1s: 340, 0s: 228
True Labels - 1s: 300, 0s: 268
Validation Loss: 0.4896, Validation Accuracy: 75.35 %
-------- Validation finished --------
Epoch [12/12], Step [100/568], Loss: 0.4810, Accuracy: 75.00 %
Epoch [12/12], Step [200/568], Loss: 0.4841, Accuracy: 76.38 %
Epoch [12/12], Step [300/568], Loss: 0.4708, Accuracy: 77.17 %
Epoch [12/12], Step [400/568], Loss: 0.4637, Accuracy: 77.88 %
Epoch [12/12], Step [500/568], Loss: 0.4686, Accuracy: 77.25 %
Predictions - 1s: 1214, 0s: 1056
True Labels - 1s: 1188, 0s: 1082
-------------------------------
Epoch [12/12] Loss: 0.4641, Accuracy: 77.44 %
-------------------------------
-------- Validation --------
Predictions - 1s: 350, 0s: 218
True Labels - 1s: 300, 0s: 268
Validation Loss: 0.4931, Validation Accuracy: 75.70 %
-------- Validation finished --------
Best model in epoch 10 saved with with Validation Loss: 0.4887 and Validation Accuracy: 75.18 %

-------- Training finished in 1:36 --------

Test flag enabled. Testing the model

-------- Loading best model from model_path --------
Loaded model bert-tiny from date 20-04-2024 07:29. Trained with Centralised Machine Learning technology.
Epoch 10, lr: 6e-05, optimizer: AdamW
Train accuracy: 77.44 %, Validation accuracy: 75.18 %
-------- Best model loaded --------

-------- Creating Test Dataloader --------
Test Loader: 715 total sentences. 90 batches of size 8.
-------- Test Dataloader created --------

-------- Testing --------
Predictions - 1s: 429, 0s: 286
True Labels - 1s: 369, 0s: 346
Nº of test samples: 715
Accuracy: 73.15%
Accuracy 2 : 73.15%
Precision: 73.78%
Recall: 72.85%
F1 Score: 72.78%
Classification report:
              precision    recall  f1-score   support

           0     0.7692    0.6358    0.6962       346
           1     0.7063    0.8211    0.7594       369

    accuracy                         0.7315       715
   macro avg     0.7378    0.7285    0.7278       715
weighted avg     0.7367    0.7315    0.7288       715

-------- Testing finished --------
