Current configuration:
{
    "concurrency_flag": true,
    "data_distribution": "iid",
    "dataset": "dreaddit",
    "device": "cuda",
    "dp_delta": 0.003,
    "dp_epsilon": 0.0,
    "eval_batch_size": 4,
    "eval_flag": true,
    "eval_size": 0.2,
    "fed_alg": "fedavg",
    "layers": 3,
    "learning_rate": 6e-05,
    "max_length": 512,
    "ml_mode": "ml",
    "model": "bert_tiny",
    "model_name": "ml_tiny_seed8_dreaddit",
    "models_path": "/local/vpaloma/fabric-federated-learning/ablation_study/phase-4/final/accs-times/dreaddit/",
    "mu": 0.5,
    "num_clients": 5,
    "num_epochs": 12,
    "num_rounds": 4,
    "optimizer": "AdamW",
    "progress_bar_flag": false,
    "save_model": true,
    "scheduler": "linear",
    "scheduler_warmup_steps": 0,
    "seed": "random",
    "test_flag": true,
    "train_batch_size": 4,
    "train_size": 0.8
}
-------- Configuration loaded --------

-------- Setting device --------
cuda device selected and available.
-------- Device set --------

-------- Setting seed --------
seed set:  227319
-------- Seed set --------

-------- Creating Model --------
-------- Model created --------

-------- Setting Trainable Layers --------
Training the last 3 layers.

Total parameters count: 4386178
Trainable parameters count: 215042
-------- Trainable Layers set --------

-------- Creating Tokenizer --------
-------- Tokenizer created --------

-------- Creating Train and Eval Dataloaders --------
Train Loader: 2270 total sentences. 568 batches of size 4.
Eval Loader: 568 total sentences. 142 batches of size 4.
-------- Train and Eval Dataloaders created --------

-------- Creating Optimizer --------
-------- Optimizer created --------

-------- Creating Scheduler --------
-------- Scheduler created --------

-------- Training --------
Training with Centralised Machine Learning technology.
Training without differential privacy.
Concurrency flag is set to True, but ml mode is selected. Concurrency flag will be ignored.
Epoch [1/12], Step [100/568], Loss: 0.6849, Accuracy: 55.00 %
Epoch [1/12], Step [200/568], Loss: 0.6781, Accuracy: 57.75 %
Epoch [1/12], Step [300/568], Loss: 0.6611, Accuracy: 61.50 %
Epoch [1/12], Step [400/568], Loss: 0.6442, Accuracy: 63.62 %
Epoch [1/12], Step [500/568], Loss: 0.6354, Accuracy: 64.10 %
Predictions - 1s: 1462, 0s: 808
True Labels - 1s: 1195, 0s: 1075
-------------------------------
Epoch [1/12] Loss: 0.6302, Accuracy: 64.63 %
-------------------------------
-------- Validation --------
Predictions - 1s: 312, 0s: 256
True Labels - 1s: 293, 0s: 275
Validation Loss: 0.5490, Validation Accuracy: 73.77 %
-------- Validation finished --------
Updated best model in epoch 1 saved with Validation Loss: 0.5490 and Validation Accuracy: 73.77 %
-------------------------------
Epoch [2/12], Step [100/568], Loss: 0.5623, Accuracy: 72.00 %
Epoch [2/12], Step [200/568], Loss: 0.5537, Accuracy: 72.38 %
Epoch [2/12], Step [300/568], Loss: 0.5477, Accuracy: 72.92 %
Epoch [2/12], Step [400/568], Loss: 0.5399, Accuracy: 73.38 %
Epoch [2/12], Step [500/568], Loss: 0.5445, Accuracy: 73.05 %
Predictions - 1s: 1290, 0s: 980
True Labels - 1s: 1195, 0s: 1075
-------------------------------
Epoch [2/12] Loss: 0.5430, Accuracy: 73.17 %
-------------------------------
-------- Validation --------
Predictions - 1s: 327, 0s: 241
True Labels - 1s: 293, 0s: 275
Validation Loss: 0.5050, Validation Accuracy: 74.65 %
-------- Validation finished --------
Updated best model in epoch 2 saved with Validation Loss: 0.5050 and Validation Accuracy: 74.65 %
-------------------------------
Epoch [3/12], Step [100/568], Loss: 0.4849, Accuracy: 78.25 %
Epoch [3/12], Step [200/568], Loss: 0.4983, Accuracy: 75.38 %
Epoch [3/12], Step [300/568], Loss: 0.5159, Accuracy: 74.50 %
Epoch [3/12], Step [400/568], Loss: 0.5234, Accuracy: 74.31 %
Epoch [3/12], Step [500/568], Loss: 0.5255, Accuracy: 74.15 %
Predictions - 1s: 1276, 0s: 994
True Labels - 1s: 1195, 0s: 1075
-------------------------------
Epoch [3/12] Loss: 0.5259, Accuracy: 74.05 %
-------------------------------
-------- Validation --------
Predictions - 1s: 343, 0s: 225
True Labels - 1s: 293, 0s: 275
Validation Loss: 0.4959, Validation Accuracy: 74.65 %
-------- Validation finished --------
Updated best model in epoch 3 saved with Validation Loss: 0.4959 and Validation Accuracy: 74.65 %
-------------------------------
Epoch [4/12], Step [100/568], Loss: 0.5107, Accuracy: 75.25 %
Epoch [4/12], Step [200/568], Loss: 0.5288, Accuracy: 74.62 %
Epoch [4/12], Step [300/568], Loss: 0.5236, Accuracy: 74.83 %
Epoch [4/12], Step [400/568], Loss: 0.5122, Accuracy: 75.44 %
Epoch [4/12], Step [500/568], Loss: 0.5191, Accuracy: 74.85 %
Predictions - 1s: 1268, 0s: 1002
True Labels - 1s: 1195, 0s: 1075
-------------------------------
Epoch [4/12] Loss: 0.5164, Accuracy: 74.85 %
-------------------------------
-------- Validation --------
Predictions - 1s: 376, 0s: 192
True Labels - 1s: 293, 0s: 275
Validation Loss: 0.5109, Validation Accuracy: 73.77 %
-------- Validation finished --------
Epoch [5/12], Step [100/568], Loss: 0.5049, Accuracy: 75.75 %
Epoch [5/12], Step [200/568], Loss: 0.5001, Accuracy: 76.25 %
Epoch [5/12], Step [300/568], Loss: 0.5111, Accuracy: 74.83 %
Epoch [5/12], Step [400/568], Loss: 0.5102, Accuracy: 74.88 %
Epoch [5/12], Step [500/568], Loss: 0.5117, Accuracy: 74.50 %
Predictions - 1s: 1264, 0s: 1006
True Labels - 1s: 1195, 0s: 1075
-------------------------------
Epoch [5/12] Loss: 0.5047, Accuracy: 75.02 %
-------------------------------
-------- Validation --------
Predictions - 1s: 363, 0s: 205
True Labels - 1s: 293, 0s: 275
Validation Loss: 0.4942, Validation Accuracy: 75.35 %
-------- Validation finished --------
Updated best model in epoch 5 saved with Validation Loss: 0.4942 and Validation Accuracy: 75.35 %
-------------------------------
Epoch [6/12], Step [100/568], Loss: 0.5015, Accuracy: 75.75 %
Epoch [6/12], Step [200/568], Loss: 0.5110, Accuracy: 75.62 %
Epoch [6/12], Step [300/568], Loss: 0.4955, Accuracy: 76.25 %
Epoch [6/12], Step [400/568], Loss: 0.4922, Accuracy: 76.56 %
Epoch [6/12], Step [500/568], Loss: 0.4926, Accuracy: 76.70 %
Predictions - 1s: 1269, 0s: 1001
True Labels - 1s: 1195, 0s: 1075
-------------------------------
Epoch [6/12] Loss: 0.4873, Accuracy: 77.00 %
-------------------------------
-------- Validation --------
Predictions - 1s: 340, 0s: 228
True Labels - 1s: 293, 0s: 275
Validation Loss: 0.4795, Validation Accuracy: 76.94 %
-------- Validation finished --------
Updated best model in epoch 6 saved with Validation Loss: 0.4795 and Validation Accuracy: 76.94 %
-------------------------------
Epoch [7/12], Step [100/568], Loss: 0.5192, Accuracy: 73.50 %
Epoch [7/12], Step [200/568], Loss: 0.4862, Accuracy: 77.12 %
Epoch [7/12], Step [300/568], Loss: 0.4998, Accuracy: 76.67 %
Epoch [7/12], Step [400/568], Loss: 0.4859, Accuracy: 76.94 %
Epoch [7/12], Step [500/568], Loss: 0.4903, Accuracy: 76.75 %
Predictions - 1s: 1266, 0s: 1004
True Labels - 1s: 1195, 0s: 1075
-------------------------------
Epoch [7/12] Loss: 0.4884, Accuracy: 76.52 %
-------------------------------
-------- Validation --------
Predictions - 1s: 326, 0s: 242
True Labels - 1s: 293, 0s: 275
Validation Loss: 0.4679, Validation Accuracy: 76.94 %
-------- Validation finished --------
Updated best model in epoch 7 saved with Validation Loss: 0.4679 and Validation Accuracy: 76.94 %
-------------------------------
Epoch [8/12], Step [100/568], Loss: 0.4694, Accuracy: 79.25 %
Epoch [8/12], Step [200/568], Loss: 0.4568, Accuracy: 78.88 %
Epoch [8/12], Step [300/568], Loss: 0.4694, Accuracy: 77.50 %
Epoch [8/12], Step [400/568], Loss: 0.4745, Accuracy: 77.19 %
Epoch [8/12], Step [500/568], Loss: 0.4799, Accuracy: 76.80 %
Predictions - 1s: 1257, 0s: 1013
True Labels - 1s: 1195, 0s: 1075
-------------------------------
Epoch [8/12] Loss: 0.4746, Accuracy: 77.18 %
-------------------------------
-------- Validation --------
Predictions - 1s: 327, 0s: 241
True Labels - 1s: 293, 0s: 275
Validation Loss: 0.4689, Validation Accuracy: 77.46 %
-------- Validation finished --------
Epoch [9/12], Step [100/568], Loss: 0.4466, Accuracy: 79.75 %
Epoch [9/12], Step [200/568], Loss: 0.4615, Accuracy: 78.75 %
Epoch [9/12], Step [300/568], Loss: 0.4777, Accuracy: 77.50 %
Epoch [9/12], Step [400/568], Loss: 0.4699, Accuracy: 78.00 %
Epoch [9/12], Step [500/568], Loss: 0.4769, Accuracy: 77.35 %
Predictions - 1s: 1253, 0s: 1017
True Labels - 1s: 1195, 0s: 1075
-------------------------------
Epoch [9/12] Loss: 0.4791, Accuracy: 77.00 %
-------------------------------
-------- Validation --------
Predictions - 1s: 327, 0s: 241
True Labels - 1s: 293, 0s: 275
Validation Loss: 0.4671, Validation Accuracy: 77.46 %
-------- Validation finished --------
Updated best model in epoch 9 saved with Validation Loss: 0.4671 and Validation Accuracy: 77.46 %
-------------------------------
Epoch [10/12], Step [100/568], Loss: 0.5065, Accuracy: 73.75 %
Epoch [10/12], Step [200/568], Loss: 0.4991, Accuracy: 75.75 %
Epoch [10/12], Step [300/568], Loss: 0.4812, Accuracy: 76.42 %
Epoch [10/12], Step [400/568], Loss: 0.4779, Accuracy: 76.38 %
Epoch [10/12], Step [500/568], Loss: 0.4716, Accuracy: 76.85 %
Predictions - 1s: 1269, 0s: 1001
True Labels - 1s: 1195, 0s: 1075
-------------------------------
Epoch [10/12] Loss: 0.4747, Accuracy: 76.65 %
-------------------------------
-------- Validation --------
Predictions - 1s: 317, 0s: 251
True Labels - 1s: 293, 0s: 275
Validation Loss: 0.4598, Validation Accuracy: 78.17 %
-------- Validation finished --------
Updated best model in epoch 10 saved with Validation Loss: 0.4598 and Validation Accuracy: 78.17 %
-------------------------------
Epoch [11/12], Step [100/568], Loss: 0.5066, Accuracy: 74.75 %
Epoch [11/12], Step [200/568], Loss: 0.4890, Accuracy: 75.38 %
Epoch [11/12], Step [300/568], Loss: 0.4697, Accuracy: 77.17 %
Epoch [11/12], Step [400/568], Loss: 0.4729, Accuracy: 77.00 %
Epoch [11/12], Step [500/568], Loss: 0.4688, Accuracy: 77.65 %
Predictions - 1s: 1237, 0s: 1033
True Labels - 1s: 1195, 0s: 1075
-------------------------------
Epoch [11/12] Loss: 0.4744, Accuracy: 77.27 %
-------------------------------
-------- Validation --------
Predictions - 1s: 340, 0s: 228
True Labels - 1s: 293, 0s: 275
Validation Loss: 0.4718, Validation Accuracy: 76.94 %
-------- Validation finished --------
Epoch [12/12], Step [100/568], Loss: 0.4645, Accuracy: 77.75 %
Epoch [12/12], Step [200/568], Loss: 0.4502, Accuracy: 78.75 %
Epoch [12/12], Step [300/568], Loss: 0.4488, Accuracy: 78.33 %
Epoch [12/12], Step [400/568], Loss: 0.4664, Accuracy: 77.25 %
Epoch [12/12], Step [500/568], Loss: 0.4654, Accuracy: 77.30 %
Predictions - 1s: 1232, 0s: 1038
True Labels - 1s: 1195, 0s: 1075
-------------------------------
Epoch [12/12] Loss: 0.4677, Accuracy: 76.87 %
-------------------------------
-------- Validation --------
Predictions - 1s: 337, 0s: 231
True Labels - 1s: 293, 0s: 275
Validation Loss: 0.4703, Validation Accuracy: 77.11 %
-------- Validation finished --------
Best model in epoch 10 saved with with Validation Loss: 0.4598 and Validation Accuracy: 78.17 %

-------- Training finished in 1:36 --------

Test flag enabled. Testing the model

-------- Loading best model from model_path --------
Loaded model bert-tiny from date 20-04-2024 08:37. Trained with Centralised Machine Learning technology.
Epoch 10, lr: 6e-05, optimizer: AdamW
Train accuracy: 76.65 %, Validation accuracy: 78.17 %
-------- Best model loaded --------

-------- Creating Test Dataloader --------
Test Loader: 715 total sentences. 90 batches of size 8.
-------- Test Dataloader created --------

-------- Testing --------
Predictions - 1s: 421, 0s: 294
True Labels - 1s: 369, 0s: 346
Nº of test samples: 715
Accuracy: 73.43%
Accuracy 2 : 73.43%
Precision: 73.89%
Recall: 73.16%
F1 Score: 73.13%
Classification report:
              precision    recall  f1-score   support

           0     0.7653    0.6503    0.7031       346
           1     0.7126    0.8130    0.7595       369

    accuracy                         0.7343       715
   macro avg     0.7389    0.7316    0.7313       715
weighted avg     0.7381    0.7343    0.7322       715

-------- Testing finished --------
