Current configuration:
{
    "concurrency_flag": true,
    "data_distribution": "iid",
    "dataset": "mixed_depression",
    "device": "cuda",
    "dp_delta": 0.003,
    "dp_epsilon": 0.5,
    "eval_batch_size": 4,
    "eval_flag": true,
    "eval_size": 0.2,
    "fed_alg": "fedavg",
    "layers": 3,
    "learning_rate": 0.006,
    "max_length": 512,
    "ml_mode": "bcfl",
    "model": "bert_small",
    "model_name": "bcfl_0.5_seed5_mixed_depression",
    "models_path": "/local/vpaloma/fabric-federated-learning/ablation_study/phase-4/final/dp/mixed_depression",
    "mu": 0.5,
    "num_clients": 5,
    "num_epochs": 3,
    "num_rounds": 4,
    "optimizer": "AdamW",
    "progress_bar_flag": false,
    "save_model": true,
    "scheduler": "linear",
    "scheduler_warmup_steps": 0,
    "seed": "random",
    "test_flag": true,
    "train_batch_size": 4,
    "train_size": 0.8
}
-------- Configuration loaded --------

-------- Setting device --------
cuda device selected and available.
-------- Device set --------

-------- Setting seed --------
seed set:  215912
-------- Seed set --------

-------- Creating Model --------
-------- Model created --------

-------- Setting Trainable Layers --------
Training the last 3 layers.

Total parameters count: 28764674
Trainable parameters count: 3416066
-------- Trainable Layers set --------

-------- Creating Tokenizer --------
-------- Tokenizer created --------

-------- Creating Train and Eval Dataloaders --------
Train Loader: 1806 total sentences. 452 batches of size 4.
Eval Loader: 452 total sentences. 113 batches of size 4.
-------- Train and Eval Dataloaders created --------

-------- Training --------
Training with Blockchain-Based Federated Learning technology.
Training with differential privacy.
Federated averaging algorithm selected.
Client 0: Label 0: 168, Label 1: 193
Client 1: Label 0: 161, Label 1: 200
Client 2: Label 0: 171, Label 1: 190
Client 3: Label 0: 175, Label 1: 186
Client 4: Label 0: 184, Label 1: 178

Round 1 of 4
-------------------------------
max_grad_norm:  1.5
max_grad_norm:  1.5
max_grad_norm:  1.5
max_grad_norm:  1.5
max_grad_norm:  1.5
Predictions - 1s: 223, 0s: 138
True Labels - 1s: 190, 0s: 171
Predictions - 1s: 289, 0s: 72
Predictions - 1s: 330, 0s: 31
True Labels - 1s: 200, 0s: 161
True Labels - 1s: 193, 0s: 168
Predictions - 1s: 181, 0s: 180
True Labels - 1s: 186, 0s: 175
Predictions - 1s: 38, 0s: 324
True Labels - 1s: 178, 0s: 184
Client 3 of 5: Local Epoch [1/3] Loss: 0.6918, Accuracy: 58.17 %, Epsilon: 0.50, Delta: 0.0030
Client 5 of 5: Local Epoch [1/3] Loss: 0.8235, Accuracy: 53.59 %, Epsilon: 0.50, Delta: 0.0030
Client 1 of 5: Local Epoch [1/3] Loss: 0.8310, Accuracy: 53.19 %, Epsilon: 0.50, Delta: 0.0030
Client 4 of 5: Local Epoch [1/3] Loss: 0.8015, Accuracy: 53.19 %, Epsilon: 0.50, Delta: 0.0030
Client 2 of 5: Local Epoch [1/3] Loss: 0.7068, Accuracy: 54.29 %, Epsilon: 0.50, Delta: 0.0030
Predictions - 1s: 316, 0s: 45
True Labels - 1s: 190, 0s: 171
Client 3 of 5: Local Epoch [2/3] Loss: 0.8544, Accuracy: 58.45 %, Epsilon: 0.72, Delta: 0.0030
Predictions - 1s: 143, 0s: 219
True Labels - 1s: 178, 0s: 184
Client 5 of 5: Local Epoch [2/3] Loss: 0.7019, Accuracy: 59.94 %, Epsilon: 0.72, Delta: 0.0030
Predictions - 1s: 338, 0s: 23
True Labels - 1s: 190, 0s: 171
Client 3 of 5: Local Epoch [3/3] Loss: 0.8831, Accuracy: 54.02 %, Epsilon: 0.89, Delta: 0.0030
Predictions - 1s: 239, 0s: 122
True Labels - 1s: 193, 0s: 168
Predictions - 1s: 251, 0s: 110
True Labels - 1s: 186, 0s: 175
Predictions - 1s: 349, 0s: 12
True Labels - 1s: 200, 0s: 161
Client 1 of 5: Local Epoch [2/3] Loss: 0.8457, Accuracy: 52.91 %, Epsilon: 0.72, Delta: 0.0030
Client 4 of 5: Local Epoch [2/3] Loss: 0.7855, Accuracy: 58.73 %, Epsilon: 0.72, Delta: 0.0030
Client 2 of 5: Local Epoch [2/3] Loss: 1.0236, Accuracy: 57.06 %, Epsilon: 0.72, Delta: 0.0030
Predictions - 1s: 164, 0s: 198
True Labels - 1s: 178, 0s: 184
Client 5 of 5: Local Epoch [3/3] Loss: 0.7010, Accuracy: 61.88 %, Epsilon: 0.89, Delta: 0.0030
Predictions - 1s: 289, 0s: 72
True Labels - 1s: 186, 0s: 175
Predictions - 1s: 277, 0s: 84
True Labels - 1s: 193, 0s: 168
Client 1 of 5: Local Epoch [3/3] Loss: 0.8391, Accuracy: 54.02 %, Epsilon: 0.89, Delta: 0.0030
Predictions - 1s: 354, 0s: 7
True Labels - 1s: 200, 0s: 161
Client 4 of 5: Local Epoch [3/3] Loss: 0.8026, Accuracy: 60.39 %, Epsilon: 0.89, Delta: 0.0030
Client 2 of 5: Local Epoch [3/3] Loss: 1.0818, Accuracy: 56.79 %, Epsilon: 0.89, Delta: 0.0030
-------------------------------
Round [1/4] Average Local Loss: 0.8615, Average Local Accuracy: 57.42 %
-------------------------------
-------- Validation --------
Predictions - 1s: 433, 0s: 19
True Labels - 1s: 238, 0s: 214
Round [1/4] Global Model Validation Loss: 0.7090, Validation Accuracy: 55.53 %
-------- Validation finished --------
Updated best model in round 1 saved with Validation Loss: 0.7090 and Validation Accuracy: 55.53 %
-------------------------------

Round 2 of 4
-------------------------------
max_grad_norm:  1.5
max_grad_norm:  1.5
max_grad_norm:  1.5
max_grad_norm:  1.5
max_grad_norm:  1.5
Predictions - 1s: 234, 0s: 127
True Labels - 1s: 193, 0s: 168
Client 1 of 5: Local Epoch [1/3] Loss: 0.6470, Accuracy: 63.16 %, Epsilon: 0.50, Delta: 0.0030
Predictions - 1s: 352, 0s: 9
True Labels - 1s: 190, 0s: 171
Client 3 of 5: Local Epoch [1/3] Loss: 1.0576, Accuracy: 53.46 %, Epsilon: 0.50, Delta: 0.0030
Predictions - 1s: 205, 0s: 156
True Labels - 1s: 193, 0s: 168
Client 1 of 5: Local Epoch [2/3] Loss: 0.8021, Accuracy: 56.79 %, Epsilon: 0.72, Delta: 0.0030
Predictions - 1s: 194, 0s: 168
True Labels - 1s: 178, 0s: 184
Predictions - 1s: 264, 0s: 97
True Labels - 1s: 186, 0s: 175
Predictions - 1s: 358, 0s: 3
True Labels - 1s: 200, 0s: 161
Client 5 of 5: Local Epoch [1/3] Loss: 0.7662, Accuracy: 55.25 %, Epsilon: 0.50, Delta: 0.0030
Client 4 of 5: Local Epoch [1/3] Loss: 0.7059, Accuracy: 56.79 %, Epsilon: 0.50, Delta: 0.0030
Client 2 of 5: Local Epoch [1/3] Loss: 1.4266, Accuracy: 54.57 %, Epsilon: 0.50, Delta: 0.0030
Predictions - 1s: 360, 0s: 1
True Labels - 1s: 190, 0s: 171
Client 3 of 5: Local Epoch [2/3] Loss: 1.5162, Accuracy: 52.35 %, Epsilon: 0.72, Delta: 0.0030
Predictions - 1s: 165, 0s: 196
True Labels - 1s: 193, 0s: 168
Client 1 of 5: Local Epoch [3/3] Loss: 0.8192, Accuracy: 57.34 %, Epsilon: 0.89, Delta: 0.0030
Predictions - 1s: 360, 0s: 1
True Labels - 1s: 190, 0s: 171
Client 3 of 5: Local Epoch [3/3] Loss: 1.5971, Accuracy: 52.91 %, Epsilon: 0.89, Delta: 0.0030
Predictions - 1s: 201, 0s: 161
True Labels - 1s: 178, 0s: 184
Client 5 of 5: Local Epoch [2/3] Loss: 0.7980, Accuracy: 56.08 %, Epsilon: 0.72, Delta: 0.0030
Predictions - 1s: 359, 0s: 2
True Labels - 1s: 200, 0s: 161
Client 2 of 5: Local Epoch [2/3] Loss: 1.4113, Accuracy: 55.96 %, Epsilon: 0.72, Delta: 0.0030
Predictions - 1s: 163, 0s: 198
True Labels - 1s: 186, 0s: 175
Client 4 of 5: Local Epoch [2/3] Loss: 0.8213, Accuracy: 52.08 %, Epsilon: 0.72, Delta: 0.0030
Predictions - 1s: 240, 0s: 122
True Labels - 1s: 178, 0s: 184
Client 5 of 5: Local Epoch [3/3] Loss: 0.9196, Accuracy: 53.04 %, Epsilon: 0.89, Delta: 0.0030
Predictions - 1s: 356, 0s: 5
True Labels - 1s: 200, 0s: 161
Client 2 of 5: Local Epoch [3/3] Loss: 1.3556, Accuracy: 55.12 %, Epsilon: 0.89, Delta: 0.0030
Predictions - 1s: 180, 0s: 181
True Labels - 1s: 186, 0s: 175
Client 4 of 5: Local Epoch [3/3] Loss: 0.7363, Accuracy: 59.00 %, Epsilon: 0.89, Delta: 0.0030
-------------------------------
Round [2/4] Average Local Loss: 1.0856, Average Local Accuracy: 55.48 %
-------------------------------
-------- Validation --------
Predictions - 1s: 452, 0s: 0
True Labels - 1s: 238, 0s: 214
Round [2/4] Global Model Validation Loss: 1.1463, Validation Accuracy: 52.65 %
-------- Validation finished --------

Round 3 of 4
-------------------------------
max_grad_norm:  1.5
max_grad_norm:  1.5
max_grad_norm:  1.5
max_grad_norm:  1.5
max_grad_norm:  1.5
Predictions - 1s: 333, 0s: 29
True Labels - 1s: 178, 0s: 184
Predictions - 1s: 293, 0s: 68
True Labels - 1s: 190, 0s: 171
Predictions - 1s: 342, 0s: 19
True Labels - 1s: 193, 0s: 168
Client 5 of 5: Local Epoch [1/3] Loss: 0.9890, Accuracy: 52.21 %, Epsilon: 0.50, Delta: 0.0030
Predictions - 1s: 297, 0s: 64
True Labels - 1s: 186, 0s: 175
Predictions - 1s: 334, 0s: 27
True Labels - 1s: 200, 0s: 161
Client 1 of 5: Local Epoch [1/3] Loss: 1.2119, Accuracy: 54.29 %, Epsilon: 0.50, Delta: 0.0030
Client 3 of 5: Local Epoch [1/3] Loss: 0.8099, Accuracy: 56.51 %, Epsilon: 0.50, Delta: 0.0030
Client 2 of 5: Local Epoch [1/3] Loss: 0.9266, Accuracy: 56.23 %, Epsilon: 0.50, Delta: 0.0030
Client 4 of 5: Local Epoch [1/3] Loss: 1.0108, Accuracy: 52.08 %, Epsilon: 0.50, Delta: 0.0030
Predictions - 1s: 187, 0s: 175
True Labels - 1s: 178, 0s: 184
Client 5 of 5: Local Epoch [2/3] Loss: 0.8867, Accuracy: 54.42 %, Epsilon: 0.72, Delta: 0.0030
Predictions - 1s: 168, 0s: 193
True Labels - 1s: 186, 0s: 175
Predictions - 1s: 338, 0s: 23
True Labels - 1s: 193, 0s: 168
Predictions - 1s: 352, 0s: 9
True Labels - 1s: 200, 0s: 161
Predictions - 1s: 166, 0s: 195
True Labels - 1s: 190, 0s: 171
Predictions - 1s: 131, 0s: 231
True Labels - 1s: 178, 0s: 184
Client 4 of 5: Local Epoch [2/3] Loss: 0.8426, Accuracy: 57.34 %, Epsilon: 0.72, Delta: 0.0030
Client 3 of 5: Local Epoch [2/3] Loss: 0.7747, Accuracy: 57.89 %, Epsilon: 0.72, Delta: 0.0030
Client 1 of 5: Local Epoch [2/3] Loss: 1.0871, Accuracy: 53.74 %, Epsilon: 0.72, Delta: 0.0030
Client 2 of 5: Local Epoch [2/3] Loss: 1.3913, Accuracy: 54.57 %, Epsilon: 0.72, Delta: 0.0030
Client 5 of 5: Local Epoch [3/3] Loss: 0.8963, Accuracy: 54.42 %, Epsilon: 0.89, Delta: 0.0030
Predictions - 1s: 237, 0s: 124
True Labels - 1s: 186, 0s: 175
Client 4 of 5: Local Epoch [3/3] Loss: 0.8579, Accuracy: 55.96 %, Epsilon: 0.89, Delta: 0.0030
Predictions - 1s: 233, 0s: 128
True Labels - 1s: 190, 0s: 171
Client 3 of 5: Local Epoch [3/3] Loss: 0.8314, Accuracy: 57.06 %, Epsilon: 0.89, Delta: 0.0030
Predictions - 1s: 352, 0s: 9
Predictions - 1s: 326, 0s: 35
True Labels - 1s: 200, 0s: 161
True Labels - 1s: 193, 0s: 168
Client 1 of 5: Local Epoch [3/3] Loss: 0.9994, Accuracy: 55.96 %, Epsilon: 0.89, Delta: 0.0030
Client 2 of 5: Local Epoch [3/3] Loss: 1.3342, Accuracy: 55.12 %, Epsilon: 0.89, Delta: 0.0030
-------------------------------
Round [3/4] Average Local Loss: 0.9838, Average Local Accuracy: 55.70 %
-------------------------------
-------- Validation --------
Predictions - 1s: 444, 0s: 8
True Labels - 1s: 238, 0s: 214
Round [3/4] Global Model Validation Loss: 0.8342, Validation Accuracy: 53.10 %
-------- Validation finished --------

Round 4 of 4
-------------------------------
max_grad_norm:  1.5
max_grad_norm:  1.5
max_grad_norm:  1.5
max_grad_norm:  1.5
max_grad_norm:  1.5
Predictions - 1s: 315, 0s: 46
True Labels - 1s: 186, 0s: 175
Predictions - 1s: 359, 0s: 2
True Labels - 1s: 200, 0s: 161
Predictions - 1s: 291, 0s: 70
True Labels - 1s: 190, 0s: 171
Predictions - 1s: 325, 0s: 36
Predictions - 1s: 298, 0s: 64
True Labels - 1s: 193, 0s: 168
True Labels - 1s: 178, 0s: 184
Client 4 of 5: Local Epoch [1/3] Loss: 1.0934, Accuracy: 54.29 %, Epsilon: 0.50, Delta: 0.0030
Client 2 of 5: Local Epoch [1/3] Loss: 1.3054, Accuracy: 55.96 %, Epsilon: 0.50, Delta: 0.0030
Client 5 of 5: Local Epoch [1/3] Loss: 1.0695, Accuracy: 46.41 %, Epsilon: 0.50, Delta: 0.0030
Client 1 of 5: Local Epoch [1/3] Loss: 1.0292, Accuracy: 52.91 %, Epsilon: 0.50, Delta: 0.0030
Client 3 of 5: Local Epoch [1/3] Loss: 0.8829, Accuracy: 53.74 %, Epsilon: 0.50, Delta: 0.0030
Predictions - 1s: 202, 0s: 160
True Labels - 1s: 178, 0s: 184
Predictions - 1s: 346, 0s: 15
True Labels - 1s: 200, 0s: 161
Predictions - 1s: 314, 0s: 47
True Labels - 1s: 186, 0s: 175
Client 5 of 5: Local Epoch [2/3] Loss: 0.8650, Accuracy: 54.70 %, Epsilon: 0.72, Delta: 0.0030
Client 2 of 5: Local Epoch [2/3] Loss: 1.3738, Accuracy: 55.68 %, Epsilon: 0.72, Delta: 0.0030
Client 4 of 5: Local Epoch [2/3] Loss: 1.1118, Accuracy: 54.02 %, Epsilon: 0.72, Delta: 0.0030
Predictions - 1s: 120, 0s: 241
True Labels - 1s: 190, 0s: 171
Predictions - 1s: 205, 0s: 156
True Labels - 1s: 193, 0s: 168
Client 3 of 5: Local Epoch [2/3] Loss: 0.9605, Accuracy: 52.91 %, Epsilon: 0.72, Delta: 0.0030
Client 1 of 5: Local Epoch [2/3] Loss: 0.8065, Accuracy: 57.34 %, Epsilon: 0.72, Delta: 0.0030
Predictions - 1s: 243, 0s: 119
True Labels - 1s: 178, 0s: 184
Predictions - 1s: 306, 0s: 55
True Labels - 1s: 186, 0s: 175
Client 5 of 5: Local Epoch [3/3] Loss: 0.9018, Accuracy: 56.08 %, Epsilon: 0.89, Delta: 0.0030
Predictions - 1s: 339, 0s: 22
True Labels - 1s: 200, 0s: 161
Client 4 of 5: Local Epoch [3/3] Loss: 0.9394, Accuracy: 56.79 %, Epsilon: 0.89, Delta: 0.0030
Client 2 of 5: Local Epoch [3/3] Loss: 1.2666, Accuracy: 57.06 %, Epsilon: 0.89, Delta: 0.0030
Predictions - 1s: 242, 0s: 119
True Labels - 1s: 193, 0s: 168
Predictions - 1s: 139, 0s: 222
True Labels - 1s: 190, 0s: 171
Client 1 of 5: Local Epoch [3/3] Loss: 0.8846, Accuracy: 58.17 %, Epsilon: 0.89, Delta: 0.0030
Client 3 of 5: Local Epoch [3/3] Loss: 0.8339, Accuracy: 57.62 %, Epsilon: 0.89, Delta: 0.0030
-------------------------------
Round [4/4] Average Local Loss: 0.9653, Average Local Accuracy: 57.14 %
-------------------------------
-------- Validation --------
Predictions - 1s: 400, 0s: 52
True Labels - 1s: 238, 0s: 214
Round [4/4] Global Model Validation Loss: 0.6813, Validation Accuracy: 59.29 %
-------- Validation finished --------
Updated best model in round 4 saved with Validation Loss: 0.6813 and Validation Accuracy: 59.29 %
-------------------------------
Best model in round 4 saved with Validation Loss: 0.6813 and Validation Accuracy: 59.29 %

-------- Training finished in 8:20 --------

Test flag enabled. Testing the model

-------- Loading best model from model_path --------
Loaded model bert-small from date 21-04-2024 00:22. Trained with Federated Learning technology.
Round 4, lr: 0.006, optimizer: AdamW
Average train accuracy: 57.14 %, Validation accuracy: 59.29 %
-------- Best model loaded --------

-------- Creating Test Dataloader --------
Test Loader: 564 total sentences. 71 batches of size 8.
-------- Test Dataloader created --------

-------- Testing --------
Predictions - 1s: 493, 0s: 71
True Labels - 1s: 296, 0s: 268
Nº of test samples: 564
Accuracy: 59.04%
Accuracy 2 : 59.04%
Precision: 66.32%
Recall: 57.20%
F1 Score: 51.29%
Classification report:
              precision    recall  f1-score   support

           0     0.7606    0.2015    0.3186       268
           1     0.5659    0.9426    0.7072       296

    accuracy                         0.5904       564
   macro avg     0.6632    0.5720    0.5129       564
weighted avg     0.6584    0.5904    0.5226       564

-------- Testing finished --------
