Current configuration:
{
    "concurrency_flag": true,
    "data_distribution": "iid",
    "dataset": "mixed_depression",
    "device": "cuda",
    "dp_delta": 0.003,
    "dp_epsilon": 0.5,
    "eval_batch_size": 4,
    "eval_flag": true,
    "eval_size": 0.2,
    "fed_alg": "fedavg",
    "layers": 3,
    "learning_rate": 0.006,
    "max_length": 512,
    "ml_mode": "bcfl",
    "model": "bert_small",
    "model_name": "bcfl_0.5_seed7_mixed_depression",
    "models_path": "/local/vpaloma/fabric-federated-learning/ablation_study/phase-4/final/dp/mixed_depression",
    "mu": 0.5,
    "num_clients": 5,
    "num_epochs": 3,
    "num_rounds": 4,
    "optimizer": "AdamW",
    "progress_bar_flag": false,
    "save_model": true,
    "scheduler": "linear",
    "scheduler_warmup_steps": 0,
    "seed": "random",
    "test_flag": true,
    "train_batch_size": 4,
    "train_size": 0.8
}
-------- Configuration loaded --------

-------- Setting device --------
cuda device selected and available.
-------- Device set --------

-------- Setting seed --------
seed set:  353310
-------- Seed set --------

-------- Creating Model --------
-------- Model created --------

-------- Setting Trainable Layers --------
Training the last 3 layers.

Total parameters count: 28764674
Trainable parameters count: 3416066
-------- Trainable Layers set --------

-------- Creating Tokenizer --------
-------- Tokenizer created --------

-------- Creating Train and Eval Dataloaders --------
Train Loader: 1806 total sentences. 452 batches of size 4.
Eval Loader: 452 total sentences. 113 batches of size 4.
-------- Train and Eval Dataloaders created --------

-------- Training --------
Training with Blockchain-Based Federated Learning technology.
Training with differential privacy.
Federated averaging algorithm selected.
Client 0: Label 0: 182, Label 1: 179
Client 1: Label 0: 161, Label 1: 200
Client 2: Label 0: 171, Label 1: 190
Client 3: Label 0: 168, Label 1: 193
Client 4: Label 0: 170, Label 1: 192

Round 1 of 4
-------------------------------
max_grad_norm:  1.5
max_grad_norm:  1.5
max_grad_norm:  1.5
max_grad_norm:  1.5
max_grad_norm:  1.5
Predictions - 1s: 337, 0s: 24
True Labels - 1s: 200, 0s: 161
Predictions - 1s: 215, 0s: 146
True Labels - 1s: 190, 0s: 171
Predictions - 1s: 60, 0s: 302
True Labels - 1s: 192, 0s: 170
Predictions - 1s: 171, 0s: 190
True Labels - 1s: 193, 0s: 168
Predictions - 1s: 141, 0s: 220
True Labels - 1s: 179, 0s: 182
Client 2 of 5: Local Epoch [1/3] Loss: 1.1297, Accuracy: 54.85 %, Epsilon: 0.50, Delta: 0.0030
Client 5 of 5: Local Epoch [1/3] Loss: 0.7658, Accuracy: 52.49 %, Epsilon: 0.50, Delta: 0.0030
Client 4 of 5: Local Epoch [1/3] Loss: 0.8433, Accuracy: 54.57 %, Epsilon: 0.50, Delta: 0.0030
Client 3 of 5: Local Epoch [1/3] Loss: 0.8163, Accuracy: 54.85 %, Epsilon: 0.50, Delta: 0.0030
Client 1 of 5: Local Epoch [1/3] Loss: 0.7745, Accuracy: 49.58 %, Epsilon: 0.50, Delta: 0.0030
Predictions - 1s: 356, 0s: 5
True Labels - 1s: 200, 0s: 161
Client 2 of 5: Local Epoch [2/3] Loss: 1.1943, Accuracy: 55.68 %, Epsilon: 0.72, Delta: 0.0030
Predictions - 1s: 300, 0s: 62
True Labels - 1s: 192, 0s: 170
Client 5 of 5: Local Epoch [2/3] Loss: 0.8779, Accuracy: 55.80 %, Epsilon: 0.72, Delta: 0.0030
Predictions - 1s: 355, 0s: 6
True Labels - 1s: 200, 0s: 161
Client 2 of 5: Local Epoch [3/3] Loss: 1.2300, Accuracy: 55.96 %, Epsilon: 0.89, Delta: 0.0030
Predictions - 1s: 145, 0s: 216
True Labels - 1s: 179, 0s: 182
Predictions - 1s: 284, 0s: 77
True Labels - 1s: 193, 0s: 168
Predictions - 1s: 258, 0s: 103
True Labels - 1s: 190, 0s: 171
Client 3 of 5: Local Epoch [2/3] Loss: 0.6901, Accuracy: 57.34 %, Epsilon: 0.72, Delta: 0.0030
Client 1 of 5: Local Epoch [2/3] Loss: 0.7551, Accuracy: 56.79 %, Epsilon: 0.72, Delta: 0.0030
Client 4 of 5: Local Epoch [2/3] Loss: 0.7703, Accuracy: 55.96 %, Epsilon: 0.72, Delta: 0.0030
Predictions - 1s: 342, 0s: 20
True Labels - 1s: 192, 0s: 170
Client 5 of 5: Local Epoch [3/3] Loss: 0.9156, Accuracy: 56.91 %, Epsilon: 0.89, Delta: 0.0030
Predictions - 1s: 204, 0s: 157
True Labels - 1s: 179, 0s: 182
Client 1 of 5: Local Epoch [3/3] Loss: 0.7015, Accuracy: 59.28 %, Epsilon: 0.89, Delta: 0.0030
Predictions - 1s: 287, 0s: 74
True Labels - 1s: 190, 0s: 171
Client 3 of 5: Local Epoch [3/3] Loss: 0.7954, Accuracy: 56.51 %, Epsilon: 0.89, Delta: 0.0030
Predictions - 1s: 278, 0s: 83
True Labels - 1s: 193, 0s: 168
Client 4 of 5: Local Epoch [3/3] Loss: 0.7513, Accuracy: 61.50 %, Epsilon: 0.89, Delta: 0.0030
-------------------------------
Round [1/4] Average Local Loss: 0.8788, Average Local Accuracy: 58.03 %
-------------------------------
-------- Validation --------
Predictions - 1s: 413, 0s: 39
True Labels - 1s: 231, 0s: 221
Round [1/4] Global Model Validation Loss: 0.6749, Validation Accuracy: 55.31 %
-------- Validation finished --------
Updated best model in round 1 saved with Validation Loss: 0.6749 and Validation Accuracy: 55.31 %
-------------------------------

Round 2 of 4
-------------------------------
max_grad_norm:  1.5
max_grad_norm:  1.5
max_grad_norm:  1.5
max_grad_norm:  1.5
max_grad_norm:  1.5
Predictions - 1s: 355, 0s: 6
True Labels - 1s: 193, 0s: 168
Client 4 of 5: Local Epoch [1/3] Loss: 1.0065, Accuracy: 55.12 %, Epsilon: 0.50, Delta: 0.0030
Predictions - 1s: 330, 0s: 31
True Labels - 1s: 193, 0s: 168
Client 4 of 5: Local Epoch [2/3] Loss: 1.0473, Accuracy: 57.06 %, Epsilon: 0.72, Delta: 0.0030
Predictions - 1s: 222, 0s: 139
True Labels - 1s: 190, 0s: 171
Predictions - 1s: 344, 0s: 17
True Labels - 1s: 200, 0s: 161
Predictions - 1s: 274, 0s: 87
True Labels - 1s: 179, 0s: 182
Predictions - 1s: 322, 0s: 40
True Labels - 1s: 192, 0s: 170
Client 1 of 5: Local Epoch [1/3] Loss: 0.7306, Accuracy: 57.62 %, Epsilon: 0.50, Delta: 0.0030
Client 3 of 5: Local Epoch [1/3] Loss: 0.7415, Accuracy: 56.79 %, Epsilon: 0.50, Delta: 0.0030
Client 2 of 5: Local Epoch [1/3] Loss: 1.1268, Accuracy: 57.34 %, Epsilon: 0.50, Delta: 0.0030
Client 5 of 5: Local Epoch [1/3] Loss: 1.0199, Accuracy: 54.14 %, Epsilon: 0.50, Delta: 0.0030
Predictions - 1s: 350, 0s: 11
True Labels - 1s: 193, 0s: 168
Client 4 of 5: Local Epoch [3/3] Loss: 1.2152, Accuracy: 55.96 %, Epsilon: 0.89, Delta: 0.0030
Predictions - 1s: 213, 0s: 148
True Labels - 1s: 190, 0s: 171
Client 3 of 5: Local Epoch [2/3] Loss: 0.8584, Accuracy: 53.19 %, Epsilon: 0.72, Delta: 0.0030
Predictions - 1s: 360, 0s: 2
True Labels - 1s: 192, 0s: 170
Client 5 of 5: Local Epoch [2/3] Loss: 1.3372, Accuracy: 53.59 %, Epsilon: 0.72, Delta: 0.0030
Predictions - 1s: 275, 0s: 86
True Labels - 1s: 190, 0s: 171
Client 3 of 5: Local Epoch [3/3] Loss: 0.9375, Accuracy: 57.06 %, Epsilon: 0.89, Delta: 0.0030
Predictions - 1s: 317, 0s: 44
True Labels - 1s: 200, 0s: 161
Client 2 of 5: Local Epoch [2/3] Loss: 0.9499, Accuracy: 56.51 %, Epsilon: 0.72, Delta: 0.0030
Predictions - 1s: 242, 0s: 119
True Labels - 1s: 179, 0s: 182
Client 1 of 5: Local Epoch [2/3] Loss: 0.7552, Accuracy: 58.73 %, Epsilon: 0.72, Delta: 0.0030
Predictions - 1s: 351, 0s: 11
True Labels - 1s: 192, 0s: 170
Client 5 of 5: Local Epoch [3/3] Loss: 1.3375, Accuracy: 52.21 %, Epsilon: 0.89, Delta: 0.0030
Predictions - 1s: 355, 0s: 6
True Labels - 1s: 200, 0s: 161
Client 2 of 5: Local Epoch [3/3] Loss: 1.1883, Accuracy: 57.06 %, Epsilon: 0.89, Delta: 0.0030
Predictions - 1s: 181, 0s: 180
True Labels - 1s: 179, 0s: 182
Client 1 of 5: Local Epoch [3/3] Loss: 0.7125, Accuracy: 61.22 %, Epsilon: 0.89, Delta: 0.0030
-------------------------------
Round [2/4] Average Local Loss: 1.0782, Average Local Accuracy: 56.70 %
-------------------------------
-------- Validation --------
Predictions - 1s: 452, 0s: 0
True Labels - 1s: 231, 0s: 221
Round [2/4] Global Model Validation Loss: 1.1959, Validation Accuracy: 51.11 %
-------- Validation finished --------

Round 3 of 4
-------------------------------
max_grad_norm:  1.5
max_grad_norm:  1.5
max_grad_norm:  1.5
max_grad_norm:  1.5
max_grad_norm:  1.5
Predictions - 1s: 352, 0s: 9
True Labels - 1s: 190, 0s: 171
Predictions - 1s: 341, 0s: 20
True Labels - 1s: 193, 0s: 168
Predictions - 1s: 302, 0s: 59
True Labels - 1s: 179, 0s: 182
Predictions - 1s: 344, 0s: 18
True Labels - 1s: 192, 0s: 170
Client 3 of 5: Local Epoch [1/3] Loss: 1.2901, Accuracy: 53.46 %, Epsilon: 0.50, Delta: 0.0030
Client 5 of 5: Local Epoch [1/3] Loss: 0.9707, Accuracy: 53.59 %, Epsilon: 0.50, Delta: 0.0030
Predictions - 1s: 340, 0s: 21
True Labels - 1s: 200, 0s: 161
Client 1 of 5: Local Epoch [1/3] Loss: 0.9937, Accuracy: 49.31 %, Epsilon: 0.50, Delta: 0.0030
Client 4 of 5: Local Epoch [1/3] Loss: 1.2333, Accuracy: 54.57 %, Epsilon: 0.50, Delta: 0.0030
Client 2 of 5: Local Epoch [1/3] Loss: 1.0919, Accuracy: 56.23 %, Epsilon: 0.50, Delta: 0.0030
Predictions - 1s: 297, 0s: 65
True Labels - 1s: 192, 0s: 170
Predictions - 1s: 134, 0s: 227
True Labels - 1s: 179, 0s: 182
Predictions - 1s: 355, 0s: 6
True Labels - 1s: 200, 0s: 161
Predictions - 1s: 199, 0s: 162
True Labels - 1s: 190, 0s: 171
Predictions - 1s: 350, 0s: 11
True Labels - 1s: 193, 0s: 168
Client 1 of 5: Local Epoch [2/3] Loss: 0.8660, Accuracy: 54.29 %, Epsilon: 0.72, Delta: 0.0030
Client 5 of 5: Local Epoch [2/3] Loss: 0.8715, Accuracy: 58.84 %, Epsilon: 0.72, Delta: 0.0030
Client 3 of 5: Local Epoch [2/3] Loss: 0.7515, Accuracy: 63.16 %, Epsilon: 0.72, Delta: 0.0030
Client 4 of 5: Local Epoch [2/3] Loss: 1.3253, Accuracy: 54.85 %, Epsilon: 0.72, Delta: 0.0030
Client 2 of 5: Local Epoch [2/3] Loss: 1.3236, Accuracy: 54.85 %, Epsilon: 0.72, Delta: 0.0030
Predictions - 1s: 114, 0s: 247
True Labels - 1s: 179, 0s: 182
Client 1 of 5: Local Epoch [3/3] Loss: 0.8884, Accuracy: 52.08 %, Epsilon: 0.89, Delta: 0.0030
Predictions - 1s: 246, 0s: 116
True Labels - 1s: 192, 0s: 170
Predictions - 1s: 209, 0s: 152
True Labels - 1s: 190, 0s: 171
Predictions - 1s: 343, 0s: 18
True Labels - 1s: 193, 0s: 168
Predictions - 1s: 349, 0s: 12
True Labels - 1s: 200, 0s: 161
Client 5 of 5: Local Epoch [3/3] Loss: 0.9030, Accuracy: 52.49 %, Epsilon: 0.89, Delta: 0.0030
Client 3 of 5: Local Epoch [3/3] Loss: 0.7387, Accuracy: 63.71 %, Epsilon: 0.89, Delta: 0.0030
Client 2 of 5: Local Epoch [3/3] Loss: 1.4324, Accuracy: 55.40 %, Epsilon: 0.89, Delta: 0.0030
Client 4 of 5: Local Epoch [3/3] Loss: 1.1751, Accuracy: 54.57 %, Epsilon: 0.89, Delta: 0.0030
-------------------------------
Round [3/4] Average Local Loss: 1.0275, Average Local Accuracy: 55.65 %
-------------------------------
-------- Validation --------
Predictions - 1s: 449, 0s: 3
True Labels - 1s: 231, 0s: 221
Round [3/4] Global Model Validation Loss: 1.0553, Validation Accuracy: 51.77 %
-------- Validation finished --------

Round 4 of 4
-------------------------------
max_grad_norm:  1.5
max_grad_norm:  1.5
max_grad_norm:  1.5
max_grad_norm:  1.5
max_grad_norm:  1.5
Predictions - 1s: 256, 0s: 106
True Labels - 1s: 192, 0s: 170
Client 5 of 5: Local Epoch [1/3] Loss: 0.8169, Accuracy: 55.25 %, Epsilon: 0.50, Delta: 0.0030
Predictions - 1s: 291, 0s: 70
True Labels - 1s: 200, 0s: 161
Predictions - 1s: 352, 0s: 9
True Labels - 1s: 179, 0s: 182
Predictions - 1s: 340, 0s: 21
True Labels - 1s: 193, 0s: 168
Predictions - 1s: 327, 0s: 34
True Labels - 1s: 190, 0s: 171
Client 2 of 5: Local Epoch [1/3] Loss: 0.9086, Accuracy: 55.40 %, Epsilon: 0.50, Delta: 0.0030
Client 1 of 5: Local Epoch [1/3] Loss: 1.3909, Accuracy: 51.52 %, Epsilon: 0.50, Delta: 0.0030
Client 4 of 5: Local Epoch [1/3] Loss: 1.1254, Accuracy: 54.29 %, Epsilon: 0.50, Delta: 0.0030
Predictions - 1s: 326, 0s: 36
True Labels - 1s: 192, 0s: 170
Client 3 of 5: Local Epoch [1/3] Loss: 1.0045, Accuracy: 52.63 %, Epsilon: 0.50, Delta: 0.0030
Client 5 of 5: Local Epoch [2/3] Loss: 1.2834, Accuracy: 50.28 %, Epsilon: 0.72, Delta: 0.0030
Predictions - 1s: 345, 0s: 17
True Labels - 1s: 192, 0s: 170
Client 5 of 5: Local Epoch [3/3] Loss: 1.3377, Accuracy: 53.31 %, Epsilon: 0.89, Delta: 0.0030
Predictions - 1s: 242, 0s: 119
True Labels - 1s: 179, 0s: 182
Predictions - 1s: 341, 0s: 20
True Labels - 1s: 200, 0s: 161
Client 1 of 5: Local Epoch [2/3] Loss: 0.9934, Accuracy: 52.08 %, Epsilon: 0.72, Delta: 0.0030
Client 2 of 5: Local Epoch [2/3] Loss: 1.0631, Accuracy: 56.51 %, Epsilon: 0.72, Delta: 0.0030
Predictions - 1s: 331, 0s: 30
True Labels - 1s: 193, 0s: 168
Predictions - 1s: 322, 0s: 39
True Labels - 1s: 190, 0s: 171
Client 3 of 5: Local Epoch [2/3] Loss: 1.2373, Accuracy: 52.35 %, Epsilon: 0.72, Delta: 0.0030
Client 4 of 5: Local Epoch [2/3] Loss: 1.1644, Accuracy: 55.12 %, Epsilon: 0.72, Delta: 0.0030
Predictions - 1s: 144, 0s: 217
True Labels - 1s: 179, 0s: 182
Client 1 of 5: Local Epoch [3/3] Loss: 0.8287, Accuracy: 58.17 %, Epsilon: 0.89, Delta: 0.0030
Predictions - 1s: 335, 0s: 26
True Labels - 1s: 200, 0s: 161
Client 2 of 5: Local Epoch [3/3] Loss: 1.1542, Accuracy: 58.73 %, Epsilon: 0.89, Delta: 0.0030
Predictions - 1s: 339, 0s: 22
True Labels - 1s: 193, 0s: 168
Predictions - 1s: 302, 0s: 59
True Labels - 1s: 190, 0s: 171
Client 3 of 5: Local Epoch [3/3] Loss: 1.0636, Accuracy: 54.57 %, Epsilon: 0.89, Delta: 0.0030
Client 4 of 5: Local Epoch [3/3] Loss: 1.2614, Accuracy: 55.12 %, Epsilon: 0.89, Delta: 0.0030
-------------------------------
Round [4/4] Average Local Loss: 1.1291, Average Local Accuracy: 55.98 %
-------------------------------
-------- Validation --------
Predictions - 1s: 445, 0s: 7
True Labels - 1s: 231, 0s: 221
Round [4/4] Global Model Validation Loss: 1.0618, Validation Accuracy: 52.21 %
-------- Validation finished --------
Best model in round 1 saved with Validation Loss: 0.6749 and Validation Accuracy: 55.31 %

-------- Training finished in 8:10 --------

Test flag enabled. Testing the model

-------- Loading best model from model_path --------
Loaded model bert-small from date 21-04-2024 01:01. Trained with Federated Learning technology.
Round 1, lr: 0.006, optimizer: AdamW
Average train accuracy: 58.03 %, Validation accuracy: 55.31 %
-------- Best model loaded --------

-------- Creating Test Dataloader --------
Test Loader: 564 total sentences. 71 batches of size 8.
-------- Test Dataloader created --------

-------- Testing --------
Predictions - 1s: 508, 0s: 56
True Labels - 1s: 296, 0s: 268
Nº of test samples: 564
Accuracy: 58.16%
Accuracy 2 : 58.16%
Precision: 67.24%
Recall: 56.18%
F1 Score: 48.90%
Classification report:
              precision    recall  f1-score   support

           0     0.7857    0.1642    0.2716       268
           1     0.5591    0.9595    0.7065       296

    accuracy                         0.5816       564
   macro avg     0.6724    0.5618    0.4890       564
weighted avg     0.6668    0.5816    0.4998       564

-------- Testing finished --------
