Current configuration:
{
    "concurrency_flag": true,
    "data_distribution": "iid",
    "dataset": "mixed_depression",
    "device": "cuda",
    "dp_delta": 0.003,
    "dp_epsilon": 10,
    "eval_batch_size": 4,
    "eval_flag": true,
    "eval_size": 0.2,
    "fed_alg": "fedavg",
    "layers": 3,
    "learning_rate": 0.006,
    "max_length": 512,
    "ml_mode": "bcfl",
    "model": "bert_small",
    "model_name": "bcfl_10_seed2_mixed_depression",
    "models_path": "/local/vpaloma/fabric-federated-learning/ablation_study/phase-4/final/dp/mixed_depression",
    "mu": 0.5,
    "num_clients": 5,
    "num_epochs": 3,
    "num_rounds": 4,
    "optimizer": "AdamW",
    "progress_bar_flag": false,
    "save_model": true,
    "scheduler": "linear",
    "scheduler_warmup_steps": 0,
    "seed": "random",
    "test_flag": true,
    "train_batch_size": 4,
    "train_size": 0.8
}
-------- Configuration loaded --------

-------- Setting device --------
cuda device selected and available.
-------- Device set --------

-------- Setting seed --------
seed set:  48876
-------- Seed set --------

-------- Creating Model --------
-------- Model created --------

-------- Setting Trainable Layers --------
Training the last 3 layers.

Total parameters count: 28764674
Trainable parameters count: 3416066
-------- Trainable Layers set --------

-------- Creating Tokenizer --------
-------- Tokenizer created --------

-------- Creating Train and Eval Dataloaders --------
Train Loader: 1806 total sentences. 452 batches of size 4.
Eval Loader: 452 total sentences. 113 batches of size 4.
-------- Train and Eval Dataloaders created --------

-------- Training --------
Training with Blockchain-Based Federated Learning technology.
Training with differential privacy.
Federated averaging algorithm selected.
Client 0: Label 0: 170, Label 1: 191
Client 1: Label 0: 165, Label 1: 196
Client 2: Label 0: 176, Label 1: 185
Client 3: Label 0: 175, Label 1: 186
Client 4: Label 0: 170, Label 1: 192

Round 1 of 4
-------------------------------
max_grad_norm:  1.5
max_grad_norm:  1.5
max_grad_norm:  1.5
max_grad_norm:  1.5
max_grad_norm:  1.5
Predictions - 1s: 187, 0s: 174
True Labels - 1s: 186, 0s: 175
Client 4 of 5: Local Epoch [1/3] Loss: 1.1160, Accuracy: 52.08 %, Epsilon: 9.99, Delta: 0.0030
Predictions - 1s: 315, 0s: 47
True Labels - 1s: 192, 0s: 170
Predictions - 1s: 328, 0s: 33
True Labels - 1s: 191, 0s: 170
Predictions - 1s: 334, 0s: 27
True Labels - 1s: 196, 0s: 165
Predictions - 1s: 203, 0s: 158
True Labels - 1s: 185, 0s: 176
Client 5 of 5: Local Epoch [1/3] Loss: 0.9036, Accuracy: 56.08 %, Epsilon: 9.99, Delta: 0.0030
Client 3 of 5: Local Epoch [1/3] Loss: 0.9090, Accuracy: 56.23 %, Epsilon: 9.99, Delta: 0.0030
Client 2 of 5: Local Epoch [1/3] Loss: 1.1100, Accuracy: 56.79 %, Epsilon: 9.99, Delta: 0.0030
Client 1 of 5: Local Epoch [1/3] Loss: 1.0945, Accuracy: 53.74 %, Epsilon: 9.99, Delta: 0.0030
Predictions - 1s: 307, 0s: 54
True Labels - 1s: 186, 0s: 175
Client 4 of 5: Local Epoch [2/3] Loss: 0.8908, Accuracy: 58.73 %, Epsilon: 13.45, Delta: 0.0030
Predictions - 1s: 272, 0s: 90
True Labels - 1s: 192, 0s: 170
Client 5 of 5: Local Epoch [2/3] Loss: 1.0460, Accuracy: 60.22 %, Epsilon: 13.45, Delta: 0.0030
Predictions - 1s: 181, 0s: 180
True Labels - 1s: 186, 0s: 175
Client 4 of 5: Local Epoch [3/3] Loss: 0.6358, Accuracy: 74.24 %, Epsilon: 16.29, Delta: 0.0030
Predictions - 1s: 332, 0s: 29
True Labels - 1s: 196, 0s: 165
Client 2 of 5: Local Epoch [2/3] Loss: 1.0294, Accuracy: 57.34 %, Epsilon: 13.45, Delta: 0.0030
Predictions - 1s: 250, 0s: 111
True Labels - 1s: 191, 0s: 170
Predictions - 1s: 180, 0s: 181
True Labels - 1s: 185, 0s: 176
Client 3 of 5: Local Epoch [2/3] Loss: 0.5795, Accuracy: 70.91 %, Epsilon: 13.45, Delta: 0.0030
Client 1 of 5: Local Epoch [2/3] Loss: 0.7960, Accuracy: 61.50 %, Epsilon: 13.45, Delta: 0.0030
Predictions - 1s: 202, 0s: 160
True Labels - 1s: 192, 0s: 170
Client 5 of 5: Local Epoch [3/3] Loss: 0.6406, Accuracy: 69.61 %, Epsilon: 16.29, Delta: 0.0030
Predictions - 1s: 344, 0s: 17
True Labels - 1s: 196, 0s: 165
Client 2 of 5: Local Epoch [3/3] Loss: 1.1491, Accuracy: 56.79 %, Epsilon: 16.29, Delta: 0.0030
Predictions - 1s: 206, 0s: 155
True Labels - 1s: 185, 0s: 176
Client 3 of 5: Local Epoch [3/3] Loss: 0.5870, Accuracy: 73.13 %, Epsilon: 16.29, Delta: 0.0030
Predictions - 1s: 286, 0s: 75
True Labels - 1s: 191, 0s: 170
Client 1 of 5: Local Epoch [3/3] Loss: 0.7345, Accuracy: 64.82 %, Epsilon: 16.29, Delta: 0.0030
-------------------------------
Round [1/4] Average Local Loss: 0.7494, Average Local Accuracy: 67.72 %
-------------------------------
-------- Validation --------
Predictions - 1s: 452, 0s: 0
True Labels - 1s: 235, 0s: 217
Round [1/4] Global Model Validation Loss: 1.3110, Validation Accuracy: 51.99 %
-------- Validation finished --------
Updated best model in round 1 saved with Validation Loss: 1.3110 and Validation Accuracy: 51.99 %
-------------------------------

Round 2 of 4
-------------------------------
max_grad_norm:  1.5
max_grad_norm:  1.5
max_grad_norm:  1.5
max_grad_norm:  1.5
max_grad_norm:  1.5
Predictions - 1s: 223, 0s: 138
True Labels - 1s: 186, 0s: 175
Predictions - 1s: 191, 0s: 171
True Labels - 1s: 192, 0s: 170
Client 5 of 5: Local Epoch [1/3] Loss: 0.7812, Accuracy: 61.05 %, Epsilon: 9.99, Delta: 0.0030
Client 4 of 5: Local Epoch [1/3] Loss: 1.0082, Accuracy: 53.74 %, Epsilon: 9.99, Delta: 0.0030
Predictions - 1s: 316, 0s: 45
True Labels - 1s: 191, 0s: 170
Predictions - 1s: 249, 0s: 112
True Labels - 1s: 185, 0s: 176
Client 3 of 5: Local Epoch [1/3] Loss: 0.7012, Accuracy: 64.54 %, Epsilon: 9.99, Delta: 0.0030
Client 1 of 5: Local Epoch [1/3] Loss: 0.9433, Accuracy: 57.06 %, Epsilon: 9.99, Delta: 0.0030
Predictions - 1s: 334, 0s: 27
True Labels - 1s: 196, 0s: 165
Client 2 of 5: Local Epoch [1/3] Loss: 1.0335, Accuracy: 56.23 %, Epsilon: 9.99, Delta: 0.0030
Predictions - 1s: 198, 0s: 164
True Labels - 1s: 192, 0s: 170
Client 5 of 5: Local Epoch [2/3] Loss: 0.7759, Accuracy: 59.12 %, Epsilon: 13.45, Delta: 0.0030
Predictions - 1s: 255, 0s: 106
True Labels - 1s: 186, 0s: 175
Client 4 of 5: Local Epoch [2/3] Loss: 0.8343, Accuracy: 58.73 %, Epsilon: 13.45, Delta: 0.0030
Predictions - 1s: 257, 0s: 105
True Labels - 1s: 192, 0s: 170
Client 5 of 5: Local Epoch [3/3] Loss: 0.7407, Accuracy: 64.92 %, Epsilon: 16.29, Delta: 0.0030
Predictions - 1s: 255, 0s: 106
True Labels - 1s: 191, 0s: 170
Predictions - 1s: 229, 0s: 132
True Labels - 1s: 185, 0s: 176
Client 1 of 5: Local Epoch [2/3] Loss: 0.7937, Accuracy: 62.33 %, Epsilon: 13.45, Delta: 0.0030
Client 3 of 5: Local Epoch [2/3] Loss: 0.6843, Accuracy: 67.87 %, Epsilon: 13.45, Delta: 0.0030
Predictions - 1s: 242, 0s: 119
True Labels - 1s: 186, 0s: 175
Client 4 of 5: Local Epoch [3/3] Loss: 0.7764, Accuracy: 65.65 %, Epsilon: 16.29, Delta: 0.0030
Predictions - 1s: 325, 0s: 36
True Labels - 1s: 196, 0s: 165
Client 2 of 5: Local Epoch [2/3] Loss: 1.1416, Accuracy: 55.96 %, Epsilon: 13.45, Delta: 0.0030
Predictions - 1s: 250, 0s: 111
True Labels - 1s: 191, 0s: 170
Predictions - 1s: 205, 0s: 156
True Labels - 1s: 185, 0s: 176
Client 3 of 5: Local Epoch [3/3] Loss: 0.6745, Accuracy: 69.53 %, Epsilon: 16.29, Delta: 0.0030
Client 1 of 5: Local Epoch [3/3] Loss: 0.7214, Accuracy: 67.04 %, Epsilon: 16.29, Delta: 0.0030
Predictions - 1s: 273, 0s: 88
True Labels - 1s: 196, 0s: 165
Client 2 of 5: Local Epoch [3/3] Loss: 0.7218, Accuracy: 63.71 %, Epsilon: 16.29, Delta: 0.0030
-------------------------------
Round [2/4] Average Local Loss: 0.7269, Average Local Accuracy: 66.17 %
-------------------------------
-------- Validation --------
Predictions - 1s: 296, 0s: 156
True Labels - 1s: 235, 0s: 217
Round [2/4] Global Model Validation Loss: 0.5534, Validation Accuracy: 72.79 %
-------- Validation finished --------
Updated best model in round 2 saved with Validation Loss: 0.5534 and Validation Accuracy: 72.79 %
-------------------------------

Round 3 of 4
-------------------------------
max_grad_norm:  1.5
max_grad_norm:  1.5
max_grad_norm:  1.5
max_grad_norm:  1.5
max_grad_norm:  1.5
Predictions - 1s: 348, 0s: 13
True Labels - 1s: 185, 0s: 176
Client 3 of 5: Local Epoch [1/3] Loss: 1.1587, Accuracy: 54.85 %, Epsilon: 9.99, Delta: 0.0030
Predictions - 1s: 157, 0s: 204
True Labels - 1s: 191, 0s: 170
Predictions - 1s: 187, 0s: 174
True Labels - 1s: 196, 0s: 165
Predictions - 1s: 281, 0s: 81
True Labels - 1s: 192, 0s: 170
Client 1 of 5: Local Epoch [1/3] Loss: 0.7549, Accuracy: 61.77 %, Epsilon: 9.99, Delta: 0.0030
Client 2 of 5: Local Epoch [1/3] Loss: 0.7544, Accuracy: 65.37 %, Epsilon: 9.99, Delta: 0.0030
Client 5 of 5: Local Epoch [1/3] Loss: 0.8155, Accuracy: 59.39 %, Epsilon: 9.99, Delta: 0.0030
Predictions - 1s: 213, 0s: 148
True Labels - 1s: 186, 0s: 175
Client 4 of 5: Local Epoch [1/3] Loss: 0.6912, Accuracy: 68.14 %, Epsilon: 9.99, Delta: 0.0030
Predictions - 1s: 155, 0s: 206
True Labels - 1s: 185, 0s: 176
Client 3 of 5: Local Epoch [2/3] Loss: 0.8939, Accuracy: 57.89 %, Epsilon: 13.45, Delta: 0.0030
Predictions - 1s: 185, 0s: 177
True Labels - 1s: 192, 0s: 170
Client 5 of 5: Local Epoch [2/3] Loss: 0.7727, Accuracy: 63.81 %, Epsilon: 13.45, Delta: 0.0030
Predictions - 1s: 248, 0s: 113
True Labels - 1s: 185, 0s: 176
Client 3 of 5: Local Epoch [3/3] Loss: 0.8371, Accuracy: 61.50 %, Epsilon: 16.29, Delta: 0.0030
Predictions - 1s: 296, 0s: 65
Predictions - 1s: 321, 0s: 40
True Labels - 1s: 191, 0s: 170
True Labels - 1s: 196, 0s: 165
Client 1 of 5: Local Epoch [2/3] Loss: 0.9248, Accuracy: 59.83 %, Epsilon: 13.45, Delta: 0.0030
Client 2 of 5: Local Epoch [2/3] Loss: 1.0315, Accuracy: 59.28 %, Epsilon: 13.45, Delta: 0.0030
Predictions - 1s: 220, 0s: 141
True Labels - 1s: 186, 0s: 175
Client 4 of 5: Local Epoch [2/3] Loss: 0.6779, Accuracy: 70.08 %, Epsilon: 13.45, Delta: 0.0030
Predictions - 1s: 207, 0s: 155
True Labels - 1s: 192, 0s: 170
Client 5 of 5: Local Epoch [3/3] Loss: 0.7217, Accuracy: 66.02 %, Epsilon: 16.29, Delta: 0.0030
Predictions - 1s: 331, 0s: 30
True Labels - 1s: 196, 0s: 165
Predictions - 1s: 277, 0s: 84
True Labels - 1s: 191, 0s: 170
Client 1 of 5: Local Epoch [3/3] Loss: 0.8641, Accuracy: 65.10 %, Epsilon: 16.29, Delta: 0.0030
Client 2 of 5: Local Epoch [3/3] Loss: 1.0880, Accuracy: 59.83 %, Epsilon: 16.29, Delta: 0.0030
Predictions - 1s: 188, 0s: 173
True Labels - 1s: 186, 0s: 175
Client 4 of 5: Local Epoch [3/3] Loss: 0.6605, Accuracy: 70.64 %, Epsilon: 16.29, Delta: 0.0030
-------------------------------
Round [3/4] Average Local Loss: 0.8343, Average Local Accuracy: 64.62 %
-------------------------------
-------- Validation --------
Predictions - 1s: 286, 0s: 166
True Labels - 1s: 235, 0s: 217
Round [3/4] Global Model Validation Loss: 0.5951, Validation Accuracy: 72.35 %
-------- Validation finished --------

Round 4 of 4
-------------------------------
max_grad_norm:  1.5
max_grad_norm:  1.5
max_grad_norm:  1.5
max_grad_norm:  1.5
max_grad_norm:  1.5
Predictions - 1s: 213, 0s: 148
True Labels - 1s: 191, 0s: 170
Client 1 of 5: Local Epoch [1/3] Loss: 0.7331, Accuracy: 66.76 %, Epsilon: 9.99, Delta: 0.0030
Predictions - 1s: 310, 0s: 51
True Labels - 1s: 196, 0s: 165
Client 2 of 5: Local Epoch [1/3] Loss: 1.0088, Accuracy: 60.66 %, Epsilon: 9.99, Delta: 0.0030
Predictions - 1s: 280, 0s: 81
True Labels - 1s: 191, 0s: 170
Client 1 of 5: Local Epoch [2/3] Loss: 0.9378, Accuracy: 58.73 %, Epsilon: 13.45, Delta: 0.0030
Predictions - 1s: 182, 0s: 179
True Labels - 1s: 185, 0s: 176
Predictions - 1s: 280, 0s: 82
True Labels - 1s: 192, 0s: 170
Predictions - 1s: 218, 0s: 143
True Labels - 1s: 186, 0s: 175
Client 3 of 5: Local Epoch [1/3] Loss: 0.7494, Accuracy: 67.59 %, Epsilon: 9.99, Delta: 0.0030
Client 5 of 5: Local Epoch [1/3] Loss: 1.0238, Accuracy: 59.67 %, Epsilon: 9.99, Delta: 0.0030
Client 4 of 5: Local Epoch [1/3] Loss: 0.8939, Accuracy: 61.77 %, Epsilon: 9.99, Delta: 0.0030
Predictions - 1s: 277, 0s: 84
True Labels - 1s: 196, 0s: 165
Client 2 of 5: Local Epoch [2/3] Loss: 0.8817, Accuracy: 60.94 %, Epsilon: 13.45, Delta: 0.0030
Predictions - 1s: 163, 0s: 198
True Labels - 1s: 191, 0s: 170
Client 1 of 5: Local Epoch [3/3] Loss: 0.8093, Accuracy: 65.10 %, Epsilon: 16.29, Delta: 0.0030
Predictions - 1s: 315, 0s: 46
True Labels - 1s: 196, 0s: 165
Client 2 of 5: Local Epoch [3/3] Loss: 1.0758, Accuracy: 59.83 %, Epsilon: 16.29, Delta: 0.0030
Predictions - 1s: 271, 0s: 91
True Labels - 1s: 192, 0s: 170
Client 5 of 5: Local Epoch [2/3] Loss: 0.8141, Accuracy: 62.15 %, Epsilon: 13.45, Delta: 0.0030
Predictions - 1s: 215, 0s: 146
True Labels - 1s: 185, 0s: 176
Predictions - 1s: 172, 0s: 189
True Labels - 1s: 186, 0s: 175
Client 4 of 5: Local Epoch [2/3] Loss: 0.7828, Accuracy: 67.87 %, Epsilon: 13.45, Delta: 0.0030
Client 3 of 5: Local Epoch [2/3] Loss: 0.7711, Accuracy: 67.31 %, Epsilon: 13.45, Delta: 0.0030
Predictions - 1s: 199, 0s: 163
True Labels - 1s: 192, 0s: 170
Client 5 of 5: Local Epoch [3/3] Loss: 0.7684, Accuracy: 67.68 %, Epsilon: 16.29, Delta: 0.0030
Predictions - 1s: 201, 0s: 160
True Labels - 1s: 186, 0s: 175
Predictions - 1s: 245, 0s: 116
True Labels - 1s: 185, 0s: 176
Client 4 of 5: Local Epoch [3/3] Loss: 0.7077, Accuracy: 74.24 %, Epsilon: 16.29, Delta: 0.0030
Client 3 of 5: Local Epoch [3/3] Loss: 0.9400, Accuracy: 62.88 %, Epsilon: 16.29, Delta: 0.0030
-------------------------------
Round [4/4] Average Local Loss: 0.8602, Average Local Accuracy: 65.95 %
-------------------------------
-------- Validation --------
Predictions - 1s: 240, 0s: 212
True Labels - 1s: 235, 0s: 217
Round [4/4] Global Model Validation Loss: 0.7476, Validation Accuracy: 71.90 %
-------- Validation finished --------
Best model in round 2 saved with Validation Loss: 0.5534 and Validation Accuracy: 72.79 %

-------- Training finished in 9:37 --------

Test flag enabled. Testing the model

-------- Loading best model from model_path --------
Loaded model bert-small from date 20-04-2024 20:47. Trained with Federated Learning technology.
Round 2, lr: 0.006, optimizer: AdamW
Average train accuracy: 66.17 %, Validation accuracy: 72.79 %
-------- Best model loaded --------

-------- Creating Test Dataloader --------
Test Loader: 564 total sentences. 71 batches of size 8.
-------- Test Dataloader created --------

-------- Testing --------
Predictions - 1s: 347, 0s: 217
True Labels - 1s: 296, 0s: 268
Nº of test samples: 564
Accuracy: 73.58%
Accuracy 2 : 73.58%
Precision: 74.30%
Recall: 73.07%
F1 Score: 73.05%
Classification report:
              precision    recall  f1-score   support

           0     0.7742    0.6269    0.6928       268
           1     0.7118    0.8345    0.7683       296

    accuracy                         0.7358       564
   macro avg     0.7430    0.7307    0.7305       564
weighted avg     0.7415    0.7358    0.7324       564

-------- Testing finished --------
