Current configuration:
{
    "concurrency_flag": true,
    "data_distribution": "iid",
    "dataset": "mixed_depression",
    "device": "cuda",
    "dp_delta": 0.003,
    "dp_epsilon": 0.5,
    "eval_batch_size": 4,
    "eval_flag": true,
    "eval_size": 0.2,
    "fed_alg": "fedavg",
    "layers": 3,
    "learning_rate": 0.006,
    "max_length": 512,
    "ml_mode": "bcfl",
    "model": "bert_small",
    "model_name": "bcfl_0.5_seed9_mixed_depression",
    "models_path": "/local/vpaloma/fabric-federated-learning/ablation_study/phase-4/final/dp/mixed_depression",
    "mu": 0.5,
    "num_clients": 5,
    "num_epochs": 3,
    "num_rounds": 4,
    "optimizer": "AdamW",
    "progress_bar_flag": false,
    "save_model": true,
    "scheduler": "linear",
    "scheduler_warmup_steps": 0,
    "seed": "random",
    "test_flag": true,
    "train_batch_size": 4,
    "train_size": 0.8
}
-------- Configuration loaded --------

-------- Setting device --------
cuda device selected and available.
-------- Device set --------

-------- Setting seed --------
seed set:  326347
-------- Seed set --------

-------- Creating Model --------
-------- Model created --------

-------- Setting Trainable Layers --------
Training the last 3 layers.

Total parameters count: 28764674
Trainable parameters count: 3416066
-------- Trainable Layers set --------

-------- Creating Tokenizer --------
-------- Tokenizer created --------

-------- Creating Train and Eval Dataloaders --------
Train Loader: 1806 total sentences. 452 batches of size 4.
Eval Loader: 452 total sentences. 113 batches of size 4.
-------- Train and Eval Dataloaders created --------

-------- Training --------
Training with Blockchain-Based Federated Learning technology.
Training with differential privacy.
Federated averaging algorithm selected.
Client 0: Label 0: 162, Label 1: 199
Client 1: Label 0: 178, Label 1: 183
Client 2: Label 0: 158, Label 1: 203
Client 3: Label 0: 173, Label 1: 188
Client 4: Label 0: 192, Label 1: 170

Round 1 of 4
-------------------------------
max_grad_norm:  1.5
max_grad_norm:  1.5
max_grad_norm:  1.5
max_grad_norm:  1.5
max_grad_norm:  1.5
Predictions - 1s: 344, 0s: 17
True Labels - 1s: 183, 0s: 178
Predictions - 1s: 358, 0s: 3
True Labels - 1s: 203, 0s: 158
Predictions - 1s: 292, 0s: 69
Predictions - 1s: 357, 0s: 4
True Labels - 1s: 188, 0s: 173
True Labels - 1s: 199, 0s: 162
Predictions - 1s: 35, 0s: 327
True Labels - 1s: 170, 0s: 192
Client 3 of 5: Local Epoch [1/3] Loss: 1.2856, Accuracy: 55.40 %, Epsilon: 0.50, Delta: 0.0030
Client 5 of 5: Local Epoch [1/3] Loss: 0.8945, Accuracy: 53.31 %, Epsilon: 0.50, Delta: 0.0030
Client 2 of 5: Local Epoch [1/3] Loss: 1.0347, Accuracy: 49.31 %, Epsilon: 0.50, Delta: 0.0030
Client 4 of 5: Local Epoch [1/3] Loss: 0.8469, Accuracy: 52.35 %, Epsilon: 0.50, Delta: 0.0030
Client 1 of 5: Local Epoch [1/3] Loss: 1.0647, Accuracy: 54.57 %, Epsilon: 0.50, Delta: 0.0030
Predictions - 1s: 21, 0s: 341
True Labels - 1s: 170, 0s: 192
Predictions - 1s: 293, 0s: 68
True Labels - 1s: 183, 0s: 178
Predictions - 1s: 328, 0s: 33
True Labels - 1s: 203, 0s: 158
Predictions - 1s: 211, 0s: 150
True Labels - 1s: 188, 0s: 173
Client 5 of 5: Local Epoch [2/3] Loss: 0.8930, Accuracy: 55.52 %, Epsilon: 0.72, Delta: 0.0030
Client 4 of 5: Local Epoch [2/3] Loss: 0.7969, Accuracy: 53.74 %, Epsilon: 0.72, Delta: 0.0030
Client 2 of 5: Local Epoch [2/3] Loss: 0.8828, Accuracy: 52.91 %, Epsilon: 0.72, Delta: 0.0030
Client 3 of 5: Local Epoch [2/3] Loss: 0.9331, Accuracy: 57.62 %, Epsilon: 0.72, Delta: 0.0030
Predictions - 1s: 359, 0s: 2
True Labels - 1s: 199, 0s: 162
Client 1 of 5: Local Epoch [2/3] Loss: 1.3933, Accuracy: 55.68 %, Epsilon: 0.72, Delta: 0.0030
Predictions - 1s: 8, 0s: 354
True Labels - 1s: 170, 0s: 192
Client 5 of 5: Local Epoch [3/3] Loss: 1.1312, Accuracy: 53.59 %, Epsilon: 0.89, Delta: 0.0030
Predictions - 1s: 175, 0s: 186
True Labels - 1s: 183, 0s: 178
Predictions - 1s: 291, 0s: 70
True Labels - 1s: 188, 0s: 173
Client 4 of 5: Local Epoch [3/3] Loss: 0.8410, Accuracy: 54.29 %, Epsilon: 0.89, Delta: 0.0030
Client 2 of 5: Local Epoch [3/3] Loss: 0.6758, Accuracy: 62.33 %, Epsilon: 0.89, Delta: 0.0030
Predictions - 1s: 353, 0s: 8
True Labels - 1s: 199, 0s: 162
Predictions - 1s: 360, 0s: 1
True Labels - 1s: 203, 0s: 158
Client 3 of 5: Local Epoch [3/3] Loss: 1.2896, Accuracy: 56.51 %, Epsilon: 0.89, Delta: 0.0030
Client 1 of 5: Local Epoch [3/3] Loss: 1.1092, Accuracy: 55.12 %, Epsilon: 0.89, Delta: 0.0030
-------------------------------
Round [1/4] Average Local Loss: 1.0094, Average Local Accuracy: 56.37 %
-------------------------------
-------- Validation --------
Predictions - 1s: 452, 0s: 0
True Labels - 1s: 242, 0s: 210
Round [1/4] Global Model Validation Loss: 0.8369, Validation Accuracy: 53.54 %
-------- Validation finished --------
Updated best model in round 1 saved with Validation Loss: 0.8369 and Validation Accuracy: 53.54 %
-------------------------------

Round 2 of 4
-------------------------------
max_grad_norm:  1.5
max_grad_norm:  1.5
max_grad_norm:  1.5
max_grad_norm:  1.5
max_grad_norm:  1.5
Predictions - 1s: 215, 0s: 146
True Labels - 1s: 188, 0s: 173
Predictions - 1s: 348, 0s: 13
True Labels - 1s: 203, 0s: 158
Predictions - 1s: 280, 0s: 82
True Labels - 1s: 170, 0s: 192
Predictions - 1s: 225, 0s: 136
True Labels - 1s: 183, 0s: 178
Predictions - 1s: 357, 0s: 4
True Labels - 1s: 199, 0s: 162
Client 4 of 5: Local Epoch [1/3] Loss: 0.7100, Accuracy: 58.73 %, Epsilon: 0.50, Delta: 0.0030
Client 1 of 5: Local Epoch [1/3] Loss: 1.1161, Accuracy: 54.57 %, Epsilon: 0.50, Delta: 0.0030
Client 3 of 5: Local Epoch [1/3] Loss: 1.1424, Accuracy: 55.40 %, Epsilon: 0.50, Delta: 0.0030
Client 5 of 5: Local Epoch [1/3] Loss: 0.8750, Accuracy: 54.14 %, Epsilon: 0.50, Delta: 0.0030
Client 2 of 5: Local Epoch [1/3] Loss: 0.7974, Accuracy: 49.03 %, Epsilon: 0.50, Delta: 0.0030
Predictions - 1s: 324, 0s: 37
True Labels - 1s: 188, 0s: 173
Client 4 of 5: Local Epoch [2/3] Loss: 0.9246, Accuracy: 55.68 %, Epsilon: 0.72, Delta: 0.0030
Predictions - 1s: 356, 0s: 5
True Labels - 1s: 199, 0s: 162
Client 1 of 5: Local Epoch [2/3] Loss: 1.1920, Accuracy: 54.85 %, Epsilon: 0.72, Delta: 0.0030
Predictions - 1s: 59, 0s: 303
True Labels - 1s: 170, 0s: 192
Client 5 of 5: Local Epoch [2/3] Loss: 0.8413, Accuracy: 59.39 %, Epsilon: 0.72, Delta: 0.0030
Predictions - 1s: 307, 0s: 54
True Labels - 1s: 188, 0s: 173
Client 4 of 5: Local Epoch [3/3] Loss: 0.8720, Accuracy: 58.17 %, Epsilon: 0.89, Delta: 0.0030
Predictions - 1s: 349, 0s: 12
True Labels - 1s: 199, 0s: 162
Client 1 of 5: Local Epoch [3/3] Loss: 1.1888, Accuracy: 56.23 %, Epsilon: 0.89, Delta: 0.0030
Predictions - 1s: 37, 0s: 325
True Labels - 1s: 170, 0s: 192
Client 5 of 5: Local Epoch [3/3] Loss: 1.1083, Accuracy: 59.94 %, Epsilon: 0.89, Delta: 0.0030
Predictions - 1s: 356, 0s: 5
True Labels - 1s: 203, 0s: 158
Predictions - 1s: 196, 0s: 165
True Labels - 1s: 183, 0s: 178
Client 2 of 5: Local Epoch [2/3] Loss: 0.8744, Accuracy: 53.19 %, Epsilon: 0.72, Delta: 0.0030
Client 3 of 5: Local Epoch [2/3] Loss: 1.2332, Accuracy: 56.51 %, Epsilon: 0.72, Delta: 0.0030
Predictions - 1s: 359, 0s: 2
True Labels - 1s: 203, 0s: 158
Predictions - 1s: 134, 0s: 227
True Labels - 1s: 183, 0s: 178
Client 2 of 5: Local Epoch [3/3] Loss: 0.7718, Accuracy: 54.85 %, Epsilon: 0.89, Delta: 0.0030
Client 3 of 5: Local Epoch [3/3] Loss: 1.3340, Accuracy: 56.23 %, Epsilon: 0.89, Delta: 0.0030
-------------------------------
Round [2/4] Average Local Loss: 1.0550, Average Local Accuracy: 57.09 %
-------------------------------
-------- Validation --------
Predictions - 1s: 360, 0s: 92
True Labels - 1s: 242, 0s: 210
Round [2/4] Global Model Validation Loss: 0.6377, Validation Accuracy: 59.29 %
-------- Validation finished --------
Updated best model in round 2 saved with Validation Loss: 0.6377 and Validation Accuracy: 59.29 %
-------------------------------

Round 3 of 4
-------------------------------
max_grad_norm:  1.5
max_grad_norm:  1.5
max_grad_norm:  1.5
max_grad_norm:  1.5
max_grad_norm:  1.5
Predictions - 1s: 112, 0s: 250
True Labels - 1s: 170, 0s: 192
Predictions - 1s: 352, 0s: 9
True Labels - 1s: 199, 0s: 162
Predictions - 1s: 293, 0s: 68
True Labels - 1s: 188, 0s: 173
Predictions - 1s: 343, 0s: 18
True Labels - 1s: 203, 0s: 158
Predictions - 1s: 266, 0s: 95
True Labels - 1s: 183, 0s: 178
Client 3 of 5: Local Epoch [1/3] Loss: 1.0487, Accuracy: 57.34 %, Epsilon: 0.50, Delta: 0.0030
Client 5 of 5: Local Epoch [1/3] Loss: 0.9047, Accuracy: 53.04 %, Epsilon: 0.50, Delta: 0.0030
Client 2 of 5: Local Epoch [1/3] Loss: 0.8419, Accuracy: 58.17 %, Epsilon: 0.50, Delta: 0.0030
Client 4 of 5: Local Epoch [1/3] Loss: 0.8320, Accuracy: 55.40 %, Epsilon: 0.50, Delta: 0.0030
Client 1 of 5: Local Epoch [1/3] Loss: 1.0485, Accuracy: 55.96 %, Epsilon: 0.50, Delta: 0.0030
Predictions - 1s: 293, 0s: 68
True Labels - 1s: 199, 0s: 162
Predictions - 1s: 249, 0s: 112
Predictions - 1s: 269, 0s: 92
Predictions - 1s: 31, 0s: 331
Predictions - 1s: 345, 0s: 16
True Labels - 1s: 188, 0s: 173
True Labels - 1s: 203, 0s: 158
True Labels - 1s: 170, 0s: 192
True Labels - 1s: 183, 0s: 178
Client 1 of 5: Local Epoch [2/3] Loss: 0.8725, Accuracy: 58.45 %, Epsilon: 0.72, Delta: 0.0030
Client 2 of 5: Local Epoch [2/3] Loss: 0.9101, Accuracy: 51.25 %, Epsilon: 0.72, Delta: 0.0030
Client 4 of 5: Local Epoch [2/3] Loss: 0.8305, Accuracy: 56.51 %, Epsilon: 0.72, Delta: 0.0030
Client 5 of 5: Local Epoch [2/3] Loss: 1.1340, Accuracy: 57.73 %, Epsilon: 0.72, Delta: 0.0030
Client 3 of 5: Local Epoch [2/3] Loss: 1.1591, Accuracy: 56.79 %, Epsilon: 0.72, Delta: 0.0030
Predictions - 1s: 333, 0s: 28
True Labels - 1s: 199, 0s: 162
Client 1 of 5: Local Epoch [3/3] Loss: 1.0230, Accuracy: 54.57 %, Epsilon: 0.89, Delta: 0.0030
Predictions - 1s: 9, 0s: 353
True Labels - 1s: 170, 0s: 192
Client 5 of 5: Local Epoch [3/3] Loss: 1.4129, Accuracy: 54.97 %, Epsilon: 0.89, Delta: 0.0030
Predictions - 1s: 354, 0s: 7
True Labels - 1s: 203, 0s: 158
Predictions - 1s: 283, 0s: 78
True Labels - 1s: 188, 0s: 173
Predictions - 1s: 318, 0s: 43
True Labels - 1s: 183, 0s: 178
Client 3 of 5: Local Epoch [3/3] Loss: 1.2508, Accuracy: 56.51 %, Epsilon: 0.89, Delta: 0.0030
Client 2 of 5: Local Epoch [3/3] Loss: 1.0680, Accuracy: 53.19 %, Epsilon: 0.89, Delta: 0.0030
Client 4 of 5: Local Epoch [3/3] Loss: 0.9139, Accuracy: 55.96 %, Epsilon: 0.89, Delta: 0.0030
-------------------------------
Round [3/4] Average Local Loss: 1.1337, Average Local Accuracy: 55.04 %
-------------------------------
-------- Validation --------
Predictions - 1s: 439, 0s: 13
True Labels - 1s: 242, 0s: 210
Round [3/4] Global Model Validation Loss: 0.7797, Validation Accuracy: 54.20 %
-------- Validation finished --------

Round 4 of 4
-------------------------------
max_grad_norm:  1.5
max_grad_norm:  1.5
max_grad_norm:  1.5
max_grad_norm:  1.5
max_grad_norm:  1.5
Predictions - 1s: 347, 0s: 14
True Labels - 1s: 188, 0s: 173
Predictions - 1s: 320, 0s: 41
True Labels - 1s: 183, 0s: 178
Predictions - 1s: 58, 0s: 304
True Labels - 1s: 170, 0s: 192
Predictions - 1s: 239, 0s: 122
True Labels - 1s: 203, 0s: 158
Predictions - 1s: 335, 0s: 26
True Labels - 1s: 199, 0s: 162
Client 4 of 5: Local Epoch [1/3] Loss: 1.3379, Accuracy: 53.74 %, Epsilon: 0.50, Delta: 0.0030
Client 3 of 5: Local Epoch [1/3] Loss: 0.8937, Accuracy: 54.02 %, Epsilon: 0.50, Delta: 0.0030
Client 2 of 5: Local Epoch [1/3] Loss: 0.9866, Accuracy: 50.42 %, Epsilon: 0.50, Delta: 0.0030
Client 5 of 5: Local Epoch [1/3] Loss: 1.0109, Accuracy: 55.80 %, Epsilon: 0.50, Delta: 0.0030
Client 1 of 5: Local Epoch [1/3] Loss: 1.1035, Accuracy: 55.12 %, Epsilon: 0.50, Delta: 0.0030
Predictions - 1s: 330, 0s: 31
True Labels - 1s: 188, 0s: 173
Client 4 of 5: Local Epoch [2/3] Loss: 1.1038, Accuracy: 54.02 %, Epsilon: 0.72, Delta: 0.0030
Predictions - 1s: 348, 0s: 13
True Labels - 1s: 188, 0s: 173
Client 4 of 5: Local Epoch [3/3] Loss: 1.3797, Accuracy: 51.25 %, Epsilon: 0.89, Delta: 0.0030
Predictions - 1s: 245, 0s: 116
True Labels - 1s: 183, 0s: 178
Predictions - 1s: 59, 0s: 303
True Labels - 1s: 170, 0s: 192
Predictions - 1s: 345, 0s: 16
True Labels - 1s: 203, 0s: 158
Predictions - 1s: 350, 0s: 11
True Labels - 1s: 199, 0s: 162
Client 2 of 5: Local Epoch [2/3] Loss: 0.8963, Accuracy: 54.02 %, Epsilon: 0.72, Delta: 0.0030
Client 5 of 5: Local Epoch [2/3] Loss: 0.9737, Accuracy: 56.08 %, Epsilon: 0.72, Delta: 0.0030
Client 3 of 5: Local Epoch [2/3] Loss: 1.2312, Accuracy: 55.68 %, Epsilon: 0.72, Delta: 0.0030
Client 1 of 5: Local Epoch [2/3] Loss: 1.2676, Accuracy: 56.51 %, Epsilon: 0.72, Delta: 0.0030
Predictions - 1s: 33, 0s: 329
True Labels - 1s: 170, 0s: 192
Client 5 of 5: Local Epoch [3/3] Loss: 1.0847, Accuracy: 57.18 %, Epsilon: 0.89, Delta: 0.0030
Predictions - 1s: 265, 0s: 96
True Labels - 1s: 183, 0s: 178
Client 2 of 5: Local Epoch [3/3] Loss: 0.9089, Accuracy: 56.23 %, Epsilon: 0.89, Delta: 0.0030
Predictions - 1s: 349, 0s: 12
True Labels - 1s: 199, 0s: 162
Predictions - 1s: 350, 0s: 11
True Labels - 1s: 203, 0s: 158
Client 3 of 5: Local Epoch [3/3] Loss: 1.3803, Accuracy: 55.96 %, Epsilon: 0.89, Delta: 0.0030
Client 1 of 5: Local Epoch [3/3] Loss: 1.1751, Accuracy: 55.12 %, Epsilon: 0.89, Delta: 0.0030
-------------------------------
Round [4/4] Average Local Loss: 1.1858, Average Local Accuracy: 55.15 %
-------------------------------
-------- Validation --------
Predictions - 1s: 449, 0s: 3
True Labels - 1s: 242, 0s: 210
Round [4/4] Global Model Validation Loss: 1.0701, Validation Accuracy: 54.20 %
-------- Validation finished --------
Best model in round 2 saved with Validation Loss: 0.6377 and Validation Accuracy: 59.29 %

-------- Training finished in 8:29 --------

Test flag enabled. Testing the model

-------- Loading best model from model_path --------
Loaded model bert-small from date 20-04-2024 21:28. Trained with Federated Learning technology.
Round 2, lr: 0.006, optimizer: AdamW
Average train accuracy: 57.09 %, Validation accuracy: 59.29 %
-------- Best model loaded --------

-------- Creating Test Dataloader --------
Test Loader: 564 total sentences. 71 batches of size 8.
-------- Test Dataloader created --------

-------- Testing --------
Predictions - 1s: 445, 0s: 119
True Labels - 1s: 296, 0s: 268
Nº of test samples: 564
Accuracy: 58.33%
Accuracy 2 : 58.33%
Precision: 60.36%
Recall: 56.92%
F1 Score: 53.78%
Classification report:
              precision    recall  f1-score   support

           0     0.6387    0.2836    0.3928       268
           1     0.5685    0.8547    0.6829       296

    accuracy                         0.5833       564
   macro avg     0.6036    0.5692    0.5378       564
weighted avg     0.6019    0.5833    0.5450       564

-------- Testing finished --------
