Current configuration:
{
    "concurrency_flag": true,
    "data_distribution": "iid",
    "dataset": "mixed_depression",
    "device": "cuda",
    "dp_delta": 0.003,
    "dp_epsilon": 0,
    "eval_batch_size": 4,
    "eval_flag": true,
    "eval_size": 0.2,
    "fed_alg": "fedavg",
    "layers": 3,
    "learning_rate": 6e-05,
    "max_length": 512,
    "ml_mode": "bcfl",
    "model": "bert_small",
    "model_name": "bcfl_0_seed2_mixed_depression",
    "models_path": "/local/vpaloma/fabric-federated-learning/ablation_study/phase-4/final/dp/mixed_depression",
    "mu": 0.5,
    "num_clients": 5,
    "num_epochs": 3,
    "num_rounds": 4,
    "optimizer": "AdamW",
    "progress_bar_flag": false,
    "save_model": true,
    "scheduler": "linear",
    "scheduler_warmup_steps": 0,
    "seed": "random",
    "test_flag": true,
    "train_batch_size": 4,
    "train_size": 0.8
}
-------- Configuration loaded --------

-------- Setting device --------
cuda device selected and available.
-------- Device set --------

-------- Setting seed --------
seed set:  942994
-------- Seed set --------

-------- Creating Model --------
-------- Model created --------

-------- Setting Trainable Layers --------
Training the last 3 layers.

Total parameters count: 28764674
Trainable parameters count: 3416066
-------- Trainable Layers set --------

-------- Creating Tokenizer --------
-------- Tokenizer created --------

-------- Creating Train and Eval Dataloaders --------
Train Loader: 1806 total sentences. 452 batches of size 4.
Eval Loader: 452 total sentences. 113 batches of size 4.
-------- Train and Eval Dataloaders created --------

-------- Training --------
Training with Blockchain-Based Federated Learning technology.
Training without differential privacy.
Federated averaging algorithm selected.
Client 0: Label 0: 157, Label 1: 204
Client 1: Label 0: 179, Label 1: 182
Client 2: Label 0: 171, Label 1: 190
Client 3: Label 0: 175, Label 1: 186
Client 4: Label 0: 169, Label 1: 193

Round 1 of 4
-------------------------------
Predictions - 1s: 181, 0s: 180
True Labels - 1s: 190, 0s: 171
Client 3 of 5: Local Epoch [1/3] Loss: 0.5745, Accuracy: 70.36 %
Predictions - 1s: 175, 0s: 186
True Labels - 1s: 182, 0s: 179
Client 2 of 5: Local Epoch [1/3] Loss: 0.5862, Accuracy: 66.48 %
Predictions - 1s: 189, 0s: 172
True Labels - 1s: 186, 0s: 175
Client 4 of 5: Local Epoch [1/3] Loss: 0.5596, Accuracy: 71.47 %
Predictions - 1s: 221, 0s: 140
True Labels - 1s: 204, 0s: 157
Client 1 of 5: Local Epoch [1/3] Loss: 0.5860, Accuracy: 69.25 %
Predictions - 1s: 201, 0s: 161
True Labels - 1s: 193, 0s: 169
Client 5 of 5: Local Epoch [1/3] Loss: 0.5388, Accuracy: 71.82 %
Predictions - 1s: 187, 0s: 174
True Labels - 1s: 190, 0s: 171
Client 3 of 5: Local Epoch [2/3] Loss: 0.4374, Accuracy: 80.89 %
Predictions - 1s: 178, 0s: 183
True Labels - 1s: 182, 0s: 179
Client 2 of 5: Local Epoch [2/3] Loss: 0.3964, Accuracy: 82.83 %
Predictions - 1s: 192, 0s: 169
True Labels - 1s: 186, 0s: 175
Client 4 of 5: Local Epoch [2/3] Loss: 0.3849, Accuracy: 85.60 %
Predictions - 1s: 196, 0s: 166
True Labels - 1s: 193, 0s: 169
Client 5 of 5: Local Epoch [2/3] Loss: 0.3728, Accuracy: 83.70 %
Predictions - 1s: 201, 0s: 160
True Labels - 1s: 204, 0s: 157
Client 1 of 5: Local Epoch [2/3] Loss: 0.4143, Accuracy: 83.66 %
Predictions - 1s: 189, 0s: 172
True Labels - 1s: 190, 0s: 171
Client 3 of 5: Local Epoch [3/3] Loss: 0.3472, Accuracy: 86.43 %
Predictions - 1s: 176, 0s: 185
True Labels - 1s: 182, 0s: 179
Client 2 of 5: Local Epoch [3/3] Loss: 0.3326, Accuracy: 85.04 %
Predictions - 1s: 188, 0s: 173
True Labels - 1s: 186, 0s: 175
Client 4 of 5: Local Epoch [3/3] Loss: 0.3262, Accuracy: 88.37 %
Predictions - 1s: 201, 0s: 160
True Labels - 1s: 204, 0s: 157
Client 1 of 5: Local Epoch [3/3] Loss: 0.3454, Accuracy: 88.09 %
Predictions - 1s: 194, 0s: 168
True Labels - 1s: 193, 0s: 169
Client 5 of 5: Local Epoch [3/3] Loss: 0.2876, Accuracy: 88.67 %
-------------------------------
Round [1/4] Average Local Loss: 0.3278, Average Local Accuracy: 87.32 %
-------------------------------
-------- Validation --------
Predictions - 1s: 243, 0s: 209
True Labels - 1s: 230, 0s: 222
Round [1/4] Global Model Validation Loss: 0.4247, Validation Accuracy: 78.54 %
-------- Validation finished --------
Updated best model in round 1 saved with Validation Loss: 0.4247 and Validation Accuracy: 78.54 %
-------------------------------

Round 2 of 4
-------------------------------
Predictions - 1s: 188, 0s: 173
True Labels - 1s: 190, 0s: 171
Client 3 of 5: Local Epoch [1/3] Loss: 0.3962, Accuracy: 82.27 %
Predictions - 1s: 204, 0s: 157
True Labels - 1s: 204, 0s: 157
Client 1 of 5: Local Epoch [1/3] Loss: 0.3790, Accuracy: 83.93 %
Predictions - 1s: 185, 0s: 176
True Labels - 1s: 182, 0s: 179
Client 2 of 5: Local Epoch [1/3] Loss: 0.3688, Accuracy: 84.76 %
Predictions - 1s: 195, 0s: 167
True Labels - 1s: 193, 0s: 169
Client 5 of 5: Local Epoch [1/3] Loss: 0.3611, Accuracy: 85.08 %
Predictions - 1s: 192, 0s: 169
True Labels - 1s: 186, 0s: 175
Client 4 of 5: Local Epoch [1/3] Loss: 0.3716, Accuracy: 83.38 %
Predictions - 1s: 192, 0s: 169
True Labels - 1s: 190, 0s: 171
Client 3 of 5: Local Epoch [2/3] Loss: 0.2859, Accuracy: 88.37 %
Predictions - 1s: 213, 0s: 148
True Labels - 1s: 204, 0s: 157
Client 1 of 5: Local Epoch [2/3] Loss: 0.2941, Accuracy: 88.64 %
Predictions - 1s: 188, 0s: 174
True Labels - 1s: 193, 0s: 169
Client 5 of 5: Local Epoch [2/3] Loss: 0.2500, Accuracy: 89.78 %
Predictions - 1s: 189, 0s: 172
True Labels - 1s: 186, 0s: 175
Client 4 of 5: Local Epoch [2/3] Loss: 0.2825, Accuracy: 89.20 %
Predictions - 1s: 181, 0s: 180
True Labels - 1s: 182, 0s: 179
Client 2 of 5: Local Epoch [2/3] Loss: 0.2778, Accuracy: 89.75 %
Predictions - 1s: 186, 0s: 175
True Labels - 1s: 190, 0s: 171
Client 3 of 5: Local Epoch [3/3] Loss: 0.2306, Accuracy: 91.69 %
Predictions - 1s: 206, 0s: 155
True Labels - 1s: 204, 0s: 157
Client 1 of 5: Local Epoch [3/3] Loss: 0.2347, Accuracy: 91.69 %
Predictions - 1s: 197, 0s: 165
True Labels - 1s: 193, 0s: 169
Client 5 of 5: Local Epoch [3/3] Loss: 0.2068, Accuracy: 90.61 %
Predictions - 1s: 193, 0s: 168
True Labels - 1s: 186, 0s: 175
Client 4 of 5: Local Epoch [3/3] Loss: 0.2321, Accuracy: 90.86 %
Predictions - 1s: 187, 0s: 174
True Labels - 1s: 182, 0s: 179
Client 2 of 5: Local Epoch [3/3] Loss: 0.2094, Accuracy: 92.52 %
-------------------------------
Round [2/4] Average Local Loss: 0.2227, Average Local Accuracy: 91.47 %
-------------------------------
-------- Validation --------
Predictions - 1s: 236, 0s: 216
True Labels - 1s: 230, 0s: 222
Round [2/4] Global Model Validation Loss: 0.3907, Validation Accuracy: 83.19 %
-------- Validation finished --------
Updated best model in round 2 saved with Validation Loss: 0.3907 and Validation Accuracy: 83.19 %
-------------------------------

Round 3 of 4
-------------------------------
Predictions - 1s: 209, 0s: 152
True Labels - 1s: 204, 0s: 157
Client 1 of 5: Local Epoch [1/3] Loss: 0.3150, Accuracy: 88.64 %
Predictions - 1s: 190, 0s: 172
True Labels - 1s: 193, 0s: 169
Client 5 of 5: Local Epoch [1/3] Loss: 0.2774, Accuracy: 87.02 %
Predictions - 1s: 190, 0s: 171
True Labels - 1s: 190, 0s: 171
Client 3 of 5: Local Epoch [1/3] Loss: 0.3283, Accuracy: 86.15 %
Predictions - 1s: 187, 0s: 174
True Labels - 1s: 186, 0s: 175
Client 4 of 5: Local Epoch [1/3] Loss: 0.2948, Accuracy: 87.53 %
Predictions - 1s: 186, 0s: 175
True Labels - 1s: 182, 0s: 179
Client 2 of 5: Local Epoch [1/3] Loss: 0.3181, Accuracy: 87.81 %
Predictions - 1s: 206, 0s: 155
True Labels - 1s: 204, 0s: 157
Client 1 of 5: Local Epoch [2/3] Loss: 0.2350, Accuracy: 91.69 %
Predictions - 1s: 195, 0s: 166
True Labels - 1s: 190, 0s: 171
Client 3 of 5: Local Epoch [2/3] Loss: 0.2386, Accuracy: 90.86 %
Predictions - 1s: 195, 0s: 167
True Labels - 1s: 193, 0s: 169
Client 5 of 5: Local Epoch [2/3] Loss: 0.2114, Accuracy: 91.16 %
Predictions - 1s: 185, 0s: 176
True Labels - 1s: 182, 0s: 179
Client 2 of 5: Local Epoch [2/3] Loss: 0.2454, Accuracy: 89.75 %
Predictions - 1s: 192, 0s: 169
True Labels - 1s: 186, 0s: 175
Client 4 of 5: Local Epoch [2/3] Loss: 0.2417, Accuracy: 90.58 %
Predictions - 1s: 213, 0s: 148
True Labels - 1s: 204, 0s: 157
Client 1 of 5: Local Epoch [3/3] Loss: 0.1960, Accuracy: 93.63 %
Predictions - 1s: 187, 0s: 174
True Labels - 1s: 190, 0s: 171
Client 3 of 5: Local Epoch [3/3] Loss: 0.2080, Accuracy: 92.52 %
Predictions - 1s: 192, 0s: 170
True Labels - 1s: 193, 0s: 169
Client 5 of 5: Local Epoch [3/3] Loss: 0.1569, Accuracy: 93.65 %
Predictions - 1s: 192, 0s: 169
True Labels - 1s: 186, 0s: 175
Client 4 of 5: Local Epoch [3/3] Loss: 0.1980, Accuracy: 93.91 %
Predictions - 1s: 175, 0s: 186
True Labels - 1s: 182, 0s: 179
Client 2 of 5: Local Epoch [3/3] Loss: 0.2025, Accuracy: 91.97 %
-------------------------------
Round [3/4] Average Local Loss: 0.1923, Average Local Accuracy: 93.13 %
-------------------------------
-------- Validation --------
Predictions - 1s: 241, 0s: 211
True Labels - 1s: 230, 0s: 222
Round [3/4] Global Model Validation Loss: 0.3772, Validation Accuracy: 85.18 %
-------- Validation finished --------
Updated best model in round 3 saved with Validation Loss: 0.3772 and Validation Accuracy: 85.18 %
-------------------------------

Round 4 of 4
-------------------------------
Predictions - 1s: 195, 0s: 166
True Labels - 1s: 190, 0s: 171
Client 3 of 5: Local Epoch [1/3] Loss: 0.2840, Accuracy: 88.09 %
Predictions - 1s: 182, 0s: 179
True Labels - 1s: 182, 0s: 179
Client 2 of 5: Local Epoch [1/3] Loss: 0.2755, Accuracy: 87.26 %
Predictions - 1s: 206, 0s: 155
True Labels - 1s: 204, 0s: 157
Client 1 of 5: Local Epoch [1/3] Loss: 0.2797, Accuracy: 90.03 %
Predictions - 1s: 197, 0s: 164
True Labels - 1s: 186, 0s: 175
Client 4 of 5: Local Epoch [1/3] Loss: 0.3017, Accuracy: 88.09 %
Predictions - 1s: 197, 0s: 165
True Labels - 1s: 193, 0s: 169
Client 5 of 5: Local Epoch [1/3] Loss: 0.2505, Accuracy: 91.16 %
Predictions - 1s: 191, 0s: 170
True Labels - 1s: 186, 0s: 175
Client 4 of 5: Local Epoch [2/3] Loss: 0.1928, Accuracy: 94.18 %
Predictions - 1s: 187, 0s: 174
True Labels - 1s: 182, 0s: 179
Client 2 of 5: Local Epoch [2/3] Loss: 0.2030, Accuracy: 91.97 %
Predictions - 1s: 196, 0s: 166
True Labels - 1s: 193, 0s: 169
Client 5 of 5: Local Epoch [2/3] Loss: 0.1460, Accuracy: 93.65 %
Predictions - 1s: 212, 0s: 149
True Labels - 1s: 204, 0s: 157
Client 1 of 5: Local Epoch [2/3] Loss: 0.1952, Accuracy: 93.91 %
Predictions - 1s: 192, 0s: 169
True Labels - 1s: 190, 0s: 171
Client 3 of 5: Local Epoch [2/3] Loss: 0.2018, Accuracy: 92.24 %
Predictions - 1s: 185, 0s: 176
True Labels - 1s: 182, 0s: 179
Client 2 of 5: Local Epoch [3/3] Loss: 0.1702, Accuracy: 94.18 %
Predictions - 1s: 192, 0s: 170
True Labels - 1s: 193, 0s: 169
Client 5 of 5: Local Epoch [3/3] Loss: 0.1204, Accuracy: 95.86 %
Predictions - 1s: 191, 0s: 170
True Labels - 1s: 186, 0s: 175
Client 4 of 5: Local Epoch [3/3] Loss: 0.1719, Accuracy: 93.07 %
Predictions - 1s: 198, 0s: 163
True Labels - 1s: 190, 0s: 171
Client 3 of 5: Local Epoch [3/3] Loss: 0.1683, Accuracy: 95.57 %
Predictions - 1s: 208, 0s: 153
True Labels - 1s: 204, 0s: 157
Client 1 of 5: Local Epoch [3/3] Loss: 0.1521, Accuracy: 95.57 %
-------------------------------
Round [4/4] Average Local Loss: 0.1566, Average Local Accuracy: 94.85 %
-------------------------------
-------- Validation --------
Predictions - 1s: 235, 0s: 217
True Labels - 1s: 230, 0s: 222
Round [4/4] Global Model Validation Loss: 0.3710, Validation Accuracy: 85.62 %
-------- Validation finished --------
Updated best model in round 4 saved with Validation Loss: 0.3710 and Validation Accuracy: 85.62 %
-------------------------------
Best model in round 4 saved with Validation Loss: 0.3710 and Validation Accuracy: 85.62 %

-------- Training finished in 5:44 --------

Test flag enabled. Testing the model

-------- Loading best model from model_path --------
Loaded model bert-small from date 21-04-2024 00:44. Trained with Federated Learning technology.
Round 4, lr: 6e-05, optimizer: AdamW
Average train accuracy: 94.85 %, Validation accuracy: 85.62 %
-------- Best model loaded --------

-------- Creating Test Dataloader --------
Test Loader: 564 total sentences. 71 batches of size 8.
-------- Test Dataloader created --------

-------- Testing --------
Predictions - 1s: 276, 0s: 288
True Labels - 1s: 296, 0s: 268
Nº of test samples: 564
Accuracy: 87.23%
Accuracy 2 : 87.23%
Precision: 87.30%
Recall: 87.38%
F1 Score: 87.23%
Classification report:
              precision    recall  f1-score   support

           0     0.8403    0.9030    0.8705       268
           1     0.9058    0.8446    0.8741       296

    accuracy                         0.8723       564
   macro avg     0.8730    0.8738    0.8723       564
weighted avg     0.8747    0.8723    0.8724       564

-------- Testing finished --------
