Current configuration:
{
    "concurrency_flag": true,
    "data_distribution": "iid",
    "dataset": "mixed_depression",
    "device": "cuda",
    "dp_delta": 0.003,
    "dp_epsilon": 0,
    "eval_batch_size": 4,
    "eval_flag": true,
    "eval_size": 0.2,
    "fed_alg": "fedavg",
    "layers": 3,
    "learning_rate": 6e-05,
    "max_length": 512,
    "ml_mode": "bcfl",
    "model": "bert_small",
    "model_name": "bcfl_0_seed6_mixed_depression",
    "models_path": "/local/vpaloma/fabric-federated-learning/ablation_study/phase-4/final/dp/mixed_depression",
    "mu": 0.5,
    "num_clients": 5,
    "num_epochs": 3,
    "num_rounds": 4,
    "optimizer": "AdamW",
    "progress_bar_flag": false,
    "save_model": true,
    "scheduler": "linear",
    "scheduler_warmup_steps": 0,
    "seed": "random",
    "test_flag": true,
    "train_batch_size": 4,
    "train_size": 0.8
}
-------- Configuration loaded --------

-------- Setting device --------
cuda device selected and available.
-------- Device set --------

-------- Setting seed --------
seed set:  387765
-------- Seed set --------

-------- Creating Model --------
-------- Model created --------

-------- Setting Trainable Layers --------
Training the last 3 layers.

Total parameters count: 28764674
Trainable parameters count: 3416066
-------- Trainable Layers set --------

-------- Creating Tokenizer --------
-------- Tokenizer created --------

-------- Creating Train and Eval Dataloaders --------
Train Loader: 1806 total sentences. 452 batches of size 4.
Eval Loader: 452 total sentences. 113 batches of size 4.
-------- Train and Eval Dataloaders created --------

-------- Training --------
Training with Blockchain-Based Federated Learning technology.
Training without differential privacy.
Federated averaging algorithm selected.
Client 0: Label 0: 176, Label 1: 185
Client 1: Label 0: 177, Label 1: 184
Client 2: Label 0: 156, Label 1: 205
Client 3: Label 0: 177, Label 1: 184
Client 4: Label 0: 173, Label 1: 189

Round 1 of 4
-------------------------------
Predictions - 1s: 173, 0s: 188
True Labels - 1s: 184, 0s: 177
Client 2 of 5: Local Epoch [1/3] Loss: 0.5860, Accuracy: 67.59 %
Predictions - 1s: 180, 0s: 181
True Labels - 1s: 185, 0s: 176
Client 1 of 5: Local Epoch [1/3] Loss: 0.5678, Accuracy: 74.79 %
Predictions - 1s: 197, 0s: 164
True Labels - 1s: 184, 0s: 177
Client 4 of 5: Local Epoch [1/3] Loss: 0.5817, Accuracy: 69.25 %
Predictions - 1s: 167, 0s: 195
True Labels - 1s: 189, 0s: 173
Client 5 of 5: Local Epoch [1/3] Loss: 0.5719, Accuracy: 69.06 %
Predictions - 1s: 238, 0s: 123
True Labels - 1s: 205, 0s: 156
Client 3 of 5: Local Epoch [1/3] Loss: 0.5837, Accuracy: 70.91 %
Predictions - 1s: 177, 0s: 184
True Labels - 1s: 184, 0s: 177
Client 2 of 5: Local Epoch [2/3] Loss: 0.4000, Accuracy: 84.76 %
Predictions - 1s: 182, 0s: 179
True Labels - 1s: 185, 0s: 176
Client 1 of 5: Local Epoch [2/3] Loss: 0.3771, Accuracy: 84.76 %
Predictions - 1s: 189, 0s: 173
True Labels - 1s: 189, 0s: 173
Client 5 of 5: Local Epoch [2/3] Loss: 0.4085, Accuracy: 81.22 %
Predictions - 1s: 216, 0s: 145
True Labels - 1s: 205, 0s: 156
Client 3 of 5: Local Epoch [2/3] Loss: 0.4437, Accuracy: 80.33 %
Predictions - 1s: 181, 0s: 180
True Labels - 1s: 184, 0s: 177
Client 4 of 5: Local Epoch [2/3] Loss: 0.4206, Accuracy: 80.33 %
Predictions - 1s: 192, 0s: 169
True Labels - 1s: 184, 0s: 177
Client 2 of 5: Local Epoch [3/3] Loss: 0.3415, Accuracy: 87.26 %
Predictions - 1s: 184, 0s: 177
True Labels - 1s: 185, 0s: 176
Client 1 of 5: Local Epoch [3/3] Loss: 0.3095, Accuracy: 90.30 %
Predictions - 1s: 225, 0s: 136
True Labels - 1s: 205, 0s: 156
Client 3 of 5: Local Epoch [3/3] Loss: 0.3661, Accuracy: 86.15 %
Predictions - 1s: 185, 0s: 177
True Labels - 1s: 189, 0s: 173
Client 5 of 5: Local Epoch [3/3] Loss: 0.3398, Accuracy: 86.19 %
Predictions - 1s: 182, 0s: 179
True Labels - 1s: 184, 0s: 177
Client 4 of 5: Local Epoch [3/3] Loss: 0.3518, Accuracy: 85.60 %
-------------------------------
Round [1/4] Average Local Loss: 0.3417, Average Local Accuracy: 87.10 %
-------------------------------
-------- Validation --------
Predictions - 1s: 232, 0s: 220
True Labels - 1s: 238, 0s: 214
Round [1/4] Global Model Validation Loss: 0.4213, Validation Accuracy: 81.86 %
-------- Validation finished --------
Updated best model in round 1 saved with Validation Loss: 0.4213 and Validation Accuracy: 81.86 %
-------------------------------

Round 2 of 4
-------------------------------
Predictions - 1s: 182, 0s: 179
True Labels - 1s: 184, 0s: 177
Client 4 of 5: Local Epoch [1/3] Loss: 0.4056, Accuracy: 82.83 %
Predictions - 1s: 191, 0s: 170
True Labels - 1s: 185, 0s: 176
Client 1 of 5: Local Epoch [1/3] Loss: 0.3774, Accuracy: 83.93 %
Predictions - 1s: 212, 0s: 149
True Labels - 1s: 205, 0s: 156
Client 3 of 5: Local Epoch [1/3] Loss: 0.4113, Accuracy: 81.44 %
Predictions - 1s: 182, 0s: 179
True Labels - 1s: 184, 0s: 177
Client 2 of 5: Local Epoch [1/3] Loss: 0.3690, Accuracy: 86.15 %
Predictions - 1s: 181, 0s: 181
True Labels - 1s: 189, 0s: 173
Client 5 of 5: Local Epoch [1/3] Loss: 0.3899, Accuracy: 81.22 %
Predictions - 1s: 189, 0s: 172
True Labels - 1s: 184, 0s: 177
Client 4 of 5: Local Epoch [2/3] Loss: 0.2896, Accuracy: 88.09 %
Predictions - 1s: 189, 0s: 172
True Labels - 1s: 185, 0s: 176
Client 1 of 5: Local Epoch [2/3] Loss: 0.2688, Accuracy: 88.92 %
Predictions - 1s: 203, 0s: 158
True Labels - 1s: 205, 0s: 156
Client 3 of 5: Local Epoch [2/3] Loss: 0.3477, Accuracy: 83.38 %
Predictions - 1s: 190, 0s: 172
True Labels - 1s: 189, 0s: 173
Client 5 of 5: Local Epoch [2/3] Loss: 0.2944, Accuracy: 89.23 %
Predictions - 1s: 188, 0s: 173
True Labels - 1s: 184, 0s: 177
Client 2 of 5: Local Epoch [2/3] Loss: 0.2755, Accuracy: 88.92 %
Predictions - 1s: 191, 0s: 170
True Labels - 1s: 184, 0s: 177
Client 4 of 5: Local Epoch [3/3] Loss: 0.2624, Accuracy: 90.30 %
Predictions - 1s: 180, 0s: 181
True Labels - 1s: 185, 0s: 176
Client 1 of 5: Local Epoch [3/3] Loss: 0.2293, Accuracy: 91.97 %
Predictions - 1s: 221, 0s: 140
True Labels - 1s: 205, 0s: 156
Client 3 of 5: Local Epoch [3/3] Loss: 0.2692, Accuracy: 89.47 %
Predictions - 1s: 184, 0s: 178
True Labels - 1s: 189, 0s: 173
Client 5 of 5: Local Epoch [3/3] Loss: 0.2437, Accuracy: 91.44 %
Predictions - 1s: 183, 0s: 178
True Labels - 1s: 184, 0s: 177
Client 2 of 5: Local Epoch [3/3] Loss: 0.2265, Accuracy: 91.97 %
-------------------------------
Round [2/4] Average Local Loss: 0.2462, Average Local Accuracy: 91.03 %
-------------------------------
-------- Validation --------
Predictions - 1s: 217, 0s: 235
True Labels - 1s: 238, 0s: 214
Round [2/4] Global Model Validation Loss: 0.3657, Validation Accuracy: 84.29 %
-------- Validation finished --------
Updated best model in round 2 saved with Validation Loss: 0.3657 and Validation Accuracy: 84.29 %
-------------------------------

Round 3 of 4
-------------------------------
Predictions - 1s: 191, 0s: 170
True Labels - 1s: 185, 0s: 176
Client 1 of 5: Local Epoch [1/3] Loss: 0.2807, Accuracy: 88.92 %
Predictions - 1s: 212, 0s: 149
True Labels - 1s: 205, 0s: 156
Client 3 of 5: Local Epoch [1/3] Loss: 0.3419, Accuracy: 86.43 %
Predictions - 1s: 188, 0s: 173
True Labels - 1s: 184, 0s: 177
Client 2 of 5: Local Epoch [1/3] Loss: 0.3095, Accuracy: 87.26 %
Predictions - 1s: 187, 0s: 175
True Labels - 1s: 189, 0s: 173
Client 5 of 5: Local Epoch [1/3] Loss: 0.3260, Accuracy: 87.29 %
Predictions - 1s: 191, 0s: 170
True Labels - 1s: 184, 0s: 177
Client 4 of 5: Local Epoch [1/3] Loss: 0.3099, Accuracy: 85.87 %
Predictions - 1s: 190, 0s: 171
True Labels - 1s: 185, 0s: 176
Client 1 of 5: Local Epoch [2/3] Loss: 0.2056, Accuracy: 92.52 %
Predictions - 1s: 212, 0s: 149
True Labels - 1s: 205, 0s: 156
Client 3 of 5: Local Epoch [2/3] Loss: 0.2663, Accuracy: 89.20 %
Predictions - 1s: 191, 0s: 170
True Labels - 1s: 184, 0s: 177
Client 2 of 5: Local Epoch [2/3] Loss: 0.2447, Accuracy: 91.97 %
Predictions - 1s: 188, 0s: 174
True Labels - 1s: 189, 0s: 173
Client 5 of 5: Local Epoch [2/3] Loss: 0.2468, Accuracy: 92.54 %
Predictions - 1s: 183, 0s: 178
True Labels - 1s: 184, 0s: 177
Client 4 of 5: Local Epoch [2/3] Loss: 0.2310, Accuracy: 90.86 %
Predictions - 1s: 189, 0s: 172
True Labels - 1s: 185, 0s: 176
Client 1 of 5: Local Epoch [3/3] Loss: 0.1579, Accuracy: 94.46 %
Predictions - 1s: 207, 0s: 154
True Labels - 1s: 205, 0s: 156
Client 3 of 5: Local Epoch [3/3] Loss: 0.2166, Accuracy: 91.69 %
Predictions - 1s: 189, 0s: 172
True Labels - 1s: 184, 0s: 177
Client 2 of 5: Local Epoch [3/3] Loss: 0.2118, Accuracy: 90.86 %
Predictions - 1s: 188, 0s: 174
True Labels - 1s: 189, 0s: 173
Client 5 of 5: Local Epoch [3/3] Loss: 0.2008, Accuracy: 93.65 %
Predictions - 1s: 190, 0s: 171
True Labels - 1s: 184, 0s: 177
Client 4 of 5: Local Epoch [3/3] Loss: 0.1741, Accuracy: 93.35 %
-------------------------------
Round [3/4] Average Local Loss: 0.1923, Average Local Accuracy: 92.80 %
-------------------------------
-------- Validation --------
Predictions - 1s: 221, 0s: 231
True Labels - 1s: 238, 0s: 214
Round [3/4] Global Model Validation Loss: 0.3480, Validation Accuracy: 85.18 %
-------- Validation finished --------
Updated best model in round 3 saved with Validation Loss: 0.3480 and Validation Accuracy: 85.18 %
-------------------------------

Round 4 of 4
-------------------------------
Predictions - 1s: 190, 0s: 172
True Labels - 1s: 189, 0s: 173
Client 5 of 5: Local Epoch [1/3] Loss: 0.2882, Accuracy: 89.78 %
Predictions - 1s: 189, 0s: 172
True Labels - 1s: 184, 0s: 177
Client 2 of 5: Local Epoch [1/3] Loss: 0.2617, Accuracy: 90.30 %
Predictions - 1s: 191, 0s: 170
True Labels - 1s: 185, 0s: 176
Client 1 of 5: Local Epoch [1/3] Loss: 0.2743, Accuracy: 88.92 %
Predictions - 1s: 189, 0s: 172
True Labels - 1s: 184, 0s: 177
Client 4 of 5: Local Epoch [1/3] Loss: 0.2891, Accuracy: 86.43 %
Predictions - 1s: 214, 0s: 147
True Labels - 1s: 205, 0s: 156
Client 3 of 5: Local Epoch [1/3] Loss: 0.2850, Accuracy: 88.09 %
Predictions - 1s: 190, 0s: 172
True Labels - 1s: 189, 0s: 173
Client 5 of 5: Local Epoch [2/3] Loss: 0.2260, Accuracy: 90.88 %
Predictions - 1s: 186, 0s: 175
True Labels - 1s: 184, 0s: 177
Client 2 of 5: Local Epoch [2/3] Loss: 0.1893, Accuracy: 92.80 %
Predictions - 1s: 182, 0s: 179
True Labels - 1s: 185, 0s: 176
Client 1 of 5: Local Epoch [2/3] Loss: 0.1766, Accuracy: 93.07 %
Predictions - 1s: 208, 0s: 153
True Labels - 1s: 205, 0s: 156
Client 3 of 5: Local Epoch [2/3] Loss: 0.2153, Accuracy: 91.41 %
Predictions - 1s: 188, 0s: 173
True Labels - 1s: 184, 0s: 177
Client 4 of 5: Local Epoch [2/3] Loss: 0.2182, Accuracy: 90.03 %
Predictions - 1s: 190, 0s: 172
True Labels - 1s: 189, 0s: 173
Client 5 of 5: Local Epoch [3/3] Loss: 0.1720, Accuracy: 93.65 %
Predictions - 1s: 193, 0s: 168
True Labels - 1s: 184, 0s: 177
Client 2 of 5: Local Epoch [3/3] Loss: 0.1700, Accuracy: 94.18 %
Predictions - 1s: 187, 0s: 174
True Labels - 1s: 185, 0s: 176
Client 1 of 5: Local Epoch [3/3] Loss: 0.1685, Accuracy: 93.91 %
Predictions - 1s: 192, 0s: 169
True Labels - 1s: 184, 0s: 177
Client 4 of 5: Local Epoch [3/3] Loss: 0.1569, Accuracy: 94.46 %
Predictions - 1s: 211, 0s: 150
True Labels - 1s: 205, 0s: 156
Client 3 of 5: Local Epoch [3/3] Loss: 0.1906, Accuracy: 93.35 %
-------------------------------
Round [4/4] Average Local Loss: 0.1716, Average Local Accuracy: 93.91 %
-------------------------------
-------- Validation --------
Predictions - 1s: 228, 0s: 224
True Labels - 1s: 238, 0s: 214
Round [4/4] Global Model Validation Loss: 0.3367, Validation Accuracy: 86.28 %
-------- Validation finished --------
Updated best model in round 4 saved with Validation Loss: 0.3367 and Validation Accuracy: 86.28 %
-------------------------------
Best model in round 4 saved with Validation Loss: 0.3367 and Validation Accuracy: 86.28 %

-------- Training finished in 5:41 --------

Test flag enabled. Testing the model

-------- Loading best model from model_path --------
Loaded model bert-small from date 20-04-2024 22:09. Trained with Federated Learning technology.
Round 4, lr: 6e-05, optimizer: AdamW
Average train accuracy: 93.91 %, Validation accuracy: 86.28 %
-------- Best model loaded --------

-------- Creating Test Dataloader --------
Test Loader: 564 total sentences. 71 batches of size 8.
-------- Test Dataloader created --------

-------- Testing --------
Predictions - 1s: 282, 0s: 282
True Labels - 1s: 296, 0s: 268
Nº of test samples: 564
Accuracy: 87.59%
Accuracy 2 : 87.59%
Precision: 87.59%
Recall: 87.68%
F1 Score: 87.58%
Classification report:
              precision    recall  f1-score   support

           0     0.8511    0.8955    0.8727       268
           1     0.9007    0.8581    0.8789       296

    accuracy                         0.8759       564
   macro avg     0.8759    0.8768    0.8758       564
weighted avg     0.8771    0.8759    0.8760       564

-------- Testing finished --------
