Current configuration:
{
    "concurrency_flag": true,
    "data_distribution": "iid",
    "dataset": "mixed_depression",
    "device": "cuda",
    "dp_delta": 0.003,
    "dp_epsilon": 0,
    "eval_batch_size": 4,
    "eval_flag": true,
    "eval_size": 0.2,
    "fed_alg": "fedavg",
    "layers": 3,
    "learning_rate": 6e-05,
    "max_length": 512,
    "ml_mode": "ml",
    "model": "bert_small",
    "model_name": "ml_0_seed7_mixed_depression",
    "models_path": "/local/vpaloma/fabric-federated-learning/ablation_study/phase-4/final/dp/mixed_depression",
    "mu": 0.5,
    "num_clients": 5,
    "num_epochs": 12,
    "num_rounds": 4,
    "optimizer": "AdamW",
    "progress_bar_flag": false,
    "save_model": true,
    "scheduler": "linear",
    "scheduler_warmup_steps": 0,
    "seed": "random",
    "test_flag": true,
    "train_batch_size": 4,
    "train_size": 0.8
}
-------- Configuration loaded --------

-------- Setting device --------
cuda device selected and available.
-------- Device set --------

-------- Setting seed --------
seed set:  741794
-------- Seed set --------

-------- Creating Model --------
-------- Model created --------

-------- Setting Trainable Layers --------
Training the last 3 layers.

Total parameters count: 28764674
Trainable parameters count: 3416066
-------- Trainable Layers set --------

-------- Creating Tokenizer --------
-------- Tokenizer created --------

-------- Creating Train and Eval Dataloaders --------
Train Loader: 1806 total sentences. 452 batches of size 4.
Eval Loader: 452 total sentences. 113 batches of size 4.
-------- Train and Eval Dataloaders created --------

-------- Creating Optimizer --------
-------- Optimizer created --------

-------- Creating Scheduler --------
-------- Scheduler created --------

-------- Training --------
Training with Centralised Machine Learning technology.
Training without differential privacy.
Concurrency flag is set to True, but ml mode is selected. Concurrency flag will be ignored.
Epoch [1/12], Step [100/452], Loss: 0.5411, Accuracy: 69.25 %
Epoch [1/12], Step [200/452], Loss: 0.4667, Accuracy: 76.38 %
Epoch [1/12], Step [300/452], Loss: 0.4294, Accuracy: 79.25 %
Epoch [1/12], Step [400/452], Loss: 0.4089, Accuracy: 80.88 %
Predictions - 1s: 975, 0s: 831
True Labels - 1s: 952, 0s: 854
-------------------------------
Epoch [1/12] Loss: 0.3978, Accuracy: 81.67 %
-------------------------------
-------- Validation --------
Predictions - 1s: 212, 0s: 240
True Labels - 1s: 233, 0s: 219
Validation Loss: 0.3987, Validation Accuracy: 84.29 %
-------- Validation finished --------
Updated best model in epoch 1 saved with Validation Loss: 0.3987 and Validation Accuracy: 84.29 %
-------------------------------
Epoch [2/12], Step [100/452], Loss: 0.2918, Accuracy: 87.75 %
Epoch [2/12], Step [200/452], Loss: 0.2737, Accuracy: 88.38 %
Epoch [2/12], Step [300/452], Loss: 0.2688, Accuracy: 88.58 %
Epoch [2/12], Step [400/452], Loss: 0.2745, Accuracy: 88.62 %
Predictions - 1s: 982, 0s: 824
True Labels - 1s: 952, 0s: 854
-------------------------------
Epoch [2/12] Loss: 0.2677, Accuracy: 89.04 %
-------------------------------
-------- Validation --------
Predictions - 1s: 229, 0s: 223
True Labels - 1s: 233, 0s: 219
Validation Loss: 0.3768, Validation Accuracy: 84.96 %
-------- Validation finished --------
Updated best model in epoch 2 saved with Validation Loss: 0.3768 and Validation Accuracy: 84.96 %
-------------------------------
Epoch [3/12], Step [100/452], Loss: 0.2196, Accuracy: 90.50 %
Epoch [3/12], Step [200/452], Loss: 0.2234, Accuracy: 90.25 %
Epoch [3/12], Step [300/452], Loss: 0.2204, Accuracy: 90.75 %
Epoch [3/12], Step [400/452], Loss: 0.2106, Accuracy: 91.19 %
Predictions - 1s: 973, 0s: 833
True Labels - 1s: 952, 0s: 854
-------------------------------
Epoch [3/12] Loss: 0.2083, Accuracy: 91.31 %
-------------------------------
-------- Validation --------
Predictions - 1s: 259, 0s: 193
True Labels - 1s: 233, 0s: 219
Validation Loss: 0.3738, Validation Accuracy: 85.84 %
-------- Validation finished --------
Updated best model in epoch 3 saved with Validation Loss: 0.3738 and Validation Accuracy: 85.84 %
-------------------------------
Epoch [4/12], Step [100/452], Loss: 0.1112, Accuracy: 95.00 %
Epoch [4/12], Step [200/452], Loss: 0.1441, Accuracy: 94.12 %
Epoch [4/12], Step [300/452], Loss: 0.1554, Accuracy: 93.50 %
Epoch [4/12], Step [400/452], Loss: 0.1605, Accuracy: 93.19 %
Predictions - 1s: 959, 0s: 847
True Labels - 1s: 952, 0s: 854
-------------------------------
Epoch [4/12] Loss: 0.1560, Accuracy: 93.52 %
-------------------------------
-------- Validation --------
Predictions - 1s: 265, 0s: 187
True Labels - 1s: 233, 0s: 219
Validation Loss: 0.4238, Validation Accuracy: 85.40 %
-------- Validation finished --------
Epoch [5/12], Step [100/452], Loss: 0.1424, Accuracy: 94.25 %
Epoch [5/12], Step [200/452], Loss: 0.1399, Accuracy: 94.12 %
Epoch [5/12], Step [300/452], Loss: 0.1440, Accuracy: 94.42 %
Epoch [5/12], Step [400/452], Loss: 0.1317, Accuracy: 95.00 %
Predictions - 1s: 969, 0s: 837
True Labels - 1s: 952, 0s: 854
-------------------------------
Epoch [5/12] Loss: 0.1283, Accuracy: 95.29 %
-------------------------------
-------- Validation --------
Predictions - 1s: 207, 0s: 245
True Labels - 1s: 233, 0s: 219
Validation Loss: 0.4436, Validation Accuracy: 85.84 %
-------- Validation finished --------
Epoch [6/12], Step [100/452], Loss: 0.0971, Accuracy: 96.75 %
Epoch [6/12], Step [200/452], Loss: 0.0830, Accuracy: 97.12 %
Epoch [6/12], Step [300/452], Loss: 0.0870, Accuracy: 97.00 %
Epoch [6/12], Step [400/452], Loss: 0.0853, Accuracy: 96.94 %
Predictions - 1s: 961, 0s: 845
True Labels - 1s: 952, 0s: 854
-------------------------------
Epoch [6/12] Loss: 0.0828, Accuracy: 97.07 %
-------------------------------
-------- Validation --------
Predictions - 1s: 219, 0s: 233
True Labels - 1s: 233, 0s: 219
Validation Loss: 0.4808, Validation Accuracy: 86.28 %
-------- Validation finished --------
Epoch [7/12], Step [100/452], Loss: 0.0626, Accuracy: 97.50 %
Epoch [7/12], Step [200/452], Loss: 0.0695, Accuracy: 97.12 %
Epoch [7/12], Step [300/452], Loss: 0.0675, Accuracy: 97.08 %
Epoch [7/12], Step [400/452], Loss: 0.0698, Accuracy: 96.94 %
Predictions - 1s: 957, 0s: 849
True Labels - 1s: 952, 0s: 854
-------------------------------
Epoch [7/12] Loss: 0.0713, Accuracy: 96.95 %
-------------------------------
-------- Validation --------
Predictions - 1s: 222, 0s: 230
True Labels - 1s: 233, 0s: 219
Validation Loss: 0.4439, Validation Accuracy: 86.95 %
-------- Validation finished --------
Epoch [8/12], Step [100/452], Loss: 0.0551, Accuracy: 97.25 %
Epoch [8/12], Step [200/452], Loss: 0.0541, Accuracy: 97.50 %
Epoch [8/12], Step [300/452], Loss: 0.0535, Accuracy: 97.83 %
Epoch [8/12], Step [400/452], Loss: 0.0521, Accuracy: 97.94 %
Predictions - 1s: 954, 0s: 852
True Labels - 1s: 952, 0s: 854
-------------------------------
Epoch [8/12] Loss: 0.0496, Accuracy: 98.01 %
-------------------------------
-------- Validation --------
Predictions - 1s: 220, 0s: 232
True Labels - 1s: 233, 0s: 219
Validation Loss: 0.5349, Validation Accuracy: 85.18 %
-------- Validation finished --------
Epoch [9/12], Step [100/452], Loss: 0.0332, Accuracy: 99.25 %
Epoch [9/12], Step [200/452], Loss: 0.0379, Accuracy: 99.12 %
Epoch [9/12], Step [300/452], Loss: 0.0340, Accuracy: 99.17 %
Epoch [9/12], Step [400/452], Loss: 0.0326, Accuracy: 99.12 %
Predictions - 1s: 959, 0s: 847
True Labels - 1s: 952, 0s: 854
-------------------------------
Epoch [9/12] Loss: 0.0376, Accuracy: 98.84 %
-------------------------------
-------- Validation --------
Predictions - 1s: 218, 0s: 234
True Labels - 1s: 233, 0s: 219
Validation Loss: 0.5097, Validation Accuracy: 86.06 %
-------- Validation finished --------
Epoch [10/12], Step [100/452], Loss: 0.0329, Accuracy: 99.25 %
Epoch [10/12], Step [200/452], Loss: 0.0383, Accuracy: 98.62 %
Epoch [10/12], Step [300/452], Loss: 0.0368, Accuracy: 98.75 %
Epoch [10/12], Step [400/452], Loss: 0.0322, Accuracy: 99.00 %
Predictions - 1s: 955, 0s: 851
True Labels - 1s: 952, 0s: 854
-------------------------------
Epoch [10/12] Loss: 0.0316, Accuracy: 99.06 %
-------------------------------
-------- Validation --------
Predictions - 1s: 226, 0s: 226
True Labels - 1s: 233, 0s: 219
Validation Loss: 0.5366, Validation Accuracy: 87.39 %
-------- Validation finished --------
Epoch [11/12], Step [100/452], Loss: 0.0339, Accuracy: 98.75 %
Epoch [11/12], Step [200/452], Loss: 0.0237, Accuracy: 99.38 %
Epoch [11/12], Step [300/452], Loss: 0.0231, Accuracy: 99.42 %
Epoch [11/12], Step [400/452], Loss: 0.0268, Accuracy: 99.25 %
Predictions - 1s: 956, 0s: 850
True Labels - 1s: 952, 0s: 854
-------------------------------
Epoch [11/12] Loss: 0.0276, Accuracy: 99.22 %
-------------------------------
-------- Validation --------
Predictions - 1s: 226, 0s: 226
True Labels - 1s: 233, 0s: 219
Validation Loss: 0.5387, Validation Accuracy: 87.39 %
-------- Validation finished --------
Epoch [12/12], Step [100/452], Loss: 0.0350, Accuracy: 98.75 %
Epoch [12/12], Step [200/452], Loss: 0.0269, Accuracy: 99.25 %
Epoch [12/12], Step [300/452], Loss: 0.0245, Accuracy: 99.33 %
Epoch [12/12], Step [400/452], Loss: 0.0216, Accuracy: 99.44 %
Predictions - 1s: 951, 0s: 855
True Labels - 1s: 952, 0s: 854
-------------------------------
Epoch [12/12] Loss: 0.0206, Accuracy: 99.50 %
-------------------------------
-------- Validation --------
Predictions - 1s: 223, 0s: 229
True Labels - 1s: 233, 0s: 219
Validation Loss: 0.5399, Validation Accuracy: 86.73 %
-------- Validation finished --------
Best model in epoch 3 saved with with Validation Loss: 0.3738 and Validation Accuracy: 85.84 %

-------- Training finished in 1:45 --------

Test flag enabled. Testing the model

-------- Loading best model from model_path --------
Loaded model bert-small from date 20-04-2024 17:53. Trained with Centralised Machine Learning technology.
Epoch 3, lr: 6e-05, optimizer: AdamW
Train accuracy: 91.31 %, Validation accuracy: 85.84 %
-------- Best model loaded --------

-------- Creating Test Dataloader --------
Test Loader: 564 total sentences. 71 batches of size 8.
-------- Test Dataloader created --------

-------- Testing --------
Predictions - 1s: 310, 0s: 254
True Labels - 1s: 296, 0s: 268
Nº of test samples: 564
Accuracy: 88.65%
Accuracy 2 : 88.65%
Precision: 88.79%
Recall: 88.50%
F1 Score: 88.59%
Classification report:
              precision    recall  f1-score   support

           0     0.9016    0.8545    0.8774       268
           1     0.8742    0.9155    0.8944       296

    accuracy                         0.8865       564
   macro avg     0.8879    0.8850    0.8859       564
weighted avg     0.8872    0.8865    0.8863       564

-------- Testing finished --------
