Current configuration:
{
    "concurrency_flag": true,
    "data_distribution": "iid",
    "dataset": "mixed_depression",
    "device": "cuda",
    "dp_delta": 0.003,
    "dp_epsilon": 0.5,
    "eval_batch_size": 4,
    "eval_flag": true,
    "eval_size": 0.2,
    "fed_alg": "fedavg",
    "layers": 3,
    "learning_rate": 0.0006,
    "max_length": 512,
    "ml_mode": "ml",
    "model": "bert_small",
    "model_name": "ml_0.5_seed10_mixed_depression",
    "models_path": "/local/vpaloma/fabric-federated-learning/ablation_study/phase-4/final/dp/mixed_depression",
    "mu": 0.5,
    "num_clients": 5,
    "num_epochs": 12,
    "num_rounds": 4,
    "optimizer": "AdamW",
    "progress_bar_flag": false,
    "save_model": true,
    "scheduler": "linear",
    "scheduler_warmup_steps": 0,
    "seed": "random",
    "test_flag": true,
    "train_batch_size": 4,
    "train_size": 0.8
}
-------- Configuration loaded --------

-------- Setting device --------
cuda device selected and available.
-------- Device set --------

-------- Setting seed --------
seed set:  301702
-------- Seed set --------

-------- Creating Model --------
-------- Model created --------

-------- Setting Trainable Layers --------
Training the last 3 layers.

Total parameters count: 28764674
Trainable parameters count: 3416066
-------- Trainable Layers set --------

-------- Creating Tokenizer --------
-------- Tokenizer created --------

-------- Creating Train and Eval Dataloaders --------
Train Loader: 1806 total sentences. 452 batches of size 4.
Eval Loader: 452 total sentences. 113 batches of size 4.
-------- Train and Eval Dataloaders created --------

-------- Creating Optimizer --------
-------- Optimizer created --------

-------- Creating Scheduler --------
-------- Scheduler created --------

-------- Training --------
Training with Centralised Machine Learning technology.
Training with differential privacy.
Concurrency flag is set to True, but ml mode is selected. Concurrency flag will be ignored.
max_grad_norm:  1.5
Epoch [1/12], Step [100/452], Loss: 0.6886, Accuracy: 52.00 %, Epsilon: 0.05, Delta: 0.0030
Epoch [1/12], Step [200/452], Loss: 0.6736, Accuracy: 55.38 %, Epsilon: 0.07, Delta: 0.0030
Epoch [1/12], Step [300/452], Loss: 0.6932, Accuracy: 53.67 %, Epsilon: 0.09, Delta: 0.0030
Epoch [1/12], Step [400/452], Loss: 0.6836, Accuracy: 54.44 %, Epsilon: 0.11, Delta: 0.0030
Predictions - 1s: 1496, 0s: 310
True Labels - 1s: 955, 0s: 851
-------------------------------
Epoch [1/12] Loss: 0.6775, Accuracy: 55.20 %, Epsilon: 0.11, Delta: 0.0030
-------------------------------
-------- Validation --------
Predictions - 1s: 404, 0s: 48
True Labels - 1s: 230, 0s: 222
Validation Loss: 0.6333, Validation Accuracy: 58.85 %
-------- Validation finished --------
Updated best model in epoch 1 saved with Validation Loss: 0.6333 and Validation Accuracy: 58.85 %
-------------------------------
Epoch [2/12], Step [100/452], Loss: 0.6654, Accuracy: 57.00 %, Epsilon: 0.13, Delta: 0.0030
Epoch [2/12], Step [200/452], Loss: 0.6894, Accuracy: 56.62 %, Epsilon: 0.14, Delta: 0.0030
Epoch [2/12], Step [300/452], Loss: 0.7355, Accuracy: 54.92 %, Epsilon: 0.15, Delta: 0.0030
Epoch [2/12], Step [400/452], Loss: 0.7583, Accuracy: 54.00 %, Epsilon: 0.16, Delta: 0.0030
Predictions - 1s: 1790, 0s: 16
True Labels - 1s: 955, 0s: 851
-------------------------------
Epoch [2/12] Loss: 0.7717, Accuracy: 53.54 %, Epsilon: 0.17, Delta: 0.0030
-------------------------------
-------- Validation --------
Predictions - 1s: 452, 0s: 0
True Labels - 1s: 230, 0s: 222
Validation Loss: 0.7883, Validation Accuracy: 50.88 %
-------- Validation finished --------
Epoch [3/12], Step [100/452], Loss: 0.8192, Accuracy: 53.50 %, Epsilon: 0.18, Delta: 0.0030
Epoch [3/12], Step [200/452], Loss: 0.8103, Accuracy: 53.38 %, Epsilon: 0.19, Delta: 0.0030
Epoch [3/12], Step [300/452], Loss: 0.7939, Accuracy: 54.50 %, Epsilon: 0.20, Delta: 0.0030
Epoch [3/12], Step [400/452], Loss: 0.7973, Accuracy: 54.56 %, Epsilon: 0.21, Delta: 0.0030
Predictions - 1s: 1764, 0s: 42
True Labels - 1s: 955, 0s: 851
-------------------------------
Epoch [3/12] Loss: 0.8000, Accuracy: 54.76 %, Epsilon: 0.22, Delta: 0.0030
-------------------------------
-------- Validation --------
Predictions - 1s: 428, 0s: 24
True Labels - 1s: 230, 0s: 222
Validation Loss: 0.7741, Validation Accuracy: 55.75 %
-------- Validation finished --------
Epoch [4/12], Step [100/452], Loss: 0.7696, Accuracy: 59.25 %, Epsilon: 0.23, Delta: 0.0030
Epoch [4/12], Step [200/452], Loss: 0.7703, Accuracy: 57.38 %, Epsilon: 0.24, Delta: 0.0030
Epoch [4/12], Step [300/452], Loss: 0.7839, Accuracy: 57.25 %, Epsilon: 0.24, Delta: 0.0030
Epoch [4/12], Step [400/452], Loss: 0.7605, Accuracy: 58.38 %, Epsilon: 0.25, Delta: 0.0030
Predictions - 1s: 1657, 0s: 149
True Labels - 1s: 955, 0s: 851
-------------------------------
Epoch [4/12] Loss: 0.7471, Accuracy: 59.25 %, Epsilon: 0.26, Delta: 0.0030
-------------------------------
-------- Validation --------
Predictions - 1s: 339, 0s: 113
True Labels - 1s: 230, 0s: 222
Validation Loss: 0.6106, Validation Accuracy: 71.02 %
-------- Validation finished --------
Updated best model in epoch 4 saved with Validation Loss: 0.6106 and Validation Accuracy: 71.02 %
-------------------------------
Epoch [5/12], Step [100/452], Loss: 0.7296, Accuracy: 62.75 %, Epsilon: 0.27, Delta: 0.0030
Epoch [5/12], Step [200/452], Loss: 0.6812, Accuracy: 64.50 %, Epsilon: 0.27, Delta: 0.0030
Epoch [5/12], Step [300/452], Loss: 0.6638, Accuracy: 65.50 %, Epsilon: 0.28, Delta: 0.0030
Epoch [5/12], Step [400/452], Loss: 0.6398, Accuracy: 67.31 %, Epsilon: 0.29, Delta: 0.0030
Predictions - 1s: 1399, 0s: 407
True Labels - 1s: 955, 0s: 851
-------------------------------
Epoch [5/12] Loss: 0.6292, Accuracy: 67.77 %, Epsilon: 0.29, Delta: 0.0030
-------------------------------
-------- Validation --------
Predictions - 1s: 262, 0s: 190
True Labels - 1s: 230, 0s: 222
Validation Loss: 0.5251, Validation Accuracy: 73.45 %
-------- Validation finished --------
Updated best model in epoch 5 saved with Validation Loss: 0.5251 and Validation Accuracy: 73.45 %
-------------------------------
Epoch [6/12], Step [100/452], Loss: 0.5983, Accuracy: 71.00 %, Epsilon: 0.30, Delta: 0.0030
Epoch [6/12], Step [200/452], Loss: 0.5958, Accuracy: 70.88 %, Epsilon: 0.31, Delta: 0.0030
Epoch [6/12], Step [300/452], Loss: 0.5923, Accuracy: 70.92 %, Epsilon: 0.32, Delta: 0.0030
Epoch [6/12], Step [400/452], Loss: 0.5859, Accuracy: 70.94 %, Epsilon: 0.32, Delta: 0.0030
Predictions - 1s: 1256, 0s: 550
True Labels - 1s: 955, 0s: 851
-------------------------------
Epoch [6/12] Loss: 0.5820, Accuracy: 71.37 %, Epsilon: 0.33, Delta: 0.0030
-------------------------------
-------- Validation --------
Predictions - 1s: 243, 0s: 209
True Labels - 1s: 230, 0s: 222
Validation Loss: 0.5205, Validation Accuracy: 75.44 %
-------- Validation finished --------
Updated best model in epoch 6 saved with Validation Loss: 0.5205 and Validation Accuracy: 75.44 %
-------------------------------
Epoch [7/12], Step [100/452], Loss: 0.5123, Accuracy: 77.00 %, Epsilon: 0.33, Delta: 0.0030
Epoch [7/12], Step [200/452], Loss: 0.5559, Accuracy: 74.12 %, Epsilon: 0.34, Delta: 0.0030
Epoch [7/12], Step [300/452], Loss: 0.5538, Accuracy: 74.00 %, Epsilon: 0.35, Delta: 0.0030
Epoch [7/12], Step [400/452], Loss: 0.5649, Accuracy: 73.38 %, Epsilon: 0.36, Delta: 0.0030
Predictions - 1s: 1079, 0s: 727
True Labels - 1s: 955, 0s: 851
-------------------------------
Epoch [7/12] Loss: 0.5574, Accuracy: 73.75 %, Epsilon: 0.36, Delta: 0.0030
-------------------------------
-------- Validation --------
Predictions - 1s: 201, 0s: 251
True Labels - 1s: 230, 0s: 222
Validation Loss: 0.5366, Validation Accuracy: 76.77 %
-------- Validation finished --------
Epoch [8/12], Step [100/452], Loss: 0.5409, Accuracy: 74.75 %, Epsilon: 0.37, Delta: 0.0030
Epoch [8/12], Step [200/452], Loss: 0.5718, Accuracy: 74.25 %, Epsilon: 0.37, Delta: 0.0030
Epoch [8/12], Step [300/452], Loss: 0.5618, Accuracy: 74.92 %, Epsilon: 0.38, Delta: 0.0030
Epoch [8/12], Step [400/452], Loss: 0.5592, Accuracy: 74.94 %, Epsilon: 0.39, Delta: 0.0030
Predictions - 1s: 976, 0s: 830
True Labels - 1s: 955, 0s: 851
-------------------------------
Epoch [8/12] Loss: 0.5600, Accuracy: 74.92 %, Epsilon: 0.39, Delta: 0.0030
-------------------------------
-------- Validation --------
Predictions - 1s: 195, 0s: 257
True Labels - 1s: 230, 0s: 222
Validation Loss: 0.5646, Validation Accuracy: 75.88 %
-------- Validation finished --------
Epoch [9/12], Step [100/452], Loss: 0.5423, Accuracy: 78.25 %, Epsilon: 0.40, Delta: 0.0030
Epoch [9/12], Step [200/452], Loss: 0.5363, Accuracy: 76.50 %, Epsilon: 0.40, Delta: 0.0030
Epoch [9/12], Step [300/452], Loss: 0.5524, Accuracy: 75.75 %, Epsilon: 0.41, Delta: 0.0030
Epoch [9/12], Step [400/452], Loss: 0.5538, Accuracy: 76.06 %, Epsilon: 0.41, Delta: 0.0030
Predictions - 1s: 960, 0s: 846
True Labels - 1s: 955, 0s: 851
-------------------------------
Epoch [9/12] Loss: 0.5617, Accuracy: 76.02 %, Epsilon: 0.42, Delta: 0.0030
-------------------------------
-------- Validation --------
Predictions - 1s: 185, 0s: 267
True Labels - 1s: 230, 0s: 222
Validation Loss: 0.5852, Validation Accuracy: 75.44 %
-------- Validation finished --------
Epoch [10/12], Step [100/452], Loss: 0.4876, Accuracy: 79.00 %, Epsilon: 0.42, Delta: 0.0030
Epoch [10/12], Step [200/452], Loss: 0.5466, Accuracy: 77.25 %, Epsilon: 0.43, Delta: 0.0030
Epoch [10/12], Step [300/452], Loss: 0.5654, Accuracy: 75.58 %, Epsilon: 0.44, Delta: 0.0030
Epoch [10/12], Step [400/452], Loss: 0.5714, Accuracy: 76.12 %, Epsilon: 0.44, Delta: 0.0030
Predictions - 1s: 955, 0s: 851
True Labels - 1s: 955, 0s: 851
-------------------------------
Epoch [10/12] Loss: 0.5731, Accuracy: 75.97 %, Epsilon: 0.44, Delta: 0.0030
-------------------------------
-------- Validation --------
Predictions - 1s: 199, 0s: 253
True Labels - 1s: 230, 0s: 222
Validation Loss: 0.5793, Validation Accuracy: 76.33 %
-------- Validation finished --------
Epoch [11/12], Step [100/452], Loss: 0.5749, Accuracy: 77.75 %, Epsilon: 0.45, Delta: 0.0030
Epoch [11/12], Step [200/452], Loss: 0.5592, Accuracy: 76.75 %, Epsilon: 0.46, Delta: 0.0030
Epoch [11/12], Step [300/452], Loss: 0.5476, Accuracy: 76.42 %, Epsilon: 0.46, Delta: 0.0030
Epoch [11/12], Step [400/452], Loss: 0.5721, Accuracy: 76.12 %, Epsilon: 0.47, Delta: 0.0030
Predictions - 1s: 974, 0s: 832
True Labels - 1s: 955, 0s: 851
-------------------------------
Epoch [11/12] Loss: 0.5917, Accuracy: 75.58 %, Epsilon: 0.47, Delta: 0.0030
-------------------------------
-------- Validation --------
Predictions - 1s: 200, 0s: 252
True Labels - 1s: 230, 0s: 222
Validation Loss: 0.5911, Validation Accuracy: 76.55 %
-------- Validation finished --------
Epoch [12/12], Step [100/452], Loss: 0.5879, Accuracy: 76.75 %, Epsilon: 0.48, Delta: 0.0030
Epoch [12/12], Step [200/452], Loss: 0.5902, Accuracy: 76.62 %, Epsilon: 0.48, Delta: 0.0030
Epoch [12/12], Step [300/452], Loss: 0.5893, Accuracy: 76.50 %, Epsilon: 0.49, Delta: 0.0030
Epoch [12/12], Step [400/452], Loss: 0.5825, Accuracy: 76.38 %, Epsilon: 0.49, Delta: 0.0030
Predictions - 1s: 967, 0s: 839
True Labels - 1s: 955, 0s: 851
-------------------------------
Epoch [12/12] Loss: 0.6010, Accuracy: 75.97 %, Epsilon: 0.50, Delta: 0.0030
-------------------------------
-------- Validation --------
Predictions - 1s: 200, 0s: 252
True Labels - 1s: 230, 0s: 222
Validation Loss: 0.5943, Validation Accuracy: 76.99 %
-------- Validation finished --------
Best model in epoch 6 saved with with Validation Loss: 0.5205 and Validation Accuracy: 75.44 %

-------- Training finished in 3:34 --------

Test flag enabled. Testing the model

-------- Loading best model from model_path --------
Loaded model bert-small from date 20-04-2024 16:48. Trained with Centralised Machine Learning technology.
Epoch 6, lr: 0.0006, optimizer: DPOptimizer
Train accuracy: 71.37 %, Validation accuracy: 75.44 %
-------- Best model loaded --------

-------- Creating Test Dataloader --------
Test Loader: 564 total sentences. 71 batches of size 8.
-------- Test Dataloader created --------

-------- Testing --------
Predictions - 1s: 294, 0s: 270
True Labels - 1s: 296, 0s: 268
Nº of test samples: 564
Accuracy: 75.89%
Accuracy 2 : 75.89%
Precision: 75.83%
Recall: 75.84%
F1 Score: 75.84%
Classification report:
              precision    recall  f1-score   support

           0     0.7444    0.7500    0.7472       268
           1     0.7721    0.7669    0.7695       296

    accuracy                         0.7589       564
   macro avg     0.7583    0.7584    0.7584       564
weighted avg     0.7590    0.7589    0.7589       564

-------- Testing finished --------
