Current configuration:
{
    "concurrency_flag": true,
    "data_distribution": "iid",
    "dataset": "mixed_depression",
    "device": "cuda",
    "dp_delta": 0.003,
    "dp_epsilon": 10,
    "eval_batch_size": 4,
    "eval_flag": true,
    "eval_size": 0.2,
    "fed_alg": "fedavg",
    "layers": 3,
    "learning_rate": 0.0006,
    "max_length": 512,
    "ml_mode": "ml",
    "model": "bert_small",
    "model_name": "ml_10_seed2_mixed_depression",
    "models_path": "/local/vpaloma/fabric-federated-learning/ablation_study/phase-4/final/dp/mixed_depression",
    "mu": 0.5,
    "num_clients": 5,
    "num_epochs": 12,
    "num_rounds": 4,
    "optimizer": "AdamW",
    "progress_bar_flag": false,
    "save_model": true,
    "scheduler": "linear",
    "scheduler_warmup_steps": 0,
    "seed": "random",
    "test_flag": true,
    "train_batch_size": 4,
    "train_size": 0.8
}
-------- Configuration loaded --------

-------- Setting device --------
cuda device selected and available.
-------- Device set --------

-------- Setting seed --------
seed set:  914530
-------- Seed set --------

-------- Creating Model --------
-------- Model created --------

-------- Setting Trainable Layers --------
Training the last 3 layers.

Total parameters count: 28764674
Trainable parameters count: 3416066
-------- Trainable Layers set --------

-------- Creating Tokenizer --------
-------- Tokenizer created --------

-------- Creating Train and Eval Dataloaders --------
Train Loader: 1806 total sentences. 452 batches of size 4.
Eval Loader: 452 total sentences. 113 batches of size 4.
-------- Train and Eval Dataloaders created --------

-------- Creating Optimizer --------
-------- Optimizer created --------

-------- Creating Scheduler --------
-------- Scheduler created --------

-------- Training --------
Training with Centralised Machine Learning technology.
Training with differential privacy.
Concurrency flag is set to True, but ml mode is selected. Concurrency flag will be ignored.
max_grad_norm:  1.5
Epoch [1/12], Step [100/452], Loss: 0.6976, Accuracy: 54.75 %, Epsilon: 1.93, Delta: 0.0030
Epoch [1/12], Step [200/452], Loss: 0.6708, Accuracy: 58.12 %, Epsilon: 2.59, Delta: 0.0030
Epoch [1/12], Step [300/452], Loss: 0.6891, Accuracy: 57.58 %, Epsilon: 3.01, Delta: 0.0030
Epoch [1/12], Step [400/452], Loss: 0.7391, Accuracy: 56.25 %, Epsilon: 3.33, Delta: 0.0030
Predictions - 1s: 1650, 0s: 156
True Labels - 1s: 963, 0s: 843
-------------------------------
Epoch [1/12] Loss: 0.7579, Accuracy: 55.87 %, Epsilon: 3.48, Delta: 0.0030
-------------------------------
-------- Validation --------
Predictions - 1s: 431, 0s: 21
True Labels - 1s: 222, 0s: 230
Validation Loss: 0.8711, Validation Accuracy: 51.99 %
-------- Validation finished --------
Updated best model in epoch 1 saved with Validation Loss: 0.8711 and Validation Accuracy: 51.99 %
-------------------------------
Epoch [2/12], Step [100/452], Loss: 0.8274, Accuracy: 54.50 %, Epsilon: 3.74, Delta: 0.0030
Epoch [2/12], Step [200/452], Loss: 0.7983, Accuracy: 57.12 %, Epsilon: 3.97, Delta: 0.0030
Epoch [2/12], Step [300/452], Loss: 0.7754, Accuracy: 59.50 %, Epsilon: 4.18, Delta: 0.0030
Epoch [2/12], Step [400/452], Loss: 0.7456, Accuracy: 61.38 %, Epsilon: 4.38, Delta: 0.0030
Predictions - 1s: 1562, 0s: 244
True Labels - 1s: 963, 0s: 843
-------------------------------
Epoch [2/12] Loss: 0.7280, Accuracy: 62.85 %, Epsilon: 4.48, Delta: 0.0030
-------------------------------
-------- Validation --------
Predictions - 1s: 260, 0s: 192
True Labels - 1s: 222, 0s: 230
Validation Loss: 0.6466, Validation Accuracy: 69.91 %
-------- Validation finished --------
Updated best model in epoch 2 saved with Validation Loss: 0.6466 and Validation Accuracy: 69.91 %
-------------------------------
Epoch [3/12], Step [100/452], Loss: 0.5346, Accuracy: 74.00 %, Epsilon: 4.67, Delta: 0.0030
Epoch [3/12], Step [200/452], Loss: 0.5844, Accuracy: 73.50 %, Epsilon: 4.84, Delta: 0.0030
Epoch [3/12], Step [300/452], Loss: 0.5716, Accuracy: 75.00 %, Epsilon: 5.01, Delta: 0.0030
Epoch [3/12], Step [400/452], Loss: 0.5848, Accuracy: 75.06 %, Epsilon: 5.18, Delta: 0.0030
Predictions - 1s: 926, 0s: 880
True Labels - 1s: 963, 0s: 843
-------------------------------
Epoch [3/12] Loss: 0.6008, Accuracy: 74.47 %, Epsilon: 5.26, Delta: 0.0030
-------------------------------
-------- Validation --------
Predictions - 1s: 218, 0s: 234
True Labels - 1s: 222, 0s: 230
Validation Loss: 0.7679, Validation Accuracy: 72.57 %
-------- Validation finished --------
Epoch [4/12], Step [100/452], Loss: 0.6869, Accuracy: 74.25 %, Epsilon: 5.41, Delta: 0.0030
Epoch [4/12], Step [200/452], Loss: 0.6887, Accuracy: 73.62 %, Epsilon: 5.57, Delta: 0.0030
Epoch [4/12], Step [300/452], Loss: 0.6887, Accuracy: 74.17 %, Epsilon: 5.71, Delta: 0.0030
Epoch [4/12], Step [400/452], Loss: 0.6724, Accuracy: 74.88 %, Epsilon: 5.86, Delta: 0.0030
Predictions - 1s: 937, 0s: 869
True Labels - 1s: 963, 0s: 843
-------------------------------
Epoch [4/12] Loss: 0.6712, Accuracy: 75.30 %, Epsilon: 5.93, Delta: 0.0030
-------------------------------
-------- Validation --------
Predictions - 1s: 206, 0s: 246
True Labels - 1s: 222, 0s: 230
Validation Loss: 0.8083, Validation Accuracy: 73.89 %
-------- Validation finished --------
Epoch [5/12], Step [100/452], Loss: 0.7112, Accuracy: 74.25 %, Epsilon: 6.07, Delta: 0.0030
Epoch [5/12], Step [200/452], Loss: 0.6942, Accuracy: 74.62 %, Epsilon: 6.21, Delta: 0.0030
Epoch [5/12], Step [300/452], Loss: 0.7086, Accuracy: 74.50 %, Epsilon: 6.34, Delta: 0.0030
Epoch [5/12], Step [400/452], Loss: 0.7055, Accuracy: 75.50 %, Epsilon: 6.48, Delta: 0.0030
Predictions - 1s: 950, 0s: 856
True Labels - 1s: 963, 0s: 843
-------------------------------
Epoch [5/12] Loss: 0.6972, Accuracy: 75.80 %, Epsilon: 6.54, Delta: 0.0030
-------------------------------
-------- Validation --------
Predictions - 1s: 194, 0s: 258
True Labels - 1s: 222, 0s: 230
Validation Loss: 0.8384, Validation Accuracy: 73.89 %
-------- Validation finished --------
Epoch [6/12], Step [100/452], Loss: 0.6543, Accuracy: 77.50 %, Epsilon: 6.67, Delta: 0.0030
Epoch [6/12], Step [200/452], Loss: 0.6920, Accuracy: 76.88 %, Epsilon: 6.80, Delta: 0.0030
Epoch [6/12], Step [300/452], Loss: 0.6865, Accuracy: 77.17 %, Epsilon: 6.93, Delta: 0.0030
Epoch [6/12], Step [400/452], Loss: 0.6915, Accuracy: 76.94 %, Epsilon: 7.05, Delta: 0.0030
Predictions - 1s: 943, 0s: 863
True Labels - 1s: 963, 0s: 843
-------------------------------
Epoch [6/12] Loss: 0.6947, Accuracy: 76.74 %, Epsilon: 7.11, Delta: 0.0030
-------------------------------
-------- Validation --------
Predictions - 1s: 245, 0s: 207
True Labels - 1s: 222, 0s: 230
Validation Loss: 0.8037, Validation Accuracy: 75.44 %
-------- Validation finished --------
Epoch [7/12], Step [100/452], Loss: 0.7693, Accuracy: 77.00 %, Epsilon: 7.23, Delta: 0.0030
Epoch [7/12], Step [200/452], Loss: 0.6881, Accuracy: 78.88 %, Epsilon: 7.35, Delta: 0.0030
Epoch [7/12], Step [300/452], Loss: 0.6921, Accuracy: 77.75 %, Epsilon: 7.47, Delta: 0.0030
Epoch [7/12], Step [400/452], Loss: 0.6951, Accuracy: 77.56 %, Epsilon: 7.59, Delta: 0.0030
Predictions - 1s: 982, 0s: 824
True Labels - 1s: 963, 0s: 843
-------------------------------
Epoch [7/12] Loss: 0.6902, Accuracy: 77.80 %, Epsilon: 7.65, Delta: 0.0030
-------------------------------
-------- Validation --------
Predictions - 1s: 192, 0s: 260
True Labels - 1s: 222, 0s: 230
Validation Loss: 0.8417, Validation Accuracy: 75.66 %
-------- Validation finished --------
Epoch [8/12], Step [100/452], Loss: 0.8351, Accuracy: 74.75 %, Epsilon: 7.76, Delta: 0.0030
Epoch [8/12], Step [200/452], Loss: 0.7621, Accuracy: 76.38 %, Epsilon: 7.87, Delta: 0.0030
Epoch [8/12], Step [300/452], Loss: 0.7388, Accuracy: 76.58 %, Epsilon: 7.99, Delta: 0.0030
Epoch [8/12], Step [400/452], Loss: 0.7171, Accuracy: 77.25 %, Epsilon: 8.10, Delta: 0.0030
Predictions - 1s: 936, 0s: 870
True Labels - 1s: 963, 0s: 843
-------------------------------
Epoch [8/12] Loss: 0.7140, Accuracy: 77.46 %, Epsilon: 8.15, Delta: 0.0030
-------------------------------
-------- Validation --------
Predictions - 1s: 211, 0s: 241
True Labels - 1s: 222, 0s: 230
Validation Loss: 0.8143, Validation Accuracy: 77.21 %
-------- Validation finished --------
Epoch [9/12], Step [100/452], Loss: 0.7210, Accuracy: 77.00 %, Epsilon: 8.26, Delta: 0.0030
Epoch [9/12], Step [200/452], Loss: 0.7116, Accuracy: 77.25 %, Epsilon: 8.37, Delta: 0.0030
Epoch [9/12], Step [300/452], Loss: 0.6976, Accuracy: 77.67 %, Epsilon: 8.48, Delta: 0.0030
Epoch [9/12], Step [400/452], Loss: 0.7051, Accuracy: 78.00 %, Epsilon: 8.58, Delta: 0.0030
Predictions - 1s: 988, 0s: 818
True Labels - 1s: 963, 0s: 843
-------------------------------
Epoch [9/12] Loss: 0.6915, Accuracy: 78.46 %, Epsilon: 8.64, Delta: 0.0030
-------------------------------
-------- Validation --------
Predictions - 1s: 197, 0s: 255
True Labels - 1s: 222, 0s: 230
Validation Loss: 0.8630, Validation Accuracy: 76.77 %
-------- Validation finished --------
Epoch [10/12], Step [100/452], Loss: 0.7714, Accuracy: 78.00 %, Epsilon: 8.74, Delta: 0.0030
Epoch [10/12], Step [200/452], Loss: 0.7507, Accuracy: 78.25 %, Epsilon: 8.85, Delta: 0.0030
Epoch [10/12], Step [300/452], Loss: 0.7252, Accuracy: 78.67 %, Epsilon: 8.95, Delta: 0.0030
Epoch [10/12], Step [400/452], Loss: 0.7117, Accuracy: 79.00 %, Epsilon: 9.05, Delta: 0.0030
Predictions - 1s: 965, 0s: 841
True Labels - 1s: 963, 0s: 843
-------------------------------
Epoch [10/12] Loss: 0.7017, Accuracy: 79.18 %, Epsilon: 9.11, Delta: 0.0030
-------------------------------
-------- Validation --------
Predictions - 1s: 200, 0s: 252
True Labels - 1s: 222, 0s: 230
Validation Loss: 0.8535, Validation Accuracy: 76.55 %
-------- Validation finished --------
Epoch [11/12], Step [100/452], Loss: 0.7526, Accuracy: 78.75 %, Epsilon: 9.21, Delta: 0.0030
Epoch [11/12], Step [200/452], Loss: 0.7129, Accuracy: 79.62 %, Epsilon: 9.31, Delta: 0.0030
Epoch [11/12], Step [300/452], Loss: 0.7365, Accuracy: 79.00 %, Epsilon: 9.41, Delta: 0.0030
Epoch [11/12], Step [400/452], Loss: 0.7177, Accuracy: 79.56 %, Epsilon: 9.51, Delta: 0.0030
Predictions - 1s: 968, 0s: 838
True Labels - 1s: 963, 0s: 843
-------------------------------
Epoch [11/12] Loss: 0.7172, Accuracy: 79.46 %, Epsilon: 9.56, Delta: 0.0030
-------------------------------
-------- Validation --------
Predictions - 1s: 211, 0s: 241
True Labels - 1s: 222, 0s: 230
Validation Loss: 0.8359, Validation Accuracy: 78.10 %
-------- Validation finished --------
Epoch [12/12], Step [100/452], Loss: 0.7815, Accuracy: 77.25 %, Epsilon: 9.66, Delta: 0.0030
Epoch [12/12], Step [200/452], Loss: 0.7606, Accuracy: 77.75 %, Epsilon: 9.75, Delta: 0.0030
Epoch [12/12], Step [300/452], Loss: 0.7611, Accuracy: 77.83 %, Epsilon: 9.85, Delta: 0.0030
Epoch [12/12], Step [400/452], Loss: 0.7463, Accuracy: 77.81 %, Epsilon: 9.95, Delta: 0.0030
Predictions - 1s: 986, 0s: 820
True Labels - 1s: 963, 0s: 843
-------------------------------
Epoch [12/12] Loss: 0.7216, Accuracy: 78.02 %, Epsilon: 10.00, Delta: 0.0030
-------------------------------
-------- Validation --------
Predictions - 1s: 205, 0s: 247
True Labels - 1s: 222, 0s: 230
Validation Loss: 0.8417, Validation Accuracy: 77.65 %
-------- Validation finished --------
Best model in epoch 2 saved with with Validation Loss: 0.6466 and Validation Accuracy: 69.91 %

-------- Training finished in 4:15 --------

Test flag enabled. Testing the model

-------- Loading best model from model_path --------
Loaded model bert-small from date 20-04-2024 18:54. Trained with Centralised Machine Learning technology.
Epoch 2, lr: 0.0006, optimizer: DPOptimizer
Train accuracy: 62.85 %, Validation accuracy: 69.91 %
-------- Best model loaded --------

-------- Creating Test Dataloader --------
Test Loader: 564 total sentences. 71 batches of size 8.
-------- Test Dataloader created --------

-------- Testing --------
Predictions - 1s: 303, 0s: 261
True Labels - 1s: 296, 0s: 268
Nº of test samples: 564
Accuracy: 75.71%
Accuracy 2 : 75.71%
Precision: 75.67%
Recall: 75.59%
F1 Score: 75.62%
Classification report:
              precision    recall  f1-score   support

           0     0.7510    0.7313    0.7410       268
           1     0.7624    0.7804    0.7713       296

    accuracy                         0.7571       564
   macro avg     0.7567    0.7559    0.7562       564
weighted avg     0.7570    0.7571    0.7569       564

-------- Testing finished --------
