Current configuration:
{
    "concurrency_flag": false,
    "data_distribution": "iid",
    "dataset": "dreaddit",
    "device": "cuda",
    "dp_delta": 0.003,
    "dp_epsilon": 0,
    "eval_batch_size": 4,
    "eval_flag": true,
    "eval_size": 0.2,
    "fed_alg": "fedprox",
    "layers": 3,
    "learning_rate": 6e-05,
    "max_length": 512,
    "ml_mode": "fl",
    "model": "bert_small",
    "model_name": "fedprox_iid_seed3_dreaddit",
    "models_path": "/local/vpaloma/fabric-federated-learning/ablation_study/phase-2/2-fed-data_dist-dataset/dreaddit",
    "mu": 0.5,
    "num_clients": 5,
    "num_epochs": 3,
    "num_rounds": 4,
    "optimizer": "AdamW",
    "progress_bar_flag": false,
    "save_model": true,
    "scheduler": "linear",
    "scheduler_warmup_steps": 0,
    "seed": 331,
    "test_flag": true,
    "train_batch_size": 4,
    "train_size": 0.8
}
-------- Configuration loaded --------

-------- Setting device --------
cuda device selected and available.
-------- Device set --------

-------- Setting seed --------
-------- Seed set --------

-------- Creating Model --------
-------- Model created --------

-------- Setting Trainable Layers --------
Training the last 3 layers.

Total parameters count: 28764674
Trainable parameters count: 3416066
-------- Trainable Layers set --------

-------- Creating Tokenizer --------
-------- Tokenizer created --------

-------- Creating Train and Eval Dataloaders --------
Train Loader: 2270 total sentences. 568 batches of size 4.
Eval Loader: 568 total sentences. 142 batches of size 4.
-------- Train and Eval Dataloaders created --------

-------- Training --------
Training with Federated Learning technology.
Training without differential privacy.
Federated proximal algorithm selected.
Using mu value of 0.5.
Client 0: Label 0: 203, Label 1: 251
Client 1: Label 0: 223, Label 1: 231
Client 2: Label 0: 225, Label 1: 229
Client 3: Label 0: 231, Label 1: 223
Client 4: Label 0: 215, Label 1: 239

Round 1 of 4
-------------------------------
Predictions - 1s: 305, 0s: 149
True Labels - 1s: 251, 0s: 203
Client 1 of 5: Local Epoch [1/3] Loss: 0.6850, Accuracy: 63.00 %
Predictions - 1s: 293, 0s: 161
True Labels - 1s: 251, 0s: 203
Client 1 of 5: Local Epoch [2/3] Loss: 0.6306, Accuracy: 71.81 %
Predictions - 1s: 295, 0s: 159
True Labels - 1s: 251, 0s: 203
Client 1 of 5: Local Epoch [3/3] Loss: 0.6019, Accuracy: 75.33 %
Predictions - 1s: 244, 0s: 210
True Labels - 1s: 231, 0s: 223
Client 2 of 5: Local Epoch [1/3] Loss: 0.6835, Accuracy: 64.54 %
Predictions - 1s: 247, 0s: 207
True Labels - 1s: 231, 0s: 223
Client 2 of 5: Local Epoch [2/3] Loss: 0.6236, Accuracy: 73.13 %
Predictions - 1s: 250, 0s: 204
True Labels - 1s: 231, 0s: 223
Client 2 of 5: Local Epoch [3/3] Loss: 0.6031, Accuracy: 75.11 %
Predictions - 1s: 246, 0s: 208
True Labels - 1s: 229, 0s: 225
Client 3 of 5: Local Epoch [1/3] Loss: 0.6706, Accuracy: 65.42 %
Predictions - 1s: 241, 0s: 213
True Labels - 1s: 229, 0s: 225
Client 3 of 5: Local Epoch [2/3] Loss: 0.5958, Accuracy: 77.97 %
Predictions - 1s: 218, 0s: 236
True Labels - 1s: 229, 0s: 225
Client 3 of 5: Local Epoch [3/3] Loss: 0.5671, Accuracy: 78.63 %
Predictions - 1s: 230, 0s: 224
True Labels - 1s: 223, 0s: 231
Client 4 of 5: Local Epoch [1/3] Loss: 0.6935, Accuracy: 63.22 %
Predictions - 1s: 228, 0s: 226
True Labels - 1s: 223, 0s: 231
Client 4 of 5: Local Epoch [2/3] Loss: 0.6257, Accuracy: 73.35 %
Predictions - 1s: 239, 0s: 215
True Labels - 1s: 223, 0s: 231
Client 4 of 5: Local Epoch [3/3] Loss: 0.6057, Accuracy: 74.89 %
Predictions - 1s: 278, 0s: 176
True Labels - 1s: 239, 0s: 215
Client 5 of 5: Local Epoch [1/3] Loss: 0.6688, Accuracy: 65.42 %
Predictions - 1s: 274, 0s: 180
True Labels - 1s: 239, 0s: 215
Client 5 of 5: Local Epoch [2/3] Loss: 0.6208, Accuracy: 72.03 %
Predictions - 1s: 255, 0s: 199
True Labels - 1s: 239, 0s: 215
Client 5 of 5: Local Epoch [3/3] Loss: 0.5874, Accuracy: 77.53 %
-------------------------------
Round [1/4] Average Local Loss: 0.5931, Average Local Accuracy: 76.30 %
-------------------------------
-------- Validation --------
Predictions - 1s: 346, 0s: 222
True Labels - 1s: 315, 0s: 253
Round [1/4] Global Model Validation Loss: 0.5552, Validation Accuracy: 72.71 %
-------- Validation finished --------
Updated best model in round 1 saved with Validation Loss: 0.5552 and Validation Accuracy: 72.71 %
-------------------------------

Round 2 of 4
-------------------------------
Predictions - 1s: 285, 0s: 169
True Labels - 1s: 251, 0s: 203
Client 1 of 5: Local Epoch [1/3] Loss: 0.5657, Accuracy: 75.33 %
Predictions - 1s: 276, 0s: 178
True Labels - 1s: 251, 0s: 203
Client 1 of 5: Local Epoch [2/3] Loss: 0.5436, Accuracy: 75.55 %
Predictions - 1s: 284, 0s: 170
True Labels - 1s: 251, 0s: 203
Client 1 of 5: Local Epoch [3/3] Loss: 0.5119, Accuracy: 79.52 %
Predictions - 1s: 244, 0s: 210
True Labels - 1s: 231, 0s: 223
Client 2 of 5: Local Epoch [1/3] Loss: 0.5787, Accuracy: 72.47 %
Predictions - 1s: 232, 0s: 222
True Labels - 1s: 231, 0s: 223
Client 2 of 5: Local Epoch [2/3] Loss: 0.5431, Accuracy: 74.23 %
Predictions - 1s: 232, 0s: 222
True Labels - 1s: 231, 0s: 223
Client 2 of 5: Local Epoch [3/3] Loss: 0.5150, Accuracy: 80.40 %
Predictions - 1s: 230, 0s: 224
True Labels - 1s: 229, 0s: 225
Client 3 of 5: Local Epoch [1/3] Loss: 0.5288, Accuracy: 76.43 %
Predictions - 1s: 235, 0s: 219
True Labels - 1s: 229, 0s: 225
Client 3 of 5: Local Epoch [2/3] Loss: 0.5086, Accuracy: 77.53 %
Predictions - 1s: 227, 0s: 227
True Labels - 1s: 229, 0s: 225
Client 3 of 5: Local Epoch [3/3] Loss: 0.4638, Accuracy: 81.06 %
Predictions - 1s: 243, 0s: 211
True Labels - 1s: 223, 0s: 231
Client 4 of 5: Local Epoch [1/3] Loss: 0.5737, Accuracy: 70.48 %
Predictions - 1s: 236, 0s: 218
True Labels - 1s: 223, 0s: 231
Client 4 of 5: Local Epoch [2/3] Loss: 0.5336, Accuracy: 75.99 %
Predictions - 1s: 208, 0s: 246
True Labels - 1s: 223, 0s: 231
Client 4 of 5: Local Epoch [3/3] Loss: 0.5178, Accuracy: 75.55 %
Predictions - 1s: 264, 0s: 190
True Labels - 1s: 239, 0s: 215
Client 5 of 5: Local Epoch [1/3] Loss: 0.5768, Accuracy: 72.91 %
Predictions - 1s: 251, 0s: 203
True Labels - 1s: 239, 0s: 215
Client 5 of 5: Local Epoch [2/3] Loss: 0.5352, Accuracy: 76.65 %
Predictions - 1s: 250, 0s: 204
True Labels - 1s: 239, 0s: 215
Client 5 of 5: Local Epoch [3/3] Loss: 0.4908, Accuracy: 79.52 %
-------------------------------
Round [2/4] Average Local Loss: 0.4999, Average Local Accuracy: 79.21 %
-------------------------------
-------- Validation --------
Predictions - 1s: 354, 0s: 214
True Labels - 1s: 315, 0s: 253
Round [2/4] Global Model Validation Loss: 0.5014, Validation Accuracy: 74.47 %
-------- Validation finished --------
Updated best model in round 2 saved with Validation Loss: 0.5014 and Validation Accuracy: 74.47 %
-------------------------------

Round 3 of 4
-------------------------------
Predictions - 1s: 271, 0s: 183
True Labels - 1s: 251, 0s: 203
Client 1 of 5: Local Epoch [1/3] Loss: 0.5411, Accuracy: 74.01 %
Predictions - 1s: 272, 0s: 182
True Labels - 1s: 251, 0s: 203
Client 1 of 5: Local Epoch [2/3] Loss: 0.4948, Accuracy: 78.19 %
Predictions - 1s: 267, 0s: 187
True Labels - 1s: 251, 0s: 203
Client 1 of 5: Local Epoch [3/3] Loss: 0.4617, Accuracy: 79.74 %
Predictions - 1s: 230, 0s: 224
True Labels - 1s: 231, 0s: 223
Client 2 of 5: Local Epoch [1/3] Loss: 0.5372, Accuracy: 74.23 %
Predictions - 1s: 243, 0s: 211
True Labels - 1s: 231, 0s: 223
Client 2 of 5: Local Epoch [2/3] Loss: 0.4898, Accuracy: 78.41 %
Predictions - 1s: 238, 0s: 216
True Labels - 1s: 231, 0s: 223
Client 2 of 5: Local Epoch [3/3] Loss: 0.4662, Accuracy: 80.40 %
Predictions - 1s: 225, 0s: 229
True Labels - 1s: 229, 0s: 225
Client 3 of 5: Local Epoch [1/3] Loss: 0.4965, Accuracy: 77.09 %
Predictions - 1s: 234, 0s: 220
True Labels - 1s: 229, 0s: 225
Client 3 of 5: Local Epoch [2/3] Loss: 0.4483, Accuracy: 79.96 %
Predictions - 1s: 235, 0s: 219
True Labels - 1s: 229, 0s: 225
Client 3 of 5: Local Epoch [3/3] Loss: 0.4168, Accuracy: 82.38 %
Predictions - 1s: 232, 0s: 222
True Labels - 1s: 223, 0s: 231
Client 4 of 5: Local Epoch [1/3] Loss: 0.5415, Accuracy: 74.67 %
Predictions - 1s: 220, 0s: 234
True Labels - 1s: 223, 0s: 231
Client 4 of 5: Local Epoch [2/3] Loss: 0.5156, Accuracy: 74.67 %
Predictions - 1s: 223, 0s: 231
True Labels - 1s: 223, 0s: 231
Client 4 of 5: Local Epoch [3/3] Loss: 0.4810, Accuracy: 79.30 %
Predictions - 1s: 242, 0s: 212
True Labels - 1s: 239, 0s: 215
Client 5 of 5: Local Epoch [1/3] Loss: 0.5277, Accuracy: 78.63 %
Predictions - 1s: 243, 0s: 211
True Labels - 1s: 239, 0s: 215
Client 5 of 5: Local Epoch [2/3] Loss: 0.4857, Accuracy: 79.30 %
Predictions - 1s: 245, 0s: 209
True Labels - 1s: 239, 0s: 215
Client 5 of 5: Local Epoch [3/3] Loss: 0.4690, Accuracy: 80.18 %
-------------------------------
Round [3/4] Average Local Loss: 0.4590, Average Local Accuracy: 80.40 %
-------------------------------
-------- Validation --------
Predictions - 1s: 349, 0s: 219
True Labels - 1s: 315, 0s: 253
Round [3/4] Global Model Validation Loss: 0.4792, Validation Accuracy: 76.06 %
-------- Validation finished --------
Updated best model in round 3 saved with Validation Loss: 0.4792 and Validation Accuracy: 76.06 %
-------------------------------

Round 4 of 4
-------------------------------
Predictions - 1s: 265, 0s: 189
True Labels - 1s: 251, 0s: 203
Client 1 of 5: Local Epoch [1/3] Loss: 0.5303, Accuracy: 75.77 %
Predictions - 1s: 281, 0s: 173
True Labels - 1s: 251, 0s: 203
Client 1 of 5: Local Epoch [2/3] Loss: 0.4797, Accuracy: 79.30 %
Predictions - 1s: 264, 0s: 190
True Labels - 1s: 251, 0s: 203
Client 1 of 5: Local Epoch [3/3] Loss: 0.4497, Accuracy: 81.28 %
Predictions - 1s: 234, 0s: 220
True Labels - 1s: 231, 0s: 223
Client 2 of 5: Local Epoch [1/3] Loss: 0.5037, Accuracy: 76.87 %
Predictions - 1s: 234, 0s: 220
True Labels - 1s: 231, 0s: 223
Client 2 of 5: Local Epoch [2/3] Loss: 0.4785, Accuracy: 79.52 %
Predictions - 1s: 236, 0s: 218
True Labels - 1s: 231, 0s: 223
Client 2 of 5: Local Epoch [3/3] Loss: 0.4502, Accuracy: 82.60 %
Predictions - 1s: 226, 0s: 228
True Labels - 1s: 229, 0s: 225
Client 3 of 5: Local Epoch [1/3] Loss: 0.4630, Accuracy: 79.52 %
Predictions - 1s: 230, 0s: 224
True Labels - 1s: 229, 0s: 225
Client 3 of 5: Local Epoch [2/3] Loss: 0.4209, Accuracy: 81.28 %
Predictions - 1s: 228, 0s: 226
True Labels - 1s: 229, 0s: 225
Client 3 of 5: Local Epoch [3/3] Loss: 0.3943, Accuracy: 82.60 %
Predictions - 1s: 226, 0s: 228
True Labels - 1s: 223, 0s: 231
Client 4 of 5: Local Epoch [1/3] Loss: 0.5113, Accuracy: 75.55 %
Predictions - 1s: 233, 0s: 221
True Labels - 1s: 223, 0s: 231
Client 4 of 5: Local Epoch [2/3] Loss: 0.4849, Accuracy: 78.85 %
Predictions - 1s: 206, 0s: 248
True Labels - 1s: 223, 0s: 231
Client 4 of 5: Local Epoch [3/3] Loss: 0.4613, Accuracy: 79.07 %
Predictions - 1s: 246, 0s: 208
True Labels - 1s: 239, 0s: 215
Client 5 of 5: Local Epoch [1/3] Loss: 0.5268, Accuracy: 76.87 %
Predictions - 1s: 243, 0s: 211
True Labels - 1s: 239, 0s: 215
Client 5 of 5: Local Epoch [2/3] Loss: 0.4785, Accuracy: 79.30 %
Predictions - 1s: 239, 0s: 215
True Labels - 1s: 239, 0s: 215
Client 5 of 5: Local Epoch [3/3] Loss: 0.4506, Accuracy: 79.74 %
-------------------------------
Round [4/4] Average Local Loss: 0.4412, Average Local Accuracy: 81.06 %
-------------------------------
-------- Validation --------
Predictions - 1s: 366, 0s: 202
True Labels - 1s: 315, 0s: 253
Round [4/4] Global Model Validation Loss: 0.4744, Validation Accuracy: 77.29 %
-------- Validation finished --------
Updated best model in round 4 saved with Validation Loss: 0.4744 and Validation Accuracy: 77.29 %
-------------------------------
Best model in round 4 saved with Validation Loss: 0.4744 and Validation Accuracy: 77.29 %

-------- Training finished in 32:17 --------

Test flag enabled. Testing the model

-------- Loading best model from model_path --------
Loaded model bert-small from date 16-03-2024 13:33. Trained with Federated Learning technology.
Round 4, lr: 6e-05, optimizer: AdamW
Average train accuracy: 81.06 %, Validation accuracy: 77.29 %
-------- Best model loaded --------

-------- Creating Test Dataloader --------
Test Loader: 715 total sentences. 90 batches of size 8.
-------- Test Dataloader created --------

-------- Testing --------
Predictions - 1s: 454, 0s: 261
True Labels - 1s: 369, 0s: 346
Nº of test samples: 715
Accuracy: 73.85%
Accuracy 2 : 73.85%
Precision: 75.25%
Recall: 73.44%
F1 Score: 73.24%
Classification report:
              precision    recall  f1-score   support

           0     0.8046    0.6069    0.6919       346
           1     0.7004    0.8618    0.7728       369

    accuracy                         0.7385       715
   macro avg     0.7525    0.7344    0.7324       715
weighted avg     0.7508    0.7385    0.7337       715

-------- Testing finished --------
