Current configuration:
{
    "concurrency_flag": false,
    "data_distribution": "non_iid",
    "dataset": "dreaddit",
    "device": "cuda",
    "dp_delta": 0.003,
    "dp_epsilon": 0,
    "eval_batch_size": 4,
    "eval_flag": true,
    "eval_size": 0.2,
    "fed_alg": "fedprox",
    "layers": 3,
    "learning_rate": 6e-05,
    "max_length": 512,
    "ml_mode": "fl",
    "model": "bert_small",
    "model_name": "fl_fedprox_non_iid_dreaddit",
    "models_path": "/local/vpaloma/fabric-federated-learning/ablation_study/phase-2/2-fed-data_dist-dataset/dreaddit",
    "mu": 1,
    "num_clients": 5,
    "num_epochs": 3,
    "num_rounds": 4,
    "optimizer": "AdamW",
    "progress_bar_flag": false,
    "save_model": true,
    "scheduler": "linear",
    "scheduler_warmup_steps": 0,
    "seed": 0,
    "test_flag": true,
    "train_batch_size": 4,
    "train_size": 0.8
}
-------- Configuration loaded --------

-------- Setting device --------
cuda device selected and available.
-------- Device set --------

-------- Setting seed --------
-------- Seed set --------

-------- Creating Model --------
-------- Model created --------

-------- Setting Trainable Layers --------
Training the last 3 layers.

Total parameters count: 28764674
Trainable parameters count: 3416066
-------- Trainable Layers set --------

-------- Creating Tokenizer --------
-------- Tokenizer created --------

-------- Creating Train and Eval Dataloaders --------
Train Loader: 2270 total sentences. 568 batches of size 4.
Eval Loader: 568 total sentences. 142 batches of size 4.
-------- Train and Eval Dataloaders created --------

-------- Training --------
Training with Federated Learning technology.
Training without differential privacy.
Federated proximal algorithm selected.
Using mu value of 1.
Client 0: Label 0: 0, Label 1: 505
Client 1: Label 0: 0, Label 1: 505
Client 2: Label 0: 454, Label 1: 50
Client 3: Label 0: 454, Label 1: 50
Client 4: Label 0: 202, Label 1: 50

Round 1 of 4
-------------------------------
Predictions - 1s: 497, 0s: 8
True Labels - 1s: 505, 0s: 0
Client 1 of 5: Local Epoch [1/3] Loss: 0.1602, Accuracy: 98.42 %
Predictions - 1s: 505, 0s: 0
True Labels - 1s: 505, 0s: 0
Client 1 of 5: Local Epoch [2/3] Loss: 0.0728, Accuracy: 100.00 %
Predictions - 1s: 505, 0s: 0
True Labels - 1s: 505, 0s: 0
Client 1 of 5: Local Epoch [3/3] Loss: 0.0617, Accuracy: 100.00 %
Predictions - 1s: 496, 0s: 9
True Labels - 1s: 505, 0s: 0
Client 2 of 5: Local Epoch [1/3] Loss: 0.1558, Accuracy: 98.22 %
Predictions - 1s: 505, 0s: 0
True Labels - 1s: 505, 0s: 0
Client 2 of 5: Local Epoch [2/3] Loss: 0.0721, Accuracy: 100.00 %
Predictions - 1s: 505, 0s: 0
True Labels - 1s: 505, 0s: 0
Client 2 of 5: Local Epoch [3/3] Loss: 0.0611, Accuracy: 100.00 %
Predictions - 1s: 0, 0s: 504
True Labels - 1s: 50, 0s: 454
Client 3 of 5: Local Epoch [1/3] Loss: 0.3751, Accuracy: 90.08 %
Predictions - 1s: 0, 0s: 504
True Labels - 1s: 50, 0s: 454
Client 3 of 5: Local Epoch [2/3] Loss: 0.3462, Accuracy: 90.08 %
Predictions - 1s: 0, 0s: 504
True Labels - 1s: 50, 0s: 454
Client 3 of 5: Local Epoch [3/3] Loss: 0.3394, Accuracy: 90.08 %
Predictions - 1s: 0, 0s: 504
True Labels - 1s: 50, 0s: 454
Client 4 of 5: Local Epoch [1/3] Loss: 0.3782, Accuracy: 90.08 %
Predictions - 1s: 0, 0s: 504
True Labels - 1s: 50, 0s: 454
Client 4 of 5: Local Epoch [2/3] Loss: 0.3417, Accuracy: 90.08 %
Predictions - 1s: 0, 0s: 504
True Labels - 1s: 50, 0s: 454
Client 4 of 5: Local Epoch [3/3] Loss: 0.3306, Accuracy: 90.08 %
Predictions - 1s: 0, 0s: 252
True Labels - 1s: 50, 0s: 202
Client 5 of 5: Local Epoch [1/3] Loss: 0.5410, Accuracy: 80.16 %
Predictions - 1s: 0, 0s: 252
True Labels - 1s: 50, 0s: 202
Client 5 of 5: Local Epoch [2/3] Loss: 0.5089, Accuracy: 80.16 %
Predictions - 1s: 0, 0s: 252
True Labels - 1s: 50, 0s: 202
Client 5 of 5: Local Epoch [3/3] Loss: 0.4939, Accuracy: 80.16 %
-------------------------------
Round [1/4] Average Local Loss: 0.2574, Average Local Accuracy: 92.06 %
-------------------------------
-------- Validation --------
Predictions - 1s: 519, 0s: 49
True Labels - 1s: 328, 0s: 240
Round [1/4] Global Model Validation Loss: 0.6398, Validation Accuracy: 63.56 %
-------- Validation finished --------
Updated best model in round 1 saved with Validation Loss: 0.6398 and Validation Accuracy: 63.56 %
-------------------------------

Round 2 of 4
-------------------------------
Predictions - 1s: 505, 0s: 0
True Labels - 1s: 505, 0s: 0
Client 1 of 5: Local Epoch [1/3] Loss: 0.0913, Accuracy: 100.00 %
Predictions - 1s: 505, 0s: 0
True Labels - 1s: 505, 0s: 0
Client 1 of 5: Local Epoch [2/3] Loss: 0.0445, Accuracy: 100.00 %
Predictions - 1s: 505, 0s: 0
True Labels - 1s: 505, 0s: 0
Client 1 of 5: Local Epoch [3/3] Loss: 0.0382, Accuracy: 100.00 %
Predictions - 1s: 505, 0s: 0
True Labels - 1s: 505, 0s: 0
Client 2 of 5: Local Epoch [1/3] Loss: 0.0885, Accuracy: 100.00 %
Predictions - 1s: 505, 0s: 0
True Labels - 1s: 505, 0s: 0
Client 2 of 5: Local Epoch [2/3] Loss: 0.0433, Accuracy: 100.00 %
Predictions - 1s: 505, 0s: 0
True Labels - 1s: 505, 0s: 0
Client 2 of 5: Local Epoch [3/3] Loss: 0.0376, Accuracy: 100.00 %
Predictions - 1s: 6, 0s: 498
True Labels - 1s: 50, 0s: 454
Client 3 of 5: Local Epoch [1/3] Loss: 0.3932, Accuracy: 88.89 %
Predictions - 1s: 0, 0s: 504
True Labels - 1s: 50, 0s: 454
Client 3 of 5: Local Epoch [2/3] Loss: 0.3336, Accuracy: 90.08 %
Predictions - 1s: 0, 0s: 504
True Labels - 1s: 50, 0s: 454
Client 3 of 5: Local Epoch [3/3] Loss: 0.3255, Accuracy: 90.08 %
Predictions - 1s: 6, 0s: 498
True Labels - 1s: 50, 0s: 454
Client 4 of 5: Local Epoch [1/3] Loss: 0.3807, Accuracy: 88.89 %
Predictions - 1s: 0, 0s: 504
True Labels - 1s: 50, 0s: 454
Client 4 of 5: Local Epoch [2/3] Loss: 0.3283, Accuracy: 90.08 %
Predictions - 1s: 0, 0s: 504
True Labels - 1s: 50, 0s: 454
Client 4 of 5: Local Epoch [3/3] Loss: 0.3157, Accuracy: 90.08 %
Predictions - 1s: 7, 0s: 245
True Labels - 1s: 50, 0s: 202
Client 5 of 5: Local Epoch [1/3] Loss: 0.5171, Accuracy: 78.17 %
Predictions - 1s: 0, 0s: 252
True Labels - 1s: 50, 0s: 202
Client 5 of 5: Local Epoch [2/3] Loss: 0.4932, Accuracy: 80.16 %
Predictions - 1s: 2, 0s: 250
True Labels - 1s: 50, 0s: 202
Client 5 of 5: Local Epoch [3/3] Loss: 0.4811, Accuracy: 80.16 %
-------------------------------
Round [2/4] Average Local Loss: 0.2396, Average Local Accuracy: 92.06 %
-------------------------------
-------- Validation --------
Predictions - 1s: 522, 0s: 46
True Labels - 1s: 328, 0s: 240
Round [2/4] Global Model Validation Loss: 0.6169, Validation Accuracy: 63.73 %
-------- Validation finished --------
Updated best model in round 2 saved with Validation Loss: 0.6169 and Validation Accuracy: 63.73 %
-------------------------------

Round 3 of 4
-------------------------------
Predictions - 1s: 505, 0s: 0
True Labels - 1s: 505, 0s: 0
Client 1 of 5: Local Epoch [1/3] Loss: 0.0693, Accuracy: 100.00 %
Predictions - 1s: 505, 0s: 0
True Labels - 1s: 505, 0s: 0
Client 1 of 5: Local Epoch [2/3] Loss: 0.0351, Accuracy: 100.00 %
Predictions - 1s: 505, 0s: 0
True Labels - 1s: 505, 0s: 0
Client 1 of 5: Local Epoch [3/3] Loss: 0.0304, Accuracy: 100.00 %
Predictions - 1s: 505, 0s: 0
True Labels - 1s: 505, 0s: 0
Client 2 of 5: Local Epoch [1/3] Loss: 0.0645, Accuracy: 100.00 %
Predictions - 1s: 505, 0s: 0
True Labels - 1s: 505, 0s: 0
Client 2 of 5: Local Epoch [2/3] Loss: 0.0344, Accuracy: 100.00 %
Predictions - 1s: 505, 0s: 0
True Labels - 1s: 505, 0s: 0
Client 2 of 5: Local Epoch [3/3] Loss: 0.0296, Accuracy: 100.00 %
Predictions - 1s: 5, 0s: 499
True Labels - 1s: 50, 0s: 454
Client 3 of 5: Local Epoch [1/3] Loss: 0.3706, Accuracy: 89.88 %
Predictions - 1s: 0, 0s: 504
True Labels - 1s: 50, 0s: 454
Client 3 of 5: Local Epoch [2/3] Loss: 0.3244, Accuracy: 90.08 %
Predictions - 1s: 0, 0s: 504
True Labels - 1s: 50, 0s: 454
Client 3 of 5: Local Epoch [3/3] Loss: 0.3093, Accuracy: 90.08 %
Predictions - 1s: 9, 0s: 495
True Labels - 1s: 50, 0s: 454
Client 4 of 5: Local Epoch [1/3] Loss: 0.3574, Accuracy: 88.29 %
Predictions - 1s: 1, 0s: 503
True Labels - 1s: 50, 0s: 454
Client 4 of 5: Local Epoch [2/3] Loss: 0.3164, Accuracy: 90.28 %
Predictions - 1s: 4, 0s: 500
True Labels - 1s: 50, 0s: 454
Client 4 of 5: Local Epoch [3/3] Loss: 0.2890, Accuracy: 90.87 %
Predictions - 1s: 10, 0s: 242
True Labels - 1s: 50, 0s: 202
Client 5 of 5: Local Epoch [1/3] Loss: 0.5173, Accuracy: 80.16 %
Predictions - 1s: 21, 0s: 231
True Labels - 1s: 50, 0s: 202
Client 5 of 5: Local Epoch [2/3] Loss: 0.4800, Accuracy: 78.17 %
Predictions - 1s: 9, 0s: 243
True Labels - 1s: 50, 0s: 202
Client 5 of 5: Local Epoch [3/3] Loss: 0.4552, Accuracy: 80.56 %
-------------------------------
Round [3/4] Average Local Loss: 0.2227, Average Local Accuracy: 92.30 %
-------------------------------
-------- Validation --------
Predictions - 1s: 507, 0s: 61
True Labels - 1s: 328, 0s: 240
Round [3/4] Global Model Validation Loss: 0.6042, Validation Accuracy: 65.32 %
-------- Validation finished --------
Updated best model in round 3 saved with Validation Loss: 0.6042 and Validation Accuracy: 65.32 %
-------------------------------

Round 4 of 4
-------------------------------
Predictions - 1s: 505, 0s: 0
True Labels - 1s: 505, 0s: 0
Client 1 of 5: Local Epoch [1/3] Loss: 0.0560, Accuracy: 100.00 %
Predictions - 1s: 505, 0s: 0
True Labels - 1s: 505, 0s: 0
Client 1 of 5: Local Epoch [2/3] Loss: 0.0288, Accuracy: 100.00 %
Predictions - 1s: 505, 0s: 0
True Labels - 1s: 505, 0s: 0
Client 1 of 5: Local Epoch [3/3] Loss: 0.0258, Accuracy: 100.00 %
Predictions - 1s: 505, 0s: 0
True Labels - 1s: 505, 0s: 0
Client 2 of 5: Local Epoch [1/3] Loss: 0.0511, Accuracy: 100.00 %
Predictions - 1s: 505, 0s: 0
True Labels - 1s: 505, 0s: 0
Client 2 of 5: Local Epoch [2/3] Loss: 0.0279, Accuracy: 100.00 %
Predictions - 1s: 505, 0s: 0
True Labels - 1s: 505, 0s: 0
Client 2 of 5: Local Epoch [3/3] Loss: 0.0245, Accuracy: 100.00 %
Predictions - 1s: 6, 0s: 498
True Labels - 1s: 50, 0s: 454
Client 3 of 5: Local Epoch [1/3] Loss: 0.3431, Accuracy: 90.08 %
Predictions - 1s: 1, 0s: 503
True Labels - 1s: 50, 0s: 454
Client 3 of 5: Local Epoch [2/3] Loss: 0.3088, Accuracy: 89.88 %
Predictions - 1s: 4, 0s: 500
True Labels - 1s: 50, 0s: 454
Client 3 of 5: Local Epoch [3/3] Loss: 0.2982, Accuracy: 90.87 %
Predictions - 1s: 12, 0s: 492
True Labels - 1s: 50, 0s: 454
Client 4 of 5: Local Epoch [1/3] Loss: 0.3596, Accuracy: 89.29 %
Predictions - 1s: 2, 0s: 502
True Labels - 1s: 50, 0s: 454
Client 4 of 5: Local Epoch [2/3] Loss: 0.3094, Accuracy: 90.48 %
Predictions - 1s: 4, 0s: 500
True Labels - 1s: 50, 0s: 454
Client 4 of 5: Local Epoch [3/3] Loss: 0.2835, Accuracy: 90.87 %
Predictions - 1s: 23, 0s: 229
True Labels - 1s: 50, 0s: 202
Client 5 of 5: Local Epoch [1/3] Loss: 0.4889, Accuracy: 80.56 %
Predictions - 1s: 17, 0s: 235
True Labels - 1s: 50, 0s: 202
Client 5 of 5: Local Epoch [2/3] Loss: 0.4560, Accuracy: 81.35 %
Predictions - 1s: 10, 0s: 242
True Labels - 1s: 50, 0s: 202
Client 5 of 5: Local Epoch [3/3] Loss: 0.4246, Accuracy: 81.75 %
-------------------------------
Round [4/4] Average Local Loss: 0.2113, Average Local Accuracy: 92.70 %
-------------------------------
-------- Validation --------
Predictions - 1s: 481, 0s: 87
True Labels - 1s: 328, 0s: 240
Round [4/4] Global Model Validation Loss: 0.5950, Validation Accuracy: 68.84 %
-------- Validation finished --------
Updated best model in round 4 saved with Validation Loss: 0.5950 and Validation Accuracy: 68.84 %
-------------------------------
Best model in round 4 saved with Validation Loss: 0.5950 and Validation Accuracy: 68.84 %

-------- Training finished in 3:12 --------

Test flag enabled. Testing the model

-------- Loading best model from model_path --------
Loaded model bert-small from date 19-04-2024 10:39. Trained with Federated Learning technology.
Round 4, lr: 6e-05, optimizer: AdamW
Average train accuracy: 92.70 %, Validation accuracy: 68.84 %
-------- Best model loaded --------

-------- Creating Test Dataloader --------
Test Loader: 715 total sentences. 90 batches of size 8.
-------- Test Dataloader created --------

-------- Testing --------
Predictions - 1s: 598, 0s: 117
True Labels - 1s: 369, 0s: 346
Nº of test samples: 715
Accuracy: 64.62%
Accuracy 2 : 64.62%
Precision: 74.72%
Recall: 63.55%
F1 Score: 59.60%
Classification report:
              precision    recall  f1-score   support

           0     0.8974    0.3035    0.4536       346
           1     0.5970    0.9675    0.7384       369

    accuracy                         0.6462       715
   macro avg     0.7472    0.6355    0.5960       715
weighted avg     0.7424    0.6462    0.6005       715

-------- Testing finished --------
