Current configuration:
{
    "concurrency_flag": false,
    "data_distribution": "iid",
    "dataset": "twitter_dep",
    "device": "cuda",
    "dp_delta": 0.003,
    "dp_epsilon": 0.0,
    "eval_batch_size": 4,
    "eval_flag": true,
    "eval_size": 0.2,
    "fed_alg": "fedavg",
    "layers": 3,
    "learning_rate": 6e-05,
    "max_length": 512,
    "ml_mode": "bcfl",
    "model": "bert_tiny",
    "model_name": "bcfl_tiny_seed2_twitter_dep",
    "models_path": "/local/vpaloma/fabric-federated-learning/ablation_study/phase-2/3-accs/twitter_dep/",
    "mu": 0.5,
    "num_clients": 5,
    "num_epochs": 3,
    "num_rounds": 4,
    "optimizer": "AdamW",
    "progress_bar_flag": false,
    "save_model": true,
    "scheduler": "linear",
    "scheduler_warmup_steps": 0,
    "seed": 221,
    "test_flag": true,
    "train_batch_size": 4,
    "train_size": 0.8
}
-------- Configuration loaded --------

-------- Setting device --------
cuda device selected and available.
-------- Device set --------

-------- Setting seed --------
-------- Seed set --------

-------- Creating Model --------
-------- Model created --------

-------- Setting Trainable Layers --------
Training the last 3 layers.

Total parameters count: 4386178
Trainable parameters count: 215042
-------- Trainable Layers set --------

-------- Creating Tokenizer --------
-------- Tokenizer created --------

-------- Creating Train and Eval Dataloaders --------
Train Loader: 1982 total sentences. 496 batches of size 4.
Eval Loader: 496 total sentences. 124 batches of size 4.
-------- Train and Eval Dataloaders created --------

-------- Training --------
Training with Blockchain-Based Federated Learning technology.
Training without differential privacy.
Federated averaging algorithm selected.
Client 0: Label 0: 299, Label 1: 97
Client 1: Label 0: 272, Label 1: 124
Client 2: Label 0: 278, Label 1: 118
Client 3: Label 0: 286, Label 1: 110
Client 4: Label 0: 292, Label 1: 106

Round 1 of 4
-------------------------------
Predictions - 1s: 6, 0s: 390
True Labels - 1s: 97, 0s: 299
Client 1 of 5: Local Epoch [1/3] Loss: 0.5848, Accuracy: 74.49 %
Predictions - 1s: 0, 0s: 396
True Labels - 1s: 97, 0s: 299
Client 1 of 5: Local Epoch [2/3] Loss: 0.5405, Accuracy: 75.51 %
Predictions - 1s: 0, 0s: 396
True Labels - 1s: 97, 0s: 299
Client 1 of 5: Local Epoch [3/3] Loss: 0.5299, Accuracy: 75.51 %
Predictions - 1s: 0, 0s: 396
True Labels - 1s: 124, 0s: 272
Client 2 of 5: Local Epoch [1/3] Loss: 0.6258, Accuracy: 68.69 %
Predictions - 1s: 0, 0s: 396
True Labels - 1s: 124, 0s: 272
Client 2 of 5: Local Epoch [2/3] Loss: 0.6013, Accuracy: 68.69 %
Predictions - 1s: 0, 0s: 396
True Labels - 1s: 124, 0s: 272
Client 2 of 5: Local Epoch [3/3] Loss: 0.5866, Accuracy: 68.69 %
Predictions - 1s: 2, 0s: 394
True Labels - 1s: 118, 0s: 278
Client 3 of 5: Local Epoch [1/3] Loss: 0.6075, Accuracy: 69.70 %
Predictions - 1s: 0, 0s: 396
True Labels - 1s: 118, 0s: 278
Client 3 of 5: Local Epoch [2/3] Loss: 0.5836, Accuracy: 70.20 %
Predictions - 1s: 0, 0s: 396
True Labels - 1s: 118, 0s: 278
Client 3 of 5: Local Epoch [3/3] Loss: 0.5685, Accuracy: 70.20 %
Predictions - 1s: 10, 0s: 386
True Labels - 1s: 110, 0s: 286
Client 4 of 5: Local Epoch [1/3] Loss: 0.6058, Accuracy: 71.21 %
Predictions - 1s: 0, 0s: 396
True Labels - 1s: 110, 0s: 286
Client 4 of 5: Local Epoch [2/3] Loss: 0.5806, Accuracy: 72.22 %
Predictions - 1s: 0, 0s: 396
True Labels - 1s: 110, 0s: 286
Client 4 of 5: Local Epoch [3/3] Loss: 0.5762, Accuracy: 72.22 %
Predictions - 1s: 2, 0s: 396
True Labels - 1s: 106, 0s: 292
Client 5 of 5: Local Epoch [1/3] Loss: 0.5855, Accuracy: 73.87 %
Predictions - 1s: 0, 0s: 398
True Labels - 1s: 106, 0s: 292
Client 5 of 5: Local Epoch [2/3] Loss: 0.5660, Accuracy: 73.37 %
Predictions - 1s: 0, 0s: 398
True Labels - 1s: 106, 0s: 292
Client 5 of 5: Local Epoch [3/3] Loss: 0.5454, Accuracy: 73.37 %
-------------------------------
Round [1/4] Average Local Loss: 0.5613, Average Local Accuracy: 72.00 %
-------------------------------
-------- Validation --------
Predictions - 1s: 0, 0s: 496
True Labels - 1s: 119, 0s: 377
Round [1/4] Global Model Validation Loss: 0.5274, Validation Accuracy: 76.01 %
-------- Validation finished --------
Updated best model in round 1 saved with Validation Loss: 0.5274 and Validation Accuracy: 76.01 %
-------------------------------

Round 2 of 4
-------------------------------
Predictions - 1s: 0, 0s: 396
True Labels - 1s: 97, 0s: 299
Client 1 of 5: Local Epoch [1/3] Loss: 0.5284, Accuracy: 75.51 %
Predictions - 1s: 0, 0s: 396
True Labels - 1s: 97, 0s: 299
Client 1 of 5: Local Epoch [2/3] Loss: 0.5048, Accuracy: 75.51 %
Predictions - 1s: 2, 0s: 394
True Labels - 1s: 97, 0s: 299
Client 1 of 5: Local Epoch [3/3] Loss: 0.4972, Accuracy: 75.51 %
Predictions - 1s: 0, 0s: 396
True Labels - 1s: 124, 0s: 272
Client 2 of 5: Local Epoch [1/3] Loss: 0.5870, Accuracy: 68.69 %
Predictions - 1s: 6, 0s: 390
True Labels - 1s: 124, 0s: 272
Client 2 of 5: Local Epoch [2/3] Loss: 0.5596, Accuracy: 69.70 %
Predictions - 1s: 22, 0s: 374
True Labels - 1s: 124, 0s: 272
Client 2 of 5: Local Epoch [3/3] Loss: 0.5482, Accuracy: 72.73 %
Predictions - 1s: 1, 0s: 395
True Labels - 1s: 118, 0s: 278
Client 3 of 5: Local Epoch [1/3] Loss: 0.5673, Accuracy: 70.45 %
Predictions - 1s: 8, 0s: 388
True Labels - 1s: 118, 0s: 278
Client 3 of 5: Local Epoch [2/3] Loss: 0.5372, Accuracy: 71.21 %
Predictions - 1s: 15, 0s: 381
True Labels - 1s: 118, 0s: 278
Client 3 of 5: Local Epoch [3/3] Loss: 0.5164, Accuracy: 72.47 %
Predictions - 1s: 0, 0s: 396
True Labels - 1s: 110, 0s: 286
Client 4 of 5: Local Epoch [1/3] Loss: 0.5702, Accuracy: 72.22 %
Predictions - 1s: 0, 0s: 396
True Labels - 1s: 110, 0s: 286
Client 4 of 5: Local Epoch [2/3] Loss: 0.5582, Accuracy: 72.22 %
Predictions - 1s: 3, 0s: 393
True Labels - 1s: 110, 0s: 286
Client 4 of 5: Local Epoch [3/3] Loss: 0.5440, Accuracy: 72.98 %
Predictions - 1s: 0, 0s: 398
True Labels - 1s: 106, 0s: 292
Client 5 of 5: Local Epoch [1/3] Loss: 0.5470, Accuracy: 73.37 %
Predictions - 1s: 1, 0s: 397
True Labels - 1s: 106, 0s: 292
Client 5 of 5: Local Epoch [2/3] Loss: 0.5278, Accuracy: 73.62 %
Predictions - 1s: 4, 0s: 394
True Labels - 1s: 106, 0s: 292
Client 5 of 5: Local Epoch [3/3] Loss: 0.5199, Accuracy: 73.87 %
-------------------------------
Round [2/4] Average Local Loss: 0.5251, Average Local Accuracy: 73.51 %
-------------------------------
-------- Validation --------
Predictions - 1s: 12, 0s: 484
True Labels - 1s: 119, 0s: 377
Round [2/4] Global Model Validation Loss: 0.4918, Validation Accuracy: 76.81 %
-------- Validation finished --------
Updated best model in round 2 saved with Validation Loss: 0.4918 and Validation Accuracy: 76.81 %
-------------------------------

Round 3 of 4
-------------------------------
Predictions - 1s: 8, 0s: 388
True Labels - 1s: 97, 0s: 299
Client 1 of 5: Local Epoch [1/3] Loss: 0.4941, Accuracy: 76.01 %
Predictions - 1s: 19, 0s: 377
True Labels - 1s: 97, 0s: 299
Client 1 of 5: Local Epoch [2/3] Loss: 0.4701, Accuracy: 77.78 %
Predictions - 1s: 19, 0s: 377
True Labels - 1s: 97, 0s: 299
Client 1 of 5: Local Epoch [3/3] Loss: 0.4495, Accuracy: 77.78 %
Predictions - 1s: 32, 0s: 364
True Labels - 1s: 124, 0s: 272
Client 2 of 5: Local Epoch [1/3] Loss: 0.5410, Accuracy: 72.73 %
Predictions - 1s: 54, 0s: 342
True Labels - 1s: 124, 0s: 272
Client 2 of 5: Local Epoch [2/3] Loss: 0.5125, Accuracy: 77.27 %
Predictions - 1s: 64, 0s: 332
True Labels - 1s: 124, 0s: 272
Client 2 of 5: Local Epoch [3/3] Loss: 0.5122, Accuracy: 77.78 %
Predictions - 1s: 25, 0s: 371
True Labels - 1s: 118, 0s: 278
Client 3 of 5: Local Epoch [1/3] Loss: 0.5293, Accuracy: 73.99 %
Predictions - 1s: 45, 0s: 351
True Labels - 1s: 118, 0s: 278
Client 3 of 5: Local Epoch [2/3] Loss: 0.4909, Accuracy: 75.51 %
Predictions - 1s: 64, 0s: 332
True Labels - 1s: 118, 0s: 278
Client 3 of 5: Local Epoch [3/3] Loss: 0.4909, Accuracy: 76.77 %
Predictions - 1s: 12, 0s: 384
True Labels - 1s: 110, 0s: 286
Client 4 of 5: Local Epoch [1/3] Loss: 0.5444, Accuracy: 73.74 %
Predictions - 1s: 19, 0s: 377
True Labels - 1s: 110, 0s: 286
Client 4 of 5: Local Epoch [2/3] Loss: 0.5208, Accuracy: 75.00 %
Predictions - 1s: 31, 0s: 365
True Labels - 1s: 110, 0s: 286
Client 4 of 5: Local Epoch [3/3] Loss: 0.5241, Accuracy: 75.51 %
Predictions - 1s: 9, 0s: 389
True Labels - 1s: 106, 0s: 292
Client 5 of 5: Local Epoch [1/3] Loss: 0.5130, Accuracy: 74.62 %
Predictions - 1s: 16, 0s: 382
True Labels - 1s: 106, 0s: 292
Client 5 of 5: Local Epoch [2/3] Loss: 0.5013, Accuracy: 76.38 %
Predictions - 1s: 31, 0s: 367
True Labels - 1s: 106, 0s: 292
Client 5 of 5: Local Epoch [3/3] Loss: 0.4953, Accuracy: 78.14 %
-------------------------------
Round [3/4] Average Local Loss: 0.4944, Average Local Accuracy: 77.19 %
-------------------------------
-------- Validation --------
Predictions - 1s: 71, 0s: 425
True Labels - 1s: 119, 0s: 377
Round [3/4] Global Model Validation Loss: 0.4653, Validation Accuracy: 75.40 %
-------- Validation finished --------
Updated best model in round 3 saved with Validation Loss: 0.4653 and Validation Accuracy: 75.40 %
-------------------------------

Round 4 of 4
-------------------------------
Predictions - 1s: 35, 0s: 361
True Labels - 1s: 97, 0s: 299
Client 1 of 5: Local Epoch [1/3] Loss: 0.4741, Accuracy: 76.77 %
Predictions - 1s: 43, 0s: 353
True Labels - 1s: 97, 0s: 299
Client 1 of 5: Local Epoch [2/3] Loss: 0.4522, Accuracy: 79.80 %
Predictions - 1s: 52, 0s: 344
True Labels - 1s: 97, 0s: 299
Client 1 of 5: Local Epoch [3/3] Loss: 0.4276, Accuracy: 82.07 %
Predictions - 1s: 71, 0s: 325
True Labels - 1s: 124, 0s: 272
Client 2 of 5: Local Epoch [1/3] Loss: 0.5222, Accuracy: 76.01 %
Predictions - 1s: 71, 0s: 325
True Labels - 1s: 124, 0s: 272
Client 2 of 5: Local Epoch [2/3] Loss: 0.5072, Accuracy: 77.02 %
Predictions - 1s: 71, 0s: 325
True Labels - 1s: 124, 0s: 272
Client 2 of 5: Local Epoch [3/3] Loss: 0.5018, Accuracy: 77.02 %
Predictions - 1s: 47, 0s: 349
True Labels - 1s: 118, 0s: 278
Client 3 of 5: Local Epoch [1/3] Loss: 0.5053, Accuracy: 75.51 %
Predictions - 1s: 67, 0s: 329
True Labels - 1s: 118, 0s: 278
Client 3 of 5: Local Epoch [2/3] Loss: 0.4756, Accuracy: 77.53 %
Predictions - 1s: 81, 0s: 315
True Labels - 1s: 118, 0s: 278
Client 3 of 5: Local Epoch [3/3] Loss: 0.4661, Accuracy: 79.04 %
Predictions - 1s: 40, 0s: 356
True Labels - 1s: 110, 0s: 286
Client 4 of 5: Local Epoch [1/3] Loss: 0.5221, Accuracy: 74.24 %
Predictions - 1s: 40, 0s: 356
True Labels - 1s: 110, 0s: 286
Client 4 of 5: Local Epoch [2/3] Loss: 0.5097, Accuracy: 75.25 %
Predictions - 1s: 41, 0s: 355
True Labels - 1s: 110, 0s: 286
Client 4 of 5: Local Epoch [3/3] Loss: 0.5017, Accuracy: 77.53 %
Predictions - 1s: 38, 0s: 360
True Labels - 1s: 106, 0s: 292
Client 5 of 5: Local Epoch [1/3] Loss: 0.4964, Accuracy: 77.89 %
Predictions - 1s: 55, 0s: 343
True Labels - 1s: 106, 0s: 292
Client 5 of 5: Local Epoch [2/3] Loss: 0.4799, Accuracy: 79.15 %
Predictions - 1s: 42, 0s: 356
True Labels - 1s: 106, 0s: 292
Client 5 of 5: Local Epoch [3/3] Loss: 0.4776, Accuracy: 77.89 %
-------------------------------
Round [4/4] Average Local Loss: 0.4749, Average Local Accuracy: 78.71 %
-------------------------------
-------- Validation --------
Predictions - 1s: 93, 0s: 403
True Labels - 1s: 119, 0s: 377
Round [4/4] Global Model Validation Loss: 0.4508, Validation Accuracy: 75.40 %
-------- Validation finished --------
Updated best model in round 4 saved with Validation Loss: 0.4508 and Validation Accuracy: 75.40 %
-------------------------------
Best model in round 4 saved with Validation Loss: 0.4508 and Validation Accuracy: 75.40 %

-------- Training finished in 1:56 --------

Test flag enabled. Testing the model

-------- Loading best model from model_path --------
Loaded model bert-tiny from date 18-04-2024 22:35. Trained with Federated Learning technology.
Round 4, lr: 6e-05, optimizer: AdamW
Average train accuracy: 78.71 %, Validation accuracy: 75.40 %
-------- Best model loaded --------

-------- Creating Test Dataloader --------
Test Loader: 618 total sentences. 78 batches of size 8.
-------- Test Dataloader created --------

-------- Testing --------
Predictions - 1s: 99, 0s: 519
True Labels - 1s: 168, 0s: 450
Nº of test samples: 618
Accuracy: 77.51%
Accuracy 2 : 77.51%
Precision: 72.30%
Recall: 65.16%
F1 Score: 66.80%
Classification report:
              precision    recall  f1-score   support

           0     0.7996    0.9222    0.8566       450
           1     0.6465    0.3810    0.4794       168

    accuracy                         0.7751       618
   macro avg     0.7230    0.6516    0.6680       618
weighted avg     0.7580    0.7751    0.7540       618

-------- Testing finished --------
