Current configuration:
{
    "concurrency_flag": false,
    "data_distribution": "iid",
    "dataset": "twitter_dep",
    "device": "cuda",
    "dp_delta": 0.003,
    "dp_epsilon": 0.0,
    "eval_batch_size": 4,
    "eval_flag": true,
    "eval_size": 0.2,
    "fed_alg": "fedavg",
    "layers": 3,
    "learning_rate": 6e-05,
    "max_length": 512,
    "ml_mode": "fl",
    "model": "bert_small",
    "model_name": "fl_small_c2_twitter_dep",
    "models_path": "/local/vpaloma/fabric-federated-learning/ablation_study/phase-2/3-accs/twitter_dep/",
    "mu": 0.5,
    "num_clients": 2,
    "num_epochs": 3,
    "num_rounds": 4,
    "optimizer": "AdamW",
    "progress_bar_flag": false,
    "save_model": true,
    "scheduler": "linear",
    "scheduler_warmup_steps": 0,
    "seed": 0,
    "test_flag": true,
    "train_batch_size": 4,
    "train_size": 0.8
}
-------- Configuration loaded --------

-------- Setting device --------
cuda device selected and available.
-------- Device set --------

-------- Setting seed --------
-------- Seed set --------

-------- Creating Model --------
-------- Model created --------

-------- Setting Trainable Layers --------
Training the last 3 layers.

Total parameters count: 28764674
Trainable parameters count: 3416066
-------- Trainable Layers set --------

-------- Creating Tokenizer --------
-------- Tokenizer created --------

-------- Creating Train and Eval Dataloaders --------
Train Loader: 1982 total sentences. 496 batches of size 4.
Eval Loader: 496 total sentences. 124 batches of size 4.
-------- Train and Eval Dataloaders created --------

-------- Training --------
Training with Federated Learning technology.
Training without differential privacy.
Federated averaging algorithm selected.
Client 0: Label 0: 706, Label 1: 285
Client 1: Label 0: 724, Label 1: 267

Round 1 of 4
-------------------------------
Predictions - 1s: 129, 0s: 862
True Labels - 1s: 285, 0s: 706
Client 1 of 2: Local Epoch [1/3] Loss: 0.5182, Accuracy: 76.79 %
Predictions - 1s: 216, 0s: 775
True Labels - 1s: 285, 0s: 706
Client 1 of 2: Local Epoch [2/3] Loss: 0.4213, Accuracy: 80.12 %
Predictions - 1s: 234, 0s: 757
True Labels - 1s: 285, 0s: 706
Client 1 of 2: Local Epoch [3/3] Loss: 0.3702, Accuracy: 83.75 %
Predictions - 1s: 104, 0s: 887
True Labels - 1s: 267, 0s: 724
Client 2 of 2: Local Epoch [1/3] Loss: 0.5073, Accuracy: 75.08 %
Predictions - 1s: 189, 0s: 802
True Labels - 1s: 267, 0s: 724
Client 2 of 2: Local Epoch [2/3] Loss: 0.4047, Accuracy: 82.24 %
Predictions - 1s: 218, 0s: 773
True Labels - 1s: 267, 0s: 724
Client 2 of 2: Local Epoch [3/3] Loss: 0.3458, Accuracy: 85.97 %
-------------------------------
Round [1/4] Average Local Loss: 0.3580, Average Local Accuracy: 84.86 %
-------------------------------
-------- Validation --------
Predictions - 1s: 115, 0s: 381
True Labels - 1s: 122, 0s: 374
Round [1/4] Global Model Validation Loss: 0.4323, Validation Accuracy: 78.43 %
-------- Validation finished --------
Updated best model in round 1 saved with Validation Loss: 0.4323 and Validation Accuracy: 78.43 %
-------------------------------

Round 2 of 4
-------------------------------
Predictions - 1s: 227, 0s: 764
True Labels - 1s: 285, 0s: 706
Client 1 of 2: Local Epoch [1/3] Loss: 0.4034, Accuracy: 82.04 %
Predictions - 1s: 248, 0s: 743
True Labels - 1s: 285, 0s: 706
Client 1 of 2: Local Epoch [2/3] Loss: 0.3325, Accuracy: 85.97 %
Predictions - 1s: 257, 0s: 734
True Labels - 1s: 285, 0s: 706
Client 1 of 2: Local Epoch [3/3] Loss: 0.2848, Accuracy: 88.29 %
Predictions - 1s: 214, 0s: 777
True Labels - 1s: 267, 0s: 724
Client 2 of 2: Local Epoch [1/3] Loss: 0.3939, Accuracy: 82.14 %
Predictions - 1s: 232, 0s: 759
True Labels - 1s: 267, 0s: 724
Client 2 of 2: Local Epoch [2/3] Loss: 0.3148, Accuracy: 86.98 %
Predictions - 1s: 246, 0s: 745
True Labels - 1s: 267, 0s: 724
Client 2 of 2: Local Epoch [3/3] Loss: 0.2757, Accuracy: 88.40 %
-------------------------------
Round [2/4] Average Local Loss: 0.2803, Average Local Accuracy: 88.35 %
-------------------------------
-------- Validation --------
Predictions - 1s: 138, 0s: 358
True Labels - 1s: 122, 0s: 374
Round [2/4] Global Model Validation Loss: 0.4429, Validation Accuracy: 79.44 %
-------- Validation finished --------

Round 3 of 4
-------------------------------
Predictions - 1s: 258, 0s: 733
True Labels - 1s: 285, 0s: 706
Client 1 of 2: Local Epoch [1/3] Loss: 0.3517, Accuracy: 84.76 %
Predictions - 1s: 268, 0s: 723
True Labels - 1s: 285, 0s: 706
Client 1 of 2: Local Epoch [2/3] Loss: 0.2704, Accuracy: 87.99 %
Predictions - 1s: 265, 0s: 726
True Labels - 1s: 285, 0s: 706
Client 1 of 2: Local Epoch [3/3] Loss: 0.2142, Accuracy: 91.73 %
Predictions - 1s: 228, 0s: 763
True Labels - 1s: 267, 0s: 724
Client 2 of 2: Local Epoch [1/3] Loss: 0.3295, Accuracy: 85.17 %
Predictions - 1s: 238, 0s: 753
True Labels - 1s: 267, 0s: 724
Client 2 of 2: Local Epoch [2/3] Loss: 0.2573, Accuracy: 89.81 %
Predictions - 1s: 250, 0s: 741
True Labels - 1s: 267, 0s: 724
Client 2 of 2: Local Epoch [3/3] Loss: 0.2054, Accuracy: 92.43 %
-------------------------------
Round [3/4] Average Local Loss: 0.2098, Average Local Accuracy: 92.08 %
-------------------------------
-------- Validation --------
Predictions - 1s: 126, 0s: 370
True Labels - 1s: 122, 0s: 374
Round [3/4] Global Model Validation Loss: 0.4652, Validation Accuracy: 80.65 %
-------- Validation finished --------

Round 4 of 4
-------------------------------
Predictions - 1s: 270, 0s: 721
True Labels - 1s: 285, 0s: 706
Client 1 of 2: Local Epoch [1/3] Loss: 0.2879, Accuracy: 88.19 %
Predictions - 1s: 269, 0s: 722
True Labels - 1s: 285, 0s: 706
Client 1 of 2: Local Epoch [2/3] Loss: 0.2332, Accuracy: 90.51 %
Predictions - 1s: 272, 0s: 719
True Labels - 1s: 285, 0s: 706
Client 1 of 2: Local Epoch [3/3] Loss: 0.1661, Accuracy: 94.25 %
Predictions - 1s: 255, 0s: 736
True Labels - 1s: 267, 0s: 724
Client 2 of 2: Local Epoch [1/3] Loss: 0.2770, Accuracy: 88.50 %
Predictions - 1s: 233, 0s: 758
True Labels - 1s: 267, 0s: 724
Client 2 of 2: Local Epoch [2/3] Loss: 0.1929, Accuracy: 92.33 %
Predictions - 1s: 257, 0s: 734
True Labels - 1s: 267, 0s: 724
Client 2 of 2: Local Epoch [3/3] Loss: 0.1526, Accuracy: 94.55 %
-------------------------------
Round [4/4] Average Local Loss: 0.1594, Average Local Accuracy: 94.40 %
-------------------------------
-------- Validation --------
Predictions - 1s: 143, 0s: 353
True Labels - 1s: 122, 0s: 374
Round [4/4] Global Model Validation Loss: 0.5096, Validation Accuracy: 78.83 %
-------- Validation finished --------
Best model in round 1 saved with Validation Loss: 0.4323 and Validation Accuracy: 78.43 %

-------- Training finished in 1:45 --------

Test flag enabled. Testing the model

-------- Loading best model from model_path --------
Loaded model bert-small from date 08-04-2024 13:17. Trained with Federated Learning technology.
Round 1, lr: 6e-05, optimizer: AdamW
Average train accuracy: 84.86 %, Validation accuracy: 78.43 %
-------- Best model loaded --------

-------- Creating Test Dataloader --------
Test Loader: 618 total sentences. 78 batches of size 8.
-------- Test Dataloader created --------

-------- Testing --------
Predictions - 1s: 153, 0s: 465
True Labels - 1s: 168, 0s: 450
Nº of test samples: 618
Accuracy: 82.04%
Accuracy 2 : 82.04%
Precision: 77.54%
Recall: 75.92%
F1 Score: 76.64%
Classification report:
              precision    recall  f1-score   support

           0     0.8645    0.8933    0.8787       450
           1     0.6863    0.6250    0.6542       168

    accuracy                         0.8204       618
   macro avg     0.7754    0.7592    0.7664       618
weighted avg     0.8161    0.8204    0.8177       618

-------- Testing finished --------
