Current configuration:
{
    "concurrency_flag": false,
    "data_distribution": "iid",
    "dataset": "twitter_dep",
    "device": "cuda",
    "dp_delta": 0.003,
    "dp_epsilon": 0.0,
    "eval_batch_size": 4,
    "eval_flag": true,
    "eval_size": 0.2,
    "fed_alg": "fedavg",
    "layers": 3,
    "learning_rate": 6e-05,
    "max_length": 512,
    "ml_mode": "fl",
    "model": "bert_tiny",
    "model_name": "fl_tiny_c10_twitter_dep",
    "models_path": "/local/vpaloma/fabric-federated-learning/ablation_study/phase-2/3-accs/twitter_dep/",
    "mu": 0.5,
    "num_clients": 10,
    "num_epochs": 3,
    "num_rounds": 4,
    "optimizer": "AdamW",
    "progress_bar_flag": false,
    "save_model": true,
    "scheduler": "linear",
    "scheduler_warmup_steps": 0,
    "seed": 0,
    "test_flag": true,
    "train_batch_size": 4,
    "train_size": 0.8
}
-------- Configuration loaded --------

-------- Setting device --------
cuda device selected and available.
-------- Device set --------

-------- Setting seed --------
-------- Seed set --------

-------- Creating Model --------
-------- Model created --------

-------- Setting Trainable Layers --------
Training the last 3 layers.

Total parameters count: 4386178
Trainable parameters count: 215042
-------- Trainable Layers set --------

-------- Creating Tokenizer --------
-------- Tokenizer created --------

-------- Creating Train and Eval Dataloaders --------
Train Loader: 1982 total sentences. 496 batches of size 4.
Eval Loader: 496 total sentences. 124 batches of size 4.
-------- Train and Eval Dataloaders created --------

-------- Training --------
Training with Federated Learning technology.
Training without differential privacy.
Federated averaging algorithm selected.
Client 0: Label 0: 136, Label 1: 62
Client 1: Label 0: 136, Label 1: 62
Client 2: Label 0: 145, Label 1: 53
Client 3: Label 0: 145, Label 1: 53
Client 4: Label 0: 143, Label 1: 55
Client 5: Label 0: 145, Label 1: 53
Client 6: Label 0: 140, Label 1: 58
Client 7: Label 0: 140, Label 1: 58
Client 8: Label 0: 146, Label 1: 52
Client 9: Label 0: 154, Label 1: 46

Round 1 of 4
-------------------------------
Predictions - 1s: 15, 0s: 183
True Labels - 1s: 62, 0s: 136
Client 1 of 10: Local Epoch [1/3] Loss: 0.6580, Accuracy: 64.14 %
Predictions - 1s: 0, 0s: 198
True Labels - 1s: 62, 0s: 136
Client 1 of 10: Local Epoch [2/3] Loss: 0.6209, Accuracy: 68.69 %
Predictions - 1s: 0, 0s: 198
True Labels - 1s: 62, 0s: 136
Client 1 of 10: Local Epoch [3/3] Loss: 0.6131, Accuracy: 68.69 %
Predictions - 1s: 2, 0s: 196
True Labels - 1s: 62, 0s: 136
Client 2 of 10: Local Epoch [1/3] Loss: 0.6438, Accuracy: 68.69 %
Predictions - 1s: 0, 0s: 198
True Labels - 1s: 62, 0s: 136
Client 2 of 10: Local Epoch [2/3] Loss: 0.6164, Accuracy: 68.69 %
Predictions - 1s: 0, 0s: 198
True Labels - 1s: 62, 0s: 136
Client 2 of 10: Local Epoch [3/3] Loss: 0.6039, Accuracy: 68.69 %
Predictions - 1s: 8, 0s: 190
True Labels - 1s: 53, 0s: 145
Client 3 of 10: Local Epoch [1/3] Loss: 0.6402, Accuracy: 72.22 %
Predictions - 1s: 0, 0s: 198
True Labels - 1s: 53, 0s: 145
Client 3 of 10: Local Epoch [2/3] Loss: 0.5925, Accuracy: 73.23 %
Predictions - 1s: 0, 0s: 198
True Labels - 1s: 53, 0s: 145
Client 3 of 10: Local Epoch [3/3] Loss: 0.5862, Accuracy: 73.23 %
Predictions - 1s: 10, 0s: 188
True Labels - 1s: 53, 0s: 145
Client 4 of 10: Local Epoch [1/3] Loss: 0.6300, Accuracy: 72.22 %
Predictions - 1s: 0, 0s: 198
True Labels - 1s: 53, 0s: 145
Client 4 of 10: Local Epoch [2/3] Loss: 0.5942, Accuracy: 73.23 %
Predictions - 1s: 0, 0s: 198
True Labels - 1s: 53, 0s: 145
Client 4 of 10: Local Epoch [3/3] Loss: 0.5772, Accuracy: 73.23 %
Predictions - 1s: 6, 0s: 192
True Labels - 1s: 55, 0s: 143
Client 5 of 10: Local Epoch [1/3] Loss: 0.6324, Accuracy: 71.21 %
Predictions - 1s: 0, 0s: 198
True Labels - 1s: 55, 0s: 143
Client 5 of 10: Local Epoch [2/3] Loss: 0.6010, Accuracy: 72.22 %
Predictions - 1s: 0, 0s: 198
True Labels - 1s: 55, 0s: 143
Client 5 of 10: Local Epoch [3/3] Loss: 0.5888, Accuracy: 72.22 %
Predictions - 1s: 11, 0s: 187
True Labels - 1s: 53, 0s: 145
Client 6 of 10: Local Epoch [1/3] Loss: 0.6255, Accuracy: 71.72 %
Predictions - 1s: 0, 0s: 198
True Labels - 1s: 53, 0s: 145
Client 6 of 10: Local Epoch [2/3] Loss: 0.5849, Accuracy: 73.23 %
Predictions - 1s: 0, 0s: 198
True Labels - 1s: 53, 0s: 145
Client 6 of 10: Local Epoch [3/3] Loss: 0.5730, Accuracy: 73.23 %
Predictions - 1s: 12, 0s: 186
True Labels - 1s: 58, 0s: 140
Client 7 of 10: Local Epoch [1/3] Loss: 0.6482, Accuracy: 67.68 %
Predictions - 1s: 0, 0s: 198
True Labels - 1s: 58, 0s: 140
Client 7 of 10: Local Epoch [2/3] Loss: 0.6049, Accuracy: 70.71 %
Predictions - 1s: 0, 0s: 198
True Labels - 1s: 58, 0s: 140
Client 7 of 10: Local Epoch [3/3] Loss: 0.5951, Accuracy: 70.71 %
Predictions - 1s: 5, 0s: 193
True Labels - 1s: 58, 0s: 140
Client 8 of 10: Local Epoch [1/3] Loss: 0.6485, Accuracy: 69.19 %
Predictions - 1s: 0, 0s: 198
True Labels - 1s: 58, 0s: 140
Client 8 of 10: Local Epoch [2/3] Loss: 0.6097, Accuracy: 70.71 %
Predictions - 1s: 0, 0s: 198
True Labels - 1s: 58, 0s: 140
Client 8 of 10: Local Epoch [3/3] Loss: 0.5979, Accuracy: 70.71 %
Predictions - 1s: 9, 0s: 189
True Labels - 1s: 52, 0s: 146
Client 9 of 10: Local Epoch [1/3] Loss: 0.6334, Accuracy: 70.20 %
Predictions - 1s: 0, 0s: 198
True Labels - 1s: 52, 0s: 146
Client 9 of 10: Local Epoch [2/3] Loss: 0.5938, Accuracy: 73.74 %
Predictions - 1s: 0, 0s: 198
True Labels - 1s: 52, 0s: 146
Client 9 of 10: Local Epoch [3/3] Loss: 0.5759, Accuracy: 73.74 %
Predictions - 1s: 0, 0s: 200
True Labels - 1s: 46, 0s: 154
Client 10 of 10: Local Epoch [1/3] Loss: 0.6056, Accuracy: 77.00 %
Predictions - 1s: 0, 0s: 200
True Labels - 1s: 46, 0s: 154
Client 10 of 10: Local Epoch [2/3] Loss: 0.5590, Accuracy: 77.00 %
Predictions - 1s: 0, 0s: 200
True Labels - 1s: 46, 0s: 154
Client 10 of 10: Local Epoch [3/3] Loss: 0.5489, Accuracy: 77.00 %
-------------------------------
Round [1/4] Average Local Loss: 0.5860, Average Local Accuracy: 72.14 %
-------------------------------
-------- Validation --------
Predictions - 1s: 0, 0s: 496
True Labels - 1s: 122, 0s: 374
Round [1/4] Global Model Validation Loss: 0.5646, Validation Accuracy: 75.40 %
-------- Validation finished --------
Updated best model in round 1 saved with Validation Loss: 0.5646 and Validation Accuracy: 75.40 %
-------------------------------

Round 2 of 4
-------------------------------
Predictions - 1s: 0, 0s: 198
True Labels - 1s: 62, 0s: 136
Client 1 of 10: Local Epoch [1/3] Loss: 0.6101, Accuracy: 68.69 %
Predictions - 1s: 0, 0s: 198
True Labels - 1s: 62, 0s: 136
Client 1 of 10: Local Epoch [2/3] Loss: 0.6035, Accuracy: 68.69 %
Predictions - 1s: 0, 0s: 198
True Labels - 1s: 62, 0s: 136
Client 1 of 10: Local Epoch [3/3] Loss: 0.5881, Accuracy: 68.69 %
Predictions - 1s: 0, 0s: 198
True Labels - 1s: 62, 0s: 136
Client 2 of 10: Local Epoch [1/3] Loss: 0.6116, Accuracy: 68.69 %
Predictions - 1s: 0, 0s: 198
True Labels - 1s: 62, 0s: 136
Client 2 of 10: Local Epoch [2/3] Loss: 0.5972, Accuracy: 68.69 %
Predictions - 1s: 0, 0s: 198
True Labels - 1s: 62, 0s: 136
Client 2 of 10: Local Epoch [3/3] Loss: 0.5910, Accuracy: 68.69 %
Predictions - 1s: 0, 0s: 198
True Labels - 1s: 53, 0s: 145
Client 3 of 10: Local Epoch [1/3] Loss: 0.5788, Accuracy: 73.23 %
Predictions - 1s: 0, 0s: 198
True Labels - 1s: 53, 0s: 145
Client 3 of 10: Local Epoch [2/3] Loss: 0.5596, Accuracy: 73.23 %
Predictions - 1s: 0, 0s: 198
True Labels - 1s: 53, 0s: 145
Client 3 of 10: Local Epoch [3/3] Loss: 0.5619, Accuracy: 73.23 %
Predictions - 1s: 0, 0s: 198
True Labels - 1s: 53, 0s: 145
Client 4 of 10: Local Epoch [1/3] Loss: 0.5768, Accuracy: 73.23 %
Predictions - 1s: 0, 0s: 198
True Labels - 1s: 53, 0s: 145
Client 4 of 10: Local Epoch [2/3] Loss: 0.5676, Accuracy: 73.23 %
Predictions - 1s: 0, 0s: 198
True Labels - 1s: 53, 0s: 145
Client 4 of 10: Local Epoch [3/3] Loss: 0.5576, Accuracy: 73.23 %
Predictions - 1s: 0, 0s: 198
True Labels - 1s: 55, 0s: 143
Client 5 of 10: Local Epoch [1/3] Loss: 0.5903, Accuracy: 72.22 %
Predictions - 1s: 0, 0s: 198
True Labels - 1s: 55, 0s: 143
Client 5 of 10: Local Epoch [2/3] Loss: 0.5829, Accuracy: 72.22 %
Predictions - 1s: 0, 0s: 198
True Labels - 1s: 55, 0s: 143
Client 5 of 10: Local Epoch [3/3] Loss: 0.5725, Accuracy: 72.22 %
Predictions - 1s: 0, 0s: 198
True Labels - 1s: 53, 0s: 145
Client 6 of 10: Local Epoch [1/3] Loss: 0.5811, Accuracy: 73.23 %
Predictions - 1s: 0, 0s: 198
True Labels - 1s: 53, 0s: 145
Client 6 of 10: Local Epoch [2/3] Loss: 0.5597, Accuracy: 73.23 %
Predictions - 1s: 0, 0s: 198
True Labels - 1s: 53, 0s: 145
Client 6 of 10: Local Epoch [3/3] Loss: 0.5569, Accuracy: 73.23 %
Predictions - 1s: 0, 0s: 198
True Labels - 1s: 58, 0s: 140
Client 7 of 10: Local Epoch [1/3] Loss: 0.5921, Accuracy: 70.71 %
Predictions - 1s: 0, 0s: 198
True Labels - 1s: 58, 0s: 140
Client 7 of 10: Local Epoch [2/3] Loss: 0.5758, Accuracy: 70.71 %
Predictions - 1s: 0, 0s: 198
True Labels - 1s: 58, 0s: 140
Client 7 of 10: Local Epoch [3/3] Loss: 0.5654, Accuracy: 70.71 %
Predictions - 1s: 0, 0s: 198
True Labels - 1s: 58, 0s: 140
Client 8 of 10: Local Epoch [1/3] Loss: 0.5999, Accuracy: 70.71 %
Predictions - 1s: 0, 0s: 198
True Labels - 1s: 58, 0s: 140
Client 8 of 10: Local Epoch [2/3] Loss: 0.5918, Accuracy: 70.71 %
Predictions - 1s: 0, 0s: 198
True Labels - 1s: 58, 0s: 140
Client 8 of 10: Local Epoch [3/3] Loss: 0.5916, Accuracy: 70.71 %
Predictions - 1s: 0, 0s: 198
True Labels - 1s: 52, 0s: 146
Client 9 of 10: Local Epoch [1/3] Loss: 0.5744, Accuracy: 73.74 %
Predictions - 1s: 0, 0s: 198
True Labels - 1s: 52, 0s: 146
Client 9 of 10: Local Epoch [2/3] Loss: 0.5646, Accuracy: 73.74 %
Predictions - 1s: 0, 0s: 198
True Labels - 1s: 52, 0s: 146
Client 9 of 10: Local Epoch [3/3] Loss: 0.5591, Accuracy: 73.74 %
Predictions - 1s: 0, 0s: 200
True Labels - 1s: 46, 0s: 154
Client 10 of 10: Local Epoch [1/3] Loss: 0.5382, Accuracy: 77.00 %
Predictions - 1s: 0, 0s: 200
True Labels - 1s: 46, 0s: 154
Client 10 of 10: Local Epoch [2/3] Loss: 0.5317, Accuracy: 77.00 %
Predictions - 1s: 0, 0s: 200
True Labels - 1s: 46, 0s: 154
Client 10 of 10: Local Epoch [3/3] Loss: 0.5314, Accuracy: 77.00 %
-------------------------------
Round [2/4] Average Local Loss: 0.5676, Average Local Accuracy: 72.14 %
-------------------------------
-------- Validation --------
Predictions - 1s: 0, 0s: 496
True Labels - 1s: 122, 0s: 374
Round [2/4] Global Model Validation Loss: 0.5406, Validation Accuracy: 75.40 %
-------- Validation finished --------
Updated best model in round 2 saved with Validation Loss: 0.5406 and Validation Accuracy: 75.40 %
-------------------------------

Round 3 of 4
-------------------------------
Predictions - 1s: 0, 0s: 198
True Labels - 1s: 62, 0s: 136
Client 1 of 10: Local Epoch [1/3] Loss: 0.5869, Accuracy: 68.69 %
Predictions - 1s: 0, 0s: 198
True Labels - 1s: 62, 0s: 136
Client 1 of 10: Local Epoch [2/3] Loss: 0.5706, Accuracy: 68.69 %
Predictions - 1s: 1, 0s: 197
True Labels - 1s: 62, 0s: 136
Client 1 of 10: Local Epoch [3/3] Loss: 0.5646, Accuracy: 68.18 %
Predictions - 1s: 0, 0s: 198
True Labels - 1s: 62, 0s: 136
Client 2 of 10: Local Epoch [1/3] Loss: 0.5916, Accuracy: 68.69 %
Predictions - 1s: 0, 0s: 198
True Labels - 1s: 62, 0s: 136
Client 2 of 10: Local Epoch [2/3] Loss: 0.5843, Accuracy: 68.69 %
Predictions - 1s: 0, 0s: 198
True Labels - 1s: 62, 0s: 136
Client 2 of 10: Local Epoch [3/3] Loss: 0.5655, Accuracy: 68.69 %
Predictions - 1s: 0, 0s: 198
True Labels - 1s: 53, 0s: 145
Client 3 of 10: Local Epoch [1/3] Loss: 0.5548, Accuracy: 73.23 %
Predictions - 1s: 0, 0s: 198
True Labels - 1s: 53, 0s: 145
Client 3 of 10: Local Epoch [2/3] Loss: 0.5455, Accuracy: 73.23 %
Predictions - 1s: 0, 0s: 198
True Labels - 1s: 53, 0s: 145
Client 3 of 10: Local Epoch [3/3] Loss: 0.5340, Accuracy: 73.23 %
Predictions - 1s: 0, 0s: 198
True Labels - 1s: 53, 0s: 145
Client 4 of 10: Local Epoch [1/3] Loss: 0.5683, Accuracy: 73.23 %
Predictions - 1s: 0, 0s: 198
True Labels - 1s: 53, 0s: 145
Client 4 of 10: Local Epoch [2/3] Loss: 0.5523, Accuracy: 73.23 %
Predictions - 1s: 0, 0s: 198
True Labels - 1s: 53, 0s: 145
Client 4 of 10: Local Epoch [3/3] Loss: 0.5397, Accuracy: 73.23 %
Predictions - 1s: 0, 0s: 198
True Labels - 1s: 55, 0s: 143
Client 5 of 10: Local Epoch [1/3] Loss: 0.5802, Accuracy: 72.22 %
Predictions - 1s: 0, 0s: 198
True Labels - 1s: 55, 0s: 143
Client 5 of 10: Local Epoch [2/3] Loss: 0.5684, Accuracy: 72.22 %
Predictions - 1s: 0, 0s: 198
True Labels - 1s: 55, 0s: 143
Client 5 of 10: Local Epoch [3/3] Loss: 0.5554, Accuracy: 72.22 %
Predictions - 1s: 0, 0s: 198
True Labels - 1s: 53, 0s: 145
Client 6 of 10: Local Epoch [1/3] Loss: 0.5548, Accuracy: 73.23 %
Predictions - 1s: 0, 0s: 198
True Labels - 1s: 53, 0s: 145
Client 6 of 10: Local Epoch [2/3] Loss: 0.5503, Accuracy: 73.23 %
Predictions - 1s: 0, 0s: 198
True Labels - 1s: 53, 0s: 145
Client 6 of 10: Local Epoch [3/3] Loss: 0.5412, Accuracy: 73.23 %
Predictions - 1s: 0, 0s: 198
True Labels - 1s: 58, 0s: 140
Client 7 of 10: Local Epoch [1/3] Loss: 0.5778, Accuracy: 70.71 %
Predictions - 1s: 0, 0s: 198
True Labels - 1s: 58, 0s: 140
Client 7 of 10: Local Epoch [2/3] Loss: 0.5547, Accuracy: 70.71 %
Predictions - 1s: 0, 0s: 198
True Labels - 1s: 58, 0s: 140
Client 7 of 10: Local Epoch [3/3] Loss: 0.5491, Accuracy: 70.71 %
Predictions - 1s: 0, 0s: 198
True Labels - 1s: 58, 0s: 140
Client 8 of 10: Local Epoch [1/3] Loss: 0.5816, Accuracy: 70.71 %
Predictions - 1s: 0, 0s: 198
True Labels - 1s: 58, 0s: 140
Client 8 of 10: Local Epoch [2/3] Loss: 0.5726, Accuracy: 70.71 %
Predictions - 1s: 0, 0s: 198
True Labels - 1s: 58, 0s: 140
Client 8 of 10: Local Epoch [3/3] Loss: 0.5625, Accuracy: 70.71 %
Predictions - 1s: 0, 0s: 198
True Labels - 1s: 52, 0s: 146
Client 9 of 10: Local Epoch [1/3] Loss: 0.5657, Accuracy: 73.74 %
Predictions - 1s: 0, 0s: 198
True Labels - 1s: 52, 0s: 146
Client 9 of 10: Local Epoch [2/3] Loss: 0.5420, Accuracy: 73.74 %
Predictions - 1s: 0, 0s: 198
True Labels - 1s: 52, 0s: 146
Client 9 of 10: Local Epoch [3/3] Loss: 0.5386, Accuracy: 73.74 %
Predictions - 1s: 0, 0s: 200
True Labels - 1s: 46, 0s: 154
Client 10 of 10: Local Epoch [1/3] Loss: 0.5321, Accuracy: 77.00 %
Predictions - 1s: 0, 0s: 200
True Labels - 1s: 46, 0s: 154
Client 10 of 10: Local Epoch [2/3] Loss: 0.5197, Accuracy: 77.00 %
Predictions - 1s: 0, 0s: 200
True Labels - 1s: 46, 0s: 154
Client 10 of 10: Local Epoch [3/3] Loss: 0.5111, Accuracy: 77.00 %
-------------------------------
Round [3/4] Average Local Loss: 0.5462, Average Local Accuracy: 72.09 %
-------------------------------
-------- Validation --------
Predictions - 1s: 0, 0s: 496
True Labels - 1s: 122, 0s: 374
Round [3/4] Global Model Validation Loss: 0.5253, Validation Accuracy: 75.40 %
-------- Validation finished --------
Updated best model in round 3 saved with Validation Loss: 0.5253 and Validation Accuracy: 75.40 %
-------------------------------

Round 4 of 4
-------------------------------
Predictions - 1s: 0, 0s: 198
True Labels - 1s: 62, 0s: 136
Client 1 of 10: Local Epoch [1/3] Loss: 0.5737, Accuracy: 68.69 %
Predictions - 1s: 1, 0s: 197
True Labels - 1s: 62, 0s: 136
Client 1 of 10: Local Epoch [2/3] Loss: 0.5604, Accuracy: 69.19 %
Predictions - 1s: 3, 0s: 195
True Labels - 1s: 62, 0s: 136
Client 1 of 10: Local Epoch [3/3] Loss: 0.5425, Accuracy: 70.20 %
Predictions - 1s: 0, 0s: 198
True Labels - 1s: 62, 0s: 136
Client 2 of 10: Local Epoch [1/3] Loss: 0.5807, Accuracy: 68.69 %
Predictions - 1s: 1, 0s: 197
True Labels - 1s: 62, 0s: 136
Client 2 of 10: Local Epoch [2/3] Loss: 0.5581, Accuracy: 69.19 %
Predictions - 1s: 1, 0s: 197
True Labels - 1s: 62, 0s: 136
Client 2 of 10: Local Epoch [3/3] Loss: 0.5497, Accuracy: 69.19 %
Predictions - 1s: 0, 0s: 198
True Labels - 1s: 53, 0s: 145
Client 3 of 10: Local Epoch [1/3] Loss: 0.5437, Accuracy: 73.23 %
Predictions - 1s: 0, 0s: 198
True Labels - 1s: 53, 0s: 145
Client 3 of 10: Local Epoch [2/3] Loss: 0.5251, Accuracy: 73.23 %
Predictions - 1s: 0, 0s: 198
True Labels - 1s: 53, 0s: 145
Client 3 of 10: Local Epoch [3/3] Loss: 0.5179, Accuracy: 73.23 %
Predictions - 1s: 0, 0s: 198
True Labels - 1s: 53, 0s: 145
Client 4 of 10: Local Epoch [1/3] Loss: 0.5447, Accuracy: 73.23 %
Predictions - 1s: 0, 0s: 198
True Labels - 1s: 53, 0s: 145
Client 4 of 10: Local Epoch [2/3] Loss: 0.5329, Accuracy: 73.23 %
Predictions - 1s: 0, 0s: 198
True Labels - 1s: 53, 0s: 145
Client 4 of 10: Local Epoch [3/3] Loss: 0.5276, Accuracy: 73.23 %
Predictions - 1s: 0, 0s: 198
True Labels - 1s: 55, 0s: 143
Client 5 of 10: Local Epoch [1/3] Loss: 0.5604, Accuracy: 72.22 %
Predictions - 1s: 0, 0s: 198
True Labels - 1s: 55, 0s: 143
Client 5 of 10: Local Epoch [2/3] Loss: 0.5553, Accuracy: 72.22 %
Predictions - 1s: 0, 0s: 198
True Labels - 1s: 55, 0s: 143
Client 5 of 10: Local Epoch [3/3] Loss: 0.5535, Accuracy: 72.22 %
Predictions - 1s: 0, 0s: 198
True Labels - 1s: 53, 0s: 145
Client 6 of 10: Local Epoch [1/3] Loss: 0.5311, Accuracy: 73.23 %
Predictions - 1s: 0, 0s: 198
True Labels - 1s: 53, 0s: 145
Client 6 of 10: Local Epoch [2/3] Loss: 0.5158, Accuracy: 73.23 %
Predictions - 1s: 1, 0s: 197
True Labels - 1s: 53, 0s: 145
Client 6 of 10: Local Epoch [3/3] Loss: 0.5037, Accuracy: 73.74 %
Predictions - 1s: 0, 0s: 198
True Labels - 1s: 58, 0s: 140
Client 7 of 10: Local Epoch [1/3] Loss: 0.5406, Accuracy: 70.71 %
Predictions - 1s: 2, 0s: 196
True Labels - 1s: 58, 0s: 140
Client 7 of 10: Local Epoch [2/3] Loss: 0.5333, Accuracy: 71.72 %
Predictions - 1s: 2, 0s: 196
True Labels - 1s: 58, 0s: 140
Client 7 of 10: Local Epoch [3/3] Loss: 0.5217, Accuracy: 71.72 %
Predictions - 1s: 0, 0s: 198
True Labels - 1s: 58, 0s: 140
Client 8 of 10: Local Epoch [1/3] Loss: 0.5708, Accuracy: 70.71 %
Predictions - 1s: 0, 0s: 198
True Labels - 1s: 58, 0s: 140
Client 8 of 10: Local Epoch [2/3] Loss: 0.5557, Accuracy: 70.71 %
Predictions - 1s: 0, 0s: 198
True Labels - 1s: 58, 0s: 140
Client 8 of 10: Local Epoch [3/3] Loss: 0.5550, Accuracy: 70.71 %
Predictions - 1s: 0, 0s: 198
True Labels - 1s: 52, 0s: 146
Client 9 of 10: Local Epoch [1/3] Loss: 0.5375, Accuracy: 73.74 %
Predictions - 1s: 0, 0s: 198
True Labels - 1s: 52, 0s: 146
Client 9 of 10: Local Epoch [2/3] Loss: 0.5282, Accuracy: 73.74 %
Predictions - 1s: 0, 0s: 198
True Labels - 1s: 52, 0s: 146
Client 9 of 10: Local Epoch [3/3] Loss: 0.5143, Accuracy: 73.74 %
Predictions - 1s: 0, 0s: 200
True Labels - 1s: 46, 0s: 154
Client 10 of 10: Local Epoch [1/3] Loss: 0.5218, Accuracy: 77.00 %
Predictions - 1s: 0, 0s: 200
True Labels - 1s: 46, 0s: 154
Client 10 of 10: Local Epoch [2/3] Loss: 0.5028, Accuracy: 77.00 %
Predictions - 1s: 0, 0s: 200
True Labels - 1s: 46, 0s: 154
Client 10 of 10: Local Epoch [3/3] Loss: 0.5017, Accuracy: 77.00 %
-------------------------------
Round [4/4] Average Local Loss: 0.5288, Average Local Accuracy: 72.50 %
-------------------------------
-------- Validation --------
Predictions - 1s: 0, 0s: 496
True Labels - 1s: 122, 0s: 374
Round [4/4] Global Model Validation Loss: 0.5089, Validation Accuracy: 75.40 %
-------- Validation finished --------
Updated best model in round 4 saved with Validation Loss: 0.5089 and Validation Accuracy: 75.40 %
-------------------------------
Best model in round 4 saved with Validation Loss: 0.5089 and Validation Accuracy: 75.40 %

-------- Training finished in 1:21 --------

Test flag enabled. Testing the model

-------- Loading best model from model_path --------
Loaded model bert-tiny from date 08-04-2024 13:08. Trained with Federated Learning technology.
Round 4, lr: 6e-05, optimizer: AdamW
Average train accuracy: 72.50 %, Validation accuracy: 75.40 %
-------- Best model loaded --------

-------- Creating Test Dataloader --------
Test Loader: 618 total sentences. 78 batches of size 8.
-------- Test Dataloader created --------

-------- Testing --------
Predictions - 1s: 0, 0s: 618
True Labels - 1s: 168, 0s: 450
Nº of test samples: 618
Accuracy: 72.82%
Accuracy 2 : 72.82%
Precision: 36.41%
Recall: 50.00%
F1 Score: 42.13%
Classification report:
              precision    recall  f1-score   support

           0     0.7282    1.0000    0.8427       450
           1     0.0000    0.0000    0.0000       168

    accuracy                         0.7282       618
   macro avg     0.3641    0.5000    0.4213       618
weighted avg     0.5302    0.7282    0.6136       618

-------- Testing finished --------
