Current configuration:
{
    "concurrency_flag": false,
    "data_distribution": "iid",
    "dataset": "twitter_dep",
    "device": "cuda",
    "dp_delta": 0.003,
    "dp_epsilon": 0.0,
    "eval_batch_size": 4,
    "eval_flag": true,
    "eval_size": 0.2,
    "fed_alg": "fedavg",
    "layers": 3,
    "learning_rate": 6e-05,
    "max_length": 512,
    "ml_mode": "ml",
    "model": "bert_mini",
    "model_name": "ml_mini_seed2_twitter_dep",
    "models_path": "/local/vpaloma/fabric-federated-learning/ablation_study/phase-2/3-accs/twitter_dep/",
    "mu": 0.5,
    "num_clients": 5,
    "num_epochs": 12,
    "num_rounds": 4,
    "optimizer": "AdamW",
    "progress_bar_flag": false,
    "save_model": true,
    "scheduler": "linear",
    "scheduler_warmup_steps": 0,
    "seed": 221,
    "test_flag": true,
    "train_batch_size": 4,
    "train_size": 0.8
}
-------- Configuration loaded --------

-------- Setting device --------
cuda device selected and available.
-------- Device set --------

-------- Setting seed --------
-------- Seed set --------

-------- Creating Model --------
-------- Model created --------

-------- Setting Trainable Layers --------
Training the last 3 layers.

Total parameters count: 11171074
Trainable parameters count: 856066
-------- Trainable Layers set --------

-------- Creating Tokenizer --------
-------- Tokenizer created --------

-------- Creating Train and Eval Dataloaders --------
Train Loader: 1982 total sentences. 496 batches of size 4.
Eval Loader: 496 total sentences. 124 batches of size 4.
-------- Train and Eval Dataloaders created --------

-------- Creating Optimizer --------
-------- Optimizer created --------

-------- Creating Scheduler --------
-------- Scheduler created --------

-------- Training --------
Training with Centralised Machine Learning technology.
Training without differential privacy.
Epoch [1/12], Step [100/496], Loss: 0.5809, Accuracy: 70.25 %
Epoch [1/12], Step [200/496], Loss: 0.5765, Accuracy: 70.50 %
Epoch [1/12], Step [300/496], Loss: 0.5528, Accuracy: 72.00 %
Epoch [1/12], Step [400/496], Loss: 0.5336, Accuracy: 73.81 %
Predictions - 1s: 202, 0s: 1780
True Labels - 1s: 555, 0s: 1427
-------------------------------
Epoch [1/12] Loss: 0.5287, Accuracy: 74.02 %
-------------------------------
-------- Validation --------
Predictions - 1s: 97, 0s: 399
True Labels - 1s: 119, 0s: 377
Validation Loss: 0.4509, Validation Accuracy: 76.61 %
-------- Validation finished --------
Updated best model in epoch 1 saved with Validation Loss: 0.4509 and Validation Accuracy: 76.61 %
-------------------------------
Epoch [2/12], Step [100/496], Loss: 0.5008, Accuracy: 75.75 %
Epoch [2/12], Step [200/496], Loss: 0.4846, Accuracy: 76.75 %
Epoch [2/12], Step [300/496], Loss: 0.4693, Accuracy: 76.75 %
Epoch [2/12], Step [400/496], Loss: 0.4581, Accuracy: 77.19 %
Predictions - 1s: 375, 0s: 1607
True Labels - 1s: 555, 0s: 1427
-------------------------------
Epoch [2/12] Loss: 0.4509, Accuracy: 78.00 %
-------------------------------
-------- Validation --------
Predictions - 1s: 138, 0s: 358
True Labels - 1s: 119, 0s: 377
Validation Loss: 0.4422, Validation Accuracy: 78.02 %
-------- Validation finished --------
Updated best model in epoch 2 saved with Validation Loss: 0.4422 and Validation Accuracy: 78.02 %
-------------------------------
Epoch [3/12], Step [100/496], Loss: 0.4425, Accuracy: 81.00 %
Epoch [3/12], Step [200/496], Loss: 0.4174, Accuracy: 82.00 %
Epoch [3/12], Step [300/496], Loss: 0.4138, Accuracy: 81.92 %
Epoch [3/12], Step [400/496], Loss: 0.4109, Accuracy: 81.25 %
Predictions - 1s: 409, 0s: 1573
True Labels - 1s: 555, 0s: 1427
-------------------------------
Epoch [3/12] Loss: 0.4136, Accuracy: 81.13 %
-------------------------------
-------- Validation --------
Predictions - 1s: 111, 0s: 385
True Labels - 1s: 119, 0s: 377
Validation Loss: 0.4204, Validation Accuracy: 79.44 %
-------- Validation finished --------
Updated best model in epoch 3 saved with Validation Loss: 0.4204 and Validation Accuracy: 79.44 %
-------------------------------
Epoch [4/12], Step [100/496], Loss: 0.3751, Accuracy: 82.00 %
Epoch [4/12], Step [200/496], Loss: 0.3864, Accuracy: 81.38 %
Epoch [4/12], Step [300/496], Loss: 0.3973, Accuracy: 80.25 %
Epoch [4/12], Step [400/496], Loss: 0.3979, Accuracy: 80.62 %
Predictions - 1s: 458, 0s: 1524
True Labels - 1s: 555, 0s: 1427
-------------------------------
Epoch [4/12] Loss: 0.3920, Accuracy: 81.28 %
-------------------------------
-------- Validation --------
Predictions - 1s: 89, 0s: 407
True Labels - 1s: 119, 0s: 377
Validation Loss: 0.4142, Validation Accuracy: 79.84 %
-------- Validation finished --------
Updated best model in epoch 4 saved with Validation Loss: 0.4142 and Validation Accuracy: 79.84 %
-------------------------------
Epoch [5/12], Step [100/496], Loss: 0.3506, Accuracy: 85.25 %
Epoch [5/12], Step [200/496], Loss: 0.3838, Accuracy: 83.25 %
Epoch [5/12], Step [300/496], Loss: 0.3655, Accuracy: 84.00 %
Epoch [5/12], Step [400/496], Loss: 0.3745, Accuracy: 83.25 %
Predictions - 1s: 457, 0s: 1525
True Labels - 1s: 555, 0s: 1427
-------------------------------
Epoch [5/12] Loss: 0.3716, Accuracy: 83.35 %
-------------------------------
-------- Validation --------
Predictions - 1s: 127, 0s: 369
True Labels - 1s: 119, 0s: 377
Validation Loss: 0.4275, Validation Accuracy: 79.03 %
-------- Validation finished --------
Epoch [6/12], Step [100/496], Loss: 0.3267, Accuracy: 85.75 %
Epoch [6/12], Step [200/496], Loss: 0.3436, Accuracy: 83.88 %
Epoch [6/12], Step [300/496], Loss: 0.3499, Accuracy: 83.75 %
Epoch [6/12], Step [400/496], Loss: 0.3526, Accuracy: 84.00 %
Predictions - 1s: 472, 0s: 1510
True Labels - 1s: 555, 0s: 1427
-------------------------------
Epoch [6/12] Loss: 0.3513, Accuracy: 84.21 %
-------------------------------
-------- Validation --------
Predictions - 1s: 111, 0s: 385
True Labels - 1s: 119, 0s: 377
Validation Loss: 0.4202, Validation Accuracy: 79.84 %
-------- Validation finished --------
Epoch [7/12], Step [100/496], Loss: 0.3287, Accuracy: 85.75 %
Epoch [7/12], Step [200/496], Loss: 0.3343, Accuracy: 84.50 %
Epoch [7/12], Step [300/496], Loss: 0.3268, Accuracy: 85.50 %
Epoch [7/12], Step [400/496], Loss: 0.3313, Accuracy: 85.00 %
Predictions - 1s: 455, 0s: 1527
True Labels - 1s: 555, 0s: 1427
-------------------------------
Epoch [7/12] Loss: 0.3328, Accuracy: 84.96 %
-------------------------------
-------- Validation --------
Predictions - 1s: 138, 0s: 358
True Labels - 1s: 119, 0s: 377
Validation Loss: 0.4367, Validation Accuracy: 78.83 %
-------- Validation finished --------
Epoch [8/12], Step [100/496], Loss: 0.2881, Accuracy: 88.50 %
Epoch [8/12], Step [200/496], Loss: 0.2865, Accuracy: 88.38 %
Epoch [8/12], Step [300/496], Loss: 0.2981, Accuracy: 88.00 %
Epoch [8/12], Step [400/496], Loss: 0.2988, Accuracy: 87.44 %
Predictions - 1s: 477, 0s: 1505
True Labels - 1s: 555, 0s: 1427
-------------------------------
Epoch [8/12] Loss: 0.3132, Accuracy: 86.78 %
-------------------------------
-------- Validation --------
Predictions - 1s: 136, 0s: 360
True Labels - 1s: 119, 0s: 377
Validation Loss: 0.4403, Validation Accuracy: 78.02 %
-------- Validation finished --------
Epoch [9/12], Step [100/496], Loss: 0.3222, Accuracy: 87.00 %
Epoch [9/12], Step [200/496], Loss: 0.3241, Accuracy: 85.50 %
Epoch [9/12], Step [300/496], Loss: 0.3084, Accuracy: 86.67 %
Epoch [9/12], Step [400/496], Loss: 0.3037, Accuracy: 86.81 %
Predictions - 1s: 486, 0s: 1496
True Labels - 1s: 555, 0s: 1427
-------------------------------
Epoch [9/12] Loss: 0.3030, Accuracy: 86.73 %
-------------------------------
-------- Validation --------
Predictions - 1s: 127, 0s: 369
True Labels - 1s: 119, 0s: 377
Validation Loss: 0.4455, Validation Accuracy: 79.03 %
-------- Validation finished --------
Epoch [10/12], Step [100/496], Loss: 0.3411, Accuracy: 84.50 %
Epoch [10/12], Step [200/496], Loss: 0.3162, Accuracy: 85.62 %
Epoch [10/12], Step [300/496], Loss: 0.2995, Accuracy: 86.92 %
Epoch [10/12], Step [400/496], Loss: 0.2850, Accuracy: 87.62 %
Predictions - 1s: 488, 0s: 1494
True Labels - 1s: 555, 0s: 1427
-------------------------------
Epoch [10/12] Loss: 0.2868, Accuracy: 87.64 %
-------------------------------
-------- Validation --------
Predictions - 1s: 132, 0s: 364
True Labels - 1s: 119, 0s: 377
Validation Loss: 0.4510, Validation Accuracy: 79.23 %
-------- Validation finished --------
Epoch [11/12], Step [100/496], Loss: 0.2859, Accuracy: 88.50 %
Epoch [11/12], Step [200/496], Loss: 0.2952, Accuracy: 87.62 %
Epoch [11/12], Step [300/496], Loss: 0.2951, Accuracy: 88.00 %
Epoch [11/12], Step [400/496], Loss: 0.2772, Accuracy: 88.94 %
Predictions - 1s: 502, 0s: 1480
True Labels - 1s: 555, 0s: 1427
-------------------------------
Epoch [11/12] Loss: 0.2751, Accuracy: 89.05 %
-------------------------------
-------- Validation --------
Predictions - 1s: 113, 0s: 383
True Labels - 1s: 119, 0s: 377
Validation Loss: 0.4470, Validation Accuracy: 78.63 %
-------- Validation finished --------
Epoch [12/12], Step [100/496], Loss: 0.2600, Accuracy: 89.00 %
Epoch [12/12], Step [200/496], Loss: 0.2584, Accuracy: 88.75 %
Epoch [12/12], Step [300/496], Loss: 0.2787, Accuracy: 87.75 %
Epoch [12/12], Step [400/496], Loss: 0.2855, Accuracy: 87.88 %
Predictions - 1s: 498, 0s: 1484
True Labels - 1s: 555, 0s: 1427
-------------------------------
Epoch [12/12] Loss: 0.2802, Accuracy: 88.14 %
-------------------------------
-------- Validation --------
Predictions - 1s: 128, 0s: 368
True Labels - 1s: 119, 0s: 377
Validation Loss: 0.4541, Validation Accuracy: 79.64 %
-------- Validation finished --------
Best model in epoch 4 saved with with Validation Loss: 0.4142 and Validation Accuracy: 79.84 %

-------- Training finished in 25:27 --------

Test flag enabled. Testing the model

-------- Loading best model from model_path --------
Loaded model bert-mini from date 19-03-2024 16:46. Trained with Centralised Machine Learning technology.
Epoch 4, lr: 6e-05, optimizer: AdamW
Train accuracy: 81.28 %, Validation accuracy: 79.84 %
-------- Best model loaded --------

-------- Creating Test Dataloader --------
Test Loader: 618 total sentences. 78 batches of size 8.
-------- Test Dataloader created --------

-------- Testing --------
Predictions - 1s: 114, 0s: 504
True Labels - 1s: 168, 0s: 450
Nº of test samples: 618
Accuracy: 80.91%
Accuracy 2 : 80.91%
Precision: 77.43%
Recall: 70.85%
F1 Score: 72.89%
Classification report:
              precision    recall  f1-score   support

           0     0.8294    0.9289    0.8763       450
           1     0.7193    0.4881    0.5816       168

    accuracy                         0.8091       618
   macro avg     0.7743    0.7085    0.7289       618
weighted avg     0.7994    0.8091    0.7962       618

-------- Testing finished --------
