Current configuration:
{
    "concurrency_flag": false,
    "data_distribution": "iid",
    "dataset": "dreaddit",
    "device": "cuda",
    "dp_delta": 0.003,
    "dp_epsilon": 0.0,
    "eval_batch_size": 4,
    "eval_flag": true,
    "eval_size": 0.2,
    "fed_alg": "fedavg",
    "layers": 4,
    "learning_rate": 6e-05,
    "max_length": 512,
    "ml_mode": "ml",
    "model": "bert_mini",
    "model_name": "ml_bert_mini_dreaddit",
    "models_path": "/local/vpaloma/ablation_study/3-ml_mode-model-datasets/",
    "mu": 0.5,
    "num_clients": 5,
    "num_epochs": 10,
    "num_rounds": 4,
    "optimizer": "AdamW",
    "progress_bar_flag": false,
    "save_model": true,
    "scheduler": "linear",
    "scheduler_warmup_steps": 0,
    "seed": 0,
    "test_flag": true,
    "train_batch_size": 4,
    "train_size": 0.8
}
-------- Configuration loaded --------

-------- Setting device --------
cuda device selected and available.
-------- Device set --------

-------- Setting seed --------
-------- Seed set --------

-------- Creating Model --------
-------- Model created --------

-------- Setting Trainable Layers --------
Training the last 4 layers.

Total parameters count: 11171074
Trainable parameters count: 1645826
-------- Trainable Layers set --------

-------- Creating Tokenizer --------
-------- Tokenizer created --------

-------- Creating Train and Eval Dataloaders --------
Train Loader: 2270 total sentences. 568 batches of size 4.
Eval Loader: 568 total sentences. 142 batches of size 4.
-------- Train and Eval Dataloaders created --------

-------- Creating Optimizer --------
-------- Optimizer created --------

-------- Creating Scheduler --------
-------- Scheduler created --------

-------- Training --------
Training with Centralised Machine Learning technology.
Training without differential privacy.
Epoch [1/10], Step [100/568], Loss: 0.6670, Accuracy: 63.00 %
Epoch [1/10], Step [200/568], Loss: 0.6269, Accuracy: 66.25 %
Epoch [1/10], Step [300/568], Loss: 0.5830, Accuracy: 68.92 %
Epoch [1/10], Step [400/568], Loss: 0.5694, Accuracy: 70.00 %
Epoch [1/10], Step [500/568], Loss: 0.5533, Accuracy: 71.65 %
-------------------------------
Epoch [1/10] Loss: 0.5452, Accuracy: 72.03 %
-------------------------------
-------- Validation --------
Validation Loss: 0.5409, Validation Accuracy: 73.06 %
-------- Validation finished --------
Updated best model in epoch 1 saved with Validation Accuracy: 73.06 %
-------------------------------
Epoch [2/10], Step [100/568], Loss: 0.4338, Accuracy: 81.50 %
Epoch [2/10], Step [200/568], Loss: 0.4432, Accuracy: 80.75 %
Epoch [2/10], Step [300/568], Loss: 0.4455, Accuracy: 79.67 %
Epoch [2/10], Step [400/568], Loss: 0.4458, Accuracy: 79.50 %
Epoch [2/10], Step [500/568], Loss: 0.4415, Accuracy: 79.25 %
-------------------------------
Epoch [2/10] Loss: 0.4481, Accuracy: 78.77 %
-------------------------------
-------- Validation --------
Validation Loss: 0.5095, Validation Accuracy: 75.53 %
-------- Validation finished --------
Updated best model in epoch 2 saved with Validation Accuracy: 75.53 %
-------------------------------
Epoch [3/10], Step [100/568], Loss: 0.3474, Accuracy: 83.50 %
Epoch [3/10], Step [200/568], Loss: 0.3651, Accuracy: 83.75 %
Epoch [3/10], Step [300/568], Loss: 0.3836, Accuracy: 82.67 %
Epoch [3/10], Step [400/568], Loss: 0.4027, Accuracy: 81.62 %
Epoch [3/10], Step [500/568], Loss: 0.4012, Accuracy: 81.70 %
-------------------------------
Epoch [3/10] Loss: 0.4012, Accuracy: 81.89 %
-------------------------------
-------- Validation --------
Validation Loss: 0.4812, Validation Accuracy: 78.87 %
-------- Validation finished --------
Updated best model in epoch 3 saved with Validation Accuracy: 78.87 %
-------------------------------
Epoch [4/10], Step [100/568], Loss: 0.3536, Accuracy: 85.75 %
Epoch [4/10], Step [200/568], Loss: 0.3618, Accuracy: 84.50 %
Epoch [4/10], Step [300/568], Loss: 0.3652, Accuracy: 83.75 %
Epoch [4/10], Step [400/568], Loss: 0.3724, Accuracy: 83.44 %
Epoch [4/10], Step [500/568], Loss: 0.3671, Accuracy: 83.80 %
-------------------------------
Epoch [4/10] Loss: 0.3643, Accuracy: 84.01 %
-------------------------------
-------- Validation --------
Validation Loss: 0.5590, Validation Accuracy: 76.23 %
-------- Validation finished --------
Epoch [5/10], Step [100/568], Loss: 0.2916, Accuracy: 87.75 %
Epoch [5/10], Step [200/568], Loss: 0.3036, Accuracy: 87.25 %
Epoch [5/10], Step [300/568], Loss: 0.3032, Accuracy: 87.50 %
Epoch [5/10], Step [400/568], Loss: 0.3056, Accuracy: 87.25 %
Epoch [5/10], Step [500/568], Loss: 0.3149, Accuracy: 86.85 %
-------------------------------
Epoch [5/10] Loss: 0.3070, Accuracy: 87.36 %
-------------------------------
-------- Validation --------
Validation Loss: 0.5864, Validation Accuracy: 75.70 %
-------- Validation finished --------
Epoch [6/10], Step [100/568], Loss: 0.2440, Accuracy: 89.00 %
Epoch [6/10], Step [200/568], Loss: 0.2536, Accuracy: 89.50 %
Epoch [6/10], Step [300/568], Loss: 0.2571, Accuracy: 89.25 %
Epoch [6/10], Step [400/568], Loss: 0.2636, Accuracy: 89.19 %
Epoch [6/10], Step [500/568], Loss: 0.2659, Accuracy: 88.85 %
-------------------------------
Epoch [6/10] Loss: 0.2640, Accuracy: 89.07 %
-------------------------------
-------- Validation --------
Validation Loss: 0.6072, Validation Accuracy: 76.06 %
-------- Validation finished --------
Epoch [7/10], Step [100/568], Loss: 0.2386, Accuracy: 89.50 %
Epoch [7/10], Step [200/568], Loss: 0.2317, Accuracy: 90.88 %
Epoch [7/10], Step [300/568], Loss: 0.2195, Accuracy: 91.50 %
Epoch [7/10], Step [400/568], Loss: 0.2185, Accuracy: 91.31 %
Epoch [7/10], Step [500/568], Loss: 0.2181, Accuracy: 91.35 %
-------------------------------
Epoch [7/10] Loss: 0.2173, Accuracy: 91.45 %
-------------------------------
-------- Validation --------
Validation Loss: 0.6871, Validation Accuracy: 75.00 %
-------- Validation finished --------
Epoch [8/10], Step [100/568], Loss: 0.1578, Accuracy: 94.00 %
Epoch [8/10], Step [200/568], Loss: 0.1702, Accuracy: 93.12 %
Epoch [8/10], Step [300/568], Loss: 0.1636, Accuracy: 93.42 %
Epoch [8/10], Step [400/568], Loss: 0.1706, Accuracy: 93.19 %
Epoch [8/10], Step [500/568], Loss: 0.1754, Accuracy: 93.05 %
-------------------------------
Epoch [8/10] Loss: 0.1756, Accuracy: 93.17 %
-------------------------------
-------- Validation --------
Validation Loss: 0.7249, Validation Accuracy: 75.00 %
-------- Validation finished --------
Epoch [9/10], Step [100/568], Loss: 0.1421, Accuracy: 93.50 %
Epoch [9/10], Step [200/568], Loss: 0.1392, Accuracy: 94.50 %
Epoch [9/10], Step [300/568], Loss: 0.1399, Accuracy: 94.42 %
Epoch [9/10], Step [400/568], Loss: 0.1475, Accuracy: 94.00 %
Epoch [9/10], Step [500/568], Loss: 0.1482, Accuracy: 93.85 %
-------------------------------
Epoch [9/10] Loss: 0.1532, Accuracy: 93.61 %
-------------------------------
-------- Validation --------
Validation Loss: 0.7598, Validation Accuracy: 74.12 %
-------- Validation finished --------
Epoch [10/10], Step [100/568], Loss: 0.1490, Accuracy: 93.75 %
Epoch [10/10], Step [200/568], Loss: 0.1619, Accuracy: 92.50 %
Epoch [10/10], Step [300/568], Loss: 0.1495, Accuracy: 93.58 %
Epoch [10/10], Step [400/568], Loss: 0.1528, Accuracy: 93.62 %
Epoch [10/10], Step [500/568], Loss: 0.1482, Accuracy: 93.85 %
-------------------------------
Epoch [10/10] Loss: 0.1504, Accuracy: 93.79 %
-------------------------------
-------- Validation --------
Validation Loss: 0.7570, Validation Accuracy: 74.65 %
-------- Validation finished --------
Best model in epoch 3 saved with Validation Accuracy: 78.87 %
-------- Training finished --------

Test flag enabled. Testing the model

-------- Loading best model from model_path --------
Loaded model bert-mini from date 01-02-2024 15:08. Trained with Centralised Machine Learning technology.
Epoch 3, lr: 6e-05, optimizer: AdamW
Train accuracy: 81.89 %, Validation accuracy: 78.87 %
-------- Best model loaded --------

-------- Creating Test Dataloader --------
Test Loader: 715 total sentences. 90 batches of size 8.
-------- Test Dataloader created --------

-------- Testing --------
Nº of test samples: 715
Accuracy: 73.85%
Precision: 74.48%
Recall: 73.55%
F1 Score: 73.50%
-------- Testing finished --------
