Current configuration:
{
    "concurrency_flag": true,
    "data_distribution": "iid",
    "dataset": "mixed_depression",
    "device": "cuda",
    "dp_delta": 0.003,
    "dp_epsilon": 0.0,
    "eval_batch_size": 4,
    "eval_flag": true,
    "eval_size": 0.2,
    "fed_alg": "fedavg",
    "layers": 3,
    "learning_rate": 6e-05,
    "max_length": 512,
    "ml_mode": "bcfl",
    "model": "bert_mini",
    "model_name": "bcfl_mini_seed8_mixed_depression",
    "models_path": "/local/vpaloma/fabric-federated-learning/ablation_study/phase-4/final/accs-times/mixed_depression/",
    "mu": 0.5,
    "num_clients": 5,
    "num_epochs": 3,
    "num_rounds": 4,
    "optimizer": "AdamW",
    "progress_bar_flag": false,
    "save_model": true,
    "scheduler": "linear",
    "scheduler_warmup_steps": 0,
    "seed": "random",
    "test_flag": true,
    "train_batch_size": 4,
    "train_size": 0.8
}
-------- Configuration loaded --------

-------- Setting device --------
cuda device selected and available.
-------- Device set --------

-------- Setting seed --------
seed set:  274617
-------- Seed set --------

-------- Creating Model --------
-------- Model created --------

-------- Setting Trainable Layers --------
Training the last 3 layers.

Total parameters count: 11171074
Trainable parameters count: 856066
-------- Trainable Layers set --------

-------- Creating Tokenizer --------
-------- Tokenizer created --------

-------- Creating Train and Eval Dataloaders --------
Train Loader: 1806 total sentences. 452 batches of size 4.
Eval Loader: 452 total sentences. 113 batches of size 4.
-------- Train and Eval Dataloaders created --------

-------- Training --------
Training with Blockchain-Based Federated Learning technology.
Training without differential privacy.
Federated averaging algorithm selected.
Client 0: Label 0: 158, Label 1: 203
Client 1: Label 0: 179, Label 1: 182
Client 2: Label 0: 178, Label 1: 183
Client 3: Label 0: 176, Label 1: 185
Client 4: Label 0: 176, Label 1: 186

Round 1 of 4
-------------------------------
Predictions - 1s: 226, 0s: 135
True Labels - 1s: 185, 0s: 176
Client 4 of 5: Local Epoch [1/3] Loss: 0.6451, Accuracy: 64.82 %
Predictions - 1s: 204, 0s: 157
True Labels - 1s: 183, 0s: 178
Client 3 of 5: Local Epoch [1/3] Loss: 0.6580, Accuracy: 61.50 %
Predictions - 1s: 168, 0s: 194
True Labels - 1s: 186, 0s: 176
Client 5 of 5: Local Epoch [1/3] Loss: 0.6361, Accuracy: 67.40 %
Predictions - 1s: 164, 0s: 197
True Labels - 1s: 182, 0s: 179
Client 2 of 5: Local Epoch [1/3] Loss: 0.6479, Accuracy: 62.33 %
Predictions - 1s: 285, 0s: 76
True Labels - 1s: 203, 0s: 158
Client 1 of 5: Local Epoch [1/3] Loss: 0.6448, Accuracy: 66.20 %
Predictions - 1s: 174, 0s: 187
True Labels - 1s: 185, 0s: 176
Client 4 of 5: Local Epoch [2/3] Loss: 0.5374, Accuracy: 75.35 %
Predictions - 1s: 185, 0s: 176
True Labels - 1s: 183, 0s: 178
Client 3 of 5: Local Epoch [2/3] Loss: 0.5461, Accuracy: 77.84 %
Predictions - 1s: 193, 0s: 169
True Labels - 1s: 186, 0s: 176
Client 5 of 5: Local Epoch [2/3] Loss: 0.5293, Accuracy: 77.62 %
Predictions - 1s: 170, 0s: 191
True Labels - 1s: 182, 0s: 179
Client 2 of 5: Local Epoch [2/3] Loss: 0.5655, Accuracy: 73.96 %
Predictions - 1s: 208, 0s: 153
True Labels - 1s: 203, 0s: 158
Client 1 of 5: Local Epoch [2/3] Loss: 0.5454, Accuracy: 78.67 %
Predictions - 1s: 193, 0s: 168
True Labels - 1s: 185, 0s: 176
Client 4 of 5: Local Epoch [3/3] Loss: 0.4744, Accuracy: 81.16 %
Predictions - 1s: 195, 0s: 166
True Labels - 1s: 183, 0s: 178
Client 3 of 5: Local Epoch [3/3] Loss: 0.4897, Accuracy: 82.27 %
Predictions - 1s: 189, 0s: 173
True Labels - 1s: 186, 0s: 176
Client 5 of 5: Local Epoch [3/3] Loss: 0.4841, Accuracy: 79.83 %
Predictions - 1s: 170, 0s: 191
True Labels - 1s: 182, 0s: 179
Client 2 of 5: Local Epoch [3/3] Loss: 0.5206, Accuracy: 76.18 %
Predictions - 1s: 228, 0s: 133
True Labels - 1s: 203, 0s: 158
Client 1 of 5: Local Epoch [3/3] Loss: 0.5124, Accuracy: 78.12 %
-------------------------------
Round [1/4] Average Local Loss: 0.4963, Average Local Accuracy: 79.51 %
-------------------------------
-------- Validation --------
Predictions - 1s: 219, 0s: 233
True Labels - 1s: 246, 0s: 206
Round [1/4] Global Model Validation Loss: 0.4887, Validation Accuracy: 80.75 %
-------- Validation finished --------
Updated best model in round 1 saved with Validation Loss: 0.4887 and Validation Accuracy: 80.75 %
-------------------------------

Round 2 of 4
-------------------------------
Predictions - 1s: 202, 0s: 159
True Labels - 1s: 203, 0s: 158
Client 1 of 5: Local Epoch [1/3] Loss: 0.4853, Accuracy: 77.56 %
Predictions - 1s: 173, 0s: 188
True Labels - 1s: 185, 0s: 176
Client 4 of 5: Local Epoch [1/3] Loss: 0.4744, Accuracy: 77.29 %
Predictions - 1s: 188, 0s: 174
Predictions - 1s: 185, 0s: 176
True Labels - 1s: 186, 0s: 176
True Labels - 1s: 183, 0s: 178
Client 5 of 5: Local Epoch [1/3] Loss: 0.4856, Accuracy: 76.80 %
Client 3 of 5: Local Epoch [1/3] Loss: 0.4656, Accuracy: 81.16 %
Predictions - 1s: 187, 0s: 174
True Labels - 1s: 182, 0s: 179
Client 2 of 5: Local Epoch [1/3] Loss: 0.5007, Accuracy: 76.45 %
Predictions - 1s: 222, 0s: 139
True Labels - 1s: 203, 0s: 158
Client 1 of 5: Local Epoch [2/3] Loss: 0.4434, Accuracy: 81.44 %
Predictions - 1s: 187, 0s: 174
True Labels - 1s: 182, 0s: 179
Client 2 of 5: Local Epoch [2/3] Loss: 0.4544, Accuracy: 75.90 %
Predictions - 1s: 190, 0s: 172
True Labels - 1s: 186, 0s: 176
Client 5 of 5: Local Epoch [2/3] Loss: 0.4149, Accuracy: 81.77 %
Predictions - 1s: 195, 0s: 166
True Labels - 1s: 183, 0s: 178
Client 3 of 5: Local Epoch [2/3] Loss: 0.4180, Accuracy: 83.93 %
Predictions - 1s: 176, 0s: 185
True Labels - 1s: 185, 0s: 176
Client 4 of 5: Local Epoch [2/3] Loss: 0.3916, Accuracy: 83.66 %
Predictions - 1s: 211, 0s: 150
True Labels - 1s: 203, 0s: 158
Client 1 of 5: Local Epoch [3/3] Loss: 0.4056, Accuracy: 81.72 %
Predictions - 1s: 187, 0s: 175
True Labels - 1s: 186, 0s: 176
Client 5 of 5: Local Epoch [3/3] Loss: 0.3740, Accuracy: 83.15 %
Predictions - 1s: 181, 0s: 180
True Labels - 1s: 182, 0s: 179
Client 2 of 5: Local Epoch [3/3] Loss: 0.4185, Accuracy: 81.44 %
Predictions - 1s: 193, 0s: 168
True Labels - 1s: 183, 0s: 178
Client 3 of 5: Local Epoch [3/3] Loss: 0.3972, Accuracy: 85.04 %
Predictions - 1s: 186, 0s: 175
True Labels - 1s: 185, 0s: 176
Client 4 of 5: Local Epoch [3/3] Loss: 0.3589, Accuracy: 84.76 %
-------------------------------
Round [2/4] Average Local Loss: 0.3909, Average Local Accuracy: 83.22 %
-------------------------------
-------- Validation --------
Predictions - 1s: 239, 0s: 213
True Labels - 1s: 246, 0s: 206
Round [2/4] Global Model Validation Loss: 0.3938, Validation Accuracy: 83.41 %
-------- Validation finished --------
Updated best model in round 2 saved with Validation Loss: 0.3938 and Validation Accuracy: 83.41 %
-------------------------------

Round 3 of 4
-------------------------------
Predictions - 1s: 204, 0s: 157
True Labels - 1s: 203, 0s: 158
Client 1 of 5: Local Epoch [1/3] Loss: 0.4203, Accuracy: 82.55 %
Predictions - 1s: 184, 0s: 177
True Labels - 1s: 182, 0s: 179
Client 2 of 5: Local Epoch [1/3] Loss: 0.4390, Accuracy: 79.50 %
Predictions - 1s: 192, 0s: 170
True Labels - 1s: 186, 0s: 176
Client 5 of 5: Local Epoch [1/3] Loss: 0.4014, Accuracy: 81.22 %
Predictions - 1s: 189, 0s: 172
True Labels - 1s: 185, 0s: 176
Client 4 of 5: Local Epoch [1/3] Loss: 0.3938, Accuracy: 82.27 %
Predictions - 1s: 185, 0s: 176
True Labels - 1s: 183, 0s: 178
Client 3 of 5: Local Epoch [1/3] Loss: 0.4147, Accuracy: 83.38 %
Predictions - 1s: 206, 0s: 155
True Labels - 1s: 203, 0s: 158
Client 1 of 5: Local Epoch [2/3] Loss: 0.3926, Accuracy: 81.99 %
Predictions - 1s: 198, 0s: 164
True Labels - 1s: 186, 0s: 176
Client 5 of 5: Local Epoch [2/3] Loss: 0.3446, Accuracy: 84.53 %
Predictions - 1s: 191, 0s: 170
True Labels - 1s: 183, 0s: 178
Client 3 of 5: Local Epoch [2/3] Loss: 0.3644, Accuracy: 86.15 %
Predictions - 1s: 192, 0s: 169
True Labels - 1s: 182, 0s: 179
Client 2 of 5: Local Epoch [2/3] Loss: 0.4139, Accuracy: 78.39 %
Predictions - 1s: 185, 0s: 176
True Labels - 1s: 185, 0s: 176
Client 4 of 5: Local Epoch [2/3] Loss: 0.3313, Accuracy: 86.70 %
Predictions - 1s: 203, 0s: 158
True Labels - 1s: 203, 0s: 158
Client 1 of 5: Local Epoch [3/3] Loss: 0.3446, Accuracy: 85.60 %
Predictions - 1s: 185, 0s: 177
True Labels - 1s: 186, 0s: 176
Client 5 of 5: Local Epoch [3/3] Loss: 0.3210, Accuracy: 86.46 %
Predictions - 1s: 184, 0s: 177
True Labels - 1s: 185, 0s: 176
Client 4 of 5: Local Epoch [3/3] Loss: 0.3176, Accuracy: 86.98 %
Predictions - 1s: 180, 0s: 181
True Labels - 1s: 182, 0s: 179
Client 2 of 5: Local Epoch [3/3] Loss: 0.3850, Accuracy: 84.49 %
Predictions - 1s: 195, 0s: 166
True Labels - 1s: 183, 0s: 178
Client 3 of 5: Local Epoch [3/3] Loss: 0.3504, Accuracy: 87.26 %
-------------------------------
Round [3/4] Average Local Loss: 0.3437, Average Local Accuracy: 86.16 %
-------------------------------
-------- Validation --------
Predictions - 1s: 249, 0s: 203
True Labels - 1s: 246, 0s: 206
Round [3/4] Global Model Validation Loss: 0.3525, Validation Accuracy: 85.18 %
-------- Validation finished --------
Updated best model in round 3 saved with Validation Loss: 0.3525 and Validation Accuracy: 85.18 %
-------------------------------

Round 4 of 4
-------------------------------
Predictions - 1s: 195, 0s: 167
True Labels - 1s: 186, 0s: 176
Client 5 of 5: Local Epoch [1/3] Loss: 0.3432, Accuracy: 85.91 %
Predictions - 1s: 214, 0s: 147
True Labels - 1s: 203, 0s: 158
Client 1 of 5: Local Epoch [1/3] Loss: 0.4016, Accuracy: 82.55 %
Predictions - 1s: 185, 0s: 176
True Labels - 1s: 185, 0s: 176
Client 4 of 5: Local Epoch [1/3] Loss: 0.3531, Accuracy: 83.93 %
Predictions - 1s: 186, 0s: 175
True Labels - 1s: 183, 0s: 178
Client 3 of 5: Local Epoch [1/3] Loss: 0.3731, Accuracy: 84.76 %
Predictions - 1s: 190, 0s: 171
True Labels - 1s: 182, 0s: 179
Client 2 of 5: Local Epoch [1/3] Loss: 0.4118, Accuracy: 80.61 %
Predictions - 1s: 194, 0s: 168
True Labels - 1s: 186, 0s: 176
Client 5 of 5: Local Epoch [2/3] Loss: 0.3135, Accuracy: 87.85 %
Predictions - 1s: 207, 0s: 154
True Labels - 1s: 203, 0s: 158
Client 1 of 5: Local Epoch [2/3] Loss: 0.3347, Accuracy: 84.49 %
Predictions - 1s: 181, 0s: 180
True Labels - 1s: 185, 0s: 176
Client 4 of 5: Local Epoch [2/3] Loss: 0.3150, Accuracy: 86.15 %
Predictions - 1s: 190, 0s: 171
True Labels - 1s: 183, 0s: 178
Client 3 of 5: Local Epoch [2/3] Loss: 0.3252, Accuracy: 87.53 %
Predictions - 1s: 188, 0s: 173
True Labels - 1s: 182, 0s: 179
Client 2 of 5: Local Epoch [2/3] Loss: 0.3782, Accuracy: 82.83 %
Predictions - 1s: 185, 0s: 177
True Labels - 1s: 186, 0s: 176
Client 5 of 5: Local Epoch [3/3] Loss: 0.2832, Accuracy: 88.12 %
Predictions - 1s: 205, 0s: 156
True Labels - 1s: 203, 0s: 158
Client 1 of 5: Local Epoch [3/3] Loss: 0.3380, Accuracy: 85.04 %
Predictions - 1s: 185, 0s: 176
True Labels - 1s: 185, 0s: 176
Client 4 of 5: Local Epoch [3/3] Loss: 0.2922, Accuracy: 87.81 %
Predictions - 1s: 184, 0s: 177
True Labels - 1s: 183, 0s: 178
Client 3 of 5: Local Epoch [3/3] Loss: 0.3276, Accuracy: 88.64 %
Predictions - 1s: 188, 0s: 173
True Labels - 1s: 182, 0s: 179
Client 2 of 5: Local Epoch [3/3] Loss: 0.3511, Accuracy: 84.49 %
-------------------------------
Round [4/4] Average Local Loss: 0.3184, Average Local Accuracy: 86.82 %
-------------------------------
-------- Validation --------
Predictions - 1s: 253, 0s: 199
True Labels - 1s: 246, 0s: 206
Round [4/4] Global Model Validation Loss: 0.3300, Validation Accuracy: 86.06 %
-------- Validation finished --------
Updated best model in round 4 saved with Validation Loss: 0.3300 and Validation Accuracy: 86.06 %
-------------------------------
Best model in round 4 saved with Validation Loss: 0.3300 and Validation Accuracy: 86.06 %

-------- Training finished in 2:30 --------

Test flag enabled. Testing the model

-------- Loading best model from model_path --------
Loaded model bert-mini from date 19-04-2024 19:51. Trained with Federated Learning technology.
Round 4, lr: 6e-05, optimizer: AdamW
Average train accuracy: 86.82 %, Validation accuracy: 86.06 %
-------- Best model loaded --------

-------- Creating Test Dataloader --------
Test Loader: 564 total sentences. 71 batches of size 8.
-------- Test Dataloader created --------

-------- Testing --------
Predictions - 1s: 288, 0s: 276
True Labels - 1s: 296, 0s: 268
Nº of test samples: 564
Accuracy: 86.17%
Accuracy 2 : 86.17%
Precision: 86.13%
Recall: 86.21%
F1 Score: 86.15%
Classification report:
              precision    recall  f1-score   support

           0     0.8442    0.8694    0.8566       268
           1     0.8785    0.8547    0.8664       296

    accuracy                         0.8617       564
   macro avg     0.8613    0.8621    0.8615       564
weighted avg     0.8622    0.8617    0.8618       564

-------- Testing finished --------
