Current configuration:
{
    "concurrency_flag": true,
    "data_distribution": "iid",
    "dataset": "mixed_depression",
    "device": "cuda",
    "dp_delta": 0.003,
    "dp_epsilon": 0.0,
    "eval_batch_size": 4,
    "eval_flag": true,
    "eval_size": 0.2,
    "fed_alg": "fedavg",
    "layers": 3,
    "learning_rate": 6e-05,
    "max_length": 512,
    "ml_mode": "bcfl",
    "model": "bert_tiny",
    "model_name": "bcfl_tiny_seed4_mixed_depression",
    "models_path": "/local/vpaloma/fabric-federated-learning/ablation_study/phase-4/final/accs-times/mixed_depression/",
    "mu": 0.5,
    "num_clients": 5,
    "num_epochs": 3,
    "num_rounds": 4,
    "optimizer": "AdamW",
    "progress_bar_flag": false,
    "save_model": true,
    "scheduler": "linear",
    "scheduler_warmup_steps": 0,
    "seed": "random",
    "test_flag": true,
    "train_batch_size": 4,
    "train_size": 0.8
}
-------- Configuration loaded --------

-------- Setting device --------
cuda device selected and available.
-------- Device set --------

-------- Setting seed --------
seed set:  562795
-------- Seed set --------

-------- Creating Model --------
-------- Model created --------

-------- Setting Trainable Layers --------
Training the last 3 layers.

Total parameters count: 4386178
Trainable parameters count: 215042
-------- Trainable Layers set --------

-------- Creating Tokenizer --------
-------- Tokenizer created --------

-------- Creating Train and Eval Dataloaders --------
Train Loader: 1806 total sentences. 452 batches of size 4.
Eval Loader: 452 total sentences. 113 batches of size 4.
-------- Train and Eval Dataloaders created --------

-------- Training --------
Training with Blockchain-Based Federated Learning technology.
Training without differential privacy.
Federated averaging algorithm selected.
Client 0: Label 0: 162, Label 1: 199
Client 1: Label 0: 170, Label 1: 191
Client 2: Label 0: 178, Label 1: 183
Client 3: Label 0: 174, Label 1: 187
Client 4: Label 0: 191, Label 1: 171

Round 1 of 4
-------------------------------
Predictions - 1s: 165, 0s: 196
True Labels - 1s: 187, 0s: 174
Client 4 of 5: Local Epoch [1/3] Loss: 0.6812, Accuracy: 60.11 %
Predictions - 1s: 177, 0s: 184
True Labels - 1s: 199, 0s: 162
Client 1 of 5: Local Epoch [1/3] Loss: 0.6696, Accuracy: 60.11 %
Predictions - 1s: 206, 0s: 155
True Labels - 1s: 191, 0s: 170
Client 2 of 5: Local Epoch [1/3] Loss: 0.6756, Accuracy: 58.73 %
Predictions - 1s: 97, 0s: 264
True Labels - 1s: 183, 0s: 178
Client 3 of 5: Local Epoch [1/3] Loss: 0.6789, Accuracy: 59.00 %
Predictions - 1s: 81, 0s: 281
True Labels - 1s: 171, 0s: 191
Client 5 of 5: Local Epoch [1/3] Loss: 0.6708, Accuracy: 59.12 %
Predictions - 1s: 176, 0s: 185
True Labels - 1s: 191, 0s: 170
Client 2 of 5: Local Epoch [2/3] Loss: 0.6518, Accuracy: 67.04 %
Predictions - 1s: 71, 0s: 291
True Labels - 1s: 171, 0s: 191
Client 5 of 5: Local Epoch [2/3] Loss: 0.6362, Accuracy: 67.96 %
Predictions - 1s: 183, 0s: 178
True Labels - 1s: 187, 0s: 174
Client 4 of 5: Local Epoch [2/3] Loss: 0.6486, Accuracy: 68.42 %
Predictions - 1s: 256, 0s: 105
True Labels - 1s: 199, 0s: 162
Client 1 of 5: Local Epoch [2/3] Loss: 0.6421, Accuracy: 68.70 %
Predictions - 1s: 178, 0s: 183
True Labels - 1s: 183, 0s: 178
Client 3 of 5: Local Epoch [2/3] Loss: 0.6486, Accuracy: 73.13 %
Predictions - 1s: 192, 0s: 169
True Labels - 1s: 191, 0s: 170
Client 2 of 5: Local Epoch [3/3] Loss: 0.6277, Accuracy: 74.79 %
Predictions - 1s: 148, 0s: 214
True Labels - 1s: 171, 0s: 191
Client 5 of 5: Local Epoch [3/3] Loss: 0.6165, Accuracy: 75.41 %
Predictions - 1s: 211, 0s: 150
True Labels - 1s: 199, 0s: 162
Client 1 of 5: Local Epoch [3/3] Loss: 0.6101, Accuracy: 75.07 %
Predictions - 1s: 205, 0s: 156
True Labels - 1s: 183, 0s: 178
Client 3 of 5: Local Epoch [3/3] Loss: 0.6337, Accuracy: 75.62 %
Predictions - 1s: 174, 0s: 187
True Labels - 1s: 187, 0s: 174
Client 4 of 5: Local Epoch [3/3] Loss: 0.6287, Accuracy: 75.90 %
-------------------------------
Round [1/4] Average Local Loss: 0.6233, Average Local Accuracy: 75.36 %
-------------------------------
-------- Validation --------
Predictions - 1s: 251, 0s: 201
True Labels - 1s: 254, 0s: 198
Round [1/4] Global Model Validation Loss: 0.6056, Validation Accuracy: 80.75 %
-------- Validation finished --------
Updated best model in round 1 saved with Validation Loss: 0.6056 and Validation Accuracy: 80.75 %
-------------------------------

Round 2 of 4
-------------------------------
Predictions - 1s: 138, 0s: 224
True Labels - 1s: 171, 0s: 191
Client 5 of 5: Local Epoch [1/3] Loss: 0.5994, Accuracy: 75.41 %
Predictions - 1s: 207, 0s: 154
True Labels - 1s: 191, 0s: 170
Client 2 of 5: Local Epoch [1/3] Loss: 0.6003, Accuracy: 73.41 %
Predictions - 1s: 215, 0s: 146
True Labels - 1s: 199, 0s: 162
Client 1 of 5: Local Epoch [1/3] Loss: 0.6030, Accuracy: 75.07 %
Predictions - 1s: 194, 0s: 167
True Labels - 1s: 183, 0s: 178
Client 3 of 5: Local Epoch [1/3] Loss: 0.6067, Accuracy: 72.58 %
Predictions - 1s: 184, 0s: 177
True Labels - 1s: 187, 0s: 174
Client 4 of 5: Local Epoch [1/3] Loss: 0.6034, Accuracy: 75.35 %
Predictions - 1s: 157, 0s: 205
True Labels - 1s: 171, 0s: 191
Client 5 of 5: Local Epoch [2/3] Loss: 0.5553, Accuracy: 78.45 %
Predictions - 1s: 191, 0s: 170
True Labels - 1s: 187, 0s: 174
Client 4 of 5: Local Epoch [2/3] Loss: 0.5525, Accuracy: 78.39 %
Predictions - 1s: 177, 0s: 184
True Labels - 1s: 183, 0s: 178
Client 3 of 5: Local Epoch [2/3] Loss: 0.5629, Accuracy: 77.84 %
Predictions - 1s: 199, 0s: 162
True Labels - 1s: 199, 0s: 162
Client 1 of 5: Local Epoch [2/3] Loss: 0.5534, Accuracy: 78.39 %
Predictions - 1s: 189, 0s: 172
True Labels - 1s: 191, 0s: 170
Client 2 of 5: Local Epoch [2/3] Loss: 0.5636, Accuracy: 75.62 %
Predictions - 1s: 158, 0s: 204
True Labels - 1s: 171, 0s: 191
Client 5 of 5: Local Epoch [3/3] Loss: 0.5170, Accuracy: 82.04 %
Predictions - 1s: 190, 0s: 171
True Labels - 1s: 199, 0s: 162
Client 1 of 5: Local Epoch [3/3] Loss: 0.5323, Accuracy: 77.56 %
Predictions - 1s: 171, 0s: 190
True Labels - 1s: 187, 0s: 174
Client 4 of 5: Local Epoch [3/3] Loss: 0.5381, Accuracy: 78.95 %
Predictions - 1s: 173, 0s: 188
True Labels - 1s: 183, 0s: 178
Client 3 of 5: Local Epoch [3/3] Loss: 0.5230, Accuracy: 78.95 %
Predictions - 1s: 188, 0s: 173
True Labels - 1s: 191, 0s: 170
Client 2 of 5: Local Epoch [3/3] Loss: 0.5342, Accuracy: 78.67 %
-------------------------------
Round [2/4] Average Local Loss: 0.5289, Average Local Accuracy: 79.23 %
-------------------------------
-------- Validation --------
Predictions - 1s: 241, 0s: 211
True Labels - 1s: 254, 0s: 198
Round [2/4] Global Model Validation Loss: 0.4948, Validation Accuracy: 82.96 %
-------- Validation finished --------
Updated best model in round 2 saved with Validation Loss: 0.4948 and Validation Accuracy: 82.96 %
-------------------------------

Round 3 of 4
-------------------------------
Predictions - 1s: 198, 0s: 163
True Labels - 1s: 187, 0s: 174
Client 4 of 5: Local Epoch [1/3] Loss: 0.5209, Accuracy: 77.01 %
Predictions - 1s: 170, 0s: 191
True Labels - 1s: 183, 0s: 178
Client 3 of 5: Local Epoch [1/3] Loss: 0.5091, Accuracy: 80.33 %
Predictions - 1s: 154, 0s: 208
True Labels - 1s: 171, 0s: 191
Client 5 of 5: Local Epoch [1/3] Loss: 0.5030, Accuracy: 80.39 %
Predictions - 1s: 179, 0s: 182
True Labels - 1s: 191, 0s: 170
Client 2 of 5: Local Epoch [1/3] Loss: 0.5260, Accuracy: 75.62 %
Predictions - 1s: 199, 0s: 162
True Labels - 1s: 199, 0s: 162
Client 1 of 5: Local Epoch [1/3] Loss: 0.5142, Accuracy: 77.84 %
Predictions - 1s: 171, 0s: 191
True Labels - 1s: 171, 0s: 191
Client 5 of 5: Local Epoch [2/3] Loss: 0.4650, Accuracy: 82.87 %
Predictions - 1s: 194, 0s: 167
Predictions - 1s: 198, 0s: 163
True Labels - 1s: 187, 0s: 174
Predictions - 1s: 193, 0s: 168
True Labels - 1s: 191, 0s: 170
Client 2 of 5: Local Epoch [2/3] Loss: 0.4804, Accuracy: 80.89 %
True Labels - 1s: 199, 0s: 162
Client 4 of 5: Local Epoch [2/3] Loss: 0.4762, Accuracy: 80.89 %
Client 1 of 5: Local Epoch [2/3] Loss: 0.4829, Accuracy: 80.06 %
Predictions - 1s: 178, 0s: 183
True Labels - 1s: 183, 0s: 178
Client 3 of 5: Local Epoch [2/3] Loss: 0.4739, Accuracy: 80.33 %
Predictions - 1s: 161, 0s: 201
True Labels - 1s: 171, 0s: 191
Client 5 of 5: Local Epoch [3/3] Loss: 0.4588, Accuracy: 81.77 %
Predictions - 1s: 199, 0s: 162
True Labels - 1s: 191, 0s: 170
Client 2 of 5: Local Epoch [3/3] Loss: 0.4763, Accuracy: 78.39 %
Predictions - 1s: 186, 0s: 175
True Labels - 1s: 187, 0s: 174
Client 4 of 5: Local Epoch [3/3] Loss: 0.4579, Accuracy: 80.33 %
Predictions - 1s: 196, 0s: 165
True Labels - 1s: 199, 0s: 162
Client 1 of 5: Local Epoch [3/3] Loss: 0.4439, Accuracy: 81.99 %
Predictions - 1s: 191, 0s: 170
True Labels - 1s: 183, 0s: 178
Client 3 of 5: Local Epoch [3/3] Loss: 0.4570, Accuracy: 81.72 %
-------------------------------
Round [3/4] Average Local Loss: 0.4588, Average Local Accuracy: 80.84 %
-------------------------------
-------- Validation --------
Predictions - 1s: 249, 0s: 203
True Labels - 1s: 254, 0s: 198
Round [3/4] Global Model Validation Loss: 0.4133, Validation Accuracy: 84.73 %
-------- Validation finished --------
Updated best model in round 3 saved with Validation Loss: 0.4133 and Validation Accuracy: 84.73 %
-------------------------------

Round 4 of 4
-------------------------------
Predictions - 1s: 160, 0s: 202
True Labels - 1s: 171, 0s: 191
Client 5 of 5: Local Epoch [1/3] Loss: 0.4559, Accuracy: 80.94 %
Predictions - 1s: 206, 0s: 155
True Labels - 1s: 199, 0s: 162
Client 1 of 5: Local Epoch [1/3] Loss: 0.4750, Accuracy: 80.89 %
Predictions - 1s: 183, 0s: 178
True Labels - 1s: 183, 0s: 178
Predictions - 1s: 199, 0s: 162
Client 3 of 5: Local Epoch [1/3] Loss: 0.4508, Accuracy: 80.06 %
True Labels - 1s: 187, 0s: 174
Predictions - 1s: 196, 0s: 165
Client 4 of 5: Local Epoch [1/3] Loss: 0.4631, Accuracy: 80.61 %
True Labels - 1s: 191, 0s: 170
Client 2 of 5: Local Epoch [1/3] Loss: 0.4799, Accuracy: 78.67 %
Predictions - 1s: 164, 0s: 198
True Labels - 1s: 171, 0s: 191
Client 5 of 5: Local Epoch [2/3] Loss: 0.4220, Accuracy: 82.60 %
Predictions - 1s: 196, 0s: 165
True Labels - 1s: 191, 0s: 170
Client 2 of 5: Local Epoch [2/3] Loss: 0.4500, Accuracy: 81.99 %
Predictions - 1s: 176, 0s: 185
True Labels - 1s: 183, 0s: 178
Client 3 of 5: Local Epoch [2/3] Loss: 0.4267, Accuracy: 80.89 %
Predictions - 1s: 208, 0s: 153
True Labels - 1s: 199, 0s: 162
Predictions - 1s: 185, 0s: 176
Client 1 of 5: Local Epoch [2/3] Loss: 0.4237, Accuracy: 83.10 %
True Labels - 1s: 187, 0s: 174
Client 4 of 5: Local Epoch [2/3] Loss: 0.4317, Accuracy: 82.27 %
Predictions - 1s: 173, 0s: 189
True Labels - 1s: 171, 0s: 191
Client 5 of 5: Local Epoch [3/3] Loss: 0.3911, Accuracy: 84.53 %
Predictions - 1s: 191, 0s: 170
Predictions - 1s: 195, 0s: 166
True Labels - 1s: 191, 0s: 170
True Labels - 1s: 199, 0s: 162
Client 2 of 5: Local Epoch [3/3] Loss: 0.4136, Accuracy: 83.38 %
Client 1 of 5: Local Epoch [3/3] Loss: 0.4072, Accuracy: 81.72 %
Predictions - 1s: 192, 0s: 169
True Labels - 1s: 183, 0s: 178
Client 3 of 5: Local Epoch [3/3] Loss: 0.4205, Accuracy: 83.10 %
Predictions - 1s: 201, 0s: 160
True Labels - 1s: 187, 0s: 174
Client 4 of 5: Local Epoch [3/3] Loss: 0.4141, Accuracy: 82.27 %
-------------------------------
Round [4/4] Average Local Loss: 0.4093, Average Local Accuracy: 83.00 %
-------------------------------
-------- Validation --------
Predictions - 1s: 255, 0s: 197
True Labels - 1s: 254, 0s: 198
Round [4/4] Global Model Validation Loss: 0.3679, Validation Accuracy: 84.73 %
-------- Validation finished --------
Updated best model in round 4 saved with Validation Loss: 0.3679 and Validation Accuracy: 84.73 %
-------------------------------
Best model in round 4 saved with Validation Loss: 0.3679 and Validation Accuracy: 84.73 %

-------- Training finished in 1:41 --------

Test flag enabled. Testing the model

-------- Loading best model from model_path --------
Loaded model bert-tiny from date 19-04-2024 19:47. Trained with Federated Learning technology.
Round 4, lr: 6e-05, optimizer: AdamW
Average train accuracy: 83.00 %, Validation accuracy: 84.73 %
-------- Best model loaded --------

-------- Creating Test Dataloader --------
Test Loader: 564 total sentences. 71 batches of size 8.
-------- Test Dataloader created --------

-------- Testing --------
Predictions - 1s: 293, 0s: 271
True Labels - 1s: 296, 0s: 268
Nº of test samples: 564
Accuracy: 85.64%
Accuracy 2 : 85.64%
Precision: 85.60%
Recall: 85.63%
F1 Score: 85.61%
Classification report:
              precision    recall  f1-score   support

           0     0.8450    0.8545    0.8497       268
           1     0.8669    0.8581    0.8625       296

    accuracy                         0.8564       564
   macro avg     0.8560    0.8563    0.8561       564
weighted avg     0.8565    0.8564    0.8564       564

-------- Testing finished --------
