Current configuration:
{
    "concurrency_flag": true,
    "data_distribution": "iid",
    "dataset": "mixed_depression",
    "device": "cuda",
    "dp_delta": 0.003,
    "dp_epsilon": 0.0,
    "eval_batch_size": 4,
    "eval_flag": true,
    "eval_size": 0.2,
    "fed_alg": "fedavg",
    "layers": 3,
    "learning_rate": 6e-05,
    "max_length": 512,
    "ml_mode": "bcfl",
    "model": "bert_tiny",
    "model_name": "bcfl_tiny_seed10_mixed_depression",
    "models_path": "/local/vpaloma/fabric-federated-learning/ablation_study/phase-4/final/accs-times/mixed_depression/",
    "mu": 0.5,
    "num_clients": 5,
    "num_epochs": 3,
    "num_rounds": 4,
    "optimizer": "AdamW",
    "progress_bar_flag": false,
    "save_model": true,
    "scheduler": "linear",
    "scheduler_warmup_steps": 0,
    "seed": "random",
    "test_flag": true,
    "train_batch_size": 4,
    "train_size": 0.8
}
-------- Configuration loaded --------

-------- Setting device --------
cuda device selected and available.
-------- Device set --------

-------- Setting seed --------
seed set:  756321
-------- Seed set --------

-------- Creating Model --------
-------- Model created --------

-------- Setting Trainable Layers --------
Training the last 3 layers.

Total parameters count: 4386178
Trainable parameters count: 215042
-------- Trainable Layers set --------

-------- Creating Tokenizer --------
-------- Tokenizer created --------

-------- Creating Train and Eval Dataloaders --------
Train Loader: 1806 total sentences. 452 batches of size 4.
Eval Loader: 452 total sentences. 113 batches of size 4.
-------- Train and Eval Dataloaders created --------

-------- Training --------
Training with Blockchain-Based Federated Learning technology.
Training without differential privacy.
Federated averaging algorithm selected.
Client 0: Label 0: 173, Label 1: 188
Client 1: Label 0: 172, Label 1: 189
Client 2: Label 0: 167, Label 1: 194
Client 3: Label 0: 161, Label 1: 200
Client 4: Label 0: 187, Label 1: 175

Round 1 of 4
-------------------------------
Predictions - 1s: 196, 0s: 165
Predictions - 1s: 95, 0s: 267
True Labels - 1s: 189, 0s: 172
True Labels - 1s: 175, 0s: 187
Client 5 of 5: Local Epoch [1/3] Loss: 0.6818, Accuracy: 55.25 %
Predictions - 1s: 209, 0s: 152
Client 2 of 5: Local Epoch [1/3] Loss: 0.6852, Accuracy: 54.29 %
Predictions - 1s: 272, 0s: 89
Predictions - 1s: 220, 0s: 141
True Labels - 1s: 188, 0s: 173
Client 1 of 5: Local Epoch [1/3] Loss: 0.6897, Accuracy: 52.63 %
True Labels - 1s: 200, 0s: 161
Client 4 of 5: Local Epoch [1/3] Loss: 0.6825, Accuracy: 52.91 %
True Labels - 1s: 194, 0s: 167
Client 3 of 5: Local Epoch [1/3] Loss: 0.6823, Accuracy: 56.23 %
Predictions - 1s: 200, 0s: 162
True Labels - 1s: 175, 0s: 187
Client 5 of 5: Local Epoch [2/3] Loss: 0.6506, Accuracy: 64.36 %
Predictions - 1s: 194, 0s: 167
True Labels - 1s: 188, 0s: 173
Client 1 of 5: Local Epoch [2/3] Loss: 0.6405, Accuracy: 73.41 %
Predictions - 1s: 254, 0s: 107
Predictions - 1s: 209, 0s: 152
True Labels - 1s: 194, 0s: 167
True Labels - 1s: 189, 0s: 172
Client 2 of 5: Local Epoch [2/3] Loss: 0.6438, Accuracy: 71.75 %
Client 3 of 5: Local Epoch [2/3] Loss: 0.6376, Accuracy: 71.19 %
Predictions - 1s: 268, 0s: 93
True Labels - 1s: 200, 0s: 161
Client 4 of 5: Local Epoch [2/3] Loss: 0.6376, Accuracy: 70.64 %
Predictions - 1s: 124, 0s: 238
True Labels - 1s: 175, 0s: 187
Client 5 of 5: Local Epoch [3/3] Loss: 0.6085, Accuracy: 73.76 %
Predictions - 1s: 170, 0s: 191
True Labels - 1s: 188, 0s: 173
Client 1 of 5: Local Epoch [3/3] Loss: 0.6159, Accuracy: 74.52 %
Predictions - 1s: 206, 0s: 155
True Labels - 1s: 200, 0s: 161
Client 4 of 5: Local Epoch [3/3] Loss: 0.6027, Accuracy: 80.06 %
Predictions - 1s: 190, 0s: 171
True Labels - 1s: 189, 0s: 172
Client 2 of 5: Local Epoch [3/3] Loss: 0.6151, Accuracy: 73.68 %
Predictions - 1s: 229, 0s: 132
True Labels - 1s: 194, 0s: 167
Client 3 of 5: Local Epoch [3/3] Loss: 0.6245, Accuracy: 74.79 %
-------------------------------
Round [1/4] Average Local Loss: 0.6134, Average Local Accuracy: 75.36 %
-------------------------------
-------- Validation --------
Predictions - 1s: 252, 0s: 200
True Labels - 1s: 239, 0s: 213
Round [1/4] Global Model Validation Loss: 0.6100, Validation Accuracy: 76.33 %
-------- Validation finished --------
Updated best model in round 1 saved with Validation Loss: 0.6100 and Validation Accuracy: 76.33 %
-------------------------------

Round 2 of 4
-------------------------------
Predictions - 1s: 213, 0s: 148
True Labels - 1s: 194, 0s: 167
Client 3 of 5: Local Epoch [1/3] Loss: 0.5920, Accuracy: 76.45 %
Predictions - 1s: 183, 0s: 178
True Labels - 1s: 189, 0s: 172
Client 2 of 5: Local Epoch [1/3] Loss: 0.5982, Accuracy: 74.52 %
Predictions - 1s: 220, 0s: 141
Predictions - 1s: 196, 0s: 165
Predictions - 1s: 168, 0s: 194
True Labels - 1s: 200, 0s: 161
True Labels - 1s: 188, 0s: 173
Client 1 of 5: Local Epoch [1/3] Loss: 0.5947, Accuracy: 77.29 %
True Labels - 1s: 175, 0s: 187
Client 5 of 5: Local Epoch [1/3] Loss: 0.5919, Accuracy: 75.41 %
Client 4 of 5: Local Epoch [1/3] Loss: 0.5666, Accuracy: 78.39 %
Predictions - 1s: 178, 0s: 183
True Labels - 1s: 189, 0s: 172
Client 2 of 5: Local Epoch [2/3] Loss: 0.5299, Accuracy: 80.89 %
Predictions - 1s: 165, 0s: 197
True Labels - 1s: 175, 0s: 187
Client 5 of 5: Local Epoch [2/3] Loss: 0.5505, Accuracy: 74.59 %
Predictions - 1s: 200, 0s: 161
True Labels - 1s: 200, 0s: 161
Client 4 of 5: Local Epoch [2/3] Loss: 0.5156, Accuracy: 81.16 %
Predictions - 1s: 206, 0s: 155
True Labels - 1s: 188, 0s: 173
Client 1 of 5: Local Epoch [2/3] Loss: 0.5530, Accuracy: 78.39 %
Predictions - 1s: 216, 0s: 145
True Labels - 1s: 194, 0s: 167
Client 3 of 5: Local Epoch [2/3] Loss: 0.5293, Accuracy: 78.95 %
Predictions - 1s: 184, 0s: 177
True Labels - 1s: 189, 0s: 172
Client 2 of 5: Local Epoch [3/3] Loss: 0.5310, Accuracy: 75.90 %
Predictions - 1s: 144, 0s: 218
True Labels - 1s: 175, 0s: 187
Client 5 of 5: Local Epoch [3/3] Loss: 0.5151, Accuracy: 79.28 %
Predictions - 1s: 191, 0s: 170
True Labels - 1s: 200, 0s: 161
Client 4 of 5: Local Epoch [3/3] Loss: 0.4874, Accuracy: 81.99 %
Predictions - 1s: 198, 0s: 163
True Labels - 1s: 188, 0s: 173
Client 1 of 5: Local Epoch [3/3] Loss: 0.5112, Accuracy: 81.72 %
Predictions - 1s: 204, 0s: 157
True Labels - 1s: 194, 0s: 167
Client 3 of 5: Local Epoch [3/3] Loss: 0.5038, Accuracy: 81.72 %
-------------------------------
Round [2/4] Average Local Loss: 0.5097, Average Local Accuracy: 80.12 %
-------------------------------
-------- Validation --------
Predictions - 1s: 246, 0s: 206
True Labels - 1s: 239, 0s: 213
Round [2/4] Global Model Validation Loss: 0.5086, Validation Accuracy: 78.10 %
-------- Validation finished --------
Updated best model in round 2 saved with Validation Loss: 0.5086 and Validation Accuracy: 78.10 %
-------------------------------

Round 3 of 4
-------------------------------
Predictions - 1s: 161, 0s: 201
True Labels - 1s: 175, 0s: 187
Client 5 of 5: Local Epoch [1/3] Loss: 0.4942, Accuracy: 79.01 %
Predictions - 1s: 215, 0s: 146
True Labels - 1s: 194, 0s: 167
Client 3 of 5: Local Epoch [1/3] Loss: 0.4959, Accuracy: 79.22 %
Predictions - 1s: 180, 0s: 181
True Labels - 1s: 189, 0s: 172
Client 2 of 5: Local Epoch [1/3] Loss: 0.5011, Accuracy: 78.12 %
Predictions - 1s: 202, 0s: 159
True Labels - 1s: 200, 0s: 161
Client 4 of 5: Local Epoch [1/3] Loss: 0.4840, Accuracy: 78.95 %
Predictions - 1s: 183, 0s: 178
True Labels - 1s: 188, 0s: 173
Client 1 of 5: Local Epoch [1/3] Loss: 0.5070, Accuracy: 78.12 %
Predictions - 1s: 169, 0s: 193
True Labels - 1s: 175, 0s: 187
Client 5 of 5: Local Epoch [2/3] Loss: 0.4615, Accuracy: 80.66 %
Predictions - 1s: 197, 0s: 164
Predictions - 1s: 188, 0s: 173
True Labels - 1s: 200, 0s: 161
Client 4 of 5: Local Epoch [2/3] Loss: 0.4434, Accuracy: 83.66 %
True Labels - 1s: 189, 0s: 172
Client 2 of 5: Local Epoch [2/3] Loss: 0.4768, Accuracy: 77.56 %
Predictions - 1s: 192, 0s: 169
True Labels - 1s: 188, 0s: 173
Client 1 of 5: Local Epoch [2/3] Loss: 0.4754, Accuracy: 77.84 %
Predictions - 1s: 196, 0s: 165
True Labels - 1s: 194, 0s: 167
Client 3 of 5: Local Epoch [2/3] Loss: 0.4447, Accuracy: 83.93 %
Predictions - 1s: 163, 0s: 198
True Labels - 1s: 189, 0s: 172
Client 2 of 5: Local Epoch [3/3] Loss: 0.4663, Accuracy: 78.95 %
Predictions - 1s: 181, 0s: 180
True Labels - 1s: 188, 0s: 173
Client 1 of 5: Local Epoch [3/3] Loss: 0.4407, Accuracy: 82.55 %
Predictions - 1s: 168, 0s: 194
True Labels - 1s: 175, 0s: 187
Client 5 of 5: Local Epoch [3/3] Loss: 0.4328, Accuracy: 82.60 %
Predictions - 1s: 195, 0s: 166
True Labels - 1s: 200, 0s: 161
Client 4 of 5: Local Epoch [3/3] Loss: 0.4235, Accuracy: 83.66 %
Predictions - 1s: 209, 0s: 152
True Labels - 1s: 194, 0s: 167
Client 3 of 5: Local Epoch [3/3] Loss: 0.4473, Accuracy: 81.99 %
-------------------------------
Round [3/4] Average Local Loss: 0.4421, Average Local Accuracy: 81.95 %
-------------------------------
-------- Validation --------
Predictions - 1s: 254, 0s: 198
True Labels - 1s: 239, 0s: 213
Round [3/4] Global Model Validation Loss: 0.4556, Validation Accuracy: 78.10 %
-------- Validation finished --------
Updated best model in round 3 saved with Validation Loss: 0.4556 and Validation Accuracy: 78.10 %
-------------------------------

Round 4 of 4
-------------------------------
Predictions - 1s: 169, 0s: 193
True Labels - 1s: 175, 0s: 187
Client 5 of 5: Local Epoch [1/3] Loss: 0.4442, Accuracy: 79.56 %
Predictions - 1s: 193, 0s: 168
True Labels - 1s: 189, 0s: 172
Client 2 of 5: Local Epoch [1/3] Loss: 0.4739, Accuracy: 76.18 %
Predictions - 1s: 201, 0s: 160
True Labels - 1s: 200, 0s: 161
Client 4 of 5: Local Epoch [1/3] Loss: 0.4275, Accuracy: 82.55 %
Predictions - 1s: 212, 0s: 149
True Labels - 1s: 194, 0s: 167
Client 3 of 5: Local Epoch [1/3] Loss: 0.4553, Accuracy: 80.06 %
Predictions - 1s: 173, 0s: 188
True Labels - 1s: 188, 0s: 173
Client 1 of 5: Local Epoch [1/3] Loss: 0.4574, Accuracy: 80.33 %
Predictions - 1s: 166, 0s: 196
True Labels - 1s: 175, 0s: 187
Client 5 of 5: Local Epoch [2/3] Loss: 0.4213, Accuracy: 80.39 %
Predictions - 1s: 191, 0s: 170
True Labels - 1s: 189, 0s: 172
Client 2 of 5: Local Epoch [2/3] Loss: 0.4426, Accuracy: 81.16 %
Predictions - 1s: 200, 0s: 161
True Labels - 1s: 200, 0s: 161
Client 4 of 5: Local Epoch [2/3] Loss: 0.4039, Accuracy: 84.49 %
Predictions - 1s: 204, 0s: 157
True Labels - 1s: 194, 0s: 167
Client 3 of 5: Local Epoch [2/3] Loss: 0.4044, Accuracy: 83.38 %
Predictions - 1s: 193, 0s: 168
True Labels - 1s: 188, 0s: 173
Client 1 of 5: Local Epoch [2/3] Loss: 0.4260, Accuracy: 81.99 %
Predictions - 1s: 165, 0s: 197
True Labels - 1s: 175, 0s: 187
Client 5 of 5: Local Epoch [3/3] Loss: 0.4189, Accuracy: 82.32 %
Predictions - 1s: 217, 0s: 144
True Labels - 1s: 194, 0s: 167
Client 3 of 5: Local Epoch [3/3] Loss: 0.3953, Accuracy: 83.66 %
Predictions - 1s: 183, 0s: 178
True Labels - 1s: 189, 0s: 172
Client 2 of 5: Local Epoch [3/3] Loss: 0.4174, Accuracy: 82.27 %
Predictions - 1s: 178, 0s: 183
True Labels - 1s: 200, 0s: 161
Client 4 of 5: Local Epoch [3/3] Loss: 0.3968, Accuracy: 83.93 %
Predictions - 1s: 184, 0s: 177
True Labels - 1s: 188, 0s: 173
Client 1 of 5: Local Epoch [3/3] Loss: 0.4131, Accuracy: 82.83 %
-------------------------------
Round [4/4] Average Local Loss: 0.4083, Average Local Accuracy: 83.00 %
-------------------------------
-------- Validation --------
Predictions - 1s: 255, 0s: 197
True Labels - 1s: 239, 0s: 213
Round [4/4] Global Model Validation Loss: 0.4328, Validation Accuracy: 80.09 %
-------- Validation finished --------
Updated best model in round 4 saved with Validation Loss: 0.4328 and Validation Accuracy: 80.09 %
-------------------------------
Best model in round 4 saved with Validation Loss: 0.4328 and Validation Accuracy: 80.09 %

-------- Training finished in 1:41 --------

Test flag enabled. Testing the model

-------- Loading best model from model_path --------
Loaded model bert-tiny from date 21-04-2024 15:34. Trained with Federated Learning technology.
Round 4, lr: 6e-05, optimizer: AdamW
Average train accuracy: 83.00 %, Validation accuracy: 80.09 %
-------- Best model loaded --------

-------- Creating Test Dataloader --------
Test Loader: 564 total sentences. 71 batches of size 8.
-------- Test Dataloader created --------

-------- Testing --------
Predictions - 1s: 301, 0s: 263
True Labels - 1s: 296, 0s: 268
Nº of test samples: 564
Accuracy: 83.51%
Accuracy 2 : 83.51%
Precision: 83.50%
Recall: 83.43%
F1 Score: 83.45%
Classification report:
              precision    recall  f1-score   support

           0     0.8327    0.8172    0.8249       268
           1     0.8372    0.8514    0.8442       296

    accuracy                         0.8351       564
   macro avg     0.8350    0.8343    0.8345       564
weighted avg     0.8351    0.8351    0.8350       564

-------- Testing finished --------
