Current configuration:
{
    "concurrency_flag": true,
    "data_distribution": "iid",
    "dataset": "mixed_depression",
    "device": "cuda",
    "dp_delta": 0.003,
    "dp_epsilon": 0.0,
    "eval_batch_size": 4,
    "eval_flag": true,
    "eval_size": 0.2,
    "fed_alg": "fedavg",
    "layers": 3,
    "learning_rate": 6e-05,
    "max_length": 512,
    "ml_mode": "bcfl",
    "model": "bert_tiny",
    "model_name": "bcfl_tiny_seed3_mixed_depression",
    "models_path": "/local/vpaloma/fabric-federated-learning/ablation_study/phase-4/final/accs-times/mixed_depression/",
    "mu": 0.5,
    "num_clients": 5,
    "num_epochs": 3,
    "num_rounds": 4,
    "optimizer": "AdamW",
    "progress_bar_flag": false,
    "save_model": true,
    "scheduler": "linear",
    "scheduler_warmup_steps": 0,
    "seed": "random",
    "test_flag": true,
    "train_batch_size": 4,
    "train_size": 0.8
}
-------- Configuration loaded --------

-------- Setting device --------
cuda device selected and available.
-------- Device set --------

-------- Setting seed --------
seed set:  997400
-------- Seed set --------

-------- Creating Model --------
-------- Model created --------

-------- Setting Trainable Layers --------
Training the last 3 layers.

Total parameters count: 4386178
Trainable parameters count: 215042
-------- Trainable Layers set --------

-------- Creating Tokenizer --------
-------- Tokenizer created --------

-------- Creating Train and Eval Dataloaders --------
Train Loader: 1806 total sentences. 452 batches of size 4.
Eval Loader: 452 total sentences. 113 batches of size 4.
-------- Train and Eval Dataloaders created --------

-------- Training --------
Training with Blockchain-Based Federated Learning technology.
Training without differential privacy.
Federated averaging algorithm selected.
Client 0: Label 0: 188, Label 1: 173
Client 1: Label 0: 156, Label 1: 205
Client 2: Label 0: 162, Label 1: 199
Client 3: Label 0: 183, Label 1: 178
Client 4: Label 0: 174, Label 1: 188

Round 1 of 4
-------------------------------
Predictions - 1s: 246, 0s: 115
True Labels - 1s: 199, 0s: 162
Client 3 of 5: Local Epoch [1/3] Loss: 0.6824, Accuracy: 57.06 %
Predictions - 1s: 176, 0s: 185
True Labels - 1s: 205, 0s: 156
Client 2 of 5: Local Epoch [1/3] Loss: 0.6744, Accuracy: 60.94 %
Predictions - 1s: 41, 0s: 320
True Labels - 1s: 173, 0s: 188
Client 1 of 5: Local Epoch [1/3] Loss: 0.6773, Accuracy: 57.89 %
Predictions - 1s: 65, 0s: 296
True Labels - 1s: 178, 0s: 183
Client 4 of 5: Local Epoch [1/3] Loss: 0.6863, Accuracy: 54.85 %
Predictions - 1s: 98, 0s: 264
True Labels - 1s: 188, 0s: 174
Client 5 of 5: Local Epoch [1/3] Loss: 0.6809, Accuracy: 58.01 %
Predictions - 1s: 287, 0s: 74
True Labels - 1s: 199, 0s: 162
Client 3 of 5: Local Epoch [2/3] Loss: 0.6514, Accuracy: 64.54 %
Predictions - 1s: 209, 0s: 153
True Labels - 1s: 188, 0s: 174
Client 5 of 5: Local Epoch [2/3] Loss: 0.6452, Accuracy: 71.55 %
Predictions - 1s: 296, 0s: 65
True Labels - 1s: 205, 0s: 156
Client 2 of 5: Local Epoch [2/3] Loss: 0.6446, Accuracy: 67.04 %
Predictions - 1s: 131, 0s: 230
True Labels - 1s: 178, 0s: 183
Client 4 of 5: Local Epoch [2/3] Loss: 0.6611, Accuracy: 68.14 %
Predictions - 1s: 121, 0s: 240
True Labels - 1s: 173, 0s: 188
Client 1 of 5: Local Epoch [2/3] Loss: 0.6512, Accuracy: 69.53 %
Predictions - 1s: 240, 0s: 121
True Labels - 1s: 199, 0s: 162
Client 3 of 5: Local Epoch [3/3] Loss: 0.6330, Accuracy: 74.24 %
Predictions - 1s: 211, 0s: 151
True Labels - 1s: 188, 0s: 174
Client 5 of 5: Local Epoch [3/3] Loss: 0.6039, Accuracy: 82.04 %
Predictions - 1s: 308, 0s: 53
True Labels - 1s: 205, 0s: 156
Client 2 of 5: Local Epoch [3/3] Loss: 0.6259, Accuracy: 67.04 %
Predictions - 1s: 150, 0s: 211
True Labels - 1s: 178, 0s: 183
Client 4 of 5: Local Epoch [3/3] Loss: 0.6484, Accuracy: 68.98 %
Predictions - 1s: 132, 0s: 229
True Labels - 1s: 173, 0s: 188
Client 1 of 5: Local Epoch [3/3] Loss: 0.6252, Accuracy: 73.68 %
-------------------------------
Round [1/4] Average Local Loss: 0.6273, Average Local Accuracy: 73.20 %
-------------------------------
-------- Validation --------
Predictions - 1s: 264, 0s: 188
True Labels - 1s: 242, 0s: 210
Round [1/4] Global Model Validation Loss: 0.6190, Validation Accuracy: 76.55 %
-------- Validation finished --------
Updated best model in round 1 saved with Validation Loss: 0.6190 and Validation Accuracy: 76.55 %
-------------------------------

Round 2 of 4
-------------------------------
Predictions - 1s: 210, 0s: 152
True Labels - 1s: 188, 0s: 174
Client 5 of 5: Local Epoch [1/3] Loss: 0.6028, Accuracy: 75.69 %
Predictions - 1s: 248, 0s: 113
True Labels - 1s: 199, 0s: 162
Client 3 of 5: Local Epoch [1/3] Loss: 0.6120, Accuracy: 72.02 %
Predictions - 1s: 204, 0s: 157
True Labels - 1s: 173, 0s: 188
Client 1 of 5: Local Epoch [1/3] Loss: 0.6111, Accuracy: 70.36 %
Predictions - 1s: 165, 0s: 196
True Labels - 1s: 178, 0s: 183
Client 4 of 5: Local Epoch [1/3] Loss: 0.6289, Accuracy: 69.25 %
Predictions - 1s: 244, 0s: 117
True Labels - 1s: 205, 0s: 156
Client 2 of 5: Local Epoch [1/3] Loss: 0.6056, Accuracy: 72.02 %
Predictions - 1s: 177, 0s: 185
True Labels - 1s: 188, 0s: 174
Client 5 of 5: Local Epoch [2/3] Loss: 0.5205, Accuracy: 83.70 %
Predictions - 1s: 159, 0s: 202
True Labels - 1s: 173, 0s: 188
Client 1 of 5: Local Epoch [2/3] Loss: 0.5441, Accuracy: 81.72 %
Predictions - 1s: 233, 0s: 128
True Labels - 1s: 205, 0s: 156
Client 2 of 5: Local Epoch [2/3] Loss: 0.5565, Accuracy: 75.62 %
Predictions - 1s: 185, 0s: 176
True Labels - 1s: 199, 0s: 162
Client 3 of 5: Local Epoch [2/3] Loss: 0.5540, Accuracy: 78.95 %
Predictions - 1s: 160, 0s: 201
True Labels - 1s: 178, 0s: 183
Client 4 of 5: Local Epoch [2/3] Loss: 0.5878, Accuracy: 75.62 %
Predictions - 1s: 182, 0s: 180
True Labels - 1s: 188, 0s: 174
Client 5 of 5: Local Epoch [3/3] Loss: 0.4782, Accuracy: 82.87 %
Predictions - 1s: 161, 0s: 200
True Labels - 1s: 173, 0s: 188
Client 1 of 5: Local Epoch [3/3] Loss: 0.5189, Accuracy: 80.61 %
Predictions - 1s: 189, 0s: 172
True Labels - 1s: 178, 0s: 183
Client 4 of 5: Local Epoch [3/3] Loss: 0.5711, Accuracy: 75.35 %
Predictions - 1s: 216, 0s: 145
True Labels - 1s: 199, 0s: 162
Client 3 of 5: Local Epoch [3/3] Loss: 0.5194, Accuracy: 79.22 %
Predictions - 1s: 194, 0s: 167
True Labels - 1s: 205, 0s: 156
Client 2 of 5: Local Epoch [3/3] Loss: 0.5363, Accuracy: 77.56 %
-------------------------------
Round [2/4] Average Local Loss: 0.5248, Average Local Accuracy: 79.12 %
-------------------------------
-------- Validation --------
Predictions - 1s: 242, 0s: 210
True Labels - 1s: 242, 0s: 210
Round [2/4] Global Model Validation Loss: 0.5085, Validation Accuracy: 79.65 %
-------- Validation finished --------
Updated best model in round 2 saved with Validation Loss: 0.5085 and Validation Accuracy: 79.65 %
-------------------------------

Round 3 of 4
-------------------------------
Predictions - 1s: 191, 0s: 171
True Labels - 1s: 188, 0s: 174
Client 5 of 5: Local Epoch [1/3] Loss: 0.4691, Accuracy: 82.04 %
Predictions - 1s: 165, 0s: 196
True Labels - 1s: 173, 0s: 188
Client 1 of 5: Local Epoch [1/3] Loss: 0.5146, Accuracy: 77.29 %
Predictions - 1s: 162, 0s: 199
True Labels - 1s: 178, 0s: 183
Client 4 of 5: Local Epoch [1/3] Loss: 0.5563, Accuracy: 75.07 %
Predictions - 1s: 216, 0s: 145
True Labels - 1s: 205, 0s: 156
Client 2 of 5: Local Epoch [1/3] Loss: 0.5164, Accuracy: 80.33 %
Predictions - 1s: 202, 0s: 159
True Labels - 1s: 199, 0s: 162
Client 3 of 5: Local Epoch [1/3] Loss: 0.5081, Accuracy: 79.22 %
Predictions - 1s: 179, 0s: 183
True Labels - 1s: 188, 0s: 174
Client 5 of 5: Local Epoch [2/3] Loss: 0.4124, Accuracy: 83.70 %
Predictions - 1s: 209, 0s: 152
True Labels - 1s: 205, 0s: 156
Client 2 of 5: Local Epoch [2/3] Loss: 0.4858, Accuracy: 78.39 %
Predictions - 1s: 189, 0s: 172
True Labels - 1s: 178, 0s: 183
Client 4 of 5: Local Epoch [2/3] Loss: 0.5231, Accuracy: 74.79 %
Predictions - 1s: 171, 0s: 190
True Labels - 1s: 173, 0s: 188
Client 1 of 5: Local Epoch [2/3] Loss: 0.4538, Accuracy: 81.72 %
Predictions - 1s: 199, 0s: 162
True Labels - 1s: 199, 0s: 162
Client 3 of 5: Local Epoch [2/3] Loss: 0.4673, Accuracy: 82.27 %
Predictions - 1s: 179, 0s: 183
True Labels - 1s: 188, 0s: 174
Client 5 of 5: Local Epoch [3/3] Loss: 0.3869, Accuracy: 85.91 %
Predictions - 1s: 224, 0s: 137
True Labels - 1s: 205, 0s: 156
Client 2 of 5: Local Epoch [3/3] Loss: 0.4636, Accuracy: 80.33 %
Predictions - 1s: 170, 0s: 191
True Labels - 1s: 178, 0s: 183
Client 4 of 5: Local Epoch [3/3] Loss: 0.5083, Accuracy: 76.18 %
Predictions - 1s: 198, 0s: 163
True Labels - 1s: 199, 0s: 162
Client 3 of 5: Local Epoch [3/3] Loss: 0.4545, Accuracy: 80.89 %
Predictions - 1s: 172, 0s: 189
True Labels - 1s: 173, 0s: 188
Client 1 of 5: Local Epoch [3/3] Loss: 0.4381, Accuracy: 82.55 %
-------------------------------
Round [3/4] Average Local Loss: 0.4503, Average Local Accuracy: 81.17 %
-------------------------------
-------- Validation --------
Predictions - 1s: 239, 0s: 213
True Labels - 1s: 242, 0s: 210
Round [3/4] Global Model Validation Loss: 0.4331, Validation Accuracy: 80.31 %
-------- Validation finished --------
Updated best model in round 3 saved with Validation Loss: 0.4331 and Validation Accuracy: 80.31 %
-------------------------------

Round 4 of 4
-------------------------------
Predictions - 1s: 181, 0s: 181
True Labels - 1s: 188, 0s: 174
Client 5 of 5: Local Epoch [1/3] Loss: 0.4011, Accuracy: 84.25 %
Predictions - 1s: 171, 0s: 190
True Labels - 1s: 173, 0s: 188
Client 1 of 5: Local Epoch [1/3] Loss: 0.4334, Accuracy: 82.83 %
Predictions - 1s: 173, 0s: 188
True Labels - 1s: 178, 0s: 183
Client 4 of 5: Local Epoch [1/3] Loss: 0.5012, Accuracy: 75.90 %
Predictions - 1s: 202, 0s: 159
True Labels - 1s: 199, 0s: 162
Client 3 of 5: Local Epoch [1/3] Loss: 0.4528, Accuracy: 80.89 %
Predictions - 1s: 208, 0s: 153
True Labels - 1s: 205, 0s: 156
Client 2 of 5: Local Epoch [1/3] Loss: 0.4560, Accuracy: 79.22 %
Predictions - 1s: 191, 0s: 171
True Labels - 1s: 188, 0s: 174
Client 5 of 5: Local Epoch [2/3] Loss: 0.3709, Accuracy: 83.15 %
Predictions - 1s: 175, 0s: 186
True Labels - 1s: 173, 0s: 188
Client 1 of 5: Local Epoch [2/3] Loss: 0.4076, Accuracy: 84.49 %
Predictions - 1s: 177, 0s: 184
True Labels - 1s: 178, 0s: 183
Client 4 of 5: Local Epoch [2/3] Loss: 0.4783, Accuracy: 77.56 %
Predictions - 1s: 195, 0s: 166
True Labels - 1s: 199, 0s: 162
Client 3 of 5: Local Epoch [2/3] Loss: 0.4179, Accuracy: 82.83 %
Predictions - 1s: 204, 0s: 157
True Labels - 1s: 205, 0s: 156
Client 2 of 5: Local Epoch [2/3] Loss: 0.4492, Accuracy: 81.99 %
Predictions - 1s: 184, 0s: 178
True Labels - 1s: 188, 0s: 174
Client 5 of 5: Local Epoch [3/3] Loss: 0.3340, Accuracy: 86.74 %
Predictions - 1s: 169, 0s: 192
True Labels - 1s: 173, 0s: 188
Client 1 of 5: Local Epoch [3/3] Loss: 0.4043, Accuracy: 82.83 %
Predictions - 1s: 182, 0s: 179
True Labels - 1s: 178, 0s: 183
Client 4 of 5: Local Epoch [3/3] Loss: 0.4579, Accuracy: 78.95 %
Predictions - 1s: 214, 0s: 147
True Labels - 1s: 199, 0s: 162
Client 3 of 5: Local Epoch [3/3] Loss: 0.4042, Accuracy: 81.99 %
Predictions - 1s: 205, 0s: 156
True Labels - 1s: 205, 0s: 156
Client 2 of 5: Local Epoch [3/3] Loss: 0.4267, Accuracy: 83.38 %
-------------------------------
Round [4/4] Average Local Loss: 0.4054, Average Local Accuracy: 82.78 %
-------------------------------
-------- Validation --------
Predictions - 1s: 238, 0s: 214
True Labels - 1s: 242, 0s: 210
Round [4/4] Global Model Validation Loss: 0.3927, Validation Accuracy: 82.30 %
-------- Validation finished --------
Updated best model in round 4 saved with Validation Loss: 0.3927 and Validation Accuracy: 82.30 %
-------------------------------
Best model in round 4 saved with Validation Loss: 0.3927 and Validation Accuracy: 82.30 %

-------- Training finished in 1:36 --------

Test flag enabled. Testing the model

-------- Loading best model from model_path --------
Loaded model bert-tiny from date 19-04-2024 20:33. Trained with Federated Learning technology.
Round 4, lr: 6e-05, optimizer: AdamW
Average train accuracy: 82.78 %, Validation accuracy: 82.30 %
-------- Best model loaded --------

-------- Creating Test Dataloader --------
Test Loader: 564 total sentences. 71 batches of size 8.
-------- Test Dataloader created --------

-------- Testing --------
Predictions - 1s: 282, 0s: 282
True Labels - 1s: 296, 0s: 268
Nº of test samples: 564
Accuracy: 84.40%
Accuracy 2 : 84.40%
Precision: 84.40%
Recall: 84.48%
F1 Score: 84.39%
Classification report:
              precision    recall  f1-score   support

           0     0.8191    0.8619    0.8400       268
           1     0.8688    0.8277    0.8478       296

    accuracy                         0.8440       564
   macro avg     0.8440    0.8448    0.8439       564
weighted avg     0.8452    0.8440    0.8441       564

-------- Testing finished --------
