Current configuration:
{
    "concurrency_flag": true,
    "data_distribution": "iid",
    "dataset": "mixed_depression",
    "device": "cuda",
    "dp_delta": 0.003,
    "dp_epsilon": 0.0,
    "eval_batch_size": 4,
    "eval_flag": true,
    "eval_size": 0.2,
    "fed_alg": "fedavg",
    "layers": 3,
    "learning_rate": 6e-05,
    "max_length": 512,
    "ml_mode": "bcfl",
    "model": "bert_tiny",
    "model_name": "bcfl_tiny_seed7_mixed_depression",
    "models_path": "/local/vpaloma/fabric-federated-learning/ablation_study/phase-4/final/accs-times/mixed_depression/",
    "mu": 0.5,
    "num_clients": 5,
    "num_epochs": 3,
    "num_rounds": 4,
    "optimizer": "AdamW",
    "progress_bar_flag": false,
    "save_model": true,
    "scheduler": "linear",
    "scheduler_warmup_steps": 0,
    "seed": "random",
    "test_flag": true,
    "train_batch_size": 4,
    "train_size": 0.8
}
-------- Configuration loaded --------

-------- Setting device --------
cuda device selected and available.
-------- Device set --------

-------- Setting seed --------
seed set:  837389
-------- Seed set --------

-------- Creating Model --------
-------- Model created --------

-------- Setting Trainable Layers --------
Training the last 3 layers.

Total parameters count: 4386178
Trainable parameters count: 215042
-------- Trainable Layers set --------

-------- Creating Tokenizer --------
-------- Tokenizer created --------

-------- Creating Train and Eval Dataloaders --------
Train Loader: 1806 total sentences. 452 batches of size 4.
Eval Loader: 452 total sentences. 113 batches of size 4.
-------- Train and Eval Dataloaders created --------

-------- Training --------
Training with Blockchain-Based Federated Learning technology.
Training without differential privacy.
Federated averaging algorithm selected.
Client 0: Label 0: 171, Label 1: 190
Client 1: Label 0: 171, Label 1: 190
Client 2: Label 0: 169, Label 1: 192
Client 3: Label 0: 187, Label 1: 174
Client 4: Label 0: 175, Label 1: 187

Round 1 of 4
-------------------------------
Predictions - 1s: 261, 0s: 100
True Labels - 1s: 190, 0s: 171
Client 1 of 5: Local Epoch [1/3] Loss: 0.6871, Accuracy: 52.63 %
Predictions - 1s: 259, 0s: 102
True Labels - 1s: 192, 0s: 169
Client 3 of 5: Local Epoch [1/3] Loss: 0.6885, Accuracy: 55.40 %
Predictions - 1s: 194, 0s: 167
Predictions - 1s: 240, 0s: 121
Predictions - 1s: 246, 0s: 116
True Labels - 1s: 174, 0s: 187
Client 4 of 5: Local Epoch [1/3] Loss: 0.6906, Accuracy: 56.23 %
True Labels - 1s: 187, 0s: 175
Client 5 of 5: Local Epoch [1/3] Loss: 0.6917, Accuracy: 54.97 %
True Labels - 1s: 190, 0s: 171
Client 2 of 5: Local Epoch [1/3] Loss: 0.6829, Accuracy: 55.68 %
Predictions - 1s: 216, 0s: 145
True Labels - 1s: 190, 0s: 171
Client 2 of 5: Local Epoch [2/3] Loss: 0.6519, Accuracy: 65.65 %
Predictions - 1s: 244, 0s: 118
True Labels - 1s: 187, 0s: 175
Client 5 of 5: Local Epoch [2/3] Loss: 0.6588, Accuracy: 67.13 %
Predictions - 1s: 239, 0s: 122
True Labels - 1s: 192, 0s: 169
Client 3 of 5: Local Epoch [2/3] Loss: 0.6680, Accuracy: 64.27 %
Predictions - 1s: 102, 0s: 259
True Labels - 1s: 174, 0s: 187
Client 4 of 5: Local Epoch [2/3] Loss: 0.6440, Accuracy: 70.64 %
Predictions - 1s: 200, 0s: 161
True Labels - 1s: 190, 0s: 171
Client 1 of 5: Local Epoch [2/3] Loss: 0.6647, Accuracy: 65.65 %
Predictions - 1s: 194, 0s: 168
True Labels - 1s: 187, 0s: 175
Client 5 of 5: Local Epoch [3/3] Loss: 0.6467, Accuracy: 70.99 %
Predictions - 1s: 180, 0s: 181
True Labels - 1s: 190, 0s: 171
Client 1 of 5: Local Epoch [3/3] Loss: 0.6647, Accuracy: 65.10 %
Predictions - 1s: 199, 0s: 162
True Labels - 1s: 190, 0s: 171
Client 2 of 5: Local Epoch [3/3] Loss: 0.6252, Accuracy: 72.02 %
Predictions - 1s: 251, 0s: 110
True Labels - 1s: 192, 0s: 169
Client 3 of 5: Local Epoch [3/3] Loss: 0.6499, Accuracy: 65.93 %
Predictions - 1s: 98, 0s: 263
True Labels - 1s: 174, 0s: 187
Client 4 of 5: Local Epoch [3/3] Loss: 0.6161, Accuracy: 71.75 %
-------------------------------
Round [1/4] Average Local Loss: 0.6405, Average Local Accuracy: 69.16 %
-------------------------------
-------- Validation --------
Predictions - 1s: 207, 0s: 245
True Labels - 1s: 252, 0s: 200
Round [1/4] Global Model Validation Loss: 0.6392, Validation Accuracy: 73.67 %
-------- Validation finished --------
Updated best model in round 1 saved with Validation Loss: 0.6392 and Validation Accuracy: 73.67 %
-------------------------------

Round 2 of 4
-------------------------------
Predictions - 1s: 193, 0s: 169
True Labels - 1s: 187, 0s: 175
Client 5 of 5: Local Epoch [1/3] Loss: 0.6251, Accuracy: 71.27 %
Predictions - 1s: 200, 0s: 161
True Labels - 1s: 190, 0s: 171
Client 2 of 5: Local Epoch [1/3] Loss: 0.6131, Accuracy: 71.19 %
Predictions - 1s: 135, 0s: 226
True Labels - 1s: 174, 0s: 187
Client 4 of 5: Local Epoch [1/3] Loss: 0.5993, Accuracy: 75.35 %
Predictions - 1s: 219, 0s: 142
True Labels - 1s: 192, 0s: 169
Client 3 of 5: Local Epoch [1/3] Loss: 0.6292, Accuracy: 66.48 %
Predictions - 1s: 174, 0s: 187
True Labels - 1s: 190, 0s: 171
Client 1 of 5: Local Epoch [1/3] Loss: 0.6330, Accuracy: 69.53 %
Predictions - 1s: 189, 0s: 173
True Labels - 1s: 187, 0s: 175
Client 5 of 5: Local Epoch [2/3] Loss: 0.5767, Accuracy: 76.80 %
Predictions - 1s: 168, 0s: 193
True Labels - 1s: 190, 0s: 171
Client 2 of 5: Local Epoch [2/3] Loss: 0.5570, Accuracy: 75.07 %
Predictions - 1s: 198, 0s: 163
True Labels - 1s: 190, 0s: 171
Client 1 of 5: Local Epoch [2/3] Loss: 0.5860, Accuracy: 74.52 %
Predictions - 1s: 182, 0s: 179
True Labels - 1s: 192, 0s: 169
Client 3 of 5: Local Epoch [2/3] Loss: 0.5826, Accuracy: 75.07 %
Predictions - 1s: 139, 0s: 222
True Labels - 1s: 174, 0s: 187
Client 4 of 5: Local Epoch [2/3] Loss: 0.5461, Accuracy: 78.67 %
Predictions - 1s: 189, 0s: 173
True Labels - 1s: 187, 0s: 175
Client 5 of 5: Local Epoch [3/3] Loss: 0.5355, Accuracy: 77.35 %
Predictions - 1s: 185, 0s: 176
True Labels - 1s: 190, 0s: 171
Client 2 of 5: Local Epoch [3/3] Loss: 0.5282, Accuracy: 78.12 %
Predictions - 1s: 209, 0s: 152
True Labels - 1s: 190, 0s: 171
Client 1 of 5: Local Epoch [3/3] Loss: 0.5698, Accuracy: 75.35 %
Predictions - 1s: 147, 0s: 214
True Labels - 1s: 174, 0s: 187
Client 4 of 5: Local Epoch [3/3] Loss: 0.5198, Accuracy: 81.44 %
Predictions - 1s: 180, 0s: 181
True Labels - 1s: 192, 0s: 169
Client 3 of 5: Local Epoch [3/3] Loss: 0.5692, Accuracy: 75.07 %
-------------------------------
Round [2/4] Average Local Loss: 0.5445, Average Local Accuracy: 77.46 %
-------------------------------
-------- Validation --------
Predictions - 1s: 218, 0s: 234
True Labels - 1s: 252, 0s: 200
Round [2/4] Global Model Validation Loss: 0.5353, Validation Accuracy: 77.43 %
-------- Validation finished --------
Updated best model in round 2 saved with Validation Loss: 0.5353 and Validation Accuracy: 77.43 %
-------------------------------

Round 3 of 4
-------------------------------
Predictions - 1s: 158, 0s: 203
True Labels - 1s: 174, 0s: 187
Client 4 of 5: Local Epoch [1/3] Loss: 0.5101, Accuracy: 78.39 %
Predictions - 1s: 194, 0s: 168
True Labels - 1s: 187, 0s: 175
Client 5 of 5: Local Epoch [1/3] Loss: 0.5273, Accuracy: 77.07 %
Predictions - 1s: 190, 0s: 171
True Labels - 1s: 192, 0s: 169
Client 3 of 5: Local Epoch [1/3] Loss: 0.5225, Accuracy: 77.84 %
Predictions - 1s: 173, 0s: 188
True Labels - 1s: 190, 0s: 171
Client 2 of 5: Local Epoch [1/3] Loss: 0.5058, Accuracy: 78.67 %
Predictions - 1s: 198, 0s: 163
True Labels - 1s: 190, 0s: 171
Client 1 of 5: Local Epoch [1/3] Loss: 0.5401, Accuracy: 76.18 %
Predictions - 1s: 153, 0s: 208
True Labels - 1s: 174, 0s: 187
Client 4 of 5: Local Epoch [2/3] Loss: 0.4671, Accuracy: 81.99 %
Predictions - 1s: 188, 0s: 173
True Labels - 1s: 190, 0s: 171
Client 2 of 5: Local Epoch [2/3] Loss: 0.4708, Accuracy: 78.39 %
Predictions - 1s: 185, 0s: 177
True Labels - 1s: 187, 0s: 175
Client 5 of 5: Local Epoch [2/3] Loss: 0.4802, Accuracy: 80.11 %
Predictions - 1s: 187, 0s: 174
True Labels - 1s: 192, 0s: 169
Client 3 of 5: Local Epoch [2/3] Loss: 0.4885, Accuracy: 78.67 %
Predictions - 1s: 194, 0s: 167
True Labels - 1s: 190, 0s: 171
Client 1 of 5: Local Epoch [2/3] Loss: 0.5069, Accuracy: 77.29 %
Predictions - 1s: 165, 0s: 196
True Labels - 1s: 174, 0s: 187
Client 4 of 5: Local Epoch [3/3] Loss: 0.4449, Accuracy: 82.55 %
Predictions - 1s: 199, 0s: 162
True Labels - 1s: 190, 0s: 171
Client 2 of 5: Local Epoch [3/3] Loss: 0.4439, Accuracy: 82.55 %
Predictions - 1s: 178, 0s: 184
True Labels - 1s: 187, 0s: 175
Client 5 of 5: Local Epoch [3/3] Loss: 0.4640, Accuracy: 80.39 %
Predictions - 1s: 192, 0s: 169
True Labels - 1s: 192, 0s: 169
Client 3 of 5: Local Epoch [3/3] Loss: 0.4726, Accuracy: 80.61 %
Predictions - 1s: 210, 0s: 151
True Labels - 1s: 190, 0s: 171
Client 1 of 5: Local Epoch [3/3] Loss: 0.4979, Accuracy: 77.84 %
-------------------------------
Round [3/4] Average Local Loss: 0.4647, Average Local Accuracy: 80.79 %
-------------------------------
-------- Validation --------
Predictions - 1s: 227, 0s: 225
True Labels - 1s: 252, 0s: 200
Round [3/4] Global Model Validation Loss: 0.4545, Validation Accuracy: 82.08 %
-------- Validation finished --------
Updated best model in round 3 saved with Validation Loss: 0.4545 and Validation Accuracy: 82.08 %
-------------------------------

Round 4 of 4
-------------------------------
Predictions - 1s: 199, 0s: 162
True Labels - 1s: 190, 0s: 171
Client 1 of 5: Local Epoch [1/3] Loss: 0.4784, Accuracy: 76.45 %
Predictions - 1s: 181, 0s: 180
True Labels - 1s: 190, 0s: 171
Client 2 of 5: Local Epoch [1/3] Loss: 0.4327, Accuracy: 81.44 %
Predictions - 1s: 158, 0s: 203
True Labels - 1s: 174, 0s: 187
Predictions - 1s: 190, 0s: 171
Client 4 of 5: Local Epoch [1/3] Loss: 0.4568, Accuracy: 80.06 %
True Labels - 1s: 192, 0s: 169
Predictions - 1s: 198, 0s: 164
True Labels - 1s: 187, 0s: 175
Client 5 of 5: Local Epoch [1/3] Loss: 0.4577, Accuracy: 78.73 %
Client 3 of 5: Local Epoch [1/3] Loss: 0.4638, Accuracy: 81.72 %
Predictions - 1s: 190, 0s: 171
True Labels - 1s: 192, 0s: 169
Client 3 of 5: Local Epoch [2/3] Loss: 0.4318, Accuracy: 83.38 %
Predictions - 1s: 176, 0s: 186
True Labels - 1s: 187, 0s: 175
Client 5 of 5: Local Epoch [2/3] Loss: 0.4303, Accuracy: 80.39 %
Predictions - 1s: 161, 0s: 200
True Labels - 1s: 174, 0s: 187
Client 4 of 5: Local Epoch [2/3] Loss: 0.4112, Accuracy: 82.55 %
Predictions - 1s: 201, 0s: 160
Predictions - 1s: 189, 0s: 172
True Labels - 1s: 190, 0s: 171
Client 1 of 5: Local Epoch [2/3] Loss: 0.4442, Accuracy: 79.78 %
True Labels - 1s: 190, 0s: 171
Client 2 of 5: Local Epoch [2/3] Loss: 0.4070, Accuracy: 82.55 %
Predictions - 1s: 187, 0s: 174
True Labels - 1s: 192, 0s: 169
Client 3 of 5: Local Epoch [3/3] Loss: 0.4301, Accuracy: 81.44 %
Predictions - 1s: 186, 0s: 176
True Labels - 1s: 187, 0s: 175
Client 5 of 5: Local Epoch [3/3] Loss: 0.4069, Accuracy: 82.60 %
Predictions - 1s: 193, 0s: 168
True Labels - 1s: 190, 0s: 171
Client 1 of 5: Local Epoch [3/3] Loss: 0.4438, Accuracy: 80.89 %
Predictions - 1s: 166, 0s: 195
True Labels - 1s: 174, 0s: 187
Client 4 of 5: Local Epoch [3/3] Loss: 0.3900, Accuracy: 84.49 %
Predictions - 1s: 184, 0s: 177
True Labels - 1s: 190, 0s: 171
Client 2 of 5: Local Epoch [3/3] Loss: 0.3831, Accuracy: 82.83 %
-------------------------------
Round [4/4] Average Local Loss: 0.4108, Average Local Accuracy: 82.45 %
-------------------------------
-------- Validation --------
Predictions - 1s: 235, 0s: 217
True Labels - 1s: 252, 0s: 200
Round [4/4] Global Model Validation Loss: 0.4162, Validation Accuracy: 82.96 %
-------- Validation finished --------
Updated best model in round 4 saved with Validation Loss: 0.4162 and Validation Accuracy: 82.96 %
-------------------------------
Best model in round 4 saved with Validation Loss: 0.4162 and Validation Accuracy: 82.96 %

-------- Training finished in 1:43 --------

Test flag enabled. Testing the model

-------- Loading best model from model_path --------
Loaded model bert-tiny from date 19-04-2024 20:39. Trained with Federated Learning technology.
Round 4, lr: 6e-05, optimizer: AdamW
Average train accuracy: 82.45 %, Validation accuracy: 82.96 %
-------- Best model loaded --------

-------- Creating Test Dataloader --------
Test Loader: 564 total sentences. 71 batches of size 8.
-------- Test Dataloader created --------

-------- Testing --------
Predictions - 1s: 257, 0s: 307
True Labels - 1s: 296, 0s: 268
Nº of test samples: 564
Accuracy: 83.16%
Accuracy 2 : 83.16%
Precision: 83.64%
Recall: 83.46%
F1 Score: 83.15%
Classification report:
              precision    recall  f1-score   support

           0     0.7818    0.8955    0.8348       268
           1     0.8911    0.7736    0.8282       296

    accuracy                         0.8316       564
   macro avg     0.8364    0.8346    0.8315       564
weighted avg     0.8391    0.8316    0.8313       564

-------- Testing finished --------
