Current configuration:
{
    "concurrency_flag": true,
    "data_distribution": "iid",
    "dataset": "mixed_depression",
    "device": "cuda",
    "dp_delta": 0.003,
    "dp_epsilon": 0.0,
    "eval_batch_size": 4,
    "eval_flag": true,
    "eval_size": 0.2,
    "fed_alg": "fedavg",
    "layers": 3,
    "learning_rate": 6e-05,
    "max_length": 512,
    "ml_mode": "bcfl",
    "model": "bert_small",
    "model_name": "bcfl_small_seed6_mixed_depression",
    "models_path": "/local/vpaloma/fabric-federated-learning/ablation_study/phase-4/final/accs-times/mixed_depression/",
    "mu": 0.5,
    "num_clients": 5,
    "num_epochs": 3,
    "num_rounds": 4,
    "optimizer": "AdamW",
    "progress_bar_flag": false,
    "save_model": true,
    "scheduler": "linear",
    "scheduler_warmup_steps": 0,
    "seed": "random",
    "test_flag": true,
    "train_batch_size": 4,
    "train_size": 0.8
}
-------- Configuration loaded --------

-------- Setting device --------
cuda device selected and available.
-------- Device set --------

-------- Setting seed --------
seed set:  503693
-------- Seed set --------

-------- Creating Model --------
-------- Model created --------

-------- Setting Trainable Layers --------
Training the last 3 layers.

Total parameters count: 28764674
Trainable parameters count: 3416066
-------- Trainable Layers set --------

-------- Creating Tokenizer --------
-------- Tokenizer created --------

-------- Creating Train and Eval Dataloaders --------
Train Loader: 1806 total sentences. 452 batches of size 4.
Eval Loader: 452 total sentences. 113 batches of size 4.
-------- Train and Eval Dataloaders created --------

-------- Training --------
Training with Blockchain-Based Federated Learning technology.
Training without differential privacy.
Federated averaging algorithm selected.
Client 0: Label 0: 172, Label 1: 189
Client 1: Label 0: 164, Label 1: 197
Client 2: Label 0: 168, Label 1: 193
Client 3: Label 0: 178, Label 1: 183
Client 4: Label 0: 178, Label 1: 184

Round 1 of 4
-------------------------------
Predictions - 1s: 205, 0s: 156
True Labels - 1s: 189, 0s: 172
Client 1 of 5: Local Epoch [1/3] Loss: 0.5956, Accuracy: 70.08 %
Predictions - 1s: 163, 0s: 198
True Labels - 1s: 183, 0s: 178
Client 4 of 5: Local Epoch [1/3] Loss: 0.5762, Accuracy: 70.64 %
Predictions - 1s: 210, 0s: 151
True Labels - 1s: 197, 0s: 164
Client 2 of 5: Local Epoch [1/3] Loss: 0.6029, Accuracy: 65.93 %
Predictions - 1s: 207, 0s: 155
True Labels - 1s: 184, 0s: 178
Client 5 of 5: Local Epoch [1/3] Loss: 0.5962, Accuracy: 67.13 %
Predictions - 1s: 220, 0s: 141
True Labels - 1s: 193, 0s: 168
Client 3 of 5: Local Epoch [1/3] Loss: 0.5448, Accuracy: 74.24 %
Predictions - 1s: 188, 0s: 173
True Labels - 1s: 189, 0s: 172
Client 1 of 5: Local Epoch [2/3] Loss: 0.4235, Accuracy: 84.21 %
Predictions - 1s: 187, 0s: 174
True Labels - 1s: 183, 0s: 178
Client 4 of 5: Local Epoch [2/3] Loss: 0.4305, Accuracy: 82.27 %
Predictions - 1s: 194, 0s: 167
True Labels - 1s: 197, 0s: 164
Client 2 of 5: Local Epoch [2/3] Loss: 0.4372, Accuracy: 81.44 %
Predictions - 1s: 189, 0s: 172
True Labels - 1s: 193, 0s: 168
Client 3 of 5: Local Epoch [2/3] Loss: 0.3770, Accuracy: 83.38 %
Predictions - 1s: 185, 0s: 177
True Labels - 1s: 184, 0s: 178
Client 5 of 5: Local Epoch [2/3] Loss: 0.4063, Accuracy: 85.36 %
Predictions - 1s: 190, 0s: 171
True Labels - 1s: 189, 0s: 172
Client 1 of 5: Local Epoch [3/3] Loss: 0.3431, Accuracy: 85.32 %
Predictions - 1s: 185, 0s: 176
True Labels - 1s: 183, 0s: 178
Client 4 of 5: Local Epoch [3/3] Loss: 0.3472, Accuracy: 86.15 %
Predictions - 1s: 210, 0s: 151
True Labels - 1s: 197, 0s: 164
Client 2 of 5: Local Epoch [3/3] Loss: 0.3869, Accuracy: 84.76 %
Predictions - 1s: 197, 0s: 164
True Labels - 1s: 193, 0s: 168
Client 3 of 5: Local Epoch [3/3] Loss: 0.3040, Accuracy: 86.70 %
Predictions - 1s: 175, 0s: 187
True Labels - 1s: 184, 0s: 178
Client 5 of 5: Local Epoch [3/3] Loss: 0.3449, Accuracy: 87.57 %
-------------------------------
Round [1/4] Average Local Loss: 0.3452, Average Local Accuracy: 86.10 %
-------------------------------
-------- Validation --------
Predictions - 1s: 228, 0s: 224
True Labels - 1s: 239, 0s: 213
Round [1/4] Global Model Validation Loss: 0.3517, Validation Accuracy: 85.18 %
-------- Validation finished --------
Updated best model in round 1 saved with Validation Loss: 0.3517 and Validation Accuracy: 85.18 %
-------------------------------

Round 2 of 4
-------------------------------
Predictions - 1s: 209, 0s: 152
True Labels - 1s: 197, 0s: 164
Client 2 of 5: Local Epoch [1/3] Loss: 0.4172, Accuracy: 81.72 %
Predictions - 1s: 193, 0s: 168
True Labels - 1s: 193, 0s: 168
Client 3 of 5: Local Epoch [1/3] Loss: 0.3558, Accuracy: 83.93 %
Predictions - 1s: 188, 0s: 173
True Labels - 1s: 183, 0s: 178
Client 4 of 5: Local Epoch [1/3] Loss: 0.3756, Accuracy: 83.66 %
Predictions - 1s: 183, 0s: 178
True Labels - 1s: 189, 0s: 172
Client 1 of 5: Local Epoch [1/3] Loss: 0.3848, Accuracy: 82.83 %
Predictions - 1s: 183, 0s: 179
True Labels - 1s: 184, 0s: 178
Client 5 of 5: Local Epoch [1/3] Loss: 0.3702, Accuracy: 83.15 %
Predictions - 1s: 203, 0s: 158
True Labels - 1s: 197, 0s: 164
Client 2 of 5: Local Epoch [2/3] Loss: 0.3221, Accuracy: 86.15 %
Predictions - 1s: 196, 0s: 165
True Labels - 1s: 193, 0s: 168
Client 3 of 5: Local Epoch [2/3] Loss: 0.2462, Accuracy: 90.30 %
Predictions - 1s: 184, 0s: 177
True Labels - 1s: 183, 0s: 178
Client 4 of 5: Local Epoch [2/3] Loss: 0.2990, Accuracy: 87.53 %
Predictions - 1s: 187, 0s: 175
True Labels - 1s: 184, 0s: 178
Client 5 of 5: Local Epoch [2/3] Loss: 0.2732, Accuracy: 90.33 %
Predictions - 1s: 196, 0s: 165
True Labels - 1s: 189, 0s: 172
Client 1 of 5: Local Epoch [2/3] Loss: 0.3044, Accuracy: 86.98 %
Predictions - 1s: 209, 0s: 152
True Labels - 1s: 197, 0s: 164
Client 2 of 5: Local Epoch [3/3] Loss: 0.2766, Accuracy: 88.92 %
Predictions - 1s: 197, 0s: 164
True Labels - 1s: 193, 0s: 168
Client 3 of 5: Local Epoch [3/3] Loss: 0.1941, Accuracy: 93.35 %
Predictions - 1s: 187, 0s: 174
True Labels - 1s: 183, 0s: 178
Client 4 of 5: Local Epoch [3/3] Loss: 0.2205, Accuracy: 92.24 %
Predictions - 1s: 190, 0s: 172
True Labels - 1s: 184, 0s: 178
Client 5 of 5: Local Epoch [3/3] Loss: 0.2272, Accuracy: 91.71 %
Predictions - 1s: 198, 0s: 163
True Labels - 1s: 189, 0s: 172
Client 1 of 5: Local Epoch [3/3] Loss: 0.2578, Accuracy: 90.30 %
-------------------------------
Round [2/4] Average Local Loss: 0.2352, Average Local Accuracy: 91.31 %
-------------------------------
-------- Validation --------
Predictions - 1s: 235, 0s: 217
True Labels - 1s: 239, 0s: 213
Round [2/4] Global Model Validation Loss: 0.2700, Validation Accuracy: 88.50 %
-------- Validation finished --------
Updated best model in round 2 saved with Validation Loss: 0.2700 and Validation Accuracy: 88.50 %
-------------------------------

Round 3 of 4
-------------------------------
Predictions - 1s: 186, 0s: 175
True Labels - 1s: 183, 0s: 178
Client 4 of 5: Local Epoch [1/3] Loss: 0.3177, Accuracy: 86.98 %
Predictions - 1s: 196, 0s: 165
True Labels - 1s: 189, 0s: 172
Client 1 of 5: Local Epoch [1/3] Loss: 0.3509, Accuracy: 85.32 %
Predictions - 1s: 185, 0s: 177
True Labels - 1s: 184, 0s: 178
Client 5 of 5: Local Epoch [1/3] Loss: 0.2942, Accuracy: 89.23 %
Predictions - 1s: 213, 0s: 148
True Labels - 1s: 197, 0s: 164
Client 2 of 5: Local Epoch [1/3] Loss: 0.3308, Accuracy: 85.60 %
Predictions - 1s: 196, 0s: 165
True Labels - 1s: 193, 0s: 168
Client 3 of 5: Local Epoch [1/3] Loss: 0.2864, Accuracy: 85.87 %
Predictions - 1s: 194, 0s: 167
True Labels - 1s: 183, 0s: 178
Client 4 of 5: Local Epoch [2/3] Loss: 0.2279, Accuracy: 90.86 %
Predictions - 1s: 192, 0s: 169
True Labels - 1s: 189, 0s: 172
Client 1 of 5: Local Epoch [2/3] Loss: 0.2553, Accuracy: 89.75 %
Predictions - 1s: 208, 0s: 153
True Labels - 1s: 197, 0s: 164
Client 2 of 5: Local Epoch [2/3] Loss: 0.2629, Accuracy: 90.30 %
Predictions - 1s: 192, 0s: 170
True Labels - 1s: 184, 0s: 178
Client 5 of 5: Local Epoch [2/3] Loss: 0.2214, Accuracy: 91.16 %
Predictions - 1s: 196, 0s: 165
True Labels - 1s: 193, 0s: 168
Client 3 of 5: Local Epoch [2/3] Loss: 0.1924, Accuracy: 91.41 %
Predictions - 1s: 187, 0s: 174
True Labels - 1s: 183, 0s: 178
Client 4 of 5: Local Epoch [3/3] Loss: 0.1792, Accuracy: 92.24 %
Predictions - 1s: 194, 0s: 167
True Labels - 1s: 189, 0s: 172
Client 1 of 5: Local Epoch [3/3] Loss: 0.2124, Accuracy: 91.97 %
Predictions - 1s: 192, 0s: 170
True Labels - 1s: 184, 0s: 178
Client 5 of 5: Local Epoch [3/3] Loss: 0.1896, Accuracy: 93.92 %
Predictions - 1s: 203, 0s: 158
True Labels - 1s: 197, 0s: 164
Client 2 of 5: Local Epoch [3/3] Loss: 0.2187, Accuracy: 91.14 %
Predictions - 1s: 199, 0s: 162
True Labels - 1s: 193, 0s: 168
Client 3 of 5: Local Epoch [3/3] Loss: 0.1537, Accuracy: 95.01 %
-------------------------------
Round [3/4] Average Local Loss: 0.1907, Average Local Accuracy: 92.86 %
-------------------------------
-------- Validation --------
Predictions - 1s: 228, 0s: 224
True Labels - 1s: 239, 0s: 213
Round [3/4] Global Model Validation Loss: 0.2474, Validation Accuracy: 90.49 %
-------- Validation finished --------
Updated best model in round 3 saved with Validation Loss: 0.2474 and Validation Accuracy: 90.49 %
-------------------------------

Round 4 of 4
-------------------------------
Predictions - 1s: 187, 0s: 175
True Labels - 1s: 184, 0s: 178
Client 5 of 5: Local Epoch [1/3] Loss: 0.2543, Accuracy: 89.23 %
Predictions - 1s: 210, 0s: 151
True Labels - 1s: 197, 0s: 164
Client 2 of 5: Local Epoch [1/3] Loss: 0.3348, Accuracy: 85.87 %
Predictions - 1s: 199, 0s: 162
Predictions - 1s: 196, 0s: 165
True Labels - 1s: 189, 0s: 172
Client 1 of 5: Local Epoch [1/3] Loss: 0.3546, Accuracy: 86.15 %
True Labels - 1s: 193, 0s: 168
Client 3 of 5: Local Epoch [1/3] Loss: 0.2375, Accuracy: 89.20 %
Predictions - 1s: 183, 0s: 178
True Labels - 1s: 183, 0s: 178
Client 4 of 5: Local Epoch [1/3] Loss: 0.2512, Accuracy: 89.47 %
Predictions - 1s: 188, 0s: 174
True Labels - 1s: 184, 0s: 178
Client 5 of 5: Local Epoch [2/3] Loss: 0.1991, Accuracy: 93.37 %
Predictions - 1s: 195, 0s: 166
True Labels - 1s: 193, 0s: 168
Client 3 of 5: Local Epoch [2/3] Loss: 0.1492, Accuracy: 93.35 %
Predictions - 1s: 205, 0s: 156
True Labels - 1s: 197, 0s: 164
Client 2 of 5: Local Epoch [2/3] Loss: 0.2305, Accuracy: 92.24 %
Predictions - 1s: 199, 0s: 162
True Labels - 1s: 189, 0s: 172
Client 1 of 5: Local Epoch [2/3] Loss: 0.2350, Accuracy: 90.03 %
Predictions - 1s: 186, 0s: 175
True Labels - 1s: 183, 0s: 178
Client 4 of 5: Local Epoch [2/3] Loss: 0.1830, Accuracy: 93.07 %
Predictions - 1s: 190, 0s: 171
True Labels - 1s: 183, 0s: 178
Client 4 of 5: Local Epoch [3/3] Loss: 0.1418, Accuracy: 95.29 %
Predictions - 1s: 185, 0s: 177
True Labels - 1s: 184, 0s: 178
Client 5 of 5: Local Epoch [3/3] Loss: 0.1644, Accuracy: 94.75 %
Predictions - 1s: 194, 0s: 167
True Labels - 1s: 189, 0s: 172
Client 1 of 5: Local Epoch [3/3] Loss: 0.1949, Accuracy: 91.97 %
Predictions - 1s: 200, 0s: 161
True Labels - 1s: 193, 0s: 168
Client 3 of 5: Local Epoch [3/3] Loss: 0.1230, Accuracy: 95.29 %
Predictions - 1s: 202, 0s: 159
True Labels - 1s: 197, 0s: 164
Client 2 of 5: Local Epoch [3/3] Loss: 0.1862, Accuracy: 93.07 %
-------------------------------
Round [4/4] Average Local Loss: 0.1621, Average Local Accuracy: 94.07 %
-------------------------------
-------- Validation --------
Predictions - 1s: 230, 0s: 222
True Labels - 1s: 239, 0s: 213
Round [4/4] Global Model Validation Loss: 0.2351, Validation Accuracy: 90.04 %
-------- Validation finished --------
Updated best model in round 4 saved with Validation Loss: 0.2351 and Validation Accuracy: 90.04 %
-------------------------------
Best model in round 4 saved with Validation Loss: 0.2351 and Validation Accuracy: 90.04 %

-------- Training finished in 5:45 --------

Test flag enabled. Testing the model

-------- Loading best model from model_path --------
Loaded model bert-small from date 19-04-2024 19:17. Trained with Federated Learning technology.
Round 4, lr: 6e-05, optimizer: AdamW
Average train accuracy: 94.07 %, Validation accuracy: 90.04 %
-------- Best model loaded --------

-------- Creating Test Dataloader --------
Test Loader: 564 total sentences. 71 batches of size 8.
-------- Test Dataloader created --------

-------- Testing --------
Predictions - 1s: 276, 0s: 288
True Labels - 1s: 296, 0s: 268
Nº of test samples: 564
Accuracy: 88.30%
Accuracy 2 : 88.30%
Precision: 88.37%
Recall: 88.45%
F1 Score: 88.30%
Classification report:
              precision    recall  f1-score   support

           0     0.8507    0.9142    0.8813       268
           1     0.9167    0.8547    0.8846       296

    accuracy                         0.8830       564
   macro avg     0.8837    0.8845    0.8830       564
weighted avg     0.8853    0.8830    0.8830       564

-------- Testing finished --------
