Current configuration:
{
    "concurrency_flag": true,
    "data_distribution": "iid",
    "dataset": "mixed_depression",
    "device": "cuda",
    "dp_delta": 0.003,
    "dp_epsilon": 0.0,
    "eval_batch_size": 4,
    "eval_flag": true,
    "eval_size": 0.2,
    "fed_alg": "fedavg",
    "layers": 3,
    "learning_rate": 6e-05,
    "max_length": 512,
    "ml_mode": "bcfl",
    "model": "bert_small",
    "model_name": "bcfl_small_seed2_mixed_depression",
    "models_path": "/local/vpaloma/fabric-federated-learning/ablation_study/phase-4/final/accs-times/mixed_depression/",
    "mu": 0.5,
    "num_clients": 5,
    "num_epochs": 3,
    "num_rounds": 4,
    "optimizer": "AdamW",
    "progress_bar_flag": false,
    "save_model": true,
    "scheduler": "linear",
    "scheduler_warmup_steps": 0,
    "seed": "random",
    "test_flag": true,
    "train_batch_size": 4,
    "train_size": 0.8
}
-------- Configuration loaded --------

-------- Setting device --------
cuda device selected and available.
-------- Device set --------

-------- Setting seed --------
seed set:  151218
-------- Seed set --------

-------- Creating Model --------
-------- Model created --------

-------- Setting Trainable Layers --------
Training the last 3 layers.

Total parameters count: 28764674
Trainable parameters count: 3416066
-------- Trainable Layers set --------

-------- Creating Tokenizer --------
-------- Tokenizer created --------

-------- Creating Train and Eval Dataloaders --------
Train Loader: 1806 total sentences. 452 batches of size 4.
Eval Loader: 452 total sentences. 113 batches of size 4.
-------- Train and Eval Dataloaders created --------

-------- Training --------
Training with Blockchain-Based Federated Learning technology.
Training without differential privacy.
Federated averaging algorithm selected.
Client 0: Label 0: 173, Label 1: 188
Client 1: Label 0: 172, Label 1: 189
Client 2: Label 0: 172, Label 1: 189
Client 3: Label 0: 165, Label 1: 196
Client 4: Label 0: 182, Label 1: 180

Round 1 of 4
-------------------------------
Predictions - 1s: 188, 0s: 173
True Labels - 1s: 188, 0s: 173
Client 1 of 5: Local Epoch [1/3] Loss: 0.5667, Accuracy: 70.08 %
Predictions - 1s: 193, 0s: 168
Predictions - 1s: 219, 0s: 142
True Labels - 1s: 189, 0s: 172
True Labels - 1s: 196, 0s: 165
Client 4 of 5: Local Epoch [1/3] Loss: 0.5676, Accuracy: 69.25 %
Predictions - 1s: 185, 0s: 176
Client 3 of 5: Local Epoch [1/3] Loss: 0.6036, Accuracy: 67.31 %
True Labels - 1s: 189, 0s: 172
Predictions - 1s: 176, 0s: 186
Client 2 of 5: Local Epoch [1/3] Loss: 0.5717, Accuracy: 68.42 %
True Labels - 1s: 180, 0s: 182
Client 5 of 5: Local Epoch [1/3] Loss: 0.6059, Accuracy: 67.40 %
Predictions - 1s: 176, 0s: 186
True Labels - 1s: 180, 0s: 182
Client 5 of 5: Local Epoch [2/3] Loss: 0.4662, Accuracy: 80.66 %
Predictions - 1s: 191, 0s: 170
Predictions - 1s: 190, 0s: 171
True Labels - 1s: 188, 0s: 173
True Labels - 1s: 189, 0s: 172
Client 1 of 5: Local Epoch [2/3] Loss: 0.4334, Accuracy: 80.33 %
Predictions - 1s: 188, 0s: 173
Client 3 of 5: Local Epoch [2/3] Loss: 0.4385, Accuracy: 80.33 %
True Labels - 1s: 189, 0s: 172
Client 2 of 5: Local Epoch [2/3] Loss: 0.3935, Accuracy: 83.10 %
Predictions - 1s: 197, 0s: 164
True Labels - 1s: 196, 0s: 165
Client 4 of 5: Local Epoch [2/3] Loss: 0.4429, Accuracy: 79.78 %
Predictions - 1s: 185, 0s: 177
Predictions - 1s: 175, 0s: 186
True Labels - 1s: 180, 0s: 182
True Labels - 1s: 189, 0s: 172
Client 5 of 5: Local Epoch [3/3] Loss: 0.3600, Accuracy: 85.91 %
Client 2 of 5: Local Epoch [3/3] Loss: 0.3211, Accuracy: 87.26 %
Predictions - 1s: 184, 0s: 177
Predictions - 1s: 186, 0s: 175
True Labels - 1s: 189, 0s: 172
True Labels - 1s: 188, 0s: 173
Client 1 of 5: Local Epoch [3/3] Loss: 0.3743, Accuracy: 84.49 %
Client 3 of 5: Local Epoch [3/3] Loss: 0.3574, Accuracy: 86.43 %
Predictions - 1s: 211, 0s: 150
True Labels - 1s: 196, 0s: 165
Client 4 of 5: Local Epoch [3/3] Loss: 0.3610, Accuracy: 85.87 %
-------------------------------
Round [1/4] Average Local Loss: 0.3547, Average Local Accuracy: 85.99 %
-------------------------------
-------- Validation --------
Predictions - 1s: 204, 0s: 248
True Labels - 1s: 243, 0s: 209
Round [1/4] Global Model Validation Loss: 0.3913, Validation Accuracy: 83.85 %
-------- Validation finished --------
Updated best model in round 1 saved with Validation Loss: 0.3913 and Validation Accuracy: 83.85 %
-------------------------------

Round 2 of 4
-------------------------------
Predictions - 1s: 204, 0s: 157
True Labels - 1s: 196, 0s: 165
Client 4 of 5: Local Epoch [1/3] Loss: 0.3953, Accuracy: 83.93 %
Predictions - 1s: 190, 0s: 171
True Labels - 1s: 189, 0s: 172
Client 2 of 5: Local Epoch [1/3] Loss: 0.3519, Accuracy: 83.10 %
Predictions - 1s: 188, 0s: 173
True Labels - 1s: 189, 0s: 172
Client 3 of 5: Local Epoch [1/3] Loss: 0.4153, Accuracy: 81.44 %
Predictions - 1s: 189, 0s: 172
True Labels - 1s: 188, 0s: 173
Client 1 of 5: Local Epoch [1/3] Loss: 0.4174, Accuracy: 80.33 %
Predictions - 1s: 190, 0s: 172
True Labels - 1s: 180, 0s: 182
Client 5 of 5: Local Epoch [1/3] Loss: 0.3799, Accuracy: 83.43 %
Predictions - 1s: 199, 0s: 162
True Labels - 1s: 196, 0s: 165
Client 4 of 5: Local Epoch [2/3] Loss: 0.3056, Accuracy: 87.53 %
Predictions - 1s: 192, 0s: 169
True Labels - 1s: 189, 0s: 172
Client 2 of 5: Local Epoch [2/3] Loss: 0.2722, Accuracy: 88.64 %
Predictions - 1s: 199, 0s: 162
True Labels - 1s: 189, 0s: 172
Client 3 of 5: Local Epoch [2/3] Loss: 0.2986, Accuracy: 88.92 %
Predictions - 1s: 197, 0s: 164
True Labels - 1s: 188, 0s: 173
Client 1 of 5: Local Epoch [2/3] Loss: 0.3021, Accuracy: 88.09 %
Predictions - 1s: 185, 0s: 177
True Labels - 1s: 180, 0s: 182
Client 5 of 5: Local Epoch [2/3] Loss: 0.2713, Accuracy: 89.23 %
Predictions - 1s: 198, 0s: 163
True Labels - 1s: 196, 0s: 165
Client 4 of 5: Local Epoch [3/3] Loss: 0.2308, Accuracy: 91.69 %
Predictions - 1s: 190, 0s: 171
True Labels - 1s: 189, 0s: 172
Client 2 of 5: Local Epoch [3/3] Loss: 0.2047, Accuracy: 91.97 %
Predictions - 1s: 189, 0s: 172
True Labels - 1s: 189, 0s: 172
Client 3 of 5: Local Epoch [3/3] Loss: 0.2286, Accuracy: 92.80 %
Predictions - 1s: 189, 0s: 172
True Labels - 1s: 188, 0s: 173
Client 1 of 5: Local Epoch [3/3] Loss: 0.2921, Accuracy: 88.64 %
Predictions - 1s: 184, 0s: 178
True Labels - 1s: 180, 0s: 182
Client 5 of 5: Local Epoch [3/3] Loss: 0.2307, Accuracy: 90.06 %
-------------------------------
Round [2/4] Average Local Loss: 0.2374, Average Local Accuracy: 91.03 %
-------------------------------
-------- Validation --------
Predictions - 1s: 209, 0s: 243
True Labels - 1s: 243, 0s: 209
Round [2/4] Global Model Validation Loss: 0.3259, Validation Accuracy: 86.73 %
-------- Validation finished --------
Updated best model in round 2 saved with Validation Loss: 0.3259 and Validation Accuracy: 86.73 %
-------------------------------

Round 3 of 4
-------------------------------
Predictions - 1s: 197, 0s: 164
True Labels - 1s: 189, 0s: 172
Client 3 of 5: Local Epoch [1/3] Loss: 0.3409, Accuracy: 86.70 %
Predictions - 1s: 199, 0s: 162
True Labels - 1s: 196, 0s: 165
Client 4 of 5: Local Epoch [1/3] Loss: 0.3145, Accuracy: 87.53 %
Predictions - 1s: 188, 0s: 173
True Labels - 1s: 189, 0s: 172
Client 2 of 5: Local Epoch [1/3] Loss: 0.2958, Accuracy: 85.87 %
Predictions - 1s: 186, 0s: 176
True Labels - 1s: 180, 0s: 182
Client 5 of 5: Local Epoch [1/3] Loss: 0.3288, Accuracy: 83.98 %
Predictions - 1s: 192, 0s: 169
True Labels - 1s: 188, 0s: 173
Client 1 of 5: Local Epoch [1/3] Loss: 0.3412, Accuracy: 85.60 %
Predictions - 1s: 196, 0s: 165
True Labels - 1s: 189, 0s: 172
Client 3 of 5: Local Epoch [2/3] Loss: 0.2600, Accuracy: 89.75 %
Predictions - 1s: 200, 0s: 161
True Labels - 1s: 196, 0s: 165
Client 4 of 5: Local Epoch [2/3] Loss: 0.2330, Accuracy: 90.58 %
Predictions - 1s: 192, 0s: 169
True Labels - 1s: 189, 0s: 172
Client 2 of 5: Local Epoch [2/3] Loss: 0.1983, Accuracy: 92.52 %
Predictions - 1s: 185, 0s: 177
True Labels - 1s: 180, 0s: 182
Client 5 of 5: Local Epoch [2/3] Loss: 0.2450, Accuracy: 89.78 %
Predictions - 1s: 182, 0s: 179
True Labels - 1s: 188, 0s: 173
Client 1 of 5: Local Epoch [2/3] Loss: 0.2969, Accuracy: 86.70 %
Predictions - 1s: 197, 0s: 164
True Labels - 1s: 189, 0s: 172
Client 3 of 5: Local Epoch [3/3] Loss: 0.1994, Accuracy: 93.35 %
Predictions - 1s: 206, 0s: 155
True Labels - 1s: 196, 0s: 165
Client 4 of 5: Local Epoch [3/3] Loss: 0.1989, Accuracy: 92.80 %
Predictions - 1s: 191, 0s: 170
True Labels - 1s: 189, 0s: 172
Client 2 of 5: Local Epoch [3/3] Loss: 0.1616, Accuracy: 94.46 %
Predictions - 1s: 178, 0s: 184
True Labels - 1s: 180, 0s: 182
Client 5 of 5: Local Epoch [3/3] Loss: 0.2074, Accuracy: 91.16 %
Predictions - 1s: 192, 0s: 169
True Labels - 1s: 188, 0s: 173
Client 1 of 5: Local Epoch [3/3] Loss: 0.2434, Accuracy: 90.58 %
-------------------------------
Round [3/4] Average Local Loss: 0.2022, Average Local Accuracy: 92.47 %
-------------------------------
-------- Validation --------
Predictions - 1s: 224, 0s: 228
True Labels - 1s: 243, 0s: 209
Round [3/4] Global Model Validation Loss: 0.3048, Validation Accuracy: 89.60 %
-------- Validation finished --------
Updated best model in round 3 saved with Validation Loss: 0.3048 and Validation Accuracy: 89.60 %
-------------------------------

Round 4 of 4
-------------------------------
Predictions - 1s: 186, 0s: 176
True Labels - 1s: 180, 0s: 182
Client 5 of 5: Local Epoch [1/3] Loss: 0.2867, Accuracy: 86.19 %
Predictions - 1s: 199, 0s: 162
True Labels - 1s: 196, 0s: 165
Client 4 of 5: Local Epoch [1/3] Loss: 0.3073, Accuracy: 87.53 %
Predictions - 1s: 191, 0s: 170
True Labels - 1s: 189, 0s: 172
Client 3 of 5: Local Epoch [1/3] Loss: 0.3047, Accuracy: 86.15 %
Predictions - 1s: 192, 0s: 169
True Labels - 1s: 189, 0s: 172
Client 2 of 5: Local Epoch [1/3] Loss: 0.2372, Accuracy: 91.97 %
Predictions - 1s: 196, 0s: 165
True Labels - 1s: 188, 0s: 173
Client 1 of 5: Local Epoch [1/3] Loss: 0.3288, Accuracy: 85.04 %
Predictions - 1s: 183, 0s: 179
True Labels - 1s: 180, 0s: 182
Client 5 of 5: Local Epoch [2/3] Loss: 0.1774, Accuracy: 94.20 %
Predictions - 1s: 195, 0s: 166
True Labels - 1s: 196, 0s: 165
Client 4 of 5: Local Epoch [2/3] Loss: 0.2187, Accuracy: 91.41 %
Predictions - 1s: 202, 0s: 159
True Labels - 1s: 189, 0s: 172
Client 3 of 5: Local Epoch [2/3] Loss: 0.2003, Accuracy: 92.52 %
Predictions - 1s: 186, 0s: 175
True Labels - 1s: 189, 0s: 172
Client 2 of 5: Local Epoch [2/3] Loss: 0.1729, Accuracy: 92.52 %
Predictions - 1s: 181, 0s: 180
True Labels - 1s: 188, 0s: 173
Client 1 of 5: Local Epoch [2/3] Loss: 0.2532, Accuracy: 90.86 %
Predictions - 1s: 198, 0s: 163
True Labels - 1s: 196, 0s: 165
Client 4 of 5: Local Epoch [3/3] Loss: 0.1580, Accuracy: 95.01 %
Predictions - 1s: 183, 0s: 179
True Labels - 1s: 180, 0s: 182
Client 5 of 5: Local Epoch [3/3] Loss: 0.1593, Accuracy: 94.75 %
Predictions - 1s: 195, 0s: 166
True Labels - 1s: 189, 0s: 172
Client 3 of 5: Local Epoch [3/3] Loss: 0.1692, Accuracy: 93.35 %
Predictions - 1s: 189, 0s: 172
True Labels - 1s: 189, 0s: 172
Client 2 of 5: Local Epoch [3/3] Loss: 0.1359, Accuracy: 95.57 %
Predictions - 1s: 192, 0s: 169
True Labels - 1s: 188, 0s: 173
Client 1 of 5: Local Epoch [3/3] Loss: 0.2008, Accuracy: 90.58 %
-------------------------------
Round [4/4] Average Local Loss: 0.1646, Average Local Accuracy: 93.85 %
-------------------------------
-------- Validation --------
Predictions - 1s: 215, 0s: 237
True Labels - 1s: 243, 0s: 209
Round [4/4] Global Model Validation Loss: 0.3195, Validation Accuracy: 87.61 %
-------- Validation finished --------
Best model in round 3 saved with Validation Loss: 0.3048 and Validation Accuracy: 89.60 %

-------- Training finished in 5:45 --------

Test flag enabled. Testing the model

-------- Loading best model from model_path --------
Loaded model bert-small from date 19-04-2024 17:24. Trained with Federated Learning technology.
Round 3, lr: 6e-05, optimizer: AdamW
Average train accuracy: 92.47 %, Validation accuracy: 89.60 %
-------- Best model loaded --------

-------- Creating Test Dataloader --------
Test Loader: 564 total sentences. 71 batches of size 8.
-------- Test Dataloader created --------

-------- Testing --------
Predictions - 1s: 278, 0s: 286
True Labels - 1s: 296, 0s: 268
Nº of test samples: 564
Accuracy: 87.94%
Accuracy 2 : 87.94%
Precision: 87.99%
Recall: 88.07%
F1 Score: 87.94%
Classification report:
              precision    recall  f1-score   support

           0     0.8497    0.9067    0.8773       268
           1     0.9101    0.8547    0.8815       296

    accuracy                         0.8794       564
   macro avg     0.8799    0.8807    0.8794       564
weighted avg     0.8814    0.8794    0.8795       564

-------- Testing finished --------
