Current configuration:
{
    "concurrency_flag": true,
    "data_distribution": "iid",
    "dataset": "mixed_depression",
    "device": "cuda",
    "dp_delta": 0.003,
    "dp_epsilon": 0.0,
    "eval_batch_size": 4,
    "eval_flag": true,
    "eval_size": 0.2,
    "fed_alg": "fedavg",
    "layers": 3,
    "learning_rate": 6e-05,
    "max_length": 512,
    "ml_mode": "fl",
    "model": "bert_mini",
    "model_name": "fl_mini_seed5_mixed_depression",
    "models_path": "/local/vpaloma/fabric-federated-learning/ablation_study/phase-4/final/accs-times/mixed_depression/",
    "mu": 0.5,
    "num_clients": 5,
    "num_epochs": 3,
    "num_rounds": 4,
    "optimizer": "AdamW",
    "progress_bar_flag": false,
    "save_model": true,
    "scheduler": "linear",
    "scheduler_warmup_steps": 0,
    "seed": "random",
    "test_flag": true,
    "train_batch_size": 4,
    "train_size": 0.8
}
-------- Configuration loaded --------

-------- Setting device --------
cuda device selected and available.
-------- Device set --------

-------- Setting seed --------
seed set:  189898
-------- Seed set --------

-------- Creating Model --------
-------- Model created --------

-------- Setting Trainable Layers --------
Training the last 3 layers.

Total parameters count: 11171074
Trainable parameters count: 856066
-------- Trainable Layers set --------

-------- Creating Tokenizer --------
-------- Tokenizer created --------

-------- Creating Train and Eval Dataloaders --------
Train Loader: 1806 total sentences. 452 batches of size 4.
Eval Loader: 452 total sentences. 113 batches of size 4.
-------- Train and Eval Dataloaders created --------

-------- Training --------
Training with Federated Learning technology.
Training without differential privacy.
Federated averaging algorithm selected.
Client 0: Label 0: 179, Label 1: 182
Client 1: Label 0: 169, Label 1: 192
Client 2: Label 0: 163, Label 1: 198
Client 3: Label 0: 174, Label 1: 187
Client 4: Label 0: 172, Label 1: 190

Round 1 of 4
-------------------------------
Predictions - 1s: 237, 0s: 125
True Labels - 1s: 190, 0s: 172
Client 5 of 5: Local Epoch [1/3] Loss: 0.6735, Accuracy: 57.18 %
Predictions - 1s: 217, 0s: 144
True Labels - 1s: 182, 0s: 179
Client 1 of 5: Local Epoch [1/3] Loss: 0.6660, Accuracy: 60.94 %
Predictions - 1s: 247, 0s: 114
True Labels - 1s: 192, 0s: 169
Client 2 of 5: Local Epoch [1/3] Loss: 0.6701, Accuracy: 60.39 %
Predictions - 1s: 302, 0s: 59
True Labels - 1s: 198, 0s: 163
Client 3 of 5: Local Epoch [1/3] Loss: 0.6673, Accuracy: 63.99 %
Predictions - 1s: 219, 0s: 142
True Labels - 1s: 187, 0s: 174
Client 4 of 5: Local Epoch [1/3] Loss: 0.6420, Accuracy: 68.42 %
Predictions - 1s: 192, 0s: 170
True Labels - 1s: 190, 0s: 172
Client 5 of 5: Local Epoch [2/3] Loss: 0.5812, Accuracy: 74.59 %
Predictions - 1s: 187, 0s: 174
True Labels - 1s: 182, 0s: 179
Client 1 of 5: Local Epoch [2/3] Loss: 0.5347, Accuracy: 77.01 %
Predictions - 1s: 217, 0s: 144
True Labels - 1s: 192, 0s: 169
Client 2 of 5: Local Epoch [2/3] Loss: 0.5864, Accuracy: 70.36 %
Predictions - 1s: 207, 0s: 154
True Labels - 1s: 198, 0s: 163
Client 3 of 5: Local Epoch [2/3] Loss: 0.5387, Accuracy: 77.56 %
Predictions - 1s: 202, 0s: 159
True Labels - 1s: 187, 0s: 174
Client 4 of 5: Local Epoch [2/3] Loss: 0.5468, Accuracy: 76.45 %
Predictions - 1s: 202, 0s: 160
True Labels - 1s: 190, 0s: 172
Client 5 of 5: Local Epoch [3/3] Loss: 0.5170, Accuracy: 80.11 %
Predictions - 1s: 180, 0s: 181
True Labels - 1s: 182, 0s: 179
Client 1 of 5: Local Epoch [3/3] Loss: 0.4890, Accuracy: 81.16 %
Predictions - 1s: 188, 0s: 173
True Labels - 1s: 192, 0s: 169
Client 2 of 5: Local Epoch [3/3] Loss: 0.5130, Accuracy: 77.84 %
Predictions - 1s: 192, 0s: 169
True Labels - 1s: 198, 0s: 163
Client 3 of 5: Local Epoch [3/3] Loss: 0.4851, Accuracy: 79.50 %
Predictions - 1s: 183, 0s: 178
True Labels - 1s: 187, 0s: 174
Client 4 of 5: Local Epoch [3/3] Loss: 0.4955, Accuracy: 79.50 %
-------------------------------
Round [1/4] Average Local Loss: 0.4999, Average Local Accuracy: 79.62 %
-------------------------------
-------- Validation --------
Predictions - 1s: 228, 0s: 224
True Labels - 1s: 236, 0s: 216
Round [1/4] Global Model Validation Loss: 0.4878, Validation Accuracy: 80.09 %
-------- Validation finished --------
Updated best model in round 1 saved with Validation Loss: 0.4878 and Validation Accuracy: 80.09 %
-------------------------------

Round 2 of 4
-------------------------------
Predictions - 1s: 188, 0s: 173
True Labels - 1s: 182, 0s: 179
Client 1 of 5: Local Epoch [1/3] Loss: 0.4932, Accuracy: 77.29 %
Predictions - 1s: 206, 0s: 155
True Labels - 1s: 198, 0s: 163
Client 3 of 5: Local Epoch [1/3] Loss: 0.4790, Accuracy: 75.62 %
Predictions - 1s: 190, 0s: 171
True Labels - 1s: 187, 0s: 174
Client 4 of 5: Local Epoch [1/3] Loss: 0.5061, Accuracy: 77.01 %
Predictions - 1s: 207, 0s: 155
Predictions - 1s: 196, 0s: 165
True Labels - 1s: 190, 0s: 172
Client 5 of 5: Local Epoch [1/3] Loss: 0.4813, Accuracy: 79.28 %
True Labels - 1s: 192, 0s: 169
Client 2 of 5: Local Epoch [1/3] Loss: 0.4954, Accuracy: 75.07 %
Predictions - 1s: 207, 0s: 154
True Labels - 1s: 198, 0s: 163
Client 3 of 5: Local Epoch [2/3] Loss: 0.4070, Accuracy: 81.99 %
Predictions - 1s: 196, 0s: 166
True Labels - 1s: 190, 0s: 172
Client 5 of 5: Local Epoch [2/3] Loss: 0.4245, Accuracy: 81.22 %
Predictions - 1s: 193, 0s: 168
True Labels - 1s: 187, 0s: 174
Client 4 of 5: Local Epoch [2/3] Loss: 0.4280, Accuracy: 82.27 %
Predictions - 1s: 193, 0s: 168
True Labels - 1s: 192, 0s: 169
Client 2 of 5: Local Epoch [2/3] Loss: 0.4473, Accuracy: 80.89 %
Predictions - 1s: 178, 0s: 183
True Labels - 1s: 182, 0s: 179
Client 1 of 5: Local Epoch [2/3] Loss: 0.4328, Accuracy: 82.27 %
Predictions - 1s: 199, 0s: 162
True Labels - 1s: 198, 0s: 163
Client 3 of 5: Local Epoch [3/3] Loss: 0.3581, Accuracy: 86.98 %
Predictions - 1s: 202, 0s: 160
True Labels - 1s: 190, 0s: 172
Client 5 of 5: Local Epoch [3/3] Loss: 0.3922, Accuracy: 83.98 %
Predictions - 1s: 193, 0s: 168
True Labels - 1s: 187, 0s: 174
Client 4 of 5: Local Epoch [3/3] Loss: 0.3978, Accuracy: 82.83 %
Predictions - 1s: 193, 0s: 168
True Labels - 1s: 192, 0s: 169
Client 2 of 5: Local Epoch [3/3] Loss: 0.4160, Accuracy: 83.10 %
Predictions - 1s: 184, 0s: 177
True Labels - 1s: 182, 0s: 179
Client 1 of 5: Local Epoch [3/3] Loss: 0.4057, Accuracy: 82.27 %
-------------------------------
Round [2/4] Average Local Loss: 0.3940, Average Local Accuracy: 83.83 %
-------------------------------
-------- Validation --------
Predictions - 1s: 234, 0s: 218
True Labels - 1s: 236, 0s: 216
Round [2/4] Global Model Validation Loss: 0.4100, Validation Accuracy: 81.86 %
-------- Validation finished --------
Updated best model in round 2 saved with Validation Loss: 0.4100 and Validation Accuracy: 81.86 %
-------------------------------

Round 3 of 4
-------------------------------
Predictions - 1s: 193, 0s: 168
True Labels - 1s: 198, 0s: 163
Client 3 of 5: Local Epoch [1/3] Loss: 0.3967, Accuracy: 82.55 %
Predictions - 1s: 191, 0s: 170
True Labels - 1s: 192, 0s: 169
Client 2 of 5: Local Epoch [1/3] Loss: 0.4483, Accuracy: 79.78 %
Predictions - 1s: 191, 0s: 170
True Labels - 1s: 187, 0s: 174
Client 4 of 5: Local Epoch [1/3] Loss: 0.4214, Accuracy: 80.06 %
Predictions - 1s: 186, 0s: 175
True Labels - 1s: 182, 0s: 179
Client 1 of 5: Local Epoch [1/3] Loss: 0.4348, Accuracy: 79.50 %
Predictions - 1s: 197, 0s: 165
True Labels - 1s: 190, 0s: 172
Client 5 of 5: Local Epoch [1/3] Loss: 0.4165, Accuracy: 82.60 %
Predictions - 1s: 205, 0s: 156
True Labels - 1s: 198, 0s: 163
Client 3 of 5: Local Epoch [2/3] Loss: 0.3633, Accuracy: 84.76 %
Predictions - 1s: 197, 0s: 165
True Labels - 1s: 190, 0s: 172
Client 5 of 5: Local Epoch [2/3] Loss: 0.3707, Accuracy: 85.36 %
Predictions - 1s: 201, 0s: 160
True Labels - 1s: 192, 0s: 169
Client 2 of 5: Local Epoch [2/3] Loss: 0.4018, Accuracy: 83.10 %
Predictions - 1s: 179, 0s: 182
True Labels - 1s: 182, 0s: 179
Client 1 of 5: Local Epoch [2/3] Loss: 0.3692, Accuracy: 85.32 %
Predictions - 1s: 186, 0s: 175
True Labels - 1s: 187, 0s: 174
Client 4 of 5: Local Epoch [2/3] Loss: 0.3830, Accuracy: 83.10 %
Predictions - 1s: 205, 0s: 156
True Labels - 1s: 198, 0s: 163
Client 3 of 5: Local Epoch [3/3] Loss: 0.3098, Accuracy: 87.53 %
Predictions - 1s: 205, 0s: 157
True Labels - 1s: 190, 0s: 172
Client 5 of 5: Local Epoch [3/3] Loss: 0.3345, Accuracy: 87.02 %
Predictions - 1s: 194, 0s: 167
True Labels - 1s: 192, 0s: 169
Client 2 of 5: Local Epoch [3/3] Loss: 0.3712, Accuracy: 85.60 %
Predictions - 1s: 197, 0s: 164
True Labels - 1s: 187, 0s: 174
Client 4 of 5: Local Epoch [3/3] Loss: 0.3338, Accuracy: 84.49 %
Predictions - 1s: 186, 0s: 175
True Labels - 1s: 182, 0s: 179
Client 1 of 5: Local Epoch [3/3] Loss: 0.3525, Accuracy: 84.49 %
-------------------------------
Round [3/4] Average Local Loss: 0.3404, Average Local Accuracy: 85.82 %
-------------------------------
-------- Validation --------
Predictions - 1s: 246, 0s: 206
True Labels - 1s: 236, 0s: 216
Round [3/4] Global Model Validation Loss: 0.3711, Validation Accuracy: 83.19 %
-------- Validation finished --------
Updated best model in round 3 saved with Validation Loss: 0.3711 and Validation Accuracy: 83.19 %
-------------------------------

Round 4 of 4
-------------------------------
Predictions - 1s: 194, 0s: 168
True Labels - 1s: 190, 0s: 172
Client 5 of 5: Local Epoch [1/3] Loss: 0.3913, Accuracy: 83.98 %
Predictions - 1s: 194, 0s: 167
True Labels - 1s: 187, 0s: 174
Client 4 of 5: Local Epoch [1/3] Loss: 0.3707, Accuracy: 83.10 %
Predictions - 1s: 193, 0s: 168
True Labels - 1s: 192, 0s: 169
Client 2 of 5: Local Epoch [1/3] Loss: 0.3844, Accuracy: 82.55 %
Predictions - 1s: 201, 0s: 160
Predictions - 1s: 180, 0s: 181
True Labels - 1s: 198, 0s: 163
Client 3 of 5: Local Epoch [1/3] Loss: 0.3571, Accuracy: 84.21 %
True Labels - 1s: 182, 0s: 179
Client 1 of 5: Local Epoch [1/3] Loss: 0.3873, Accuracy: 83.38 %
Predictions - 1s: 202, 0s: 159
True Labels - 1s: 192, 0s: 169
Client 2 of 5: Local Epoch [2/3] Loss: 0.3683, Accuracy: 85.60 %
Predictions - 1s: 192, 0s: 170
True Labels - 1s: 190, 0s: 172
Client 5 of 5: Local Epoch [2/3] Loss: 0.3534, Accuracy: 85.08 %
Predictions - 1s: 205, 0s: 156
True Labels - 1s: 198, 0s: 163
Client 3 of 5: Local Epoch [2/3] Loss: 0.2864, Accuracy: 89.20 %
Predictions - 1s: 188, 0s: 173
True Labels - 1s: 187, 0s: 174
Client 4 of 5: Local Epoch [2/3] Loss: 0.3232, Accuracy: 86.98 %
Predictions - 1s: 185, 0s: 176
True Labels - 1s: 182, 0s: 179
Client 1 of 5: Local Epoch [2/3] Loss: 0.3543, Accuracy: 85.32 %
Predictions - 1s: 187, 0s: 174
True Labels - 1s: 192, 0s: 169
Client 2 of 5: Local Epoch [3/3] Loss: 0.3297, Accuracy: 87.53 %
Predictions - 1s: 197, 0s: 164
True Labels - 1s: 187, 0s: 174
Client 4 of 5: Local Epoch [3/3] Loss: 0.2837, Accuracy: 88.92 %
Predictions - 1s: 182, 0s: 179
True Labels - 1s: 182, 0s: 179
Client 1 of 5: Local Epoch [3/3] Loss: 0.3262, Accuracy: 87.81 %
Predictions - 1s: 194, 0s: 168
True Labels - 1s: 190, 0s: 172
Client 5 of 5: Local Epoch [3/3] Loss: 0.3306, Accuracy: 85.64 %
Predictions - 1s: 199, 0s: 162
True Labels - 1s: 198, 0s: 163
Client 3 of 5: Local Epoch [3/3] Loss: 0.2730, Accuracy: 89.75 %
-------------------------------
Round [4/4] Average Local Loss: 0.3086, Average Local Accuracy: 87.93 %
-------------------------------
-------- Validation --------
Predictions - 1s: 233, 0s: 219
True Labels - 1s: 236, 0s: 216
Round [4/4] Global Model Validation Loss: 0.3471, Validation Accuracy: 85.62 %
-------- Validation finished --------
Updated best model in round 4 saved with Validation Loss: 0.3471 and Validation Accuracy: 85.62 %
-------------------------------
Best model in round 4 saved with Validation Loss: 0.3471 and Validation Accuracy: 85.62 %

-------- Training finished in 1:36 --------

Test flag enabled. Testing the model

-------- Loading best model from model_path --------
Loaded model bert-mini from date 20-04-2024 02:04. Trained with Federated Learning technology.
Round 4, lr: 6e-05, optimizer: AdamW
Average train accuracy: 87.93 %, Validation accuracy: 85.62 %
-------- Best model loaded --------

-------- Creating Test Dataloader --------
Test Loader: 564 total sentences. 71 batches of size 8.
-------- Test Dataloader created --------

-------- Testing --------
Predictions - 1s: 281, 0s: 283
True Labels - 1s: 296, 0s: 268
Nº of test samples: 564
Accuracy: 85.28%
Accuracy 2 : 85.28%
Precision: 85.29%
Recall: 85.38%
F1 Score: 85.28%
Classification report:
              precision    recall  f1-score   support

           0     0.8269    0.8731    0.8494       268
           1     0.8790    0.8345    0.8562       296

    accuracy                         0.8528       564
   macro avg     0.8529    0.8538    0.8528       564
weighted avg     0.8542    0.8528    0.8529       564

-------- Testing finished --------
