Current configuration:
{
    "concurrency_flag": true,
    "data_distribution": "iid",
    "dataset": "mixed_depression",
    "device": "cuda",
    "dp_delta": 0.003,
    "dp_epsilon": 0.0,
    "eval_batch_size": 4,
    "eval_flag": true,
    "eval_size": 0.2,
    "fed_alg": "fedavg",
    "layers": 3,
    "learning_rate": 6e-05,
    "max_length": 512,
    "ml_mode": "fl",
    "model": "bert_medium",
    "model_name": "fl_medium_seed5_mixed_depression",
    "models_path": "/local/vpaloma/fabric-federated-learning/ablation_study/phase-4/final/accs-times/mixed_depression/",
    "mu": 0.5,
    "num_clients": 5,
    "num_epochs": 3,
    "num_rounds": 4,
    "optimizer": "AdamW",
    "progress_bar_flag": false,
    "save_model": true,
    "scheduler": "linear",
    "scheduler_warmup_steps": 0,
    "seed": "random",
    "test_flag": true,
    "train_batch_size": 4,
    "train_size": 0.8
}
-------- Configuration loaded --------

-------- Setting device --------
cuda device selected and available.
-------- Device set --------

-------- Setting seed --------
seed set:  80664
-------- Seed set --------

-------- Creating Model --------
-------- Model created --------

-------- Setting Trainable Layers --------
Training the last 3 layers.

Total parameters count: 41374210
Trainable parameters count: 3416066
-------- Trainable Layers set --------

-------- Creating Tokenizer --------
-------- Tokenizer created --------

-------- Creating Train and Eval Dataloaders --------
Train Loader: 1806 total sentences. 452 batches of size 4.
Eval Loader: 452 total sentences. 113 batches of size 4.
-------- Train and Eval Dataloaders created --------

-------- Training --------
Training with Federated Learning technology.
Training without differential privacy.
Federated averaging algorithm selected.
Client 0: Label 0: 181, Label 1: 180
Client 1: Label 0: 174, Label 1: 187
Client 2: Label 0: 159, Label 1: 202
Client 3: Label 0: 164, Label 1: 197
Client 4: Label 0: 169, Label 1: 193

Round 1 of 4
-------------------------------
Predictions - 1s: 165, 0s: 196
True Labels - 1s: 187, 0s: 174
Client 2 of 5: Local Epoch [1/3] Loss: 0.5754, Accuracy: 70.08 %
Predictions - 1s: 228, 0s: 133
True Labels - 1s: 202, 0s: 159
Client 3 of 5: Local Epoch [1/3] Loss: 0.5708, Accuracy: 69.53 %
Predictions - 1s: 172, 0s: 189
True Labels - 1s: 180, 0s: 181
Client 1 of 5: Local Epoch [1/3] Loss: 0.6040, Accuracy: 68.42 %
Predictions - 1s: 226, 0s: 135
True Labels - 1s: 197, 0s: 164
Client 4 of 5: Local Epoch [1/3] Loss: 0.5502, Accuracy: 71.47 %
Predictions - 1s: 206, 0s: 156
True Labels - 1s: 193, 0s: 169
Client 5 of 5: Local Epoch [1/3] Loss: 0.5812, Accuracy: 70.99 %
Predictions - 1s: 187, 0s: 174
True Labels - 1s: 187, 0s: 174
Client 2 of 5: Local Epoch [2/3] Loss: 0.3860, Accuracy: 85.60 %
Predictions - 1s: 209, 0s: 152
True Labels - 1s: 202, 0s: 159
Client 3 of 5: Local Epoch [2/3] Loss: 0.4051, Accuracy: 82.55 %
Predictions - 1s: 188, 0s: 173
True Labels - 1s: 180, 0s: 181
Client 1 of 5: Local Epoch [2/3] Loss: 0.4252, Accuracy: 80.61 %
Predictions - 1s: 195, 0s: 166
True Labels - 1s: 197, 0s: 164
Client 4 of 5: Local Epoch [2/3] Loss: 0.3766, Accuracy: 83.38 %
Predictions - 1s: 206, 0s: 156
True Labels - 1s: 193, 0s: 169
Client 5 of 5: Local Epoch [2/3] Loss: 0.3960, Accuracy: 83.70 %
Predictions - 1s: 189, 0s: 172
True Labels - 1s: 187, 0s: 174
Client 2 of 5: Local Epoch [3/3] Loss: 0.3185, Accuracy: 89.47 %
Predictions - 1s: 206, 0s: 155
True Labels - 1s: 202, 0s: 159
Client 3 of 5: Local Epoch [3/3] Loss: 0.3279, Accuracy: 87.81 %
Predictions - 1s: 185, 0s: 176
True Labels - 1s: 180, 0s: 181
Client 1 of 5: Local Epoch [3/3] Loss: 0.3521, Accuracy: 84.76 %
Predictions - 1s: 206, 0s: 155
True Labels - 1s: 197, 0s: 164
Client 4 of 5: Local Epoch [3/3] Loss: 0.2996, Accuracy: 86.43 %
Predictions - 1s: 195, 0s: 167
True Labels - 1s: 193, 0s: 169
Client 5 of 5: Local Epoch [3/3] Loss: 0.3324, Accuracy: 86.19 %
-------------------------------
Round [1/4] Average Local Loss: 0.3261, Average Local Accuracy: 86.93 %
-------------------------------
-------- Validation --------
Predictions - 1s: 211, 0s: 241
True Labels - 1s: 226, 0s: 226
Round [1/4] Global Model Validation Loss: 0.3900, Validation Accuracy: 85.18 %
-------- Validation finished --------
Updated best model in round 1 saved with Validation Loss: 0.3900 and Validation Accuracy: 85.18 %
-------------------------------

Round 2 of 4
-------------------------------
Predictions - 1s: 209, 0s: 152
True Labels - 1s: 202, 0s: 159
Client 3 of 5: Local Epoch [1/3] Loss: 0.3665, Accuracy: 83.10 %
Predictions - 1s: 209, 0s: 152
True Labels - 1s: 197, 0s: 164
Client 4 of 5: Local Epoch [1/3] Loss: 0.3623, Accuracy: 83.38 %
Predictions - 1s: 187, 0s: 174
True Labels - 1s: 180, 0s: 181
Client 1 of 5: Local Epoch [1/3] Loss: 0.3911, Accuracy: 83.10 %
Predictions - 1s: 197, 0s: 165
True Labels - 1s: 193, 0s: 169
Client 5 of 5: Local Epoch [1/3] Loss: 0.3784, Accuracy: 86.19 %
Predictions - 1s: 190, 0s: 171
True Labels - 1s: 187, 0s: 174
Client 2 of 5: Local Epoch [1/3] Loss: 0.3537, Accuracy: 84.76 %
Predictions - 1s: 201, 0s: 160
True Labels - 1s: 202, 0s: 159
Client 3 of 5: Local Epoch [2/3] Loss: 0.2700, Accuracy: 90.86 %
Predictions - 1s: 197, 0s: 164
True Labels - 1s: 197, 0s: 164
Client 4 of 5: Local Epoch [2/3] Loss: 0.2849, Accuracy: 87.81 %
Predictions - 1s: 200, 0s: 162
True Labels - 1s: 193, 0s: 169
Client 5 of 5: Local Epoch [2/3] Loss: 0.2992, Accuracy: 88.12 %
Predictions - 1s: 191, 0s: 170
True Labels - 1s: 187, 0s: 174
Client 2 of 5: Local Epoch [2/3] Loss: 0.2896, Accuracy: 88.92 %
Predictions - 1s: 186, 0s: 175
True Labels - 1s: 180, 0s: 181
Client 1 of 5: Local Epoch [2/3] Loss: 0.3076, Accuracy: 85.60 %
Predictions - 1s: 212, 0s: 149
True Labels - 1s: 202, 0s: 159
Client 3 of 5: Local Epoch [3/3] Loss: 0.2292, Accuracy: 91.14 %
Predictions - 1s: 207, 0s: 154
True Labels - 1s: 197, 0s: 164
Client 4 of 5: Local Epoch [3/3] Loss: 0.2336, Accuracy: 91.14 %
Predictions - 1s: 194, 0s: 168
True Labels - 1s: 193, 0s: 169
Client 5 of 5: Local Epoch [3/3] Loss: 0.2634, Accuracy: 90.33 %
Predictions - 1s: 187, 0s: 174
True Labels - 1s: 187, 0s: 174
Client 2 of 5: Local Epoch [3/3] Loss: 0.2189, Accuracy: 92.24 %
Predictions - 1s: 186, 0s: 175
True Labels - 1s: 180, 0s: 181
Client 1 of 5: Local Epoch [3/3] Loss: 0.2572, Accuracy: 89.47 %
-------------------------------
Round [2/4] Average Local Loss: 0.2405, Average Local Accuracy: 90.86 %
-------------------------------
-------- Validation --------
Predictions - 1s: 219, 0s: 233
True Labels - 1s: 226, 0s: 226
Round [2/4] Global Model Validation Loss: 0.3556, Validation Accuracy: 85.62 %
-------- Validation finished --------
Updated best model in round 2 saved with Validation Loss: 0.3556 and Validation Accuracy: 85.62 %
-------------------------------

Round 3 of 4
-------------------------------
Predictions - 1s: 189, 0s: 172
True Labels - 1s: 180, 0s: 181
Client 1 of 5: Local Epoch [1/3] Loss: 0.3551, Accuracy: 85.32 %
Predictions - 1s: 202, 0s: 159
True Labels - 1s: 197, 0s: 164
Client 4 of 5: Local Epoch [1/3] Loss: 0.3158, Accuracy: 86.43 %
Predictions - 1s: 189, 0s: 172
True Labels - 1s: 187, 0s: 174
Client 2 of 5: Local Epoch [1/3] Loss: 0.2968, Accuracy: 87.26 %
Predictions - 1s: 201, 0s: 160
True Labels - 1s: 202, 0s: 159
Client 3 of 5: Local Epoch [1/3] Loss: 0.3429, Accuracy: 85.87 %
Predictions - 1s: 207, 0s: 155
True Labels - 1s: 193, 0s: 169
Client 5 of 5: Local Epoch [1/3] Loss: 0.3167, Accuracy: 87.29 %
Predictions - 1s: 189, 0s: 172
True Labels - 1s: 180, 0s: 181
Client 1 of 5: Local Epoch [2/3] Loss: 0.2750, Accuracy: 87.53 %
Predictions - 1s: 205, 0s: 156
True Labels - 1s: 197, 0s: 164
Client 4 of 5: Local Epoch [2/3] Loss: 0.2285, Accuracy: 90.03 %
Predictions - 1s: 193, 0s: 168
True Labels - 1s: 187, 0s: 174
Client 2 of 5: Local Epoch [2/3] Loss: 0.2516, Accuracy: 89.47 %
Predictions - 1s: 195, 0s: 167
True Labels - 1s: 193, 0s: 169
Client 5 of 5: Local Epoch [2/3] Loss: 0.2620, Accuracy: 90.61 %
Predictions - 1s: 204, 0s: 157
True Labels - 1s: 202, 0s: 159
Client 3 of 5: Local Epoch [2/3] Loss: 0.2379, Accuracy: 90.58 %
Predictions - 1s: 193, 0s: 168
True Labels - 1s: 180, 0s: 181
Client 1 of 5: Local Epoch [3/3] Loss: 0.2437, Accuracy: 90.86 %
Predictions - 1s: 201, 0s: 160
True Labels - 1s: 197, 0s: 164
Client 4 of 5: Local Epoch [3/3] Loss: 0.1956, Accuracy: 91.69 %
Predictions - 1s: 187, 0s: 174
True Labels - 1s: 187, 0s: 174
Client 2 of 5: Local Epoch [3/3] Loss: 0.2090, Accuracy: 92.24 %
Predictions - 1s: 196, 0s: 166
True Labels - 1s: 193, 0s: 169
Client 5 of 5: Local Epoch [3/3] Loss: 0.2100, Accuracy: 93.65 %
Predictions - 1s: 204, 0s: 157
True Labels - 1s: 202, 0s: 159
Client 3 of 5: Local Epoch [3/3] Loss: 0.2022, Accuracy: 93.35 %
-------------------------------
Round [3/4] Average Local Loss: 0.2121, Average Local Accuracy: 92.36 %
-------------------------------
-------- Validation --------
Predictions - 1s: 223, 0s: 229
True Labels - 1s: 226, 0s: 226
Round [3/4] Global Model Validation Loss: 0.3435, Validation Accuracy: 86.50 %
-------- Validation finished --------
Updated best model in round 3 saved with Validation Loss: 0.3435 and Validation Accuracy: 86.50 %
-------------------------------

Round 4 of 4
-------------------------------
Predictions - 1s: 185, 0s: 176
True Labels - 1s: 180, 0s: 181
Client 1 of 5: Local Epoch [1/3] Loss: 0.3173, Accuracy: 87.53 %
Predictions - 1s: 195, 0s: 167
True Labels - 1s: 193, 0s: 169
Client 5 of 5: Local Epoch [1/3] Loss: 0.2928, Accuracy: 87.29 %
Predictions - 1s: 204, 0s: 157
True Labels - 1s: 197, 0s: 164
Client 4 of 5: Local Epoch [1/3] Loss: 0.2888, Accuracy: 87.53 %
Predictions - 1s: 210, 0s: 151
True Labels - 1s: 202, 0s: 159
Client 3 of 5: Local Epoch [1/3] Loss: 0.2776, Accuracy: 88.92 %
Predictions - 1s: 194, 0s: 167
True Labels - 1s: 187, 0s: 174
Client 2 of 5: Local Epoch [1/3] Loss: 0.2826, Accuracy: 88.09 %
Predictions - 1s: 191, 0s: 170
True Labels - 1s: 180, 0s: 181
Client 1 of 5: Local Epoch [2/3] Loss: 0.2332, Accuracy: 89.75 %
Predictions - 1s: 192, 0s: 170
True Labels - 1s: 193, 0s: 169
Client 5 of 5: Local Epoch [2/3] Loss: 0.2147, Accuracy: 91.44 %
Predictions - 1s: 200, 0s: 161
True Labels - 1s: 197, 0s: 164
Client 4 of 5: Local Epoch [2/3] Loss: 0.2138, Accuracy: 91.41 %
Predictions - 1s: 206, 0s: 155
True Labels - 1s: 202, 0s: 159
Client 3 of 5: Local Epoch [2/3] Loss: 0.2203, Accuracy: 91.69 %
Predictions - 1s: 188, 0s: 173
True Labels - 1s: 187, 0s: 174
Client 2 of 5: Local Epoch [2/3] Loss: 0.2011, Accuracy: 93.07 %
Predictions - 1s: 186, 0s: 175
True Labels - 1s: 180, 0s: 181
Client 1 of 5: Local Epoch [3/3] Loss: 0.2033, Accuracy: 92.24 %
Predictions - 1s: 198, 0s: 164
True Labels - 1s: 193, 0s: 169
Client 5 of 5: Local Epoch [3/3] Loss: 0.1724, Accuracy: 94.20 %
Predictions - 1s: 201, 0s: 160
True Labels - 1s: 197, 0s: 164
Client 4 of 5: Local Epoch [3/3] Loss: 0.1765, Accuracy: 93.35 %
Predictions - 1s: 193, 0s: 168
True Labels - 1s: 187, 0s: 174
Client 2 of 5: Local Epoch [3/3] Loss: 0.1579, Accuracy: 94.46 %
Predictions - 1s: 211, 0s: 150
True Labels - 1s: 202, 0s: 159
Client 3 of 5: Local Epoch [3/3] Loss: 0.1706, Accuracy: 94.18 %
-------------------------------
Round [4/4] Average Local Loss: 0.1762, Average Local Accuracy: 93.69 %
-------------------------------
-------- Validation --------
Predictions - 1s: 221, 0s: 231
True Labels - 1s: 226, 0s: 226
Round [4/4] Global Model Validation Loss: 0.3468, Validation Accuracy: 86.50 %
-------- Validation finished --------
Best model in round 3 saved with Validation Loss: 0.3435 and Validation Accuracy: 86.50 %

-------- Training finished in 2:16 --------

Test flag enabled. Testing the model

-------- Loading best model from model_path --------
Loaded model bert-medium from date 20-04-2024 00:19. Trained with Federated Learning technology.
Round 3, lr: 6e-05, optimizer: AdamW
Average train accuracy: 92.36 %, Validation accuracy: 86.50 %
-------- Best model loaded --------

-------- Creating Test Dataloader --------
Test Loader: 564 total sentences. 71 batches of size 8.
-------- Test Dataloader created --------

-------- Testing --------
Predictions - 1s: 277, 0s: 287
True Labels - 1s: 296, 0s: 268
Nº of test samples: 564
Accuracy: 87.41%
Accuracy 2 : 87.41%
Precision: 87.47%
Recall: 87.55%
F1 Score: 87.41%
Classification report:
              precision    recall  f1-score   support

           0     0.8432    0.9030    0.8721       268
           1     0.9061    0.8480    0.8761       296

    accuracy                         0.8741       564
   macro avg     0.8747    0.8755    0.8741       564
weighted avg     0.8762    0.8741    0.8742       564

-------- Testing finished --------
