Current configuration:
{
    "concurrency_flag": true,
    "data_distribution": "iid",
    "dataset": "mixed_depression",
    "device": "cuda",
    "dp_delta": 0.003,
    "dp_epsilon": 0.0,
    "eval_batch_size": 4,
    "eval_flag": true,
    "eval_size": 0.2,
    "fed_alg": "fedavg",
    "layers": 3,
    "learning_rate": 6e-05,
    "max_length": 512,
    "ml_mode": "fl",
    "model": "bert_small",
    "model_name": "fl_small_seed2_mixed_depression",
    "models_path": "/local/vpaloma/fabric-federated-learning/ablation_study/phase-4/final/accs-times/mixed_depression/",
    "mu": 0.5,
    "num_clients": 5,
    "num_epochs": 3,
    "num_rounds": 4,
    "optimizer": "AdamW",
    "progress_bar_flag": false,
    "save_model": true,
    "scheduler": "linear",
    "scheduler_warmup_steps": 0,
    "seed": "random",
    "test_flag": true,
    "train_batch_size": 4,
    "train_size": 0.8
}
-------- Configuration loaded --------

-------- Setting device --------
cuda device selected and available.
-------- Device set --------

-------- Setting seed --------
seed set:  518863
-------- Seed set --------

-------- Creating Model --------
-------- Model created --------

-------- Setting Trainable Layers --------
Training the last 3 layers.

Total parameters count: 28764674
Trainable parameters count: 3416066
-------- Trainable Layers set --------

-------- Creating Tokenizer --------
-------- Tokenizer created --------

-------- Creating Train and Eval Dataloaders --------
Train Loader: 1806 total sentences. 452 batches of size 4.
Eval Loader: 452 total sentences. 113 batches of size 4.
-------- Train and Eval Dataloaders created --------

-------- Training --------
Training with Federated Learning technology.
Training without differential privacy.
Federated averaging algorithm selected.
Client 0: Label 0: 170, Label 1: 191
Client 1: Label 0: 168, Label 1: 193
Client 2: Label 0: 170, Label 1: 191
Client 3: Label 0: 177, Label 1: 184
Client 4: Label 0: 169, Label 1: 193

Round 1 of 4
-------------------------------
Predictions - 1s: 196, 0s: 166
True Labels - 1s: 193, 0s: 169
Client 5 of 5: Local Epoch [1/3] Loss: 0.5908, Accuracy: 70.44 %
Predictions - 1s: 190, 0s: 171
True Labels - 1s: 184, 0s: 177
Client 4 of 5: Local Epoch [1/3] Loss: 0.6181, Accuracy: 64.54 %
Predictions - 1s: 214, 0s: 147
True Labels - 1s: 193, 0s: 168
Client 2 of 5: Local Epoch [1/3] Loss: 0.5588, Accuracy: 72.58 %
Predictions - 1s: 184, 0s: 177
True Labels - 1s: 191, 0s: 170
Client 1 of 5: Local Epoch [1/3] Loss: 0.5688, Accuracy: 74.24 %
Predictions - 1s: 211, 0s: 150
True Labels - 1s: 191, 0s: 170
Client 3 of 5: Local Epoch [1/3] Loss: 0.5533, Accuracy: 70.08 %
Predictions - 1s: 204, 0s: 158
True Labels - 1s: 193, 0s: 169
Client 5 of 5: Local Epoch [2/3] Loss: 0.4335, Accuracy: 80.94 %
Predictions - 1s: 190, 0s: 171
True Labels - 1s: 184, 0s: 177
Client 4 of 5: Local Epoch [2/3] Loss: 0.4336, Accuracy: 82.27 %
Predictions - 1s: 200, 0s: 161
True Labels - 1s: 193, 0s: 168
Client 2 of 5: Local Epoch [2/3] Loss: 0.3922, Accuracy: 84.21 %
Predictions - 1s: 204, 0s: 157
True Labels - 1s: 191, 0s: 170
Client 1 of 5: Local Epoch [2/3] Loss: 0.3953, Accuracy: 84.76 %
Predictions - 1s: 199, 0s: 162
True Labels - 1s: 191, 0s: 170
Client 3 of 5: Local Epoch [2/3] Loss: 0.3962, Accuracy: 82.83 %
Predictions - 1s: 199, 0s: 163
True Labels - 1s: 193, 0s: 169
Client 5 of 5: Local Epoch [3/3] Loss: 0.3866, Accuracy: 83.98 %
Predictions - 1s: 183, 0s: 178
True Labels - 1s: 184, 0s: 177
Client 4 of 5: Local Epoch [3/3] Loss: 0.3419, Accuracy: 86.43 %
Predictions - 1s: 194, 0s: 167
True Labels - 1s: 193, 0s: 168
Client 2 of 5: Local Epoch [3/3] Loss: 0.3142, Accuracy: 86.43 %
Predictions - 1s: 185, 0s: 176
True Labels - 1s: 191, 0s: 170
Client 1 of 5: Local Epoch [3/3] Loss: 0.3255, Accuracy: 86.15 %
Predictions - 1s: 187, 0s: 174
True Labels - 1s: 191, 0s: 170
Client 3 of 5: Local Epoch [3/3] Loss: 0.3075, Accuracy: 87.26 %
-------------------------------
Round [1/4] Average Local Loss: 0.3351, Average Local Accuracy: 86.05 %
-------------------------------
-------- Validation --------
Predictions - 1s: 213, 0s: 239
True Labels - 1s: 233, 0s: 219
Round [1/4] Global Model Validation Loss: 0.4064, Validation Accuracy: 80.97 %
-------- Validation finished --------
Updated best model in round 1 saved with Validation Loss: 0.4064 and Validation Accuracy: 80.97 %
-------------------------------

Round 2 of 4
-------------------------------
Predictions - 1s: 200, 0s: 162
True Labels - 1s: 193, 0s: 169
Client 5 of 5: Local Epoch [1/3] Loss: 0.4210, Accuracy: 83.15 %
Predictions - 1s: 195, 0s: 166
True Labels - 1s: 191, 0s: 170
Client 1 of 5: Local Epoch [1/3] Loss: 0.3657, Accuracy: 82.83 %
Predictions - 1s: 193, 0s: 168
Predictions - 1s: 187, 0s: 174
True Labels - 1s: 191, 0s: 170
Predictions - 1s: 192, 0s: 169
True Labels - 1s: 184, 0s: 177
Client 4 of 5: Local Epoch [1/3] Loss: 0.3731, Accuracy: 84.76 %
Client 3 of 5: Local Epoch [1/3] Loss: 0.3678, Accuracy: 83.93 %
True Labels - 1s: 193, 0s: 168
Client 2 of 5: Local Epoch [1/3] Loss: 0.3645, Accuracy: 86.43 %
Predictions - 1s: 198, 0s: 164
True Labels - 1s: 193, 0s: 169
Client 5 of 5: Local Epoch [2/3] Loss: 0.3168, Accuracy: 87.57 %
Predictions - 1s: 192, 0s: 169
True Labels - 1s: 191, 0s: 170
Client 1 of 5: Local Epoch [2/3] Loss: 0.2843, Accuracy: 88.09 %
Predictions - 1s: 191, 0s: 170
True Labels - 1s: 191, 0s: 170
Client 3 of 5: Local Epoch [2/3] Loss: 0.2732, Accuracy: 91.14 %
Predictions - 1s: 196, 0s: 165
True Labels - 1s: 193, 0s: 168
Client 2 of 5: Local Epoch [2/3] Loss: 0.2703, Accuracy: 87.53 %
Predictions - 1s: 195, 0s: 166
True Labels - 1s: 184, 0s: 177
Client 4 of 5: Local Epoch [2/3] Loss: 0.3184, Accuracy: 86.98 %
Predictions - 1s: 202, 0s: 160
True Labels - 1s: 193, 0s: 169
Client 5 of 5: Local Epoch [3/3] Loss: 0.2743, Accuracy: 89.23 %
Predictions - 1s: 193, 0s: 168
Predictions - 1s: 196, 0s: 165
True Labels - 1s: 191, 0s: 170
True Labels - 1s: 191, 0s: 170
Client 3 of 5: Local Epoch [3/3] Loss: 0.2321, Accuracy: 91.69 %
Client 1 of 5: Local Epoch [3/3] Loss: 0.2372, Accuracy: 91.41 %
Predictions - 1s: 196, 0s: 165
True Labels - 1s: 193, 0s: 168
Client 2 of 5: Local Epoch [3/3] Loss: 0.2117, Accuracy: 92.52 %
Predictions - 1s: 181, 0s: 180
True Labels - 1s: 184, 0s: 177
Client 4 of 5: Local Epoch [3/3] Loss: 0.2650, Accuracy: 90.30 %
-------------------------------
Round [2/4] Average Local Loss: 0.2441, Average Local Accuracy: 91.03 %
-------------------------------
-------- Validation --------
Predictions - 1s: 215, 0s: 237
True Labels - 1s: 233, 0s: 219
Round [2/4] Global Model Validation Loss: 0.3633, Validation Accuracy: 84.07 %
-------- Validation finished --------
Updated best model in round 2 saved with Validation Loss: 0.3633 and Validation Accuracy: 84.07 %
-------------------------------

Round 3 of 4
-------------------------------
Predictions - 1s: 196, 0s: 165
True Labels - 1s: 191, 0s: 170
Client 3 of 5: Local Epoch [1/3] Loss: 0.3140, Accuracy: 85.87 %
Predictions - 1s: 198, 0s: 163
True Labels - 1s: 191, 0s: 170
Client 1 of 5: Local Epoch [1/3] Loss: 0.2889, Accuracy: 86.43 %
Predictions - 1s: 184, 0s: 177
True Labels - 1s: 184, 0s: 177
Client 4 of 5: Local Epoch [1/3] Loss: 0.3140, Accuracy: 87.81 %
Predictions - 1s: 202, 0s: 159
True Labels - 1s: 193, 0s: 168
Client 2 of 5: Local Epoch [1/3] Loss: 0.2676, Accuracy: 89.20 %
Predictions - 1s: 202, 0s: 160
True Labels - 1s: 193, 0s: 169
Client 5 of 5: Local Epoch [1/3] Loss: 0.3530, Accuracy: 84.81 %
Predictions - 1s: 192, 0s: 169
True Labels - 1s: 191, 0s: 170
Client 3 of 5: Local Epoch [2/3] Loss: 0.2214, Accuracy: 90.86 %
Predictions - 1s: 192, 0s: 169
True Labels - 1s: 184, 0s: 177
Client 4 of 5: Local Epoch [2/3] Loss: 0.2638, Accuracy: 89.47 %
Predictions - 1s: 192, 0s: 169
True Labels - 1s: 191, 0s: 170
Client 1 of 5: Local Epoch [2/3] Loss: 0.2165, Accuracy: 93.07 %
Predictions - 1s: 194, 0s: 167
True Labels - 1s: 193, 0s: 168
Client 2 of 5: Local Epoch [2/3] Loss: 0.2150, Accuracy: 90.30 %
Predictions - 1s: 196, 0s: 166
True Labels - 1s: 193, 0s: 169
Client 5 of 5: Local Epoch [2/3] Loss: 0.2654, Accuracy: 90.33 %
Predictions - 1s: 188, 0s: 173
True Labels - 1s: 191, 0s: 170
Client 3 of 5: Local Epoch [3/3] Loss: 0.1857, Accuracy: 93.63 %
Predictions - 1s: 191, 0s: 170
True Labels - 1s: 184, 0s: 177
Client 4 of 5: Local Epoch [3/3] Loss: 0.1984, Accuracy: 93.07 %
Predictions - 1s: 193, 0s: 168
True Labels - 1s: 191, 0s: 170
Client 1 of 5: Local Epoch [3/3] Loss: 0.1945, Accuracy: 93.35 %
Predictions - 1s: 200, 0s: 161
True Labels - 1s: 193, 0s: 168
Client 2 of 5: Local Epoch [3/3] Loss: 0.1715, Accuracy: 93.63 %
Predictions - 1s: 203, 0s: 159
True Labels - 1s: 193, 0s: 169
Client 5 of 5: Local Epoch [3/3] Loss: 0.2125, Accuracy: 92.82 %
-------------------------------
Round [3/4] Average Local Loss: 0.1925, Average Local Accuracy: 93.30 %
-------------------------------
-------- Validation --------
Predictions - 1s: 225, 0s: 227
True Labels - 1s: 233, 0s: 219
Round [3/4] Global Model Validation Loss: 0.3475, Validation Accuracy: 85.40 %
-------- Validation finished --------
Updated best model in round 3 saved with Validation Loss: 0.3475 and Validation Accuracy: 85.40 %
-------------------------------

Round 4 of 4
-------------------------------
Predictions - 1s: 189, 0s: 172
True Labels - 1s: 191, 0s: 170
Client 3 of 5: Local Epoch [1/3] Loss: 0.2678, Accuracy: 88.37 %
Predictions - 1s: 188, 0s: 173
True Labels - 1s: 184, 0s: 177
Client 4 of 5: Local Epoch [1/3] Loss: 0.2757, Accuracy: 87.81 %
Predictions - 1s: 203, 0s: 158
True Labels - 1s: 193, 0s: 168
Client 2 of 5: Local Epoch [1/3] Loss: 0.2490, Accuracy: 89.47 %
Predictions - 1s: 191, 0s: 170
True Labels - 1s: 191, 0s: 170
Client 1 of 5: Local Epoch [1/3] Loss: 0.2843, Accuracy: 89.47 %
Predictions - 1s: 207, 0s: 155
True Labels - 1s: 193, 0s: 169
Client 5 of 5: Local Epoch [1/3] Loss: 0.3129, Accuracy: 86.74 %
Predictions - 1s: 199, 0s: 162
True Labels - 1s: 191, 0s: 170
Client 3 of 5: Local Epoch [2/3] Loss: 0.1900, Accuracy: 93.35 %
Predictions - 1s: 196, 0s: 165
True Labels - 1s: 193, 0s: 168
Client 2 of 5: Local Epoch [2/3] Loss: 0.1695, Accuracy: 93.07 %
Predictions - 1s: 202, 0s: 160
True Labels - 1s: 193, 0s: 169
Client 5 of 5: Local Epoch [2/3] Loss: 0.2322, Accuracy: 91.99 %
Predictions - 1s: 191, 0s: 170
True Labels - 1s: 184, 0s: 177
Client 4 of 5: Local Epoch [2/3] Loss: 0.1937, Accuracy: 93.07 %
Predictions - 1s: 198, 0s: 163
True Labels - 1s: 191, 0s: 170
Client 1 of 5: Local Epoch [2/3] Loss: 0.2076, Accuracy: 92.52 %
Predictions - 1s: 192, 0s: 169
True Labels - 1s: 191, 0s: 170
Client 3 of 5: Local Epoch [3/3] Loss: 0.1766, Accuracy: 93.63 %
Predictions - 1s: 198, 0s: 163
True Labels - 1s: 193, 0s: 168
Client 2 of 5: Local Epoch [3/3] Loss: 0.1303, Accuracy: 95.84 %
Predictions - 1s: 202, 0s: 160
True Labels - 1s: 193, 0s: 169
Client 5 of 5: Local Epoch [3/3] Loss: 0.1820, Accuracy: 92.54 %
Predictions - 1s: 195, 0s: 166
True Labels - 1s: 191, 0s: 170
Client 1 of 5: Local Epoch [3/3] Loss: 0.1471, Accuracy: 95.57 %
Predictions - 1s: 189, 0s: 172
True Labels - 1s: 184, 0s: 177
Client 4 of 5: Local Epoch [3/3] Loss: 0.1607, Accuracy: 94.74 %
-------------------------------
Round [4/4] Average Local Loss: 0.1594, Average Local Accuracy: 94.46 %
-------------------------------
-------- Validation --------
Predictions - 1s: 224, 0s: 228
True Labels - 1s: 233, 0s: 219
Round [4/4] Global Model Validation Loss: 0.3389, Validation Accuracy: 85.62 %
-------- Validation finished --------
Updated best model in round 4 saved with Validation Loss: 0.3389 and Validation Accuracy: 85.62 %
-------------------------------
Best model in round 4 saved with Validation Loss: 0.3389 and Validation Accuracy: 85.62 %

-------- Training finished in 1:44 --------

Test flag enabled. Testing the model

-------- Loading best model from model_path --------
Loaded model bert-small from date 20-04-2024 00:24. Trained with Federated Learning technology.
Round 4, lr: 6e-05, optimizer: AdamW
Average train accuracy: 94.46 %, Validation accuracy: 85.62 %
-------- Best model loaded --------

-------- Creating Test Dataloader --------
Test Loader: 564 total sentences. 71 batches of size 8.
-------- Test Dataloader created --------

-------- Testing --------
Predictions - 1s: 274, 0s: 290
True Labels - 1s: 296, 0s: 268
Nº of test samples: 564
Accuracy: 87.23%
Accuracy 2 : 87.23%
Precision: 87.33%
Recall: 87.40%
F1 Score: 87.23%
Classification report:
              precision    recall  f1-score   support

           0     0.8379    0.9067    0.8710       268
           1     0.9088    0.8412    0.8737       296

    accuracy                         0.8723       564
   macro avg     0.8733    0.8740    0.8723       564
weighted avg     0.8751    0.8723    0.8724       564

-------- Testing finished --------
