Current configuration:
{
    "concurrency_flag": true,
    "data_distribution": "iid",
    "dataset": "mixed_depression",
    "device": "cuda",
    "dp_delta": 0.003,
    "dp_epsilon": 0.0,
    "eval_batch_size": 4,
    "eval_flag": true,
    "eval_size": 0.2,
    "fed_alg": "fedavg",
    "layers": 3,
    "learning_rate": 6e-05,
    "max_length": 512,
    "ml_mode": "ml",
    "model": "bert_medium",
    "model_name": "ml_medium_seed7_mixed_depression",
    "models_path": "/local/vpaloma/fabric-federated-learning/ablation_study/phase-4/final/accs-times/mixed_depression/",
    "mu": 0.5,
    "num_clients": 5,
    "num_epochs": 12,
    "num_rounds": 4,
    "optimizer": "AdamW",
    "progress_bar_flag": false,
    "save_model": true,
    "scheduler": "linear",
    "scheduler_warmup_steps": 0,
    "seed": "random",
    "test_flag": true,
    "train_batch_size": 4,
    "train_size": 0.8
}
-------- Configuration loaded --------

-------- Setting device --------
cuda device selected and available.
-------- Device set --------

-------- Setting seed --------
seed set:  599129
-------- Seed set --------

-------- Creating Model --------
-------- Model created --------

-------- Setting Trainable Layers --------
Training the last 3 layers.

Total parameters count: 41374210
Trainable parameters count: 3416066
-------- Trainable Layers set --------

-------- Creating Tokenizer --------
-------- Tokenizer created --------

-------- Creating Train and Eval Dataloaders --------
Train Loader: 1806 total sentences. 452 batches of size 4.
Eval Loader: 452 total sentences. 113 batches of size 4.
-------- Train and Eval Dataloaders created --------

-------- Creating Optimizer --------
-------- Optimizer created --------

-------- Creating Scheduler --------
-------- Scheduler created --------

-------- Training --------
Training with Centralised Machine Learning technology.
Training without differential privacy.
Concurrency flag is set to True, but ml mode is selected. Concurrency flag will be ignored.
Epoch [1/12], Step [100/452], Loss: 0.5537, Accuracy: 75.50 %
Epoch [1/12], Step [200/452], Loss: 0.4654, Accuracy: 80.38 %
Epoch [1/12], Step [300/452], Loss: 0.4315, Accuracy: 81.83 %
Epoch [1/12], Step [400/452], Loss: 0.4178, Accuracy: 82.69 %
Predictions - 1s: 964, 0s: 842
True Labels - 1s: 948, 0s: 858
-------------------------------
Epoch [1/12] Loss: 0.4047, Accuracy: 83.50 %
-------------------------------
-------- Validation --------
Predictions - 1s: 205, 0s: 247
True Labels - 1s: 237, 0s: 215
Validation Loss: 0.3656, Validation Accuracy: 84.07 %
-------- Validation finished --------
Updated best model in epoch 1 saved with Validation Loss: 0.3656 and Validation Accuracy: 84.07 %
-------------------------------
Epoch [2/12], Step [100/452], Loss: 0.3149, Accuracy: 87.50 %
Epoch [2/12], Step [200/452], Loss: 0.3090, Accuracy: 87.50 %
Epoch [2/12], Step [300/452], Loss: 0.3074, Accuracy: 87.17 %
Epoch [2/12], Step [400/452], Loss: 0.2895, Accuracy: 88.06 %
Predictions - 1s: 981, 0s: 825
True Labels - 1s: 948, 0s: 858
-------------------------------
Epoch [2/12] Loss: 0.2870, Accuracy: 88.32 %
-------------------------------
-------- Validation --------
Predictions - 1s: 244, 0s: 208
True Labels - 1s: 237, 0s: 215
Validation Loss: 0.2989, Validation Accuracy: 86.50 %
-------- Validation finished --------
Updated best model in epoch 2 saved with Validation Loss: 0.2989 and Validation Accuracy: 86.50 %
-------------------------------
Epoch [3/12], Step [100/452], Loss: 0.1880, Accuracy: 93.25 %
Epoch [3/12], Step [200/452], Loss: 0.2011, Accuracy: 92.00 %
Epoch [3/12], Step [300/452], Loss: 0.2016, Accuracy: 91.92 %
Epoch [3/12], Step [400/452], Loss: 0.2112, Accuracy: 91.88 %
Predictions - 1s: 978, 0s: 828
True Labels - 1s: 948, 0s: 858
-------------------------------
Epoch [3/12] Loss: 0.2161, Accuracy: 91.58 %
-------------------------------
-------- Validation --------
Predictions - 1s: 225, 0s: 227
True Labels - 1s: 237, 0s: 215
Validation Loss: 0.3164, Validation Accuracy: 86.28 %
-------- Validation finished --------
Epoch [4/12], Step [100/452], Loss: 0.1860, Accuracy: 94.00 %
Epoch [4/12], Step [200/452], Loss: 0.1591, Accuracy: 94.25 %
Epoch [4/12], Step [300/452], Loss: 0.1569, Accuracy: 94.08 %
Epoch [4/12], Step [400/452], Loss: 0.1657, Accuracy: 93.88 %
Predictions - 1s: 975, 0s: 831
True Labels - 1s: 948, 0s: 858
-------------------------------
Epoch [4/12] Loss: 0.1681, Accuracy: 93.74 %
-------------------------------
-------- Validation --------
Predictions - 1s: 248, 0s: 204
True Labels - 1s: 237, 0s: 215
Validation Loss: 0.2927, Validation Accuracy: 87.83 %
-------- Validation finished --------
Updated best model in epoch 4 saved with Validation Loss: 0.2927 and Validation Accuracy: 87.83 %
-------------------------------
Epoch [5/12], Step [100/452], Loss: 0.1261, Accuracy: 95.00 %
Epoch [5/12], Step [200/452], Loss: 0.1261, Accuracy: 95.12 %
Epoch [5/12], Step [300/452], Loss: 0.1188, Accuracy: 95.33 %
Epoch [5/12], Step [400/452], Loss: 0.1362, Accuracy: 95.00 %
Predictions - 1s: 978, 0s: 828
True Labels - 1s: 948, 0s: 858
-------------------------------
Epoch [5/12] Loss: 0.1365, Accuracy: 94.91 %
-------------------------------
-------- Validation --------
Predictions - 1s: 233, 0s: 219
True Labels - 1s: 237, 0s: 215
Validation Loss: 0.3388, Validation Accuracy: 85.84 %
-------- Validation finished --------
Epoch [6/12], Step [100/452], Loss: 0.0820, Accuracy: 97.00 %
Epoch [6/12], Step [200/452], Loss: 0.0865, Accuracy: 96.88 %
Epoch [6/12], Step [300/452], Loss: 0.0914, Accuracy: 96.75 %
Epoch [6/12], Step [400/452], Loss: 0.0969, Accuracy: 96.75 %
Predictions - 1s: 972, 0s: 834
True Labels - 1s: 948, 0s: 858
-------------------------------
Epoch [6/12] Loss: 0.0951, Accuracy: 96.68 %
-------------------------------
-------- Validation --------
Predictions - 1s: 204, 0s: 248
True Labels - 1s: 237, 0s: 215
Validation Loss: 0.4149, Validation Accuracy: 86.95 %
-------- Validation finished --------
Epoch [7/12], Step [100/452], Loss: 0.0491, Accuracy: 98.25 %
Epoch [7/12], Step [200/452], Loss: 0.0675, Accuracy: 97.62 %
Epoch [7/12], Step [300/452], Loss: 0.0686, Accuracy: 97.50 %
Epoch [7/12], Step [400/452], Loss: 0.0669, Accuracy: 97.69 %
Predictions - 1s: 958, 0s: 848
True Labels - 1s: 948, 0s: 858
-------------------------------
Epoch [7/12] Loss: 0.0708, Accuracy: 97.45 %
-------------------------------
-------- Validation --------
Predictions - 1s: 221, 0s: 231
True Labels - 1s: 237, 0s: 215
Validation Loss: 0.3890, Validation Accuracy: 87.17 %
-------- Validation finished --------
Epoch [8/12], Step [100/452], Loss: 0.0554, Accuracy: 98.25 %
Epoch [8/12], Step [200/452], Loss: 0.0516, Accuracy: 98.50 %
Epoch [8/12], Step [300/452], Loss: 0.0553, Accuracy: 98.33 %
Epoch [8/12], Step [400/452], Loss: 0.0507, Accuracy: 98.31 %
Predictions - 1s: 966, 0s: 840
True Labels - 1s: 948, 0s: 858
-------------------------------
Epoch [8/12] Loss: 0.0570, Accuracy: 98.12 %
-------------------------------
-------- Validation --------
Predictions - 1s: 233, 0s: 219
True Labels - 1s: 237, 0s: 215
Validation Loss: 0.4016, Validation Accuracy: 87.61 %
-------- Validation finished --------
Epoch [9/12], Step [100/452], Loss: 0.0400, Accuracy: 98.50 %
Epoch [9/12], Step [200/452], Loss: 0.0400, Accuracy: 98.75 %
Epoch [9/12], Step [300/452], Loss: 0.0384, Accuracy: 98.75 %
Epoch [9/12], Step [400/452], Loss: 0.0399, Accuracy: 98.56 %
Predictions - 1s: 952, 0s: 854
True Labels - 1s: 948, 0s: 858
-------------------------------
Epoch [9/12] Loss: 0.0402, Accuracy: 98.56 %
-------------------------------
-------- Validation --------
Predictions - 1s: 223, 0s: 229
True Labels - 1s: 237, 0s: 215
Validation Loss: 0.4752, Validation Accuracy: 86.73 %
-------- Validation finished --------
Epoch [10/12], Step [100/452], Loss: 0.0423, Accuracy: 98.25 %
Epoch [10/12], Step [200/452], Loss: 0.0340, Accuracy: 98.75 %
Epoch [10/12], Step [300/452], Loss: 0.0327, Accuracy: 98.75 %
Epoch [10/12], Step [400/452], Loss: 0.0326, Accuracy: 98.81 %
Predictions - 1s: 957, 0s: 849
True Labels - 1s: 948, 0s: 858
-------------------------------
Epoch [10/12] Loss: 0.0347, Accuracy: 98.73 %
-------------------------------
-------- Validation --------
Predictions - 1s: 234, 0s: 218
True Labels - 1s: 237, 0s: 215
Validation Loss: 0.4751, Validation Accuracy: 87.83 %
-------- Validation finished --------
Epoch [11/12], Step [100/452], Loss: 0.0275, Accuracy: 99.25 %
Epoch [11/12], Step [200/452], Loss: 0.0269, Accuracy: 99.12 %
Epoch [11/12], Step [300/452], Loss: 0.0310, Accuracy: 99.00 %
Epoch [11/12], Step [400/452], Loss: 0.0313, Accuracy: 98.94 %
Predictions - 1s: 956, 0s: 850
True Labels - 1s: 948, 0s: 858
-------------------------------
Epoch [11/12] Loss: 0.0296, Accuracy: 99.00 %
-------------------------------
-------- Validation --------
Predictions - 1s: 226, 0s: 226
True Labels - 1s: 237, 0s: 215
Validation Loss: 0.4763, Validation Accuracy: 87.83 %
-------- Validation finished --------
Epoch [12/12], Step [100/452], Loss: 0.0325, Accuracy: 99.00 %
Epoch [12/12], Step [200/452], Loss: 0.0306, Accuracy: 98.88 %
Epoch [12/12], Step [300/452], Loss: 0.0255, Accuracy: 99.17 %
Epoch [12/12], Step [400/452], Loss: 0.0228, Accuracy: 99.31 %
Predictions - 1s: 955, 0s: 851
True Labels - 1s: 948, 0s: 858
-------------------------------
Epoch [12/12] Loss: 0.0245, Accuracy: 99.28 %
-------------------------------
-------- Validation --------
Predictions - 1s: 225, 0s: 227
True Labels - 1s: 237, 0s: 215
Validation Loss: 0.4744, Validation Accuracy: 87.61 %
-------- Validation finished --------
Best model in epoch 4 saved with with Validation Loss: 0.2927 and Validation Accuracy: 87.83 %

-------- Training finished in 2:24 --------

Test flag enabled. Testing the model

-------- Loading best model from model_path --------
Loaded model bert-medium from date 20-04-2024 03:41. Trained with Centralised Machine Learning technology.
Epoch 4, lr: 6e-05, optimizer: AdamW
Train accuracy: 93.74 %, Validation accuracy: 87.83 %
-------- Best model loaded --------

-------- Creating Test Dataloader --------
Test Loader: 564 total sentences. 71 batches of size 8.
-------- Test Dataloader created --------

-------- Testing --------
Predictions - 1s: 297, 0s: 267
True Labels - 1s: 296, 0s: 268
Nº of test samples: 564
Accuracy: 88.83%
Accuracy 2 : 88.83%
Precision: 88.81%
Recall: 88.79%
F1 Score: 88.80%
Classification report:
              precision    recall  f1-score   support

           0     0.8839    0.8806    0.8822       268
           1     0.8923    0.8953    0.8938       296

    accuracy                         0.8883       564
   macro avg     0.8881    0.8879    0.8880       564
weighted avg     0.8883    0.8883    0.8883       564

-------- Testing finished --------
