Current configuration:
{
    "concurrency_flag": true,
    "data_distribution": "iid",
    "dataset": "mixed_depression",
    "device": "cuda",
    "dp_delta": 0.003,
    "dp_epsilon": 0.0,
    "eval_batch_size": 4,
    "eval_flag": true,
    "eval_size": 0.2,
    "fed_alg": "fedavg",
    "layers": 3,
    "learning_rate": 6e-05,
    "max_length": 512,
    "ml_mode": "ml",
    "model": "bert_mini",
    "model_name": "ml_mini_seed4_mixed_depression",
    "models_path": "/local/vpaloma/fabric-federated-learning/ablation_study/phase-4/final/accs-times/mixed_depression/",
    "mu": 0.5,
    "num_clients": 5,
    "num_epochs": 12,
    "num_rounds": 4,
    "optimizer": "AdamW",
    "progress_bar_flag": false,
    "save_model": true,
    "scheduler": "linear",
    "scheduler_warmup_steps": 0,
    "seed": "random",
    "test_flag": true,
    "train_batch_size": 4,
    "train_size": 0.8
}
-------- Configuration loaded --------

-------- Setting device --------
cuda device selected and available.
-------- Device set --------

-------- Setting seed --------
seed set:  495968
-------- Seed set --------

-------- Creating Model --------
-------- Model created --------

-------- Setting Trainable Layers --------
Training the last 3 layers.

Total parameters count: 11171074
Trainable parameters count: 856066
-------- Trainable Layers set --------

-------- Creating Tokenizer --------
-------- Tokenizer created --------

-------- Creating Train and Eval Dataloaders --------
Train Loader: 1806 total sentences. 452 batches of size 4.
Eval Loader: 452 total sentences. 113 batches of size 4.
-------- Train and Eval Dataloaders created --------

-------- Creating Optimizer --------
-------- Optimizer created --------

-------- Creating Scheduler --------
-------- Scheduler created --------

-------- Training --------
Training with Centralised Machine Learning technology.
Training without differential privacy.
Concurrency flag is set to True, but ml mode is selected. Concurrency flag will be ignored.
Epoch [1/12], Step [100/452], Loss: 0.6447, Accuracy: 65.00 %
Epoch [1/12], Step [200/452], Loss: 0.5914, Accuracy: 69.12 %
Epoch [1/12], Step [300/452], Loss: 0.5611, Accuracy: 71.58 %
Epoch [1/12], Step [400/452], Loss: 0.5272, Accuracy: 73.94 %
Predictions - 1s: 966, 0s: 840
True Labels - 1s: 939, 0s: 867
-------------------------------
Epoch [1/12] Loss: 0.5067, Accuracy: 75.14 %
-------------------------------
-------- Validation --------
Predictions - 1s: 269, 0s: 183
True Labels - 1s: 246, 0s: 206
Validation Loss: 0.3364, Validation Accuracy: 88.27 %
-------- Validation finished --------
Updated best model in epoch 1 saved with Validation Loss: 0.3364 and Validation Accuracy: 88.27 %
-------------------------------
Epoch [2/12], Step [100/452], Loss: 0.4134, Accuracy: 83.00 %
Epoch [2/12], Step [200/452], Loss: 0.3778, Accuracy: 84.50 %
Epoch [2/12], Step [300/452], Loss: 0.3637, Accuracy: 84.75 %
Epoch [2/12], Step [400/452], Loss: 0.3597, Accuracy: 84.75 %
Predictions - 1s: 956, 0s: 850
True Labels - 1s: 939, 0s: 867
-------------------------------
Epoch [2/12] Loss: 0.3487, Accuracy: 85.33 %
-------------------------------
-------- Validation --------
Predictions - 1s: 244, 0s: 208
True Labels - 1s: 246, 0s: 206
Validation Loss: 0.3012, Validation Accuracy: 88.50 %
-------- Validation finished --------
Updated best model in epoch 2 saved with Validation Loss: 0.3012 and Validation Accuracy: 88.50 %
-------------------------------
Epoch [3/12], Step [100/452], Loss: 0.2985, Accuracy: 87.75 %
Epoch [3/12], Step [200/452], Loss: 0.3134, Accuracy: 87.25 %
Epoch [3/12], Step [300/452], Loss: 0.3138, Accuracy: 87.17 %
Epoch [3/12], Step [400/452], Loss: 0.3163, Accuracy: 87.00 %
Predictions - 1s: 951, 0s: 855
True Labels - 1s: 939, 0s: 867
-------------------------------
Epoch [3/12] Loss: 0.3078, Accuracy: 87.26 %
-------------------------------
-------- Validation --------
Predictions - 1s: 243, 0s: 209
True Labels - 1s: 246, 0s: 206
Validation Loss: 0.2979, Validation Accuracy: 88.27 %
-------- Validation finished --------
Updated best model in epoch 3 saved with Validation Loss: 0.2979 and Validation Accuracy: 88.27 %
-------------------------------
Epoch [4/12], Step [100/452], Loss: 0.2526, Accuracy: 91.75 %
Epoch [4/12], Step [200/452], Loss: 0.2519, Accuracy: 91.50 %
Epoch [4/12], Step [300/452], Loss: 0.2767, Accuracy: 89.92 %
Epoch [4/12], Step [400/452], Loss: 0.2710, Accuracy: 89.94 %
Predictions - 1s: 957, 0s: 849
True Labels - 1s: 939, 0s: 867
-------------------------------
Epoch [4/12] Loss: 0.2686, Accuracy: 90.14 %
-------------------------------
-------- Validation --------
Predictions - 1s: 270, 0s: 182
True Labels - 1s: 246, 0s: 206
Validation Loss: 0.3017, Validation Accuracy: 88.94 %
-------- Validation finished --------
Epoch [5/12], Step [100/452], Loss: 0.2284, Accuracy: 90.00 %
Epoch [5/12], Step [200/452], Loss: 0.2203, Accuracy: 90.62 %
Epoch [5/12], Step [300/452], Loss: 0.2334, Accuracy: 90.67 %
Epoch [5/12], Step [400/452], Loss: 0.2483, Accuracy: 90.25 %
Predictions - 1s: 955, 0s: 851
True Labels - 1s: 939, 0s: 867
-------------------------------
Epoch [5/12] Loss: 0.2440, Accuracy: 90.48 %
-------------------------------
-------- Validation --------
Predictions - 1s: 266, 0s: 186
True Labels - 1s: 246, 0s: 206
Validation Loss: 0.2902, Validation Accuracy: 89.82 %
-------- Validation finished --------
Updated best model in epoch 5 saved with Validation Loss: 0.2902 and Validation Accuracy: 89.82 %
-------------------------------
Epoch [6/12], Step [100/452], Loss: 0.2114, Accuracy: 91.00 %
Epoch [6/12], Step [200/452], Loss: 0.2315, Accuracy: 90.50 %
Epoch [6/12], Step [300/452], Loss: 0.2254, Accuracy: 90.92 %
Epoch [6/12], Step [400/452], Loss: 0.2230, Accuracy: 91.25 %
Predictions - 1s: 956, 0s: 850
True Labels - 1s: 939, 0s: 867
-------------------------------
Epoch [6/12] Loss: 0.2266, Accuracy: 91.20 %
-------------------------------
-------- Validation --------
Predictions - 1s: 258, 0s: 194
True Labels - 1s: 246, 0s: 206
Validation Loss: 0.2959, Validation Accuracy: 89.82 %
-------- Validation finished --------
Epoch [7/12], Step [100/452], Loss: 0.1982, Accuracy: 93.00 %
Epoch [7/12], Step [200/452], Loss: 0.2080, Accuracy: 92.00 %
Epoch [7/12], Step [300/452], Loss: 0.2020, Accuracy: 92.58 %
Epoch [7/12], Step [400/452], Loss: 0.2077, Accuracy: 92.31 %
Predictions - 1s: 957, 0s: 849
True Labels - 1s: 939, 0s: 867
-------------------------------
Epoch [7/12] Loss: 0.2093, Accuracy: 92.25 %
-------------------------------
-------- Validation --------
Predictions - 1s: 237, 0s: 215
True Labels - 1s: 246, 0s: 206
Validation Loss: 0.3098, Validation Accuracy: 86.95 %
-------- Validation finished --------
Epoch [8/12], Step [100/452], Loss: 0.2074, Accuracy: 92.50 %
Epoch [8/12], Step [200/452], Loss: 0.2028, Accuracy: 91.50 %
Epoch [8/12], Step [300/452], Loss: 0.1928, Accuracy: 92.50 %
Epoch [8/12], Step [400/452], Loss: 0.1942, Accuracy: 92.62 %
Predictions - 1s: 941, 0s: 865
True Labels - 1s: 939, 0s: 867
-------------------------------
Epoch [8/12] Loss: 0.1911, Accuracy: 92.58 %
-------------------------------
-------- Validation --------
Predictions - 1s: 244, 0s: 208
True Labels - 1s: 246, 0s: 206
Validation Loss: 0.3099, Validation Accuracy: 87.61 %
-------- Validation finished --------
Epoch [9/12], Step [100/452], Loss: 0.1763, Accuracy: 94.25 %
Epoch [9/12], Step [200/452], Loss: 0.1857, Accuracy: 93.12 %
Epoch [9/12], Step [300/452], Loss: 0.1850, Accuracy: 93.08 %
Epoch [9/12], Step [400/452], Loss: 0.1774, Accuracy: 93.12 %
Predictions - 1s: 956, 0s: 850
True Labels - 1s: 939, 0s: 867
-------------------------------
Epoch [9/12] Loss: 0.1849, Accuracy: 92.97 %
-------------------------------
-------- Validation --------
Predictions - 1s: 240, 0s: 212
True Labels - 1s: 246, 0s: 206
Validation Loss: 0.3185, Validation Accuracy: 86.73 %
-------- Validation finished --------
Epoch [10/12], Step [100/452], Loss: 0.1271, Accuracy: 94.75 %
Epoch [10/12], Step [200/452], Loss: 0.1537, Accuracy: 93.75 %
Epoch [10/12], Step [300/452], Loss: 0.1554, Accuracy: 93.58 %
Epoch [10/12], Step [400/452], Loss: 0.1653, Accuracy: 93.56 %
Predictions - 1s: 959, 0s: 847
True Labels - 1s: 939, 0s: 867
-------------------------------
Epoch [10/12] Loss: 0.1657, Accuracy: 93.47 %
-------------------------------
-------- Validation --------
Predictions - 1s: 250, 0s: 202
True Labels - 1s: 246, 0s: 206
Validation Loss: 0.3163, Validation Accuracy: 87.61 %
-------- Validation finished --------
Epoch [11/12], Step [100/452], Loss: 0.1662, Accuracy: 94.50 %
Epoch [11/12], Step [200/452], Loss: 0.1651, Accuracy: 93.88 %
Epoch [11/12], Step [300/452], Loss: 0.1720, Accuracy: 93.42 %
Epoch [11/12], Step [400/452], Loss: 0.1715, Accuracy: 93.50 %
Predictions - 1s: 947, 0s: 859
True Labels - 1s: 939, 0s: 867
-------------------------------
Epoch [11/12] Loss: 0.1725, Accuracy: 93.58 %
-------------------------------
-------- Validation --------
Predictions - 1s: 241, 0s: 211
True Labels - 1s: 246, 0s: 206
Validation Loss: 0.3224, Validation Accuracy: 86.95 %
-------- Validation finished --------
Epoch [12/12], Step [100/452], Loss: 0.1188, Accuracy: 96.25 %
Epoch [12/12], Step [200/452], Loss: 0.1334, Accuracy: 95.50 %
Epoch [12/12], Step [300/452], Loss: 0.1565, Accuracy: 94.08 %
Epoch [12/12], Step [400/452], Loss: 0.1665, Accuracy: 93.38 %
Predictions - 1s: 956, 0s: 850
True Labels - 1s: 939, 0s: 867
-------------------------------
Epoch [12/12] Loss: 0.1662, Accuracy: 93.41 %
-------------------------------
-------- Validation --------
Predictions - 1s: 240, 0s: 212
True Labels - 1s: 246, 0s: 206
Validation Loss: 0.3256, Validation Accuracy: 86.73 %
-------- Validation finished --------
Best model in epoch 5 saved with with Validation Loss: 0.2902 and Validation Accuracy: 89.82 %

-------- Training finished in 1:25 --------

Test flag enabled. Testing the model

-------- Loading best model from model_path --------
Loaded model bert-mini from date 20-04-2024 04:52. Trained with Centralised Machine Learning technology.
Epoch 5, lr: 6e-05, optimizer: AdamW
Train accuracy: 90.48 %, Validation accuracy: 89.82 %
-------- Best model loaded --------

-------- Creating Test Dataloader --------
Test Loader: 564 total sentences. 71 batches of size 8.
-------- Test Dataloader created --------

-------- Testing --------
Predictions - 1s: 296, 0s: 268
True Labels - 1s: 296, 0s: 268
Nº of test samples: 564
Accuracy: 86.52%
Accuracy 2 : 86.52%
Precision: 86.49%
Recall: 86.49%
F1 Score: 86.49%
Classification report:
              precision    recall  f1-score   support

           0     0.8582    0.8582    0.8582       268
           1     0.8716    0.8716    0.8716       296

    accuracy                         0.8652       564
   macro avg     0.8649    0.8649    0.8649       564
weighted avg     0.8652    0.8652    0.8652       564

-------- Testing finished --------
