Current configuration:
{
    "concurrency_flag": true,
    "data_distribution": "iid",
    "dataset": "mixed_depression",
    "device": "cuda",
    "dp_delta": 0.003,
    "dp_epsilon": 0.0,
    "eval_batch_size": 4,
    "eval_flag": true,
    "eval_size": 0.2,
    "fed_alg": "fedavg",
    "layers": 3,
    "learning_rate": 6e-05,
    "max_length": 512,
    "ml_mode": "ml",
    "model": "bert_mini",
    "model_name": "ml_mini_seed7_mixed_depression",
    "models_path": "/local/vpaloma/fabric-federated-learning/ablation_study/phase-4/final/accs-times/mixed_depression/",
    "mu": 0.5,
    "num_clients": 5,
    "num_epochs": 12,
    "num_rounds": 4,
    "optimizer": "AdamW",
    "progress_bar_flag": false,
    "save_model": true,
    "scheduler": "linear",
    "scheduler_warmup_steps": 0,
    "seed": "random",
    "test_flag": true,
    "train_batch_size": 4,
    "train_size": 0.8
}
-------- Configuration loaded --------

-------- Setting device --------
cuda device selected and available.
-------- Device set --------

-------- Setting seed --------
seed set:  752658
-------- Seed set --------

-------- Creating Model --------
-------- Model created --------

-------- Setting Trainable Layers --------
Training the last 3 layers.

Total parameters count: 11171074
Trainable parameters count: 856066
-------- Trainable Layers set --------

-------- Creating Tokenizer --------
-------- Tokenizer created --------

-------- Creating Train and Eval Dataloaders --------
Train Loader: 1806 total sentences. 452 batches of size 4.
Eval Loader: 452 total sentences. 113 batches of size 4.
-------- Train and Eval Dataloaders created --------

-------- Creating Optimizer --------
-------- Optimizer created --------

-------- Creating Scheduler --------
-------- Scheduler created --------

-------- Training --------
Training with Centralised Machine Learning technology.
Training without differential privacy.
Concurrency flag is set to True, but ml mode is selected. Concurrency flag will be ignored.
Epoch [1/12], Step [100/452], Loss: 0.6460, Accuracy: 62.25 %
Epoch [1/12], Step [200/452], Loss: 0.5845, Accuracy: 70.50 %
Epoch [1/12], Step [300/452], Loss: 0.5340, Accuracy: 74.08 %
Epoch [1/12], Step [400/452], Loss: 0.5092, Accuracy: 75.56 %
Predictions - 1s: 1050, 0s: 756
True Labels - 1s: 966, 0s: 840
-------------------------------
Epoch [1/12] Loss: 0.4973, Accuracy: 76.30 %
-------------------------------
-------- Validation --------
Predictions - 1s: 198, 0s: 254
True Labels - 1s: 219, 0s: 233
Validation Loss: 0.3539, Validation Accuracy: 84.29 %
-------- Validation finished --------
Updated best model in epoch 1 saved with Validation Loss: 0.3539 and Validation Accuracy: 84.29 %
-------------------------------
Epoch [2/12], Step [100/452], Loss: 0.3401, Accuracy: 84.50 %
Epoch [2/12], Step [200/452], Loss: 0.3539, Accuracy: 84.38 %
Epoch [2/12], Step [300/452], Loss: 0.3573, Accuracy: 84.67 %
Epoch [2/12], Step [400/452], Loss: 0.3486, Accuracy: 85.19 %
Predictions - 1s: 1004, 0s: 802
True Labels - 1s: 966, 0s: 840
-------------------------------
Epoch [2/12] Loss: 0.3402, Accuracy: 85.83 %
-------------------------------
-------- Validation --------
Predictions - 1s: 221, 0s: 231
True Labels - 1s: 219, 0s: 233
Validation Loss: 0.3042, Validation Accuracy: 87.61 %
-------- Validation finished --------
Updated best model in epoch 2 saved with Validation Loss: 0.3042 and Validation Accuracy: 87.61 %
-------------------------------
Epoch [3/12], Step [100/452], Loss: 0.3039, Accuracy: 87.75 %
Epoch [3/12], Step [200/452], Loss: 0.3252, Accuracy: 85.88 %
Epoch [3/12], Step [300/452], Loss: 0.3123, Accuracy: 87.00 %
Epoch [3/12], Step [400/452], Loss: 0.3131, Accuracy: 86.94 %
Predictions - 1s: 1001, 0s: 805
True Labels - 1s: 966, 0s: 840
-------------------------------
Epoch [3/12] Loss: 0.3096, Accuracy: 87.21 %
-------------------------------
-------- Validation --------
Predictions - 1s: 214, 0s: 238
True Labels - 1s: 219, 0s: 233
Validation Loss: 0.2948, Validation Accuracy: 87.39 %
-------- Validation finished --------
Updated best model in epoch 3 saved with Validation Loss: 0.2948 and Validation Accuracy: 87.39 %
-------------------------------
Epoch [4/12], Step [100/452], Loss: 0.2868, Accuracy: 88.00 %
Epoch [4/12], Step [200/452], Loss: 0.2710, Accuracy: 88.62 %
Epoch [4/12], Step [300/452], Loss: 0.2845, Accuracy: 88.33 %
Epoch [4/12], Step [400/452], Loss: 0.2762, Accuracy: 88.44 %
Predictions - 1s: 998, 0s: 808
True Labels - 1s: 966, 0s: 840
-------------------------------
Epoch [4/12] Loss: 0.2733, Accuracy: 88.70 %
-------------------------------
-------- Validation --------
Predictions - 1s: 210, 0s: 242
True Labels - 1s: 219, 0s: 233
Validation Loss: 0.2969, Validation Accuracy: 86.06 %
-------- Validation finished --------
Epoch [5/12], Step [100/452], Loss: 0.2682, Accuracy: 89.75 %
Epoch [5/12], Step [200/452], Loss: 0.2623, Accuracy: 89.12 %
Epoch [5/12], Step [300/452], Loss: 0.2491, Accuracy: 89.50 %
Epoch [5/12], Step [400/452], Loss: 0.2533, Accuracy: 89.12 %
Predictions - 1s: 992, 0s: 814
True Labels - 1s: 966, 0s: 840
-------------------------------
Epoch [5/12] Loss: 0.2453, Accuracy: 89.48 %
-------------------------------
-------- Validation --------
Predictions - 1s: 220, 0s: 232
True Labels - 1s: 219, 0s: 233
Validation Loss: 0.2870, Validation Accuracy: 87.83 %
-------- Validation finished --------
Updated best model in epoch 5 saved with Validation Loss: 0.2870 and Validation Accuracy: 87.83 %
-------------------------------
Epoch [6/12], Step [100/452], Loss: 0.2323, Accuracy: 91.25 %
Epoch [6/12], Step [200/452], Loss: 0.2371, Accuracy: 90.88 %
Epoch [6/12], Step [300/452], Loss: 0.2373, Accuracy: 90.42 %
Epoch [6/12], Step [400/452], Loss: 0.2377, Accuracy: 90.25 %
Predictions - 1s: 993, 0s: 813
True Labels - 1s: 966, 0s: 840
-------------------------------
Epoch [6/12] Loss: 0.2366, Accuracy: 90.31 %
-------------------------------
-------- Validation --------
Predictions - 1s: 214, 0s: 238
True Labels - 1s: 219, 0s: 233
Validation Loss: 0.2921, Validation Accuracy: 87.83 %
-------- Validation finished --------
Epoch [7/12], Step [100/452], Loss: 0.2154, Accuracy: 90.75 %
Epoch [7/12], Step [200/452], Loss: 0.1988, Accuracy: 91.75 %
Epoch [7/12], Step [300/452], Loss: 0.2085, Accuracy: 91.17 %
Epoch [7/12], Step [400/452], Loss: 0.2089, Accuracy: 91.31 %
Predictions - 1s: 992, 0s: 814
True Labels - 1s: 966, 0s: 840
-------------------------------
Epoch [7/12] Loss: 0.2127, Accuracy: 90.92 %
-------------------------------
-------- Validation --------
Predictions - 1s: 214, 0s: 238
True Labels - 1s: 219, 0s: 233
Validation Loss: 0.2870, Validation Accuracy: 87.39 %
-------- Validation finished --------
Epoch [8/12], Step [100/452], Loss: 0.1929, Accuracy: 91.50 %
Epoch [8/12], Step [200/452], Loss: 0.2099, Accuracy: 91.25 %
Epoch [8/12], Step [300/452], Loss: 0.1883, Accuracy: 92.75 %
Epoch [8/12], Step [400/452], Loss: 0.2028, Accuracy: 91.88 %
Predictions - 1s: 986, 0s: 820
True Labels - 1s: 966, 0s: 840
-------------------------------
Epoch [8/12] Loss: 0.2037, Accuracy: 91.92 %
-------------------------------
-------- Validation --------
Predictions - 1s: 225, 0s: 227
True Labels - 1s: 219, 0s: 233
Validation Loss: 0.2816, Validation Accuracy: 88.94 %
-------- Validation finished --------
Updated best model in epoch 8 saved with Validation Loss: 0.2816 and Validation Accuracy: 88.94 %
-------------------------------
Epoch [9/12], Step [100/452], Loss: 0.1775, Accuracy: 93.75 %
Epoch [9/12], Step [200/452], Loss: 0.1769, Accuracy: 93.12 %
Epoch [9/12], Step [300/452], Loss: 0.1778, Accuracy: 93.25 %
Epoch [9/12], Step [400/452], Loss: 0.1750, Accuracy: 93.31 %
Predictions - 1s: 985, 0s: 821
True Labels - 1s: 966, 0s: 840
-------------------------------
Epoch [9/12] Loss: 0.1768, Accuracy: 93.08 %
-------------------------------
-------- Validation --------
Predictions - 1s: 227, 0s: 225
True Labels - 1s: 219, 0s: 233
Validation Loss: 0.2865, Validation Accuracy: 88.50 %
-------- Validation finished --------
Epoch [10/12], Step [100/452], Loss: 0.2091, Accuracy: 91.25 %
Epoch [10/12], Step [200/452], Loss: 0.1754, Accuracy: 93.00 %
Epoch [10/12], Step [300/452], Loss: 0.1794, Accuracy: 93.25 %
Epoch [10/12], Step [400/452], Loss: 0.1744, Accuracy: 93.75 %
Predictions - 1s: 994, 0s: 812
True Labels - 1s: 966, 0s: 840
-------------------------------
Epoch [10/12] Loss: 0.1734, Accuracy: 93.69 %
-------------------------------
-------- Validation --------
Predictions - 1s: 228, 0s: 224
True Labels - 1s: 219, 0s: 233
Validation Loss: 0.2891, Validation Accuracy: 88.72 %
-------- Validation finished --------
Epoch [11/12], Step [100/452], Loss: 0.1639, Accuracy: 93.00 %
Epoch [11/12], Step [200/452], Loss: 0.1792, Accuracy: 92.62 %
Epoch [11/12], Step [300/452], Loss: 0.1740, Accuracy: 93.00 %
Epoch [11/12], Step [400/452], Loss: 0.1660, Accuracy: 93.69 %
Predictions - 1s: 989, 0s: 817
True Labels - 1s: 966, 0s: 840
-------------------------------
Epoch [11/12] Loss: 0.1704, Accuracy: 93.19 %
-------------------------------
-------- Validation --------
Predictions - 1s: 225, 0s: 227
True Labels - 1s: 219, 0s: 233
Validation Loss: 0.2909, Validation Accuracy: 88.50 %
-------- Validation finished --------
Epoch [12/12], Step [100/452], Loss: 0.1604, Accuracy: 93.25 %
Epoch [12/12], Step [200/452], Loss: 0.1570, Accuracy: 93.62 %
Epoch [12/12], Step [300/452], Loss: 0.1560, Accuracy: 93.92 %
Epoch [12/12], Step [400/452], Loss: 0.1614, Accuracy: 93.81 %
Predictions - 1s: 979, 0s: 827
True Labels - 1s: 966, 0s: 840
-------------------------------
Epoch [12/12] Loss: 0.1647, Accuracy: 93.63 %
-------------------------------
-------- Validation --------
Predictions - 1s: 227, 0s: 225
True Labels - 1s: 219, 0s: 233
Validation Loss: 0.2913, Validation Accuracy: 88.50 %
-------- Validation finished --------
Best model in epoch 8 saved with with Validation Loss: 0.2816 and Validation Accuracy: 88.94 %

-------- Training finished in 1:25 --------

Test flag enabled. Testing the model

-------- Loading best model from model_path --------
Loaded model bert-mini from date 20-04-2024 03:02. Trained with Centralised Machine Learning technology.
Epoch 8, lr: 6e-05, optimizer: AdamW
Train accuracy: 91.92 %, Validation accuracy: 88.94 %
-------- Best model loaded --------

-------- Creating Test Dataloader --------
Test Loader: 564 total sentences. 71 batches of size 8.
-------- Test Dataloader created --------

-------- Testing --------
Predictions - 1s: 278, 0s: 286
True Labels - 1s: 296, 0s: 268
Nº of test samples: 564
Accuracy: 87.23%
Accuracy 2 : 87.23%
Precision: 87.28%
Recall: 87.36%
F1 Score: 87.23%
Classification report:
              precision    recall  f1-score   support

           0     0.8427    0.8993    0.8700       268
           1     0.9029    0.8480    0.8746       296

    accuracy                         0.8723       564
   macro avg     0.8728    0.8736    0.8723       564
weighted avg     0.8743    0.8723    0.8724       564

-------- Testing finished --------
