Current configuration:
{
    "concurrency_flag": true,
    "data_distribution": "iid",
    "dataset": "mixed_depression",
    "device": "cuda",
    "dp_delta": 0.003,
    "dp_epsilon": 0.0,
    "eval_batch_size": 4,
    "eval_flag": true,
    "eval_size": 0.2,
    "fed_alg": "fedavg",
    "layers": 3,
    "learning_rate": 6e-05,
    "max_length": 512,
    "ml_mode": "ml",
    "model": "bert_small",
    "model_name": "ml_small_seed10_mixed_depression",
    "models_path": "/local/vpaloma/fabric-federated-learning/ablation_study/phase-4/final/accs-times/mixed_depression/",
    "mu": 0.5,
    "num_clients": 5,
    "num_epochs": 12,
    "num_rounds": 4,
    "optimizer": "AdamW",
    "progress_bar_flag": false,
    "save_model": true,
    "scheduler": "linear",
    "scheduler_warmup_steps": 0,
    "seed": "random",
    "test_flag": true,
    "train_batch_size": 4,
    "train_size": 0.8
}
-------- Configuration loaded --------

-------- Setting device --------
cuda device selected and available.
-------- Device set --------

-------- Setting seed --------
seed set:  671126
-------- Seed set --------

-------- Creating Model --------
-------- Model created --------

-------- Setting Trainable Layers --------
Training the last 3 layers.

Total parameters count: 28764674
Trainable parameters count: 3416066
-------- Trainable Layers set --------

-------- Creating Tokenizer --------
-------- Tokenizer created --------

-------- Creating Train and Eval Dataloaders --------
Train Loader: 1806 total sentences. 452 batches of size 4.
Eval Loader: 452 total sentences. 113 batches of size 4.
-------- Train and Eval Dataloaders created --------

-------- Creating Optimizer --------
-------- Optimizer created --------

-------- Creating Scheduler --------
-------- Scheduler created --------

-------- Training --------
Training with Centralised Machine Learning technology.
Training without differential privacy.
Concurrency flag is set to True, but ml mode is selected. Concurrency flag will be ignored.
Epoch [1/12], Step [100/452], Loss: 0.5510, Accuracy: 74.00 %
Epoch [1/12], Step [200/452], Loss: 0.4830, Accuracy: 77.50 %
Epoch [1/12], Step [300/452], Loss: 0.4443, Accuracy: 80.17 %
Epoch [1/12], Step [400/452], Loss: 0.4141, Accuracy: 82.12 %
Predictions - 1s: 1020, 0s: 786
True Labels - 1s: 957, 0s: 849
-------------------------------
Epoch [1/12] Loss: 0.4004, Accuracy: 82.89 %
-------------------------------
-------- Validation --------
Predictions - 1s: 217, 0s: 235
True Labels - 1s: 228, 0s: 224
Validation Loss: 0.3493, Validation Accuracy: 85.62 %
-------- Validation finished --------
Updated best model in epoch 1 saved with Validation Loss: 0.3493 and Validation Accuracy: 85.62 %
-------------------------------
Epoch [2/12], Step [100/452], Loss: 0.2278, Accuracy: 92.00 %
Epoch [2/12], Step [200/452], Loss: 0.2667, Accuracy: 90.00 %
Epoch [2/12], Step [300/452], Loss: 0.2584, Accuracy: 90.50 %
Epoch [2/12], Step [400/452], Loss: 0.2610, Accuracy: 90.19 %
Predictions - 1s: 984, 0s: 822
True Labels - 1s: 957, 0s: 849
-------------------------------
Epoch [2/12] Loss: 0.2628, Accuracy: 90.09 %
-------------------------------
-------- Validation --------
Predictions - 1s: 212, 0s: 240
True Labels - 1s: 228, 0s: 224
Validation Loss: 0.3128, Validation Accuracy: 87.17 %
-------- Validation finished --------
Updated best model in epoch 2 saved with Validation Loss: 0.3128 and Validation Accuracy: 87.17 %
-------------------------------
Epoch [3/12], Step [100/452], Loss: 0.2330, Accuracy: 91.00 %
Epoch [3/12], Step [200/452], Loss: 0.2080, Accuracy: 92.12 %
Epoch [3/12], Step [300/452], Loss: 0.2148, Accuracy: 92.17 %
Epoch [3/12], Step [400/452], Loss: 0.2105, Accuracy: 92.50 %
Predictions - 1s: 988, 0s: 818
True Labels - 1s: 957, 0s: 849
-------------------------------
Epoch [3/12] Loss: 0.2103, Accuracy: 92.30 %
-------------------------------
-------- Validation --------
Predictions - 1s: 256, 0s: 196
True Labels - 1s: 228, 0s: 224
Validation Loss: 0.3375, Validation Accuracy: 85.84 %
-------- Validation finished --------
Epoch [4/12], Step [100/452], Loss: 0.1744, Accuracy: 92.75 %
Epoch [4/12], Step [200/452], Loss: 0.1571, Accuracy: 93.50 %
Epoch [4/12], Step [300/452], Loss: 0.1611, Accuracy: 93.75 %
Epoch [4/12], Step [400/452], Loss: 0.1606, Accuracy: 93.69 %
Predictions - 1s: 979, 0s: 827
True Labels - 1s: 957, 0s: 849
-------------------------------
Epoch [4/12] Loss: 0.1628, Accuracy: 93.69 %
-------------------------------
-------- Validation --------
Predictions - 1s: 260, 0s: 192
True Labels - 1s: 228, 0s: 224
Validation Loss: 0.3367, Validation Accuracy: 86.73 %
-------- Validation finished --------
Epoch [5/12], Step [100/452], Loss: 0.1186, Accuracy: 96.00 %
Epoch [5/12], Step [200/452], Loss: 0.1128, Accuracy: 96.38 %
Epoch [5/12], Step [300/452], Loss: 0.1156, Accuracy: 96.00 %
Epoch [5/12], Step [400/452], Loss: 0.1153, Accuracy: 96.00 %
Predictions - 1s: 980, 0s: 826
True Labels - 1s: 957, 0s: 849
-------------------------------
Epoch [5/12] Loss: 0.1180, Accuracy: 95.96 %
-------------------------------
-------- Validation --------
Predictions - 1s: 203, 0s: 249
True Labels - 1s: 228, 0s: 224
Validation Loss: 0.3481, Validation Accuracy: 88.27 %
-------- Validation finished --------
Epoch [6/12], Step [100/452], Loss: 0.0932, Accuracy: 95.00 %
Epoch [6/12], Step [200/452], Loss: 0.0939, Accuracy: 95.38 %
Epoch [6/12], Step [300/452], Loss: 0.0960, Accuracy: 95.58 %
Epoch [6/12], Step [400/452], Loss: 0.0876, Accuracy: 96.12 %
Predictions - 1s: 973, 0s: 833
True Labels - 1s: 957, 0s: 849
-------------------------------
Epoch [6/12] Loss: 0.0947, Accuracy: 95.90 %
-------------------------------
-------- Validation --------
Predictions - 1s: 247, 0s: 205
True Labels - 1s: 228, 0s: 224
Validation Loss: 0.3428, Validation Accuracy: 88.27 %
-------- Validation finished --------
Epoch [7/12], Step [100/452], Loss: 0.0597, Accuracy: 97.75 %
Epoch [7/12], Step [200/452], Loss: 0.0610, Accuracy: 98.12 %
Epoch [7/12], Step [300/452], Loss: 0.0612, Accuracy: 98.08 %
Epoch [7/12], Step [400/452], Loss: 0.0605, Accuracy: 98.00 %
Predictions - 1s: 967, 0s: 839
True Labels - 1s: 957, 0s: 849
-------------------------------
Epoch [7/12] Loss: 0.0605, Accuracy: 98.01 %
-------------------------------
-------- Validation --------
Predictions - 1s: 224, 0s: 228
True Labels - 1s: 228, 0s: 224
Validation Loss: 0.3767, Validation Accuracy: 88.05 %
-------- Validation finished --------
Epoch [8/12], Step [100/452], Loss: 0.0624, Accuracy: 97.25 %
Epoch [8/12], Step [200/452], Loss: 0.0581, Accuracy: 97.50 %
Epoch [8/12], Step [300/452], Loss: 0.0521, Accuracy: 97.92 %
Epoch [8/12], Step [400/452], Loss: 0.0521, Accuracy: 97.94 %
Predictions - 1s: 959, 0s: 847
True Labels - 1s: 957, 0s: 849
-------------------------------
Epoch [8/12] Loss: 0.0533, Accuracy: 97.79 %
-------------------------------
-------- Validation --------
Predictions - 1s: 224, 0s: 228
True Labels - 1s: 228, 0s: 224
Validation Loss: 0.3902, Validation Accuracy: 88.05 %
-------- Validation finished --------
Epoch [9/12], Step [100/452], Loss: 0.0372, Accuracy: 98.75 %
Epoch [9/12], Step [200/452], Loss: 0.0348, Accuracy: 98.75 %
Epoch [9/12], Step [300/452], Loss: 0.0378, Accuracy: 98.58 %
Epoch [9/12], Step [400/452], Loss: 0.0341, Accuracy: 98.69 %
Predictions - 1s: 965, 0s: 841
True Labels - 1s: 957, 0s: 849
-------------------------------
Epoch [9/12] Loss: 0.0360, Accuracy: 98.67 %
-------------------------------
-------- Validation --------
Predictions - 1s: 215, 0s: 237
True Labels - 1s: 228, 0s: 224
Validation Loss: 0.4282, Validation Accuracy: 88.72 %
-------- Validation finished --------
Epoch [10/12], Step [100/452], Loss: 0.0283, Accuracy: 99.25 %
Epoch [10/12], Step [200/452], Loss: 0.0298, Accuracy: 99.50 %
Epoch [10/12], Step [300/452], Loss: 0.0275, Accuracy: 99.33 %
Epoch [10/12], Step [400/452], Loss: 0.0281, Accuracy: 99.12 %
Predictions - 1s: 959, 0s: 847
True Labels - 1s: 957, 0s: 849
-------------------------------
Epoch [10/12] Loss: 0.0291, Accuracy: 99.11 %
-------------------------------
-------- Validation --------
Predictions - 1s: 231, 0s: 221
True Labels - 1s: 228, 0s: 224
Validation Loss: 0.4147, Validation Accuracy: 88.27 %
-------- Validation finished --------
Epoch [11/12], Step [100/452], Loss: 0.0271, Accuracy: 99.50 %
Epoch [11/12], Step [200/452], Loss: 0.0222, Accuracy: 99.38 %
Epoch [11/12], Step [300/452], Loss: 0.0234, Accuracy: 99.33 %
Epoch [11/12], Step [400/452], Loss: 0.0220, Accuracy: 99.31 %
Predictions - 1s: 968, 0s: 838
True Labels - 1s: 957, 0s: 849
-------------------------------
Epoch [11/12] Loss: 0.0220, Accuracy: 99.28 %
-------------------------------
-------- Validation --------
Predictions - 1s: 220, 0s: 232
True Labels - 1s: 228, 0s: 224
Validation Loss: 0.4348, Validation Accuracy: 88.50 %
-------- Validation finished --------
Epoch [12/12], Step [100/452], Loss: 0.0137, Accuracy: 100.00 %
Epoch [12/12], Step [200/452], Loss: 0.0207, Accuracy: 99.50 %
Epoch [12/12], Step [300/452], Loss: 0.0195, Accuracy: 99.50 %
Epoch [12/12], Step [400/452], Loss: 0.0235, Accuracy: 99.38 %
Predictions - 1s: 961, 0s: 845
True Labels - 1s: 957, 0s: 849
-------------------------------
Epoch [12/12] Loss: 0.0237, Accuracy: 99.34 %
-------------------------------
-------- Validation --------
Predictions - 1s: 227, 0s: 225
True Labels - 1s: 228, 0s: 224
Validation Loss: 0.4324, Validation Accuracy: 88.72 %
-------- Validation finished --------
Best model in epoch 2 saved with with Validation Loss: 0.3128 and Validation Accuracy: 87.17 %

-------- Training finished in 1:42 --------

Test flag enabled. Testing the model

-------- Loading best model from model_path --------
Loaded model bert-small from date 20-04-2024 04:04. Trained with Centralised Machine Learning technology.
Epoch 2, lr: 6e-05, optimizer: AdamW
Train accuracy: 90.09 %, Validation accuracy: 87.17 %
-------- Best model loaded --------

-------- Creating Test Dataloader --------
Test Loader: 564 total sentences. 71 batches of size 8.
-------- Test Dataloader created --------

-------- Testing --------
Predictions - 1s: 267, 0s: 297
True Labels - 1s: 296, 0s: 268
Nº of test samples: 564
Accuracy: 87.06%
Accuracy 2 : 87.06%
Precision: 87.29%
Recall: 87.28%
F1 Score: 87.06%
Classification report:
              precision    recall  f1-score   support

           0     0.8283    0.9179    0.8708       268
           1     0.9176    0.8277    0.8703       296

    accuracy                         0.8706       564
   macro avg     0.8729    0.8728    0.8706       564
weighted avg     0.8752    0.8706    0.8706       564

-------- Testing finished --------
