Current configuration:
{
    "concurrency_flag": true,
    "data_distribution": "iid",
    "dataset": "mixed_depression",
    "device": "cuda",
    "dp_delta": 0.003,
    "dp_epsilon": 0.0,
    "eval_batch_size": 4,
    "eval_flag": true,
    "eval_size": 0.2,
    "fed_alg": "fedavg",
    "layers": 3,
    "learning_rate": 6e-05,
    "max_length": 512,
    "ml_mode": "ml",
    "model": "bert_tiny",
    "model_name": "ml_tiny_seed6_mixed_depression",
    "models_path": "/local/vpaloma/fabric-federated-learning/ablation_study/phase-4/final/accs-times/mixed_depression/",
    "mu": 0.5,
    "num_clients": 5,
    "num_epochs": 12,
    "num_rounds": 4,
    "optimizer": "AdamW",
    "progress_bar_flag": false,
    "save_model": true,
    "scheduler": "linear",
    "scheduler_warmup_steps": 0,
    "seed": "random",
    "test_flag": true,
    "train_batch_size": 4,
    "train_size": 0.8
}
-------- Configuration loaded --------

-------- Setting device --------
cuda device selected and available.
-------- Device set --------

-------- Setting seed --------
seed set:  490046
-------- Seed set --------

-------- Creating Model --------
-------- Model created --------

-------- Setting Trainable Layers --------
Training the last 3 layers.

Total parameters count: 4386178
Trainable parameters count: 215042
-------- Trainable Layers set --------

-------- Creating Tokenizer --------
-------- Tokenizer created --------

-------- Creating Train and Eval Dataloaders --------
Train Loader: 1806 total sentences. 452 batches of size 4.
Eval Loader: 452 total sentences. 113 batches of size 4.
-------- Train and Eval Dataloaders created --------

-------- Creating Optimizer --------
-------- Optimizer created --------

-------- Creating Scheduler --------
-------- Scheduler created --------

-------- Training --------
Training with Centralised Machine Learning technology.
Training without differential privacy.
Concurrency flag is set to True, but ml mode is selected. Concurrency flag will be ignored.
Epoch [1/12], Step [100/452], Loss: 0.6832, Accuracy: 56.75 %
Epoch [1/12], Step [200/452], Loss: 0.6530, Accuracy: 63.12 %
Epoch [1/12], Step [300/452], Loss: 0.6229, Accuracy: 66.67 %
Epoch [1/12], Step [400/452], Loss: 0.6002, Accuracy: 68.38 %
Predictions - 1s: 804, 0s: 1002
True Labels - 1s: 945, 0s: 861
-------------------------------
Epoch [1/12] Loss: 0.5885, Accuracy: 69.60 %
-------------------------------
-------- Validation --------
Predictions - 1s: 206, 0s: 246
True Labels - 1s: 240, 0s: 212
Validation Loss: 0.4333, Validation Accuracy: 81.86 %
-------- Validation finished --------
Updated best model in epoch 1 saved with Validation Loss: 0.4333 and Validation Accuracy: 81.86 %
-------------------------------
Epoch [2/12], Step [100/452], Loss: 0.4416, Accuracy: 81.50 %
Epoch [2/12], Step [200/452], Loss: 0.4186, Accuracy: 82.00 %
Epoch [2/12], Step [300/452], Loss: 0.4269, Accuracy: 81.83 %
Epoch [2/12], Step [400/452], Loss: 0.4266, Accuracy: 81.88 %
Predictions - 1s: 943, 0s: 863
True Labels - 1s: 945, 0s: 861
-------------------------------
Epoch [2/12] Loss: 0.4242, Accuracy: 82.06 %
-------------------------------
-------- Validation --------
Predictions - 1s: 227, 0s: 225
True Labels - 1s: 240, 0s: 212
Validation Loss: 0.3709, Validation Accuracy: 85.62 %
-------- Validation finished --------
Updated best model in epoch 2 saved with Validation Loss: 0.3709 and Validation Accuracy: 85.62 %
-------------------------------
Epoch [3/12], Step [100/452], Loss: 0.4073, Accuracy: 82.75 %
Epoch [3/12], Step [200/452], Loss: 0.3998, Accuracy: 82.75 %
Epoch [3/12], Step [300/452], Loss: 0.4103, Accuracy: 82.33 %
Epoch [3/12], Step [400/452], Loss: 0.3969, Accuracy: 83.06 %
Predictions - 1s: 947, 0s: 859
True Labels - 1s: 945, 0s: 861
-------------------------------
Epoch [3/12] Loss: 0.3907, Accuracy: 83.50 %
-------------------------------
-------- Validation --------
Predictions - 1s: 240, 0s: 212
True Labels - 1s: 240, 0s: 212
Validation Loss: 0.3551, Validation Accuracy: 85.84 %
-------- Validation finished --------
Updated best model in epoch 3 saved with Validation Loss: 0.3551 and Validation Accuracy: 85.84 %
-------------------------------
Epoch [4/12], Step [100/452], Loss: 0.4028, Accuracy: 82.25 %
Epoch [4/12], Step [200/452], Loss: 0.3754, Accuracy: 84.25 %
Epoch [4/12], Step [300/452], Loss: 0.3532, Accuracy: 85.50 %
Epoch [4/12], Step [400/452], Loss: 0.3736, Accuracy: 84.62 %
Predictions - 1s: 971, 0s: 835
True Labels - 1s: 945, 0s: 861
-------------------------------
Epoch [4/12] Loss: 0.3774, Accuracy: 84.16 %
-------------------------------
-------- Validation --------
Predictions - 1s: 235, 0s: 217
True Labels - 1s: 240, 0s: 212
Validation Loss: 0.3455, Validation Accuracy: 86.50 %
-------- Validation finished --------
Updated best model in epoch 4 saved with Validation Loss: 0.3455 and Validation Accuracy: 86.50 %
-------------------------------
Epoch [5/12], Step [100/452], Loss: 0.4124, Accuracy: 80.75 %
Epoch [5/12], Step [200/452], Loss: 0.3719, Accuracy: 83.62 %
Epoch [5/12], Step [300/452], Loss: 0.3568, Accuracy: 84.75 %
Epoch [5/12], Step [400/452], Loss: 0.3522, Accuracy: 84.81 %
Predictions - 1s: 949, 0s: 857
True Labels - 1s: 945, 0s: 861
-------------------------------
Epoch [5/12] Loss: 0.3528, Accuracy: 85.05 %
-------------------------------
-------- Validation --------
Predictions - 1s: 263, 0s: 189
True Labels - 1s: 240, 0s: 212
Validation Loss: 0.3482, Validation Accuracy: 84.73 %
-------- Validation finished --------
Epoch [6/12], Step [100/452], Loss: 0.3770, Accuracy: 82.25 %
Epoch [6/12], Step [200/452], Loss: 0.3678, Accuracy: 84.25 %
Epoch [6/12], Step [300/452], Loss: 0.3548, Accuracy: 84.50 %
Epoch [6/12], Step [400/452], Loss: 0.3421, Accuracy: 85.12 %
Predictions - 1s: 979, 0s: 827
True Labels - 1s: 945, 0s: 861
-------------------------------
Epoch [6/12] Loss: 0.3383, Accuracy: 85.16 %
-------------------------------
-------- Validation --------
Predictions - 1s: 243, 0s: 209
True Labels - 1s: 240, 0s: 212
Validation Loss: 0.3328, Validation Accuracy: 86.06 %
-------- Validation finished --------
Updated best model in epoch 6 saved with Validation Loss: 0.3328 and Validation Accuracy: 86.06 %
-------------------------------
Epoch [7/12], Step [100/452], Loss: 0.3677, Accuracy: 85.00 %
Epoch [7/12], Step [200/452], Loss: 0.3386, Accuracy: 86.00 %
Epoch [7/12], Step [300/452], Loss: 0.3336, Accuracy: 86.42 %
Epoch [7/12], Step [400/452], Loss: 0.3329, Accuracy: 86.06 %
Predictions - 1s: 969, 0s: 837
True Labels - 1s: 945, 0s: 861
-------------------------------
Epoch [7/12] Loss: 0.3303, Accuracy: 85.94 %
-------------------------------
-------- Validation --------
Predictions - 1s: 239, 0s: 213
True Labels - 1s: 240, 0s: 212
Validation Loss: 0.3304, Validation Accuracy: 86.95 %
-------- Validation finished --------
Updated best model in epoch 7 saved with Validation Loss: 0.3304 and Validation Accuracy: 86.95 %
-------------------------------
Epoch [8/12], Step [100/452], Loss: 0.3182, Accuracy: 87.75 %
Epoch [8/12], Step [200/452], Loss: 0.2957, Accuracy: 89.00 %
Epoch [8/12], Step [300/452], Loss: 0.3148, Accuracy: 88.50 %
Epoch [8/12], Step [400/452], Loss: 0.3152, Accuracy: 88.25 %
Predictions - 1s: 971, 0s: 835
True Labels - 1s: 945, 0s: 861
-------------------------------
Epoch [8/12] Loss: 0.3073, Accuracy: 88.59 %
-------------------------------
-------- Validation --------
Predictions - 1s: 240, 0s: 212
True Labels - 1s: 240, 0s: 212
Validation Loss: 0.3280, Validation Accuracy: 86.73 %
-------- Validation finished --------
Updated best model in epoch 8 saved with Validation Loss: 0.3280 and Validation Accuracy: 86.73 %
-------------------------------
Epoch [9/12], Step [100/452], Loss: 0.3133, Accuracy: 84.25 %
Epoch [9/12], Step [200/452], Loss: 0.3114, Accuracy: 86.25 %
Epoch [9/12], Step [300/452], Loss: 0.3137, Accuracy: 86.08 %
Epoch [9/12], Step [400/452], Loss: 0.3122, Accuracy: 86.44 %
Predictions - 1s: 983, 0s: 823
True Labels - 1s: 945, 0s: 861
-------------------------------
Epoch [9/12] Loss: 0.3066, Accuracy: 86.71 %
-------------------------------
-------- Validation --------
Predictions - 1s: 243, 0s: 209
True Labels - 1s: 240, 0s: 212
Validation Loss: 0.3295, Validation Accuracy: 86.06 %
-------- Validation finished --------
Epoch [10/12], Step [100/452], Loss: 0.2904, Accuracy: 88.00 %
Epoch [10/12], Step [200/452], Loss: 0.3092, Accuracy: 87.12 %
Epoch [10/12], Step [300/452], Loss: 0.3035, Accuracy: 87.42 %
Epoch [10/12], Step [400/452], Loss: 0.2967, Accuracy: 87.81 %
Predictions - 1s: 977, 0s: 829
True Labels - 1s: 945, 0s: 861
-------------------------------
Epoch [10/12] Loss: 0.2975, Accuracy: 87.71 %
-------------------------------
-------- Validation --------
Predictions - 1s: 241, 0s: 211
True Labels - 1s: 240, 0s: 212
Validation Loss: 0.3286, Validation Accuracy: 86.50 %
-------- Validation finished --------
Epoch [11/12], Step [100/452], Loss: 0.3296, Accuracy: 85.00 %
Epoch [11/12], Step [200/452], Loss: 0.3153, Accuracy: 86.38 %
Epoch [11/12], Step [300/452], Loss: 0.3050, Accuracy: 86.75 %
Epoch [11/12], Step [400/452], Loss: 0.3031, Accuracy: 87.44 %
Predictions - 1s: 976, 0s: 830
True Labels - 1s: 945, 0s: 861
-------------------------------
Epoch [11/12] Loss: 0.2941, Accuracy: 88.10 %
-------------------------------
-------- Validation --------
Predictions - 1s: 242, 0s: 210
True Labels - 1s: 240, 0s: 212
Validation Loss: 0.3276, Validation Accuracy: 86.28 %
-------- Validation finished --------
Updated best model in epoch 11 saved with Validation Loss: 0.3276 and Validation Accuracy: 86.28 %
-------------------------------
Epoch [12/12], Step [100/452], Loss: 0.3111, Accuracy: 86.25 %
Epoch [12/12], Step [200/452], Loss: 0.2810, Accuracy: 88.50 %
Epoch [12/12], Step [300/452], Loss: 0.2811, Accuracy: 88.42 %
Epoch [12/12], Step [400/452], Loss: 0.2858, Accuracy: 87.81 %
Predictions - 1s: 984, 0s: 822
True Labels - 1s: 945, 0s: 861
-------------------------------
Epoch [12/12] Loss: 0.2887, Accuracy: 87.54 %
-------------------------------
-------- Validation --------
Predictions - 1s: 241, 0s: 211
True Labels - 1s: 240, 0s: 212
Validation Loss: 0.3287, Validation Accuracy: 86.50 %
-------- Validation finished --------
Best model in epoch 11 saved with with Validation Loss: 0.3276 and Validation Accuracy: 86.28 %

-------- Training finished in 1:21 --------

Test flag enabled. Testing the model

-------- Loading best model from model_path --------
Loaded model bert-tiny from date 20-04-2024 03:32. Trained with Centralised Machine Learning technology.
Epoch 11, lr: 6e-05, optimizer: AdamW
Train accuracy: 88.10 %, Validation accuracy: 86.28 %
-------- Best model loaded --------

-------- Creating Test Dataloader --------
Test Loader: 564 total sentences. 71 batches of size 8.
-------- Test Dataloader created --------

-------- Testing --------
Predictions - 1s: 289, 0s: 275
True Labels - 1s: 296, 0s: 268
Nº of test samples: 564
Accuracy: 87.06%
Accuracy 2 : 87.06%
Precision: 87.02%
Recall: 87.09%
F1 Score: 87.04%
Classification report:
              precision    recall  f1-score   support

           0     0.8545    0.8769    0.8656       268
           1     0.8858    0.8649    0.8752       296

    accuracy                         0.8706       564
   macro avg     0.8702    0.8709    0.8704       564
weighted avg     0.8710    0.8706    0.8706       564

-------- Testing finished --------
