Current configuration:
{
    "concurrency_flag": false,
    "data_distribution": "non_iid",
    "dataset": "twitter_dep",
    "device": "cuda",
    "dp_delta": 0.003,
    "dp_epsilon": 0,
    "eval_batch_size": 4,
    "eval_flag": true,
    "eval_size": 0.2,
    "fed_alg": "fedavg",
    "layers": 3,
    "learning_rate": 6e-05,
    "max_length": 512,
    "ml_mode": "fl",
    "model": "bert_small",
    "model_name": "fl_bert_small_non_iid_0_twitter_dep",
    "models_path": "/local/vpaloma/fabric-federated-learning/ablation_study/4-ml_mode-model-data_dist-dp/3_layers",
    "mu": 0.5,
    "num_clients": 5,
    "num_epochs": 3,
    "num_rounds": 4,
    "optimizer": "AdamW",
    "progress_bar_flag": false,
    "save_model": true,
    "scheduler": "linear",
    "scheduler_warmup_steps": 0,
    "seed": 0,
    "test_flag": true,
    "train_batch_size": 4,
    "train_size": 0.8
}
-------- Configuration loaded --------

-------- Setting device --------
cuda device selected and available.
-------- Device set --------

-------- Setting seed --------
-------- Seed set --------

-------- Creating Model --------
-------- Model created --------

-------- Setting Trainable Layers --------
Training the last 3 layers.

Total parameters count: 28764674
Trainable parameters count: 3416066
-------- Trainable Layers set --------

-------- Creating Tokenizer --------
-------- Tokenizer created --------

-------- Creating Train and Eval Dataloaders --------
Train Loader: 1982 total sentences. 496 batches of size 4.
Eval Loader: 496 total sentences. 124 batches of size 4.
-------- Train and Eval Dataloaders created --------

-------- Training --------
Training with Federated Learning technology.
Training without differential privacy.
Federated averaging algorithm selected.
Client 0: Label 0: 72, Label 1: 357
Client 1: Label 0: 72, Label 1: 195
Client 2: Label 0: 429, Label 1: 0
Client 3: Label 0: 429, Label 1: 0
Client 4: Label 0: 428, Label 1: 0

Round 1 of 4
-------------------------------
Client 1 of 5: Local Epoch [1/3] Loss: 0.4408, Accuracy: 82.52 %
Client 1 of 5: Local Epoch [2/3] Loss: 0.3693, Accuracy: 84.38 %
Client 1 of 5: Local Epoch [3/3] Loss: 0.3290, Accuracy: 87.41 %
Client 2 of 5: Local Epoch [1/3] Loss: 0.5610, Accuracy: 70.79 %
Client 2 of 5: Local Epoch [2/3] Loss: 0.4766, Accuracy: 78.65 %
Client 2 of 5: Local Epoch [3/3] Loss: 0.4125, Accuracy: 85.39 %
Client 3 of 5: Local Epoch [1/3] Loss: 0.0439, Accuracy: 100.00 %
Client 3 of 5: Local Epoch [2/3] Loss: 0.0028, Accuracy: 100.00 %
Client 3 of 5: Local Epoch [3/3] Loss: 0.0018, Accuracy: 100.00 %
Client 4 of 5: Local Epoch [1/3] Loss: 0.0452, Accuracy: 99.77 %
Client 4 of 5: Local Epoch [2/3] Loss: 0.0029, Accuracy: 100.00 %
Client 4 of 5: Local Epoch [3/3] Loss: 0.0018, Accuracy: 100.00 %
Client 5 of 5: Local Epoch [1/3] Loss: 0.0453, Accuracy: 99.77 %
Client 5 of 5: Local Epoch [2/3] Loss: 0.0028, Accuracy: 100.00 %
Client 5 of 5: Local Epoch [3/3] Loss: 0.0018, Accuracy: 100.00 %
-------------------------------
Round [1/4] Average Local Loss: 0.1494, Average Local Accuracy: 94.56 %
-------------------------------
-------- Validation --------
Round [1/4] Global Model Validation Loss: 0.8468, Validation Accuracy: 75.40 %
-------- Validation finished --------
Updated best model in round 1 saved with Validation Accuracy: 75.40 %
-------------------------------

Round 2 of 4
-------------------------------
Client 1 of 5: Local Epoch [1/3] Loss: 0.5368, Accuracy: 77.86 %
Client 1 of 5: Local Epoch [2/3] Loss: 0.3587, Accuracy: 85.55 %
Client 1 of 5: Local Epoch [3/3] Loss: 0.3259, Accuracy: 86.48 %
Client 2 of 5: Local Epoch [1/3] Loss: 0.7177, Accuracy: 64.04 %
Client 2 of 5: Local Epoch [2/3] Loss: 0.4493, Accuracy: 83.15 %
Client 2 of 5: Local Epoch [3/3] Loss: 0.3884, Accuracy: 83.52 %
Client 3 of 5: Local Epoch [1/3] Loss: 0.0021, Accuracy: 100.00 %
Client 3 of 5: Local Epoch [2/3] Loss: 0.0002, Accuracy: 100.00 %
Client 3 of 5: Local Epoch [3/3] Loss: 0.0001, Accuracy: 100.00 %
Client 4 of 5: Local Epoch [1/3] Loss: 0.0019, Accuracy: 100.00 %
Client 4 of 5: Local Epoch [2/3] Loss: 0.0002, Accuracy: 100.00 %
Client 4 of 5: Local Epoch [3/3] Loss: 0.0001, Accuracy: 100.00 %
Client 5 of 5: Local Epoch [1/3] Loss: 0.0025, Accuracy: 100.00 %
Client 5 of 5: Local Epoch [2/3] Loss: 0.0002, Accuracy: 100.00 %
Client 5 of 5: Local Epoch [3/3] Loss: 0.0002, Accuracy: 100.00 %
-------------------------------
Round [2/4] Average Local Loss: 0.1429, Average Local Accuracy: 94.00 %
-------------------------------
-------- Validation --------
Round [2/4] Global Model Validation Loss: 1.1960, Validation Accuracy: 75.40 %
-------- Validation finished --------
Updated best model in round 2 saved with Validation Accuracy: 75.40 %
-------------------------------

Round 3 of 4
-------------------------------
Client 1 of 5: Local Epoch [1/3] Loss: 0.5526, Accuracy: 78.09 %
Client 1 of 5: Local Epoch [2/3] Loss: 0.3149, Accuracy: 86.95 %
Client 1 of 5: Local Epoch [3/3] Loss: 0.2949, Accuracy: 89.28 %
Client 2 of 5: Local Epoch [1/3] Loss: 0.7136, Accuracy: 68.16 %
Client 2 of 5: Local Epoch [2/3] Loss: 0.3949, Accuracy: 82.77 %
Client 2 of 5: Local Epoch [3/3] Loss: 0.3598, Accuracy: 85.77 %
Client 3 of 5: Local Epoch [1/3] Loss: 0.0002, Accuracy: 100.00 %
Client 3 of 5: Local Epoch [2/3] Loss: 0.0000, Accuracy: 100.00 %
Client 3 of 5: Local Epoch [3/3] Loss: 0.0000, Accuracy: 100.00 %
Client 4 of 5: Local Epoch [1/3] Loss: 0.0003, Accuracy: 100.00 %
Client 4 of 5: Local Epoch [2/3] Loss: 0.0000, Accuracy: 100.00 %
Client 4 of 5: Local Epoch [3/3] Loss: 0.0000, Accuracy: 100.00 %
Client 5 of 5: Local Epoch [1/3] Loss: 0.0004, Accuracy: 100.00 %
Client 5 of 5: Local Epoch [2/3] Loss: 0.0000, Accuracy: 100.00 %
Client 5 of 5: Local Epoch [3/3] Loss: 0.0000, Accuracy: 100.00 %
-------------------------------
Round [3/4] Average Local Loss: 0.1309, Average Local Accuracy: 95.01 %
-------------------------------
-------- Validation --------
Round [3/4] Global Model Validation Loss: 1.5287, Validation Accuracy: 75.40 %
-------- Validation finished --------
Updated best model in round 3 saved with Validation Accuracy: 75.40 %
-------------------------------

Round 4 of 4
-------------------------------
Client 1 of 5: Local Epoch [1/3] Loss: 0.6101, Accuracy: 77.62 %
Client 1 of 5: Local Epoch [2/3] Loss: 0.3177, Accuracy: 86.95 %
Client 1 of 5: Local Epoch [3/3] Loss: 0.2879, Accuracy: 88.11 %
Client 2 of 5: Local Epoch [1/3] Loss: 0.8421, Accuracy: 69.66 %
Client 2 of 5: Local Epoch [2/3] Loss: 0.3740, Accuracy: 85.77 %
Client 2 of 5: Local Epoch [3/3] Loss: 0.3430, Accuracy: 87.27 %
Client 3 of 5: Local Epoch [1/3] Loss: 0.0001, Accuracy: 100.00 %
Client 3 of 5: Local Epoch [2/3] Loss: 0.0000, Accuracy: 100.00 %
Client 3 of 5: Local Epoch [3/3] Loss: 0.0000, Accuracy: 100.00 %
Client 4 of 5: Local Epoch [1/3] Loss: 0.0001, Accuracy: 100.00 %
Client 4 of 5: Local Epoch [2/3] Loss: 0.0000, Accuracy: 100.00 %
Client 4 of 5: Local Epoch [3/3] Loss: 0.0000, Accuracy: 100.00 %
Client 5 of 5: Local Epoch [1/3] Loss: 0.0000, Accuracy: 100.00 %
Client 5 of 5: Local Epoch [2/3] Loss: 0.0000, Accuracy: 100.00 %
Client 5 of 5: Local Epoch [3/3] Loss: 0.0000, Accuracy: 100.00 %
-------------------------------
Round [4/4] Average Local Loss: 0.1262, Average Local Accuracy: 95.08 %
-------------------------------
-------- Validation --------
Round [4/4] Global Model Validation Loss: 1.7842, Validation Accuracy: 75.40 %
-------- Validation finished --------
Updated best model in round 4 saved with Validation Accuracy: 75.40 %
-------------------------------
Best model in round 4 saved with Validation Accuracy: 75.40 %

-------- Training finished in 9:26 --------

Test flag enabled. Testing the model

-------- Loading best model from model_path --------
Loaded model bert-small from date 05-02-2024 17:17. Trained with Federated Learning technology.
Round 4, lr: 6e-05, optimizer: AdamW
Average train accuracy: 95.08 %, Validation accuracy: 75.40 %
-------- Best model loaded --------

-------- Creating Test Dataloader --------
Test Loader: 618 total sentences. 78 batches of size 8.
-------- Test Dataloader created --------

-------- Testing --------
Nº of test samples: 618
Accuracy: 72.82%
Precision: 36.41%
Recall: 50.00%
F1 Score: 42.13%
-------- Testing finished --------
