Current configuration:
{
    "concurrency_flag": false,
    "data_distribution": "iid",
    "dataset": "twitter_dep",
    "device": "cuda",
    "dp_delta": 0.003,
    "dp_epsilon": 0.0,
    "eval_batch_size": 4,
    "eval_flag": true,
    "eval_size": 0.2,
    "fed_alg": "fedavg",
    "layers": 2,
    "learning_rate": 6e-05,
    "max_length": 512,
    "ml_mode": "fl",
    "model": "bert_tiny",
    "model_name": "fl_bert_tiny_2_100",
    "models_path": "/local/vpaloma/ablation_study/2-ml_mode-model-layers/",
    "mu": 0.5,
    "num_clients": 5,
    "num_epochs": 3,
    "num_rounds": 4,
    "optimizer": "AdamW",
    "progress_bar_flag": false,
    "save_model": true,
    "scheduler": "linear",
    "scheduler_warmup_steps": 0,
    "seed": 100,
    "test_flag": true,
    "train_batch_size": 4,
    "train_size": 0.8
}
-------- Configuration loaded --------

-------- Setting device --------
cuda device selected and available.
-------- Device set --------

-------- Setting seed --------
-------- Seed set --------

-------- Creating Model --------
-------- Model created --------

-------- Setting Trainable Layers --------
Training the last 2 layers.

Total parameters count: 4386178
Trainable parameters count: 16770
-------- Trainable Layers set --------

-------- Creating Tokenizer --------
-------- Tokenizer created --------

-------- Creating Train and Eval Dataloaders --------
Train Loader: 1982 total sentences. 496 batches of size 4.
Eval Loader: 496 total sentences. 124 batches of size 4.
-------- Train and Eval Dataloaders created --------

-------- Training --------
Training with Federated Learning technology.
Training without differential privacy.
Federated averaging algorithm selected.

Round 1 of 4
-------------------------------
Client 1 of 5: Local Epoch [1/3] Loss: 0.6088, Accuracy: 72.98 %
Client 1 of 5: Local Epoch [2/3] Loss: 0.5717, Accuracy: 73.99 %
Client 1 of 5: Local Epoch [3/3] Loss: 0.5692, Accuracy: 73.99 %
Client 2 of 5: Local Epoch [1/3] Loss: 0.6359, Accuracy: 69.19 %
Client 2 of 5: Local Epoch [2/3] Loss: 0.6018, Accuracy: 70.96 %
Client 2 of 5: Local Epoch [3/3] Loss: 0.5968, Accuracy: 70.96 %
Client 3 of 5: Local Epoch [1/3] Loss: 0.6120, Accuracy: 72.73 %
Client 3 of 5: Local Epoch [2/3] Loss: 0.5693, Accuracy: 74.49 %
Client 3 of 5: Local Epoch [3/3] Loss: 0.5547, Accuracy: 74.49 %
Client 4 of 5: Local Epoch [1/3] Loss: 0.6289, Accuracy: 69.95 %
Client 4 of 5: Local Epoch [2/3] Loss: 0.6064, Accuracy: 70.20 %
Client 4 of 5: Local Epoch [3/3] Loss: 0.5896, Accuracy: 70.20 %
Client 5 of 5: Local Epoch [1/3] Loss: 0.6204, Accuracy: 71.11 %
Client 5 of 5: Local Epoch [2/3] Loss: 0.5794, Accuracy: 72.36 %
Client 5 of 5: Local Epoch [3/3] Loss: 0.5808, Accuracy: 72.36 %
-------------------------------
Round [1/4] Average Local Loss: 0.5782, Average Local Accuracy: 72.40 %
-------------------------------
-------- Validation --------
Round [1/4] Global Model Validation Loss: 0.5647, Validation Accuracy: 74.40 %
-------- Validation finished --------
Updated best model in round 1 saved with Validation Accuracy: 74.40 %
-------------------------------

Round 2 of 4
-------------------------------
Client 1 of 5: Local Epoch [1/3] Loss: 0.5657, Accuracy: 73.99 %
Client 1 of 5: Local Epoch [2/3] Loss: 0.5570, Accuracy: 73.99 %
Client 1 of 5: Local Epoch [3/3] Loss: 0.5570, Accuracy: 73.99 %
Client 2 of 5: Local Epoch [1/3] Loss: 0.5881, Accuracy: 70.96 %
Client 2 of 5: Local Epoch [2/3] Loss: 0.5840, Accuracy: 70.96 %
Client 2 of 5: Local Epoch [3/3] Loss: 0.5799, Accuracy: 70.96 %
Client 3 of 5: Local Epoch [1/3] Loss: 0.5589, Accuracy: 74.49 %
Client 3 of 5: Local Epoch [2/3] Loss: 0.5524, Accuracy: 74.49 %
Client 3 of 5: Local Epoch [3/3] Loss: 0.5546, Accuracy: 74.49 %
Client 4 of 5: Local Epoch [1/3] Loss: 0.5946, Accuracy: 70.20 %
Client 4 of 5: Local Epoch [2/3] Loss: 0.5839, Accuracy: 70.20 %
Client 4 of 5: Local Epoch [3/3] Loss: 0.5811, Accuracy: 70.20 %
Client 5 of 5: Local Epoch [1/3] Loss: 0.5727, Accuracy: 72.36 %
Client 5 of 5: Local Epoch [2/3] Loss: 0.5718, Accuracy: 72.36 %
Client 5 of 5: Local Epoch [3/3] Loss: 0.5692, Accuracy: 72.36 %
-------------------------------
Round [2/4] Average Local Loss: 0.5684, Average Local Accuracy: 72.40 %
-------------------------------
-------- Validation --------
Round [2/4] Global Model Validation Loss: 0.5502, Validation Accuracy: 74.40 %
-------- Validation finished --------
Updated best model in round 2 saved with Validation Accuracy: 74.40 %
-------------------------------

Round 3 of 4
-------------------------------
Client 1 of 5: Local Epoch [1/3] Loss: 0.5602, Accuracy: 73.99 %
Client 1 of 5: Local Epoch [2/3] Loss: 0.5494, Accuracy: 73.99 %
Client 1 of 5: Local Epoch [3/3] Loss: 0.5482, Accuracy: 73.99 %
Client 2 of 5: Local Epoch [1/3] Loss: 0.5764, Accuracy: 70.96 %
Client 2 of 5: Local Epoch [2/3] Loss: 0.5754, Accuracy: 70.96 %
Client 2 of 5: Local Epoch [3/3] Loss: 0.5715, Accuracy: 70.96 %
Client 3 of 5: Local Epoch [1/3] Loss: 0.5498, Accuracy: 74.49 %
Client 3 of 5: Local Epoch [2/3] Loss: 0.5498, Accuracy: 74.49 %
Client 3 of 5: Local Epoch [3/3] Loss: 0.5477, Accuracy: 74.49 %
Client 4 of 5: Local Epoch [1/3] Loss: 0.5845, Accuracy: 70.20 %
Client 4 of 5: Local Epoch [2/3] Loss: 0.5767, Accuracy: 70.20 %
Client 4 of 5: Local Epoch [3/3] Loss: 0.5706, Accuracy: 70.20 %
Client 5 of 5: Local Epoch [1/3] Loss: 0.5688, Accuracy: 72.36 %
Client 5 of 5: Local Epoch [2/3] Loss: 0.5644, Accuracy: 72.36 %
Client 5 of 5: Local Epoch [3/3] Loss: 0.5616, Accuracy: 72.36 %
-------------------------------
Round [3/4] Average Local Loss: 0.5599, Average Local Accuracy: 72.40 %
-------------------------------
-------- Validation --------
Round [3/4] Global Model Validation Loss: 0.5411, Validation Accuracy: 74.40 %
-------- Validation finished --------
Updated best model in round 3 saved with Validation Accuracy: 74.40 %
-------------------------------

Round 4 of 4
-------------------------------
Client 1 of 5: Local Epoch [1/3] Loss: 0.5473, Accuracy: 73.99 %
Client 1 of 5: Local Epoch [2/3] Loss: 0.5426, Accuracy: 73.99 %
Client 1 of 5: Local Epoch [3/3] Loss: 0.5417, Accuracy: 73.99 %
Client 2 of 5: Local Epoch [1/3] Loss: 0.5737, Accuracy: 70.96 %
Client 2 of 5: Local Epoch [2/3] Loss: 0.5661, Accuracy: 70.96 %
Client 2 of 5: Local Epoch [3/3] Loss: 0.5587, Accuracy: 70.96 %
Client 3 of 5: Local Epoch [1/3] Loss: 0.5430, Accuracy: 74.49 %
Client 3 of 5: Local Epoch [2/3] Loss: 0.5372, Accuracy: 74.49 %
Client 3 of 5: Local Epoch [3/3] Loss: 0.5335, Accuracy: 74.49 %
Client 4 of 5: Local Epoch [1/3] Loss: 0.5758, Accuracy: 70.20 %
Client 4 of 5: Local Epoch [2/3] Loss: 0.5687, Accuracy: 70.20 %
Client 4 of 5: Local Epoch [3/3] Loss: 0.5593, Accuracy: 70.20 %
Client 5 of 5: Local Epoch [1/3] Loss: 0.5618, Accuracy: 72.36 %
Client 5 of 5: Local Epoch [2/3] Loss: 0.5613, Accuracy: 72.36 %
Client 5 of 5: Local Epoch [3/3] Loss: 0.5541, Accuracy: 72.36 %
-------------------------------
Round [4/4] Average Local Loss: 0.5495, Average Local Accuracy: 72.40 %
-------------------------------
-------- Validation --------
Round [4/4] Global Model Validation Loss: 0.5317, Validation Accuracy: 74.40 %
-------- Validation finished --------
Updated best model in round 4 saved with Validation Accuracy: 74.40 %
-------------------------------
Best model in round 4 saved with Validation Accuracy: 74.40 %
-------- Training finished --------

Test flag enabled. Testing the model

-------- Loading best model from model_path --------
Loaded model bert-tiny from date 01-02-2024 12:01. Trained with Federated Learning technology.
Round 4, lr: 6e-05, optimizer: AdamW
Average train accuracy: 72.40 %, Validation accuracy: 74.40 %
-------- Best model loaded --------

-------- Creating Test Dataloader --------
Test Loader: 618 total sentences. 78 batches of size 8.
-------- Test Dataloader created --------

-------- Testing --------
Nº of test samples: 618
Accuracy: 72.82%
Precision: 36.41%
Recall: 50.00%
F1 Score: 42.13%
-------- Testing finished --------
