Current configuration:
{
    "concurrency_flag": true,
    "data_distribution": "iid",
    "dataset": "acl_dep_sad",
    "device": "cuda",
    "dp_delta": 0.003,
    "dp_epsilon": 0.0,
    "eval_batch_size": 4,
    "eval_flag": true,
    "eval_size": 0.2,
    "fed_alg": "fedavg",
    "layers": 3,
    "learning_rate": 6e-05,
    "max_length": 512,
    "ml_mode": "bcfl",
    "model": "bert_small",
    "model_name": "bcfl_small_c10_seed10_acl_dep_sad",
    "models_path": "/local/vpaloma/fabric-federated-learning/ablation_study/phase-4/final/accs-times/acl_dep_sad/",
    "mu": 0.5,
    "num_clients": 10,
    "num_epochs": 3,
    "num_rounds": 4,
    "optimizer": "AdamW",
    "progress_bar_flag": false,
    "save_model": true,
    "scheduler": "linear",
    "scheduler_warmup_steps": 0,
    "seed": "random",
    "test_flag": true,
    "train_batch_size": 4,
    "train_size": 0.8
}
-------- Configuration loaded --------

-------- Setting device --------
cuda device selected and available.
-------- Device set --------

-------- Setting seed --------
seed set:  288108
-------- Seed set --------

-------- Creating Model --------
-------- Model created --------

-------- Setting Trainable Layers --------
Training the last 3 layers.

Total parameters count: 28764674
Trainable parameters count: 3416066
-------- Trainable Layers set --------

-------- Creating Tokenizer --------
-------- Tokenizer created --------

-------- Creating Train and Eval Dataloaders --------
Train Loader: 2085 total sentences. 522 batches of size 4.
Eval Loader: 521 total sentences. 131 batches of size 4.
-------- Train and Eval Dataloaders created --------

-------- Training --------
Training with Blockchain-Based Federated Learning technology.
Training without differential privacy.
Federated averaging algorithm selected.
Client 0: Label 0: 114, Label 1: 94
Client 1: Label 0: 120, Label 1: 88
Client 2: Label 0: 115, Label 1: 93
Client 3: Label 0: 119, Label 1: 89
Client 4: Label 0: 125, Label 1: 83
Client 5: Label 0: 123, Label 1: 85
Client 6: Label 0: 127, Label 1: 81
Client 7: Label 0: 124, Label 1: 84
Client 8: Label 0: 122, Label 1: 86
Client 9: Label 0: 121, Label 1: 92

Round 1 of 4
-------------------------------
Predictions - 1s: 41, 0s: 167
True Labels - 1s: 81, 0s: 127
Client 7 of 10: Local Epoch [1/3] Loss: 0.5950, Accuracy: 62.50 %
Predictions - 1s: 60, 0s: 148
True Labels - 1s: 94, 0s: 114
Client 1 of 10: Local Epoch [1/3] Loss: 0.5829, Accuracy: 70.19 %
Predictions - 1s: 36, 0s: 172
True Labels - 1s: 85, 0s: 123
Client 6 of 10: Local Epoch [1/3] Loss: 0.5690, Accuracy: 72.60 %
Predictions - 1s: 81, 0s: 127
True Labels - 1s: 93, 0s: 115
Client 3 of 10: Local Epoch [1/3] Loss: 0.6052, Accuracy: 65.38 %
Predictions - 1s: 56, 0s: 157
True Labels - 1s: 92, 0s: 121
Client 10 of 10: Local Epoch [1/3] Loss: 0.5842, Accuracy: 73.71 %
Predictions - 1s: 38, 0s: 170
True Labels - 1s: 86, 0s: 122
Client 9 of 10: Local Epoch [1/3] Loss: 0.5710, Accuracy: 68.27 %
Predictions - 1s: 26, 0s: 182
True Labels - 1s: 83, 0s: 125
Client 5 of 10: Local Epoch [1/3] Loss: 0.5946, Accuracy: 67.79 %
Predictions - 1s: 55, 0s: 153
True Labels - 1s: 89, 0s: 119
Client 4 of 10: Local Epoch [1/3] Loss: 0.5416, Accuracy: 72.12 %
Predictions - 1s: 59, 0s: 149
True Labels - 1s: 88, 0s: 120
Client 2 of 10: Local Epoch [1/3] Loss: 0.5586, Accuracy: 74.52 %
Predictions - 1s: 34, 0s: 174
True Labels - 1s: 84, 0s: 124
Client 8 of 10: Local Epoch [1/3] Loss: 0.5718, Accuracy: 71.15 %
Predictions - 1s: 70, 0s: 138
True Labels - 1s: 81, 0s: 127
Client 7 of 10: Local Epoch [2/3] Loss: 0.4157, Accuracy: 83.17 %
Predictions - 1s: 93, 0s: 115
True Labels - 1s: 94, 0s: 114
Client 1 of 10: Local Epoch [2/3] Loss: 0.3371, Accuracy: 90.87 %
Predictions - 1s: 75, 0s: 133
True Labels - 1s: 85, 0s: 123
Client 6 of 10: Local Epoch [2/3] Loss: 0.3667, Accuracy: 84.62 %
Predictions - 1s: 88, 0s: 120
True Labels - 1s: 93, 0s: 115
Client 3 of 10: Local Epoch [2/3] Loss: 0.3895, Accuracy: 86.06 %
Predictions - 1s: 81, 0s: 127
True Labels - 1s: 86, 0s: 122
Client 9 of 10: Local Epoch [2/3] Loss: 0.3585, Accuracy: 87.98 %
Predictions - 1s: 82, 0s: 131
True Labels - 1s: 92, 0s: 121
Client 10 of 10: Local Epoch [2/3] Loss: 0.3564, Accuracy: 88.73 %
Predictions - 1s: 75, 0s: 133
True Labels - 1s: 83, 0s: 125
Client 5 of 10: Local Epoch [2/3] Loss: 0.3510, Accuracy: 90.38 %
Predictions - 1s: 72, 0s: 136
True Labels - 1s: 81, 0s: 127
Client 7 of 10: Local Epoch [3/3] Loss: 0.3412, Accuracy: 87.02 %
Predictions - 1s: 91, 0s: 117
True Labels - 1s: 89, 0s: 119
Client 4 of 10: Local Epoch [2/3] Loss: 0.3157, Accuracy: 88.46 %
Predictions - 1s: 84, 0s: 124
True Labels - 1s: 88, 0s: 120
Client 2 of 10: Local Epoch [2/3] Loss: 0.3618, Accuracy: 86.54 %
Predictions - 1s: 93, 0s: 115
True Labels - 1s: 94, 0s: 114
Client 1 of 10: Local Epoch [3/3] Loss: 0.2547, Accuracy: 91.83 %
Predictions - 1s: 76, 0s: 132
True Labels - 1s: 84, 0s: 124
Client 8 of 10: Local Epoch [2/3] Loss: 0.3400, Accuracy: 91.35 %
Predictions - 1s: 81, 0s: 127
True Labels - 1s: 85, 0s: 123
Client 6 of 10: Local Epoch [3/3] Loss: 0.2866, Accuracy: 89.42 %
Predictions - 1s: 95, 0s: 113
True Labels - 1s: 93, 0s: 115
Client 3 of 10: Local Epoch [3/3] Loss: 0.2931, Accuracy: 90.38 %
Predictions - 1s: 99, 0s: 114
True Labels - 1s: 92, 0s: 121
Client 10 of 10: Local Epoch [3/3] Loss: 0.2641, Accuracy: 92.02 %
Predictions - 1s: 89, 0s: 119
True Labels - 1s: 86, 0s: 122
Client 9 of 10: Local Epoch [3/3] Loss: 0.2651, Accuracy: 92.79 %
Predictions - 1s: 78, 0s: 130
True Labels - 1s: 83, 0s: 125
Client 5 of 10: Local Epoch [3/3] Loss: 0.2789, Accuracy: 88.94 %
Predictions - 1s: 83, 0s: 125
True Labels - 1s: 88, 0s: 120
Client 2 of 10: Local Epoch [3/3] Loss: 0.3060, Accuracy: 88.94 %
Predictions - 1s: 92, 0s: 116
True Labels - 1s: 89, 0s: 119
Client 4 of 10: Local Epoch [3/3] Loss: 0.2278, Accuracy: 92.79 %
Predictions - 1s: 78, 0s: 130
True Labels - 1s: 84, 0s: 124
Client 8 of 10: Local Epoch [3/3] Loss: 0.2584, Accuracy: 94.23 %
-------------------------------
Round [1/4] Average Local Loss: 0.2776, Average Local Accuracy: 90.84 %
-------------------------------
-------- Validation --------
Predictions - 1s: 204, 0s: 317
True Labels - 1s: 199, 0s: 322
Round [1/4] Global Model Validation Loss: 0.3381, Validation Accuracy: 85.60 %
-------- Validation finished --------
Updated best model in round 1 saved with Validation Loss: 0.3381 and Validation Accuracy: 85.60 %
-------------------------------

Round 2 of 4
-------------------------------
Predictions - 1s: 92, 0s: 116
True Labels - 1s: 89, 0s: 119
Client 4 of 10: Local Epoch [1/3] Loss: 0.2588, Accuracy: 90.87 %
Predictions - 1s: 79, 0s: 129
True Labels - 1s: 85, 0s: 123
Client 6 of 10: Local Epoch [1/3] Loss: 0.3094, Accuracy: 87.50 %
Predictions - 1s: 96, 0s: 112
True Labels - 1s: 93, 0s: 115
Client 3 of 10: Local Epoch [1/3] Loss: 0.3258, Accuracy: 87.02 %
Predictions - 1s: 86, 0s: 122
True Labels - 1s: 86, 0s: 122
Client 9 of 10: Local Epoch [1/3] Loss: 0.3096, Accuracy: 87.50 %
Predictions - 1s: 98, 0s: 110
True Labels - 1s: 94, 0s: 114
Client 1 of 10: Local Epoch [1/3] Loss: 0.2829, Accuracy: 89.42 %
Predictions - 1s: 89, 0s: 119
True Labels - 1s: 89, 0s: 119
Client 4 of 10: Local Epoch [2/3] Loss: 0.1793, Accuracy: 93.27 %
Predictions - 1s: 81, 0s: 127
True Labels - 1s: 81, 0s: 127
Client 7 of 10: Local Epoch [1/3] Loss: 0.3544, Accuracy: 84.62 %
Predictions - 1s: 89, 0s: 124
True Labels - 1s: 92, 0s: 121
Client 10 of 10: Local Epoch [1/3] Loss: 0.3068, Accuracy: 90.14 %
Predictions - 1s: 80, 0s: 128
True Labels - 1s: 83, 0s: 125
Client 5 of 10: Local Epoch [1/3] Loss: 0.2886, Accuracy: 88.94 %
Predictions - 1s: 85, 0s: 123
Predictions - 1s: 87, 0s: 121
True Labels - 1s: 84, 0s: 124
Client 8 of 10: Local Epoch [1/3] Loss: 0.2700, Accuracy: 89.90 %
True Labels - 1s: 88, 0s: 120
Client 2 of 10: Local Epoch [1/3] Loss: 0.3321, Accuracy: 88.94 %
Predictions - 1s: 87, 0s: 121
True Labels - 1s: 85, 0s: 123
Client 6 of 10: Local Epoch [2/3] Loss: 0.2039, Accuracy: 91.35 %
Predictions - 1s: 93, 0s: 115
True Labels - 1s: 93, 0s: 115
Client 3 of 10: Local Epoch [2/3] Loss: 0.2307, Accuracy: 91.35 %
Predictions - 1s: 94, 0s: 114
True Labels - 1s: 86, 0s: 122
Client 9 of 10: Local Epoch [2/3] Loss: 0.2539, Accuracy: 90.38 %
Predictions - 1s: 97, 0s: 111
True Labels - 1s: 94, 0s: 114
Client 1 of 10: Local Epoch [2/3] Loss: 0.1790, Accuracy: 93.75 %
Predictions - 1s: 90, 0s: 118
True Labels - 1s: 89, 0s: 119
Client 4 of 10: Local Epoch [3/3] Loss: 0.1321, Accuracy: 96.63 %
Predictions - 1s: 94, 0s: 119
True Labels - 1s: 92, 0s: 121
Client 10 of 10: Local Epoch [2/3] Loss: 0.1849, Accuracy: 93.43 %
Predictions - 1s: 79, 0s: 129
True Labels - 1s: 81, 0s: 127
Client 7 of 10: Local Epoch [2/3] Loss: 0.2622, Accuracy: 91.35 %
Predictions - 1s: 81, 0s: 127
True Labels - 1s: 83, 0s: 125
Client 5 of 10: Local Epoch [2/3] Loss: 0.1922, Accuracy: 92.31 %
Predictions - 1s: 85, 0s: 123
True Labels - 1s: 84, 0s: 124
Client 8 of 10: Local Epoch [2/3] Loss: 0.1879, Accuracy: 94.71 %
Predictions - 1s: 91, 0s: 117
True Labels - 1s: 88, 0s: 120
Client 2 of 10: Local Epoch [2/3] Loss: 0.2488, Accuracy: 90.87 %
Predictions - 1s: 81, 0s: 127
True Labels - 1s: 85, 0s: 123
Client 6 of 10: Local Epoch [3/3] Loss: 0.1629, Accuracy: 94.23 %
Predictions - 1s: 89, 0s: 119
True Labels - 1s: 86, 0s: 122
Client 9 of 10: Local Epoch [3/3] Loss: 0.1833, Accuracy: 93.75 %
Predictions - 1s: 97, 0s: 111
True Labels - 1s: 93, 0s: 115
Client 3 of 10: Local Epoch [3/3] Loss: 0.1700, Accuracy: 93.27 %
Predictions - 1s: 97, 0s: 111
True Labels - 1s: 94, 0s: 114
Client 1 of 10: Local Epoch [3/3] Loss: 0.1435, Accuracy: 95.67 %
Predictions - 1s: 93, 0s: 120
True Labels - 1s: 92, 0s: 121
Client 10 of 10: Local Epoch [3/3] Loss: 0.1490, Accuracy: 93.90 %
Predictions - 1s: 77, 0s: 131
True Labels - 1s: 81, 0s: 127
Client 7 of 10: Local Epoch [3/3] Loss: 0.2453, Accuracy: 93.27 %
Predictions - 1s: 84, 0s: 124
True Labels - 1s: 83, 0s: 125
Client 5 of 10: Local Epoch [3/3] Loss: 0.1628, Accuracy: 94.71 %
Predictions - 1s: 86, 0s: 122
True Labels - 1s: 88, 0s: 120
Client 2 of 10: Local Epoch [3/3] Loss: 0.1950, Accuracy: 94.23 %
Predictions - 1s: 81, 0s: 127
True Labels - 1s: 84, 0s: 124
Client 8 of 10: Local Epoch [3/3] Loss: 0.1788, Accuracy: 93.75 %
-------------------------------
Round [2/4] Average Local Loss: 0.1723, Average Local Accuracy: 94.34 %
-------------------------------
-------- Validation --------
Predictions - 1s: 212, 0s: 309
True Labels - 1s: 199, 0s: 322
Round [2/4] Global Model Validation Loss: 0.3251, Validation Accuracy: 87.52 %
-------- Validation finished --------
Updated best model in round 2 saved with Validation Loss: 0.3251 and Validation Accuracy: 87.52 %
-------------------------------

Round 3 of 4
-------------------------------
Predictions - 1s: 87, 0s: 121
True Labels - 1s: 81, 0s: 127
Client 7 of 10: Local Epoch [1/3] Loss: 0.3352, Accuracy: 88.46 %
Predictions - 1s: 98, 0s: 110
True Labels - 1s: 94, 0s: 114
Client 1 of 10: Local Epoch [1/3] Loss: 0.2429, Accuracy: 89.42 %
Predictions - 1s: 80, 0s: 128
True Labels - 1s: 84, 0s: 124
Client 8 of 10: Local Epoch [1/3] Loss: 0.2093, Accuracy: 93.27 %
Predictions - 1s: 88, 0s: 120
True Labels - 1s: 85, 0s: 123
Client 6 of 10: Local Epoch [1/3] Loss: 0.2503, Accuracy: 87.98 %
Predictions - 1s: 91, 0s: 122
True Labels - 1s: 92, 0s: 121
Client 10 of 10: Local Epoch [1/3] Loss: 0.2371, Accuracy: 91.08 %
Predictions - 1s: 95, 0s: 113
True Labels - 1s: 93, 0s: 115
Client 3 of 10: Local Epoch [1/3] Loss: 0.2514, Accuracy: 89.42 %
Predictions - 1s: 89, 0s: 119
True Labels - 1s: 88, 0s: 120
Client 2 of 10: Local Epoch [1/3] Loss: 0.2871, Accuracy: 88.94 %
Predictions - 1s: 93, 0s: 115
True Labels - 1s: 89, 0s: 119
Client 4 of 10: Local Epoch [1/3] Loss: 0.2111, Accuracy: 91.35 %
Predictions - 1s: 90, 0s: 118
True Labels - 1s: 86, 0s: 122
Client 9 of 10: Local Epoch [1/3] Loss: 0.2496, Accuracy: 90.38 %
Predictions - 1s: 83, 0s: 125
True Labels - 1s: 83, 0s: 125
Client 5 of 10: Local Epoch [1/3] Loss: 0.2477, Accuracy: 91.35 %
Predictions - 1s: 86, 0s: 122
True Labels - 1s: 81, 0s: 127
Client 7 of 10: Local Epoch [2/3] Loss: 0.2406, Accuracy: 92.79 %
Predictions - 1s: 82, 0s: 126
True Labels - 1s: 84, 0s: 124
Client 8 of 10: Local Epoch [2/3] Loss: 0.1891, Accuracy: 94.23 %
Predictions - 1s: 99, 0s: 109
True Labels - 1s: 94, 0s: 114
Client 1 of 10: Local Epoch [2/3] Loss: 0.1313, Accuracy: 94.71 %
Predictions - 1s: 86, 0s: 122
True Labels - 1s: 85, 0s: 123
Client 6 of 10: Local Epoch [2/3] Loss: 0.1877, Accuracy: 93.75 %
Predictions - 1s: 90, 0s: 123
True Labels - 1s: 92, 0s: 121
Client 10 of 10: Local Epoch [2/3] Loss: 0.1625, Accuracy: 93.43 %
Predictions - 1s: 94, 0s: 114
True Labels - 1s: 93, 0s: 115
Client 3 of 10: Local Epoch [2/3] Loss: 0.1645, Accuracy: 95.67 %
Predictions - 1s: 87, 0s: 121
True Labels - 1s: 88, 0s: 120
Client 2 of 10: Local Epoch [2/3] Loss: 0.2017, Accuracy: 93.75 %
Predictions - 1s: 92, 0s: 116
True Labels - 1s: 89, 0s: 119
Client 4 of 10: Local Epoch [2/3] Loss: 0.1443, Accuracy: 93.75 %
Predictions - 1s: 86, 0s: 122
True Labels - 1s: 86, 0s: 122
Client 9 of 10: Local Epoch [2/3] Loss: 0.1743, Accuracy: 94.23 %
Predictions - 1s: 81, 0s: 127
True Labels - 1s: 81, 0s: 127
Client 7 of 10: Local Epoch [3/3] Loss: 0.1940, Accuracy: 93.27 %
Predictions - 1s: 82, 0s: 126
True Labels - 1s: 83, 0s: 125
Client 5 of 10: Local Epoch [2/3] Loss: 0.1734, Accuracy: 93.75 %
Predictions - 1s: 84, 0s: 124
True Labels - 1s: 84, 0s: 124
Client 8 of 10: Local Epoch [3/3] Loss: 0.1517, Accuracy: 95.19 %
Predictions - 1s: 97, 0s: 111
True Labels - 1s: 94, 0s: 114
Client 1 of 10: Local Epoch [3/3] Loss: 0.1207, Accuracy: 96.63 %
Predictions - 1s: 83, 0s: 125
True Labels - 1s: 85, 0s: 123
Client 6 of 10: Local Epoch [3/3] Loss: 0.1480, Accuracy: 94.23 %
Predictions - 1s: 91, 0s: 122
True Labels - 1s: 92, 0s: 121
Client 10 of 10: Local Epoch [3/3] Loss: 0.1017, Accuracy: 97.65 %
Predictions - 1s: 93, 0s: 115
True Labels - 1s: 93, 0s: 115
Client 3 of 10: Local Epoch [3/3] Loss: 0.1294, Accuracy: 96.15 %
Predictions - 1s: 92, 0s: 116
True Labels - 1s: 89, 0s: 119
Client 4 of 10: Local Epoch [3/3] Loss: 0.1071, Accuracy: 96.63 %
Predictions - 1s: 87, 0s: 121
True Labels - 1s: 88, 0s: 120
Client 2 of 10: Local Epoch [3/3] Loss: 0.1949, Accuracy: 93.75 %
Predictions - 1s: 91, 0s: 117
True Labels - 1s: 86, 0s: 122
Client 9 of 10: Local Epoch [3/3] Loss: 0.1670, Accuracy: 94.71 %
Predictions - 1s: 83, 0s: 125
True Labels - 1s: 83, 0s: 125
Client 5 of 10: Local Epoch [3/3] Loss: 0.1352, Accuracy: 96.15 %
-------------------------------
Round [3/4] Average Local Loss: 0.1450, Average Local Accuracy: 95.44 %
-------------------------------
-------- Validation --------
Predictions - 1s: 213, 0s: 308
True Labels - 1s: 199, 0s: 322
Round [3/4] Global Model Validation Loss: 0.3297, Validation Accuracy: 87.72 %
-------- Validation finished --------

Round 4 of 4
-------------------------------
Predictions - 1s: 94, 0s: 114
True Labels - 1s: 93, 0s: 115
Client 3 of 10: Local Epoch [1/3] Loss: 0.2412, Accuracy: 91.83 %
Predictions - 1s: 91, 0s: 117
True Labels - 1s: 89, 0s: 119
Client 4 of 10: Local Epoch [1/3] Loss: 0.1759, Accuracy: 92.31 %
Predictions - 1s: 88, 0s: 120
True Labels - 1s: 85, 0s: 123
Client 6 of 10: Local Epoch [1/3] Loss: 0.2592, Accuracy: 88.94 %
Predictions - 1s: 82, 0s: 126
True Labels - 1s: 81, 0s: 127
Client 7 of 10: Local Epoch [1/3] Loss: 0.2954, Accuracy: 89.90 %
Predictions - 1s: 84, 0s: 124
True Labels - 1s: 86, 0s: 122
Client 9 of 10: Local Epoch [1/3] Loss: 0.2648, Accuracy: 89.42 %
Predictions - 1s: 89, 0s: 119
True Labels - 1s: 88, 0s: 120
Client 2 of 10: Local Epoch [1/3] Loss: 0.2701, Accuracy: 87.98 %
Predictions - 1s: 95, 0s: 113
True Labels - 1s: 93, 0s: 115
Client 3 of 10: Local Epoch [2/3] Loss: 0.1545, Accuracy: 93.27 %
Predictions - 1s: 90, 0s: 118
True Labels - 1s: 89, 0s: 119
Client 4 of 10: Local Epoch [2/3] Loss: 0.1237, Accuracy: 95.67 %
Predictions - 1s: 80, 0s: 128
True Labels - 1s: 84, 0s: 124
Client 8 of 10: Local Epoch [1/3] Loss: 0.2189, Accuracy: 94.23 %
Predictions - 1s: 83, 0s: 125
True Labels - 1s: 83, 0s: 125
Client 5 of 10: Local Epoch [1/3] Loss: 0.2337, Accuracy: 91.35 %
Predictions - 1s: 98, 0s: 110
True Labels - 1s: 94, 0s: 114
Client 1 of 10: Local Epoch [1/3] Loss: 0.1917, Accuracy: 93.27 %
Predictions - 1s: 90, 0s: 123
True Labels - 1s: 92, 0s: 121
Client 10 of 10: Local Epoch [1/3] Loss: 0.1896, Accuracy: 92.49 %
Predictions - 1s: 84, 0s: 124
True Labels - 1s: 85, 0s: 123
Client 6 of 10: Local Epoch [2/3] Loss: 0.1383, Accuracy: 94.71 %
Predictions - 1s: 79, 0s: 129
True Labels - 1s: 81, 0s: 127
Client 7 of 10: Local Epoch [2/3] Loss: 0.2061, Accuracy: 93.27 %
Predictions - 1s: 88, 0s: 120
True Labels - 1s: 86, 0s: 122
Client 9 of 10: Local Epoch [2/3] Loss: 0.1664, Accuracy: 94.23 %
Predictions - 1s: 98, 0s: 110
True Labels - 1s: 93, 0s: 115
Client 3 of 10: Local Epoch [3/3] Loss: 0.1243, Accuracy: 94.71 %
Predictions - 1s: 86, 0s: 122
True Labels - 1s: 88, 0s: 120
Client 2 of 10: Local Epoch [2/3] Loss: 0.1919, Accuracy: 94.23 %
Predictions - 1s: 89, 0s: 119
True Labels - 1s: 89, 0s: 119
Client 4 of 10: Local Epoch [3/3] Loss: 0.1095, Accuracy: 97.12 %
Predictions - 1s: 82, 0s: 126
True Labels - 1s: 83, 0s: 125
Client 5 of 10: Local Epoch [2/3] Loss: 0.1679, Accuracy: 94.71 %
Predictions - 1s: 94, 0s: 114
True Labels - 1s: 94, 0s: 114
Client 1 of 10: Local Epoch [2/3] Loss: 0.1302, Accuracy: 96.15 %
Predictions - 1s: 84, 0s: 124
True Labels - 1s: 84, 0s: 124
Client 8 of 10: Local Epoch [2/3] Loss: 0.1575, Accuracy: 95.19 %
Predictions - 1s: 92, 0s: 121
True Labels - 1s: 92, 0s: 121
Client 10 of 10: Local Epoch [2/3] Loss: 0.1310, Accuracy: 94.37 %
Predictions - 1s: 86, 0s: 122
True Labels - 1s: 85, 0s: 123
Client 6 of 10: Local Epoch [3/3] Loss: 0.1208, Accuracy: 96.63 %
Predictions - 1s: 84, 0s: 124
True Labels - 1s: 81, 0s: 127
Client 7 of 10: Local Epoch [3/3] Loss: 0.1976, Accuracy: 93.75 %
Predictions - 1s: 90, 0s: 118
True Labels - 1s: 86, 0s: 122
Client 9 of 10: Local Epoch [3/3] Loss: 0.1447, Accuracy: 95.19 %
Predictions - 1s: 93, 0s: 115
True Labels - 1s: 88, 0s: 120
Client 2 of 10: Local Epoch [3/3] Loss: 0.1808, Accuracy: 91.83 %
Predictions - 1s: 85, 0s: 123
True Labels - 1s: 83, 0s: 125
Client 5 of 10: Local Epoch [3/3] Loss: 0.1320, Accuracy: 94.23 %
Predictions - 1s: 95, 0s: 113
True Labels - 1s: 94, 0s: 114
Client 1 of 10: Local Epoch [3/3] Loss: 0.0975, Accuracy: 96.63 %
Predictions - 1s: 87, 0s: 121
True Labels - 1s: 84, 0s: 124
Client 8 of 10: Local Epoch [3/3] Loss: 0.1432, Accuracy: 95.67 %
Predictions - 1s: 94, 0s: 119
True Labels - 1s: 92, 0s: 121
Client 10 of 10: Local Epoch [3/3] Loss: 0.1050, Accuracy: 96.24 %
-------------------------------
Round [4/4] Average Local Loss: 0.1355, Average Local Accuracy: 95.20 %
-------------------------------
-------- Validation --------
Predictions - 1s: 211, 0s: 310
True Labels - 1s: 199, 0s: 322
Round [4/4] Global Model Validation Loss: 0.3227, Validation Accuracy: 87.72 %
-------- Validation finished --------
Updated best model in round 4 saved with Validation Loss: 0.3227 and Validation Accuracy: 87.72 %
-------------------------------
Best model in round 4 saved with Validation Loss: 0.3227 and Validation Accuracy: 87.72 %

-------- Training finished in 8:33 --------

Test flag enabled. Testing the model

-------- Loading best model from model_path --------
Loaded model bert-small from date 22-04-2024 11:12. Trained with Federated Learning technology.
Round 4, lr: 6e-05, optimizer: AdamW
Average train accuracy: 95.20 %, Validation accuracy: 87.72 %
-------- Best model loaded --------

-------- Creating Test Dataloader --------
Test Loader: 650 total sentences. 82 batches of size 8.
-------- Test Dataloader created --------

-------- Testing --------
Predictions - 1s: 263, 0s: 387
True Labels - 1s: 268, 0s: 382
Nº of test samples: 650
Accuracy: 89.69%
Accuracy 2 : 89.69%
Precision: 89.46%
Recall: 89.23%
F1 Score: 89.33%
Classification report:
              precision    recall  f1-score   support

           0     0.9070    0.9188    0.9129       382
           1     0.8821    0.8657    0.8738       268

    accuracy                         0.8969       650
   macro avg     0.8946    0.8923    0.8933       650
weighted avg     0.8967    0.8969    0.8968       650

-------- Testing finished --------
