Current configuration:
{
    "concurrency_flag": true,
    "data_distribution": "iid",
    "dataset": "acl_dep_sad",
    "device": "cuda",
    "dp_delta": 0.003,
    "dp_epsilon": 0.0,
    "eval_batch_size": 4,
    "eval_flag": true,
    "eval_size": 0.2,
    "fed_alg": "fedavg",
    "layers": 3,
    "learning_rate": 6e-05,
    "max_length": 512,
    "ml_mode": "bcfl",
    "model": "bert_small",
    "model_name": "bcfl_small_c3_seed2_acl_dep_sad",
    "models_path": "/local/vpaloma/fabric-federated-learning/ablation_study/phase-4/final/accs-times/acl_dep_sad/",
    "mu": 0.5,
    "num_clients": 3,
    "num_epochs": 3,
    "num_rounds": 4,
    "optimizer": "AdamW",
    "progress_bar_flag": false,
    "save_model": true,
    "scheduler": "linear",
    "scheduler_warmup_steps": 0,
    "seed": "random",
    "test_flag": true,
    "train_batch_size": 4,
    "train_size": 0.8
}
-------- Configuration loaded --------

-------- Setting device --------
cuda device selected and available.
-------- Device set --------

-------- Setting seed --------
seed set:  772607
-------- Seed set --------

-------- Creating Model --------
-------- Model created --------

-------- Setting Trainable Layers --------
Training the last 3 layers.

Total parameters count: 28764674
Trainable parameters count: 3416066
-------- Trainable Layers set --------

-------- Creating Tokenizer --------
-------- Tokenizer created --------

-------- Creating Train and Eval Dataloaders --------
Train Loader: 2085 total sentences. 522 batches of size 4.
Eval Loader: 521 total sentences. 131 batches of size 4.
-------- Train and Eval Dataloaders created --------

-------- Training --------
Training with Blockchain-Based Federated Learning technology.
Training without differential privacy.
Federated averaging algorithm selected.
Client 0: Label 0: 408, Label 1: 287
Client 1: Label 0: 396, Label 1: 299
Client 2: Label 0: 421, Label 1: 274

Round 1 of 4
-------------------------------
Predictions - 1s: 240, 0s: 455
True Labels - 1s: 287, 0s: 408
Client 1 of 3: Local Epoch [1/3] Loss: 0.4093, Accuracy: 82.30 %
Predictions - 1s: 316, 0s: 379
True Labels - 1s: 299, 0s: 396
Client 2 of 3: Local Epoch [1/3] Loss: 0.3868, Accuracy: 85.76 %
Predictions - 1s: 229, 0s: 466
True Labels - 1s: 274, 0s: 421
Client 3 of 3: Local Epoch [1/3] Loss: 0.4023, Accuracy: 82.01 %
Predictions - 1s: 302, 0s: 393
True Labels - 1s: 299, 0s: 396
Client 2 of 3: Local Epoch [2/3] Loss: 0.2217, Accuracy: 91.80 %
Predictions - 1s: 300, 0s: 395
Predictions - 1s: 275, 0s: 420
True Labels - 1s: 287, 0s: 408
True Labels - 1s: 274, 0s: 421
Client 1 of 3: Local Epoch [2/3] Loss: 0.2389, Accuracy: 90.94 %
Client 3 of 3: Local Epoch [2/3] Loss: 0.2212, Accuracy: 92.95 %
Predictions - 1s: 279, 0s: 416
Predictions - 1s: 309, 0s: 386
True Labels - 1s: 274, 0s: 421
Client 3 of 3: Local Epoch [3/3] Loss: 0.1732, Accuracy: 93.24 %
True Labels - 1s: 299, 0s: 396
Predictions - 1s: 301, 0s: 394
Client 2 of 3: Local Epoch [3/3] Loss: 0.1760, Accuracy: 93.67 %
True Labels - 1s: 287, 0s: 408
Client 1 of 3: Local Epoch [3/3] Loss: 0.1939, Accuracy: 92.81 %
-------------------------------
Round [1/4] Average Local Loss: 0.1810, Average Local Accuracy: 93.24 %
-------------------------------
-------- Validation --------
Predictions - 1s: 216, 0s: 305
True Labels - 1s: 214, 0s: 307
Round [1/4] Global Model Validation Loss: 0.2290, Validation Accuracy: 90.40 %
-------- Validation finished --------
Updated best model in round 1 saved with Validation Loss: 0.2290 and Validation Accuracy: 90.40 %
-------------------------------

Round 2 of 4
-------------------------------
Predictions - 1s: 279, 0s: 416
True Labels - 1s: 274, 0s: 421
Client 3 of 3: Local Epoch [1/3] Loss: 0.2047, Accuracy: 92.66 %
Predictions - 1s: 301, 0s: 394
True Labels - 1s: 299, 0s: 396
Client 2 of 3: Local Epoch [1/3] Loss: 0.2111, Accuracy: 91.94 %
Predictions - 1s: 288, 0s: 407
True Labels - 1s: 287, 0s: 408
Client 1 of 3: Local Epoch [1/3] Loss: 0.2162, Accuracy: 92.09 %
Predictions - 1s: 290, 0s: 405
True Labels - 1s: 287, 0s: 408
Client 1 of 3: Local Epoch [2/3] Loss: 0.1775, Accuracy: 93.24 %
Predictions - 1s: 302, 0s: 393
True Labels - 1s: 299, 0s: 396
Client 2 of 3: Local Epoch [2/3] Loss: 0.1525, Accuracy: 94.96 %
Predictions - 1s: 269, 0s: 426
True Labels - 1s: 274, 0s: 421
Client 3 of 3: Local Epoch [2/3] Loss: 0.1378, Accuracy: 94.96 %
Predictions - 1s: 274, 0s: 421
True Labels - 1s: 274, 0s: 421
Client 3 of 3: Local Epoch [3/3] Loss: 0.1094, Accuracy: 96.55 %
Predictions - 1s: 301, 0s: 394
Predictions - 1s: 300, 0s: 395
True Labels - 1s: 299, 0s: 396
Client 2 of 3: Local Epoch [3/3] Loss: 0.1335, Accuracy: 95.68 %
True Labels - 1s: 287, 0s: 408
Client 1 of 3: Local Epoch [3/3] Loss: 0.1472, Accuracy: 94.39 %
-------------------------------
Round [2/4] Average Local Loss: 0.1301, Average Local Accuracy: 95.54 %
-------------------------------
-------- Validation --------
Predictions - 1s: 209, 0s: 312
True Labels - 1s: 214, 0s: 307
Round [2/4] Global Model Validation Loss: 0.2107, Validation Accuracy: 92.51 %
-------- Validation finished --------
Updated best model in round 2 saved with Validation Loss: 0.2107 and Validation Accuracy: 92.51 %
-------------------------------

Round 3 of 4
-------------------------------
Predictions - 1s: 305, 0s: 390
True Labels - 1s: 299, 0s: 396
Client 2 of 3: Local Epoch [1/3] Loss: 0.1804, Accuracy: 93.38 %
Predictions - 1s: 279, 0s: 416
True Labels - 1s: 274, 0s: 421
Client 3 of 3: Local Epoch [1/3] Loss: 0.1667, Accuracy: 94.10 %
Predictions - 1s: 298, 0s: 397
True Labels - 1s: 287, 0s: 408
Client 1 of 3: Local Epoch [1/3] Loss: 0.1942, Accuracy: 93.24 %
Predictions - 1s: 299, 0s: 396
True Labels - 1s: 299, 0s: 396
Client 2 of 3: Local Epoch [2/3] Loss: 0.1061, Accuracy: 96.55 %
Predictions - 1s: 296, 0s: 399
True Labels - 1s: 287, 0s: 408
Client 1 of 3: Local Epoch [2/3] Loss: 0.1451, Accuracy: 94.68 %
Predictions - 1s: 274, 0s: 421
True Labels - 1s: 274, 0s: 421
Client 3 of 3: Local Epoch [2/3] Loss: 0.1039, Accuracy: 96.26 %
Predictions - 1s: 277, 0s: 418
True Labels - 1s: 274, 0s: 421
Client 3 of 3: Local Epoch [3/3] Loss: 0.0789, Accuracy: 97.84 %
Predictions - 1s: 296, 0s: 399
True Labels - 1s: 287, 0s: 408
Client 1 of 3: Local Epoch [3/3] Loss: 0.1058, Accuracy: 96.12 %
Predictions - 1s: 300, 0s: 395
True Labels - 1s: 299, 0s: 396
Client 2 of 3: Local Epoch [3/3] Loss: 0.0922, Accuracy: 96.69 %
-------------------------------
Round [3/4] Average Local Loss: 0.0923, Average Local Accuracy: 96.88 %
-------------------------------
-------- Validation --------
Predictions - 1s: 207, 0s: 314
True Labels - 1s: 214, 0s: 307
Round [3/4] Global Model Validation Loss: 0.1962, Validation Accuracy: 92.90 %
-------- Validation finished --------
Updated best model in round 3 saved with Validation Loss: 0.1962 and Validation Accuracy: 92.90 %
-------------------------------

Round 4 of 4
-------------------------------
Predictions - 1s: 290, 0s: 405
True Labels - 1s: 287, 0s: 408
Client 1 of 3: Local Epoch [1/3] Loss: 0.1649, Accuracy: 94.10 %
Predictions - 1s: 274, 0s: 421
True Labels - 1s: 274, 0s: 421
Client 3 of 3: Local Epoch [1/3] Loss: 0.1295, Accuracy: 95.68 %
Predictions - 1s: 300, 0s: 395
True Labels - 1s: 299, 0s: 396
Client 2 of 3: Local Epoch [1/3] Loss: 0.1242, Accuracy: 95.83 %
Predictions - 1s: 294, 0s: 401
True Labels - 1s: 287, 0s: 408
Client 1 of 3: Local Epoch [2/3] Loss: 0.0945, Accuracy: 97.27 %
Predictions - 1s: 297, 0s: 398
True Labels - 1s: 299, 0s: 396
Client 2 of 3: Local Epoch [2/3] Loss: 0.0905, Accuracy: 97.12 %
Predictions - 1s: 275, 0s: 420
True Labels - 1s: 274, 0s: 421
Client 3 of 3: Local Epoch [2/3] Loss: 0.0856, Accuracy: 96.69 %
Predictions - 1s: 301, 0s: 394
True Labels - 1s: 299, 0s: 396
Client 2 of 3: Local Epoch [3/3] Loss: 0.0640, Accuracy: 97.99 %
Predictions - 1s: 274, 0s: 421
True Labels - 1s: 274, 0s: 421
Client 3 of 3: Local Epoch [3/3] Loss: 0.0562, Accuracy: 98.27 %
Predictions - 1s: 291, 0s: 404
True Labels - 1s: 287, 0s: 408
Client 1 of 3: Local Epoch [3/3] Loss: 0.0915, Accuracy: 97.12 %
-------------------------------
Round [4/4] Average Local Loss: 0.0706, Average Local Accuracy: 97.79 %
-------------------------------
-------- Validation --------
Predictions - 1s: 208, 0s: 313
True Labels - 1s: 214, 0s: 307
Round [4/4] Global Model Validation Loss: 0.1944, Validation Accuracy: 93.47 %
-------- Validation finished --------
Updated best model in round 4 saved with Validation Loss: 0.1944 and Validation Accuracy: 93.47 %
-------------------------------
Best model in round 4 saved with Validation Loss: 0.1944 and Validation Accuracy: 93.47 %

-------- Training finished in 5:35 --------

Test flag enabled. Testing the model

-------- Loading best model from model_path --------
Loaded model bert-small from date 22-04-2024 13:02. Trained with Federated Learning technology.
Round 4, lr: 6e-05, optimizer: AdamW
Average train accuracy: 97.79 %, Validation accuracy: 93.47 %
-------- Best model loaded --------

-------- Creating Test Dataloader --------
Test Loader: 650 total sentences. 82 batches of size 8.
-------- Test Dataloader created --------

-------- Testing --------
Predictions - 1s: 250, 0s: 400
True Labels - 1s: 268, 0s: 382
Nº of test samples: 650
Accuracy: 92.62%
Accuracy 2 : 92.62%
Precision: 92.88%
Recall: 91.88%
F1 Score: 92.30%
Classification report:
              precision    recall  f1-score   support

           0     0.9175    0.9607    0.9386       382
           1     0.9400    0.8769    0.9073       268

    accuracy                         0.9262       650
   macro avg     0.9287    0.9188    0.9230       650
weighted avg     0.9268    0.9262    0.9257       650

-------- Testing finished --------
