Current configuration:
{
    "concurrency_flag": false,
    "data_distribution": "iid",
    "dataset": "acl_dep_sad",
    "device": "cuda",
    "dp_delta": 0.003,
    "dp_epsilon": 0.0,
    "eval_batch_size": 4,
    "eval_flag": true,
    "eval_size": 0.2,
    "fed_alg": "fedavg",
    "layers": 4,
    "learning_rate": 3e-05,
    "max_length": 512,
    "ml_mode": "ml",
    "model": "bert_tiny",
    "model_name": "bert_tiny_4_3e5",
    "models_path": "/local/vpaloma/ablation_study/layers-lr/",
    "mu": 0.5,
    "num_clients": 5,
    "num_epochs": 10,
    "num_rounds": 5,
    "optimizer": "AdamW",
    "progress_bar_flag": false,
    "save_model": true,
    "scheduler": "linear",
    "scheduler_warmup_steps": 0,
    "seed": 0,
    "test_flag": true,
    "train_batch_size": 4,
    "train_size": 0.8
}
-------- Configuration loaded --------

-------- Setting device --------
cuda device selected and available.
-------- Device set --------

-------- Setting seed --------
-------- Seed set --------

-------- Creating Model --------
-------- Model created --------

-------- Setting Trainable Layers --------
Training the last 4 layers.

Total parameters count: 4386178
Trainable parameters count: 413314
-------- Trainable Layers set --------

-------- Creating Tokenizer --------
-------- Tokenizer created --------

-------- Creating Train and Eval Dataloaders --------
Train Loader: 2085 total sentences. 522 batches of size 4.
Eval Loader: 521 total sentences. 131 batches of size 4.
-------- Train and Eval Dataloaders created --------

-------- Creating Optimizer --------
-------- Optimizer created --------

-------- Creating Scheduler --------
-------- Scheduler created --------

-------- Training --------
Training with Centralised Machine Learning technology.
Training without differential privacy.
Epoch [1/10], Step [100/522], Loss: 0.6675, Accuracy: 60.75 %
Epoch [1/10], Step [200/522], Loss: 0.6359, Accuracy: 67.75 %
Epoch [1/10], Step [300/522], Loss: 0.5950, Accuracy: 72.08 %
Epoch [1/10], Step [400/522], Loss: 0.5631, Accuracy: 74.25 %
Epoch [1/10], Step [500/522], Loss: 0.5342, Accuracy: 76.10 %
-------------------------------
Epoch [1/10] Loss: 0.5286, Accuracy: 76.50 %
-------------------------------
-------- Validation --------
Validation Loss: 0.3495, Validation Accuracy: 87.33 %
-------- Validation finished --------
Updated best model in epoch 1 saved with Validation Accuracy: 87.33 %
-------------------------------
Epoch [2/10], Step [100/522], Loss: 0.3108, Accuracy: 91.00 %
Epoch [2/10], Step [200/522], Loss: 0.3229, Accuracy: 89.62 %
Epoch [2/10], Step [300/522], Loss: 0.3256, Accuracy: 88.83 %
Epoch [2/10], Step [400/522], Loss: 0.3251, Accuracy: 88.31 %
Epoch [2/10], Step [500/522], Loss: 0.3231, Accuracy: 88.00 %
-------------------------------
Epoch [2/10] Loss: 0.3208, Accuracy: 88.11 %
-------------------------------
-------- Validation --------
Validation Loss: 0.2783, Validation Accuracy: 89.64 %
-------- Validation finished --------
Updated best model in epoch 2 saved with Validation Accuracy: 89.64 %
-------------------------------
Epoch [3/10], Step [100/522], Loss: 0.2687, Accuracy: 89.50 %
Epoch [3/10], Step [200/522], Loss: 0.2659, Accuracy: 89.88 %
Epoch [3/10], Step [300/522], Loss: 0.2799, Accuracy: 89.00 %
Epoch [3/10], Step [400/522], Loss: 0.2704, Accuracy: 89.38 %
Epoch [3/10], Step [500/522], Loss: 0.2638, Accuracy: 89.60 %
-------------------------------
Epoch [3/10] Loss: 0.2621, Accuracy: 89.74 %
-------------------------------
-------- Validation --------
Validation Loss: 0.2519, Validation Accuracy: 90.02 %
-------- Validation finished --------
Updated best model in epoch 3 saved with Validation Accuracy: 90.02 %
-------------------------------
Epoch [4/10], Step [100/522], Loss: 0.2411, Accuracy: 91.50 %
Epoch [4/10], Step [200/522], Loss: 0.2467, Accuracy: 90.62 %
Epoch [4/10], Step [300/522], Loss: 0.2479, Accuracy: 90.92 %
Epoch [4/10], Step [400/522], Loss: 0.2524, Accuracy: 90.31 %
Epoch [4/10], Step [500/522], Loss: 0.2448, Accuracy: 90.70 %
-------------------------------
Epoch [4/10] Loss: 0.2426, Accuracy: 90.74 %
-------------------------------
-------- Validation --------
Validation Loss: 0.2388, Validation Accuracy: 90.21 %
-------- Validation finished --------
Updated best model in epoch 4 saved with Validation Accuracy: 90.21 %
-------------------------------
Epoch [5/10], Step [100/522], Loss: 0.2135, Accuracy: 91.50 %
Epoch [5/10], Step [200/522], Loss: 0.2065, Accuracy: 91.62 %
Epoch [5/10], Step [300/522], Loss: 0.1961, Accuracy: 92.25 %
Epoch [5/10], Step [400/522], Loss: 0.2063, Accuracy: 91.81 %
Epoch [5/10], Step [500/522], Loss: 0.2035, Accuracy: 92.05 %
-------------------------------
Epoch [5/10] Loss: 0.2039, Accuracy: 91.99 %
-------------------------------
-------- Validation --------
Validation Loss: 0.2268, Validation Accuracy: 90.79 %
-------- Validation finished --------
Updated best model in epoch 5 saved with Validation Accuracy: 90.79 %
-------------------------------
Epoch [6/10], Step [100/522], Loss: 0.1924, Accuracy: 92.75 %
Epoch [6/10], Step [200/522], Loss: 0.1995, Accuracy: 92.88 %
Epoch [6/10], Step [300/522], Loss: 0.1929, Accuracy: 93.08 %
Epoch [6/10], Step [400/522], Loss: 0.1985, Accuracy: 92.44 %
Epoch [6/10], Step [500/522], Loss: 0.1993, Accuracy: 92.40 %
-------------------------------
Epoch [6/10] Loss: 0.1976, Accuracy: 92.52 %
-------------------------------
-------- Validation --------
Validation Loss: 0.2305, Validation Accuracy: 90.79 %
-------- Validation finished --------
Updated best model in epoch 6 saved with Validation Accuracy: 90.79 %
-------------------------------
Epoch [7/10], Step [100/522], Loss: 0.1478, Accuracy: 95.25 %
Epoch [7/10], Step [200/522], Loss: 0.2052, Accuracy: 92.00 %
Epoch [7/10], Step [300/522], Loss: 0.2066, Accuracy: 91.92 %
Epoch [7/10], Step [400/522], Loss: 0.2004, Accuracy: 91.94 %
Epoch [7/10], Step [500/522], Loss: 0.1913, Accuracy: 92.40 %
-------------------------------
Epoch [7/10] Loss: 0.1911, Accuracy: 92.37 %
-------------------------------
-------- Validation --------
Validation Loss: 0.2133, Validation Accuracy: 91.55 %
-------- Validation finished --------
Updated best model in epoch 7 saved with Validation Accuracy: 91.55 %
-------------------------------
Epoch [8/10], Step [100/522], Loss: 0.2071, Accuracy: 91.25 %
Epoch [8/10], Step [200/522], Loss: 0.1902, Accuracy: 92.50 %
Epoch [8/10], Step [300/522], Loss: 0.1992, Accuracy: 92.08 %
Epoch [8/10], Step [400/522], Loss: 0.1993, Accuracy: 92.44 %
Epoch [8/10], Step [500/522], Loss: 0.1874, Accuracy: 92.95 %
-------------------------------
Epoch [8/10] Loss: 0.1894, Accuracy: 92.81 %
-------------------------------
-------- Validation --------
Validation Loss: 0.2182, Validation Accuracy: 91.75 %
-------- Validation finished --------
Updated best model in epoch 8 saved with Validation Accuracy: 91.75 %
-------------------------------
Epoch [9/10], Step [100/522], Loss: 0.1940, Accuracy: 94.00 %
Epoch [9/10], Step [200/522], Loss: 0.2053, Accuracy: 92.75 %
Epoch [9/10], Step [300/522], Loss: 0.1987, Accuracy: 93.00 %
Epoch [9/10], Step [400/522], Loss: 0.1923, Accuracy: 93.19 %
Epoch [9/10], Step [500/522], Loss: 0.1848, Accuracy: 93.45 %
-------------------------------
Epoch [9/10] Loss: 0.1845, Accuracy: 93.38 %
-------------------------------
-------- Validation --------
Validation Loss: 0.2177, Validation Accuracy: 91.75 %
-------- Validation finished --------
Updated best model in epoch 9 saved with Validation Accuracy: 91.75 %
-------------------------------
Epoch [10/10], Step [100/522], Loss: 0.1618, Accuracy: 93.25 %
Epoch [10/10], Step [200/522], Loss: 0.1953, Accuracy: 91.88 %
Epoch [10/10], Step [300/522], Loss: 0.1957, Accuracy: 92.17 %
Epoch [10/10], Step [400/522], Loss: 0.1908, Accuracy: 92.56 %
Epoch [10/10], Step [500/522], Loss: 0.1820, Accuracy: 93.15 %
-------------------------------
Epoch [10/10] Loss: 0.1807, Accuracy: 93.19 %
-------------------------------
-------- Validation --------
Validation Loss: 0.2155, Validation Accuracy: 91.55 %
-------- Validation finished --------
Best model in epoch 9 saved with Validation Accuracy: 91.75 %
-------- Training finished --------

Test flag enabled. Testing the model

-------- Loading best model from model_path --------
Loaded model bert-tiny from date 01-02-2024 10:21. Trained with Centralised Machine Learning technology.
Epoch 9, lr: 3e-05, optimizer: AdamW
Train accuracy: 93.38 %, Validation accuracy: 91.75 %
-------- Best model loaded --------

-------- Creating Test Dataloader --------
Test Loader: 650 total sentences. 82 batches of size 8.
-------- Test Dataloader created --------

-------- Testing --------
Nº of test samples: 650
Accuracy: 92.31%
Precision: 91.86%
Recall: 92.56%
F1 Score: 92.14%
-------- Testing finished --------
