Current configuration:
{
    "concurrency_flag": false,
    "data_distribution": "iid",
    "dataset": "acl_dep_sad",
    "device": "cuda",
    "dp_delta": 0.003,
    "dp_epsilon": 0.0,
    "eval_batch_size": 4,
    "eval_flag": true,
    "eval_size": 0.2,
    "fed_alg": "fedavg",
    "layers": 2,
    "learning_rate": 3e-05,
    "max_length": 512,
    "ml_mode": "ml",
    "model": "bert_tiny",
    "model_name": "bert_tiny_2_3e5",
    "models_path": "/local/vpaloma/ablation_study/layers-lr/",
    "mu": 0.5,
    "num_clients": 5,
    "num_epochs": 10,
    "num_rounds": 5,
    "optimizer": "AdamW",
    "progress_bar_flag": false,
    "save_model": true,
    "scheduler": "linear",
    "scheduler_warmup_steps": 0,
    "seed": 0,
    "test_flag": true,
    "train_batch_size": 4,
    "train_size": 0.8
}
-------- Configuration loaded --------

-------- Setting device --------
cuda device selected and available.
-------- Device set --------

-------- Setting seed --------
-------- Seed set --------

-------- Creating Model --------
-------- Model created --------

-------- Setting Trainable Layers --------
Training the last 2 layers.

Total parameters count: 4386178
Trainable parameters count: 16770
-------- Trainable Layers set --------

-------- Creating Tokenizer --------
-------- Tokenizer created --------

-------- Creating Train and Eval Dataloaders --------
Train Loader: 2085 total sentences. 522 batches of size 4.
Eval Loader: 521 total sentences. 131 batches of size 4.
-------- Train and Eval Dataloaders created --------

-------- Creating Optimizer --------
-------- Optimizer created --------

-------- Creating Scheduler --------
-------- Scheduler created --------

-------- Training --------
Training with Centralised Machine Learning technology.
Training without differential privacy.
Epoch [1/10], Step [100/522], Loss: 0.6865, Accuracy: 55.50 %
Epoch [1/10], Step [200/522], Loss: 0.6763, Accuracy: 58.50 %
Epoch [1/10], Step [300/522], Loss: 0.6681, Accuracy: 59.42 %
Epoch [1/10], Step [400/522], Loss: 0.6661, Accuracy: 58.81 %
Epoch [1/10], Step [500/522], Loss: 0.6631, Accuracy: 58.85 %
-------------------------------
Epoch [1/10] Loss: 0.6639, Accuracy: 58.51 %
-------------------------------
-------- Validation --------
Validation Loss: 0.6273, Validation Accuracy: 62.19 %
-------- Validation finished --------
Updated best model in epoch 1 saved with Validation Accuracy: 62.19 %
-------------------------------
Epoch [2/10], Step [100/522], Loss: 0.6319, Accuracy: 60.50 %
Epoch [2/10], Step [200/522], Loss: 0.6326, Accuracy: 60.75 %
Epoch [2/10], Step [300/522], Loss: 0.6313, Accuracy: 62.83 %
Epoch [2/10], Step [400/522], Loss: 0.6255, Accuracy: 63.31 %
Epoch [2/10], Step [500/522], Loss: 0.6224, Accuracy: 63.35 %
-------------------------------
Epoch [2/10] Loss: 0.6203, Accuracy: 63.60 %
-------------------------------
-------- Validation --------
Validation Loss: 0.5750, Validation Accuracy: 72.55 %
-------- Validation finished --------
Updated best model in epoch 2 saved with Validation Accuracy: 72.55 %
-------------------------------
Epoch [3/10], Step [100/522], Loss: 0.5905, Accuracy: 66.00 %
Epoch [3/10], Step [200/522], Loss: 0.5818, Accuracy: 69.88 %
Epoch [3/10], Step [300/522], Loss: 0.5821, Accuracy: 70.67 %
Epoch [3/10], Step [400/522], Loss: 0.5788, Accuracy: 72.62 %
Epoch [3/10], Step [500/522], Loss: 0.5719, Accuracy: 73.65 %
-------------------------------
Epoch [3/10] Loss: 0.5700, Accuracy: 74.05 %
-------------------------------
-------- Validation --------
Validation Loss: 0.5230, Validation Accuracy: 80.23 %
-------- Validation finished --------
Updated best model in epoch 3 saved with Validation Accuracy: 80.23 %
-------------------------------
Epoch [4/10], Step [100/522], Loss: 0.5514, Accuracy: 76.75 %
Epoch [4/10], Step [200/522], Loss: 0.5391, Accuracy: 77.38 %
Epoch [4/10], Step [300/522], Loss: 0.5357, Accuracy: 77.83 %
Epoch [4/10], Step [400/522], Loss: 0.5320, Accuracy: 78.06 %
Epoch [4/10], Step [500/522], Loss: 0.5279, Accuracy: 78.35 %
-------------------------------
Epoch [4/10] Loss: 0.5268, Accuracy: 78.32 %
-------------------------------
-------- Validation --------
Validation Loss: 0.4811, Validation Accuracy: 81.96 %
-------- Validation finished --------
Updated best model in epoch 4 saved with Validation Accuracy: 81.96 %
-------------------------------
Epoch [5/10], Step [100/522], Loss: 0.5206, Accuracy: 78.50 %
Epoch [5/10], Step [200/522], Loss: 0.5055, Accuracy: 80.62 %
Epoch [5/10], Step [300/522], Loss: 0.4968, Accuracy: 81.33 %
Epoch [5/10], Step [400/522], Loss: 0.4957, Accuracy: 80.69 %
Epoch [5/10], Step [500/522], Loss: 0.4904, Accuracy: 81.10 %
-------------------------------
Epoch [5/10] Loss: 0.4902, Accuracy: 81.15 %
-------------------------------
-------- Validation --------
Validation Loss: 0.4517, Validation Accuracy: 83.30 %
-------- Validation finished --------
Updated best model in epoch 5 saved with Validation Accuracy: 83.30 %
-------------------------------
Epoch [6/10], Step [100/522], Loss: 0.4757, Accuracy: 80.75 %
Epoch [6/10], Step [200/522], Loss: 0.4747, Accuracy: 81.38 %
Epoch [6/10], Step [300/522], Loss: 0.4743, Accuracy: 81.58 %
Epoch [6/10], Step [400/522], Loss: 0.4708, Accuracy: 81.62 %
Epoch [6/10], Step [500/522], Loss: 0.4696, Accuracy: 81.65 %
-------------------------------
Epoch [6/10] Loss: 0.4670, Accuracy: 81.77 %
-------------------------------
-------- Validation --------
Validation Loss: 0.4322, Validation Accuracy: 83.88 %
-------- Validation finished --------
Updated best model in epoch 6 saved with Validation Accuracy: 83.88 %
-------------------------------
Epoch [7/10], Step [100/522], Loss: 0.4299, Accuracy: 85.50 %
Epoch [7/10], Step [200/522], Loss: 0.4549, Accuracy: 83.00 %
Epoch [7/10], Step [300/522], Loss: 0.4525, Accuracy: 83.50 %
Epoch [7/10], Step [400/522], Loss: 0.4578, Accuracy: 82.19 %
Epoch [7/10], Step [500/522], Loss: 0.4504, Accuracy: 83.10 %
-------------------------------
Epoch [7/10] Loss: 0.4515, Accuracy: 83.02 %
-------------------------------
-------- Validation --------
Validation Loss: 0.4198, Validation Accuracy: 83.88 %
-------- Validation finished --------
Updated best model in epoch 7 saved with Validation Accuracy: 83.88 %
-------------------------------
Epoch [8/10], Step [100/522], Loss: 0.4515, Accuracy: 81.25 %
Epoch [8/10], Step [200/522], Loss: 0.4441, Accuracy: 81.12 %
Epoch [8/10], Step [300/522], Loss: 0.4472, Accuracy: 81.08 %
Epoch [8/10], Step [400/522], Loss: 0.4504, Accuracy: 81.31 %
Epoch [8/10], Step [500/522], Loss: 0.4429, Accuracy: 81.50 %
-------------------------------
Epoch [8/10] Loss: 0.4445, Accuracy: 81.39 %
-------------------------------
-------- Validation --------
Validation Loss: 0.4128, Validation Accuracy: 83.88 %
-------- Validation finished --------
Updated best model in epoch 8 saved with Validation Accuracy: 83.88 %
-------------------------------
Epoch [9/10], Step [100/522], Loss: 0.4340, Accuracy: 82.00 %
Epoch [9/10], Step [200/522], Loss: 0.4433, Accuracy: 82.25 %
Epoch [9/10], Step [300/522], Loss: 0.4421, Accuracy: 81.58 %
Epoch [9/10], Step [400/522], Loss: 0.4428, Accuracy: 81.38 %
Epoch [9/10], Step [500/522], Loss: 0.4386, Accuracy: 81.90 %
-------------------------------
Epoch [9/10] Loss: 0.4382, Accuracy: 81.87 %
-------------------------------
-------- Validation --------
Validation Loss: 0.4092, Validation Accuracy: 84.45 %
-------- Validation finished --------
Updated best model in epoch 9 saved with Validation Accuracy: 84.45 %
-------------------------------
Epoch [10/10], Step [100/522], Loss: 0.4310, Accuracy: 83.75 %
Epoch [10/10], Step [200/522], Loss: 0.4376, Accuracy: 83.12 %
Epoch [10/10], Step [300/522], Loss: 0.4352, Accuracy: 82.83 %
Epoch [10/10], Step [400/522], Loss: 0.4365, Accuracy: 82.94 %
Epoch [10/10], Step [500/522], Loss: 0.4345, Accuracy: 82.95 %
-------------------------------
Epoch [10/10] Loss: 0.4335, Accuracy: 83.02 %
-------------------------------
-------- Validation --------
Validation Loss: 0.4077, Validation Accuracy: 84.26 %
-------- Validation finished --------
Best model in epoch 9 saved with Validation Accuracy: 84.45 %
-------- Training finished --------

Test flag enabled. Testing the model

-------- Loading best model from model_path --------
Loaded model bert-tiny from date 01-02-2024 10:24. Trained with Centralised Machine Learning technology.
Epoch 9, lr: 3e-05, optimizer: AdamW
Train accuracy: 81.87 %, Validation accuracy: 84.45 %
-------- Best model loaded --------

-------- Creating Test Dataloader --------
Test Loader: 650 total sentences. 82 batches of size 8.
-------- Test Dataloader created --------

-------- Testing --------
Nº of test samples: 650
Accuracy: 84.62%
Precision: 84.70%
Recall: 83.35%
F1 Score: 83.84%
-------- Testing finished --------
