Current configuration:
{
    "concurrency_flag": false,
    "data_distribution": "iid",
    "dataset": "mixed_depression",
    "device": "cuda",
    "dp_delta": 0.003,
    "dp_epsilon": 10,
    "eval_batch_size": 4,
    "eval_flag": true,
    "eval_size": 0.2,
    "fed_alg": "fedavg",
    "layers": 3,
    "learning_rate": 0.006,
    "max_length": 512,
    "ml_mode": "fl",
    "model": "bert_small",
    "model_name": "fl_10_mixed_depression",
    "models_path": "/local/vpaloma/fabric-federated-learning/ablation_study/6-ml_mode-dataset-dp/6e-4/mixed_depression",
    "mu": 0.5,
    "num_clients": 5,
    "num_epochs": 3,
    "num_rounds": 4,
    "optimizer": "AdamW",
    "progress_bar_flag": false,
    "save_model": true,
    "scheduler": "linear",
    "scheduler_warmup_steps": 0,
    "seed": 0,
    "test_flag": true,
    "train_batch_size": 4,
    "train_size": 0.8
}
-------- Configuration loaded --------

-------- Setting device --------
cuda device selected and available.
-------- Device set --------

-------- Setting seed --------
-------- Seed set --------

-------- Creating Model --------
-------- Model created --------

-------- Setting Trainable Layers --------
Training the last 3 layers.

Total parameters count: 28764674
Trainable parameters count: 3416066
-------- Trainable Layers set --------

-------- Creating Tokenizer --------
-------- Tokenizer created --------

-------- Creating Train and Eval Dataloaders --------
Train Loader: 1806 total sentences. 452 batches of size 4.
Eval Loader: 452 total sentences. 113 batches of size 4.
-------- Train and Eval Dataloaders created --------

-------- Training --------
Training with Federated Learning technology.
Training with differential privacy.
Federated averaging algorithm selected.

Round 1 of 4
-------------------------------
Client 1 of 5: Local Epoch [1/3] Loss: 0.9652, Accuracy: 51.80 %, Epsilon: 9.99, Delta: 0.0030
Client 1 of 5: Local Epoch [2/3] Loss: 0.7116, Accuracy: 63.71 %, Epsilon: 13.45, Delta: 0.0030
Client 1 of 5: Local Epoch [3/3] Loss: 0.6455, Accuracy: 69.53 %, Epsilon: 16.29, Delta: 0.0030
Client 2 of 5: Local Epoch [1/3] Loss: 1.2997, Accuracy: 49.31 %, Epsilon: 9.99, Delta: 0.0030
Client 2 of 5: Local Epoch [2/3] Loss: 1.1817, Accuracy: 56.51 %, Epsilon: 13.45, Delta: 0.0030
Client 2 of 5: Local Epoch [3/3] Loss: 1.1254, Accuracy: 58.17 %, Epsilon: 16.29, Delta: 0.0030
Client 3 of 5: Local Epoch [1/3] Loss: 0.7622, Accuracy: 56.23 %, Epsilon: 9.99, Delta: 0.0030
Client 3 of 5: Local Epoch [2/3] Loss: 1.0671, Accuracy: 57.89 %, Epsilon: 13.45, Delta: 0.0030
Client 3 of 5: Local Epoch [3/3] Loss: 1.7155, Accuracy: 54.57 %, Epsilon: 16.29, Delta: 0.0030
Client 4 of 5: Local Epoch [1/3] Loss: 1.1373, Accuracy: 53.19 %, Epsilon: 9.99, Delta: 0.0030
Client 4 of 5: Local Epoch [2/3] Loss: 0.9557, Accuracy: 56.51 %, Epsilon: 13.45, Delta: 0.0030
Client 4 of 5: Local Epoch [3/3] Loss: 0.8188, Accuracy: 61.50 %, Epsilon: 16.29, Delta: 0.0030
Client 5 of 5: Local Epoch [1/3] Loss: 0.7664, Accuracy: 58.01 %, Epsilon: 9.99, Delta: 0.0030
Client 5 of 5: Local Epoch [2/3] Loss: 1.3382, Accuracy: 53.59 %, Epsilon: 13.45, Delta: 0.0030
Client 5 of 5: Local Epoch [3/3] Loss: 0.8827, Accuracy: 59.39 %, Epsilon: 16.29, Delta: 0.0030
-------------------------------
Round [1/4] Average Local Loss: 1.0376, Average Local Accuracy: 60.63 %
-------------------------------
-------- Validation --------
Round [1/4] Global Model Validation Loss: 0.5951, Validation Accuracy: 65.93 %
-------- Validation finished --------
Updated best model in round 1 saved with Validation Accuracy: 65.93 %
-------------------------------

Round 2 of 4
-------------------------------
Client 1 of 5: Local Epoch [1/3] Loss: 1.4138, Accuracy: 52.35 %, Epsilon: 9.99, Delta: 0.0030
Client 1 of 5: Local Epoch [2/3] Loss: 0.7699, Accuracy: 64.54 %, Epsilon: 13.45, Delta: 0.0030
Client 1 of 5: Local Epoch [3/3] Loss: 0.7014, Accuracy: 67.87 %, Epsilon: 16.29, Delta: 0.0030
Client 2 of 5: Local Epoch [1/3] Loss: 1.3763, Accuracy: 54.02 %, Epsilon: 9.99, Delta: 0.0030
Client 2 of 5: Local Epoch [2/3] Loss: 0.9663, Accuracy: 58.73 %, Epsilon: 13.45, Delta: 0.0030
Client 2 of 5: Local Epoch [3/3] Loss: 0.7454, Accuracy: 64.82 %, Epsilon: 16.29, Delta: 0.0030
Client 3 of 5: Local Epoch [1/3] Loss: 1.8898, Accuracy: 54.57 %, Epsilon: 9.99, Delta: 0.0030
Client 3 of 5: Local Epoch [2/3] Loss: 1.7708, Accuracy: 55.96 %, Epsilon: 13.45, Delta: 0.0030
Client 3 of 5: Local Epoch [3/3] Loss: 2.0675, Accuracy: 54.57 %, Epsilon: 16.29, Delta: 0.0030
Client 4 of 5: Local Epoch [1/3] Loss: 0.9410, Accuracy: 57.06 %, Epsilon: 9.99, Delta: 0.0030
Client 4 of 5: Local Epoch [2/3] Loss: 1.3201, Accuracy: 54.85 %, Epsilon: 13.45, Delta: 0.0030
Client 4 of 5: Local Epoch [3/3] Loss: 1.0143, Accuracy: 61.50 %, Epsilon: 16.29, Delta: 0.0030
Client 5 of 5: Local Epoch [1/3] Loss: 0.7720, Accuracy: 56.91 %, Epsilon: 9.99, Delta: 0.0030
Client 5 of 5: Local Epoch [2/3] Loss: 0.9632, Accuracy: 54.42 %, Epsilon: 13.45, Delta: 0.0030
Client 5 of 5: Local Epoch [3/3] Loss: 1.0341, Accuracy: 56.35 %, Epsilon: 16.29, Delta: 0.0030
-------------------------------
Round [2/4] Average Local Loss: 1.1126, Average Local Accuracy: 61.02 %
-------------------------------
-------- Validation --------
Round [2/4] Global Model Validation Loss: 0.6673, Validation Accuracy: 63.27 %
-------- Validation finished --------

Round 3 of 4
-------------------------------
Client 1 of 5: Local Epoch [1/3] Loss: 1.4596, Accuracy: 53.74 %, Epsilon: 9.99, Delta: 0.0030
Client 1 of 5: Local Epoch [2/3] Loss: 1.0044, Accuracy: 55.96 %, Epsilon: 13.45, Delta: 0.0030
Client 1 of 5: Local Epoch [3/3] Loss: 0.8474, Accuracy: 62.60 %, Epsilon: 16.29, Delta: 0.0030
Client 2 of 5: Local Epoch [1/3] Loss: 1.5638, Accuracy: 55.68 %, Epsilon: 9.99, Delta: 0.0030
Client 2 of 5: Local Epoch [2/3] Loss: 1.8835, Accuracy: 53.19 %, Epsilon: 13.45, Delta: 0.0030
Client 2 of 5: Local Epoch [3/3] Loss: 1.3226, Accuracy: 57.62 %, Epsilon: 16.29, Delta: 0.0030
Client 3 of 5: Local Epoch [1/3] Loss: 1.7058, Accuracy: 55.68 %, Epsilon: 9.99, Delta: 0.0030
Client 3 of 5: Local Epoch [2/3] Loss: 1.4269, Accuracy: 58.17 %, Epsilon: 13.45, Delta: 0.0030
Client 3 of 5: Local Epoch [3/3] Loss: 1.0464, Accuracy: 58.17 %, Epsilon: 16.29, Delta: 0.0030
Client 4 of 5: Local Epoch [1/3] Loss: 1.5882, Accuracy: 54.02 %, Epsilon: 9.99, Delta: 0.0030
Client 4 of 5: Local Epoch [2/3] Loss: 1.1791, Accuracy: 58.17 %, Epsilon: 13.45, Delta: 0.0030
Client 4 of 5: Local Epoch [3/3] Loss: 1.0310, Accuracy: 60.94 %, Epsilon: 16.29, Delta: 0.0030
Client 5 of 5: Local Epoch [1/3] Loss: 0.8073, Accuracy: 60.50 %, Epsilon: 9.99, Delta: 0.0030
Client 5 of 5: Local Epoch [2/3] Loss: 0.9343, Accuracy: 59.39 %, Epsilon: 13.45, Delta: 0.0030
Client 5 of 5: Local Epoch [3/3] Loss: 0.7536, Accuracy: 65.19 %, Epsilon: 16.29, Delta: 0.0030
-------------------------------
Round [3/4] Average Local Loss: 1.0002, Average Local Accuracy: 60.91 %
-------------------------------
-------- Validation --------
Round [3/4] Global Model Validation Loss: 1.4318, Validation Accuracy: 54.87 %
-------- Validation finished --------

Round 4 of 4
-------------------------------
Client 1 of 5: Local Epoch [1/3] Loss: 1.3141, Accuracy: 55.12 %, Epsilon: 9.99, Delta: 0.0030
Client 1 of 5: Local Epoch [2/3] Loss: 1.1731, Accuracy: 60.66 %, Epsilon: 13.45, Delta: 0.0030
Client 1 of 5: Local Epoch [3/3] Loss: 0.9324, Accuracy: 65.93 %, Epsilon: 16.29, Delta: 0.0030
Client 2 of 5: Local Epoch [1/3] Loss: 1.2410, Accuracy: 59.56 %, Epsilon: 9.99, Delta: 0.0030
Client 2 of 5: Local Epoch [2/3] Loss: 1.7628, Accuracy: 53.74 %, Epsilon: 13.45, Delta: 0.0030
Client 2 of 5: Local Epoch [3/3] Loss: 1.1386, Accuracy: 61.22 %, Epsilon: 16.29, Delta: 0.0030
Client 3 of 5: Local Epoch [1/3] Loss: 1.5701, Accuracy: 57.89 %, Epsilon: 9.99, Delta: 0.0030
Client 3 of 5: Local Epoch [2/3] Loss: 2.0276, Accuracy: 56.79 %, Epsilon: 13.45, Delta: 0.0030
Client 3 of 5: Local Epoch [3/3] Loss: 1.3966, Accuracy: 59.56 %, Epsilon: 16.29, Delta: 0.0030
Client 4 of 5: Local Epoch [1/3] Loss: 1.2613, Accuracy: 55.96 %, Epsilon: 9.99, Delta: 0.0030
Client 4 of 5: Local Epoch [2/3] Loss: 1.1034, Accuracy: 59.28 %, Epsilon: 13.45, Delta: 0.0030
Client 4 of 5: Local Epoch [3/3] Loss: 0.8729, Accuracy: 67.04 %, Epsilon: 16.29, Delta: 0.0030
Client 5 of 5: Local Epoch [1/3] Loss: 1.4347, Accuracy: 53.87 %, Epsilon: 9.99, Delta: 0.0030
Client 5 of 5: Local Epoch [2/3] Loss: 1.2470, Accuracy: 58.01 %, Epsilon: 13.45, Delta: 0.0030
Client 5 of 5: Local Epoch [3/3] Loss: 1.0832, Accuracy: 57.73 %, Epsilon: 16.29, Delta: 0.0030
-------------------------------
Round [4/4] Average Local Loss: 1.0848, Average Local Accuracy: 62.29 %
-------------------------------
-------- Validation --------
Round [4/4] Global Model Validation Loss: 0.7584, Validation Accuracy: 70.13 %
-------- Validation finished --------
Updated best model in round 4 saved with Validation Accuracy: 70.13 %
-------------------------------
Best model in round 4 saved with Validation Accuracy: 70.13 %

-------- Training finished in 4:27 --------

Test flag enabled. Testing the model

-------- Loading best model from model_path --------
Loaded model bert-small from date 06-02-2024 14:44. Trained with Federated Learning technology.
Round 4, lr: 0.006, optimizer: AdamW
Average train accuracy: 62.29 %, Validation accuracy: 70.13 %
-------- Best model loaded --------

-------- Creating Test Dataloader --------
Test Loader: 564 total sentences. 71 batches of size 8.
-------- Test Dataloader created --------

-------- Testing --------
Nº of test samples: 564
Accuracy: 76.06%
Precision: 77.43%
Recall: 75.45%
F1 Score: 75.42%
-------- Testing finished --------
