Current configuration:
{
    "concurrency_flag": false,
    "data_distribution": "iid",
    "dataset": "mixed_depression",
    "device": "cuda",
    "dp_delta": 0.003,
    "dp_epsilon": 0,
    "eval_batch_size": 4,
    "eval_flag": true,
    "eval_size": 0.2,
    "fed_alg": "fedavg",
    "layers": 3,
    "learning_rate": 6e-05,
    "max_length": 512,
    "ml_mode": "fl",
    "model": "bert_small",
    "model_name": "fl_0_mixed_depression",
    "models_path": "/local/vpaloma/fabric-federated-learning/ablation_study/phase-2/1-ml_mode-dataset-dp/mixed_depression",
    "mu": 0.5,
    "num_clients": 5,
    "num_epochs": 3,
    "num_rounds": 4,
    "optimizer": "AdamW",
    "progress_bar_flag": false,
    "save_model": true,
    "scheduler": "linear",
    "scheduler_warmup_steps": 0,
    "seed": 0,
    "test_flag": true,
    "train_batch_size": 4,
    "train_size": 0.8
}
-------- Configuration loaded --------

-------- Setting device --------
cuda device selected and available.
-------- Device set --------

-------- Setting seed --------
-------- Seed set --------

-------- Creating Model --------
-------- Model created --------

-------- Setting Trainable Layers --------
Training the last 3 layers.

Total parameters count: 28764674
Trainable parameters count: 3416066
-------- Trainable Layers set --------

-------- Creating Tokenizer --------
-------- Tokenizer created --------

-------- Creating Train and Eval Dataloaders --------
Train Loader: 1806 total sentences. 452 batches of size 4.
Eval Loader: 452 total sentences. 113 batches of size 4.
-------- Train and Eval Dataloaders created --------

-------- Training --------
Training with Federated Learning technology.
Training without differential privacy.
Federated averaging algorithm selected.

Round 1 of 4
-------------------------------
Predictions - 1s: 171, 0s: 190
True Labels - 1s: 185, 0s: 176
Predictions - Proportion of 1s: 0.47368421052631576, Proportion of 0s: 0.5263157894736842
True Labels - Proportion of 1s: 0.5124653739612188, Proportion of 0s: 0.48753462603878117
Client 1 of 5: Local Epoch [1/3] Loss: 0.5535, Accuracy: 71.19 %
Predictions - 1s: 187, 0s: 174
True Labels - 1s: 185, 0s: 176
Predictions - Proportion of 1s: 0.518005540166205, Proportion of 0s: 0.481994459833795
True Labels - Proportion of 1s: 0.5124653739612188, Proportion of 0s: 0.48753462603878117
Client 1 of 5: Local Epoch [2/3] Loss: 0.3922, Accuracy: 86.15 %
Predictions - 1s: 185, 0s: 176
True Labels - 1s: 185, 0s: 176
Predictions - Proportion of 1s: 0.5124653739612188, Proportion of 0s: 0.48753462603878117
True Labels - Proportion of 1s: 0.5124653739612188, Proportion of 0s: 0.48753462603878117
Client 1 of 5: Local Epoch [3/3] Loss: 0.3183, Accuracy: 89.47 %
Predictions - 1s: 188, 0s: 173
True Labels - 1s: 189, 0s: 172
Predictions - Proportion of 1s: 0.5207756232686981, Proportion of 0s: 0.4792243767313019
True Labels - Proportion of 1s: 0.5235457063711911, Proportion of 0s: 0.47645429362880887
Client 2 of 5: Local Epoch [1/3] Loss: 0.5769, Accuracy: 68.70 %
Predictions - 1s: 189, 0s: 172
True Labels - 1s: 189, 0s: 172
Predictions - Proportion of 1s: 0.5235457063711911, Proportion of 0s: 0.47645429362880887
True Labels - Proportion of 1s: 0.5235457063711911, Proportion of 0s: 0.47645429362880887
Client 2 of 5: Local Epoch [2/3] Loss: 0.4486, Accuracy: 79.50 %
Predictions - 1s: 185, 0s: 176
True Labels - 1s: 189, 0s: 172
Predictions - Proportion of 1s: 0.5124653739612188, Proportion of 0s: 0.48753462603878117
True Labels - Proportion of 1s: 0.5235457063711911, Proportion of 0s: 0.47645429362880887
Client 2 of 5: Local Epoch [3/3] Loss: 0.3971, Accuracy: 81.72 %
Predictions - 1s: 205, 0s: 156
True Labels - 1s: 197, 0s: 164
Predictions - Proportion of 1s: 0.5678670360110804, Proportion of 0s: 0.43213296398891965
True Labels - Proportion of 1s: 0.5457063711911357, Proportion of 0s: 0.45429362880886426
Client 3 of 5: Local Epoch [1/3] Loss: 0.5618, Accuracy: 72.30 %
Predictions - 1s: 198, 0s: 163
True Labels - 1s: 197, 0s: 164
Predictions - Proportion of 1s: 0.5484764542936288, Proportion of 0s: 0.4515235457063712
True Labels - Proportion of 1s: 0.5457063711911357, Proportion of 0s: 0.45429362880886426
Client 3 of 5: Local Epoch [2/3] Loss: 0.4497, Accuracy: 78.67 %
Predictions - 1s: 204, 0s: 157
True Labels - 1s: 197, 0s: 164
Predictions - Proportion of 1s: 0.5650969529085873, Proportion of 0s: 0.43490304709141275
True Labels - Proportion of 1s: 0.5457063711911357, Proportion of 0s: 0.45429362880886426
Client 3 of 5: Local Epoch [3/3] Loss: 0.3650, Accuracy: 85.87 %
Predictions - 1s: 185, 0s: 176
True Labels - 1s: 189, 0s: 172
Predictions - Proportion of 1s: 0.5124653739612188, Proportion of 0s: 0.48753462603878117
True Labels - Proportion of 1s: 0.5235457063711911, Proportion of 0s: 0.47645429362880887
Client 4 of 5: Local Epoch [1/3] Loss: 0.5435, Accuracy: 72.30 %
Predictions - 1s: 198, 0s: 163
True Labels - 1s: 189, 0s: 172
Predictions - Proportion of 1s: 0.5484764542936288, Proportion of 0s: 0.4515235457063712
True Labels - Proportion of 1s: 0.5235457063711911, Proportion of 0s: 0.47645429362880887
Client 4 of 5: Local Epoch [2/3] Loss: 0.3740, Accuracy: 83.66 %
Predictions - 1s: 195, 0s: 166
True Labels - 1s: 189, 0s: 172
Predictions - Proportion of 1s: 0.5401662049861495, Proportion of 0s: 0.4598337950138504
True Labels - Proportion of 1s: 0.5235457063711911, Proportion of 0s: 0.47645429362880887
Client 4 of 5: Local Epoch [3/3] Loss: 0.2923, Accuracy: 89.47 %
Predictions - 1s: 179, 0s: 183
True Labels - 1s: 183, 0s: 179
Predictions - Proportion of 1s: 0.494475138121547, Proportion of 0s: 0.505524861878453
True Labels - Proportion of 1s: 0.505524861878453, Proportion of 0s: 0.494475138121547
Client 5 of 5: Local Epoch [1/3] Loss: 0.6167, Accuracy: 63.54 %
Predictions - 1s: 179, 0s: 183
True Labels - 1s: 183, 0s: 179
Predictions - Proportion of 1s: 0.494475138121547, Proportion of 0s: 0.505524861878453
True Labels - Proportion of 1s: 0.505524861878453, Proportion of 0s: 0.494475138121547
Client 5 of 5: Local Epoch [2/3] Loss: 0.4381, Accuracy: 81.77 %
Predictions - 1s: 202, 0s: 160
True Labels - 1s: 183, 0s: 179
Predictions - Proportion of 1s: 0.5580110497237569, Proportion of 0s: 0.4419889502762431
True Labels - Proportion of 1s: 0.505524861878453, Proportion of 0s: 0.494475138121547
Client 5 of 5: Local Epoch [3/3] Loss: 0.3802, Accuracy: 84.81 %
-------------------------------
Round [1/4] Average Local Loss: 0.3506, Average Local Accuracy: 86.27 %
-------------------------------
-------- Validation --------
Predictions - 1s: 216, 0s: 236
True Labels - 1s: 242, 0s: 210
Predictions - Proportion of 1s: 0.4778761061946903, Proportion of 0s: 0.5221238938053098
True Labels - Proportion of 1s: 0.5353982300884956, Proportion of 0s: 0.4646017699115044
Round [1/4] Global Model Validation Loss: 0.3703, Validation Accuracy: 83.19 %
-------- Validation finished --------
Updated best model in round 1 saved with Validation Loss: 0.3702984551149132 and Validation Accuracy: 83.19 %
-------------------------------

Round 2 of 4
-------------------------------
Predictions - 1s: 193, 0s: 168
True Labels - 1s: 185, 0s: 176
Predictions - Proportion of 1s: 0.5346260387811634, Proportion of 0s: 0.46537396121883656
True Labels - Proportion of 1s: 0.5124653739612188, Proportion of 0s: 0.48753462603878117
Client 1 of 5: Local Epoch [1/3] Loss: 0.3372, Accuracy: 86.15 %
Predictions - 1s: 189, 0s: 172
True Labels - 1s: 185, 0s: 176
Predictions - Proportion of 1s: 0.5235457063711911, Proportion of 0s: 0.47645429362880887
True Labels - Proportion of 1s: 0.5124653739612188, Proportion of 0s: 0.48753462603878117
Client 1 of 5: Local Epoch [2/3] Loss: 0.2415, Accuracy: 90.58 %
Predictions - 1s: 191, 0s: 170
True Labels - 1s: 185, 0s: 176
Predictions - Proportion of 1s: 0.5290858725761773, Proportion of 0s: 0.4709141274238227
True Labels - Proportion of 1s: 0.5124653739612188, Proportion of 0s: 0.48753462603878117
Client 1 of 5: Local Epoch [3/3] Loss: 0.2067, Accuracy: 92.80 %
Predictions - 1s: 194, 0s: 167
True Labels - 1s: 189, 0s: 172
Predictions - Proportion of 1s: 0.5373961218836565, Proportion of 0s: 0.4626038781163435
True Labels - Proportion of 1s: 0.5235457063711911, Proportion of 0s: 0.47645429362880887
Client 2 of 5: Local Epoch [1/3] Loss: 0.4303, Accuracy: 81.99 %
Predictions - 1s: 188, 0s: 173
True Labels - 1s: 189, 0s: 172
Predictions - Proportion of 1s: 0.5207756232686981, Proportion of 0s: 0.4792243767313019
True Labels - Proportion of 1s: 0.5235457063711911, Proportion of 0s: 0.47645429362880887
Client 2 of 5: Local Epoch [2/3] Loss: 0.3410, Accuracy: 86.98 %
Predictions - 1s: 199, 0s: 162
True Labels - 1s: 189, 0s: 172
Predictions - Proportion of 1s: 0.5512465373961218, Proportion of 0s: 0.4487534626038781
True Labels - Proportion of 1s: 0.5235457063711911, Proportion of 0s: 0.47645429362880887
Client 2 of 5: Local Epoch [3/3] Loss: 0.2953, Accuracy: 88.92 %
Predictions - 1s: 203, 0s: 158
True Labels - 1s: 197, 0s: 164
Predictions - Proportion of 1s: 0.5623268698060941, Proportion of 0s: 0.4376731301939058
True Labels - Proportion of 1s: 0.5457063711911357, Proportion of 0s: 0.45429362880886426
Client 3 of 5: Local Epoch [1/3] Loss: 0.4125, Accuracy: 80.61 %
Predictions - 1s: 199, 0s: 162
True Labels - 1s: 197, 0s: 164
Predictions - Proportion of 1s: 0.5512465373961218, Proportion of 0s: 0.4487534626038781
True Labels - Proportion of 1s: 0.5457063711911357, Proportion of 0s: 0.45429362880886426
Client 3 of 5: Local Epoch [2/3] Loss: 0.3190, Accuracy: 86.15 %
Predictions - 1s: 212, 0s: 149
True Labels - 1s: 197, 0s: 164
Predictions - Proportion of 1s: 0.5872576177285319, Proportion of 0s: 0.41274238227146814
True Labels - Proportion of 1s: 0.5457063711911357, Proportion of 0s: 0.45429362880886426
Client 3 of 5: Local Epoch [3/3] Loss: 0.2743, Accuracy: 89.20 %
Predictions - 1s: 188, 0s: 173
True Labels - 1s: 189, 0s: 172
Predictions - Proportion of 1s: 0.5207756232686981, Proportion of 0s: 0.4792243767313019
True Labels - Proportion of 1s: 0.5235457063711911, Proportion of 0s: 0.47645429362880887
Client 4 of 5: Local Epoch [1/3] Loss: 0.3380, Accuracy: 85.87 %
Predictions - 1s: 197, 0s: 164
True Labels - 1s: 189, 0s: 172
Predictions - Proportion of 1s: 0.5457063711911357, Proportion of 0s: 0.45429362880886426
True Labels - Proportion of 1s: 0.5235457063711911, Proportion of 0s: 0.47645429362880887
Client 4 of 5: Local Epoch [2/3] Loss: 0.2352, Accuracy: 88.37 %
Predictions - 1s: 199, 0s: 162
True Labels - 1s: 189, 0s: 172
Predictions - Proportion of 1s: 0.5512465373961218, Proportion of 0s: 0.4487534626038781
True Labels - Proportion of 1s: 0.5235457063711911, Proportion of 0s: 0.47645429362880887
Client 4 of 5: Local Epoch [3/3] Loss: 0.1857, Accuracy: 91.69 %
Predictions - 1s: 187, 0s: 175
True Labels - 1s: 183, 0s: 179
Predictions - Proportion of 1s: 0.5165745856353591, Proportion of 0s: 0.48342541436464087
True Labels - Proportion of 1s: 0.505524861878453, Proportion of 0s: 0.494475138121547
Client 5 of 5: Local Epoch [1/3] Loss: 0.4105, Accuracy: 81.22 %
Predictions - 1s: 192, 0s: 170
True Labels - 1s: 183, 0s: 179
Predictions - Proportion of 1s: 0.5303867403314917, Proportion of 0s: 0.4696132596685083
True Labels - Proportion of 1s: 0.505524861878453, Proportion of 0s: 0.494475138121547
Client 5 of 5: Local Epoch [2/3] Loss: 0.3326, Accuracy: 86.46 %
Predictions - 1s: 184, 0s: 178
True Labels - 1s: 183, 0s: 179
Predictions - Proportion of 1s: 0.5082872928176796, Proportion of 0s: 0.49171270718232046
True Labels - Proportion of 1s: 0.505524861878453, Proportion of 0s: 0.494475138121547
Client 5 of 5: Local Epoch [3/3] Loss: 0.2700, Accuracy: 90.33 %
-------------------------------
Round [2/4] Average Local Loss: 0.2464, Average Local Accuracy: 90.59 %
-------------------------------
-------- Validation --------
Predictions - 1s: 222, 0s: 230
True Labels - 1s: 242, 0s: 210
Predictions - Proportion of 1s: 0.4911504424778761, Proportion of 0s: 0.5088495575221239
True Labels - Proportion of 1s: 0.5353982300884956, Proportion of 0s: 0.4646017699115044
Round [2/4] Global Model Validation Loss: 0.2969, Validation Accuracy: 86.28 %
-------- Validation finished --------
Updated best model in round 2 saved with Validation Loss: 0.2968634030394322 and Validation Accuracy: 86.28 %
-------------------------------

Round 3 of 4
-------------------------------
Predictions - 1s: 190, 0s: 171
True Labels - 1s: 185, 0s: 176
Predictions - Proportion of 1s: 0.5263157894736842, Proportion of 0s: 0.47368421052631576
True Labels - Proportion of 1s: 0.5124653739612188, Proportion of 0s: 0.48753462603878117
Client 1 of 5: Local Epoch [1/3] Loss: 0.2885, Accuracy: 89.20 %
Predictions - 1s: 189, 0s: 172
True Labels - 1s: 185, 0s: 176
Predictions - Proportion of 1s: 0.5235457063711911, Proportion of 0s: 0.47645429362880887
True Labels - Proportion of 1s: 0.5124653739612188, Proportion of 0s: 0.48753462603878117
Client 1 of 5: Local Epoch [2/3] Loss: 0.1959, Accuracy: 93.35 %
Predictions - 1s: 188, 0s: 173
True Labels - 1s: 185, 0s: 176
Predictions - Proportion of 1s: 0.5207756232686981, Proportion of 0s: 0.4792243767313019
True Labels - Proportion of 1s: 0.5124653739612188, Proportion of 0s: 0.48753462603878117
Client 1 of 5: Local Epoch [3/3] Loss: 0.1689, Accuracy: 94.18 %
Predictions - 1s: 203, 0s: 158
True Labels - 1s: 189, 0s: 172
Predictions - Proportion of 1s: 0.5623268698060941, Proportion of 0s: 0.4376731301939058
True Labels - Proportion of 1s: 0.5235457063711911, Proportion of 0s: 0.47645429362880887
Client 2 of 5: Local Epoch [1/3] Loss: 0.3792, Accuracy: 85.04 %
Predictions - 1s: 191, 0s: 170
True Labels - 1s: 189, 0s: 172
Predictions - Proportion of 1s: 0.5290858725761773, Proportion of 0s: 0.4709141274238227
True Labels - Proportion of 1s: 0.5235457063711911, Proportion of 0s: 0.47645429362880887
Client 2 of 5: Local Epoch [2/3] Loss: 0.2969, Accuracy: 90.58 %
Predictions - 1s: 193, 0s: 168
True Labels - 1s: 189, 0s: 172
Predictions - Proportion of 1s: 0.5346260387811634, Proportion of 0s: 0.46537396121883656
True Labels - Proportion of 1s: 0.5235457063711911, Proportion of 0s: 0.47645429362880887
Client 2 of 5: Local Epoch [3/3] Loss: 0.2582, Accuracy: 90.03 %
Predictions - 1s: 204, 0s: 157
True Labels - 1s: 197, 0s: 164
Predictions - Proportion of 1s: 0.5650969529085873, Proportion of 0s: 0.43490304709141275
True Labels - Proportion of 1s: 0.5457063711911357, Proportion of 0s: 0.45429362880886426
Client 3 of 5: Local Epoch [1/3] Loss: 0.3601, Accuracy: 85.32 %
Predictions - 1s: 202, 0s: 159
True Labels - 1s: 197, 0s: 164
Predictions - Proportion of 1s: 0.5595567867036011, Proportion of 0s: 0.4404432132963989
True Labels - Proportion of 1s: 0.5457063711911357, Proportion of 0s: 0.45429362880886426
Client 3 of 5: Local Epoch [2/3] Loss: 0.2604, Accuracy: 90.30 %
Predictions - 1s: 208, 0s: 153
True Labels - 1s: 197, 0s: 164
Predictions - Proportion of 1s: 0.5761772853185596, Proportion of 0s: 0.42382271468144045
True Labels - Proportion of 1s: 0.5457063711911357, Proportion of 0s: 0.45429362880886426
Client 3 of 5: Local Epoch [3/3] Loss: 0.2257, Accuracy: 91.41 %
Predictions - 1s: 203, 0s: 158
True Labels - 1s: 189, 0s: 172
Predictions - Proportion of 1s: 0.5623268698060941, Proportion of 0s: 0.4376731301939058
True Labels - Proportion of 1s: 0.5235457063711911, Proportion of 0s: 0.47645429362880887
Client 4 of 5: Local Epoch [1/3] Loss: 0.2399, Accuracy: 88.37 %
Predictions - 1s: 187, 0s: 174
True Labels - 1s: 189, 0s: 172
Predictions - Proportion of 1s: 0.518005540166205, Proportion of 0s: 0.481994459833795
True Labels - Proportion of 1s: 0.5235457063711911, Proportion of 0s: 0.47645429362880887
Client 4 of 5: Local Epoch [2/3] Loss: 0.1769, Accuracy: 92.80 %
Predictions - 1s: 186, 0s: 175
True Labels - 1s: 189, 0s: 172
Predictions - Proportion of 1s: 0.5152354570637119, Proportion of 0s: 0.48476454293628807
True Labels - Proportion of 1s: 0.5235457063711911, Proportion of 0s: 0.47645429362880887
Client 4 of 5: Local Epoch [3/3] Loss: 0.1435, Accuracy: 94.74 %
Predictions - 1s: 191, 0s: 171
True Labels - 1s: 183, 0s: 179
Predictions - Proportion of 1s: 0.5276243093922652, Proportion of 0s: 0.4723756906077348
True Labels - Proportion of 1s: 0.505524861878453, Proportion of 0s: 0.494475138121547
Client 5 of 5: Local Epoch [1/3] Loss: 0.3451, Accuracy: 85.08 %
Predictions - 1s: 192, 0s: 170
True Labels - 1s: 183, 0s: 179
Predictions - Proportion of 1s: 0.5303867403314917, Proportion of 0s: 0.4696132596685083
True Labels - Proportion of 1s: 0.505524861878453, Proportion of 0s: 0.494475138121547
Client 5 of 5: Local Epoch [2/3] Loss: 0.2747, Accuracy: 89.23 %
Predictions - 1s: 189, 0s: 173
True Labels - 1s: 183, 0s: 179
Predictions - Proportion of 1s: 0.5220994475138122, Proportion of 0s: 0.47790055248618785
True Labels - Proportion of 1s: 0.505524861878453, Proportion of 0s: 0.494475138121547
Client 5 of 5: Local Epoch [3/3] Loss: 0.2431, Accuracy: 90.61 %
-------------------------------
Round [3/4] Average Local Loss: 0.2079, Average Local Accuracy: 92.19 %
-------------------------------
-------- Validation --------
Predictions - 1s: 229, 0s: 223
True Labels - 1s: 242, 0s: 210
Predictions - Proportion of 1s: 0.5066371681415929, Proportion of 0s: 0.49336283185840707
True Labels - Proportion of 1s: 0.5353982300884956, Proportion of 0s: 0.4646017699115044
Round [3/4] Global Model Validation Loss: 0.2711, Validation Accuracy: 87.83 %
-------- Validation finished --------
Updated best model in round 3 saved with Validation Loss: 0.2710530036335102 and Validation Accuracy: 87.83 %
-------------------------------

Round 4 of 4
-------------------------------
Predictions - 1s: 193, 0s: 168
True Labels - 1s: 185, 0s: 176
Predictions - Proportion of 1s: 0.5346260387811634, Proportion of 0s: 0.46537396121883656
True Labels - Proportion of 1s: 0.5124653739612188, Proportion of 0s: 0.48753462603878117
Client 1 of 5: Local Epoch [1/3] Loss: 0.2382, Accuracy: 90.03 %
Predictions - 1s: 185, 0s: 176
True Labels - 1s: 185, 0s: 176
Predictions - Proportion of 1s: 0.5124653739612188, Proportion of 0s: 0.48753462603878117
True Labels - Proportion of 1s: 0.5124653739612188, Proportion of 0s: 0.48753462603878117
Client 1 of 5: Local Epoch [2/3] Loss: 0.2079, Accuracy: 91.69 %
Predictions - 1s: 190, 0s: 171
True Labels - 1s: 185, 0s: 176
Predictions - Proportion of 1s: 0.5263157894736842, Proportion of 0s: 0.47368421052631576
True Labels - Proportion of 1s: 0.5124653739612188, Proportion of 0s: 0.48753462603878117
Client 1 of 5: Local Epoch [3/3] Loss: 0.1391, Accuracy: 95.29 %
Predictions - 1s: 197, 0s: 164
True Labels - 1s: 189, 0s: 172
Predictions - Proportion of 1s: 0.5457063711911357, Proportion of 0s: 0.45429362880886426
True Labels - Proportion of 1s: 0.5235457063711911, Proportion of 0s: 0.47645429362880887
Client 2 of 5: Local Epoch [1/3] Loss: 0.3579, Accuracy: 87.26 %
Predictions - 1s: 192, 0s: 169
True Labels - 1s: 189, 0s: 172
Predictions - Proportion of 1s: 0.5318559556786704, Proportion of 0s: 0.46814404432132967
True Labels - Proportion of 1s: 0.5235457063711911, Proportion of 0s: 0.47645429362880887
Client 2 of 5: Local Epoch [2/3] Loss: 0.2771, Accuracy: 90.30 %
Predictions - 1s: 195, 0s: 166
True Labels - 1s: 189, 0s: 172
Predictions - Proportion of 1s: 0.5401662049861495, Proportion of 0s: 0.4598337950138504
True Labels - Proportion of 1s: 0.5235457063711911, Proportion of 0s: 0.47645429362880887
Client 2 of 5: Local Epoch [3/3] Loss: 0.2448, Accuracy: 90.03 %
Predictions - 1s: 201, 0s: 160
True Labels - 1s: 197, 0s: 164
Predictions - Proportion of 1s: 0.556786703601108, Proportion of 0s: 0.44321329639889195
True Labels - Proportion of 1s: 0.5457063711911357, Proportion of 0s: 0.45429362880886426
Client 3 of 5: Local Epoch [1/3] Loss: 0.3121, Accuracy: 87.26 %
Predictions - 1s: 205, 0s: 156
True Labels - 1s: 197, 0s: 164
Predictions - Proportion of 1s: 0.5678670360110804, Proportion of 0s: 0.43213296398891965
True Labels - Proportion of 1s: 0.5457063711911357, Proportion of 0s: 0.45429362880886426
Client 3 of 5: Local Epoch [2/3] Loss: 0.2413, Accuracy: 90.03 %
Predictions - 1s: 201, 0s: 160
True Labels - 1s: 197, 0s: 164
Predictions - Proportion of 1s: 0.556786703601108, Proportion of 0s: 0.44321329639889195
True Labels - Proportion of 1s: 0.5457063711911357, Proportion of 0s: 0.45429362880886426
Client 3 of 5: Local Epoch [3/3] Loss: 0.1922, Accuracy: 92.80 %
Predictions - 1s: 186, 0s: 175
True Labels - 1s: 189, 0s: 172
Predictions - Proportion of 1s: 0.5152354570637119, Proportion of 0s: 0.48476454293628807
True Labels - Proportion of 1s: 0.5235457063711911, Proportion of 0s: 0.47645429362880887
Client 4 of 5: Local Epoch [1/3] Loss: 0.2422, Accuracy: 89.20 %
Predictions - 1s: 193, 0s: 168
True Labels - 1s: 189, 0s: 172
Predictions - Proportion of 1s: 0.5346260387811634, Proportion of 0s: 0.46537396121883656
True Labels - Proportion of 1s: 0.5235457063711911, Proportion of 0s: 0.47645429362880887
Client 4 of 5: Local Epoch [2/3] Loss: 0.1582, Accuracy: 93.91 %
Predictions - 1s: 190, 0s: 171
True Labels - 1s: 189, 0s: 172
Predictions - Proportion of 1s: 0.5263157894736842, Proportion of 0s: 0.47368421052631576
True Labels - Proportion of 1s: 0.5235457063711911, Proportion of 0s: 0.47645429362880887
Client 4 of 5: Local Epoch [3/3] Loss: 0.1243, Accuracy: 95.84 %
Predictions - 1s: 198, 0s: 164
True Labels - 1s: 183, 0s: 179
Predictions - Proportion of 1s: 0.5469613259668509, Proportion of 0s: 0.4530386740331492
True Labels - Proportion of 1s: 0.505524861878453, Proportion of 0s: 0.494475138121547
Client 5 of 5: Local Epoch [1/3] Loss: 0.3275, Accuracy: 86.46 %
Predictions - 1s: 191, 0s: 171
True Labels - 1s: 183, 0s: 179
Predictions - Proportion of 1s: 0.5276243093922652, Proportion of 0s: 0.4723756906077348
True Labels - Proportion of 1s: 0.505524861878453, Proportion of 0s: 0.494475138121547
Client 5 of 5: Local Epoch [2/3] Loss: 0.2598, Accuracy: 90.61 %
Predictions - 1s: 188, 0s: 174
True Labels - 1s: 183, 0s: 179
Predictions - Proportion of 1s: 0.5193370165745856, Proportion of 0s: 0.48066298342541436
True Labels - Proportion of 1s: 0.505524861878453, Proportion of 0s: 0.494475138121547
Client 5 of 5: Local Epoch [3/3] Loss: 0.2021, Accuracy: 93.09 %
-------------------------------
Round [4/4] Average Local Loss: 0.1805, Average Local Accuracy: 93.41 %
-------------------------------
-------- Validation --------
Predictions - 1s: 218, 0s: 234
True Labels - 1s: 242, 0s: 210
Predictions - Proportion of 1s: 0.4823008849557522, Proportion of 0s: 0.5176991150442478
True Labels - Proportion of 1s: 0.5353982300884956, Proportion of 0s: 0.4646017699115044
Round [4/4] Global Model Validation Loss: 0.2692, Validation Accuracy: 88.50 %
-------- Validation finished --------
Updated best model in round 4 saved with Validation Loss: 0.26924787271372247 and Validation Accuracy: 88.50 %
-------------------------------
Best model in round 4 saved with Validation Loss: 0.26924787271372247 and Validation Accuracy: 88.50 %

-------- Training finished in 39:46 --------

Test flag enabled. Testing the model

-------- Loading best model from model_path --------
Loaded model bert-small from date 14-03-2024 20:04. Trained with Federated Learning technology.
Round 4, lr: 6e-05, optimizer: AdamW
Average train accuracy: 93.41 %, Validation accuracy: 88.50 %
-------- Best model loaded --------

-------- Creating Test Dataloader --------
Test Loader: 564 total sentences. 71 batches of size 8.
-------- Test Dataloader created --------

-------- Testing --------
Predictions - 1s: 273, 0s: 291
True Labels - 1s: 296, 0s: 268
Predictions - Proportion of 1s: 0.48404255319148937, Proportion of 0s: 0.5159574468085106
True Labels - Proportion of 1s: 0.524822695035461, Proportion of 0s: 0.475177304964539
Nº of test samples: 564
Accuracy: 87.77%
Accuracy 2 : 87.77%
Precision: 87.88%
Recall: 87.94%
F1 Score: 87.76%
Classification report:
              precision    recall  f1-score   support

           0     0.8419    0.9142    0.8766       268
           1     0.9158    0.8446    0.8787       296

    accuracy                         0.8777       564
   macro avg     0.8788    0.8794    0.8776       564
weighted avg     0.8807    0.8777    0.8777       564

-------- Testing finished --------
