Current configuration:
{
    "concurrency_flag": false,
    "data_distribution": "iid",
    "dataset": "mixed_depression",
    "device": "cuda",
    "dp_delta": 0.003,
    "dp_epsilon": 10,
    "eval_batch_size": 4,
    "eval_flag": true,
    "eval_size": 0.2,
    "fed_alg": "fedavg",
    "layers": 3,
    "learning_rate": 0.006,
    "max_length": 512,
    "ml_mode": "fl",
    "model": "bert_small",
    "model_name": "fl_10_c5_mixed_depression",
    "models_path": "/local/vpaloma/fabric-federated-learning/ablation_study/phase-2/1-ml_mode-dataset-dp/mixed_depression",
    "mu": 0.5,
    "num_clients": 5,
    "num_epochs": 3,
    "num_rounds": 4,
    "optimizer": "AdamW",
    "progress_bar_flag": false,
    "save_model": true,
    "scheduler": "linear",
    "scheduler_warmup_steps": 0,
    "seed": 0,
    "test_flag": true,
    "train_batch_size": 4,
    "train_size": 0.8
}
-------- Configuration loaded --------

-------- Setting device --------
cuda device selected and available.
-------- Device set --------

-------- Setting seed --------
-------- Seed set --------

-------- Creating Model --------
-------- Model created --------

-------- Setting Trainable Layers --------
Training the last 3 layers.

Total parameters count: 28764674
Trainable parameters count: 3416066
-------- Trainable Layers set --------

-------- Creating Tokenizer --------
-------- Tokenizer created --------

-------- Creating Train and Eval Dataloaders --------
Train Loader: 1806 total sentences. 452 batches of size 4.
Eval Loader: 452 total sentences. 113 batches of size 4.
-------- Train and Eval Dataloaders created --------

-------- Training --------
Training with Federated Learning technology.
Training with differential privacy.
Federated averaging algorithm selected.
Client 0: Label 0: 176, Label 1: 185
Client 1: Label 0: 172, Label 1: 189
Client 2: Label 0: 164, Label 1: 197
Client 3: Label 0: 172, Label 1: 189
Client 4: Label 0: 179, Label 1: 183

Round 1 of 4
-------------------------------
Predictions - 1s: 23, 0s: 338
True Labels - 1s: 185, 0s: 176
Client 1 of 5: Local Epoch [1/3] Loss: 0.9133, Accuracy: 52.35 %, Epsilon: 6.30, Delta: 0.0030
Predictions - 1s: 213, 0s: 148
True Labels - 1s: 185, 0s: 176
Client 1 of 5: Local Epoch [2/3] Loss: 0.6967, Accuracy: 62.88 %, Epsilon: 8.34, Delta: 0.0030
Predictions - 1s: 124, 0s: 237
True Labels - 1s: 185, 0s: 176
Client 1 of 5: Local Epoch [3/3] Loss: 0.6741, Accuracy: 65.93 %, Epsilon: 10.00, Delta: 0.0030
Predictions - 1s: 234, 0s: 127
True Labels - 1s: 189, 0s: 172
Client 2 of 5: Local Epoch [1/3] Loss: 0.9392, Accuracy: 50.42 %, Epsilon: 6.30, Delta: 0.0030
Predictions - 1s: 263, 0s: 98
True Labels - 1s: 189, 0s: 172
Client 2 of 5: Local Epoch [2/3] Loss: 0.8393, Accuracy: 58.45 %, Epsilon: 8.34, Delta: 0.0030
Predictions - 1s: 273, 0s: 88
True Labels - 1s: 189, 0s: 172
Client 2 of 5: Local Epoch [3/3] Loss: 0.7293, Accuracy: 63.43 %, Epsilon: 10.00, Delta: 0.0030
Predictions - 1s: 141, 0s: 220
True Labels - 1s: 197, 0s: 164
Client 3 of 5: Local Epoch [1/3] Loss: 0.7613, Accuracy: 56.23 %, Epsilon: 6.30, Delta: 0.0030
Predictions - 1s: 293, 0s: 68
True Labels - 1s: 197, 0s: 164
Client 3 of 5: Local Epoch [2/3] Loss: 0.8895, Accuracy: 58.45 %, Epsilon: 8.34, Delta: 0.0030
Predictions - 1s: 339, 0s: 22
True Labels - 1s: 197, 0s: 164
Client 3 of 5: Local Epoch [3/3] Loss: 1.0252, Accuracy: 57.34 %, Epsilon: 10.00, Delta: 0.0030
Predictions - 1s: 241, 0s: 120
True Labels - 1s: 189, 0s: 172
Client 4 of 5: Local Epoch [1/3] Loss: 0.9375, Accuracy: 55.68 %, Epsilon: 6.30, Delta: 0.0030
Predictions - 1s: 283, 0s: 78
True Labels - 1s: 189, 0s: 172
Client 4 of 5: Local Epoch [2/3] Loss: 0.7511, Accuracy: 58.45 %, Epsilon: 8.34, Delta: 0.0030
Predictions - 1s: 254, 0s: 107
True Labels - 1s: 189, 0s: 172
Client 4 of 5: Local Epoch [3/3] Loss: 0.6588, Accuracy: 65.93 %, Epsilon: 10.00, Delta: 0.0030
Predictions - 1s: 120, 0s: 242
True Labels - 1s: 183, 0s: 179
Client 5 of 5: Local Epoch [1/3] Loss: 0.7490, Accuracy: 58.29 %, Epsilon: 6.30, Delta: 0.0030
Predictions - 1s: 39, 0s: 323
True Labels - 1s: 183, 0s: 179
Client 5 of 5: Local Epoch [2/3] Loss: 1.0390, Accuracy: 56.35 %, Epsilon: 8.34, Delta: 0.0030
Predictions - 1s: 165, 0s: 197
True Labels - 1s: 183, 0s: 179
Client 5 of 5: Local Epoch [3/3] Loss: 0.6869, Accuracy: 62.43 %, Epsilon: 10.00, Delta: 0.0030
-------------------------------
Round [1/4] Average Local Loss: 0.7549, Average Local Accuracy: 63.01 %
-------------------------------
-------- Validation --------
Predictions - 1s: 266, 0s: 186
True Labels - 1s: 242, 0s: 210
Round [1/4] Global Model Validation Loss: 0.5720, Validation Accuracy: 72.57 %
-------- Validation finished --------
Updated best model in round 1 saved with Validation Loss: 0.5720 and Validation Accuracy: 72.57 %
-------------------------------

Round 2 of 4
-------------------------------
Predictions - 1s: 268, 0s: 93
True Labels - 1s: 185, 0s: 176
Client 1 of 5: Local Epoch [1/3] Loss: 0.9257, Accuracy: 54.85 %, Epsilon: 6.30, Delta: 0.0030
Predictions - 1s: 74, 0s: 287
True Labels - 1s: 185, 0s: 176
Client 1 of 5: Local Epoch [2/3] Loss: 0.8916, Accuracy: 60.39 %, Epsilon: 8.34, Delta: 0.0030
Predictions - 1s: 129, 0s: 232
True Labels - 1s: 185, 0s: 176
Client 1 of 5: Local Epoch [3/3] Loss: 0.7449, Accuracy: 65.10 %, Epsilon: 10.00, Delta: 0.0030
Predictions - 1s: 296, 0s: 65
True Labels - 1s: 189, 0s: 172
Client 2 of 5: Local Epoch [1/3] Loss: 0.9005, Accuracy: 59.28 %, Epsilon: 6.30, Delta: 0.0030
Predictions - 1s: 201, 0s: 160
True Labels - 1s: 189, 0s: 172
Client 2 of 5: Local Epoch [2/3] Loss: 0.8021, Accuracy: 58.45 %, Epsilon: 8.34, Delta: 0.0030
Predictions - 1s: 59, 0s: 302
True Labels - 1s: 189, 0s: 172
Client 2 of 5: Local Epoch [3/3] Loss: 0.9362, Accuracy: 55.68 %, Epsilon: 10.00, Delta: 0.0030
Predictions - 1s: 355, 0s: 6
True Labels - 1s: 197, 0s: 164
Client 3 of 5: Local Epoch [1/3] Loss: 1.1719, Accuracy: 55.68 %, Epsilon: 6.30, Delta: 0.0030
Predictions - 1s: 329, 0s: 32
True Labels - 1s: 197, 0s: 164
Client 3 of 5: Local Epoch [2/3] Loss: 1.0524, Accuracy: 55.12 %, Epsilon: 8.34, Delta: 0.0030
Predictions - 1s: 348, 0s: 13
True Labels - 1s: 197, 0s: 164
Client 3 of 5: Local Epoch [3/3] Loss: 1.1510, Accuracy: 57.62 %, Epsilon: 10.00, Delta: 0.0030
Predictions - 1s: 315, 0s: 46
True Labels - 1s: 189, 0s: 172
Client 4 of 5: Local Epoch [1/3] Loss: 0.7961, Accuracy: 59.56 %, Epsilon: 6.30, Delta: 0.0030
Predictions - 1s: 305, 0s: 56
True Labels - 1s: 189, 0s: 172
Client 4 of 5: Local Epoch [2/3] Loss: 0.8376, Accuracy: 61.77 %, Epsilon: 8.34, Delta: 0.0030
Predictions - 1s: 243, 0s: 118
True Labels - 1s: 189, 0s: 172
Client 4 of 5: Local Epoch [3/3] Loss: 0.7100, Accuracy: 62.33 %, Epsilon: 10.00, Delta: 0.0030
Predictions - 1s: 71, 0s: 291
True Labels - 1s: 183, 0s: 179
Client 5 of 5: Local Epoch [1/3] Loss: 0.8215, Accuracy: 54.14 %, Epsilon: 6.30, Delta: 0.0030
Predictions - 1s: 33, 0s: 329
True Labels - 1s: 183, 0s: 179
Client 5 of 5: Local Epoch [2/3] Loss: 0.9874, Accuracy: 54.14 %, Epsilon: 8.34, Delta: 0.0030
Predictions - 1s: 66, 0s: 296
True Labels - 1s: 183, 0s: 179
Client 5 of 5: Local Epoch [3/3] Loss: 0.9674, Accuracy: 55.52 %, Epsilon: 10.00, Delta: 0.0030
-------------------------------
Round [2/4] Average Local Loss: 0.9019, Average Local Accuracy: 59.25 %
-------------------------------
-------- Validation --------
Predictions - 1s: 219, 0s: 233
True Labels - 1s: 242, 0s: 210
Round [2/4] Global Model Validation Loss: 0.5530, Validation Accuracy: 71.90 %
-------- Validation finished --------
Updated best model in round 2 saved with Validation Loss: 0.5530 and Validation Accuracy: 71.90 %
-------------------------------

Round 3 of 4
-------------------------------
Predictions - 1s: 246, 0s: 115
True Labels - 1s: 185, 0s: 176
Client 1 of 5: Local Epoch [1/3] Loss: 1.1201, Accuracy: 52.08 %, Epsilon: 6.30, Delta: 0.0030
Predictions - 1s: 193, 0s: 168
True Labels - 1s: 185, 0s: 176
Client 1 of 5: Local Epoch [2/3] Loss: 0.8433, Accuracy: 57.89 %, Epsilon: 8.34, Delta: 0.0030
Predictions - 1s: 183, 0s: 178
True Labels - 1s: 185, 0s: 176
Client 1 of 5: Local Epoch [3/3] Loss: 0.7565, Accuracy: 59.56 %, Epsilon: 10.00, Delta: 0.0030
Predictions - 1s: 310, 0s: 51
True Labels - 1s: 189, 0s: 172
Client 2 of 5: Local Epoch [1/3] Loss: 1.1067, Accuracy: 59.28 %, Epsilon: 6.30, Delta: 0.0030
Predictions - 1s: 326, 0s: 35
True Labels - 1s: 189, 0s: 172
Client 2 of 5: Local Epoch [2/3] Loss: 1.1308, Accuracy: 58.73 %, Epsilon: 8.34, Delta: 0.0030
Predictions - 1s: 292, 0s: 69
True Labels - 1s: 189, 0s: 172
Client 2 of 5: Local Epoch [3/3] Loss: 0.8531, Accuracy: 61.50 %, Epsilon: 10.00, Delta: 0.0030
Predictions - 1s: 339, 0s: 22
True Labels - 1s: 197, 0s: 164
Client 3 of 5: Local Epoch [1/3] Loss: 1.0014, Accuracy: 56.23 %, Epsilon: 6.30, Delta: 0.0030
Predictions - 1s: 293, 0s: 68
True Labels - 1s: 197, 0s: 164
Client 3 of 5: Local Epoch [2/3] Loss: 0.8863, Accuracy: 63.43 %, Epsilon: 8.34, Delta: 0.0030
Predictions - 1s: 223, 0s: 138
True Labels - 1s: 197, 0s: 164
Client 3 of 5: Local Epoch [3/3] Loss: 0.8262, Accuracy: 60.11 %, Epsilon: 10.00, Delta: 0.0030
Predictions - 1s: 315, 0s: 46
True Labels - 1s: 189, 0s: 172
Client 4 of 5: Local Epoch [1/3] Loss: 1.0772, Accuracy: 55.68 %, Epsilon: 6.30, Delta: 0.0030
Predictions - 1s: 245, 0s: 116
True Labels - 1s: 189, 0s: 172
Client 4 of 5: Local Epoch [2/3] Loss: 0.7906, Accuracy: 58.45 %, Epsilon: 8.34, Delta: 0.0030
Predictions - 1s: 242, 0s: 119
True Labels - 1s: 189, 0s: 172
Client 4 of 5: Local Epoch [3/3] Loss: 0.6906, Accuracy: 67.04 %, Epsilon: 10.00, Delta: 0.0030
Predictions - 1s: 206, 0s: 156
True Labels - 1s: 183, 0s: 179
Client 5 of 5: Local Epoch [1/3] Loss: 0.6883, Accuracy: 61.60 %, Epsilon: 6.30, Delta: 0.0030
Predictions - 1s: 73, 0s: 289
True Labels - 1s: 183, 0s: 179
Client 5 of 5: Local Epoch [2/3] Loss: 0.9488, Accuracy: 58.01 %, Epsilon: 8.34, Delta: 0.0030
Predictions - 1s: 143, 0s: 219
True Labels - 1s: 183, 0s: 179
Client 5 of 5: Local Epoch [3/3] Loss: 0.7795, Accuracy: 59.67 %, Epsilon: 10.00, Delta: 0.0030
-------------------------------
Round [3/4] Average Local Loss: 0.7812, Average Local Accuracy: 61.57 %
-------------------------------
-------- Validation --------
Predictions - 1s: 429, 0s: 23
True Labels - 1s: 242, 0s: 210
Round [3/4] Global Model Validation Loss: 0.8526, Validation Accuracy: 58.63 %
-------- Validation finished --------

Round 4 of 4
-------------------------------
Predictions - 1s: 276, 0s: 85
True Labels - 1s: 185, 0s: 176
Client 1 of 5: Local Epoch [1/3] Loss: 0.8698, Accuracy: 59.83 %, Epsilon: 6.30, Delta: 0.0030
Predictions - 1s: 198, 0s: 163
True Labels - 1s: 185, 0s: 176
Client 1 of 5: Local Epoch [2/3] Loss: 0.9668, Accuracy: 58.17 %, Epsilon: 8.34, Delta: 0.0030
Predictions - 1s: 122, 0s: 239
True Labels - 1s: 185, 0s: 176
Client 1 of 5: Local Epoch [3/3] Loss: 0.9036, Accuracy: 64.82 %, Epsilon: 10.00, Delta: 0.0030
Predictions - 1s: 249, 0s: 112
True Labels - 1s: 189, 0s: 172
Client 2 of 5: Local Epoch [1/3] Loss: 0.9477, Accuracy: 60.11 %, Epsilon: 6.30, Delta: 0.0030
Predictions - 1s: 333, 0s: 28
True Labels - 1s: 189, 0s: 172
Client 2 of 5: Local Epoch [2/3] Loss: 1.2501, Accuracy: 54.57 %, Epsilon: 8.34, Delta: 0.0030
Predictions - 1s: 279, 0s: 82
True Labels - 1s: 189, 0s: 172
Client 2 of 5: Local Epoch [3/3] Loss: 0.8205, Accuracy: 63.43 %, Epsilon: 10.00, Delta: 0.0030
Predictions - 1s: 296, 0s: 65
True Labels - 1s: 197, 0s: 164
Client 3 of 5: Local Epoch [1/3] Loss: 1.0350, Accuracy: 58.17 %, Epsilon: 6.30, Delta: 0.0030
Predictions - 1s: 340, 0s: 21
True Labels - 1s: 197, 0s: 164
Client 3 of 5: Local Epoch [2/3] Loss: 1.3337, Accuracy: 58.17 %, Epsilon: 8.34, Delta: 0.0030
Predictions - 1s: 307, 0s: 54
True Labels - 1s: 197, 0s: 164
Client 3 of 5: Local Epoch [3/3] Loss: 0.9430, Accuracy: 61.22 %, Epsilon: 10.00, Delta: 0.0030
Predictions - 1s: 248, 0s: 113
True Labels - 1s: 189, 0s: 172
Client 4 of 5: Local Epoch [1/3] Loss: 0.9324, Accuracy: 57.62 %, Epsilon: 6.30, Delta: 0.0030
Predictions - 1s: 232, 0s: 129
True Labels - 1s: 189, 0s: 172
Client 4 of 5: Local Epoch [2/3] Loss: 0.8405, Accuracy: 60.94 %, Epsilon: 8.34, Delta: 0.0030
Predictions - 1s: 208, 0s: 153
True Labels - 1s: 189, 0s: 172
Client 4 of 5: Local Epoch [3/3] Loss: 0.7236, Accuracy: 62.60 %, Epsilon: 10.00, Delta: 0.0030
Predictions - 1s: 222, 0s: 140
True Labels - 1s: 183, 0s: 179
Client 5 of 5: Local Epoch [1/3] Loss: 1.0992, Accuracy: 53.31 %, Epsilon: 6.30, Delta: 0.0030
Predictions - 1s: 277, 0s: 85
True Labels - 1s: 183, 0s: 179
Client 5 of 5: Local Epoch [2/3] Loss: 0.9517, Accuracy: 58.56 %, Epsilon: 8.34, Delta: 0.0030
Predictions - 1s: 258, 0s: 104
True Labels - 1s: 183, 0s: 179
Client 5 of 5: Local Epoch [3/3] Loss: 0.8632, Accuracy: 59.39 %, Epsilon: 10.00, Delta: 0.0030
-------------------------------
Round [4/4] Average Local Loss: 0.8508, Average Local Accuracy: 62.29 %
-------------------------------
-------- Validation --------
Predictions - 1s: 345, 0s: 107
True Labels - 1s: 242, 0s: 210
Round [4/4] Global Model Validation Loss: 0.6412, Validation Accuracy: 68.81 %
-------- Validation finished --------
Best model in round 2 saved with Validation Loss: 0.5530 and Validation Accuracy: 71.90 %

-------- Training finished in 6:59 --------

Test flag enabled. Testing the model

-------- Loading best model from model_path --------
Loaded model bert-small from date 08-04-2024 17:57. Trained with Federated Learning technology.
Round 2, lr: 0.006, optimizer: AdamW
Average train accuracy: 59.25 %, Validation accuracy: 71.90 %
-------- Best model loaded --------

-------- Creating Test Dataloader --------
Test Loader: 564 total sentences. 71 batches of size 8.
-------- Test Dataloader created --------

-------- Testing --------
Predictions - 1s: 246, 0s: 318
True Labels - 1s: 296, 0s: 268
Nº of test samples: 564
Accuracy: 73.76%
Accuracy 2 : 73.76%
Precision: 74.47%
Recall: 74.14%
F1 Score: 73.72%
Classification report:
              precision    recall  f1-score   support

           0     0.6887    0.8172    0.7474       268
           1     0.8008    0.6655    0.7269       296

    accuracy                         0.7376       564
   macro avg     0.7447    0.7414    0.7372       564
weighted avg     0.7475    0.7376    0.7367       564

-------- Testing finished --------
