Current configuration:
{
    "concurrency_flag": false,
    "data_distribution": "iid",
    "dataset": "mixed_depression",
    "device": "cuda",
    "dp_delta": 0.003,
    "dp_epsilon": 10,
    "eval_batch_size": 4,
    "eval_flag": true,
    "eval_size": 0.2,
    "fed_alg": "fedavg",
    "layers": 3,
    "learning_rate": 0.006,
    "max_length": 512,
    "ml_mode": "fl",
    "model": "bert_small",
    "model_name": "fl_10_c10_mixed_depression",
    "models_path": "/local/vpaloma/fabric-federated-learning/ablation_study/phase-2/1-ml_mode-dataset-dp/mixed_depression",
    "mu": 0.5,
    "num_clients": 10,
    "num_epochs": 3,
    "num_rounds": 4,
    "optimizer": "AdamW",
    "progress_bar_flag": false,
    "save_model": true,
    "scheduler": "linear",
    "scheduler_warmup_steps": 0,
    "seed": 0,
    "test_flag": true,
    "train_batch_size": 4,
    "train_size": 0.8
}
-------- Configuration loaded --------

-------- Setting device --------
cuda device selected and available.
-------- Device set --------

-------- Setting seed --------
-------- Seed set --------

-------- Creating Model --------
-------- Model created --------

-------- Setting Trainable Layers --------
Training the last 3 layers.

Total parameters count: 28764674
Trainable parameters count: 3416066
-------- Trainable Layers set --------

-------- Creating Tokenizer --------
-------- Tokenizer created --------

-------- Creating Train and Eval Dataloaders --------
Train Loader: 1806 total sentences. 452 batches of size 4.
Eval Loader: 452 total sentences. 113 batches of size 4.
-------- Train and Eval Dataloaders created --------

-------- Training --------
Training with Federated Learning technology.
Training with differential privacy.
Federated averaging algorithm selected.
Client 0: Label 0: 88, Label 1: 92
Client 1: Label 0: 88, Label 1: 92
Client 2: Label 0: 83, Label 1: 97
Client 3: Label 0: 87, Label 1: 93
Client 4: Label 0: 84, Label 1: 96
Client 5: Label 0: 82, Label 1: 98
Client 6: Label 0: 89, Label 1: 91
Client 7: Label 0: 81, Label 1: 99
Client 8: Label 0: 89, Label 1: 91
Client 9: Label 0: 92, Label 1: 94

Round 1 of 4
-------------------------------
Predictions - 1s: 6, 0s: 174
True Labels - 1s: 92, 0s: 88
Client 1 of 10: Local Epoch [1/3] Loss: 1.1072, Accuracy: 47.78 %, Epsilon: 9.99, Delta: 0.0030
Predictions - 1s: 79, 0s: 101
True Labels - 1s: 92, 0s: 88
Client 1 of 10: Local Epoch [2/3] Loss: 0.6473, Accuracy: 60.56 %, Epsilon: 13.53, Delta: 0.0030
Predictions - 1s: 141, 0s: 39
True Labels - 1s: 92, 0s: 88
Client 1 of 10: Local Epoch [3/3] Loss: 0.6854, Accuracy: 62.78 %, Epsilon: 16.43, Delta: 0.0030
Predictions - 1s: 63, 0s: 117
True Labels - 1s: 92, 0s: 88
Client 2 of 10: Local Epoch [1/3] Loss: 0.6814, Accuracy: 57.22 %, Epsilon: 9.99, Delta: 0.0030
Predictions - 1s: 164, 0s: 16
True Labels - 1s: 92, 0s: 88
Client 2 of 10: Local Epoch [2/3] Loss: 0.9418, Accuracy: 57.78 %, Epsilon: 13.53, Delta: 0.0030
Predictions - 1s: 165, 0s: 15
True Labels - 1s: 92, 0s: 88
Client 2 of 10: Local Epoch [3/3] Loss: 0.8306, Accuracy: 55.00 %, Epsilon: 16.43, Delta: 0.0030
Predictions - 1s: 169, 0s: 11
True Labels - 1s: 97, 0s: 83
Client 3 of 10: Local Epoch [1/3] Loss: 1.1451, Accuracy: 52.22 %, Epsilon: 9.99, Delta: 0.0030
Predictions - 1s: 179, 0s: 1
True Labels - 1s: 97, 0s: 83
Client 3 of 10: Local Epoch [2/3] Loss: 1.1549, Accuracy: 54.44 %, Epsilon: 13.53, Delta: 0.0030
Predictions - 1s: 166, 0s: 14
True Labels - 1s: 97, 0s: 83
Client 3 of 10: Local Epoch [3/3] Loss: 0.7662, Accuracy: 57.22 %, Epsilon: 16.43, Delta: 0.0030
Predictions - 1s: 90, 0s: 90
True Labels - 1s: 93, 0s: 87
Client 4 of 10: Local Epoch [1/3] Loss: 0.7535, Accuracy: 51.67 %, Epsilon: 9.99, Delta: 0.0030
Predictions - 1s: 82, 0s: 98
True Labels - 1s: 93, 0s: 87
Client 4 of 10: Local Epoch [2/3] Loss: 0.5721, Accuracy: 69.44 %, Epsilon: 13.53, Delta: 0.0030
Predictions - 1s: 114, 0s: 66
True Labels - 1s: 93, 0s: 87
Client 4 of 10: Local Epoch [3/3] Loss: 0.5914, Accuracy: 67.22 %, Epsilon: 16.43, Delta: 0.0030
Predictions - 1s: 38, 0s: 142
True Labels - 1s: 96, 0s: 84
Client 5 of 10: Local Epoch [1/3] Loss: 0.9020, Accuracy: 53.33 %, Epsilon: 9.99, Delta: 0.0030
Predictions - 1s: 72, 0s: 108
True Labels - 1s: 96, 0s: 84
Client 5 of 10: Local Epoch [2/3] Loss: 0.6352, Accuracy: 62.22 %, Epsilon: 13.53, Delta: 0.0030
Predictions - 1s: 160, 0s: 20
True Labels - 1s: 96, 0s: 84
Client 5 of 10: Local Epoch [3/3] Loss: 0.7433, Accuracy: 58.89 %, Epsilon: 16.43, Delta: 0.0030
Predictions - 1s: 151, 0s: 29
True Labels - 1s: 98, 0s: 82
Client 6 of 10: Local Epoch [1/3] Loss: 0.8603, Accuracy: 52.78 %, Epsilon: 9.99, Delta: 0.0030
Predictions - 1s: 158, 0s: 22
True Labels - 1s: 98, 0s: 82
Client 6 of 10: Local Epoch [2/3] Loss: 0.7524, Accuracy: 64.44 %, Epsilon: 13.53, Delta: 0.0030
Predictions - 1s: 174, 0s: 6
True Labels - 1s: 98, 0s: 82
Client 6 of 10: Local Epoch [3/3] Loss: 0.8951, Accuracy: 57.78 %, Epsilon: 16.43, Delta: 0.0030
Predictions - 1s: 28, 0s: 152
True Labels - 1s: 91, 0s: 89
Client 7 of 10: Local Epoch [1/3] Loss: 0.7990, Accuracy: 52.78 %, Epsilon: 9.99, Delta: 0.0030
Predictions - 1s: 24, 0s: 156
True Labels - 1s: 91, 0s: 89
Client 7 of 10: Local Epoch [2/3] Loss: 0.7618, Accuracy: 58.33 %, Epsilon: 13.53, Delta: 0.0030
Predictions - 1s: 44, 0s: 136
True Labels - 1s: 91, 0s: 89
Client 7 of 10: Local Epoch [3/3] Loss: 0.6299, Accuracy: 67.22 %, Epsilon: 16.43, Delta: 0.0030
Predictions - 1s: 82, 0s: 98
True Labels - 1s: 99, 0s: 81
Client 8 of 10: Local Epoch [1/3] Loss: 0.7922, Accuracy: 55.00 %, Epsilon: 9.99, Delta: 0.0030
Predictions - 1s: 178, 0s: 2
True Labels - 1s: 99, 0s: 81
Client 8 of 10: Local Epoch [2/3] Loss: 1.2996, Accuracy: 56.11 %, Epsilon: 13.53, Delta: 0.0030
Predictions - 1s: 176, 0s: 4
True Labels - 1s: 99, 0s: 81
Client 8 of 10: Local Epoch [3/3] Loss: 1.0515, Accuracy: 57.22 %, Epsilon: 16.43, Delta: 0.0030
Predictions - 1s: 9, 0s: 171
True Labels - 1s: 91, 0s: 89
Client 9 of 10: Local Epoch [1/3] Loss: 0.8183, Accuracy: 48.89 %, Epsilon: 9.99, Delta: 0.0030
Predictions - 1s: 57, 0s: 123
True Labels - 1s: 91, 0s: 89
Client 9 of 10: Local Epoch [2/3] Loss: 0.7136, Accuracy: 57.78 %, Epsilon: 13.53, Delta: 0.0030
Predictions - 1s: 41, 0s: 139
True Labels - 1s: 91, 0s: 89
Client 9 of 10: Local Epoch [3/3] Loss: 0.6882, Accuracy: 60.00 %, Epsilon: 16.43, Delta: 0.0030
Predictions - 1s: 49, 0s: 137
True Labels - 1s: 94, 0s: 92
Client 10 of 10: Local Epoch [1/3] Loss: 0.9414, Accuracy: 52.15 %, Epsilon: 9.99, Delta: 0.0030
Predictions - 1s: 34, 0s: 152
True Labels - 1s: 94, 0s: 92
Client 10 of 10: Local Epoch [2/3] Loss: 0.6920, Accuracy: 60.22 %, Epsilon: 13.52, Delta: 0.0030
Predictions - 1s: 84, 0s: 102
True Labels - 1s: 94, 0s: 92
Client 10 of 10: Local Epoch [3/3] Loss: 0.5965, Accuracy: 68.82 %, Epsilon: 16.43, Delta: 0.0030
-------------------------------
Round [1/4] Average Local Loss: 0.7478, Average Local Accuracy: 61.22 %
-------------------------------
-------- Validation --------
Predictions - 1s: 259, 0s: 193
True Labels - 1s: 242, 0s: 210
Round [1/4] Global Model Validation Loss: 0.5825, Validation Accuracy: 73.67 %
-------- Validation finished --------
Updated best model in round 1 saved with Validation Loss: 0.5825 and Validation Accuracy: 73.67 %
-------------------------------

Round 2 of 4
-------------------------------
Predictions - 1s: 82, 0s: 98
True Labels - 1s: 92, 0s: 88
Client 1 of 10: Local Epoch [1/3] Loss: 0.7029, Accuracy: 57.78 %, Epsilon: 9.99, Delta: 0.0030
Predictions - 1s: 56, 0s: 124
True Labels - 1s: 92, 0s: 88
Client 1 of 10: Local Epoch [2/3] Loss: 0.6496, Accuracy: 64.44 %, Epsilon: 13.53, Delta: 0.0030
Predictions - 1s: 70, 0s: 110
True Labels - 1s: 92, 0s: 88
Client 1 of 10: Local Epoch [3/3] Loss: 0.5934, Accuracy: 68.89 %, Epsilon: 16.43, Delta: 0.0030
Predictions - 1s: 26, 0s: 154
True Labels - 1s: 92, 0s: 88
Client 2 of 10: Local Epoch [1/3] Loss: 0.7960, Accuracy: 55.56 %, Epsilon: 9.99, Delta: 0.0030
Predictions - 1s: 91, 0s: 89
True Labels - 1s: 92, 0s: 88
Client 2 of 10: Local Epoch [2/3] Loss: 0.5564, Accuracy: 73.89 %, Epsilon: 13.53, Delta: 0.0030
Predictions - 1s: 69, 0s: 111
True Labels - 1s: 92, 0s: 88
Client 2 of 10: Local Epoch [3/3] Loss: 0.5067, Accuracy: 76.11 %, Epsilon: 16.43, Delta: 0.0030
Predictions - 1s: 100, 0s: 80
True Labels - 1s: 97, 0s: 83
Client 3 of 10: Local Epoch [1/3] Loss: 0.7369, Accuracy: 62.78 %, Epsilon: 9.99, Delta: 0.0030
Predictions - 1s: 180, 0s: 0
True Labels - 1s: 97, 0s: 83
Client 3 of 10: Local Epoch [2/3] Loss: 1.2475, Accuracy: 53.89 %, Epsilon: 13.53, Delta: 0.0030
Predictions - 1s: 169, 0s: 11
True Labels - 1s: 97, 0s: 83
Client 3 of 10: Local Epoch [3/3] Loss: 0.8764, Accuracy: 58.89 %, Epsilon: 16.43, Delta: 0.0030
Predictions - 1s: 179, 0s: 1
True Labels - 1s: 93, 0s: 87
Client 4 of 10: Local Epoch [1/3] Loss: 1.0585, Accuracy: 52.22 %, Epsilon: 9.99, Delta: 0.0030
Predictions - 1s: 77, 0s: 103
True Labels - 1s: 93, 0s: 87
Client 4 of 10: Local Epoch [2/3] Loss: 0.6698, Accuracy: 65.56 %, Epsilon: 13.53, Delta: 0.0030
Predictions - 1s: 86, 0s: 94
True Labels - 1s: 93, 0s: 87
Client 4 of 10: Local Epoch [3/3] Loss: 0.6608, Accuracy: 66.11 %, Epsilon: 16.43, Delta: 0.0030
Predictions - 1s: 177, 0s: 3
True Labels - 1s: 96, 0s: 84
Client 5 of 10: Local Epoch [1/3] Loss: 1.1308, Accuracy: 53.89 %, Epsilon: 9.99, Delta: 0.0030
Predictions - 1s: 163, 0s: 17
True Labels - 1s: 96, 0s: 84
Client 5 of 10: Local Epoch [2/3] Loss: 0.8357, Accuracy: 59.44 %, Epsilon: 13.53, Delta: 0.0030
Predictions - 1s: 178, 0s: 2
True Labels - 1s: 96, 0s: 84
Client 5 of 10: Local Epoch [3/3] Loss: 1.1344, Accuracy: 54.44 %, Epsilon: 16.43, Delta: 0.0030
Predictions - 1s: 102, 0s: 78
True Labels - 1s: 98, 0s: 82
Client 6 of 10: Local Epoch [1/3] Loss: 0.6865, Accuracy: 58.89 %, Epsilon: 9.99, Delta: 0.0030
Predictions - 1s: 170, 0s: 10
True Labels - 1s: 98, 0s: 82
Client 6 of 10: Local Epoch [2/3] Loss: 0.9086, Accuracy: 55.56 %, Epsilon: 13.53, Delta: 0.0030
Predictions - 1s: 171, 0s: 9
True Labels - 1s: 98, 0s: 82
Client 6 of 10: Local Epoch [3/3] Loss: 0.9392, Accuracy: 57.22 %, Epsilon: 16.43, Delta: 0.0030
Predictions - 1s: 46, 0s: 134
True Labels - 1s: 91, 0s: 89
Client 7 of 10: Local Epoch [1/3] Loss: 0.8624, Accuracy: 57.22 %, Epsilon: 9.99, Delta: 0.0030
Predictions - 1s: 106, 0s: 74
True Labels - 1s: 91, 0s: 89
Client 7 of 10: Local Epoch [2/3] Loss: 0.6582, Accuracy: 61.67 %, Epsilon: 13.53, Delta: 0.0030
Predictions - 1s: 87, 0s: 93
True Labels - 1s: 91, 0s: 89
Client 7 of 10: Local Epoch [3/3] Loss: 0.5447, Accuracy: 72.22 %, Epsilon: 16.43, Delta: 0.0030
Predictions - 1s: 175, 0s: 5
True Labels - 1s: 99, 0s: 81
Client 8 of 10: Local Epoch [1/3] Loss: 0.9905, Accuracy: 57.78 %, Epsilon: 9.99, Delta: 0.0030
Predictions - 1s: 180, 0s: 0
True Labels - 1s: 99, 0s: 81
Client 8 of 10: Local Epoch [2/3] Loss: 1.2606, Accuracy: 55.00 %, Epsilon: 13.53, Delta: 0.0030
Predictions - 1s: 175, 0s: 5
True Labels - 1s: 99, 0s: 81
Client 8 of 10: Local Epoch [3/3] Loss: 0.8272, Accuracy: 57.78 %, Epsilon: 16.43, Delta: 0.0030
Predictions - 1s: 32, 0s: 148
True Labels - 1s: 91, 0s: 89
Client 9 of 10: Local Epoch [1/3] Loss: 0.7441, Accuracy: 58.33 %, Epsilon: 9.99, Delta: 0.0030
Predictions - 1s: 38, 0s: 142
True Labels - 1s: 91, 0s: 89
Client 9 of 10: Local Epoch [2/3] Loss: 0.8042, Accuracy: 60.56 %, Epsilon: 13.53, Delta: 0.0030
Predictions - 1s: 79, 0s: 101
True Labels - 1s: 91, 0s: 89
Client 9 of 10: Local Epoch [3/3] Loss: 0.5666, Accuracy: 77.78 %, Epsilon: 16.43, Delta: 0.0030
Predictions - 1s: 50, 0s: 136
True Labels - 1s: 94, 0s: 92
Client 10 of 10: Local Epoch [1/3] Loss: 0.6667, Accuracy: 66.67 %, Epsilon: 9.99, Delta: 0.0030
Predictions - 1s: 87, 0s: 99
True Labels - 1s: 94, 0s: 92
Client 10 of 10: Local Epoch [2/3] Loss: 0.6193, Accuracy: 66.13 %, Epsilon: 13.52, Delta: 0.0030
Predictions - 1s: 92, 0s: 94
True Labels - 1s: 94, 0s: 92
Client 10 of 10: Local Epoch [3/3] Loss: 0.5710, Accuracy: 70.97 %, Epsilon: 16.43, Delta: 0.0030
-------------------------------
Round [2/4] Average Local Loss: 0.7221, Average Local Accuracy: 66.04 %
-------------------------------
-------- Validation --------
Predictions - 1s: 245, 0s: 207
True Labels - 1s: 242, 0s: 210
Round [2/4] Global Model Validation Loss: 0.5240, Validation Accuracy: 75.00 %
-------- Validation finished --------
Updated best model in round 2 saved with Validation Loss: 0.5240 and Validation Accuracy: 75.00 %
-------------------------------

Round 3 of 4
-------------------------------
Predictions - 1s: 129, 0s: 51
True Labels - 1s: 92, 0s: 88
Client 1 of 10: Local Epoch [1/3] Loss: 0.7737, Accuracy: 61.67 %, Epsilon: 9.99, Delta: 0.0030
Predictions - 1s: 52, 0s: 128
True Labels - 1s: 92, 0s: 88
Client 1 of 10: Local Epoch [2/3] Loss: 0.6962, Accuracy: 63.33 %, Epsilon: 13.53, Delta: 0.0030
Predictions - 1s: 49, 0s: 131
True Labels - 1s: 92, 0s: 88
Client 1 of 10: Local Epoch [3/3] Loss: 0.6432, Accuracy: 69.44 %, Epsilon: 16.43, Delta: 0.0030
Predictions - 1s: 53, 0s: 127
True Labels - 1s: 92, 0s: 88
Client 2 of 10: Local Epoch [1/3] Loss: 0.6904, Accuracy: 62.78 %, Epsilon: 9.99, Delta: 0.0030
Predictions - 1s: 69, 0s: 111
True Labels - 1s: 92, 0s: 88
Client 2 of 10: Local Epoch [2/3] Loss: 0.5226, Accuracy: 72.78 %, Epsilon: 13.53, Delta: 0.0030
Predictions - 1s: 74, 0s: 106
True Labels - 1s: 92, 0s: 88
Client 2 of 10: Local Epoch [3/3] Loss: 0.5495, Accuracy: 74.44 %, Epsilon: 16.43, Delta: 0.0030
Predictions - 1s: 68, 0s: 112
True Labels - 1s: 97, 0s: 83
Client 3 of 10: Local Epoch [1/3] Loss: 0.8020, Accuracy: 57.22 %, Epsilon: 9.99, Delta: 0.0030
Predictions - 1s: 177, 0s: 3
True Labels - 1s: 97, 0s: 83
Client 3 of 10: Local Epoch [2/3] Loss: 1.1166, Accuracy: 54.44 %, Epsilon: 13.53, Delta: 0.0030
Predictions - 1s: 172, 0s: 8
True Labels - 1s: 97, 0s: 83
Client 3 of 10: Local Epoch [3/3] Loss: 0.9997, Accuracy: 57.22 %, Epsilon: 16.43, Delta: 0.0030
Predictions - 1s: 82, 0s: 98
True Labels - 1s: 93, 0s: 87
Client 4 of 10: Local Epoch [1/3] Loss: 0.6212, Accuracy: 69.44 %, Epsilon: 9.99, Delta: 0.0030
Predictions - 1s: 61, 0s: 119
True Labels - 1s: 93, 0s: 87
Client 4 of 10: Local Epoch [2/3] Loss: 0.6433, Accuracy: 71.11 %, Epsilon: 13.53, Delta: 0.0030
Predictions - 1s: 73, 0s: 107
True Labels - 1s: 93, 0s: 87
Client 4 of 10: Local Epoch [3/3] Loss: 0.6260, Accuracy: 72.22 %, Epsilon: 16.43, Delta: 0.0030
Predictions - 1s: 112, 0s: 68
True Labels - 1s: 96, 0s: 84
Client 5 of 10: Local Epoch [1/3] Loss: 0.6747, Accuracy: 63.33 %, Epsilon: 9.99, Delta: 0.0030
Predictions - 1s: 156, 0s: 24
True Labels - 1s: 96, 0s: 84
Client 5 of 10: Local Epoch [2/3] Loss: 0.7956, Accuracy: 61.11 %, Epsilon: 13.53, Delta: 0.0030
Predictions - 1s: 137, 0s: 43
True Labels - 1s: 96, 0s: 84
Client 5 of 10: Local Epoch [3/3] Loss: 0.7052, Accuracy: 65.00 %, Epsilon: 16.43, Delta: 0.0030
Predictions - 1s: 135, 0s: 45
True Labels - 1s: 98, 0s: 82
Client 6 of 10: Local Epoch [1/3] Loss: 0.9097, Accuracy: 62.78 %, Epsilon: 9.99, Delta: 0.0030
Predictions - 1s: 174, 0s: 6
True Labels - 1s: 98, 0s: 82
Client 6 of 10: Local Epoch [2/3] Loss: 1.0163, Accuracy: 54.44 %, Epsilon: 13.53, Delta: 0.0030
Predictions - 1s: 174, 0s: 6
True Labels - 1s: 98, 0s: 82
Client 6 of 10: Local Epoch [3/3] Loss: 1.0936, Accuracy: 55.56 %, Epsilon: 16.43, Delta: 0.0030
Predictions - 1s: 151, 0s: 29
True Labels - 1s: 91, 0s: 89
Client 7 of 10: Local Epoch [1/3] Loss: 0.9321, Accuracy: 60.00 %, Epsilon: 9.99, Delta: 0.0030
Predictions - 1s: 35, 0s: 145
True Labels - 1s: 91, 0s: 89
Client 7 of 10: Local Epoch [2/3] Loss: 0.7584, Accuracy: 63.33 %, Epsilon: 13.53, Delta: 0.0030
Predictions - 1s: 59, 0s: 121
True Labels - 1s: 91, 0s: 89
Client 7 of 10: Local Epoch [3/3] Loss: 0.5594, Accuracy: 71.11 %, Epsilon: 16.43, Delta: 0.0030
Predictions - 1s: 170, 0s: 10
True Labels - 1s: 99, 0s: 81
Client 8 of 10: Local Epoch [1/3] Loss: 0.9608, Accuracy: 57.22 %, Epsilon: 9.99, Delta: 0.0030
Predictions - 1s: 170, 0s: 10
True Labels - 1s: 99, 0s: 81
Client 8 of 10: Local Epoch [2/3] Loss: 0.8370, Accuracy: 59.44 %, Epsilon: 13.53, Delta: 0.0030
Predictions - 1s: 173, 0s: 7
True Labels - 1s: 99, 0s: 81
Client 8 of 10: Local Epoch [3/3] Loss: 0.9596, Accuracy: 56.67 %, Epsilon: 16.43, Delta: 0.0030
Predictions - 1s: 38, 0s: 142
True Labels - 1s: 91, 0s: 89
Client 9 of 10: Local Epoch [1/3] Loss: 0.9158, Accuracy: 56.11 %, Epsilon: 9.99, Delta: 0.0030
Predictions - 1s: 100, 0s: 80
True Labels - 1s: 91, 0s: 89
Client 9 of 10: Local Epoch [2/3] Loss: 0.5869, Accuracy: 72.78 %, Epsilon: 13.53, Delta: 0.0030
Predictions - 1s: 77, 0s: 103
True Labels - 1s: 91, 0s: 89
Client 9 of 10: Local Epoch [3/3] Loss: 0.5823, Accuracy: 63.33 %, Epsilon: 16.43, Delta: 0.0030
Predictions - 1s: 18, 0s: 168
True Labels - 1s: 94, 0s: 92
Client 10 of 10: Local Epoch [1/3] Loss: 0.9372, Accuracy: 54.84 %, Epsilon: 9.99, Delta: 0.0030
Predictions - 1s: 122, 0s: 64
True Labels - 1s: 94, 0s: 92
Client 10 of 10: Local Epoch [2/3] Loss: 0.7288, Accuracy: 61.29 %, Epsilon: 13.52, Delta: 0.0030
Predictions - 1s: 94, 0s: 92
True Labels - 1s: 94, 0s: 92
Client 10 of 10: Local Epoch [3/3] Loss: 0.5713, Accuracy: 72.04 %, Epsilon: 16.43, Delta: 0.0030
-------------------------------
Round [3/4] Average Local Loss: 0.7290, Average Local Accuracy: 65.70 %
-------------------------------
-------- Validation --------
Predictions - 1s: 246, 0s: 206
True Labels - 1s: 242, 0s: 210
Round [3/4] Global Model Validation Loss: 0.4967, Validation Accuracy: 74.78 %
-------- Validation finished --------
Updated best model in round 3 saved with Validation Loss: 0.4967 and Validation Accuracy: 74.78 %
-------------------------------

Round 4 of 4
-------------------------------
Predictions - 1s: 84, 0s: 96
True Labels - 1s: 92, 0s: 88
Client 1 of 10: Local Epoch [1/3] Loss: 0.6869, Accuracy: 67.78 %, Epsilon: 9.99, Delta: 0.0030
Predictions - 1s: 125, 0s: 55
True Labels - 1s: 92, 0s: 88
Client 1 of 10: Local Epoch [2/3] Loss: 0.6061, Accuracy: 70.56 %, Epsilon: 13.53, Delta: 0.0030
Predictions - 1s: 88, 0s: 92
True Labels - 1s: 92, 0s: 88
Client 1 of 10: Local Epoch [3/3] Loss: 0.4999, Accuracy: 74.44 %, Epsilon: 16.43, Delta: 0.0030
Predictions - 1s: 74, 0s: 106
True Labels - 1s: 92, 0s: 88
Client 2 of 10: Local Epoch [1/3] Loss: 0.5905, Accuracy: 73.33 %, Epsilon: 9.99, Delta: 0.0030
Predictions - 1s: 106, 0s: 74
True Labels - 1s: 92, 0s: 88
Client 2 of 10: Local Epoch [2/3] Loss: 0.5646, Accuracy: 77.78 %, Epsilon: 13.53, Delta: 0.0030
Predictions - 1s: 78, 0s: 102
True Labels - 1s: 92, 0s: 88
Client 2 of 10: Local Epoch [3/3] Loss: 0.5231, Accuracy: 80.00 %, Epsilon: 16.43, Delta: 0.0030
Predictions - 1s: 150, 0s: 30
True Labels - 1s: 97, 0s: 83
Client 3 of 10: Local Epoch [1/3] Loss: 0.9261, Accuracy: 59.44 %, Epsilon: 9.99, Delta: 0.0030
Predictions - 1s: 138, 0s: 42
True Labels - 1s: 97, 0s: 83
Client 3 of 10: Local Epoch [2/3] Loss: 0.6706, Accuracy: 65.00 %, Epsilon: 13.53, Delta: 0.0030
Predictions - 1s: 155, 0s: 25
True Labels - 1s: 97, 0s: 83
Client 3 of 10: Local Epoch [3/3] Loss: 0.7590, Accuracy: 65.56 %, Epsilon: 16.43, Delta: 0.0030
Predictions - 1s: 72, 0s: 108
True Labels - 1s: 93, 0s: 87
Client 4 of 10: Local Epoch [1/3] Loss: 0.6874, Accuracy: 63.89 %, Epsilon: 9.99, Delta: 0.0030
Predictions - 1s: 55, 0s: 125
True Labels - 1s: 93, 0s: 87
Client 4 of 10: Local Epoch [2/3] Loss: 0.6780, Accuracy: 67.78 %, Epsilon: 13.53, Delta: 0.0030
Predictions - 1s: 70, 0s: 110
True Labels - 1s: 93, 0s: 87
Client 4 of 10: Local Epoch [3/3] Loss: 0.5602, Accuracy: 71.67 %, Epsilon: 16.43, Delta: 0.0030
Predictions - 1s: 92, 0s: 88
True Labels - 1s: 96, 0s: 84
Client 5 of 10: Local Epoch [1/3] Loss: 0.6407, Accuracy: 68.89 %, Epsilon: 9.99, Delta: 0.0030
Predictions - 1s: 127, 0s: 53
True Labels - 1s: 96, 0s: 84
Client 5 of 10: Local Epoch [2/3] Loss: 0.6939, Accuracy: 63.89 %, Epsilon: 13.53, Delta: 0.0030
Predictions - 1s: 121, 0s: 59
True Labels - 1s: 96, 0s: 84
Client 5 of 10: Local Epoch [3/3] Loss: 0.6653, Accuracy: 65.00 %, Epsilon: 16.43, Delta: 0.0030
Predictions - 1s: 154, 0s: 26
True Labels - 1s: 98, 0s: 82
Client 6 of 10: Local Epoch [1/3] Loss: 0.8026, Accuracy: 63.33 %, Epsilon: 9.99, Delta: 0.0030
Predictions - 1s: 153, 0s: 27
True Labels - 1s: 98, 0s: 82
Client 6 of 10: Local Epoch [2/3] Loss: 0.8274, Accuracy: 65.00 %, Epsilon: 13.53, Delta: 0.0030
Predictions - 1s: 137, 0s: 43
True Labels - 1s: 98, 0s: 82
Client 6 of 10: Local Epoch [3/3] Loss: 0.6322, Accuracy: 69.44 %, Epsilon: 16.43, Delta: 0.0030
Predictions - 1s: 102, 0s: 78
True Labels - 1s: 91, 0s: 89
Client 7 of 10: Local Epoch [1/3] Loss: 0.6680, Accuracy: 65.00 %, Epsilon: 9.99, Delta: 0.0030
Predictions - 1s: 51, 0s: 129
True Labels - 1s: 91, 0s: 89
Client 7 of 10: Local Epoch [2/3] Loss: 0.6466, Accuracy: 67.78 %, Epsilon: 13.53, Delta: 0.0030
Predictions - 1s: 77, 0s: 103
True Labels - 1s: 91, 0s: 89
Client 7 of 10: Local Epoch [3/3] Loss: 0.5113, Accuracy: 75.56 %, Epsilon: 16.43, Delta: 0.0030
Predictions - 1s: 145, 0s: 35
True Labels - 1s: 99, 0s: 81
Client 8 of 10: Local Epoch [1/3] Loss: 0.6687, Accuracy: 66.67 %, Epsilon: 9.99, Delta: 0.0030
Predictions - 1s: 163, 0s: 17
True Labels - 1s: 99, 0s: 81
Client 8 of 10: Local Epoch [2/3] Loss: 0.8485, Accuracy: 63.33 %, Epsilon: 13.53, Delta: 0.0030
Predictions - 1s: 148, 0s: 32
True Labels - 1s: 99, 0s: 81
Client 8 of 10: Local Epoch [3/3] Loss: 0.6595, Accuracy: 66.11 %, Epsilon: 16.43, Delta: 0.0030
Predictions - 1s: 74, 0s: 106
True Labels - 1s: 91, 0s: 89
Client 9 of 10: Local Epoch [1/3] Loss: 0.6483, Accuracy: 68.33 %, Epsilon: 9.99, Delta: 0.0030
Predictions - 1s: 40, 0s: 140
True Labels - 1s: 91, 0s: 89
Client 9 of 10: Local Epoch [2/3] Loss: 0.7435, Accuracy: 65.00 %, Epsilon: 13.53, Delta: 0.0030
Predictions - 1s: 25, 0s: 155
True Labels - 1s: 91, 0s: 89
Client 9 of 10: Local Epoch [3/3] Loss: 0.9269, Accuracy: 60.00 %, Epsilon: 16.43, Delta: 0.0030
Predictions - 1s: 139, 0s: 47
True Labels - 1s: 94, 0s: 92
Client 10 of 10: Local Epoch [1/3] Loss: 0.7112, Accuracy: 62.90 %, Epsilon: 9.99, Delta: 0.0030
Predictions - 1s: 110, 0s: 76
True Labels - 1s: 94, 0s: 92
Client 10 of 10: Local Epoch [2/3] Loss: 0.6110, Accuracy: 70.97 %, Epsilon: 13.52, Delta: 0.0030
Predictions - 1s: 68, 0s: 118
True Labels - 1s: 94, 0s: 92
Client 10 of 10: Local Epoch [3/3] Loss: 0.6099, Accuracy: 70.97 %, Epsilon: 16.43, Delta: 0.0030
-------------------------------
Round [4/4] Average Local Loss: 0.6347, Average Local Accuracy: 69.87 %
-------------------------------
-------- Validation --------
Predictions - 1s: 258, 0s: 194
True Labels - 1s: 242, 0s: 210
Round [4/4] Global Model Validation Loss: 0.5552, Validation Accuracy: 75.66 %
-------- Validation finished --------
Best model in round 3 saved with Validation Loss: 0.4967 and Validation Accuracy: 74.78 %

-------- Training finished in 7:01 --------

Test flag enabled. Testing the model

-------- Loading best model from model_path --------
Loaded model bert-small from date 08-04-2024 13:40. Trained with Federated Learning technology.
Round 3, lr: 0.006, optimizer: AdamW
Average train accuracy: 65.70 %, Validation accuracy: 74.78 %
-------- Best model loaded --------

-------- Creating Test Dataloader --------
Test Loader: 564 total sentences. 71 batches of size 8.
-------- Test Dataloader created --------

-------- Testing --------
Predictions - 1s: 282, 0s: 282
True Labels - 1s: 296, 0s: 268
Nº of test samples: 564
Accuracy: 76.95%
Accuracy 2 : 76.95%
Precision: 76.95%
Recall: 77.02%
F1 Score: 76.94%
Classification report:
              precision    recall  f1-score   support

           0     0.7447    0.7836    0.7636       268
           1     0.7943    0.7568    0.7751       296

    accuracy                         0.7695       564
   macro avg     0.7695    0.7702    0.7694       564
weighted avg     0.7707    0.7695    0.7696       564

-------- Testing finished --------
