Current configuration:
{
    "concurrency_flag": false,
    "data_distribution": "iid",
    "dataset": "mixed_depression",
    "device": "cuda",
    "dp_delta": 0.003,
    "dp_epsilon": 0,
    "eval_batch_size": 4,
    "eval_flag": true,
    "eval_size": 0.2,
    "fed_alg": "fedavg",
    "layers": 3,
    "learning_rate": 6e-05,
    "max_length": 512,
    "ml_mode": "ml",
    "model": "bert_small",
    "model_name": "ml_0_mixed_depression",
    "models_path": "/local/vpaloma/fabric-federated-learning/ablation_study/phase-2/1-ml_mode-dataset-dp/mixed_depression",
    "mu": 0.5,
    "num_clients": 5,
    "num_epochs": 12,
    "num_rounds": 4,
    "optimizer": "AdamW",
    "progress_bar_flag": false,
    "save_model": true,
    "scheduler": "linear",
    "scheduler_warmup_steps": 0,
    "seed": 0,
    "test_flag": true,
    "train_batch_size": 4,
    "train_size": 0.8
}
-------- Configuration loaded --------

-------- Setting device --------
cuda device selected and available.
-------- Device set --------

-------- Setting seed --------
-------- Seed set --------

-------- Creating Model --------
-------- Model created --------

-------- Setting Trainable Layers --------
Training the last 3 layers.

Total parameters count: 28764674
Trainable parameters count: 3416066
-------- Trainable Layers set --------

-------- Creating Tokenizer --------
-------- Tokenizer created --------

-------- Creating Train and Eval Dataloaders --------
Train Loader: 1806 total sentences. 452 batches of size 4.
Eval Loader: 452 total sentences. 113 batches of size 4.
-------- Train and Eval Dataloaders created --------

-------- Creating Optimizer --------
-------- Optimizer created --------

-------- Creating Scheduler --------
-------- Scheduler created --------

-------- Training --------
Training with Centralised Machine Learning technology.
Training without differential privacy.
Epoch [1/12], Step [100/452], Loss: 0.5426, Accuracy: 72.25 %
Epoch [1/12], Step [200/452], Loss: 0.4689, Accuracy: 77.25 %
Epoch [1/12], Step [300/452], Loss: 0.4444, Accuracy: 79.17 %
Epoch [1/12], Step [400/452], Loss: 0.4243, Accuracy: 80.38 %
Predictions - 1s: 953, 0s: 853
True Labels - 1s: 943, 0s: 863
-------------------------------
Epoch [1/12] Loss: 0.4203, Accuracy: 80.84 %
-------------------------------
-------- Validation --------
Predictions - 1s: 205, 0s: 247
True Labels - 1s: 242, 0s: 210
Validation Loss: 0.3145, Validation Accuracy: 87.39 %
-------- Validation finished --------
Updated best model in epoch 1 saved with Validation Loss: 0.3145 and Validation Accuracy: 87.39 %
-------------------------------
Epoch [2/12], Step [100/452], Loss: 0.2551, Accuracy: 90.00 %
Epoch [2/12], Step [200/452], Loss: 0.2657, Accuracy: 89.12 %
Epoch [2/12], Step [300/452], Loss: 0.2626, Accuracy: 89.92 %
Epoch [2/12], Step [400/452], Loss: 0.2768, Accuracy: 89.44 %
Predictions - 1s: 979, 0s: 827
True Labels - 1s: 943, 0s: 863
-------------------------------
Epoch [2/12] Loss: 0.2859, Accuracy: 89.04 %
-------------------------------
-------- Validation --------
Predictions - 1s: 254, 0s: 198
True Labels - 1s: 242, 0s: 210
Validation Loss: 0.2382, Validation Accuracy: 90.71 %
-------- Validation finished --------
Updated best model in epoch 2 saved with Validation Loss: 0.2382 and Validation Accuracy: 90.71 %
-------------------------------
Epoch [3/12], Step [100/452], Loss: 0.2227, Accuracy: 91.25 %
Epoch [3/12], Step [200/452], Loss: 0.2256, Accuracy: 91.25 %
Epoch [3/12], Step [300/452], Loss: 0.2376, Accuracy: 90.42 %
Epoch [3/12], Step [400/452], Loss: 0.2343, Accuracy: 90.81 %
Predictions - 1s: 974, 0s: 832
True Labels - 1s: 943, 0s: 863
-------------------------------
Epoch [3/12] Loss: 0.2311, Accuracy: 91.09 %
-------------------------------
-------- Validation --------
Predictions - 1s: 228, 0s: 224
True Labels - 1s: 242, 0s: 210
Validation Loss: 0.2455, Validation Accuracy: 90.71 %
-------- Validation finished --------
Epoch [4/12], Step [100/452], Loss: 0.2040, Accuracy: 91.75 %
Epoch [4/12], Step [200/452], Loss: 0.1937, Accuracy: 92.38 %
Epoch [4/12], Step [300/452], Loss: 0.1965, Accuracy: 92.42 %
Epoch [4/12], Step [400/452], Loss: 0.1946, Accuracy: 92.19 %
Predictions - 1s: 977, 0s: 829
True Labels - 1s: 943, 0s: 863
-------------------------------
Epoch [4/12] Loss: 0.1928, Accuracy: 92.25 %
-------------------------------
-------- Validation --------
Predictions - 1s: 220, 0s: 232
True Labels - 1s: 242, 0s: 210
Validation Loss: 0.2634, Validation Accuracy: 89.82 %
-------- Validation finished --------
Epoch [5/12], Step [100/452], Loss: 0.1417, Accuracy: 96.00 %
Epoch [5/12], Step [200/452], Loss: 0.1434, Accuracy: 95.00 %
Epoch [5/12], Step [300/452], Loss: 0.1429, Accuracy: 95.08 %
Epoch [5/12], Step [400/452], Loss: 0.1374, Accuracy: 95.25 %
Predictions - 1s: 971, 0s: 835
True Labels - 1s: 943, 0s: 863
-------------------------------
Epoch [5/12] Loss: 0.1332, Accuracy: 95.35 %
-------------------------------
-------- Validation --------
Predictions - 1s: 211, 0s: 241
True Labels - 1s: 242, 0s: 210
Validation Loss: 0.3196, Validation Accuracy: 90.04 %
-------- Validation finished --------
Epoch [6/12], Step [100/452], Loss: 0.0965, Accuracy: 95.75 %
Epoch [6/12], Step [200/452], Loss: 0.1160, Accuracy: 94.38 %
Epoch [6/12], Step [300/452], Loss: 0.1192, Accuracy: 94.25 %
Epoch [6/12], Step [400/452], Loss: 0.1134, Accuracy: 94.69 %
Predictions - 1s: 957, 0s: 849
True Labels - 1s: 943, 0s: 863
-------------------------------
Epoch [6/12] Loss: 0.1135, Accuracy: 94.80 %
-------------------------------
-------- Validation --------
Predictions - 1s: 213, 0s: 239
True Labels - 1s: 242, 0s: 210
Validation Loss: 0.3099, Validation Accuracy: 89.16 %
-------- Validation finished --------
Epoch [7/12], Step [100/452], Loss: 0.0569, Accuracy: 97.25 %
Epoch [7/12], Step [200/452], Loss: 0.0475, Accuracy: 98.00 %
Epoch [7/12], Step [300/452], Loss: 0.0587, Accuracy: 97.67 %
Epoch [7/12], Step [400/452], Loss: 0.0664, Accuracy: 97.62 %
Predictions - 1s: 965, 0s: 841
True Labels - 1s: 943, 0s: 863
-------------------------------
Epoch [7/12] Loss: 0.0690, Accuracy: 97.56 %
-------------------------------
-------- Validation --------
Predictions - 1s: 226, 0s: 226
True Labels - 1s: 242, 0s: 210
Validation Loss: 0.3126, Validation Accuracy: 90.71 %
-------- Validation finished --------
Epoch [8/12], Step [100/452], Loss: 0.0354, Accuracy: 98.50 %
Epoch [8/12], Step [200/452], Loss: 0.0462, Accuracy: 98.25 %
Epoch [8/12], Step [300/452], Loss: 0.0480, Accuracy: 98.25 %
Epoch [8/12], Step [400/452], Loss: 0.0652, Accuracy: 97.50 %
Predictions - 1s: 951, 0s: 855
True Labels - 1s: 943, 0s: 863
-------------------------------
Epoch [8/12] Loss: 0.0650, Accuracy: 97.56 %
-------------------------------
-------- Validation --------
Predictions - 1s: 229, 0s: 223
True Labels - 1s: 242, 0s: 210
Validation Loss: 0.2781, Validation Accuracy: 91.37 %
-------- Validation finished --------
Epoch [9/12], Step [100/452], Loss: 0.0467, Accuracy: 98.50 %
Epoch [9/12], Step [200/452], Loss: 0.0499, Accuracy: 98.50 %
Epoch [9/12], Step [300/452], Loss: 0.0537, Accuracy: 98.42 %
Epoch [9/12], Step [400/452], Loss: 0.0488, Accuracy: 98.62 %
Predictions - 1s: 950, 0s: 856
True Labels - 1s: 943, 0s: 863
-------------------------------
Epoch [9/12] Loss: 0.0489, Accuracy: 98.50 %
-------------------------------
-------- Validation --------
Predictions - 1s: 221, 0s: 231
True Labels - 1s: 242, 0s: 210
Validation Loss: 0.3369, Validation Accuracy: 90.93 %
-------- Validation finished --------
Epoch [10/12], Step [100/452], Loss: 0.0330, Accuracy: 99.00 %
Epoch [10/12], Step [200/452], Loss: 0.0357, Accuracy: 98.88 %
Epoch [10/12], Step [300/452], Loss: 0.0381, Accuracy: 98.83 %
Epoch [10/12], Step [400/452], Loss: 0.0425, Accuracy: 98.62 %
Predictions - 1s: 950, 0s: 856
True Labels - 1s: 943, 0s: 863
-------------------------------
Epoch [10/12] Loss: 0.0422, Accuracy: 98.62 %
-------------------------------
-------- Validation --------
Predictions - 1s: 222, 0s: 230
True Labels - 1s: 242, 0s: 210
Validation Loss: 0.3176, Validation Accuracy: 91.15 %
-------- Validation finished --------
Epoch [11/12], Step [100/452], Loss: 0.0385, Accuracy: 99.50 %
Epoch [11/12], Step [200/452], Loss: 0.0309, Accuracy: 99.38 %
Epoch [11/12], Step [300/452], Loss: 0.0338, Accuracy: 99.17 %
Epoch [11/12], Step [400/452], Loss: 0.0409, Accuracy: 98.75 %
Predictions - 1s: 948, 0s: 858
True Labels - 1s: 943, 0s: 863
-------------------------------
Epoch [11/12] Loss: 0.0430, Accuracy: 98.73 %
-------------------------------
-------- Validation --------
Predictions - 1s: 223, 0s: 229
True Labels - 1s: 242, 0s: 210
Validation Loss: 0.3155, Validation Accuracy: 90.93 %
-------- Validation finished --------
Epoch [12/12], Step [100/452], Loss: 0.0138, Accuracy: 99.75 %
Epoch [12/12], Step [200/452], Loss: 0.0236, Accuracy: 99.62 %
Epoch [12/12], Step [300/452], Loss: 0.0285, Accuracy: 99.33 %
Epoch [12/12], Step [400/452], Loss: 0.0263, Accuracy: 99.38 %
Predictions - 1s: 946, 0s: 860
True Labels - 1s: 943, 0s: 863
-------------------------------
Epoch [12/12] Loss: 0.0249, Accuracy: 99.39 %
-------------------------------
-------- Validation --------
Predictions - 1s: 224, 0s: 228
True Labels - 1s: 242, 0s: 210
Validation Loss: 0.3205, Validation Accuracy: 90.71 %
-------- Validation finished --------
Best model in epoch 2 saved with with Validation Loss: 0.2382 and Validation Accuracy: 90.71 %

-------- Training finished in 29:16 --------

Test flag enabled. Testing the model

-------- Loading best model from model_path --------
Loaded model bert-small from date 19-03-2024 08:08. Trained with Centralised Machine Learning technology.
Epoch 2, lr: 6e-05, optimizer: AdamW
Train accuracy: 89.04 %, Validation accuracy: 90.71 %
-------- Best model loaded --------

-------- Creating Test Dataloader --------
Test Loader: 564 total sentences. 71 batches of size 8.
-------- Test Dataloader created --------

-------- Testing --------
Predictions - 1s: 308, 0s: 256
True Labels - 1s: 296, 0s: 268
Nº of test samples: 564
Accuracy: 87.94%
Accuracy 2 : 87.94%
Precision: 88.04%
Recall: 87.81%
F1 Score: 87.88%
Classification report:
              precision    recall  f1-score   support

           0     0.8906    0.8507    0.8702       268
           1     0.8701    0.9054    0.8874       296

    accuracy                         0.8794       564
   macro avg     0.8804    0.8781    0.8788       564
weighted avg     0.8799    0.8794    0.8792       564

-------- Testing finished --------
