Current configuration:
{
    "concurrency_flag": false,
    "data_distribution": "iid",
    "dataset": "mixed_depression",
    "device": "cuda",
    "dp_delta": 0.003,
    "dp_epsilon": 10,
    "eval_batch_size": 4,
    "eval_flag": true,
    "eval_size": 0.2,
    "fed_alg": "fedavg",
    "layers": 3,
    "learning_rate": 0.0006,
    "max_length": 512,
    "ml_mode": "ml",
    "model": "bert_small",
    "model_name": "ml_10_seed2_mixed_depression",
    "models_path": "/local/vpaloma/fabric-federated-learning/ablation_study/phase-2/1-ml_mode-dataset-dp/mixed_depression",
    "mu": 0.5,
    "num_clients": 5,
    "num_epochs": 12,
    "num_rounds": 4,
    "optimizer": "AdamW",
    "progress_bar_flag": false,
    "save_model": true,
    "scheduler": "linear",
    "scheduler_warmup_steps": 0,
    "seed": 221,
    "test_flag": true,
    "train_batch_size": 4,
    "train_size": 0.8
}
-------- Configuration loaded --------

-------- Setting device --------
cuda device selected and available.
-------- Device set --------

-------- Setting seed --------
-------- Seed set --------

-------- Creating Model --------
-------- Model created --------

-------- Setting Trainable Layers --------
Training the last 3 layers.

Total parameters count: 28764674
Trainable parameters count: 3416066
-------- Trainable Layers set --------

-------- Creating Tokenizer --------
-------- Tokenizer created --------

-------- Creating Train and Eval Dataloaders --------
Train Loader: 1806 total sentences. 452 batches of size 4.
Eval Loader: 452 total sentences. 113 batches of size 4.
-------- Train and Eval Dataloaders created --------

-------- Creating Optimizer --------
-------- Optimizer created --------

-------- Creating Scheduler --------
-------- Scheduler created --------

-------- Training --------
Training with Centralised Machine Learning technology.
Training with differential privacy.
Epoch [1/12], Step [100/452], Loss: 0.6886, Accuracy: 57.00 %, Epsilon: 1.93, Delta: 0.0030
Epoch [1/12], Step [200/452], Loss: 0.6763, Accuracy: 58.25 %, Epsilon: 2.59, Delta: 0.0030
Epoch [1/12], Step [300/452], Loss: 0.6673, Accuracy: 59.17 %, Epsilon: 3.01, Delta: 0.0030
Epoch [1/12], Step [400/452], Loss: 0.6526, Accuracy: 61.25 %, Epsilon: 3.33, Delta: 0.0030
Predictions - 1s: 810, 0s: 996
True Labels - 1s: 941, 0s: 865
Predictions - Proportion of 1s: 0.4485049833887043, Proportion of 0s: 0.5514950166112956
True Labels - Proportion of 1s: 0.5210409745293466, Proportion of 0s: 0.4789590254706534
-------------------------------
Epoch [1/12] Loss: 0.6477, Accuracy: 61.07 %, Epsilon: 3.48, Delta: 0.0030
-------------------------------
-------- Validation --------
Predictions - 1s: 340, 0s: 112
True Labels - 1s: 244, 0s: 208
Predictions - Proportion of 1s: 0.7522123893805309, Proportion of 0s: 0.24778761061946902
True Labels - Proportion of 1s: 0.5398230088495575, Proportion of 0s: 0.46017699115044247
Validation Loss: 0.5573, Validation Accuracy: 73.89 %
-------- Validation finished --------
Updated best model in epoch 1 saved with Validation Loss: 0.557284951210022 and Validation Accuracy: 73.89 %
-------------------------------
Epoch [2/12], Step [100/452], Loss: 0.5875, Accuracy: 67.25 %, Epsilon: 3.74, Delta: 0.0030
Epoch [2/12], Step [200/452], Loss: 0.5740, Accuracy: 69.62 %, Epsilon: 3.97, Delta: 0.0030
Epoch [2/12], Step [300/452], Loss: 0.5565, Accuracy: 71.42 %, Epsilon: 4.18, Delta: 0.0030
Epoch [2/12], Step [400/452], Loss: 0.5598, Accuracy: 71.56 %, Epsilon: 4.38, Delta: 0.0030
Predictions - 1s: 1234, 0s: 572
True Labels - 1s: 941, 0s: 865
Predictions - Proportion of 1s: 0.6832779623477298, Proportion of 0s: 0.3167220376522702
True Labels - Proportion of 1s: 0.5210409745293466, Proportion of 0s: 0.4789590254706534
-------------------------------
Epoch [2/12] Loss: 0.5618, Accuracy: 71.37 %, Epsilon: 4.48, Delta: 0.0030
-------------------------------
-------- Validation --------
Predictions - 1s: 341, 0s: 111
True Labels - 1s: 244, 0s: 208
Predictions - Proportion of 1s: 0.754424778761062, Proportion of 0s: 0.24557522123893805
True Labels - Proportion of 1s: 0.5398230088495575, Proportion of 0s: 0.46017699115044247
Validation Loss: 0.5402, Validation Accuracy: 72.79 %
-------- Validation finished --------
Updated best model in epoch 2 saved with Validation Loss: 0.5401888767966126 and Validation Accuracy: 72.79 %
-------------------------------
Epoch [3/12], Step [100/452], Loss: 0.6539, Accuracy: 67.75 %, Epsilon: 4.67, Delta: 0.0030
Epoch [3/12], Step [200/452], Loss: 0.6408, Accuracy: 67.75 %, Epsilon: 4.84, Delta: 0.0030
Epoch [3/12], Step [300/452], Loss: 0.6493, Accuracy: 68.08 %, Epsilon: 5.01, Delta: 0.0030
Epoch [3/12], Step [400/452], Loss: 0.6364, Accuracy: 69.12 %, Epsilon: 5.18, Delta: 0.0030
Predictions - 1s: 1335, 0s: 471
True Labels - 1s: 941, 0s: 865
Predictions - Proportion of 1s: 0.739202657807309, Proportion of 0s: 0.260797342192691
True Labels - Proportion of 1s: 0.5210409745293466, Proportion of 0s: 0.4789590254706534
-------------------------------
Epoch [3/12] Loss: 0.6295, Accuracy: 69.77 %, Epsilon: 5.26, Delta: 0.0030
-------------------------------
-------- Validation --------
Predictions - 1s: 244, 0s: 208
True Labels - 1s: 244, 0s: 208
Predictions - Proportion of 1s: 0.5398230088495575, Proportion of 0s: 0.46017699115044247
True Labels - Proportion of 1s: 0.5398230088495575, Proportion of 0s: 0.46017699115044247
Validation Loss: 0.4983, Validation Accuracy: 79.20 %
-------- Validation finished --------
Updated best model in epoch 3 saved with Validation Loss: 0.49833421198140204 and Validation Accuracy: 79.20 %
-------------------------------
Epoch [4/12], Step [100/452], Loss: 0.5476, Accuracy: 77.25 %, Epsilon: 5.41, Delta: 0.0030
Epoch [4/12], Step [200/452], Loss: 0.5505, Accuracy: 76.25 %, Epsilon: 5.57, Delta: 0.0030
Epoch [4/12], Step [300/452], Loss: 0.5719, Accuracy: 76.25 %, Epsilon: 5.71, Delta: 0.0030
Epoch [4/12], Step [400/452], Loss: 0.5794, Accuracy: 76.88 %, Epsilon: 5.86, Delta: 0.0030
Predictions - 1s: 1051, 0s: 755
True Labels - 1s: 941, 0s: 865
Predictions - Proportion of 1s: 0.5819490586932448, Proportion of 0s: 0.41805094130675524
True Labels - Proportion of 1s: 0.5210409745293466, Proportion of 0s: 0.4789590254706534
-------------------------------
Epoch [4/12] Loss: 0.6001, Accuracy: 76.19 %, Epsilon: 5.93, Delta: 0.0030
-------------------------------
-------- Validation --------
Predictions - 1s: 183, 0s: 269
True Labels - 1s: 244, 0s: 208
Predictions - Proportion of 1s: 0.40486725663716816, Proportion of 0s: 0.5951327433628318
True Labels - Proportion of 1s: 0.5398230088495575, Proportion of 0s: 0.46017699115044247
Validation Loss: 0.7436, Validation Accuracy: 75.44 %
-------- Validation finished --------
Epoch [5/12], Step [100/452], Loss: 0.5478, Accuracy: 80.25 %, Epsilon: 6.07, Delta: 0.0030
Epoch [5/12], Step [200/452], Loss: 0.6525, Accuracy: 77.75 %, Epsilon: 6.21, Delta: 0.0030
Epoch [5/12], Step [300/452], Loss: 0.6831, Accuracy: 77.33 %, Epsilon: 6.34, Delta: 0.0030
Epoch [5/12], Step [400/452], Loss: 0.6978, Accuracy: 77.31 %, Epsilon: 6.48, Delta: 0.0030
Predictions - 1s: 883, 0s: 923
True Labels - 1s: 941, 0s: 865
Predictions - Proportion of 1s: 0.48892580287929127, Proportion of 0s: 0.5110741971207088
True Labels - Proportion of 1s: 0.5210409745293466, Proportion of 0s: 0.4789590254706534
-------------------------------
Epoch [5/12] Loss: 0.7025, Accuracy: 77.30 %, Epsilon: 6.54, Delta: 0.0030
-------------------------------
-------- Validation --------
Predictions - 1s: 200, 0s: 252
True Labels - 1s: 244, 0s: 208
Predictions - Proportion of 1s: 0.4424778761061947, Proportion of 0s: 0.5575221238938053
True Labels - Proportion of 1s: 0.5398230088495575, Proportion of 0s: 0.46017699115044247
Validation Loss: 0.8461, Validation Accuracy: 76.99 %
-------- Validation finished --------
Epoch [6/12], Step [100/452], Loss: 0.7628, Accuracy: 76.75 %, Epsilon: 6.67, Delta: 0.0030
Epoch [6/12], Step [200/452], Loss: 0.7686, Accuracy: 77.25 %, Epsilon: 6.80, Delta: 0.0030
Epoch [6/12], Step [300/452], Loss: 0.7407, Accuracy: 77.50 %, Epsilon: 6.93, Delta: 0.0030
Epoch [6/12], Step [400/452], Loss: 0.7719, Accuracy: 77.50 %, Epsilon: 7.05, Delta: 0.0030
Predictions - 1s: 917, 0s: 889
True Labels - 1s: 941, 0s: 865
Predictions - Proportion of 1s: 0.5077519379844961, Proportion of 0s: 0.49224806201550386
True Labels - Proportion of 1s: 0.5210409745293466, Proportion of 0s: 0.4789590254706534
-------------------------------
Epoch [6/12] Loss: 0.7774, Accuracy: 77.41 %, Epsilon: 7.11, Delta: 0.0030
-------------------------------
-------- Validation --------
Predictions - 1s: 187, 0s: 265
True Labels - 1s: 244, 0s: 208
Predictions - Proportion of 1s: 0.413716814159292, Proportion of 0s: 0.5862831858407079
True Labels - Proportion of 1s: 0.5398230088495575, Proportion of 0s: 0.46017699115044247
Validation Loss: 1.0143, Validation Accuracy: 76.77 %
-------- Validation finished --------
Epoch [7/12], Step [100/452], Loss: 0.7032, Accuracy: 80.50 %, Epsilon: 7.23, Delta: 0.0030
Epoch [7/12], Step [200/452], Loss: 0.7762, Accuracy: 78.50 %, Epsilon: 7.35, Delta: 0.0030
Epoch [7/12], Step [300/452], Loss: 0.7548, Accuracy: 78.92 %, Epsilon: 7.47, Delta: 0.0030
Epoch [7/12], Step [400/452], Loss: 0.7787, Accuracy: 78.62 %, Epsilon: 7.59, Delta: 0.0030
Predictions - 1s: 904, 0s: 902
True Labels - 1s: 941, 0s: 865
Predictions - Proportion of 1s: 0.5005537098560354, Proportion of 0s: 0.4994462901439646
True Labels - Proportion of 1s: 0.5210409745293466, Proportion of 0s: 0.4789590254706534
-------------------------------
Epoch [7/12] Loss: 0.8103, Accuracy: 78.13 %, Epsilon: 7.65, Delta: 0.0030
-------------------------------
-------- Validation --------
Predictions - 1s: 204, 0s: 248
True Labels - 1s: 244, 0s: 208
Predictions - Proportion of 1s: 0.45132743362831856, Proportion of 0s: 0.5486725663716814
True Labels - Proportion of 1s: 0.5398230088495575, Proportion of 0s: 0.46017699115044247
Validation Loss: 0.9699, Validation Accuracy: 79.20 %
-------- Validation finished --------
Epoch [8/12], Step [100/452], Loss: 0.8158, Accuracy: 78.00 %, Epsilon: 7.76, Delta: 0.0030
Epoch [8/12], Step [200/452], Loss: 0.7891, Accuracy: 77.88 %, Epsilon: 7.87, Delta: 0.0030
Epoch [8/12], Step [300/452], Loss: 0.7773, Accuracy: 79.42 %, Epsilon: 7.99, Delta: 0.0030
Epoch [8/12], Step [400/452], Loss: 0.8174, Accuracy: 78.50 %, Epsilon: 8.10, Delta: 0.0030
Predictions - 1s: 935, 0s: 871
True Labels - 1s: 941, 0s: 865
Predictions - Proportion of 1s: 0.517718715393134, Proportion of 0s: 0.482281284606866
True Labels - Proportion of 1s: 0.5210409745293466, Proportion of 0s: 0.4789590254706534
-------------------------------
Epoch [8/12] Loss: 0.8148, Accuracy: 78.63 %, Epsilon: 8.15, Delta: 0.0030
-------------------------------
-------- Validation --------
Predictions - 1s: 198, 0s: 254
True Labels - 1s: 244, 0s: 208
Predictions - Proportion of 1s: 0.43805309734513276, Proportion of 0s: 0.5619469026548672
True Labels - Proportion of 1s: 0.5398230088495575, Proportion of 0s: 0.46017699115044247
Validation Loss: 1.0012, Validation Accuracy: 78.32 %
-------- Validation finished --------
Epoch [9/12], Step [100/452], Loss: 0.9209, Accuracy: 77.75 %, Epsilon: 8.26, Delta: 0.0030
Epoch [9/12], Step [200/452], Loss: 0.8528, Accuracy: 78.75 %, Epsilon: 8.37, Delta: 0.0030
Epoch [9/12], Step [300/452], Loss: 0.8423, Accuracy: 79.08 %, Epsilon: 8.48, Delta: 0.0030
Epoch [9/12], Step [400/452], Loss: 0.8377, Accuracy: 79.19 %, Epsilon: 8.58, Delta: 0.0030
Predictions - 1s: 913, 0s: 893
True Labels - 1s: 941, 0s: 865
Predictions - Proportion of 1s: 0.5055370985603543, Proportion of 0s: 0.4944629014396456
True Labels - Proportion of 1s: 0.5210409745293466, Proportion of 0s: 0.4789590254706534
-------------------------------
Epoch [9/12] Loss: 0.8370, Accuracy: 79.40 %, Epsilon: 8.64, Delta: 0.0030
-------------------------------
-------- Validation --------
Predictions - 1s: 208, 0s: 244
True Labels - 1s: 244, 0s: 208
Predictions - Proportion of 1s: 0.46017699115044247, Proportion of 0s: 0.5398230088495575
True Labels - Proportion of 1s: 0.5398230088495575, Proportion of 0s: 0.46017699115044247
Validation Loss: 0.9701, Validation Accuracy: 80.53 %
-------- Validation finished --------
Epoch [10/12], Step [100/452], Loss: 0.7064, Accuracy: 80.25 %, Epsilon: 8.74, Delta: 0.0030
Epoch [10/12], Step [200/452], Loss: 0.7516, Accuracy: 79.75 %, Epsilon: 8.85, Delta: 0.0030
Epoch [10/12], Step [300/452], Loss: 0.7844, Accuracy: 80.58 %, Epsilon: 8.95, Delta: 0.0030
Epoch [10/12], Step [400/452], Loss: 0.8569, Accuracy: 79.19 %, Epsilon: 9.05, Delta: 0.0030
Predictions - 1s: 926, 0s: 880
True Labels - 1s: 941, 0s: 865
Predictions - Proportion of 1s: 0.512735326688815, Proportion of 0s: 0.48726467331118495
True Labels - Proportion of 1s: 0.5210409745293466, Proportion of 0s: 0.4789590254706534
-------------------------------
Epoch [10/12] Loss: 0.8415, Accuracy: 79.68 %, Epsilon: 9.11, Delta: 0.0030
-------------------------------
-------- Validation --------
Predictions - 1s: 212, 0s: 240
True Labels - 1s: 244, 0s: 208
Predictions - Proportion of 1s: 0.4690265486725664, Proportion of 0s: 0.5309734513274337
True Labels - Proportion of 1s: 0.5398230088495575, Proportion of 0s: 0.46017699115044247
Validation Loss: 0.9667, Validation Accuracy: 80.97 %
-------- Validation finished --------
Epoch [11/12], Step [100/452], Loss: 0.8905, Accuracy: 79.00 %, Epsilon: 9.21, Delta: 0.0030
Epoch [11/12], Step [200/452], Loss: 0.8983, Accuracy: 79.50 %, Epsilon: 9.31, Delta: 0.0030
Epoch [11/12], Step [300/452], Loss: 0.8623, Accuracy: 79.67 %, Epsilon: 9.41, Delta: 0.0030
Epoch [11/12], Step [400/452], Loss: 0.8432, Accuracy: 80.00 %, Epsilon: 9.51, Delta: 0.0030
Predictions - 1s: 944, 0s: 862
True Labels - 1s: 941, 0s: 865
Predictions - Proportion of 1s: 0.5227021040974529, Proportion of 0s: 0.47729789590254706
True Labels - Proportion of 1s: 0.5210409745293466, Proportion of 0s: 0.4789590254706534
-------------------------------
Epoch [11/12] Loss: 0.8426, Accuracy: 79.68 %, Epsilon: 9.56, Delta: 0.0030
-------------------------------
-------- Validation --------
Predictions - 1s: 212, 0s: 240
True Labels - 1s: 244, 0s: 208
Predictions - Proportion of 1s: 0.4690265486725664, Proportion of 0s: 0.5309734513274337
True Labels - Proportion of 1s: 0.5398230088495575, Proportion of 0s: 0.46017699115044247
Validation Loss: 0.9790, Validation Accuracy: 81.42 %
-------- Validation finished --------
Epoch [12/12], Step [100/452], Loss: 0.7940, Accuracy: 80.00 %, Epsilon: 9.66, Delta: 0.0030
Epoch [12/12], Step [200/452], Loss: 0.8363, Accuracy: 80.00 %, Epsilon: 9.75, Delta: 0.0030
Epoch [12/12], Step [300/452], Loss: 0.8714, Accuracy: 79.67 %, Epsilon: 9.85, Delta: 0.0030
Epoch [12/12], Step [400/452], Loss: 0.8800, Accuracy: 79.69 %, Epsilon: 9.95, Delta: 0.0030
Predictions - 1s: 928, 0s: 878
True Labels - 1s: 941, 0s: 865
Predictions - Proportion of 1s: 0.5138427464008859, Proportion of 0s: 0.48615725359911405
True Labels - Proportion of 1s: 0.5210409745293466, Proportion of 0s: 0.4789590254706534
-------------------------------
Epoch [12/12] Loss: 0.8769, Accuracy: 79.79 %, Epsilon: 10.00, Delta: 0.0030
-------------------------------
-------- Validation --------
Predictions - 1s: 211, 0s: 241
True Labels - 1s: 244, 0s: 208
Predictions - Proportion of 1s: 0.4668141592920354, Proportion of 0s: 0.5331858407079646
True Labels - Proportion of 1s: 0.5398230088495575, Proportion of 0s: 0.46017699115044247
Validation Loss: 0.9855, Validation Accuracy: 81.19 %
-------- Validation finished --------
Best model in epoch 3 saved with with Validation Loss: 0.49833421198140204 and Validation Accuracy: 79.20 %

-------- Training finished in 22:07 --------

Test flag enabled. Testing the model

-------- Loading best model from model_path --------
Loaded model bert-small from date 14-03-2024 19:09. Trained with Centralised Machine Learning technology.
Epoch 3, lr: 0.0006, optimizer: DPOptimizer
Train accuracy: 69.77 %, Validation accuracy: 79.20 %
-------- Best model loaded --------

-------- Creating Test Dataloader --------
Test Loader: 564 total sentences. 71 batches of size 8.
-------- Test Dataloader created --------

-------- Testing --------
Predictions - 1s: 289, 0s: 275
True Labels - 1s: 296, 0s: 268
Predictions - Proportion of 1s: 0.5124113475177305, Proportion of 0s: 0.4875886524822695
True Labels - Proportion of 1s: 0.524822695035461, Proportion of 0s: 0.475177304964539
Nº of test samples: 564
Accuracy: 76.77%
Accuracy 2 : 76.77%
Precision: 76.73%
Recall: 76.78%
F1 Score: 76.74%
Classification report:
              precision    recall  f1-score   support

           0     0.7491    0.7687    0.7587       268
           1     0.7855    0.7669    0.7761       296

    accuracy                         0.7677       564
   macro avg     0.7673    0.7678    0.7674       564
weighted avg     0.7682    0.7677    0.7678       564

-------- Testing finished --------
