Current configuration:
{
    "concurrency_flag": false,
    "data_distribution": "iid",
    "dataset": "mixed_depression",
    "device": "cuda",
    "dp_delta": 0.003,
    "dp_epsilon": 10,
    "eval_batch_size": 4,
    "eval_flag": true,
    "eval_size": 0.2,
    "fed_alg": "fedavg",
    "layers": 3,
    "learning_rate": 0.0006,
    "max_length": 512,
    "ml_mode": "ml",
    "model": "bert_small",
    "model_name": "ml_10_seed3_mixed_depression",
    "models_path": "/local/vpaloma/fabric-federated-learning/ablation_study/phase-2/1-ml_mode-dataset-dp/mixed_depression",
    "mu": 0.5,
    "num_clients": 5,
    "num_epochs": 12,
    "num_rounds": 4,
    "optimizer": "AdamW",
    "progress_bar_flag": false,
    "save_model": true,
    "scheduler": "linear",
    "scheduler_warmup_steps": 0,
    "seed": 331,
    "test_flag": true,
    "train_batch_size": 4,
    "train_size": 0.8
}
-------- Configuration loaded --------

-------- Setting device --------
cuda device selected and available.
-------- Device set --------

-------- Setting seed --------
-------- Seed set --------

-------- Creating Model --------
-------- Model created --------

-------- Setting Trainable Layers --------
Training the last 3 layers.

Total parameters count: 28764674
Trainable parameters count: 3416066
-------- Trainable Layers set --------

-------- Creating Tokenizer --------
-------- Tokenizer created --------

-------- Creating Train and Eval Dataloaders --------
Train Loader: 1806 total sentences. 452 batches of size 4.
Eval Loader: 452 total sentences. 113 batches of size 4.
-------- Train and Eval Dataloaders created --------

-------- Creating Optimizer --------
-------- Optimizer created --------

-------- Creating Scheduler --------
-------- Scheduler created --------

-------- Training --------
Training with Centralised Machine Learning technology.
Training with differential privacy.
Epoch [1/12], Step [100/452], Loss: 0.6841, Accuracy: 54.00 %, Epsilon: 1.93, Delta: 0.0030
Epoch [1/12], Step [200/452], Loss: 0.6861, Accuracy: 53.50 %, Epsilon: 2.59, Delta: 0.0030
Epoch [1/12], Step [300/452], Loss: 0.6922, Accuracy: 53.58 %, Epsilon: 3.01, Delta: 0.0030
Epoch [1/12], Step [400/452], Loss: 0.7076, Accuracy: 53.81 %, Epsilon: 3.33, Delta: 0.0030
Predictions - 1s: 1581, 0s: 225
True Labels - 1s: 949, 0s: 857
Predictions - Proportion of 1s: 0.8754152823920266, Proportion of 0s: 0.12458471760797342
True Labels - Proportion of 1s: 0.5254706533776301, Proportion of 0s: 0.4745293466223699
-------------------------------
Epoch [1/12] Loss: 0.7303, Accuracy: 53.27 %, Epsilon: 3.48, Delta: 0.0030
-------------------------------
-------- Validation --------
Predictions - 1s: 445, 0s: 7
True Labels - 1s: 236, 0s: 216
Predictions - Proportion of 1s: 0.9845132743362832, Proportion of 0s: 0.015486725663716814
True Labels - Proportion of 1s: 0.5221238938053098, Proportion of 0s: 0.4778761061946903
Validation Loss: 0.7716, Validation Accuracy: 53.76 %
-------- Validation finished --------
Updated best model in epoch 1 saved with Validation Loss: 0.7716125532720997 and Validation Accuracy: 53.76 %
-------------------------------
Epoch [2/12], Step [100/452], Loss: 0.9262, Accuracy: 51.00 %, Epsilon: 3.74, Delta: 0.0030
Epoch [2/12], Step [200/452], Loss: 0.8135, Accuracy: 56.00 %, Epsilon: 3.97, Delta: 0.0030
Epoch [2/12], Step [300/452], Loss: 0.7998, Accuracy: 57.67 %, Epsilon: 4.18, Delta: 0.0030
Epoch [2/12], Step [400/452], Loss: 0.8120, Accuracy: 59.44 %, Epsilon: 4.38, Delta: 0.0030
Predictions - 1s: 1611, 0s: 195
True Labels - 1s: 949, 0s: 857
Predictions - Proportion of 1s: 0.8920265780730897, Proportion of 0s: 0.1079734219269103
True Labels - Proportion of 1s: 0.5254706533776301, Proportion of 0s: 0.4745293466223699
-------------------------------
Epoch [2/12] Loss: 0.7973, Accuracy: 60.69 %, Epsilon: 4.48, Delta: 0.0030
-------------------------------
-------- Validation --------
Predictions - 1s: 330, 0s: 122
True Labels - 1s: 236, 0s: 216
Predictions - Proportion of 1s: 0.7300884955752213, Proportion of 0s: 0.26991150442477874
True Labels - Proportion of 1s: 0.5221238938053098, Proportion of 0s: 0.4778761061946903
Validation Loss: 0.6941, Validation Accuracy: 72.57 %
-------- Validation finished --------
Updated best model in epoch 2 saved with Validation Loss: 0.6940725229812407 and Validation Accuracy: 72.57 %
-------------------------------
Epoch [3/12], Step [100/452], Loss: 0.8805, Accuracy: 66.00 %, Epsilon: 4.67, Delta: 0.0030
Epoch [3/12], Step [200/452], Loss: 0.8031, Accuracy: 69.25 %, Epsilon: 4.84, Delta: 0.0030
Epoch [3/12], Step [300/452], Loss: 0.8571, Accuracy: 69.92 %, Epsilon: 5.01, Delta: 0.0030
Epoch [3/12], Step [400/452], Loss: 0.8426, Accuracy: 71.00 %, Epsilon: 5.18, Delta: 0.0030
Predictions - 1s: 1216, 0s: 590
True Labels - 1s: 949, 0s: 857
Predictions - Proportion of 1s: 0.6733111849390919, Proportion of 0s: 0.3266888150609081
True Labels - Proportion of 1s: 0.5254706533776301, Proportion of 0s: 0.4745293466223699
-------------------------------
Epoch [3/12] Loss: 0.8251, Accuracy: 71.26 %, Epsilon: 5.26, Delta: 0.0030
-------------------------------
-------- Validation --------
Predictions - 1s: 198, 0s: 254
True Labels - 1s: 236, 0s: 216
Predictions - Proportion of 1s: 0.43805309734513276, Proportion of 0s: 0.5619469026548672
True Labels - Proportion of 1s: 0.5221238938053098, Proportion of 0s: 0.4778761061946903
Validation Loss: 0.7299, Validation Accuracy: 74.78 %
-------- Validation finished --------
Epoch [4/12], Step [100/452], Loss: 0.8701, Accuracy: 71.75 %, Epsilon: 5.41, Delta: 0.0030
Epoch [4/12], Step [200/452], Loss: 0.8173, Accuracy: 75.12 %, Epsilon: 5.57, Delta: 0.0030
Epoch [4/12], Step [300/452], Loss: 0.8413, Accuracy: 75.00 %, Epsilon: 5.71, Delta: 0.0030
Epoch [4/12], Step [400/452], Loss: 0.8749, Accuracy: 74.94 %, Epsilon: 5.86, Delta: 0.0030
Predictions - 1s: 898, 0s: 908
True Labels - 1s: 949, 0s: 857
Predictions - Proportion of 1s: 0.49723145071982283, Proportion of 0s: 0.5027685492801772
True Labels - Proportion of 1s: 0.5254706533776301, Proportion of 0s: 0.4745293466223699
-------------------------------
Epoch [4/12] Loss: 0.9002, Accuracy: 74.58 %, Epsilon: 5.93, Delta: 0.0030
-------------------------------
-------- Validation --------
Predictions - 1s: 224, 0s: 228
True Labels - 1s: 236, 0s: 216
Predictions - Proportion of 1s: 0.49557522123893805, Proportion of 0s: 0.504424778761062
True Labels - Proportion of 1s: 0.5221238938053098, Proportion of 0s: 0.4778761061946903
Validation Loss: 0.8276, Validation Accuracy: 78.76 %
-------- Validation finished --------
Epoch [5/12], Step [100/452], Loss: 0.8158, Accuracy: 78.50 %, Epsilon: 6.07, Delta: 0.0030
Epoch [5/12], Step [200/452], Loss: 0.9089, Accuracy: 77.00 %, Epsilon: 6.21, Delta: 0.0030
Epoch [5/12], Step [300/452], Loss: 0.9338, Accuracy: 76.42 %, Epsilon: 6.34, Delta: 0.0030
Epoch [5/12], Step [400/452], Loss: 0.9874, Accuracy: 75.94 %, Epsilon: 6.48, Delta: 0.0030
Predictions - 1s: 952, 0s: 854
True Labels - 1s: 949, 0s: 857
Predictions - Proportion of 1s: 0.5271317829457365, Proportion of 0s: 0.4728682170542636
True Labels - Proportion of 1s: 0.5254706533776301, Proportion of 0s: 0.4745293466223699
-------------------------------
Epoch [5/12] Loss: 0.9925, Accuracy: 76.25 %, Epsilon: 6.54, Delta: 0.0030
-------------------------------
-------- Validation --------
Predictions - 1s: 216, 0s: 236
True Labels - 1s: 236, 0s: 216
Predictions - Proportion of 1s: 0.4778761061946903, Proportion of 0s: 0.5221238938053098
True Labels - Proportion of 1s: 0.5221238938053098, Proportion of 0s: 0.4778761061946903
Validation Loss: 0.9162, Validation Accuracy: 78.76 %
-------- Validation finished --------
Epoch [6/12], Step [100/452], Loss: 1.0099, Accuracy: 77.00 %, Epsilon: 6.67, Delta: 0.0030
Epoch [6/12], Step [200/452], Loss: 1.0901, Accuracy: 76.12 %, Epsilon: 6.80, Delta: 0.0030
Epoch [6/12], Step [300/452], Loss: 1.1023, Accuracy: 76.17 %, Epsilon: 6.93, Delta: 0.0030
Epoch [6/12], Step [400/452], Loss: 1.1003, Accuracy: 75.88 %, Epsilon: 7.05, Delta: 0.0030
Predictions - 1s: 1007, 0s: 799
True Labels - 1s: 949, 0s: 857
Predictions - Proportion of 1s: 0.5575858250276855, Proportion of 0s: 0.4424141749723145
True Labels - Proportion of 1s: 0.5254706533776301, Proportion of 0s: 0.4745293466223699
-------------------------------
Epoch [6/12] Loss: 1.0809, Accuracy: 76.30 %, Epsilon: 7.11, Delta: 0.0030
-------------------------------
-------- Validation --------
Predictions - 1s: 230, 0s: 222
True Labels - 1s: 236, 0s: 216
Predictions - Proportion of 1s: 0.5088495575221239, Proportion of 0s: 0.4911504424778761
True Labels - Proportion of 1s: 0.5221238938053098, Proportion of 0s: 0.4778761061946903
Validation Loss: 0.8980, Validation Accuracy: 80.97 %
-------- Validation finished --------
Epoch [7/12], Step [100/452], Loss: 1.0748, Accuracy: 75.25 %, Epsilon: 7.23, Delta: 0.0030
Epoch [7/12], Step [200/452], Loss: 1.1065, Accuracy: 74.50 %, Epsilon: 7.35, Delta: 0.0030
Epoch [7/12], Step [300/452], Loss: 0.9959, Accuracy: 76.92 %, Epsilon: 7.47, Delta: 0.0030
Epoch [7/12], Step [400/452], Loss: 0.9755, Accuracy: 77.75 %, Epsilon: 7.59, Delta: 0.0030
Predictions - 1s: 995, 0s: 811
True Labels - 1s: 949, 0s: 857
Predictions - Proportion of 1s: 0.5509413067552602, Proportion of 0s: 0.44905869324473974
True Labels - Proportion of 1s: 0.5254706533776301, Proportion of 0s: 0.4745293466223699
-------------------------------
Epoch [7/12] Loss: 0.9908, Accuracy: 77.30 %, Epsilon: 7.65, Delta: 0.0030
-------------------------------
-------- Validation --------
Predictions - 1s: 218, 0s: 234
True Labels - 1s: 236, 0s: 216
Predictions - Proportion of 1s: 0.4823008849557522, Proportion of 0s: 0.5176991150442478
True Labels - Proportion of 1s: 0.5221238938053098, Proportion of 0s: 0.4778761061946903
Validation Loss: 0.9656, Validation Accuracy: 80.09 %
-------- Validation finished --------
Epoch [8/12], Step [100/452], Loss: 1.2469, Accuracy: 74.00 %, Epsilon: 7.76, Delta: 0.0030
Epoch [8/12], Step [200/452], Loss: 1.0388, Accuracy: 77.62 %, Epsilon: 7.87, Delta: 0.0030
Epoch [8/12], Step [300/452], Loss: 1.0161, Accuracy: 78.00 %, Epsilon: 7.99, Delta: 0.0030
Epoch [8/12], Step [400/452], Loss: 0.9952, Accuracy: 78.56 %, Epsilon: 8.10, Delta: 0.0030
Predictions - 1s: 917, 0s: 889
True Labels - 1s: 949, 0s: 857
Predictions - Proportion of 1s: 0.5077519379844961, Proportion of 0s: 0.49224806201550386
True Labels - Proportion of 1s: 0.5254706533776301, Proportion of 0s: 0.4745293466223699
-------------------------------
Epoch [8/12] Loss: 1.0326, Accuracy: 78.07 %, Epsilon: 8.15, Delta: 0.0030
-------------------------------
-------- Validation --------
Predictions - 1s: 251, 0s: 201
True Labels - 1s: 236, 0s: 216
Predictions - Proportion of 1s: 0.5553097345132744, Proportion of 0s: 0.4446902654867257
True Labels - Proportion of 1s: 0.5221238938053098, Proportion of 0s: 0.4778761061946903
Validation Loss: 0.9312, Validation Accuracy: 81.64 %
-------- Validation finished --------
Epoch [9/12], Step [100/452], Loss: 0.8651, Accuracy: 81.75 %, Epsilon: 8.26, Delta: 0.0030
Epoch [9/12], Step [200/452], Loss: 0.9264, Accuracy: 79.38 %, Epsilon: 8.37, Delta: 0.0030
Epoch [9/12], Step [300/452], Loss: 0.9898, Accuracy: 78.58 %, Epsilon: 8.48, Delta: 0.0030
Epoch [9/12], Step [400/452], Loss: 1.0007, Accuracy: 78.88 %, Epsilon: 8.58, Delta: 0.0030
Predictions - 1s: 981, 0s: 825
True Labels - 1s: 949, 0s: 857
Predictions - Proportion of 1s: 0.5431893687707641, Proportion of 0s: 0.4568106312292359
True Labels - Proportion of 1s: 0.5254706533776301, Proportion of 0s: 0.4745293466223699
-------------------------------
Epoch [9/12] Loss: 0.9895, Accuracy: 79.40 %, Epsilon: 8.64, Delta: 0.0030
-------------------------------
-------- Validation --------
Predictions - 1s: 232, 0s: 220
True Labels - 1s: 236, 0s: 216
Predictions - Proportion of 1s: 0.5132743362831859, Proportion of 0s: 0.48672566371681414
True Labels - Proportion of 1s: 0.5221238938053098, Proportion of 0s: 0.4778761061946903
Validation Loss: 0.9536, Validation Accuracy: 81.86 %
-------- Validation finished --------
Epoch [10/12], Step [100/452], Loss: 1.0892, Accuracy: 78.50 %, Epsilon: 8.74, Delta: 0.0030
Epoch [10/12], Step [200/452], Loss: 0.9995, Accuracy: 79.62 %, Epsilon: 8.85, Delta: 0.0030
Epoch [10/12], Step [300/452], Loss: 0.9966, Accuracy: 80.17 %, Epsilon: 8.95, Delta: 0.0030
Epoch [10/12], Step [400/452], Loss: 1.0170, Accuracy: 78.75 %, Epsilon: 9.05, Delta: 0.0030
Predictions - 1s: 975, 0s: 831
True Labels - 1s: 949, 0s: 857
Predictions - Proportion of 1s: 0.5398671096345515, Proportion of 0s: 0.4601328903654485
True Labels - Proportion of 1s: 0.5254706533776301, Proportion of 0s: 0.4745293466223699
-------------------------------
Epoch [10/12] Loss: 1.0086, Accuracy: 79.07 %, Epsilon: 9.11, Delta: 0.0030
-------------------------------
-------- Validation --------
Predictions - 1s: 223, 0s: 229
True Labels - 1s: 236, 0s: 216
Predictions - Proportion of 1s: 0.49336283185840707, Proportion of 0s: 0.5066371681415929
True Labels - Proportion of 1s: 0.5221238938053098, Proportion of 0s: 0.4778761061946903
Validation Loss: 0.9769, Validation Accuracy: 81.64 %
-------- Validation finished --------
Epoch [11/12], Step [100/452], Loss: 1.2332, Accuracy: 75.75 %, Epsilon: 9.21, Delta: 0.0030
Epoch [11/12], Step [200/452], Loss: 1.1623, Accuracy: 77.62 %, Epsilon: 9.31, Delta: 0.0030
Epoch [11/12], Step [300/452], Loss: 1.0744, Accuracy: 78.25 %, Epsilon: 9.41, Delta: 0.0030
Epoch [11/12], Step [400/452], Loss: 1.0899, Accuracy: 77.88 %, Epsilon: 9.51, Delta: 0.0030
Predictions - 1s: 977, 0s: 829
True Labels - 1s: 949, 0s: 857
Predictions - Proportion of 1s: 0.5409745293466224, Proportion of 0s: 0.4590254706533776
True Labels - Proportion of 1s: 0.5254706533776301, Proportion of 0s: 0.4745293466223699
-------------------------------
Epoch [11/12] Loss: 1.0619, Accuracy: 78.18 %, Epsilon: 9.56, Delta: 0.0030
-------------------------------
-------- Validation --------
Predictions - 1s: 230, 0s: 222
True Labels - 1s: 236, 0s: 216
Predictions - Proportion of 1s: 0.5088495575221239, Proportion of 0s: 0.4911504424778761
True Labels - Proportion of 1s: 0.5221238938053098, Proportion of 0s: 0.4778761061946903
Validation Loss: 0.9742, Validation Accuracy: 81.86 %
-------- Validation finished --------
Epoch [12/12], Step [100/452], Loss: 0.9092, Accuracy: 81.50 %, Epsilon: 9.66, Delta: 0.0030
Epoch [12/12], Step [200/452], Loss: 0.9847, Accuracy: 79.38 %, Epsilon: 9.75, Delta: 0.0030
Epoch [12/12], Step [300/452], Loss: 1.0402, Accuracy: 78.17 %, Epsilon: 9.85, Delta: 0.0030
Epoch [12/12], Step [400/452], Loss: 0.9873, Accuracy: 79.56 %, Epsilon: 9.95, Delta: 0.0030
Predictions - 1s: 972, 0s: 834
True Labels - 1s: 949, 0s: 857
Predictions - Proportion of 1s: 0.5382059800664452, Proportion of 0s: 0.46179401993355484
True Labels - Proportion of 1s: 0.5254706533776301, Proportion of 0s: 0.4745293466223699
-------------------------------
Epoch [12/12] Loss: 1.0305, Accuracy: 78.57 %, Epsilon: 10.00, Delta: 0.0030
-------------------------------
-------- Validation --------
Predictions - 1s: 233, 0s: 219
True Labels - 1s: 236, 0s: 216
Predictions - Proportion of 1s: 0.5154867256637168, Proportion of 0s: 0.48451327433628316
True Labels - Proportion of 1s: 0.5221238938053098, Proportion of 0s: 0.4778761061946903
Validation Loss: 0.9754, Validation Accuracy: 82.08 %
-------- Validation finished --------
Best model in epoch 2 saved with with Validation Loss: 0.6940725229812407 and Validation Accuracy: 72.57 %

-------- Training finished in 22:06 --------

Test flag enabled. Testing the model

-------- Loading best model from model_path --------
Loaded model bert-small from date 14-03-2024 19:09. Trained with Centralised Machine Learning technology.
Epoch 2, lr: 0.0006, optimizer: DPOptimizer
Train accuracy: 60.69 %, Validation accuracy: 72.57 %
-------- Best model loaded --------

-------- Creating Test Dataloader --------
Test Loader: 564 total sentences. 71 batches of size 8.
-------- Test Dataloader created --------

-------- Testing --------
Predictions - 1s: 392, 0s: 172
True Labels - 1s: 296, 0s: 268
Predictions - Proportion of 1s: 0.6950354609929078, Proportion of 0s: 0.3049645390070922
True Labels - Proportion of 1s: 0.524822695035461, Proportion of 0s: 0.475177304964539
Nº of test samples: 564
Accuracy: 75.18%
Accuracy 2 : 75.18%
Precision: 78.55%
Recall: 74.27%
F1 Score: 73.92%
Classification report:
              precision    recall  f1-score   support

           0     0.8721    0.5597    0.6818       268
           1     0.6990    0.9257    0.7965       296

    accuracy                         0.7518       564
   macro avg     0.7855    0.7427    0.7392       564
weighted avg     0.7812    0.7518    0.7420       564

-------- Testing finished --------
