Current configuration:
{
    "concurrency_flag": false,
    "data_distribution": "iid",
    "dataset": "acl_dep_sad",
    "device": "cuda",
    "dp_delta": 0.003,
    "dp_epsilon": 0.5,
    "eval_batch_size": 4,
    "eval_flag": true,
    "eval_size": 0.2,
    "fed_alg": "fedavg",
    "layers": 3,
    "learning_rate": 0.06,
    "max_length": 512,
    "ml_mode": "fl",
    "model": "bert_small",
    "model_name": "fl_0.5_seed2_acl_dep_sad",
    "models_path": "/local/vpaloma/fabric-federated-learning/ablation_study/phase-2/1-ml_mode-dataset-dp/acl_dep_sad",
    "mu": 0.5,
    "num_clients": 5,
    "num_epochs": 3,
    "num_rounds": 4,
    "optimizer": "AdamW",
    "progress_bar_flag": false,
    "save_model": true,
    "scheduler": "linear",
    "scheduler_warmup_steps": 0,
    "seed": 221,
    "test_flag": true,
    "train_batch_size": 2,
    "train_size": 0.8
}
-------- Configuration loaded --------

-------- Setting device --------
cuda device selected and available.
-------- Device set --------

-------- Setting seed --------
-------- Seed set --------

-------- Creating Model --------
-------- Model created --------

-------- Setting Trainable Layers --------
Training the last 3 layers.

Total parameters count: 28764674
Trainable parameters count: 3416066
-------- Trainable Layers set --------

-------- Creating Tokenizer --------
-------- Tokenizer created --------

-------- Creating Train and Eval Dataloaders --------
Train Loader: 2085 total sentences. 1043 batches of size 2.
Eval Loader: 521 total sentences. 131 batches of size 4.
-------- Train and Eval Dataloaders created --------

-------- Training --------
Training with Federated Learning technology.
Training with differential privacy.
Federated averaging algorithm selected.
Client 0: Label 0: 225, Label 1: 192
Client 1: Label 0: 236, Label 1: 181
Client 2: Label 0: 259, Label 1: 158
Client 3: Label 0: 230, Label 1: 187
Client 4: Label 0: 261, Label 1: 156

Round 1 of 4
-------------------------------
Predictions - 1s: 216, 0s: 201
True Labels - 1s: 192, 0s: 225
Client 1 of 5: Local Epoch [1/3] Loss: 5.1886, Accuracy: 53.48 %, Epsilon: 0.49, Delta: 0.0030
Predictions - 1s: 255, 0s: 162
True Labels - 1s: 192, 0s: 225
Client 1 of 5: Local Epoch [2/3] Loss: 9.4031, Accuracy: 49.40 %, Epsilon: 0.71, Delta: 0.0030
Predictions - 1s: 166, 0s: 251
True Labels - 1s: 192, 0s: 225
Client 1 of 5: Local Epoch [3/3] Loss: 8.7845, Accuracy: 49.64 %, Epsilon: 0.88, Delta: 0.0030
Predictions - 1s: 164, 0s: 253
True Labels - 1s: 181, 0s: 236
Client 2 of 5: Local Epoch [1/3] Loss: 6.4932, Accuracy: 49.88 %, Epsilon: 0.49, Delta: 0.0030
Predictions - 1s: 125, 0s: 292
True Labels - 1s: 181, 0s: 236
Client 2 of 5: Local Epoch [2/3] Loss: 7.8819, Accuracy: 53.00 %, Epsilon: 0.71, Delta: 0.0030
Predictions - 1s: 192, 0s: 225
True Labels - 1s: 181, 0s: 236
Client 2 of 5: Local Epoch [3/3] Loss: 7.1398, Accuracy: 49.88 %, Epsilon: 0.88, Delta: 0.0030
Predictions - 1s: 140, 0s: 277
True Labels - 1s: 158, 0s: 259
Client 3 of 5: Local Epoch [1/3] Loss: 5.2843, Accuracy: 57.31 %, Epsilon: 0.49, Delta: 0.0030
Predictions - 1s: 159, 0s: 258
True Labels - 1s: 158, 0s: 259
Client 3 of 5: Local Epoch [2/3] Loss: 7.4864, Accuracy: 51.32 %, Epsilon: 0.71, Delta: 0.0030
Predictions - 1s: 156, 0s: 261
True Labels - 1s: 158, 0s: 259
Client 3 of 5: Local Epoch [3/3] Loss: 7.5350, Accuracy: 53.96 %, Epsilon: 0.88, Delta: 0.0030
Predictions - 1s: 240, 0s: 177
True Labels - 1s: 187, 0s: 230
Client 4 of 5: Local Epoch [1/3] Loss: 5.7945, Accuracy: 47.96 %, Epsilon: 0.49, Delta: 0.0030
Predictions - 1s: 81, 0s: 336
True Labels - 1s: 187, 0s: 230
Client 4 of 5: Local Epoch [2/3] Loss: 9.4503, Accuracy: 53.96 %, Epsilon: 0.71, Delta: 0.0030
Predictions - 1s: 169, 0s: 248
True Labels - 1s: 187, 0s: 230
Client 4 of 5: Local Epoch [3/3] Loss: 6.9235, Accuracy: 53.00 %, Epsilon: 0.88, Delta: 0.0030
Predictions - 1s: 167, 0s: 250
True Labels - 1s: 156, 0s: 261
Client 5 of 5: Local Epoch [1/3] Loss: 5.8836, Accuracy: 52.76 %, Epsilon: 0.49, Delta: 0.0030
Predictions - 1s: 185, 0s: 232
True Labels - 1s: 156, 0s: 261
Client 5 of 5: Local Epoch [2/3] Loss: 6.9343, Accuracy: 53.72 %, Epsilon: 0.71, Delta: 0.0030
Predictions - 1s: 105, 0s: 312
True Labels - 1s: 156, 0s: 261
Client 5 of 5: Local Epoch [3/3] Loss: 7.2422, Accuracy: 55.64 %, Epsilon: 0.88, Delta: 0.0030
-------------------------------
Round [1/4] Average Local Loss: 7.5250, Average Local Accuracy: 52.42 %
-------------------------------
-------- Validation --------
Predictions - 1s: 489, 0s: 32
True Labels - 1s: 200, 0s: 321
Round [1/4] Global Model Validation Loss: 8.3774, Validation Accuracy: 40.31 %
-------- Validation finished --------
Updated best model in round 1 saved with Validation Loss: 8.3774 and Validation Accuracy: 40.31 %
-------------------------------

Round 2 of 4
-------------------------------
Predictions - 1s: 133, 0s: 284
True Labels - 1s: 192, 0s: 225
Client 1 of 5: Local Epoch [1/3] Loss: 6.6704, Accuracy: 52.76 %, Epsilon: 0.49, Delta: 0.0030
Predictions - 1s: 253, 0s: 164
True Labels - 1s: 192, 0s: 225
Client 1 of 5: Local Epoch [2/3] Loss: 8.7705, Accuracy: 48.44 %, Epsilon: 0.71, Delta: 0.0030
Predictions - 1s: 158, 0s: 259
True Labels - 1s: 192, 0s: 225
Client 1 of 5: Local Epoch [3/3] Loss: 7.1157, Accuracy: 51.56 %, Epsilon: 0.88, Delta: 0.0030
Predictions - 1s: 209, 0s: 208
True Labels - 1s: 181, 0s: 236
Client 2 of 5: Local Epoch [1/3] Loss: 7.7471, Accuracy: 41.97 %, Epsilon: 0.49, Delta: 0.0030
Predictions - 1s: 224, 0s: 193
True Labels - 1s: 181, 0s: 236
Client 2 of 5: Local Epoch [2/3] Loss: 8.1737, Accuracy: 47.00 %, Epsilon: 0.71, Delta: 0.0030
Predictions - 1s: 137, 0s: 280
True Labels - 1s: 181, 0s: 236
Client 2 of 5: Local Epoch [3/3] Loss: 7.6087, Accuracy: 54.92 %, Epsilon: 0.88, Delta: 0.0030
Predictions - 1s: 196, 0s: 221
True Labels - 1s: 158, 0s: 259
Client 3 of 5: Local Epoch [1/3] Loss: 6.2954, Accuracy: 51.08 %, Epsilon: 0.49, Delta: 0.0030
Predictions - 1s: 106, 0s: 311
True Labels - 1s: 158, 0s: 259
Client 3 of 5: Local Epoch [2/3] Loss: 8.4663, Accuracy: 53.96 %, Epsilon: 0.71, Delta: 0.0030
Predictions - 1s: 166, 0s: 251
True Labels - 1s: 158, 0s: 259
Client 3 of 5: Local Epoch [3/3] Loss: 7.1416, Accuracy: 52.52 %, Epsilon: 0.88, Delta: 0.0030
Predictions - 1s: 192, 0s: 225
True Labels - 1s: 187, 0s: 230
Client 4 of 5: Local Epoch [1/3] Loss: 6.9323, Accuracy: 47.96 %, Epsilon: 0.49, Delta: 0.0030
Predictions - 1s: 193, 0s: 224
True Labels - 1s: 187, 0s: 230
Client 4 of 5: Local Epoch [2/3] Loss: 6.6355, Accuracy: 52.04 %, Epsilon: 0.71, Delta: 0.0030
Predictions - 1s: 186, 0s: 231
True Labels - 1s: 187, 0s: 230
Client 4 of 5: Local Epoch [3/3] Loss: 6.9672, Accuracy: 53.24 %, Epsilon: 0.88, Delta: 0.0030
Predictions - 1s: 132, 0s: 285
True Labels - 1s: 156, 0s: 261
Client 5 of 5: Local Epoch [1/3] Loss: 6.1162, Accuracy: 56.35 %, Epsilon: 0.49, Delta: 0.0030
Predictions - 1s: 110, 0s: 307
True Labels - 1s: 156, 0s: 261
Client 5 of 5: Local Epoch [2/3] Loss: 8.3702, Accuracy: 54.92 %, Epsilon: 0.71, Delta: 0.0030
Predictions - 1s: 148, 0s: 269
True Labels - 1s: 156, 0s: 261
Client 5 of 5: Local Epoch [3/3] Loss: 7.0348, Accuracy: 51.08 %, Epsilon: 0.88, Delta: 0.0030
-------------------------------
Round [2/4] Average Local Loss: 7.1736, Average Local Accuracy: 52.66 %
-------------------------------
-------- Validation --------
Predictions - 1s: 436, 0s: 85
True Labels - 1s: 200, 0s: 321
Round [2/4] Global Model Validation Loss: 5.7680, Validation Accuracy: 42.80 %
-------- Validation finished --------
Updated best model in round 2 saved with Validation Loss: 5.7680 and Validation Accuracy: 42.80 %
-------------------------------

Round 3 of 4
-------------------------------
Predictions - 1s: 186, 0s: 231
True Labels - 1s: 192, 0s: 225
Client 1 of 5: Local Epoch [1/3] Loss: 6.8862, Accuracy: 46.76 %, Epsilon: 0.49, Delta: 0.0030
Predictions - 1s: 158, 0s: 259
True Labels - 1s: 192, 0s: 225
Client 1 of 5: Local Epoch [2/3] Loss: 7.4090, Accuracy: 54.92 %, Epsilon: 0.71, Delta: 0.0030
Predictions - 1s: 139, 0s: 278
True Labels - 1s: 192, 0s: 225
Client 1 of 5: Local Epoch [3/3] Loss: 7.5890, Accuracy: 53.24 %, Epsilon: 0.88, Delta: 0.0030
Predictions - 1s: 197, 0s: 220
True Labels - 1s: 181, 0s: 236
Client 2 of 5: Local Epoch [1/3] Loss: 6.4473, Accuracy: 53.48 %, Epsilon: 0.49, Delta: 0.0030
Predictions - 1s: 217, 0s: 200
True Labels - 1s: 181, 0s: 236
Client 2 of 5: Local Epoch [2/3] Loss: 9.1301, Accuracy: 45.80 %, Epsilon: 0.71, Delta: 0.0030
Predictions - 1s: 177, 0s: 240
True Labels - 1s: 181, 0s: 236
Client 2 of 5: Local Epoch [3/3] Loss: 7.5660, Accuracy: 48.68 %, Epsilon: 0.88, Delta: 0.0030
Predictions - 1s: 206, 0s: 211
True Labels - 1s: 158, 0s: 259
Client 3 of 5: Local Epoch [1/3] Loss: 6.5661, Accuracy: 47.72 %, Epsilon: 0.49, Delta: 0.0030
Predictions - 1s: 161, 0s: 256
True Labels - 1s: 158, 0s: 259
Client 3 of 5: Local Epoch [2/3] Loss: 8.6940, Accuracy: 52.76 %, Epsilon: 0.71, Delta: 0.0030
Predictions - 1s: 72, 0s: 345
True Labels - 1s: 158, 0s: 259
Client 3 of 5: Local Epoch [3/3] Loss: 9.2070, Accuracy: 60.19 %, Epsilon: 0.88, Delta: 0.0030
Predictions - 1s: 137, 0s: 280
True Labels - 1s: 187, 0s: 230
Client 4 of 5: Local Epoch [1/3] Loss: 6.1068, Accuracy: 57.79 %, Epsilon: 0.49, Delta: 0.0030
Predictions - 1s: 171, 0s: 246
True Labels - 1s: 187, 0s: 230
Client 4 of 5: Local Epoch [2/3] Loss: 7.0230, Accuracy: 52.52 %, Epsilon: 0.71, Delta: 0.0030
Predictions - 1s: 165, 0s: 252
True Labels - 1s: 187, 0s: 230
Client 4 of 5: Local Epoch [3/3] Loss: 7.4049, Accuracy: 53.00 %, Epsilon: 0.88, Delta: 0.0030
Predictions - 1s: 121, 0s: 296
True Labels - 1s: 156, 0s: 261
Client 5 of 5: Local Epoch [1/3] Loss: 8.0252, Accuracy: 57.07 %, Epsilon: 0.49, Delta: 0.0030
Predictions - 1s: 207, 0s: 210
True Labels - 1s: 156, 0s: 261
Client 5 of 5: Local Epoch [2/3] Loss: 8.2288, Accuracy: 52.28 %, Epsilon: 0.71, Delta: 0.0030
Predictions - 1s: 238, 0s: 179
True Labels - 1s: 156, 0s: 261
Client 5 of 5: Local Epoch [3/3] Loss: 8.2302, Accuracy: 50.60 %, Epsilon: 0.88, Delta: 0.0030
-------------------------------
Round [3/4] Average Local Loss: 7.9994, Average Local Accuracy: 53.14 %
-------------------------------
-------- Validation --------
Predictions - 1s: 21, 0s: 500
True Labels - 1s: 200, 0s: 321
Round [3/4] Global Model Validation Loss: 6.6116, Validation Accuracy: 60.65 %
-------- Validation finished --------

Round 4 of 4
-------------------------------
Predictions - 1s: 251, 0s: 166
True Labels - 1s: 192, 0s: 225
Client 1 of 5: Local Epoch [1/3] Loss: 7.6484, Accuracy: 48.92 %, Epsilon: 0.49, Delta: 0.0030
Predictions - 1s: 242, 0s: 175
True Labels - 1s: 192, 0s: 225
Client 1 of 5: Local Epoch [2/3] Loss: 8.4922, Accuracy: 50.12 %, Epsilon: 0.71, Delta: 0.0030
Predictions - 1s: 257, 0s: 160
True Labels - 1s: 192, 0s: 225
Client 1 of 5: Local Epoch [3/3] Loss: 7.4770, Accuracy: 52.76 %, Epsilon: 0.88, Delta: 0.0030
Predictions - 1s: 119, 0s: 298
True Labels - 1s: 181, 0s: 236
Client 2 of 5: Local Epoch [1/3] Loss: 7.8868, Accuracy: 50.60 %, Epsilon: 0.49, Delta: 0.0030
Predictions - 1s: 164, 0s: 253
True Labels - 1s: 181, 0s: 236
Client 2 of 5: Local Epoch [2/3] Loss: 7.7525, Accuracy: 56.59 %, Epsilon: 0.71, Delta: 0.0030
Predictions - 1s: 230, 0s: 187
True Labels - 1s: 181, 0s: 236
Client 2 of 5: Local Epoch [3/3] Loss: 9.4158, Accuracy: 49.88 %, Epsilon: 0.88, Delta: 0.0030
Predictions - 1s: 148, 0s: 269
True Labels - 1s: 158, 0s: 259
Client 3 of 5: Local Epoch [1/3] Loss: 6.6851, Accuracy: 52.04 %, Epsilon: 0.49, Delta: 0.0030
Predictions - 1s: 116, 0s: 301
True Labels - 1s: 158, 0s: 259
Client 3 of 5: Local Epoch [2/3] Loss: 7.8907, Accuracy: 55.40 %, Epsilon: 0.71, Delta: 0.0030
Predictions - 1s: 154, 0s: 263
True Labels - 1s: 158, 0s: 259
Client 3 of 5: Local Epoch [3/3] Loss: 7.9694, Accuracy: 53.00 %, Epsilon: 0.88, Delta: 0.0030
Predictions - 1s: 148, 0s: 269
True Labels - 1s: 187, 0s: 230
Client 4 of 5: Local Epoch [1/3] Loss: 7.1590, Accuracy: 50.84 %, Epsilon: 0.49, Delta: 0.0030
Predictions - 1s: 183, 0s: 234
True Labels - 1s: 187, 0s: 230
Client 4 of 5: Local Epoch [2/3] Loss: 9.3525, Accuracy: 48.20 %, Epsilon: 0.71, Delta: 0.0030
Predictions - 1s: 197, 0s: 220
True Labels - 1s: 187, 0s: 230
Client 4 of 5: Local Epoch [3/3] Loss: 8.4442, Accuracy: 52.04 %, Epsilon: 0.88, Delta: 0.0030
Predictions - 1s: 190, 0s: 227
True Labels - 1s: 156, 0s: 261
Client 5 of 5: Local Epoch [1/3] Loss: 8.8390, Accuracy: 45.32 %, Epsilon: 0.49, Delta: 0.0030
Predictions - 1s: 129, 0s: 288
True Labels - 1s: 156, 0s: 261
Client 5 of 5: Local Epoch [2/3] Loss: 6.8997, Accuracy: 57.55 %, Epsilon: 0.71, Delta: 0.0030
Predictions - 1s: 158, 0s: 259
True Labels - 1s: 156, 0s: 261
Client 5 of 5: Local Epoch [3/3] Loss: 6.9461, Accuracy: 54.92 %, Epsilon: 0.88, Delta: 0.0030
-------------------------------
Round [4/4] Average Local Loss: 8.0505, Average Local Accuracy: 52.52 %
-------------------------------
-------- Validation --------
Predictions - 1s: 512, 0s: 9
True Labels - 1s: 200, 0s: 321
Round [4/4] Global Model Validation Loss: 13.2081, Validation Accuracy: 37.43 %
-------- Validation finished --------
Best model in round 2 saved with Validation Loss: 5.7680 and Validation Accuracy: 42.80 %

-------- Training finished in 7:57 --------

Test flag enabled. Testing the model

-------- Loading best model from model_path --------
Loaded model bert-small from date 08-04-2024 20:47. Trained with Federated Learning technology.
Round 2, lr: 0.06, optimizer: AdamW
Average train accuracy: 52.66 %, Validation accuracy: 42.80 %
-------- Best model loaded --------

-------- Creating Test Dataloader --------
Test Loader: 650 total sentences. 82 batches of size 8.
-------- Test Dataloader created --------

-------- Testing --------
Predictions - 1s: 544, 0s: 106
True Labels - 1s: 268, 0s: 382
Nº of test samples: 650
Accuracy: 44.92%
Accuracy 2 : 44.92%
Precision: 51.52%
Recall: 50.86%
F1 Score: 41.28%
Classification report:
              precision    recall  f1-score   support

           0     0.6132    0.1702    0.2664       382
           1     0.4173    0.8470    0.5591       268

    accuracy                         0.4492       650
   macro avg     0.5152    0.5086    0.4128       650
weighted avg     0.5324    0.4492    0.3871       650

-------- Testing finished --------
