Current configuration:
{
    "concurrency_flag": true,
    "data_distribution": "iid",
    "dataset": "twitter_dep",
    "device": "cuda",
    "dp_delta": 0.003,
    "dp_epsilon": 0.0,
    "eval_batch_size": 4,
    "eval_flag": true,
    "eval_size": 0.2,
    "fed_alg": "fedavg",
    "layers": 3,
    "learning_rate": 6e-05,
    "max_length": 512,
    "ml_mode": "bcfl",
    "model": "bert_mini",
    "model_name": "bcfl_mini_seed3_twitter_dep",
    "models_path": "/local/vpaloma/fabric-federated-learning/ablation_study/phase-2/4-execution_time/twitter_dep/",
    "mu": 0.5,
    "num_clients": 5,
    "num_epochs": 3,
    "num_rounds": 4,
    "num_seed3_epochs": 3,
    "num_seed3_rounds": 4,
    "optimizer": "AdamW",
    "progress_bar_flag": false,
    "save_model": true,
    "scheduler": "linear",
    "scheduler_warmup_steps": 0,
    "seed": 331,
    "test_flag": true,
    "train_batch_size": 4,
    "train_size": 0.8
}
-------- Configuration loaded --------

-------- Setting device --------
cuda device selected and available.
-------- Device set --------

-------- Setting seed --------
-------- Seed set --------

-------- Creating Model --------
-------- Model created --------

-------- Setting Trainable Layers --------
Training the last 3 layers.

Total parameters count: 11171074
Trainable parameters count: 856066
-------- Trainable Layers set --------

-------- Creating Tokenizer --------
-------- Tokenizer created --------

-------- Creating Train and Eval Dataloaders --------
Train Loader: 1982 total sentences. 496 batches of size 4.
Eval Loader: 496 total sentences. 124 batches of size 4.
-------- Train and Eval Dataloaders created --------

-------- Training --------
Training with Blockchain-Based Federated Learning technology.
Training without differential privacy.
Federated averaging algorithm selected.
Client 0: Label 0: 300, Label 1: 96
Client 1: Label 0: 284, Label 1: 112
Client 2: Label 0: 287, Label 1: 109
Client 3: Label 0: 281, Label 1: 115
Client 4: Label 0: 285, Label 1: 113

Round 1 of 4
-------------------------------
Predictions - 1s: 0, 0s: 398
True Labels - 1s: 113, 0s: 285
Client 5 of 5: Local Epoch [1/3] Loss: 0.5815, Accuracy: 71.61 %
Predictions - 1s: 0, 0s: 396
True Labels - 1s: 109, 0s: 287
Client 3 of 5: Local Epoch [1/3] Loss: 0.5842, Accuracy: 72.47 %
Predictions - 1s: 0, 0s: 396
True Labels - 1s: 96, 0s: 300
Client 1 of 5: Local Epoch [1/3] Loss: 0.5525, Accuracy: 75.76 %
Predictions - 1s: 2, 0s: 394
True Labels - 1s: 115, 0s: 281
Client 4 of 5: Local Epoch [1/3] Loss: 0.5823, Accuracy: 71.46 %
Predictions - 1s: 0, 0s: 396
True Labels - 1s: 112, 0s: 284
Client 2 of 5: Local Epoch [1/3] Loss: 0.5823, Accuracy: 71.72 %
Predictions - 1s: 20, 0s: 378
True Labels - 1s: 113, 0s: 285
Client 5 of 5: Local Epoch [2/3] Loss: 0.5259, Accuracy: 75.13 %
Predictions - 1s: 0, 0s: 396
True Labels - 1s: 96, 0s: 300
Client 1 of 5: Local Epoch [2/3] Loss: 0.5214, Accuracy: 75.76 %
Predictions - 1s: 3, 0s: 393
True Labels - 1s: 109, 0s: 287
Client 3 of 5: Local Epoch [2/3] Loss: 0.5362, Accuracy: 72.73 %
Predictions - 1s: 13, 0s: 383
True Labels - 1s: 112, 0s: 284
Client 2 of 5: Local Epoch [2/3] Loss: 0.5241, Accuracy: 72.98 %
Predictions - 1s: 32, 0s: 364
True Labels - 1s: 115, 0s: 281
Client 4 of 5: Local Epoch [2/3] Loss: 0.5065, Accuracy: 75.00 %
Predictions - 1s: 47, 0s: 351
True Labels - 1s: 113, 0s: 285
Client 5 of 5: Local Epoch [3/3] Loss: 0.4985, Accuracy: 77.89 %
Predictions - 1s: 31, 0s: 365
True Labels - 1s: 109, 0s: 287
Client 3 of 5: Local Epoch [3/3] Loss: 0.5141, Accuracy: 75.25 %
Predictions - 1s: 2, 0s: 394
True Labels - 1s: 96, 0s: 300
Client 1 of 5: Local Epoch [3/3] Loss: 0.4916, Accuracy: 76.26 %
Predictions - 1s: 63, 0s: 333
True Labels - 1s: 115, 0s: 281
Client 4 of 5: Local Epoch [3/3] Loss: 0.4690, Accuracy: 76.77 %
Predictions - 1s: 26, 0s: 370
True Labels - 1s: 112, 0s: 284
Client 2 of 5: Local Epoch [3/3] Loss: 0.5139, Accuracy: 76.26 %
-------------------------------
Round [1/4] Average Local Loss: 0.4974, Average Local Accuracy: 76.49 %
-------------------------------
-------- Validation --------
Predictions - 1s: 25, 0s: 471
True Labels - 1s: 129, 0s: 367
Round [1/4] Global Model Validation Loss: 0.5093, Validation Accuracy: 76.61 %
-------- Validation finished --------
Updated best model in round 1 saved with Validation Loss: 0.5093 and Validation Accuracy: 76.61 %
-------------------------------

Round 2 of 4
-------------------------------
Predictions - 1s: 42, 0s: 354
True Labels - 1s: 112, 0s: 284
Client 2 of 5: Local Epoch [1/3] Loss: 0.5089, Accuracy: 76.26 %
Predictions - 1s: 40, 0s: 356
True Labels - 1s: 109, 0s: 287
Client 3 of 5: Local Epoch [1/3] Loss: 0.5105, Accuracy: 75.51 %
Predictions - 1s: 20, 0s: 376
True Labels - 1s: 96, 0s: 300
Client 1 of 5: Local Epoch [1/3] Loss: 0.4893, Accuracy: 76.26 %
Predictions - 1s: 65, 0s: 331
True Labels - 1s: 115, 0s: 281
Client 4 of 5: Local Epoch [1/3] Loss: 0.4816, Accuracy: 78.28 %
Predictions - 1s: 45, 0s: 353
True Labels - 1s: 113, 0s: 285
Client 5 of 5: Local Epoch [1/3] Loss: 0.5048, Accuracy: 75.88 %
Predictions - 1s: 54, 0s: 342
True Labels - 1s: 112, 0s: 284
Client 2 of 5: Local Epoch [2/3] Loss: 0.4769, Accuracy: 79.80 %
Predictions - 1s: 64, 0s: 332
True Labels - 1s: 109, 0s: 287
Client 3 of 5: Local Epoch [2/3] Loss: 0.4957, Accuracy: 75.51 %
Predictions - 1s: 71, 0s: 325
True Labels - 1s: 112, 0s: 284
Client 2 of 5: Local Epoch [3/3] Loss: 0.4484, Accuracy: 80.56 %
Predictions - 1s: 56, 0s: 340
True Labels - 1s: 109, 0s: 287
Client 3 of 5: Local Epoch [3/3] Loss: 0.4718, Accuracy: 79.04 %
Predictions - 1s: 82, 0s: 314
True Labels - 1s: 115, 0s: 281
Client 4 of 5: Local Epoch [2/3] Loss: 0.4534, Accuracy: 78.03 %
Predictions - 1s: 14, 0s: 382
True Labels - 1s: 96, 0s: 300
Client 1 of 5: Local Epoch [2/3] Loss: 0.4676, Accuracy: 78.28 %
Predictions - 1s: 74, 0s: 324
True Labels - 1s: 113, 0s: 285
Client 5 of 5: Local Epoch [2/3] Loss: 0.4895, Accuracy: 76.63 %
Predictions - 1s: 88, 0s: 308
True Labels - 1s: 115, 0s: 281
Client 4 of 5: Local Epoch [3/3] Loss: 0.4302, Accuracy: 80.05 %
Predictions - 1s: 34, 0s: 362
True Labels - 1s: 96, 0s: 300
Client 1 of 5: Local Epoch [3/3] Loss: 0.4377, Accuracy: 80.81 %
Predictions - 1s: 57, 0s: 341
True Labels - 1s: 113, 0s: 285
Client 5 of 5: Local Epoch [3/3] Loss: 0.4713, Accuracy: 75.88 %
-------------------------------
Round [2/4] Average Local Loss: 0.4519, Average Local Accuracy: 79.27 %
-------------------------------
-------- Validation --------
Predictions - 1s: 85, 0s: 411
True Labels - 1s: 129, 0s: 367
Round [2/4] Global Model Validation Loss: 0.4825, Validation Accuracy: 76.21 %
-------- Validation finished --------
Updated best model in round 2 saved with Validation Loss: 0.4825 and Validation Accuracy: 76.21 %
-------------------------------

Round 3 of 4
-------------------------------
Predictions - 1s: 46, 0s: 350
True Labels - 1s: 96, 0s: 300
Client 1 of 5: Local Epoch [1/3] Loss: 0.4606, Accuracy: 78.79 %
Predictions - 1s: 79, 0s: 317
True Labels - 1s: 109, 0s: 287
Client 3 of 5: Local Epoch [1/3] Loss: 0.4998, Accuracy: 74.75 %
Predictions - 1s: 73, 0s: 323
True Labels - 1s: 112, 0s: 284
Client 2 of 5: Local Epoch [1/3] Loss: 0.4742, Accuracy: 79.04 %
Predictions - 1s: 88, 0s: 308
True Labels - 1s: 115, 0s: 281
Client 4 of 5: Local Epoch [1/3] Loss: 0.4521, Accuracy: 79.55 %
Predictions - 1s: 75, 0s: 323
True Labels - 1s: 113, 0s: 285
Client 5 of 5: Local Epoch [1/3] Loss: 0.4783, Accuracy: 78.39 %
Predictions - 1s: 61, 0s: 335
True Labels - 1s: 109, 0s: 287
Client 3 of 5: Local Epoch [2/3] Loss: 0.4722, Accuracy: 77.27 %
Predictions - 1s: 93, 0s: 303
True Labels - 1s: 115, 0s: 281
Client 4 of 5: Local Epoch [2/3] Loss: 0.4186, Accuracy: 82.83 %
Predictions - 1s: 43, 0s: 353
True Labels - 1s: 96, 0s: 300
Client 1 of 5: Local Epoch [2/3] Loss: 0.4327, Accuracy: 81.06 %
Predictions - 1s: 67, 0s: 329
True Labels - 1s: 112, 0s: 284
Client 2 of 5: Local Epoch [2/3] Loss: 0.4369, Accuracy: 81.57 %
Predictions - 1s: 69, 0s: 329
True Labels - 1s: 113, 0s: 285
Client 5 of 5: Local Epoch [2/3] Loss: 0.4612, Accuracy: 77.39 %
Predictions - 1s: 64, 0s: 332
True Labels - 1s: 109, 0s: 287
Client 3 of 5: Local Epoch [3/3] Loss: 0.4486, Accuracy: 79.04 %
Predictions - 1s: 86, 0s: 312
True Labels - 1s: 113, 0s: 285
Client 5 of 5: Local Epoch [3/3] Loss: 0.4380, Accuracy: 79.65 %
Predictions - 1s: 100, 0s: 296
True Labels - 1s: 115, 0s: 281
Client 4 of 5: Local Epoch [3/3] Loss: 0.4150, Accuracy: 81.06 %
Predictions - 1s: 53, 0s: 343
True Labels - 1s: 96, 0s: 300
Client 1 of 5: Local Epoch [3/3] Loss: 0.4034, Accuracy: 83.08 %
Predictions - 1s: 91, 0s: 305
True Labels - 1s: 112, 0s: 284
Client 2 of 5: Local Epoch [3/3] Loss: 0.4202, Accuracy: 82.58 %
-------------------------------
Round [3/4] Average Local Loss: 0.4250, Average Local Accuracy: 81.08 %
-------------------------------
-------- Validation --------
Predictions - 1s: 107, 0s: 389
True Labels - 1s: 129, 0s: 367
Round [3/4] Global Model Validation Loss: 0.4683, Validation Accuracy: 75.40 %
-------- Validation finished --------
Updated best model in round 3 saved with Validation Loss: 0.4683 and Validation Accuracy: 75.40 %
-------------------------------

Round 4 of 4
-------------------------------
Predictions - 1s: 85, 0s: 311
True Labels - 1s: 112, 0s: 284
Client 2 of 5: Local Epoch [1/3] Loss: 0.4409, Accuracy: 80.56 %
Predictions - 1s: 57, 0s: 339
True Labels - 1s: 96, 0s: 300
Client 1 of 5: Local Epoch [1/3] Loss: 0.4475, Accuracy: 78.03 %
Predictions - 1s: 94, 0s: 302
True Labels - 1s: 115, 0s: 281
Client 4 of 5: Local Epoch [1/3] Loss: 0.4168, Accuracy: 80.56 %
Predictions - 1s: 77, 0s: 319
True Labels - 1s: 109, 0s: 287
Client 3 of 5: Local Epoch [1/3] Loss: 0.4794, Accuracy: 75.76 %
Predictions - 1s: 77, 0s: 321
True Labels - 1s: 113, 0s: 285
Client 5 of 5: Local Epoch [1/3] Loss: 0.4720, Accuracy: 77.39 %
Predictions - 1s: 65, 0s: 331
Predictions - 1s: 77, 0s: 319
True Labels - 1s: 96, 0s: 300
True Labels - 1s: 109, 0s: 287
Client 1 of 5: Local Epoch [2/3] Loss: 0.4163, Accuracy: 81.06 %
Client 3 of 5: Local Epoch [2/3] Loss: 0.4427, Accuracy: 78.28 %
Predictions - 1s: 99, 0s: 297
True Labels - 1s: 115, 0s: 281
Client 4 of 5: Local Epoch [2/3] Loss: 0.4027, Accuracy: 82.83 %
Predictions - 1s: 85, 0s: 311
True Labels - 1s: 112, 0s: 284
Client 2 of 5: Local Epoch [2/3] Loss: 0.4141, Accuracy: 82.07 %
Predictions - 1s: 76, 0s: 322
True Labels - 1s: 113, 0s: 285
Client 5 of 5: Local Epoch [2/3] Loss: 0.4400, Accuracy: 80.15 %
Predictions - 1s: 84, 0s: 314
True Labels - 1s: 113, 0s: 285
Client 5 of 5: Local Epoch [3/3] Loss: 0.4209, Accuracy: 80.65 %
Predictions - 1s: 49, 0s: 347
True Labels - 1s: 96, 0s: 300
Client 1 of 5: Local Epoch [3/3] Loss: 0.4020, Accuracy: 82.58 %
Predictions - 1s: 106, 0s: 290
True Labels - 1s: 115, 0s: 281
Client 4 of 5: Local Epoch [3/3] Loss: 0.3842, Accuracy: 83.59 %
Predictions - 1s: 81, 0s: 315
True Labels - 1s: 109, 0s: 287
Client 3 of 5: Local Epoch [3/3] Loss: 0.4246, Accuracy: 80.30 %
Predictions - 1s: 87, 0s: 309
True Labels - 1s: 112, 0s: 284
Client 2 of 5: Local Epoch [3/3] Loss: 0.3964, Accuracy: 82.58 %
-------------------------------
Round [4/4] Average Local Loss: 0.4056, Average Local Accuracy: 81.94 %
-------------------------------
-------- Validation --------
Predictions - 1s: 104, 0s: 392
True Labels - 1s: 129, 0s: 367
Round [4/4] Global Model Validation Loss: 0.4526, Validation Accuracy: 77.62 %
-------- Validation finished --------
Updated best model in round 4 saved with Validation Loss: 0.4526 and Validation Accuracy: 77.62 %
-------------------------------
Best model in round 4 saved with Validation Loss: 0.4526 and Validation Accuracy: 77.62 %

-------- Training finished in 2:35 --------

Test flag enabled. Testing the model

-------- Loading best model from model_path --------
Loaded model bert-mini from date 20-03-2024 19:53. Trained with Federated Learning technology.
Round 4, lr: 6e-05, optimizer: AdamW
Average train accuracy: 81.94 %, Validation accuracy: 77.62 %
-------- Best model loaded --------

-------- Creating Test Dataloader --------
Test Loader: 618 total sentences. 78 batches of size 8.
-------- Test Dataloader created --------

-------- Testing --------
Predictions - 1s: 142, 0s: 476
True Labels - 1s: 168, 0s: 450
Nº of test samples: 618
Accuracy: 81.55%
Accuracy 2 : 81.55%
Precision: 77.15%
Recall: 74.28%
F1 Score: 75.46%
Classification report:
              precision    recall  f1-score   support

           0     0.8529    0.9022    0.8769       450
           1     0.6901    0.5833    0.6323       168

    accuracy                         0.8155       618
   macro avg     0.7715    0.7428    0.7546       618
weighted avg     0.8087    0.8155    0.8104       618

-------- Testing finished --------
