Current configuration:
{
    "concurrency_flag": false,
    "data_distribution": "iid",
    "dataset": "twitter_dep",
    "device": "cuda",
    "dp_delta": 0.003,
    "dp_epsilon": 0.0,
    "eval_batch_size": 4,
    "eval_flag": true,
    "eval_size": 0.2,
    "fed_alg": "fedavg",
    "layers": 3,
    "learning_rate": 6e-05,
    "max_length": 512,
    "ml_mode": "ml",
    "model": "bert_mini",
    "model_name": "ml_mini_twitter_dep",
    "models_path": "/local/vpaloma/fabric-federated-learning/ablation_study/phase-2/4-execution_time/twitter_dep/",
    "mu": 0.5,
    "num_clients": 5,
    "num_epochs": 12,
    "num_rounds": 4,
    "optimizer": "AdamW",
    "progress_bar_flag": false,
    "save_model": true,
    "scheduler": "linear",
    "scheduler_warmup_steps": 0,
    "seed": 0,
    "test_flag": true,
    "train_batch_size": 4,
    "train_size": 0.8
}
-------- Configuration loaded --------

-------- Setting device --------
cuda device selected and available.
-------- Device set --------

-------- Setting seed --------
-------- Seed set --------

-------- Creating Model --------
-------- Model created --------

-------- Setting Trainable Layers --------
Training the last 3 layers.

Total parameters count: 11171074
Trainable parameters count: 856066
-------- Trainable Layers set --------

-------- Creating Tokenizer --------
-------- Tokenizer created --------

-------- Creating Train and Eval Dataloaders --------
Train Loader: 1982 total sentences. 496 batches of size 4.
Eval Loader: 496 total sentences. 124 batches of size 4.
-------- Train and Eval Dataloaders created --------

-------- Creating Optimizer --------
-------- Optimizer created --------

-------- Creating Scheduler --------
-------- Scheduler created --------

-------- Training --------
Training with Centralised Machine Learning technology.
Training without differential privacy.
Epoch [1/12], Step [100/496], Loss: 0.5777, Accuracy: 71.75 %
Epoch [1/12], Step [200/496], Loss: 0.5554, Accuracy: 71.50 %
Epoch [1/12], Step [300/496], Loss: 0.5399, Accuracy: 73.17 %
Epoch [1/12], Step [400/496], Loss: 0.5227, Accuracy: 74.69 %
Predictions - 1s: 255, 0s: 1727
True Labels - 1s: 552, 0s: 1430
-------------------------------
Epoch [1/12] Loss: 0.5106, Accuracy: 75.63 %
-------------------------------
-------- Validation --------
Predictions - 1s: 136, 0s: 360
True Labels - 1s: 122, 0s: 374
Validation Loss: 0.4673, Validation Accuracy: 73.39 %
-------- Validation finished --------
Updated best model in epoch 1 saved with Validation Loss: 0.4673 and Validation Accuracy: 73.39 %
-------------------------------
Epoch [2/12], Step [100/496], Loss: 0.4703, Accuracy: 77.00 %
Epoch [2/12], Step [200/496], Loss: 0.4460, Accuracy: 78.75 %
Epoch [2/12], Step [300/496], Loss: 0.4392, Accuracy: 78.83 %
Epoch [2/12], Step [400/496], Loss: 0.4373, Accuracy: 78.88 %
Predictions - 1s: 424, 0s: 1558
True Labels - 1s: 552, 0s: 1430
-------------------------------
Epoch [2/12] Loss: 0.4322, Accuracy: 79.41 %
-------------------------------
-------- Validation --------
Predictions - 1s: 154, 0s: 342
True Labels - 1s: 122, 0s: 374
Validation Loss: 0.4588, Validation Accuracy: 75.40 %
-------- Validation finished --------
Updated best model in epoch 2 saved with Validation Loss: 0.4588 and Validation Accuracy: 75.40 %
-------------------------------
Epoch [3/12], Step [100/496], Loss: 0.3983, Accuracy: 82.75 %
Epoch [3/12], Step [200/496], Loss: 0.4018, Accuracy: 81.75 %
Epoch [3/12], Step [300/496], Loss: 0.3992, Accuracy: 81.33 %
Epoch [3/12], Step [400/496], Loss: 0.4016, Accuracy: 81.38 %
Predictions - 1s: 451, 0s: 1531
True Labels - 1s: 552, 0s: 1430
-------------------------------
Epoch [3/12] Loss: 0.3991, Accuracy: 81.69 %
-------------------------------
-------- Validation --------
Predictions - 1s: 127, 0s: 369
True Labels - 1s: 122, 0s: 374
Validation Loss: 0.4530, Validation Accuracy: 76.01 %
-------- Validation finished --------
Updated best model in epoch 3 saved with Validation Loss: 0.4530 and Validation Accuracy: 76.01 %
-------------------------------
Epoch [4/12], Step [100/496], Loss: 0.3304, Accuracy: 83.75 %
Epoch [4/12], Step [200/496], Loss: 0.3833, Accuracy: 81.25 %
Epoch [4/12], Step [300/496], Loss: 0.3798, Accuracy: 81.75 %
Epoch [4/12], Step [400/496], Loss: 0.3717, Accuracy: 82.44 %
Predictions - 1s: 465, 0s: 1517
True Labels - 1s: 552, 0s: 1430
-------------------------------
Epoch [4/12] Loss: 0.3705, Accuracy: 82.69 %
-------------------------------
-------- Validation --------
Predictions - 1s: 115, 0s: 381
True Labels - 1s: 122, 0s: 374
Validation Loss: 0.4396, Validation Accuracy: 77.62 %
-------- Validation finished --------
Updated best model in epoch 4 saved with Validation Loss: 0.4396 and Validation Accuracy: 77.62 %
-------------------------------
Epoch [5/12], Step [100/496], Loss: 0.3704, Accuracy: 82.75 %
Epoch [5/12], Step [200/496], Loss: 0.3625, Accuracy: 83.50 %
Epoch [5/12], Step [300/496], Loss: 0.3571, Accuracy: 83.75 %
Epoch [5/12], Step [400/496], Loss: 0.3649, Accuracy: 83.19 %
Predictions - 1s: 472, 0s: 1510
True Labels - 1s: 552, 0s: 1430
-------------------------------
Epoch [5/12] Loss: 0.3586, Accuracy: 83.45 %
-------------------------------
-------- Validation --------
Predictions - 1s: 151, 0s: 345
True Labels - 1s: 122, 0s: 374
Validation Loss: 0.4601, Validation Accuracy: 77.62 %
-------- Validation finished --------
Epoch [6/12], Step [100/496], Loss: 0.3609, Accuracy: 83.00 %
Epoch [6/12], Step [200/496], Loss: 0.3587, Accuracy: 83.00 %
Epoch [6/12], Step [300/496], Loss: 0.3527, Accuracy: 83.33 %
Epoch [6/12], Step [400/496], Loss: 0.3408, Accuracy: 84.06 %
Predictions - 1s: 485, 0s: 1497
True Labels - 1s: 552, 0s: 1430
-------------------------------
Epoch [6/12] Loss: 0.3360, Accuracy: 84.41 %
-------------------------------
-------- Validation --------
Predictions - 1s: 84, 0s: 412
True Labels - 1s: 122, 0s: 374
Validation Loss: 0.4487, Validation Accuracy: 79.03 %
-------- Validation finished --------
Epoch [7/12], Step [100/496], Loss: 0.3059, Accuracy: 86.25 %
Epoch [7/12], Step [200/496], Loss: 0.3045, Accuracy: 86.25 %
Epoch [7/12], Step [300/496], Loss: 0.3138, Accuracy: 85.25 %
Epoch [7/12], Step [400/496], Loss: 0.3180, Accuracy: 85.38 %
Predictions - 1s: 481, 0s: 1501
True Labels - 1s: 552, 0s: 1430
-------------------------------
Epoch [7/12] Loss: 0.3227, Accuracy: 85.22 %
-------------------------------
-------- Validation --------
Predictions - 1s: 149, 0s: 347
True Labels - 1s: 122, 0s: 374
Validation Loss: 0.4688, Validation Accuracy: 77.22 %
-------- Validation finished --------
Epoch [8/12], Step [100/496], Loss: 0.3179, Accuracy: 87.00 %
Epoch [8/12], Step [200/496], Loss: 0.3007, Accuracy: 87.38 %
Epoch [8/12], Step [300/496], Loss: 0.2989, Accuracy: 87.25 %
Epoch [8/12], Step [400/496], Loss: 0.3015, Accuracy: 86.94 %
Predictions - 1s: 492, 0s: 1490
True Labels - 1s: 552, 0s: 1430
-------------------------------
Epoch [8/12] Loss: 0.3108, Accuracy: 86.18 %
-------------------------------
-------- Validation --------
Predictions - 1s: 143, 0s: 353
True Labels - 1s: 122, 0s: 374
Validation Loss: 0.4659, Validation Accuracy: 78.02 %
-------- Validation finished --------
Epoch [9/12], Step [100/496], Loss: 0.3089, Accuracy: 86.75 %
Epoch [9/12], Step [200/496], Loss: 0.2948, Accuracy: 86.88 %
Epoch [9/12], Step [300/496], Loss: 0.3024, Accuracy: 86.00 %
Epoch [9/12], Step [400/496], Loss: 0.2991, Accuracy: 86.06 %
Predictions - 1s: 501, 0s: 1481
True Labels - 1s: 552, 0s: 1430
-------------------------------
Epoch [9/12] Loss: 0.2971, Accuracy: 86.33 %
-------------------------------
-------- Validation --------
Predictions - 1s: 127, 0s: 369
True Labels - 1s: 122, 0s: 374
Validation Loss: 0.4565, Validation Accuracy: 77.62 %
-------- Validation finished --------
Epoch [10/12], Step [100/496], Loss: 0.2525, Accuracy: 88.75 %
Epoch [10/12], Step [200/496], Loss: 0.2681, Accuracy: 88.00 %
Epoch [10/12], Step [300/496], Loss: 0.2729, Accuracy: 87.92 %
Epoch [10/12], Step [400/496], Loss: 0.2825, Accuracy: 87.50 %
Predictions - 1s: 494, 0s: 1488
True Labels - 1s: 552, 0s: 1430
-------------------------------
Epoch [10/12] Loss: 0.2862, Accuracy: 87.79 %
-------------------------------
-------- Validation --------
Predictions - 1s: 143, 0s: 353
True Labels - 1s: 122, 0s: 374
Validation Loss: 0.4714, Validation Accuracy: 78.43 %
-------- Validation finished --------
Epoch [11/12], Step [100/496], Loss: 0.2570, Accuracy: 89.00 %
Epoch [11/12], Step [200/496], Loss: 0.2773, Accuracy: 88.12 %
Epoch [11/12], Step [300/496], Loss: 0.2755, Accuracy: 87.92 %
Epoch [11/12], Step [400/496], Loss: 0.2805, Accuracy: 87.31 %
Predictions - 1s: 519, 0s: 1463
True Labels - 1s: 552, 0s: 1430
-------------------------------
Epoch [11/12] Loss: 0.2782, Accuracy: 87.54 %
-------------------------------
-------- Validation --------
Predictions - 1s: 129, 0s: 367
True Labels - 1s: 122, 0s: 374
Validation Loss: 0.4647, Validation Accuracy: 78.43 %
-------- Validation finished --------
Epoch [12/12], Step [100/496], Loss: 0.2624, Accuracy: 89.25 %
Epoch [12/12], Step [200/496], Loss: 0.2587, Accuracy: 89.00 %
Epoch [12/12], Step [300/496], Loss: 0.2644, Accuracy: 88.33 %
Epoch [12/12], Step [400/496], Loss: 0.2648, Accuracy: 88.19 %
Predictions - 1s: 509, 0s: 1473
True Labels - 1s: 552, 0s: 1430
-------------------------------
Epoch [12/12] Loss: 0.2622, Accuracy: 88.55 %
-------------------------------
-------- Validation --------
Predictions - 1s: 128, 0s: 368
True Labels - 1s: 122, 0s: 374
Validation Loss: 0.4643, Validation Accuracy: 78.63 %
-------- Validation finished --------
Best model in epoch 4 saved with with Validation Loss: 0.4396 and Validation Accuracy: 77.62 %

-------- Training finished in 1:16 --------

Test flag enabled. Testing the model

-------- Loading best model from model_path --------
Loaded model bert-mini from date 19-03-2024 17:33. Trained with Centralised Machine Learning technology.
Epoch 4, lr: 6e-05, optimizer: AdamW
Train accuracy: 82.69 %, Validation accuracy: 77.62 %
-------- Best model loaded --------

-------- Creating Test Dataloader --------
Test Loader: 618 total sentences. 78 batches of size 8.
-------- Test Dataloader created --------

-------- Testing --------
Predictions - 1s: 151, 0s: 467
True Labels - 1s: 168, 0s: 450
Nº of test samples: 618
Accuracy: 81.39%
Accuracy 2 : 81.39%
Precision: 76.71%
Recall: 74.91%
F1 Score: 75.70%
Classification report:
              precision    recall  f1-score   support

           0     0.8587    0.8911    0.8746       450
           1     0.6755    0.6071    0.6395       168

    accuracy                         0.8139       618
   macro avg     0.7671    0.7491    0.7570       618
weighted avg     0.8089    0.8139    0.8107       618

-------- Testing finished --------
