Current configuration:
{
    "concurrency_flag": false,
    "data_distribution": "iid",
    "dataset": "twitter_dep",
    "device": "cuda",
    "dp_delta": 0.003,
    "dp_epsilon": 0.0,
    "eval_batch_size": 4,
    "eval_flag": true,
    "eval_size": 0.2,
    "fed_alg": "fedavg",
    "layers": 4,
    "learning_rate": 6e-05,
    "max_length": 512,
    "ml_mode": "ml",
    "model": "bert_tiny",
    "model_name": "ml_bert_tiny_4_100",
    "models_path": "/local/vpaloma/ablation_study/2-ml_mode-model-layers/",
    "mu": 0.5,
    "num_clients": 5,
    "num_epochs": 10,
    "num_rounds": 5,
    "optimizer": "AdamW",
    "progress_bar_flag": false,
    "save_model": true,
    "scheduler": "linear",
    "scheduler_warmup_steps": 0,
    "seed": 100,
    "test_flag": true,
    "train_batch_size": 4,
    "train_size": 0.8
}
-------- Configuration loaded --------

-------- Setting device --------
cuda device selected and available.
-------- Device set --------

-------- Setting seed --------
-------- Seed set --------

-------- Creating Model --------
-------- Model created --------

-------- Setting Trainable Layers --------
Training the last 4 layers.

Total parameters count: 4386178
Trainable parameters count: 413314
-------- Trainable Layers set --------

-------- Creating Tokenizer --------
-------- Tokenizer created --------

-------- Creating Train and Eval Dataloaders --------
Train Loader: 1982 total sentences. 496 batches of size 4.
Eval Loader: 496 total sentences. 124 batches of size 4.
-------- Train and Eval Dataloaders created --------

-------- Creating Optimizer --------
-------- Optimizer created --------

-------- Creating Scheduler --------
-------- Scheduler created --------

-------- Training --------
Training with Centralised Machine Learning technology.
Training without differential privacy.
Epoch [1/10], Step [100/496], Loss: 0.5868, Accuracy: 74.50 %
Epoch [1/10], Step [200/496], Loss: 0.5773, Accuracy: 72.75 %
Epoch [1/10], Step [300/496], Loss: 0.5535, Accuracy: 73.67 %
Epoch [1/10], Step [400/496], Loss: 0.5468, Accuracy: 73.88 %
-------------------------------
Epoch [1/10] Loss: 0.5432, Accuracy: 73.81 %
-------------------------------
-------- Validation --------
Validation Loss: 0.4617, Validation Accuracy: 79.44 %
-------- Validation finished --------
Updated best model in epoch 1 saved with Validation Accuracy: 79.44 %
-------------------------------
Epoch [2/10], Step [100/496], Loss: 0.4427, Accuracy: 82.00 %
Epoch [2/10], Step [200/496], Loss: 0.4437, Accuracy: 80.62 %
Epoch [2/10], Step [300/496], Loss: 0.4738, Accuracy: 78.50 %
Epoch [2/10], Step [400/496], Loss: 0.4680, Accuracy: 78.81 %
-------------------------------
Epoch [2/10] Loss: 0.4728, Accuracy: 78.36 %
-------------------------------
-------- Validation --------
Validation Loss: 0.4521, Validation Accuracy: 76.41 %
-------- Validation finished --------
Epoch [3/10], Step [100/496], Loss: 0.4197, Accuracy: 83.50 %
Epoch [3/10], Step [200/496], Loss: 0.4330, Accuracy: 81.38 %
Epoch [3/10], Step [300/496], Loss: 0.4283, Accuracy: 81.00 %
Epoch [3/10], Step [400/496], Loss: 0.4361, Accuracy: 80.00 %
-------------------------------
Epoch [3/10] Loss: 0.4332, Accuracy: 80.02 %
-------------------------------
-------- Validation --------
Validation Loss: 0.4172, Validation Accuracy: 79.23 %
-------- Validation finished --------
Epoch [4/10], Step [100/496], Loss: 0.4175, Accuracy: 81.00 %
Epoch [4/10], Step [200/496], Loss: 0.4182, Accuracy: 81.62 %
Epoch [4/10], Step [300/496], Loss: 0.4113, Accuracy: 82.17 %
Epoch [4/10], Step [400/496], Loss: 0.4117, Accuracy: 81.88 %
-------------------------------
Epoch [4/10] Loss: 0.4120, Accuracy: 82.14 %
-------------------------------
-------- Validation --------
Validation Loss: 0.4328, Validation Accuracy: 79.84 %
-------- Validation finished --------
Updated best model in epoch 4 saved with Validation Accuracy: 79.84 %
-------------------------------
Epoch [5/10], Step [100/496], Loss: 0.3523, Accuracy: 84.50 %
Epoch [5/10], Step [200/496], Loss: 0.3607, Accuracy: 84.38 %
Epoch [5/10], Step [300/496], Loss: 0.3823, Accuracy: 83.42 %
Epoch [5/10], Step [400/496], Loss: 0.3919, Accuracy: 82.75 %
-------------------------------
Epoch [5/10] Loss: 0.3891, Accuracy: 82.85 %
-------------------------------
-------- Validation --------
Validation Loss: 0.4154, Validation Accuracy: 81.05 %
-------- Validation finished --------
Updated best model in epoch 5 saved with Validation Accuracy: 81.05 %
-------------------------------
Epoch [6/10], Step [100/496], Loss: 0.3755, Accuracy: 82.75 %
Epoch [6/10], Step [200/496], Loss: 0.3798, Accuracy: 83.00 %
Epoch [6/10], Step [300/496], Loss: 0.3807, Accuracy: 82.92 %
Epoch [6/10], Step [400/496], Loss: 0.3750, Accuracy: 83.56 %
-------------------------------
Epoch [6/10] Loss: 0.3795, Accuracy: 83.05 %
-------------------------------
-------- Validation --------
Validation Loss: 0.4262, Validation Accuracy: 80.24 %
-------- Validation finished --------
Epoch [7/10], Step [100/496], Loss: 0.3445, Accuracy: 84.00 %
Epoch [7/10], Step [200/496], Loss: 0.3250, Accuracy: 85.38 %
Epoch [7/10], Step [300/496], Loss: 0.3367, Accuracy: 85.17 %
Epoch [7/10], Step [400/496], Loss: 0.3479, Accuracy: 84.62 %
-------------------------------
Epoch [7/10] Loss: 0.3515, Accuracy: 84.61 %
-------------------------------
-------- Validation --------
Validation Loss: 0.4376, Validation Accuracy: 80.24 %
-------- Validation finished --------
Epoch [8/10], Step [100/496], Loss: 0.3401, Accuracy: 83.25 %
Epoch [8/10], Step [200/496], Loss: 0.3448, Accuracy: 83.38 %
Epoch [8/10], Step [300/496], Loss: 0.3374, Accuracy: 84.00 %
Epoch [8/10], Step [400/496], Loss: 0.3294, Accuracy: 84.81 %
-------------------------------
Epoch [8/10] Loss: 0.3406, Accuracy: 84.61 %
-------------------------------
-------- Validation --------
Validation Loss: 0.4534, Validation Accuracy: 78.23 %
-------- Validation finished --------
Epoch [9/10], Step [100/496], Loss: 0.3410, Accuracy: 84.25 %
Epoch [9/10], Step [200/496], Loss: 0.3414, Accuracy: 84.25 %
Epoch [9/10], Step [300/496], Loss: 0.3438, Accuracy: 84.17 %
Epoch [9/10], Step [400/496], Loss: 0.3423, Accuracy: 84.44 %
-------------------------------
Epoch [9/10] Loss: 0.3390, Accuracy: 84.36 %
-------------------------------
-------- Validation --------
Validation Loss: 0.4435, Validation Accuracy: 79.84 %
-------- Validation finished --------
Epoch [10/10], Step [100/496], Loss: 0.3383, Accuracy: 85.75 %
Epoch [10/10], Step [200/496], Loss: 0.3354, Accuracy: 85.38 %
Epoch [10/10], Step [300/496], Loss: 0.3355, Accuracy: 85.25 %
Epoch [10/10], Step [400/496], Loss: 0.3343, Accuracy: 85.19 %
-------------------------------
Epoch [10/10] Loss: 0.3327, Accuracy: 85.42 %
-------------------------------
-------- Validation --------
Validation Loss: 0.4490, Validation Accuracy: 79.44 %
-------- Validation finished --------
Best model in epoch 5 saved with Validation Accuracy: 81.05 %
-------- Training finished --------

Test flag enabled. Testing the model

-------- Loading best model from model_path --------
Loaded model bert-tiny from date 01-02-2024 11:25. Trained with Centralised Machine Learning technology.
Epoch 5, lr: 6e-05, optimizer: AdamW
Train accuracy: 82.85 %, Validation accuracy: 81.05 %
-------- Best model loaded --------

-------- Creating Test Dataloader --------
Test Loader: 618 total sentences. 78 batches of size 8.
-------- Test Dataloader created --------

-------- Testing --------
Nº of test samples: 618
Accuracy: 82.52%
Precision: 79.17%
Recall: 74.20%
F1 Score: 76.01%
-------- Testing finished --------
