Current configuration:
{
    "concurrency_flag": false,
    "data_distribution": "iid",
    "dataset": "dreaddit",
    "device": "cuda",
    "dp_delta": 0.003,
    "dp_epsilon": 0.5,
    "eval_batch_size": 4,
    "eval_flag": true,
    "eval_size": 0.2,
    "fed_alg": "fedavg",
    "layers": 3,
    "learning_rate": 6e-05,
    "max_length": 512,
    "ml_mode": "ml",
    "model": "bert_small",
    "model_name": "ml_0.5_dreaddit",
    "models_path": "/local/vpaloma/fabric-federated-learning/ablation_study/6-ml_mode-model-data_dist-dp/dreaddit",
    "mu": 0.5,
    "num_clients": 5,
    "num_epochs": 10,
    "num_rounds": 4,
    "optimizer": "AdamW",
    "progress_bar_flag": false,
    "save_model": true,
    "scheduler": "linear",
    "scheduler_warmup_steps": 0,
    "seed": 0,
    "test_flag": true,
    "train_batch_size": 4,
    "train_size": 0.8
}
-------- Configuration loaded --------

-------- Setting device --------
cuda device selected and available.
-------- Device set --------

-------- Setting seed --------
-------- Seed set --------

-------- Creating Model --------
-------- Model created --------

-------- Setting Trainable Layers --------
Training the last 3 layers.

Total parameters count: 28764674
Trainable parameters count: 3416066
-------- Trainable Layers set --------

-------- Creating Tokenizer --------
-------- Tokenizer created --------

-------- Creating Train and Eval Dataloaders --------
Train Loader: 2270 total sentences. 568 batches of size 4.
Eval Loader: 568 total sentences. 142 batches of size 4.
-------- Train and Eval Dataloaders created --------

-------- Creating Optimizer --------
-------- Optimizer created --------

-------- Creating Scheduler --------
-------- Scheduler created --------

-------- Training --------
Training with Centralised Machine Learning technology.
Training with differential privacy.
Epoch [1/10], Step [100/568], Loss: 0.7217, Accuracy: 49.00 %
Epoch [1/10], Step [200/568], Loss: 0.7261, Accuracy: 48.38 %
Epoch [1/10], Step [300/568], Loss: 0.7279, Accuracy: 48.42 %
Epoch [1/10], Step [400/568], Loss: 0.7234, Accuracy: 48.56 %
Epoch [1/10], Step [500/568], Loss: 0.7206, Accuracy: 48.95 %
-------------------------------
Epoch [1/10] Loss: 0.7205, Accuracy: 48.68 %
-------------------------------
-------- Validation --------
Validation Loss: 0.7248, Validation Accuracy: 41.73 %
-------- Validation finished --------
Updated best model in epoch 1 saved with Validation Accuracy: 41.73 %
-------------------------------
Epoch [2/10], Step [100/568], Loss: 0.7133, Accuracy: 46.50 %
Epoch [2/10], Step [200/568], Loss: 0.7059, Accuracy: 48.12 %
Epoch [2/10], Step [300/568], Loss: 0.7037, Accuracy: 48.67 %
Epoch [2/10], Step [400/568], Loss: 0.7001, Accuracy: 50.38 %
Epoch [2/10], Step [500/568], Loss: 0.7007, Accuracy: 50.20 %
-------------------------------
Epoch [2/10] Loss: 0.7017, Accuracy: 49.87 %
-------------------------------
-------- Validation --------
Validation Loss: 0.7050, Validation Accuracy: 45.07 %
-------- Validation finished --------
Updated best model in epoch 2 saved with Validation Accuracy: 45.07 %
-------------------------------
Epoch [3/10], Step [100/568], Loss: 0.7079, Accuracy: 48.25 %
Epoch [3/10], Step [200/568], Loss: 0.7006, Accuracy: 50.25 %
Epoch [3/10], Step [300/568], Loss: 0.6971, Accuracy: 51.50 %
Epoch [3/10], Step [400/568], Loss: 0.6931, Accuracy: 52.06 %
Epoch [3/10], Step [500/568], Loss: 0.6941, Accuracy: 51.65 %
-------------------------------
Epoch [3/10] Loss: 0.6933, Accuracy: 52.03 %
-------------------------------
-------- Validation --------
Validation Loss: 0.6907, Validation Accuracy: 52.46 %
-------- Validation finished --------
Updated best model in epoch 3 saved with Validation Accuracy: 52.46 %
-------------------------------
Epoch [4/10], Step [100/568], Loss: 0.6864, Accuracy: 56.50 %
Epoch [4/10], Step [200/568], Loss: 0.6846, Accuracy: 56.88 %
Epoch [4/10], Step [300/568], Loss: 0.6867, Accuracy: 55.50 %
Epoch [4/10], Step [400/568], Loss: 0.6879, Accuracy: 55.00 %
Epoch [4/10], Step [500/568], Loss: 0.6854, Accuracy: 55.55 %
-------------------------------
Epoch [4/10] Loss: 0.6860, Accuracy: 55.20 %
-------------------------------
-------- Validation --------
Validation Loss: 0.6807, Validation Accuracy: 56.34 %
-------- Validation finished --------
Updated best model in epoch 4 saved with Validation Accuracy: 56.34 %
-------------------------------
Epoch [5/10], Step [100/568], Loss: 0.6782, Accuracy: 55.75 %
Epoch [5/10], Step [200/568], Loss: 0.6820, Accuracy: 53.50 %
Epoch [5/10], Step [300/568], Loss: 0.6794, Accuracy: 54.67 %
Epoch [5/10], Step [400/568], Loss: 0.6805, Accuracy: 55.00 %
Epoch [5/10], Step [500/568], Loss: 0.6788, Accuracy: 55.35 %
-------------------------------
Epoch [5/10] Loss: 0.6778, Accuracy: 56.04 %
-------------------------------
-------- Validation --------
Validation Loss: 0.6726, Validation Accuracy: 60.92 %
-------- Validation finished --------
Updated best model in epoch 5 saved with Validation Accuracy: 60.92 %
-------------------------------
Epoch [6/10], Step [100/568], Loss: 0.6767, Accuracy: 60.25 %
Epoch [6/10], Step [200/568], Loss: 0.6770, Accuracy: 57.88 %
Epoch [6/10], Step [300/568], Loss: 0.6754, Accuracy: 58.92 %
Epoch [6/10], Step [400/568], Loss: 0.6793, Accuracy: 57.50 %
Epoch [6/10], Step [500/568], Loss: 0.6788, Accuracy: 57.00 %
-------------------------------
Epoch [6/10] Loss: 0.6798, Accuracy: 56.52 %
-------------------------------
-------- Validation --------
Validation Loss: 0.6660, Validation Accuracy: 63.38 %
-------- Validation finished --------
Updated best model in epoch 6 saved with Validation Accuracy: 63.38 %
-------------------------------
Epoch [7/10], Step [100/568], Loss: 0.6779, Accuracy: 55.25 %
Epoch [7/10], Step [200/568], Loss: 0.6752, Accuracy: 56.62 %
Epoch [7/10], Step [300/568], Loss: 0.6709, Accuracy: 58.08 %
Epoch [7/10], Step [400/568], Loss: 0.6721, Accuracy: 57.56 %
Epoch [7/10], Step [500/568], Loss: 0.6719, Accuracy: 57.90 %
-------------------------------
Epoch [7/10] Loss: 0.6732, Accuracy: 57.53 %
-------------------------------
-------- Validation --------
Validation Loss: 0.6619, Validation Accuracy: 62.32 %
-------- Validation finished --------
Epoch [8/10], Step [100/568], Loss: 0.6681, Accuracy: 59.50 %
Epoch [8/10], Step [200/568], Loss: 0.6750, Accuracy: 58.12 %
Epoch [8/10], Step [300/568], Loss: 0.6773, Accuracy: 57.92 %
Epoch [8/10], Step [400/568], Loss: 0.6767, Accuracy: 57.88 %
Epoch [8/10], Step [500/568], Loss: 0.6763, Accuracy: 58.05 %
-------------------------------
Epoch [8/10] Loss: 0.6761, Accuracy: 58.06 %
-------------------------------
-------- Validation --------
Validation Loss: 0.6593, Validation Accuracy: 62.32 %
-------- Validation finished --------
Epoch [9/10], Step [100/568], Loss: 0.6759, Accuracy: 59.00 %
Epoch [9/10], Step [200/568], Loss: 0.6771, Accuracy: 58.62 %
Epoch [9/10], Step [300/568], Loss: 0.6747, Accuracy: 57.58 %
Epoch [9/10], Step [400/568], Loss: 0.6773, Accuracy: 57.44 %
Epoch [9/10], Step [500/568], Loss: 0.6759, Accuracy: 57.20 %
-------------------------------
Epoch [9/10] Loss: 0.6744, Accuracy: 57.49 %
-------------------------------
-------- Validation --------
Validation Loss: 0.6582, Validation Accuracy: 61.97 %
-------- Validation finished --------
Epoch [10/10], Step [100/568], Loss: 0.6840, Accuracy: 57.75 %
Epoch [10/10], Step [200/568], Loss: 0.6752, Accuracy: 59.00 %
Epoch [10/10], Step [300/568], Loss: 0.6769, Accuracy: 58.25 %
Epoch [10/10], Step [400/568], Loss: 0.6754, Accuracy: 58.94 %
Epoch [10/10], Step [500/568], Loss: 0.6727, Accuracy: 59.90 %
-------------------------------
Epoch [10/10] Loss: 0.6727, Accuracy: 59.87 %
-------------------------------
-------- Validation --------
Validation Loss: 0.6578, Validation Accuracy: 61.97 %
-------- Validation finished --------
Best model in epoch 6 saved with Validation Accuracy: 63.38 %

-------- Training finished in 14:41 --------

Test flag enabled. Testing the model

-------- Loading best model from model_path --------
Loaded model bert-small from date 06-02-2024 09:49. Trained with Centralised Machine Learning technology.
Epoch 6, lr: 6e-05, optimizer: DPOptimizer
Train accuracy: 56.52 %, Validation accuracy: 63.38 %
-------- Best model loaded --------

-------- Creating Test Dataloader --------
Test Loader: 715 total sentences. 90 batches of size 8.
-------- Test Dataloader created --------

-------- Testing --------
Nº of test samples: 715
Accuracy: 59.72%
Precision: 62.61%
Recall: 58.85%
F1 Score: 56.04%
-------- Testing finished --------
