Current configuration:
{
    "concurrency_flag": false,
    "data_distribution": "iid",
    "dataset": "acl_dep_sad",
    "device": "cuda",
    "dp_delta": 0.003,
    "dp_epsilon": 0.5,
    "eval_batch_size": 4,
    "eval_flag": true,
    "eval_size": 0.2,
    "fed_alg": "fedavg",
    "layers": 4,
    "learning_rate": 6e-05,
    "max_length": 512,
    "ml_mode": "ml",
    "model": "bert_tiny",
    "model_name": "ml_bert_tiny_0.5",
    "models_path": "/local/vpaloma/fabric-federated-learning/ablation_study/4-ml_mode-model-data_dist-dp/",
    "mu": 0.5,
    "num_clients": 5,
    "num_epochs": 10,
    "num_rounds": 4,
    "optimizer": "AdamW",
    "progress_bar_flag": false,
    "save_model": true,
    "scheduler": "linear",
    "scheduler_warmup_steps": 0,
    "seed": 0,
    "test_flag": true,
    "train_batch_size": 4,
    "train_size": 0.8
}
-------- Configuration loaded --------

-------- Setting device --------
cuda device selected and available.
-------- Device set --------

-------- Setting seed --------
-------- Seed set --------

-------- Creating Model --------
-------- Model created --------

-------- Setting Trainable Layers --------
Training the last 4 layers.

Total parameters count: 4386178
Trainable parameters count: 413314
-------- Trainable Layers set --------

-------- Creating Tokenizer --------
-------- Tokenizer created --------

-------- Creating Train and Eval Dataloaders --------
Train Loader: 2085 total sentences. 522 batches of size 4.
Eval Loader: 521 total sentences. 131 batches of size 4.
-------- Train and Eval Dataloaders created --------

-------- Creating Optimizer --------
-------- Optimizer created --------

-------- Creating Scheduler --------
-------- Scheduler created --------

-------- Training --------
Training with Centralised Machine Learning technology.
Training with differential privacy.
Epoch [1/10], Step [100/522], Loss: 0.6876, Accuracy: 54.50 %
Epoch [1/10], Step [200/522], Loss: 0.6848, Accuracy: 57.62 %
Epoch [1/10], Step [300/522], Loss: 0.6819, Accuracy: 58.67 %
Epoch [1/10], Step [400/522], Loss: 0.6824, Accuracy: 58.12 %
Epoch [1/10], Step [500/522], Loss: 0.6810, Accuracy: 58.15 %
-------------------------------
Epoch [1/10] Loss: 0.6819, Accuracy: 57.84 %
-------------------------------
-------- Validation --------
Validation Loss: 0.6653, Validation Accuracy: 61.23 %
-------- Validation finished --------
Updated best model in epoch 1 saved with Validation Accuracy: 61.23 %
-------------------------------
Epoch [2/10], Step [100/522], Loss: 0.6785, Accuracy: 58.00 %
Epoch [2/10], Step [200/522], Loss: 0.6787, Accuracy: 58.00 %
Epoch [2/10], Step [300/522], Loss: 0.6819, Accuracy: 57.00 %
Epoch [2/10], Step [400/522], Loss: 0.6780, Accuracy: 58.06 %
Epoch [2/10], Step [500/522], Loss: 0.6775, Accuracy: 58.15 %
-------------------------------
Epoch [2/10] Loss: 0.6770, Accuracy: 58.18 %
-------------------------------
-------- Validation --------
Validation Loss: 0.6611, Validation Accuracy: 61.23 %
-------- Validation finished --------
Updated best model in epoch 2 saved with Validation Accuracy: 61.23 %
-------------------------------
Epoch [3/10], Step [100/522], Loss: 0.6687, Accuracy: 59.75 %
Epoch [3/10], Step [200/522], Loss: 0.6650, Accuracy: 60.62 %
Epoch [3/10], Step [300/522], Loss: 0.6760, Accuracy: 58.67 %
Epoch [3/10], Step [400/522], Loss: 0.6815, Accuracy: 58.12 %
Epoch [3/10], Step [500/522], Loss: 0.6846, Accuracy: 57.90 %
-------------------------------
Epoch [3/10] Loss: 0.6821, Accuracy: 58.18 %
-------------------------------
-------- Validation --------
Validation Loss: 0.6662, Validation Accuracy: 61.23 %
-------- Validation finished --------
Updated best model in epoch 3 saved with Validation Accuracy: 61.23 %
-------------------------------
Epoch [4/10], Step [100/522], Loss: 0.7015, Accuracy: 56.75 %
Epoch [4/10], Step [200/522], Loss: 0.6866, Accuracy: 59.00 %
Epoch [4/10], Step [300/522], Loss: 0.6937, Accuracy: 58.25 %
Epoch [4/10], Step [400/522], Loss: 0.6977, Accuracy: 57.75 %
Epoch [4/10], Step [500/522], Loss: 0.6978, Accuracy: 57.90 %
-------------------------------
Epoch [4/10] Loss: 0.6966, Accuracy: 58.18 %
-------------------------------
-------- Validation --------
Validation Loss: 0.6763, Validation Accuracy: 61.23 %
-------- Validation finished --------
Updated best model in epoch 4 saved with Validation Accuracy: 61.23 %
-------------------------------
Epoch [5/10], Step [100/522], Loss: 0.7050, Accuracy: 58.25 %
Epoch [5/10], Step [200/522], Loss: 0.7163, Accuracy: 56.75 %
Epoch [5/10], Step [300/522], Loss: 0.7110, Accuracy: 57.50 %
Epoch [5/10], Step [400/522], Loss: 0.7103, Accuracy: 57.69 %
Epoch [5/10], Step [500/522], Loss: 0.7067, Accuracy: 58.25 %
-------------------------------
Epoch [5/10] Loss: 0.7070, Accuracy: 58.18 %
-------------------------------
-------- Validation --------
Validation Loss: 0.6885, Validation Accuracy: 61.23 %
-------- Validation finished --------
Updated best model in epoch 5 saved with Validation Accuracy: 61.23 %
-------------------------------
Epoch [6/10], Step [100/522], Loss: 0.7366, Accuracy: 56.50 %
Epoch [6/10], Step [200/522], Loss: 0.7194, Accuracy: 58.12 %
Epoch [6/10], Step [300/522], Loss: 0.7226, Accuracy: 58.17 %
Epoch [6/10], Step [400/522], Loss: 0.7199, Accuracy: 58.62 %
Epoch [6/10], Step [500/522], Loss: 0.7252, Accuracy: 58.25 %
-------------------------------
Epoch [6/10] Loss: 0.7247, Accuracy: 58.18 %
-------------------------------
-------- Validation --------
Validation Loss: 0.7039, Validation Accuracy: 61.23 %
-------- Validation finished --------
Updated best model in epoch 6 saved with Validation Accuracy: 61.23 %
-------------------------------
Epoch [7/10], Step [100/522], Loss: 0.7398, Accuracy: 57.75 %
Epoch [7/10], Step [200/522], Loss: 0.7330, Accuracy: 58.50 %
Epoch [7/10], Step [300/522], Loss: 0.7452, Accuracy: 57.42 %
Epoch [7/10], Step [400/522], Loss: 0.7525, Accuracy: 56.88 %
Epoch [7/10], Step [500/522], Loss: 0.7428, Accuracy: 57.90 %
-------------------------------
Epoch [7/10] Loss: 0.7391, Accuracy: 58.18 %
-------------------------------
-------- Validation --------
Validation Loss: 0.7153, Validation Accuracy: 61.23 %
-------- Validation finished --------
Updated best model in epoch 7 saved with Validation Accuracy: 61.23 %
-------------------------------
Epoch [8/10], Step [100/522], Loss: 0.7578, Accuracy: 58.00 %
Epoch [8/10], Step [200/522], Loss: 0.7581, Accuracy: 57.75 %
Epoch [8/10], Step [300/522], Loss: 0.7612, Accuracy: 57.50 %
Epoch [8/10], Step [400/522], Loss: 0.7686, Accuracy: 56.94 %
Epoch [8/10], Step [500/522], Loss: 0.7522, Accuracy: 58.35 %
-------------------------------
Epoch [8/10] Loss: 0.7539, Accuracy: 58.18 %
-------------------------------
-------- Validation --------
Validation Loss: 0.7254, Validation Accuracy: 61.23 %
-------- Validation finished --------
Updated best model in epoch 8 saved with Validation Accuracy: 61.23 %
-------------------------------
Epoch [9/10], Step [100/522], Loss: 0.7244, Accuracy: 60.50 %
Epoch [9/10], Step [200/522], Loss: 0.7584, Accuracy: 58.25 %
Epoch [9/10], Step [300/522], Loss: 0.7668, Accuracy: 57.58 %
Epoch [9/10], Step [400/522], Loss: 0.7657, Accuracy: 57.88 %
Epoch [9/10], Step [500/522], Loss: 0.7628, Accuracy: 58.20 %
-------------------------------
Epoch [9/10] Loss: 0.7623, Accuracy: 58.18 %
-------------------------------
-------- Validation --------
Validation Loss: 0.7313, Validation Accuracy: 61.23 %
-------- Validation finished --------
Updated best model in epoch 9 saved with Validation Accuracy: 61.23 %
-------------------------------
Epoch [10/10], Step [100/522], Loss: 0.6957, Accuracy: 63.75 %
Epoch [10/10], Step [200/522], Loss: 0.7644, Accuracy: 58.50 %
Epoch [10/10], Step [300/522], Loss: 0.7800, Accuracy: 57.25 %
Epoch [10/10], Step [400/522], Loss: 0.7711, Accuracy: 58.00 %
Epoch [10/10], Step [500/522], Loss: 0.7664, Accuracy: 58.35 %
-------------------------------
Epoch [10/10] Loss: 0.7699, Accuracy: 58.18 %
-------------------------------
-------- Validation --------
Validation Loss: 0.7338, Validation Accuracy: 61.23 %
-------- Validation finished --------
Updated best model in epoch 10 saved with Validation Accuracy: 61.23 %
-------------------------------
Best model in epoch 10 saved with Validation Accuracy: 61.23 %
-------- Training finished in {minutes}:{seconds:02d} --------

Test flag enabled. Testing the model

-------- Loading best model from model_path --------
Loaded model bert-tiny from date 05-02-2024 11:08. Trained with Centralised Machine Learning technology.
Epoch 10, lr: 6e-05, optimizer: DPOptimizer
Train accuracy: 58.18 %, Validation accuracy: 61.23 %
