Current configuration:
{
    "concurrency_flag": false,
    "data_distribution": "iid",
    "dataset": "twitter_dep",
    "device": "cuda",
    "dp_delta": 0.003,
    "dp_epsilon": 0.5,
    "eval_batch_size": 4,
    "eval_flag": true,
    "eval_size": 0.2,
    "fed_alg": "fedavg",
    "layers": 4,
    "learning_rate": 6e-05,
    "max_length": 512,
    "ml_mode": "ml",
    "model": "bert_small",
    "model_name": "ml_bert_small_0.5_twitter_dep",
    "models_path": "/local/vpaloma/fabric-federated-learning/ablation_study/4-ml_mode-model-data_dist-dp/",
    "mu": 0.5,
    "num_clients": 5,
    "num_epochs": 10,
    "num_rounds": 4,
    "optimizer": "AdamW",
    "progress_bar_flag": false,
    "save_model": true,
    "scheduler": "linear",
    "scheduler_warmup_steps": 0,
    "seed": 0,
    "test_flag": true,
    "train_batch_size": 4,
    "train_size": 0.8
}
-------- Configuration loaded --------

-------- Setting device --------
cuda device selected and available.
-------- Device set --------

-------- Setting seed --------
-------- Seed set --------

-------- Creating Model --------
-------- Model created --------

-------- Setting Trainable Layers --------
Training the last 4 layers.

Total parameters count: 28764674
Trainable parameters count: 6568450
-------- Trainable Layers set --------

-------- Creating Tokenizer --------
-------- Tokenizer created --------

-------- Creating Train and Eval Dataloaders --------
Train Loader: 1982 total sentences. 496 batches of size 4.
Eval Loader: 496 total sentences. 124 batches of size 4.
-------- Train and Eval Dataloaders created --------

-------- Creating Optimizer --------
-------- Optimizer created --------

-------- Creating Scheduler --------
-------- Scheduler created --------

-------- Training --------
Training with Centralised Machine Learning technology.
Training with differential privacy.
Epoch [1/10], Step [100/496], Loss: 0.6749, Accuracy: 61.25 %
Epoch [1/10], Step [200/496], Loss: 0.6643, Accuracy: 64.62 %
Epoch [1/10], Step [300/496], Loss: 0.6601, Accuracy: 65.83 %
Epoch [1/10], Step [400/496], Loss: 0.6453, Accuracy: 67.94 %
-------------------------------
Epoch [1/10] Loss: 0.6405, Accuracy: 68.77 %
-------------------------------
-------- Validation --------
Validation Loss: 0.5806, Validation Accuracy: 75.40 %
-------- Validation finished --------
Updated best model in epoch 1 saved with Validation Accuracy: 75.40 %
-------------------------------
Epoch [2/10], Step [100/496], Loss: 0.5732, Accuracy: 75.00 %
Epoch [2/10], Step [200/496], Loss: 0.5961, Accuracy: 73.50 %
Epoch [2/10], Step [300/496], Loss: 0.5988, Accuracy: 73.67 %
Epoch [2/10], Step [400/496], Loss: 0.6297, Accuracy: 72.12 %
-------------------------------
Epoch [2/10] Loss: 0.6336, Accuracy: 72.15 %
-------------------------------
-------- Validation --------
Validation Loss: 0.6044, Validation Accuracy: 75.40 %
-------- Validation finished --------
Updated best model in epoch 2 saved with Validation Accuracy: 75.40 %
-------------------------------
Epoch [3/10], Step [100/496], Loss: 0.6773, Accuracy: 72.25 %
Epoch [3/10], Step [200/496], Loss: 0.7013, Accuracy: 70.88 %
Epoch [3/10], Step [300/496], Loss: 0.6744, Accuracy: 72.83 %
Epoch [3/10], Step [400/496], Loss: 0.7027, Accuracy: 71.94 %
-------------------------------
Epoch [3/10] Loss: 0.7039, Accuracy: 72.15 %
-------------------------------
-------- Validation --------
Validation Loss: 0.6823, Validation Accuracy: 75.40 %
-------- Validation finished --------
Updated best model in epoch 3 saved with Validation Accuracy: 75.40 %
-------------------------------
Epoch [4/10], Step [100/496], Loss: 0.7502, Accuracy: 73.00 %
Epoch [4/10], Step [200/496], Loss: 0.7621, Accuracy: 72.88 %
Epoch [4/10], Step [300/496], Loss: 0.7730, Accuracy: 72.92 %
Epoch [4/10], Step [400/496], Loss: 0.8079, Accuracy: 72.00 %
-------------------------------
Epoch [4/10] Loss: 0.8150, Accuracy: 72.15 %
-------------------------------
-------- Validation --------
Validation Loss: 0.7775, Validation Accuracy: 75.40 %
-------- Validation finished --------
Updated best model in epoch 4 saved with Validation Accuracy: 75.40 %
-------------------------------
Epoch [5/10], Step [100/496], Loss: 0.9020, Accuracy: 71.50 %
Epoch [5/10], Step [200/496], Loss: 0.9298, Accuracy: 70.75 %
Epoch [5/10], Step [300/496], Loss: 0.9571, Accuracy: 70.17 %
Epoch [5/10], Step [400/496], Loss: 0.9290, Accuracy: 71.31 %
-------------------------------
Epoch [5/10] Loss: 0.9132, Accuracy: 72.15 %
-------------------------------
-------- Validation --------
Validation Loss: 0.8680, Validation Accuracy: 75.40 %
-------- Validation finished --------
Updated best model in epoch 5 saved with Validation Accuracy: 75.40 %
-------------------------------
Epoch [6/10], Step [100/496], Loss: 0.9133, Accuracy: 73.75 %
Epoch [6/10], Step [200/496], Loss: 0.8922, Accuracy: 74.62 %
Epoch [6/10], Step [300/496], Loss: 0.9956, Accuracy: 72.17 %
Epoch [6/10], Step [400/496], Loss: 1.0008, Accuracy: 72.19 %
-------------------------------
Epoch [6/10] Loss: 1.0135, Accuracy: 72.15 %
-------------------------------
-------- Validation --------
Validation Loss: 0.9457, Validation Accuracy: 75.40 %
-------- Validation finished --------
Updated best model in epoch 6 saved with Validation Accuracy: 75.40 %
-------------------------------
Epoch [7/10], Step [100/496], Loss: 1.0039, Accuracy: 73.75 %
Epoch [7/10], Step [200/496], Loss: 1.0144, Accuracy: 73.62 %
Epoch [7/10], Step [300/496], Loss: 1.0667, Accuracy: 72.58 %
Epoch [7/10], Step [400/496], Loss: 1.0545, Accuracy: 73.06 %
-------------------------------
Epoch [7/10] Loss: 1.0980, Accuracy: 72.15 %
-------------------------------
-------- Validation --------
Validation Loss: 1.0074, Validation Accuracy: 75.40 %
-------- Validation finished --------
Updated best model in epoch 7 saved with Validation Accuracy: 75.40 %
-------------------------------
Epoch [8/10], Step [100/496], Loss: 1.1120, Accuracy: 72.50 %
Epoch [8/10], Step [200/496], Loss: 1.1262, Accuracy: 72.50 %
Epoch [8/10], Step [300/496], Loss: 1.1045, Accuracy: 73.17 %
Epoch [8/10], Step [400/496], Loss: 1.1197, Accuracy: 72.94 %
-------------------------------
Epoch [8/10] Loss: 1.1600, Accuracy: 72.15 %
-------------------------------
-------- Validation --------
Validation Loss: 1.0568, Validation Accuracy: 75.40 %
-------- Validation finished --------
Updated best model in epoch 8 saved with Validation Accuracy: 75.40 %
-------------------------------
Epoch [9/10], Step [100/496], Loss: 1.1246, Accuracy: 73.50 %
Epoch [9/10], Step [200/496], Loss: 1.1460, Accuracy: 73.12 %
Epoch [9/10], Step [300/496], Loss: 1.1802, Accuracy: 72.33 %
Epoch [9/10], Step [400/496], Loss: 1.1852, Accuracy: 72.38 %
-------------------------------
Epoch [9/10] Loss: 1.1996, Accuracy: 72.15 %
-------------------------------
-------- Validation --------
Validation Loss: 1.0865, Validation Accuracy: 75.40 %
-------- Validation finished --------
Updated best model in epoch 9 saved with Validation Accuracy: 75.40 %
-------------------------------
Epoch [10/10], Step [100/496], Loss: 1.2108, Accuracy: 72.25 %
Epoch [10/10], Step [200/496], Loss: 1.2476, Accuracy: 71.38 %
Epoch [10/10], Step [300/496], Loss: 1.2496, Accuracy: 71.42 %
Epoch [10/10], Step [400/496], Loss: 1.2755, Accuracy: 70.88 %
-------------------------------
Epoch [10/10] Loss: 1.2232, Accuracy: 72.15 %
-------------------------------
-------- Validation --------
Validation Loss: 1.0960, Validation Accuracy: 75.40 %
-------- Validation finished --------
Updated best model in epoch 10 saved with Validation Accuracy: 75.40 %
-------------------------------
Best model in epoch 10 saved with Validation Accuracy: 75.40 %

-------- Training finished in 4:36 --------

Test flag enabled. Testing the model

-------- Loading best model from model_path --------
Loaded model bert-small from date 05-02-2024 15:19. Trained with Centralised Machine Learning technology.
Epoch 10, lr: 6e-05, optimizer: DPOptimizer
Train accuracy: 72.15 %, Validation accuracy: 75.40 %
-------- Best model loaded --------

-------- Creating Test Dataloader --------
Test Loader: 618 total sentences. 78 batches of size 8.
-------- Test Dataloader created --------

-------- Testing --------
Nº of test samples: 618
Accuracy: 72.82%
Precision: 36.41%
Recall: 50.00%
F1 Score: 42.13%
-------- Testing finished --------
