Current configuration:
{
    "concurrency_flag": true,
    "data_distribution": "iid",
    "dataset": "dreaddit",
    "device": "cuda",
    "dp_delta": 0.003,
    "dp_epsilon": 0.5,
    "eval_batch_size": 4,
    "eval_flag": true,
    "eval_size": 0.2,
    "fed_alg": "fedavg",
    "layers": 3,
    "learning_rate": 0.006,
    "max_length": 512,
    "ml_mode": "bcfl",
    "model": "bert_small",
    "model_name": "bcfl_0.5_seed9_dreaddit",
    "models_path": "/local/vpaloma/fabric-federated-learning/ablation_study/phase-4/final/dp/dreaddit",
    "mu": 0.5,
    "num_clients": 5,
    "num_epochs": 3,
    "num_rounds": 4,
    "optimizer": "AdamW",
    "progress_bar_flag": false,
    "save_model": true,
    "scheduler": "linear",
    "scheduler_warmup_steps": 0,
    "seed": "random",
    "test_flag": true,
    "train_batch_size": 4,
    "train_size": 0.8
}
-------- Configuration loaded --------

-------- Setting device --------
cuda device selected and available.
-------- Device set --------

-------- Setting seed --------
seed set:  708319
-------- Seed set --------

-------- Creating Model --------
-------- Model created --------

-------- Setting Trainable Layers --------
Training the last 3 layers.

Total parameters count: 28764674
Trainable parameters count: 3416066
-------- Trainable Layers set --------

-------- Creating Tokenizer --------
-------- Tokenizer created --------

-------- Creating Train and Eval Dataloaders --------
Train Loader: 2270 total sentences. 568 batches of size 4.
Eval Loader: 568 total sentences. 142 batches of size 4.
-------- Train and Eval Dataloaders created --------

-------- Training --------
Training with Blockchain-Based Federated Learning technology.
Training with differential privacy.
Federated averaging algorithm selected.
Client 0: Label 0: 199, Label 1: 255
Client 1: Label 0: 200, Label 1: 254
Client 2: Label 0: 234, Label 1: 220
Client 3: Label 0: 233, Label 1: 221
Client 4: Label 0: 213, Label 1: 241

Round 1 of 4
-------------------------------
max_grad_norm:  1.5
max_grad_norm:  1.5
max_grad_norm:  1.5
max_grad_norm:  1.5
max_grad_norm:  1.5
Predictions - 1s: 437, 0s: 17
True Labels - 1s: 255, 0s: 199
Predictions - 1s: 249, 0s: 205
True Labels - 1s: 221, 0s: 233
Predictions - 1s: 186, 0s: 268
True Labels - 1s: 220, 0s: 234
Predictions - 1s: 292, 0s: 162
True Labels - 1s: 241, 0s: 213
Predictions - 1s: 436, 0s: 18
True Labels - 1s: 254, 0s: 200
Client 1 of 5: Local Epoch [1/3] Loss: 1.0966, Accuracy: 56.83 %, Epsilon: 0.50, Delta: 0.0030
Client 2 of 5: Local Epoch [1/3] Loss: 1.1967, Accuracy: 55.51 %, Epsilon: 0.50, Delta: 0.0030
Client 3 of 5: Local Epoch [1/3] Loss: 0.7884, Accuracy: 54.63 %, Epsilon: 0.50, Delta: 0.0030
Client 4 of 5: Local Epoch [1/3] Loss: 0.9259, Accuracy: 50.22 %, Epsilon: 0.50, Delta: 0.0030
Client 5 of 5: Local Epoch [1/3] Loss: 0.8408, Accuracy: 50.00 %, Epsilon: 0.50, Delta: 0.0030
Predictions - 1s: 450, 0s: 4
True Labels - 1s: 255, 0s: 199
Predictions - 1s: 14, 0s: 440
True Labels - 1s: 221, 0s: 233
Predictions - 1s: 385, 0s: 69
True Labels - 1s: 241, 0s: 213
Predictions - 1s: 442, 0s: 12
True Labels - 1s: 254, 0s: 200
Predictions - 1s: 147, 0s: 307
True Labels - 1s: 220, 0s: 234
Client 1 of 5: Local Epoch [2/3] Loss: 1.2686, Accuracy: 55.29 %, Epsilon: 0.71, Delta: 0.0030
Client 4 of 5: Local Epoch [2/3] Loss: 1.4093, Accuracy: 50.88 %, Epsilon: 0.71, Delta: 0.0030
Client 2 of 5: Local Epoch [2/3] Loss: 1.3185, Accuracy: 56.83 %, Epsilon: 0.71, Delta: 0.0030
Client 5 of 5: Local Epoch [2/3] Loss: 0.9438, Accuracy: 49.78 %, Epsilon: 0.71, Delta: 0.0030
Client 3 of 5: Local Epoch [2/3] Loss: 0.8276, Accuracy: 55.73 %, Epsilon: 0.71, Delta: 0.0030
Predictions - 1s: 433, 0s: 21
True Labels - 1s: 241, 0s: 213
Predictions - 1s: 453, 0s: 1
True Labels - 1s: 254, 0s: 200
Predictions - 1s: 10, 0s: 444
True Labels - 1s: 221, 0s: 233
Predictions - 1s: 87, 0s: 367
True Labels - 1s: 220, 0s: 234
Predictions - 1s: 449, 0s: 5
True Labels - 1s: 255, 0s: 199
Client 3 of 5: Local Epoch [3/3] Loss: 0.9212, Accuracy: 54.41 %, Epsilon: 0.88, Delta: 0.0030
Client 1 of 5: Local Epoch [3/3] Loss: 1.4891, Accuracy: 55.95 %, Epsilon: 0.88, Delta: 0.0030
Client 5 of 5: Local Epoch [3/3] Loss: 1.1670, Accuracy: 55.07 %, Epsilon: 0.88, Delta: 0.0030
Client 4 of 5: Local Epoch [3/3] Loss: 1.2874, Accuracy: 52.20 %, Epsilon: 0.88, Delta: 0.0030
Client 2 of 5: Local Epoch [3/3] Loss: 1.5176, Accuracy: 56.17 %, Epsilon: 0.88, Delta: 0.0030
-------------------------------
Round [1/4] Average Local Loss: 1.2764, Average Local Accuracy: 54.76 %
-------------------------------
-------- Validation --------
Predictions - 1s: 568, 0s: 0
True Labels - 1s: 297, 0s: 271
Round [1/4] Global Model Validation Loss: 0.8790, Validation Accuracy: 52.29 %
-------- Validation finished --------
Updated best model in round 1 saved with Validation Loss: 0.8790 and Validation Accuracy: 52.29 %
-------------------------------

Round 2 of 4
-------------------------------
max_grad_norm:  1.5
max_grad_norm:  1.5
max_grad_norm:  1.5
max_grad_norm:  1.5
max_grad_norm:  1.5
Predictions - 1s: 183, 0s: 271
True Labels - 1s: 220, 0s: 234
Client 3 of 5: Local Epoch [1/3] Loss: 0.8719, Accuracy: 54.41 %, Epsilon: 0.50, Delta: 0.0030
Predictions - 1s: 81, 0s: 373
True Labels - 1s: 220, 0s: 234
Predictions - 1s: 435, 0s: 19
True Labels - 1s: 241, 0s: 213
Client 3 of 5: Local Epoch [2/3] Loss: 1.0492, Accuracy: 52.20 %, Epsilon: 0.71, Delta: 0.0030
Predictions - 1s: 453, 0s: 1
True Labels - 1s: 254, 0s: 200
Predictions - 1s: 449, 0s: 5
True Labels - 1s: 255, 0s: 199
Client 5 of 5: Local Epoch [1/3] Loss: 1.1921, Accuracy: 53.74 %, Epsilon: 0.50, Delta: 0.0030
Predictions - 1s: 323, 0s: 131
True Labels - 1s: 221, 0s: 233
Client 1 of 5: Local Epoch [1/3] Loss: 1.3989, Accuracy: 57.27 %, Epsilon: 0.50, Delta: 0.0030
Client 2 of 5: Local Epoch [1/3] Loss: 1.4068, Accuracy: 56.17 %, Epsilon: 0.50, Delta: 0.0030
Client 4 of 5: Local Epoch [1/3] Loss: 0.8274, Accuracy: 51.54 %, Epsilon: 0.50, Delta: 0.0030
Predictions - 1s: 79, 0s: 375
True Labels - 1s: 220, 0s: 234
Client 3 of 5: Local Epoch [3/3] Loss: 0.9896, Accuracy: 53.08 %, Epsilon: 0.88, Delta: 0.0030
Predictions - 1s: 400, 0s: 54
True Labels - 1s: 241, 0s: 213
Predictions - 1s: 444, 0s: 10
True Labels - 1s: 254, 0s: 200
Client 2 of 5: Local Epoch [2/3] Loss: 1.3670, Accuracy: 55.51 %, Epsilon: 0.71, Delta: 0.0030
Client 5 of 5: Local Epoch [2/3] Loss: 1.1397, Accuracy: 53.52 %, Epsilon: 0.71, Delta: 0.0030
Predictions - 1s: 278, 0s: 176
True Labels - 1s: 221, 0s: 233
Predictions - 1s: 417, 0s: 37
True Labels - 1s: 255, 0s: 199
Client 1 of 5: Local Epoch [2/3] Loss: 1.1575, Accuracy: 55.95 %, Epsilon: 0.71, Delta: 0.0030
Client 4 of 5: Local Epoch [2/3] Loss: 0.8657, Accuracy: 51.32 %, Epsilon: 0.71, Delta: 0.0030
Predictions - 1s: 442, 0s: 12
True Labels - 1s: 254, 0s: 200
Predictions - 1s: 418, 0s: 36
True Labels - 1s: 241, 0s: 213
Client 5 of 5: Local Epoch [3/3] Loss: 1.1563, Accuracy: 54.85 %, Epsilon: 0.88, Delta: 0.0030
Client 2 of 5: Local Epoch [3/3] Loss: 1.4312, Accuracy: 56.39 %, Epsilon: 0.88, Delta: 0.0030
Predictions - 1s: 346, 0s: 108
Predictions - 1s: 432, 0s: 22
True Labels - 1s: 221, 0s: 233
True Labels - 1s: 255, 0s: 199
Client 1 of 5: Local Epoch [3/3] Loss: 1.2741, Accuracy: 56.61 %, Epsilon: 0.88, Delta: 0.0030
Client 4 of 5: Local Epoch [3/3] Loss: 0.9931, Accuracy: 50.88 %, Epsilon: 0.88, Delta: 0.0030
-------------------------------
Round [2/4] Average Local Loss: 1.1689, Average Local Accuracy: 54.36 %
-------------------------------
-------- Validation --------
Predictions - 1s: 568, 0s: 0
True Labels - 1s: 297, 0s: 271
Round [2/4] Global Model Validation Loss: 1.0698, Validation Accuracy: 52.29 %
-------- Validation finished --------

Round 3 of 4
-------------------------------
max_grad_norm:  1.5
max_grad_norm:  1.5
max_grad_norm:  1.5
max_grad_norm:  1.5
max_grad_norm:  1.5
Predictions - 1s: 452, 0s: 2
True Labels - 1s: 254, 0s: 200
Client 2 of 5: Local Epoch [1/3] Loss: 1.3948, Accuracy: 56.39 %, Epsilon: 0.50, Delta: 0.0030
Predictions - 1s: 272, 0s: 182
True Labels - 1s: 220, 0s: 234
Client 3 of 5: Local Epoch [1/3] Loss: 0.9437, Accuracy: 49.34 %, Epsilon: 0.50, Delta: 0.0030
Predictions - 1s: 416, 0s: 38
True Labels - 1s: 221, 0s: 233
Client 4 of 5: Local Epoch [1/3] Loss: 1.0685, Accuracy: 49.56 %, Epsilon: 0.50, Delta: 0.0030
Predictions - 1s: 449, 0s: 5
True Labels - 1s: 254, 0s: 200
Client 2 of 5: Local Epoch [2/3] Loss: 1.4776, Accuracy: 56.17 %, Epsilon: 0.71, Delta: 0.0030
Predictions - 1s: 223, 0s: 231
True Labels - 1s: 220, 0s: 234
Client 3 of 5: Local Epoch [2/3] Loss: 0.8519, Accuracy: 54.85 %, Epsilon: 0.71, Delta: 0.0030
Predictions - 1s: 453, 0s: 1
True Labels - 1s: 241, 0s: 213
Predictions - 1s: 406, 0s: 48
True Labels - 1s: 255, 0s: 199
Client 5 of 5: Local Epoch [1/3] Loss: 1.4393, Accuracy: 53.30 %, Epsilon: 0.50, Delta: 0.0030
Client 1 of 5: Local Epoch [1/3] Loss: 1.1253, Accuracy: 54.85 %, Epsilon: 0.50, Delta: 0.0030
Predictions - 1s: 395, 0s: 59
True Labels - 1s: 221, 0s: 233
Client 4 of 5: Local Epoch [2/3] Loss: 1.2217, Accuracy: 52.42 %, Epsilon: 0.71, Delta: 0.0030
Predictions - 1s: 447, 0s: 7
True Labels - 1s: 254, 0s: 200
Client 2 of 5: Local Epoch [3/3] Loss: 1.4768, Accuracy: 56.61 %, Epsilon: 0.88, Delta: 0.0030
Predictions - 1s: 225, 0s: 229
True Labels - 1s: 220, 0s: 234
Client 3 of 5: Local Epoch [3/3] Loss: 0.7994, Accuracy: 57.05 %, Epsilon: 0.88, Delta: 0.0030
Predictions - 1s: 369, 0s: 85
True Labels - 1s: 221, 0s: 233
Client 4 of 5: Local Epoch [3/3] Loss: 1.0965, Accuracy: 52.42 %, Epsilon: 0.88, Delta: 0.0030
Predictions - 1s: 385, 0s: 69
True Labels - 1s: 241, 0s: 213
Client 5 of 5: Local Epoch [2/3] Loss: 1.0081, Accuracy: 55.07 %, Epsilon: 0.71, Delta: 0.0030
Predictions - 1s: 452, 0s: 2
True Labels - 1s: 255, 0s: 199
Client 1 of 5: Local Epoch [2/3] Loss: 1.8225, Accuracy: 56.17 %, Epsilon: 0.71, Delta: 0.0030
Predictions - 1s: 369, 0s: 85
True Labels - 1s: 241, 0s: 213
Client 5 of 5: Local Epoch [3/3] Loss: 1.0518, Accuracy: 54.19 %, Epsilon: 0.88, Delta: 0.0030
Predictions - 1s: 448, 0s: 6
True Labels - 1s: 255, 0s: 199
Client 1 of 5: Local Epoch [3/3] Loss: 1.5385, Accuracy: 56.17 %, Epsilon: 0.88, Delta: 0.0030
-------------------------------
Round [3/4] Average Local Loss: 1.1926, Average Local Accuracy: 55.29 %
-------------------------------
-------- Validation --------
Predictions - 1s: 567, 0s: 1
True Labels - 1s: 297, 0s: 271
Round [3/4] Global Model Validation Loss: 1.2022, Validation Accuracy: 52.46 %
-------- Validation finished --------

Round 4 of 4
-------------------------------
max_grad_norm:  1.5
max_grad_norm:  1.5
max_grad_norm:  1.5
max_grad_norm:  1.5
max_grad_norm:  1.5
Predictions - 1s: 373, 0s: 81
True Labels - 1s: 254, 0s: 200
Predictions - 1s: 439, 0s: 15
True Labels - 1s: 255, 0s: 199
Predictions - 1s: 87, 0s: 367
True Labels - 1s: 221, 0s: 233
Predictions - 1s: 220, 0s: 234
True Labels - 1s: 220, 0s: 234
Predictions - 1s: 442, 0s: 12
True Labels - 1s: 241, 0s: 213
Client 2 of 5: Local Epoch [1/3] Loss: 1.1662, Accuracy: 53.52 %, Epsilon: 0.50, Delta: 0.0030
Client 1 of 5: Local Epoch [1/3] Loss: 1.1896, Accuracy: 55.95 %, Epsilon: 0.50, Delta: 0.0030
Client 3 of 5: Local Epoch [1/3] Loss: 0.9950, Accuracy: 46.26 %, Epsilon: 0.50, Delta: 0.0030
Client 4 of 5: Local Epoch [1/3] Loss: 1.1513, Accuracy: 51.10 %, Epsilon: 0.50, Delta: 0.0030
Client 5 of 5: Local Epoch [1/3] Loss: 1.2127, Accuracy: 53.08 %, Epsilon: 0.50, Delta: 0.0030
Predictions - 1s: 441, 0s: 13
True Labels - 1s: 254, 0s: 200
Predictions - 1s: 445, 0s: 9
True Labels - 1s: 255, 0s: 199
Client 1 of 5: Local Epoch [2/3] Loss: 1.5542, Accuracy: 56.39 %, Epsilon: 0.71, Delta: 0.0030
Client 2 of 5: Local Epoch [2/3] Loss: 1.5759, Accuracy: 55.29 %, Epsilon: 0.71, Delta: 0.0030
Predictions - 1s: 104, 0s: 350
True Labels - 1s: 221, 0s: 233
Client 4 of 5: Local Epoch [2/3] Loss: 0.9917, Accuracy: 54.41 %, Epsilon: 0.71, Delta: 0.0030
Predictions - 1s: 385, 0s: 69
True Labels - 1s: 241, 0s: 213
Predictions - 1s: 136, 0s: 318
True Labels - 1s: 220, 0s: 234
Client 3 of 5: Local Epoch [2/3] Loss: 0.9516, Accuracy: 54.63 %, Epsilon: 0.71, Delta: 0.0030
Client 5 of 5: Local Epoch [2/3] Loss: 1.1507, Accuracy: 51.54 %, Epsilon: 0.71, Delta: 0.0030
Predictions - 1s: 444, 0s: 10
True Labels - 1s: 255, 0s: 199
Predictions - 1s: 430, 0s: 24
True Labels - 1s: 254, 0s: 200
Client 1 of 5: Local Epoch [3/3] Loss: 1.6075, Accuracy: 57.05 %, Epsilon: 0.88, Delta: 0.0030
Client 2 of 5: Local Epoch [3/3] Loss: 1.2864, Accuracy: 56.39 %, Epsilon: 0.88, Delta: 0.0030
Predictions - 1s: 82, 0s: 372
True Labels - 1s: 221, 0s: 233
Client 4 of 5: Local Epoch [3/3] Loss: 1.2430, Accuracy: 52.20 %, Epsilon: 0.88, Delta: 0.0030
Predictions - 1s: 103, 0s: 351
True Labels - 1s: 220, 0s: 234
Client 3 of 5: Local Epoch [3/3] Loss: 0.9821, Accuracy: 56.61 %, Epsilon: 0.88, Delta: 0.0030
Predictions - 1s: 400, 0s: 54
True Labels - 1s: 241, 0s: 213
Client 5 of 5: Local Epoch [3/3] Loss: 1.0792, Accuracy: 54.41 %, Epsilon: 0.88, Delta: 0.0030
-------------------------------
Round [4/4] Average Local Loss: 1.2396, Average Local Accuracy: 55.33 %
-------------------------------
-------- Validation --------
Predictions - 1s: 554, 0s: 14
True Labels - 1s: 297, 0s: 271
Round [4/4] Global Model Validation Loss: 0.9341, Validation Accuracy: 54.40 %
-------- Validation finished --------
Best model in round 1 saved with Validation Loss: 0.8790 and Validation Accuracy: 52.29 %

-------- Training finished in 9:02 --------

Test flag enabled. Testing the model

-------- Loading best model from model_path --------
Loaded model bert-small from date 21-04-2024 02:52. Trained with Federated Learning technology.
Round 1, lr: 0.006, optimizer: AdamW
Average train accuracy: 54.76 %, Validation accuracy: 52.29 %
-------- Best model loaded --------

-------- Creating Test Dataloader --------
Test Loader: 715 total sentences. 90 batches of size 8.
-------- Test Dataloader created --------

-------- Testing --------
Predictions - 1s: 715, 0s: 0
True Labels - 1s: 369, 0s: 346
Nº of test samples: 715
Accuracy: 51.61%
Accuracy 2 : 51.61%
Precision: 25.80%
Recall: 50.00%
F1 Score: 34.04%
Classification report:
              precision    recall  f1-score   support

           0     0.0000    0.0000    0.0000       346
           1     0.5161    1.0000    0.6808       369

    accuracy                         0.5161       715
   macro avg     0.2580    0.5000    0.3404       715
weighted avg     0.2663    0.5161    0.3514       715

-------- Testing finished --------
