Current configuration:
{
    "concurrency_flag": true,
    "data_distribution": "iid",
    "dataset": "dreaddit",
    "device": "cuda",
    "dp_delta": 0.003,
    "dp_epsilon": 0,
    "eval_batch_size": 4,
    "eval_flag": true,
    "eval_size": 0.2,
    "fed_alg": "fedavg",
    "layers": 3,
    "learning_rate": 6e-05,
    "max_length": 512,
    "ml_mode": "bcfl",
    "model": "bert_small",
    "model_name": "bcfl_0_seed2_dreaddit",
    "models_path": "/local/vpaloma/fabric-federated-learning/ablation_study/phase-4/final/dp/dreaddit",
    "mu": 0.5,
    "num_clients": 5,
    "num_epochs": 3,
    "num_rounds": 4,
    "optimizer": "AdamW",
    "progress_bar_flag": false,
    "save_model": true,
    "scheduler": "linear",
    "scheduler_warmup_steps": 0,
    "seed": "random",
    "test_flag": true,
    "train_batch_size": 4,
    "train_size": 0.8
}
-------- Configuration loaded --------

-------- Setting device --------
cuda device selected and available.
-------- Device set --------

-------- Setting seed --------
seed set:  796429
-------- Seed set --------

-------- Creating Model --------
-------- Model created --------

-------- Setting Trainable Layers --------
Training the last 3 layers.

Total parameters count: 28764674
Trainable parameters count: 3416066
-------- Trainable Layers set --------

-------- Creating Tokenizer --------
-------- Tokenizer created --------

-------- Creating Train and Eval Dataloaders --------
Train Loader: 2270 total sentences. 568 batches of size 4.
Eval Loader: 568 total sentences. 142 batches of size 4.
-------- Train and Eval Dataloaders created --------

-------- Training --------
Training with Blockchain-Based Federated Learning technology.
Training without differential privacy.
Federated averaging algorithm selected.
Client 0: Label 0: 220, Label 1: 234
Client 1: Label 0: 212, Label 1: 242
Client 2: Label 0: 214, Label 1: 240
Client 3: Label 0: 219, Label 1: 235
Client 4: Label 0: 213, Label 1: 241

Round 1 of 4
-------------------------------
Predictions - 1s: 278, 0s: 176
True Labels - 1s: 242, 0s: 212
Client 2 of 5: Local Epoch [1/3] Loss: 0.6290, Accuracy: 63.88 %
Predictions - 1s: 291, 0s: 163
True Labels - 1s: 240, 0s: 214
Client 3 of 5: Local Epoch [1/3] Loss: 0.6215, Accuracy: 65.42 %
Predictions - 1s: 270, 0s: 184
True Labels - 1s: 235, 0s: 219
Client 4 of 5: Local Epoch [1/3] Loss: 0.5903, Accuracy: 67.62 %
Predictions - 1s: 292, 0s: 162
True Labels - 1s: 241, 0s: 213
Client 5 of 5: Local Epoch [1/3] Loss: 0.6279, Accuracy: 63.66 %
Predictions - 1s: 246, 0s: 208
True Labels - 1s: 234, 0s: 220
Client 1 of 5: Local Epoch [1/3] Loss: 0.5942, Accuracy: 66.96 %
Predictions - 1s: 268, 0s: 186
True Labels - 1s: 242, 0s: 212
Client 2 of 5: Local Epoch [2/3] Loss: 0.5266, Accuracy: 72.25 %
Predictions - 1s: 259, 0s: 195
True Labels - 1s: 242, 0s: 212
Client 2 of 5: Local Epoch [3/3] Loss: 0.4710, Accuracy: 78.19 %
Predictions - 1s: 254, 0s: 200
Predictions - 1s: 247, 0s: 207
True Labels - 1s: 241, 0s: 213
True Labels - 1s: 235, 0s: 219
Client 5 of 5: Local Epoch [2/3] Loss: 0.4898, Accuracy: 78.63 %
Client 4 of 5: Local Epoch [2/3] Loss: 0.4520, Accuracy: 80.18 %
Predictions - 1s: 240, 0s: 214
Predictions - 1s: 252, 0s: 202
True Labels - 1s: 234, 0s: 220
True Labels - 1s: 240, 0s: 214
Client 1 of 5: Local Epoch [2/3] Loss: 0.4719, Accuracy: 78.41 %
Client 3 of 5: Local Epoch [2/3] Loss: 0.4879, Accuracy: 76.65 %
Predictions - 1s: 248, 0s: 206
True Labels - 1s: 240, 0s: 214
Client 3 of 5: Local Epoch [3/3] Loss: 0.4367, Accuracy: 79.30 %
Predictions - 1s: 257, 0s: 197
True Labels - 1s: 241, 0s: 213
Client 5 of 5: Local Epoch [3/3] Loss: 0.4389, Accuracy: 81.50 %
Predictions - 1s: 235, 0s: 219
True Labels - 1s: 234, 0s: 220
Client 1 of 5: Local Epoch [3/3] Loss: 0.4102, Accuracy: 80.40 %
Predictions - 1s: 228, 0s: 226
True Labels - 1s: 235, 0s: 219
Client 4 of 5: Local Epoch [3/3] Loss: 0.3795, Accuracy: 83.48 %
-------------------------------
Round [1/4] Average Local Loss: 0.4273, Average Local Accuracy: 80.57 %
-------------------------------
-------- Validation --------
Predictions - 1s: 349, 0s: 219
True Labels - 1s: 296, 0s: 272
Round [1/4] Global Model Validation Loss: 0.5107, Validation Accuracy: 74.12 %
-------- Validation finished --------
Updated best model in round 1 saved with Validation Loss: 0.5107 and Validation Accuracy: 74.12 %
-------------------------------

Round 2 of 4
-------------------------------
Predictions - 1s: 249, 0s: 205
True Labels - 1s: 241, 0s: 213
Client 5 of 5: Local Epoch [1/3] Loss: 0.5120, Accuracy: 73.57 %
Predictions - 1s: 246, 0s: 208
True Labels - 1s: 240, 0s: 214
Client 3 of 5: Local Epoch [1/3] Loss: 0.4911, Accuracy: 75.33 %
Predictions - 1s: 243, 0s: 211
True Labels - 1s: 234, 0s: 220
Client 1 of 5: Local Epoch [1/3] Loss: 0.4782, Accuracy: 77.75 %
Predictions - 1s: 250, 0s: 204
True Labels - 1s: 235, 0s: 219
Client 4 of 5: Local Epoch [1/3] Loss: 0.4361, Accuracy: 79.07 %
Predictions - 1s: 258, 0s: 196
True Labels - 1s: 242, 0s: 212
Client 2 of 5: Local Epoch [1/3] Loss: 0.5327, Accuracy: 72.69 %
Predictions - 1s: 223, 0s: 231
True Labels - 1s: 235, 0s: 219
Client 4 of 5: Local Epoch [2/3] Loss: 0.3513, Accuracy: 85.02 %
Predictions - 1s: 257, 0s: 197
True Labels - 1s: 242, 0s: 212
Client 2 of 5: Local Epoch [2/3] Loss: 0.4543, Accuracy: 79.52 %
Predictions - 1s: 239, 0s: 215
True Labels - 1s: 234, 0s: 220
Client 1 of 5: Local Epoch [2/3] Loss: 0.4068, Accuracy: 82.60 %
Predictions - 1s: 250, 0s: 204
True Labels - 1s: 240, 0s: 214
Client 3 of 5: Local Epoch [2/3] Loss: 0.4187, Accuracy: 80.62 %
Predictions - 1s: 267, 0s: 187
True Labels - 1s: 241, 0s: 213
Client 5 of 5: Local Epoch [2/3] Loss: 0.4365, Accuracy: 81.94 %
Predictions - 1s: 243, 0s: 211
True Labels - 1s: 235, 0s: 219
Client 4 of 5: Local Epoch [3/3] Loss: 0.3031, Accuracy: 86.34 %
Predictions - 1s: 237, 0s: 217
True Labels - 1s: 241, 0s: 213
Client 5 of 5: Local Epoch [3/3] Loss: 0.3827, Accuracy: 82.82 %
Predictions - 1s: 238, 0s: 216
Predictions - 1s: 251, 0s: 203
True Labels - 1s: 234, 0s: 220
Client 1 of 5: Local Epoch [3/3] Loss: 0.3543, Accuracy: 83.26 %
True Labels - 1s: 240, 0s: 214
Client 3 of 5: Local Epoch [3/3] Loss: 0.3639, Accuracy: 84.80 %
Predictions - 1s: 260, 0s: 194
True Labels - 1s: 242, 0s: 212
Client 2 of 5: Local Epoch [3/3] Loss: 0.3948, Accuracy: 82.82 %
-------------------------------
Round [2/4] Average Local Loss: 0.3598, Average Local Accuracy: 84.01 %
-------------------------------
-------- Validation --------
Predictions - 1s: 331, 0s: 237
True Labels - 1s: 296, 0s: 272
Round [2/4] Global Model Validation Loss: 0.4943, Validation Accuracy: 76.58 %
-------- Validation finished --------
Updated best model in round 2 saved with Validation Loss: 0.4943 and Validation Accuracy: 76.58 %
-------------------------------

Round 3 of 4
-------------------------------
Predictions - 1s: 235, 0s: 219
True Labels - 1s: 234, 0s: 220
Client 1 of 5: Local Epoch [1/3] Loss: 0.4477, Accuracy: 78.19 %
Predictions - 1s: 245, 0s: 209
Predictions - 1s: 256, 0s: 198
Predictions - 1s: 252, 0s: 202
True Labels - 1s: 235, 0s: 219
True Labels - 1s: 241, 0s: 213
Client 5 of 5: Local Epoch [1/3] Loss: 0.4775, Accuracy: 78.19 %
Predictions - 1s: 258, 0s: 196
Client 4 of 5: Local Epoch [1/3] Loss: 0.4019, Accuracy: 81.94 %
True Labels - 1s: 242, 0s: 212
Client 2 of 5: Local Epoch [1/3] Loss: 0.4875, Accuracy: 76.21 %
True Labels - 1s: 240, 0s: 214
Client 3 of 5: Local Epoch [1/3] Loss: 0.4593, Accuracy: 76.65 %
Predictions - 1s: 242, 0s: 212
True Labels - 1s: 234, 0s: 220
Client 1 of 5: Local Epoch [2/3] Loss: 0.3703, Accuracy: 84.14 %
Predictions - 1s: 248, 0s: 206
True Labels - 1s: 242, 0s: 212
Client 2 of 5: Local Epoch [2/3] Loss: 0.4233, Accuracy: 79.30 %
Predictions - 1s: 273, 0s: 181
True Labels - 1s: 241, 0s: 213
Client 5 of 5: Local Epoch [2/3] Loss: 0.3792, Accuracy: 82.82 %
Predictions - 1s: 241, 0s: 213
True Labels - 1s: 235, 0s: 219
Client 4 of 5: Local Epoch [2/3] Loss: 0.3125, Accuracy: 86.78 %
Predictions - 1s: 242, 0s: 212
True Labels - 1s: 240, 0s: 214
Client 3 of 5: Local Epoch [2/3] Loss: 0.3737, Accuracy: 83.26 %
Predictions - 1s: 231, 0s: 223
True Labels - 1s: 234, 0s: 220
Client 1 of 5: Local Epoch [3/3] Loss: 0.3375, Accuracy: 85.68 %
Predictions - 1s: 263, 0s: 191
True Labels - 1s: 242, 0s: 212
Client 2 of 5: Local Epoch [3/3] Loss: 0.3816, Accuracy: 83.48 %
Predictions - 1s: 253, 0s: 201
True Labels - 1s: 241, 0s: 213
Client 5 of 5: Local Epoch [3/3] Loss: 0.3514, Accuracy: 84.14 %
Predictions - 1s: 250, 0s: 204
True Labels - 1s: 240, 0s: 214
Client 3 of 5: Local Epoch [3/3] Loss: 0.3183, Accuracy: 85.90 %
Predictions - 1s: 245, 0s: 209
True Labels - 1s: 235, 0s: 219
Client 4 of 5: Local Epoch [3/3] Loss: 0.2738, Accuracy: 88.55 %
-------------------------------
Round [3/4] Average Local Loss: 0.3325, Average Local Accuracy: 85.55 %
-------------------------------
-------- Validation --------
Predictions - 1s: 333, 0s: 235
True Labels - 1s: 296, 0s: 272
Round [3/4] Global Model Validation Loss: 0.4937, Validation Accuracy: 76.23 %
-------- Validation finished --------
Updated best model in round 3 saved with Validation Loss: 0.4937 and Validation Accuracy: 76.23 %
-------------------------------

Round 4 of 4
-------------------------------
Predictions - 1s: 246, 0s: 208
True Labels - 1s: 235, 0s: 219
Client 4 of 5: Local Epoch [1/3] Loss: 0.3718, Accuracy: 83.92 %
Predictions - 1s: 263, 0s: 191
True Labels - 1s: 242, 0s: 212
Client 2 of 5: Local Epoch [1/3] Loss: 0.4847, Accuracy: 75.55 %
Predictions - 1s: 251, 0s: 203
True Labels - 1s: 240, 0s: 214
Client 3 of 5: Local Epoch [1/3] Loss: 0.4343, Accuracy: 78.19 %
Predictions - 1s: 251, 0s: 203
True Labels - 1s: 241, 0s: 213
Client 5 of 5: Local Epoch [1/3] Loss: 0.4472, Accuracy: 80.62 %
Predictions - 1s: 244, 0s: 210
True Labels - 1s: 234, 0s: 220
Client 1 of 5: Local Epoch [1/3] Loss: 0.4148, Accuracy: 81.06 %
Predictions - 1s: 244, 0s: 210
True Labels - 1s: 240, 0s: 214
Client 3 of 5: Local Epoch [2/3] Loss: 0.3285, Accuracy: 85.46 %
Predictions - 1s: 261, 0s: 193
True Labels - 1s: 242, 0s: 212
Client 2 of 5: Local Epoch [2/3] Loss: 0.3772, Accuracy: 83.92 %
Predictions - 1s: 238, 0s: 216
Predictions - 1s: 238, 0s: 216
True Labels - 1s: 234, 0s: 220
Client 1 of 5: Local Epoch [2/3] Loss: 0.3403, Accuracy: 85.02 %
True Labels - 1s: 235, 0s: 219
Client 4 of 5: Local Epoch [2/3] Loss: 0.2766, Accuracy: 88.33 %
Predictions - 1s: 245, 0s: 209
True Labels - 1s: 241, 0s: 213
Client 5 of 5: Local Epoch [2/3] Loss: 0.3790, Accuracy: 83.26 %
Predictions - 1s: 239, 0s: 215
True Labels - 1s: 240, 0s: 214
Client 3 of 5: Local Epoch [3/3] Loss: 0.2911, Accuracy: 88.33 %
Predictions - 1s: 247, 0s: 207
True Labels - 1s: 242, 0s: 212
Client 2 of 5: Local Epoch [3/3] Loss: 0.3504, Accuracy: 85.24 %
Predictions - 1s: 231, 0s: 223
True Labels - 1s: 235, 0s: 219
Client 4 of 5: Local Epoch [3/3] Loss: 0.2367, Accuracy: 91.19 %
Predictions - 1s: 237, 0s: 217
True Labels - 1s: 234, 0s: 220
Client 1 of 5: Local Epoch [3/3] Loss: 0.3013, Accuracy: 87.89 %
Predictions - 1s: 257, 0s: 197
True Labels - 1s: 241, 0s: 213
Client 5 of 5: Local Epoch [3/3] Loss: 0.3205, Accuracy: 86.78 %
-------------------------------
Round [4/4] Average Local Loss: 0.3000, Average Local Accuracy: 87.89 %
-------------------------------
-------- Validation --------
Predictions - 1s: 334, 0s: 234
True Labels - 1s: 296, 0s: 272
Round [4/4] Global Model Validation Loss: 0.4936, Validation Accuracy: 77.11 %
-------- Validation finished --------
Updated best model in round 4 saved with Validation Loss: 0.4936 and Validation Accuracy: 77.11 %
-------------------------------
Best model in round 4 saved with Validation Loss: 0.4936 and Validation Accuracy: 77.11 %

-------- Training finished in 6:26 --------

Test flag enabled. Testing the model

-------- Loading best model from model_path --------
Loaded model bert-small from date 21-04-2024 06:21. Trained with Federated Learning technology.
Round 4, lr: 6e-05, optimizer: AdamW
Average train accuracy: 87.89 %, Validation accuracy: 77.11 %
-------- Best model loaded --------

-------- Creating Test Dataloader --------
Test Loader: 715 total sentences. 90 batches of size 8.
-------- Test Dataloader created --------

-------- Testing --------
Predictions - 1s: 413, 0s: 302
True Labels - 1s: 369, 0s: 346
Nº of test samples: 715
Accuracy: 75.10%
Accuracy 2 : 75.10%
Precision: 75.47%
Recall: 74.88%
F1 Score: 74.88%
Classification report:
              precision    recall  f1-score   support

           0     0.7781    0.6792    0.7253       346
           1     0.7312    0.8184    0.7724       369

    accuracy                         0.7510       715
   macro avg     0.7547    0.7488    0.7488       715
weighted avg     0.7539    0.7510    0.7496       715

-------- Testing finished --------
