Current configuration:
{
    "concurrency_flag": true,
    "data_distribution": "iid",
    "dataset": "dreaddit",
    "device": "cuda",
    "dp_delta": 0.003,
    "dp_epsilon": 0,
    "eval_batch_size": 4,
    "eval_flag": true,
    "eval_size": 0.2,
    "fed_alg": "fedavg",
    "layers": 3,
    "learning_rate": 6e-05,
    "max_length": 512,
    "ml_mode": "bcfl",
    "model": "bert_small",
    "model_name": "bcfl_0_seed7_dreaddit",
    "models_path": "/local/vpaloma/fabric-federated-learning/ablation_study/phase-4/final/dp/dreaddit",
    "mu": 0.5,
    "num_clients": 5,
    "num_epochs": 3,
    "num_rounds": 4,
    "optimizer": "AdamW",
    "progress_bar_flag": false,
    "save_model": true,
    "scheduler": "linear",
    "scheduler_warmup_steps": 0,
    "seed": "random",
    "test_flag": true,
    "train_batch_size": 4,
    "train_size": 0.8
}
-------- Configuration loaded --------

-------- Setting device --------
cuda device selected and available.
-------- Device set --------

-------- Setting seed --------
seed set:  577990
-------- Seed set --------

-------- Creating Model --------
-------- Model created --------

-------- Setting Trainable Layers --------
Training the last 3 layers.

Total parameters count: 28764674
Trainable parameters count: 3416066
-------- Trainable Layers set --------

-------- Creating Tokenizer --------
-------- Tokenizer created --------

-------- Creating Train and Eval Dataloaders --------
Train Loader: 2270 total sentences. 568 batches of size 4.
Eval Loader: 568 total sentences. 142 batches of size 4.
-------- Train and Eval Dataloaders created --------

-------- Training --------
Training with Blockchain-Based Federated Learning technology.
Training without differential privacy.
Federated averaging algorithm selected.
Client 0: Label 0: 210, Label 1: 244
Client 1: Label 0: 226, Label 1: 228
Client 2: Label 0: 217, Label 1: 237
Client 3: Label 0: 211, Label 1: 243
Client 4: Label 0: 213, Label 1: 241

Round 1 of 4
-------------------------------
Predictions - 1s: 275, 0s: 179
True Labels - 1s: 237, 0s: 217
Client 3 of 5: Local Epoch [1/3] Loss: 0.6159, Accuracy: 64.76 %
Predictions - 1s: 285, 0s: 169
True Labels - 1s: 241, 0s: 213
Client 5 of 5: Local Epoch [1/3] Loss: 0.6183, Accuracy: 63.88 %
Predictions - 1s: 267, 0s: 187
True Labels - 1s: 244, 0s: 210
Client 1 of 5: Local Epoch [1/3] Loss: 0.5921, Accuracy: 66.30 %
Predictions - 1s: 271, 0s: 183
True Labels - 1s: 243, 0s: 211
Client 4 of 5: Local Epoch [1/3] Loss: 0.6185, Accuracy: 69.16 %
Predictions - 1s: 245, 0s: 209
True Labels - 1s: 228, 0s: 226
Client 2 of 5: Local Epoch [1/3] Loss: 0.6291, Accuracy: 64.98 %
Predictions - 1s: 247, 0s: 207
True Labels - 1s: 237, 0s: 217
Client 3 of 5: Local Epoch [2/3] Loss: 0.4763, Accuracy: 77.97 %
Predictions - 1s: 239, 0s: 215
True Labels - 1s: 237, 0s: 217
Client 3 of 5: Local Epoch [3/3] Loss: 0.4294, Accuracy: 79.74 %
Predictions - 1s: 243, 0s: 211
True Labels - 1s: 228, 0s: 226
Client 2 of 5: Local Epoch [2/3] Loss: 0.5109, Accuracy: 73.79 %
Predictions - 1s: 256, 0s: 198
True Labels - 1s: 241, 0s: 213
Client 5 of 5: Local Epoch [2/3] Loss: 0.4735, Accuracy: 79.52 %
Predictions - 1s: 290, 0s: 164
True Labels - 1s: 243, 0s: 211
Client 4 of 5: Local Epoch [2/3] Loss: 0.5104, Accuracy: 75.55 %
Predictions - 1s: 246, 0s: 208
True Labels - 1s: 244, 0s: 210
Client 1 of 5: Local Epoch [2/3] Loss: 0.4477, Accuracy: 79.74 %
Predictions - 1s: 241, 0s: 213
True Labels - 1s: 241, 0s: 213
Client 5 of 5: Local Epoch [3/3] Loss: 0.4215, Accuracy: 79.30 %
Predictions - 1s: 220, 0s: 234
True Labels - 1s: 228, 0s: 226
Predictions - 1s: 251, 0s: 203
Client 2 of 5: Local Epoch [3/3] Loss: 0.4487, Accuracy: 80.18 %
True Labels - 1s: 244, 0s: 210
Predictions - 1s: 268, 0s: 186
Client 1 of 5: Local Epoch [3/3] Loss: 0.3915, Accuracy: 83.04 %
True Labels - 1s: 243, 0s: 211
Client 4 of 5: Local Epoch [3/3] Loss: 0.4341, Accuracy: 82.60 %
-------------------------------
Round [1/4] Average Local Loss: 0.4250, Average Local Accuracy: 80.97 %
-------------------------------
-------- Validation --------
Predictions - 1s: 332, 0s: 236
True Labels - 1s: 295, 0s: 273
Round [1/4] Global Model Validation Loss: 0.4943, Validation Accuracy: 77.99 %
-------- Validation finished --------
Updated best model in round 1 saved with Validation Loss: 0.4943 and Validation Accuracy: 77.99 %
-------------------------------

Round 2 of 4
-------------------------------
Predictions - 1s: 251, 0s: 203
True Labels - 1s: 244, 0s: 210
Client 1 of 5: Local Epoch [1/3] Loss: 0.4485, Accuracy: 79.96 %
Predictions - 1s: 233, 0s: 221
True Labels - 1s: 228, 0s: 226
Client 2 of 5: Local Epoch [1/3] Loss: 0.5359, Accuracy: 69.82 %
Predictions - 1s: 264, 0s: 190
True Labels - 1s: 243, 0s: 211
Client 4 of 5: Local Epoch [1/3] Loss: 0.5122, Accuracy: 75.55 %
Predictions - 1s: 241, 0s: 213
True Labels - 1s: 237, 0s: 217
Client 3 of 5: Local Epoch [1/3] Loss: 0.5017, Accuracy: 74.89 %
Predictions - 1s: 255, 0s: 199
True Labels - 1s: 241, 0s: 213
Client 5 of 5: Local Epoch [1/3] Loss: 0.4764, Accuracy: 76.21 %
Predictions - 1s: 259, 0s: 195
True Labels - 1s: 244, 0s: 210
Client 1 of 5: Local Epoch [2/3] Loss: 0.3756, Accuracy: 83.48 %
Predictions - 1s: 247, 0s: 207
True Labels - 1s: 241, 0s: 213
Client 5 of 5: Local Epoch [2/3] Loss: 0.3925, Accuracy: 82.38 %
Predictions - 1s: 234, 0s: 220
True Labels - 1s: 237, 0s: 217
Client 3 of 5: Local Epoch [2/3] Loss: 0.4185, Accuracy: 79.52 %
Predictions - 1s: 230, 0s: 224
True Labels - 1s: 228, 0s: 226
Client 2 of 5: Local Epoch [2/3] Loss: 0.4354, Accuracy: 80.18 %
Predictions - 1s: 265, 0s: 189
True Labels - 1s: 243, 0s: 211
Client 4 of 5: Local Epoch [2/3] Loss: 0.4305, Accuracy: 81.94 %
Predictions - 1s: 252, 0s: 202
True Labels - 1s: 244, 0s: 210
Client 1 of 5: Local Epoch [3/3] Loss: 0.3318, Accuracy: 86.34 %
Predictions - 1s: 243, 0s: 211
True Labels - 1s: 237, 0s: 217
Client 3 of 5: Local Epoch [3/3] Loss: 0.3648, Accuracy: 82.38 %
Predictions - 1s: 268, 0s: 186
True Labels - 1s: 243, 0s: 211
Client 4 of 5: Local Epoch [3/3] Loss: 0.3887, Accuracy: 82.60 %
Predictions - 1s: 229, 0s: 225
True Labels - 1s: 228, 0s: 226
Client 2 of 5: Local Epoch [3/3] Loss: 0.4101, Accuracy: 79.96 %
Predictions - 1s: 242, 0s: 212
True Labels - 1s: 241, 0s: 213
Client 5 of 5: Local Epoch [3/3] Loss: 0.3612, Accuracy: 83.92 %
-------------------------------
Round [2/4] Average Local Loss: 0.3713, Average Local Accuracy: 83.04 %
-------------------------------
-------- Validation --------
Predictions - 1s: 352, 0s: 216
True Labels - 1s: 295, 0s: 273
Round [2/4] Global Model Validation Loss: 0.4962, Validation Accuracy: 77.99 %
-------- Validation finished --------

Round 3 of 4
-------------------------------
Predictions - 1s: 257, 0s: 197
True Labels - 1s: 241, 0s: 213
Client 5 of 5: Local Epoch [1/3] Loss: 0.4437, Accuracy: 77.97 %
Predictions - 1s: 258, 0s: 196
True Labels - 1s: 243, 0s: 211
Client 4 of 5: Local Epoch [1/3] Loss: 0.4631, Accuracy: 77.75 %
Predictions - 1s: 242, 0s: 212
True Labels - 1s: 244, 0s: 210
Client 1 of 5: Local Epoch [1/3] Loss: 0.4117, Accuracy: 80.18 %
Predictions - 1s: 237, 0s: 217
True Labels - 1s: 228, 0s: 226
Client 2 of 5: Local Epoch [1/3] Loss: 0.4669, Accuracy: 75.99 %
Predictions - 1s: 241, 0s: 213
True Labels - 1s: 237, 0s: 217
Client 3 of 5: Local Epoch [1/3] Loss: 0.4651, Accuracy: 75.77 %
Predictions - 1s: 244, 0s: 210
True Labels - 1s: 241, 0s: 213
Client 5 of 5: Local Epoch [2/3] Loss: 0.3537, Accuracy: 83.48 %
Predictions - 1s: 234, 0s: 220
True Labels - 1s: 237, 0s: 217
Client 3 of 5: Local Epoch [2/3] Loss: 0.3867, Accuracy: 81.28 %
Predictions - 1s: 254, 0s: 200
Predictions - 1s: 256, 0s: 198
True Labels - 1s: 244, 0s: 210
Client 1 of 5: Local Epoch [2/3] Loss: 0.3529, Accuracy: 85.46 %
True Labels - 1s: 243, 0s: 211
Predictions - 1s: 233, 0s: 221
Client 4 of 5: Local Epoch [2/3] Loss: 0.3887, Accuracy: 83.04 %
True Labels - 1s: 228, 0s: 226
Client 2 of 5: Local Epoch [2/3] Loss: 0.4061, Accuracy: 79.52 %
Predictions - 1s: 250, 0s: 204
True Labels - 1s: 241, 0s: 213
Client 5 of 5: Local Epoch [3/3] Loss: 0.3116, Accuracy: 86.56 %
Predictions - 1s: 228, 0s: 226
True Labels - 1s: 228, 0s: 226
Client 2 of 5: Local Epoch [3/3] Loss: 0.3466, Accuracy: 85.02 %
Predictions - 1s: 241, 0s: 213
True Labels - 1s: 237, 0s: 217
Client 3 of 5: Local Epoch [3/3] Loss: 0.3374, Accuracy: 85.90 %
Predictions - 1s: 242, 0s: 212
True Labels - 1s: 244, 0s: 210
Client 1 of 5: Local Epoch [3/3] Loss: 0.3052, Accuracy: 88.11 %
Predictions - 1s: 271, 0s: 183
True Labels - 1s: 243, 0s: 211
Client 4 of 5: Local Epoch [3/3] Loss: 0.3557, Accuracy: 83.70 %
-------------------------------
Round [3/4] Average Local Loss: 0.3313, Average Local Accuracy: 85.86 %
-------------------------------
-------- Validation --------
Predictions - 1s: 345, 0s: 223
True Labels - 1s: 295, 0s: 273
Round [3/4] Global Model Validation Loss: 0.5005, Validation Accuracy: 78.52 %
-------- Validation finished --------

Round 4 of 4
-------------------------------
Predictions - 1s: 228, 0s: 226
True Labels - 1s: 228, 0s: 226
Client 2 of 5: Local Epoch [1/3] Loss: 0.4546, Accuracy: 77.97 %
Predictions - 1s: 237, 0s: 217
True Labels - 1s: 237, 0s: 217
Client 3 of 5: Local Epoch [1/3] Loss: 0.4448, Accuracy: 78.41 %
Predictions - 1s: 252, 0s: 202
True Labels - 1s: 244, 0s: 210
Client 1 of 5: Local Epoch [1/3] Loss: 0.3866, Accuracy: 83.70 %
Predictions - 1s: 252, 0s: 202
True Labels - 1s: 243, 0s: 211
Client 4 of 5: Local Epoch [1/3] Loss: 0.4448, Accuracy: 80.84 %
Predictions - 1s: 247, 0s: 207
True Labels - 1s: 241, 0s: 213
Client 5 of 5: Local Epoch [1/3] Loss: 0.4064, Accuracy: 81.94 %
Predictions - 1s: 232, 0s: 222
True Labels - 1s: 228, 0s: 226
Client 2 of 5: Local Epoch [2/3] Loss: 0.3570, Accuracy: 83.70 %
Predictions - 1s: 231, 0s: 223
True Labels - 1s: 237, 0s: 217
Client 3 of 5: Local Epoch [2/3] Loss: 0.3552, Accuracy: 84.14 %
Predictions - 1s: 244, 0s: 210
True Labels - 1s: 244, 0s: 210
Client 1 of 5: Local Epoch [2/3] Loss: 0.3105, Accuracy: 87.22 %
Predictions - 1s: 261, 0s: 193
True Labels - 1s: 243, 0s: 211
Client 4 of 5: Local Epoch [2/3] Loss: 0.3518, Accuracy: 86.34 %
Predictions - 1s: 249, 0s: 205
True Labels - 1s: 241, 0s: 213
Client 5 of 5: Local Epoch [2/3] Loss: 0.3438, Accuracy: 84.58 %
Predictions - 1s: 227, 0s: 227
True Labels - 1s: 228, 0s: 226
Client 2 of 5: Local Epoch [3/3] Loss: 0.3259, Accuracy: 85.68 %
Predictions - 1s: 242, 0s: 212
True Labels - 1s: 237, 0s: 217
Client 3 of 5: Local Epoch [3/3] Loss: 0.3149, Accuracy: 85.68 %
Predictions - 1s: 253, 0s: 201
True Labels - 1s: 244, 0s: 210
Client 1 of 5: Local Epoch [3/3] Loss: 0.2764, Accuracy: 89.65 %
Predictions - 1s: 260, 0s: 194
True Labels - 1s: 243, 0s: 211
Client 4 of 5: Local Epoch [3/3] Loss: 0.3225, Accuracy: 87.44 %
Predictions - 1s: 251, 0s: 203
True Labels - 1s: 241, 0s: 213
Client 5 of 5: Local Epoch [3/3] Loss: 0.2842, Accuracy: 88.11 %
-------------------------------
Round [4/4] Average Local Loss: 0.3048, Average Local Accuracy: 87.31 %
-------------------------------
-------- Validation --------
Predictions - 1s: 351, 0s: 217
True Labels - 1s: 295, 0s: 273
Round [4/4] Global Model Validation Loss: 0.5162, Validation Accuracy: 78.17 %
-------- Validation finished --------
Best model in round 1 saved with Validation Loss: 0.4943 and Validation Accuracy: 77.99 %

-------- Training finished in 6:20 --------

Test flag enabled. Testing the model

-------- Loading best model from model_path --------
Loaded model bert-small from date 21-04-2024 02:30. Trained with Federated Learning technology.
Round 1, lr: 6e-05, optimizer: AdamW
Average train accuracy: 80.97 %, Validation accuracy: 77.99 %
-------- Best model loaded --------

-------- Creating Test Dataloader --------
Test Loader: 715 total sentences. 90 batches of size 8.
-------- Test Dataloader created --------

-------- Testing --------
Predictions - 1s: 419, 0s: 296
True Labels - 1s: 369, 0s: 346
Nº of test samples: 715
Accuracy: 72.03%
Accuracy 2 : 72.03%
Precision: 72.41%
Recall: 71.77%
F1 Score: 71.73%
Classification report:
              precision    recall  f1-score   support

           0     0.7466    0.6387    0.6885       346
           1     0.7017    0.7967    0.7462       369

    accuracy                         0.7203       715
   macro avg     0.7241    0.7177    0.7173       715
weighted avg     0.7234    0.7203    0.7183       715

-------- Testing finished --------
