Current configuration:
{
    "concurrency_flag": true,
    "data_distribution": "iid",
    "dataset": "dreaddit",
    "device": "cuda",
    "dp_delta": 0.003,
    "dp_epsilon": 10,
    "eval_batch_size": 4,
    "eval_flag": true,
    "eval_size": 0.2,
    "fed_alg": "fedavg",
    "layers": 3,
    "learning_rate": 0.006,
    "max_length": 512,
    "ml_mode": "bcfl",
    "model": "bert_small",
    "model_name": "bcfl_10_seed4_dreaddit",
    "models_path": "/local/vpaloma/fabric-federated-learning/ablation_study/phase-4/final/dp/dreaddit",
    "mu": 0.5,
    "num_clients": 5,
    "num_epochs": 3,
    "num_rounds": 4,
    "optimizer": "AdamW",
    "progress_bar_flag": false,
    "save_model": true,
    "scheduler": "linear",
    "scheduler_warmup_steps": 0,
    "seed": "random",
    "test_flag": true,
    "train_batch_size": 4,
    "train_size": 0.8
}
-------- Configuration loaded --------

-------- Setting device --------
cuda device selected and available.
-------- Device set --------

-------- Setting seed --------
seed set:  173615
-------- Seed set --------

-------- Creating Model --------
-------- Model created --------

-------- Setting Trainable Layers --------
Training the last 3 layers.

Total parameters count: 28764674
Trainable parameters count: 3416066
-------- Trainable Layers set --------

-------- Creating Tokenizer --------
-------- Tokenizer created --------

-------- Creating Train and Eval Dataloaders --------
Train Loader: 2270 total sentences. 568 batches of size 4.
Eval Loader: 568 total sentences. 142 batches of size 4.
-------- Train and Eval Dataloaders created --------

-------- Training --------
Training with Blockchain-Based Federated Learning technology.
Training with differential privacy.
Federated averaging algorithm selected.
Client 0: Label 0: 215, Label 1: 239
Client 1: Label 0: 231, Label 1: 223
Client 2: Label 0: 211, Label 1: 243
Client 3: Label 0: 200, Label 1: 254
Client 4: Label 0: 213, Label 1: 241

Round 1 of 4
-------------------------------
max_grad_norm:  1.5
max_grad_norm:  1.5
max_grad_norm:  1.5
max_grad_norm:  1.5
max_grad_norm:  1.5
Predictions - 1s: 345, 0s: 109
True Labels - 1s: 241, 0s: 213
Client 5 of 5: Local Epoch [1/3] Loss: 1.0586, Accuracy: 52.86 %, Epsilon: 10.00, Delta: 0.0030
Predictions - 1s: 195, 0s: 259
True Labels - 1s: 223, 0s: 231
Predictions - 1s: 451, 0s: 3
True Labels - 1s: 254, 0s: 200
Client 4 of 5: Local Epoch [1/3] Loss: 1.2263, Accuracy: 56.61 %, Epsilon: 10.00, Delta: 0.0030
Client 2 of 5: Local Epoch [1/3] Loss: 0.9425, Accuracy: 50.66 %, Epsilon: 10.00, Delta: 0.0030
Predictions - 1s: 355, 0s: 99
True Labels - 1s: 243, 0s: 211
Client 3 of 5: Local Epoch [1/3] Loss: 1.0617, Accuracy: 51.54 %, Epsilon: 10.00, Delta: 0.0030
Predictions - 1s: 378, 0s: 76
True Labels - 1s: 241, 0s: 213
Client 5 of 5: Local Epoch [2/3] Loss: 0.9555, Accuracy: 56.17 %, Epsilon: 13.44, Delta: 0.0030
Predictions - 1s: 407, 0s: 47
True Labels - 1s: 239, 0s: 215
Client 1 of 5: Local Epoch [1/3] Loss: 1.1287, Accuracy: 53.30 %, Epsilon: 10.00, Delta: 0.0030
Predictions - 1s: 70, 0s: 384
True Labels - 1s: 223, 0s: 231
Predictions - 1s: 449, 0s: 5
True Labels - 1s: 254, 0s: 200
Client 2 of 5: Local Epoch [2/3] Loss: 0.9900, Accuracy: 57.05 %, Epsilon: 13.44, Delta: 0.0030
Client 4 of 5: Local Epoch [2/3] Loss: 1.3175, Accuracy: 56.61 %, Epsilon: 13.44, Delta: 0.0030
Predictions - 1s: 382, 0s: 72
True Labels - 1s: 241, 0s: 213
Client 5 of 5: Local Epoch [3/3] Loss: 0.9791, Accuracy: 59.69 %, Epsilon: 16.26, Delta: 0.0030
Predictions - 1s: 446, 0s: 8
True Labels - 1s: 243, 0s: 211
Client 3 of 5: Local Epoch [2/3] Loss: 1.4174, Accuracy: 53.96 %, Epsilon: 13.44, Delta: 0.0030
Predictions - 1s: 280, 0s: 174
True Labels - 1s: 239, 0s: 215
Client 1 of 5: Local Epoch [2/3] Loss: 0.7449, Accuracy: 63.22 %, Epsilon: 13.44, Delta: 0.0030
Predictions - 1s: 441, 0s: 13
True Labels - 1s: 254, 0s: 200
Predictions - 1s: 61, 0s: 393
True Labels - 1s: 223, 0s: 231
Client 4 of 5: Local Epoch [3/3] Loss: 1.2483, Accuracy: 57.05 %, Epsilon: 16.26, Delta: 0.0030
Client 2 of 5: Local Epoch [3/3] Loss: 1.0513, Accuracy: 55.51 %, Epsilon: 16.26, Delta: 0.0030
Predictions - 1s: 386, 0s: 68
True Labels - 1s: 243, 0s: 211
Client 3 of 5: Local Epoch [3/3] Loss: 0.8524, Accuracy: 59.69 %, Epsilon: 16.26, Delta: 0.0030
Predictions - 1s: 401, 0s: 53
True Labels - 1s: 239, 0s: 215
Client 1 of 5: Local Epoch [3/3] Loss: 1.0483, Accuracy: 61.23 %, Epsilon: 16.26, Delta: 0.0030
-------------------------------
Round [1/4] Average Local Loss: 1.0359, Average Local Accuracy: 58.63 %
-------------------------------
-------- Validation --------
Predictions - 1s: 556, 0s: 12
True Labels - 1s: 288, 0s: 280
Round [1/4] Global Model Validation Loss: 1.0358, Validation Accuracy: 52.11 %
-------- Validation finished --------
Updated best model in round 1 saved with Validation Loss: 1.0358 and Validation Accuracy: 52.11 %
-------------------------------

Round 2 of 4
-------------------------------
max_grad_norm:  1.5
max_grad_norm:  1.5
max_grad_norm:  1.5
max_grad_norm:  1.5
max_grad_norm:  1.5
Predictions - 1s: 365, 0s: 89
True Labels - 1s: 243, 0s: 211
Client 3 of 5: Local Epoch [1/3] Loss: 1.2097, Accuracy: 54.63 %, Epsilon: 10.00, Delta: 0.0030
Predictions - 1s: 391, 0s: 63
True Labels - 1s: 254, 0s: 200
Client 4 of 5: Local Epoch [1/3] Loss: 1.2346, Accuracy: 55.73 %, Epsilon: 10.00, Delta: 0.0030
Predictions - 1s: 387, 0s: 67
True Labels - 1s: 239, 0s: 215
Client 1 of 5: Local Epoch [1/3] Loss: 1.0868, Accuracy: 56.83 %, Epsilon: 10.00, Delta: 0.0030
Predictions - 1s: 346, 0s: 108
True Labels - 1s: 243, 0s: 211
Client 3 of 5: Local Epoch [2/3] Loss: 1.0993, Accuracy: 59.25 %, Epsilon: 13.44, Delta: 0.0030
Predictions - 1s: 425, 0s: 29
True Labels - 1s: 254, 0s: 200
Client 4 of 5: Local Epoch [2/3] Loss: 1.2066, Accuracy: 56.61 %, Epsilon: 13.44, Delta: 0.0030
Predictions - 1s: 242, 0s: 212
True Labels - 1s: 239, 0s: 215
Client 1 of 5: Local Epoch [2/3] Loss: 0.7915, Accuracy: 62.33 %, Epsilon: 13.44, Delta: 0.0030
Predictions - 1s: 277, 0s: 177
True Labels - 1s: 223, 0s: 231
Client 2 of 5: Local Epoch [1/3] Loss: 0.9034, Accuracy: 54.63 %, Epsilon: 10.00, Delta: 0.0030
Predictions - 1s: 436, 0s: 18
True Labels - 1s: 243, 0s: 211
Client 3 of 5: Local Epoch [3/3] Loss: 1.3080, Accuracy: 56.17 %, Epsilon: 16.26, Delta: 0.0030
Predictions - 1s: 444, 0s: 10
True Labels - 1s: 254, 0s: 200
Client 4 of 5: Local Epoch [3/3] Loss: 1.3725, Accuracy: 57.71 %, Epsilon: 16.26, Delta: 0.0030
Predictions - 1s: 432, 0s: 22
True Labels - 1s: 241, 0s: 213
Client 5 of 5: Local Epoch [1/3] Loss: 1.0207, Accuracy: 55.29 %, Epsilon: 10.00, Delta: 0.0030
Predictions - 1s: 310, 0s: 144
True Labels - 1s: 239, 0s: 215
Client 1 of 5: Local Epoch [3/3] Loss: 0.8154, Accuracy: 65.42 %, Epsilon: 16.26, Delta: 0.0030
Predictions - 1s: 300, 0s: 154
True Labels - 1s: 223, 0s: 231
Client 2 of 5: Local Epoch [2/3] Loss: 0.9161, Accuracy: 56.17 %, Epsilon: 13.44, Delta: 0.0030
Predictions - 1s: 421, 0s: 33
True Labels - 1s: 241, 0s: 213
Client 5 of 5: Local Epoch [2/3] Loss: 1.2033, Accuracy: 58.15 %, Epsilon: 13.44, Delta: 0.0030
Predictions - 1s: 272, 0s: 182
True Labels - 1s: 223, 0s: 231
Client 2 of 5: Local Epoch [3/3] Loss: 0.7814, Accuracy: 58.81 %, Epsilon: 16.26, Delta: 0.0030
Predictions - 1s: 389, 0s: 65
True Labels - 1s: 241, 0s: 213
Client 5 of 5: Local Epoch [3/3] Loss: 1.0335, Accuracy: 59.91 %, Epsilon: 16.26, Delta: 0.0030
-------------------------------
Round [2/4] Average Local Loss: 1.0622, Average Local Accuracy: 59.60 %
-------------------------------
-------- Validation --------
Predictions - 1s: 567, 0s: 1
True Labels - 1s: 288, 0s: 280
Round [2/4] Global Model Validation Loss: 1.4777, Validation Accuracy: 50.88 %
-------- Validation finished --------

Round 3 of 4
-------------------------------
max_grad_norm:  1.5
max_grad_norm:  1.5
max_grad_norm:  1.5
max_grad_norm:  1.5
max_grad_norm:  1.5
Predictions - 1s: 433, 0s: 21
True Labels - 1s: 243, 0s: 211
Predictions - 1s: 424, 0s: 30
True Labels - 1s: 254, 0s: 200
Predictions - 1s: 297, 0s: 157
True Labels - 1s: 223, 0s: 231
Client 4 of 5: Local Epoch [1/3] Loss: 1.1960, Accuracy: 55.51 %, Epsilon: 10.00, Delta: 0.0030
Client 3 of 5: Local Epoch [1/3] Loss: 1.1436, Accuracy: 55.07 %, Epsilon: 10.00, Delta: 0.0030
Client 2 of 5: Local Epoch [1/3] Loss: 1.0273, Accuracy: 54.63 %, Epsilon: 10.00, Delta: 0.0030
Predictions - 1s: 412, 0s: 42
True Labels - 1s: 241, 0s: 213
Predictions - 1s: 381, 0s: 73
True Labels - 1s: 239, 0s: 215
Client 1 of 5: Local Epoch [1/3] Loss: 1.0584, Accuracy: 56.39 %, Epsilon: 10.00, Delta: 0.0030
Client 5 of 5: Local Epoch [1/3] Loss: 1.1104, Accuracy: 55.73 %, Epsilon: 10.00, Delta: 0.0030
Predictions - 1s: 405, 0s: 49
True Labels - 1s: 243, 0s: 211
Predictions - 1s: 434, 0s: 20
True Labels - 1s: 254, 0s: 200
Predictions - 1s: 190, 0s: 264
True Labels - 1s: 223, 0s: 231
Client 4 of 5: Local Epoch [2/3] Loss: 1.3333, Accuracy: 57.27 %, Epsilon: 13.44, Delta: 0.0030
Client 3 of 5: Local Epoch [2/3] Loss: 1.0609, Accuracy: 56.39 %, Epsilon: 13.44, Delta: 0.0030
Client 2 of 5: Local Epoch [2/3] Loss: 0.8653, Accuracy: 59.69 %, Epsilon: 13.44, Delta: 0.0030
Predictions - 1s: 354, 0s: 100
True Labels - 1s: 241, 0s: 213
Predictions - 1s: 391, 0s: 63
True Labels - 1s: 243, 0s: 211
Client 5 of 5: Local Epoch [2/3] Loss: 1.1798, Accuracy: 55.73 %, Epsilon: 13.44, Delta: 0.0030
Predictions - 1s: 438, 0s: 16
True Labels - 1s: 254, 0s: 200
Client 3 of 5: Local Epoch [3/3] Loss: 0.9873, Accuracy: 58.59 %, Epsilon: 16.26, Delta: 0.0030
Predictions - 1s: 222, 0s: 232
True Labels - 1s: 223, 0s: 231
Client 4 of 5: Local Epoch [3/3] Loss: 1.2307, Accuracy: 56.83 %, Epsilon: 16.26, Delta: 0.0030
Client 2 of 5: Local Epoch [3/3] Loss: 0.8493, Accuracy: 60.57 %, Epsilon: 16.26, Delta: 0.0030
Predictions - 1s: 348, 0s: 106
True Labels - 1s: 239, 0s: 215
Client 1 of 5: Local Epoch [2/3] Loss: 1.0175, Accuracy: 59.69 %, Epsilon: 13.44, Delta: 0.0030
Predictions - 1s: 322, 0s: 132
True Labels - 1s: 241, 0s: 213
Client 5 of 5: Local Epoch [3/3] Loss: 0.8590, Accuracy: 65.86 %, Epsilon: 16.26, Delta: 0.0030
Predictions - 1s: 402, 0s: 52
True Labels - 1s: 239, 0s: 215
Client 1 of 5: Local Epoch [3/3] Loss: 1.0653, Accuracy: 57.05 %, Epsilon: 16.26, Delta: 0.0030
-------------------------------
Round [3/4] Average Local Loss: 0.9983, Average Local Accuracy: 59.78 %
-------------------------------
-------- Validation --------
Predictions - 1s: 566, 0s: 2
True Labels - 1s: 288, 0s: 280
Round [3/4] Global Model Validation Loss: 1.6450, Validation Accuracy: 51.06 %
-------- Validation finished --------

Round 4 of 4
-------------------------------
max_grad_norm:  1.5
max_grad_norm:  1.5
max_grad_norm:  1.5
max_grad_norm:  1.5
max_grad_norm:  1.5
Predictions - 1s: 349, 0s: 105
True Labels - 1s: 241, 0s: 213
Client 5 of 5: Local Epoch [1/3] Loss: 1.0385, Accuracy: 60.79 %, Epsilon: 10.00, Delta: 0.0030
Predictions - 1s: 411, 0s: 43
True Labels - 1s: 254, 0s: 200
Client 4 of 5: Local Epoch [1/3] Loss: 1.2391, Accuracy: 58.81 %, Epsilon: 10.00, Delta: 0.0030
Predictions - 1s: 280, 0s: 174
True Labels - 1s: 241, 0s: 213
Client 5 of 5: Local Epoch [2/3] Loss: 1.0169, Accuracy: 59.69 %, Epsilon: 13.44, Delta: 0.0030
Predictions - 1s: 328, 0s: 126
True Labels - 1s: 243, 0s: 211
Predictions - 1s: 378, 0s: 76
True Labels - 1s: 239, 0s: 215
Predictions - 1s: 208, 0s: 246
True Labels - 1s: 223, 0s: 231
Client 1 of 5: Local Epoch [1/3] Loss: 1.0163, Accuracy: 59.25 %, Epsilon: 10.00, Delta: 0.0030
Client 3 of 5: Local Epoch [1/3] Loss: 1.0194, Accuracy: 53.08 %, Epsilon: 10.00, Delta: 0.0030
Client 2 of 5: Local Epoch [1/3] Loss: 0.9715, Accuracy: 55.73 %, Epsilon: 10.00, Delta: 0.0030
Predictions - 1s: 387, 0s: 67
True Labels - 1s: 254, 0s: 200
Client 4 of 5: Local Epoch [2/3] Loss: 1.2998, Accuracy: 59.69 %, Epsilon: 13.44, Delta: 0.0030
Predictions - 1s: 343, 0s: 111
True Labels - 1s: 241, 0s: 213
Client 5 of 5: Local Epoch [3/3] Loss: 1.0987, Accuracy: 56.83 %, Epsilon: 16.26, Delta: 0.0030
Predictions - 1s: 393, 0s: 61
True Labels - 1s: 254, 0s: 200
Client 4 of 5: Local Epoch [3/3] Loss: 1.0304, Accuracy: 62.33 %, Epsilon: 16.26, Delta: 0.0030
Predictions - 1s: 336, 0s: 118
True Labels - 1s: 243, 0s: 211
Client 3 of 5: Local Epoch [2/3] Loss: 1.0066, Accuracy: 56.17 %, Epsilon: 13.44, Delta: 0.0030
Predictions - 1s: 359, 0s: 95
True Labels - 1s: 239, 0s: 215
Predictions - 1s: 124, 0s: 330
True Labels - 1s: 223, 0s: 231
Client 1 of 5: Local Epoch [2/3] Loss: 1.0644, Accuracy: 59.03 %, Epsilon: 13.44, Delta: 0.0030
Client 2 of 5: Local Epoch [2/3] Loss: 1.0544, Accuracy: 58.37 %, Epsilon: 13.44, Delta: 0.0030
Predictions - 1s: 380, 0s: 74
True Labels - 1s: 243, 0s: 211
Client 3 of 5: Local Epoch [3/3] Loss: 1.0564, Accuracy: 59.69 %, Epsilon: 16.26, Delta: 0.0030
Predictions - 1s: 356, 0s: 98
True Labels - 1s: 239, 0s: 215
Client 1 of 5: Local Epoch [3/3] Loss: 0.9478, Accuracy: 59.69 %, Epsilon: 16.26, Delta: 0.0030
Predictions - 1s: 194, 0s: 260
True Labels - 1s: 223, 0s: 231
Client 2 of 5: Local Epoch [3/3] Loss: 0.8688, Accuracy: 61.01 %, Epsilon: 16.26, Delta: 0.0030
-------------------------------
Round [4/4] Average Local Loss: 1.0004, Average Local Accuracy: 59.91 %
-------------------------------
-------- Validation --------
Predictions - 1s: 490, 0s: 78
True Labels - 1s: 288, 0s: 280
Round [4/4] Global Model Validation Loss: 0.9468, Validation Accuracy: 61.27 %
-------- Validation finished --------
Updated best model in round 4 saved with Validation Loss: 0.9468 and Validation Accuracy: 61.27 %
-------------------------------
Best model in round 4 saved with Validation Loss: 0.9468 and Validation Accuracy: 61.27 %

-------- Training finished in 10:18 --------

Test flag enabled. Testing the model

-------- Loading best model from model_path --------
Loaded model bert-small from date 21-04-2024 04:24. Trained with Federated Learning technology.
Round 4, lr: 0.006, optimizer: AdamW
Average train accuracy: 59.91 %, Validation accuracy: 61.27 %
-------- Best model loaded --------

-------- Creating Test Dataloader --------
Test Loader: 715 total sentences. 90 batches of size 8.
-------- Test Dataloader created --------

-------- Testing --------
Predictions - 1s: 640, 0s: 75
True Labels - 1s: 369, 0s: 346
Nº of test samples: 715
Accuracy: 59.30%
Accuracy 2 : 59.30%
Precision: 71.38%
Recall: 58.04%
F1 Score: 51.02%
Classification report:
              precision    recall  f1-score   support

           0     0.8667    0.1879    0.3088       346
           1     0.5609    0.9729    0.7116       369

    accuracy                         0.5930       715
   macro avg     0.7138    0.5804    0.5102       715
weighted avg     0.7089    0.5930    0.5167       715

-------- Testing finished --------
