Current configuration:
{
    "concurrency_flag": true,
    "data_distribution": "iid",
    "dataset": "dreaddit",
    "device": "cuda",
    "dp_delta": 0.003,
    "dp_epsilon": 0.5,
    "eval_batch_size": 4,
    "eval_flag": true,
    "eval_size": 0.2,
    "fed_alg": "fedavg",
    "layers": 3,
    "learning_rate": 0.006,
    "max_length": 512,
    "ml_mode": "fl",
    "model": "bert_small",
    "model_name": "fl_0.5_seed8_dreaddit",
    "models_path": "/local/vpaloma/fabric-federated-learning/ablation_study/phase-4/final/dp/dreaddit",
    "mu": 0.5,
    "num_clients": 5,
    "num_epochs": 3,
    "num_rounds": 4,
    "optimizer": "AdamW",
    "progress_bar_flag": false,
    "save_model": true,
    "scheduler": "linear",
    "scheduler_warmup_steps": 0,
    "seed": "random",
    "test_flag": true,
    "train_batch_size": 4,
    "train_size": 0.8
}
-------- Configuration loaded --------

-------- Setting device --------
cuda device selected and available.
-------- Device set --------

-------- Setting seed --------
seed set:  649633
-------- Seed set --------

-------- Creating Model --------
-------- Model created --------

-------- Setting Trainable Layers --------
Training the last 3 layers.

Total parameters count: 28764674
Trainable parameters count: 3416066
-------- Trainable Layers set --------

-------- Creating Tokenizer --------
-------- Tokenizer created --------

-------- Creating Train and Eval Dataloaders --------
Train Loader: 2270 total sentences. 568 batches of size 4.
Eval Loader: 568 total sentences. 142 batches of size 4.
-------- Train and Eval Dataloaders created --------

-------- Training --------
Training with Federated Learning technology.
Training with differential privacy.
Federated averaging algorithm selected.
Client 0: Label 0: 210, Label 1: 244
Client 1: Label 0: 231, Label 1: 223
Client 2: Label 0: 217, Label 1: 237
Client 3: Label 0: 205, Label 1: 249
Client 4: Label 0: 220, Label 1: 234

Round 1 of 4
-------------------------------
max_grad_norm:  1.5
max_grad_norm:  1.5
max_grad_norm:  1.5
max_grad_norm:  1.5
max_grad_norm:  1.5
Predictions - 1s: 224, 0s: 230
True Labels - 1s: 237, 0s: 217
Predictions - 1s: 411, 0s: 43
True Labels - 1s: 249, 0s: 205
Predictions - 1s: 189, 0s: 265
True Labels - 1s: 244, 0s: 210
Predictions - 1s: 421, 0s: 33
True Labels - 1s: 234, 0s: 220
Predictions - 1s: 297, 0s: 157
True Labels - 1s: 223, 0s: 231
Client 5 of 5: Local Epoch [1/3] Loss: 0.9932, Accuracy: 50.00 %, Epsilon: 0.50, Delta: 0.0030
Client 4 of 5: Local Epoch [1/3] Loss: 0.8685, Accuracy: 52.86 %, Epsilon: 0.50, Delta: 0.0030
Client 3 of 5: Local Epoch [1/3] Loss: 0.7677, Accuracy: 49.12 %, Epsilon: 0.50, Delta: 0.0030
Client 1 of 5: Local Epoch [1/3] Loss: 0.7485, Accuracy: 53.96 %, Epsilon: 0.50, Delta: 0.0030
Client 2 of 5: Local Epoch [1/3] Loss: 0.7975, Accuracy: 49.34 %, Epsilon: 0.50, Delta: 0.0030
Predictions - 1s: 133, 0s: 321
True Labels - 1s: 237, 0s: 217
Predictions - 1s: 46, 0s: 408
True Labels - 1s: 223, 0s: 231
Predictions - 1s: 417, 0s: 37
True Labels - 1s: 234, 0s: 220
Predictions - 1s: 346, 0s: 108
True Labels - 1s: 244, 0s: 210
Predictions - 1s: 439, 0s: 15
True Labels - 1s: 249, 0s: 205
Client 3 of 5: Local Epoch [2/3] Loss: 0.9440, Accuracy: 48.46 %, Epsilon: 0.71, Delta: 0.0030
Client 2 of 5: Local Epoch [2/3] Loss: 1.0015, Accuracy: 51.32 %, Epsilon: 0.71, Delta: 0.0030
Client 5 of 5: Local Epoch [2/3] Loss: 1.0749, Accuracy: 50.00 %, Epsilon: 0.71, Delta: 0.0030
Client 1 of 5: Local Epoch [2/3] Loss: 0.8966, Accuracy: 55.07 %, Epsilon: 0.71, Delta: 0.0030
Client 4 of 5: Local Epoch [2/3] Loss: 1.2233, Accuracy: 54.63 %, Epsilon: 0.71, Delta: 0.0030
Predictions - 1s: 195, 0s: 259
True Labels - 1s: 237, 0s: 217
Client 3 of 5: Local Epoch [3/3] Loss: 0.7683, Accuracy: 56.39 %, Epsilon: 0.88, Delta: 0.0030
Predictions - 1s: 103, 0s: 351
True Labels - 1s: 223, 0s: 231
Client 2 of 5: Local Epoch [3/3] Loss: 0.8424, Accuracy: 53.74 %, Epsilon: 0.88, Delta: 0.0030
Predictions - 1s: 417, 0s: 37
True Labels - 1s: 244, 0s: 210
Predictions - 1s: 441, 0s: 13
True Labels - 1s: 234, 0s: 220
Predictions - 1s: 449, 0s: 5
True Labels - 1s: 249, 0s: 205
Client 1 of 5: Local Epoch [3/3] Loss: 1.0955, Accuracy: 53.96 %, Epsilon: 0.88, Delta: 0.0030
Client 5 of 5: Local Epoch [3/3] Loss: 1.3221, Accuracy: 51.76 %, Epsilon: 0.88, Delta: 0.0030
Client 4 of 5: Local Epoch [3/3] Loss: 1.3994, Accuracy: 55.07 %, Epsilon: 0.88, Delta: 0.0030
-------------------------------
Round [1/4] Average Local Loss: 1.0855, Average Local Accuracy: 54.19 %
-------------------------------
-------- Validation --------
Predictions - 1s: 568, 0s: 0
True Labels - 1s: 301, 0s: 267
Round [1/4] Global Model Validation Loss: 0.9883, Validation Accuracy: 52.99 %
-------- Validation finished --------
Updated best model in round 1 saved with Validation Loss: 0.9883 and Validation Accuracy: 52.99 %
-------------------------------

Round 2 of 4
-------------------------------
max_grad_norm:  1.5
max_grad_norm:  1.5
max_grad_norm:  1.5
max_grad_norm:  1.5
max_grad_norm:  1.5
Predictions - 1s: 343, 0s: 111
True Labels - 1s: 237, 0s: 217
Predictions - 1s: 40, 0s: 414
True Labels - 1s: 223, 0s: 231
Predictions - 1s: 439, 0s: 15
Predictions - 1s: 450, 0s: 4
Predictions - 1s: 349, 0s: 105
True Labels - 1s: 234, 0s: 220
True Labels - 1s: 244, 0s: 210
True Labels - 1s: 249, 0s: 205
Client 3 of 5: Local Epoch [1/3] Loss: 1.0237, Accuracy: 51.54 %, Epsilon: 0.50, Delta: 0.0030
Client 2 of 5: Local Epoch [1/3] Loss: 1.1848, Accuracy: 48.68 %, Epsilon: 0.50, Delta: 0.0030
Client 5 of 5: Local Epoch [1/3] Loss: 1.1505, Accuracy: 52.20 %, Epsilon: 0.50, Delta: 0.0030
Client 1 of 5: Local Epoch [1/3] Loss: 1.3116, Accuracy: 53.74 %, Epsilon: 0.50, Delta: 0.0030
Client 4 of 5: Local Epoch [1/3] Loss: 0.9202, Accuracy: 52.42 %, Epsilon: 0.50, Delta: 0.0030
Predictions - 1s: 366, 0s: 88
True Labels - 1s: 237, 0s: 217
Client 3 of 5: Local Epoch [2/3] Loss: 0.9211, Accuracy: 53.96 %, Epsilon: 0.71, Delta: 0.0030
Predictions - 1s: 178, 0s: 276
True Labels - 1s: 223, 0s: 231
Client 2 of 5: Local Epoch [2/3] Loss: 0.8627, Accuracy: 54.41 %, Epsilon: 0.71, Delta: 0.0030
Predictions - 1s: 384, 0s: 70
True Labels - 1s: 237, 0s: 217
Client 3 of 5: Local Epoch [3/3] Loss: 0.9839, Accuracy: 55.29 %, Epsilon: 0.88, Delta: 0.0030
Predictions - 1s: 423, 0s: 31
True Labels - 1s: 249, 0s: 205
Predictions - 1s: 446, 0s: 8
True Labels - 1s: 244, 0s: 210
Predictions - 1s: 391, 0s: 63
True Labels - 1s: 234, 0s: 220
Client 4 of 5: Local Epoch [2/3] Loss: 1.1662, Accuracy: 54.63 %, Epsilon: 0.71, Delta: 0.0030
Client 1 of 5: Local Epoch [2/3] Loss: 1.3852, Accuracy: 52.86 %, Epsilon: 0.71, Delta: 0.0030
Client 5 of 5: Local Epoch [2/3] Loss: 1.0486, Accuracy: 53.96 %, Epsilon: 0.71, Delta: 0.0030
Predictions - 1s: 183, 0s: 271
True Labels - 1s: 223, 0s: 231
Client 2 of 5: Local Epoch [3/3] Loss: 0.8946, Accuracy: 50.22 %, Epsilon: 0.88, Delta: 0.0030
Predictions - 1s: 418, 0s: 36
True Labels - 1s: 249, 0s: 205
Client 4 of 5: Local Epoch [3/3] Loss: 1.2297, Accuracy: 54.41 %, Epsilon: 0.88, Delta: 0.0030
Predictions - 1s: 336, 0s: 118
True Labels - 1s: 234, 0s: 220
Predictions - 1s: 452, 0s: 2
True Labels - 1s: 244, 0s: 210
Client 5 of 5: Local Epoch [3/3] Loss: 0.9105, Accuracy: 56.39 %, Epsilon: 0.88, Delta: 0.0030
Client 1 of 5: Local Epoch [3/3] Loss: 1.6894, Accuracy: 53.74 %, Epsilon: 0.88, Delta: 0.0030
-------------------------------
Round [2/4] Average Local Loss: 1.1416, Average Local Accuracy: 54.01 %
-------------------------------
-------- Validation --------
Predictions - 1s: 539, 0s: 29
True Labels - 1s: 301, 0s: 267
Round [2/4] Global Model Validation Loss: 0.7701, Validation Accuracy: 55.28 %
-------- Validation finished --------
Updated best model in round 2 saved with Validation Loss: 0.7701 and Validation Accuracy: 55.28 %
-------------------------------

Round 3 of 4
-------------------------------
max_grad_norm:  1.5
max_grad_norm:  1.5
max_grad_norm:  1.5
max_grad_norm:  1.5
max_grad_norm:  1.5
Predictions - 1s: 346, 0s: 108
True Labels - 1s: 237, 0s: 217
Predictions - 1s: 262, 0s: 192
True Labels - 1s: 234, 0s: 220
Predictions - 1s: 362, 0s: 92
True Labels - 1s: 249, 0s: 205
Predictions - 1s: 182, 0s: 272
True Labels - 1s: 223, 0s: 231
Predictions - 1s: 400, 0s: 54
True Labels - 1s: 244, 0s: 210
Client 3 of 5: Local Epoch [1/3] Loss: 0.9268, Accuracy: 54.41 %, Epsilon: 0.50, Delta: 0.0030
Client 4 of 5: Local Epoch [1/3] Loss: 1.0990, Accuracy: 55.73 %, Epsilon: 0.50, Delta: 0.0030
Client 5 of 5: Local Epoch [1/3] Loss: 0.8934, Accuracy: 49.34 %, Epsilon: 0.50, Delta: 0.0030
Client 2 of 5: Local Epoch [1/3] Loss: 0.9001, Accuracy: 50.44 %, Epsilon: 0.50, Delta: 0.0030
Client 1 of 5: Local Epoch [1/3] Loss: 0.9392, Accuracy: 55.51 %, Epsilon: 0.50, Delta: 0.0030
Predictions - 1s: 435, 0s: 19
True Labels - 1s: 244, 0s: 210
Predictions - 1s: 218, 0s: 236
True Labels - 1s: 237, 0s: 217
Predictions - 1s: 52, 0s: 402
True Labels - 1s: 223, 0s: 231
Predictions - 1s: 277, 0s: 177
True Labels - 1s: 234, 0s: 220
Predictions - 1s: 446, 0s: 8
True Labels - 1s: 249, 0s: 205
Client 3 of 5: Local Epoch [2/3] Loss: 0.8979, Accuracy: 56.61 %, Epsilon: 0.71, Delta: 0.0030
Client 1 of 5: Local Epoch [2/3] Loss: 1.2887, Accuracy: 52.64 %, Epsilon: 0.71, Delta: 0.0030
Client 2 of 5: Local Epoch [2/3] Loss: 1.1036, Accuracy: 51.76 %, Epsilon: 0.71, Delta: 0.0030
Client 4 of 5: Local Epoch [2/3] Loss: 1.3674, Accuracy: 55.29 %, Epsilon: 0.71, Delta: 0.0030
Client 5 of 5: Local Epoch [2/3] Loss: 0.8906, Accuracy: 51.32 %, Epsilon: 0.71, Delta: 0.0030
Predictions - 1s: 335, 0s: 119
True Labels - 1s: 237, 0s: 217
Predictions - 1s: 429, 0s: 25
True Labels - 1s: 249, 0s: 205
Predictions - 1s: 384, 0s: 70
True Labels - 1s: 234, 0s: 220
Predictions - 1s: 114, 0s: 340
True Labels - 1s: 223, 0s: 231
Predictions - 1s: 417, 0s: 37
True Labels - 1s: 244, 0s: 210
Client 3 of 5: Local Epoch [3/3] Loss: 0.8885, Accuracy: 57.71 %, Epsilon: 0.88, Delta: 0.0030
Client 1 of 5: Local Epoch [3/3] Loss: 1.2053, Accuracy: 55.29 %, Epsilon: 0.88, Delta: 0.0030
Client 2 of 5: Local Epoch [3/3] Loss: 1.0026, Accuracy: 52.20 %, Epsilon: 0.88, Delta: 0.0030
Client 4 of 5: Local Epoch [3/3] Loss: 1.1573, Accuracy: 54.63 %, Epsilon: 0.88, Delta: 0.0030
Client 5 of 5: Local Epoch [3/3] Loss: 1.1055, Accuracy: 52.42 %, Epsilon: 0.88, Delta: 0.0030
-------------------------------
Round [3/4] Average Local Loss: 1.0718, Average Local Accuracy: 54.45 %
-------------------------------
-------- Validation --------
Predictions - 1s: 564, 0s: 4
True Labels - 1s: 301, 0s: 267
Round [3/4] Global Model Validation Loss: 0.9712, Validation Accuracy: 53.70 %
-------- Validation finished --------

Round 4 of 4
-------------------------------
max_grad_norm:  1.5
max_grad_norm:  1.5
max_grad_norm:  1.5
max_grad_norm:  1.5
max_grad_norm:  1.5
Predictions - 1s: 301, 0s: 153
True Labels - 1s: 237, 0s: 217
Client 3 of 5: Local Epoch [1/3] Loss: 0.9012, Accuracy: 51.98 %, Epsilon: 0.50, Delta: 0.0030
Predictions - 1s: 451, 0s: 3
True Labels - 1s: 249, 0s: 205
Client 4 of 5: Local Epoch [1/3] Loss: 1.3941, Accuracy: 54.63 %, Epsilon: 0.50, Delta: 0.0030
Predictions - 1s: 400, 0s: 54
True Labels - 1s: 234, 0s: 220
Client 5 of 5: Local Epoch [1/3] Loss: 1.0198, Accuracy: 54.63 %, Epsilon: 0.50, Delta: 0.0030
Predictions - 1s: 203, 0s: 251
True Labels - 1s: 237, 0s: 217
Client 3 of 5: Local Epoch [2/3] Loss: 0.9020, Accuracy: 55.51 %, Epsilon: 0.71, Delta: 0.0030
Predictions - 1s: 433, 0s: 21
True Labels - 1s: 249, 0s: 205
Client 4 of 5: Local Epoch [2/3] Loss: 1.4195, Accuracy: 53.30 %, Epsilon: 0.71, Delta: 0.0030
Predictions - 1s: 303, 0s: 151
True Labels - 1s: 234, 0s: 220
Client 5 of 5: Local Epoch [2/3] Loss: 0.9452, Accuracy: 53.08 %, Epsilon: 0.71, Delta: 0.0030
Predictions - 1s: 358, 0s: 96
True Labels - 1s: 244, 0s: 210
Predictions - 1s: 341, 0s: 113
True Labels - 1s: 223, 0s: 231
Client 1 of 5: Local Epoch [1/3] Loss: 0.9463, Accuracy: 53.30 %, Epsilon: 0.50, Delta: 0.0030
Predictions - 1s: 323, 0s: 131
True Labels - 1s: 237, 0s: 217
Client 2 of 5: Local Epoch [1/3] Loss: 0.9311, Accuracy: 49.34 %, Epsilon: 0.50, Delta: 0.0030
Client 3 of 5: Local Epoch [3/3] Loss: 0.9118, Accuracy: 54.19 %, Epsilon: 0.88, Delta: 0.0030
Predictions - 1s: 439, 0s: 15
True Labels - 1s: 249, 0s: 205
Client 4 of 5: Local Epoch [3/3] Loss: 1.4703, Accuracy: 55.07 %, Epsilon: 0.88, Delta: 0.0030
Predictions - 1s: 319, 0s: 135
True Labels - 1s: 234, 0s: 220
Client 5 of 5: Local Epoch [3/3] Loss: 0.8916, Accuracy: 55.73 %, Epsilon: 0.88, Delta: 0.0030
Predictions - 1s: 162, 0s: 292
True Labels - 1s: 223, 0s: 231
Client 2 of 5: Local Epoch [2/3] Loss: 0.9160, Accuracy: 51.32 %, Epsilon: 0.71, Delta: 0.0030
Predictions - 1s: 408, 0s: 46
True Labels - 1s: 244, 0s: 210
Client 1 of 5: Local Epoch [2/3] Loss: 1.1397, Accuracy: 54.63 %, Epsilon: 0.71, Delta: 0.0030
Predictions - 1s: 184, 0s: 270
True Labels - 1s: 223, 0s: 231
Client 2 of 5: Local Epoch [3/3] Loss: 0.9273, Accuracy: 52.20 %, Epsilon: 0.88, Delta: 0.0030
Predictions - 1s: 340, 0s: 114
True Labels - 1s: 244, 0s: 210
Client 1 of 5: Local Epoch [3/3] Loss: 0.9566, Accuracy: 54.19 %, Epsilon: 0.88, Delta: 0.0030
-------------------------------
Round [4/4] Average Local Loss: 1.0315, Average Local Accuracy: 54.27 %
-------------------------------
-------- Validation --------
Predictions - 1s: 439, 0s: 129
True Labels - 1s: 301, 0s: 267
Round [4/4] Global Model Validation Loss: 0.6839, Validation Accuracy: 60.92 %
-------- Validation finished --------
Updated best model in round 4 saved with Validation Loss: 0.6839 and Validation Accuracy: 60.92 %
-------------------------------
Best model in round 4 saved with Validation Loss: 0.6839 and Validation Accuracy: 60.92 %

-------- Training finished in 5:26 --------

Test flag enabled. Testing the model

-------- Loading best model from model_path --------
Loaded model bert-small from date 20-04-2024 13:22. Trained with Federated Learning technology.
Round 4, lr: 0.006, optimizer: AdamW
Average train accuracy: 54.27 %, Validation accuracy: 60.92 %
-------- Best model loaded --------

-------- Creating Test Dataloader --------
Test Loader: 715 total sentences. 90 batches of size 8.
-------- Test Dataloader created --------

-------- Testing --------
Predictions - 1s: 540, 0s: 175
True Labels - 1s: 369, 0s: 346
Nº of test samples: 715
Accuracy: 59.30%
Accuracy 2 : 59.30%
Precision: 61.47%
Recall: 58.49%
F1 Score: 56.07%
Classification report:
              precision    recall  f1-score   support

           0     0.6571    0.3324    0.4415       346
           1     0.5722    0.8374    0.6799       369

    accuracy                         0.5930       715
   macro avg     0.6147    0.5849    0.5607       715
weighted avg     0.6133    0.5930    0.5645       715

-------- Testing finished --------
