Current configuration:
{
    "concurrency_flag": true,
    "data_distribution": "iid",
    "dataset": "dreaddit",
    "device": "cuda",
    "dp_delta": 0.003,
    "dp_epsilon": 10,
    "eval_batch_size": 4,
    "eval_flag": true,
    "eval_size": 0.2,
    "fed_alg": "fedavg",
    "layers": 3,
    "learning_rate": 0.006,
    "max_length": 512,
    "ml_mode": "fl",
    "model": "bert_small",
    "model_name": "fl_10_seed7_dreaddit",
    "models_path": "/local/vpaloma/fabric-federated-learning/ablation_study/phase-4/final/dp/dreaddit",
    "mu": 0.5,
    "num_clients": 5,
    "num_epochs": 3,
    "num_rounds": 4,
    "optimizer": "AdamW",
    "progress_bar_flag": false,
    "save_model": true,
    "scheduler": "linear",
    "scheduler_warmup_steps": 0,
    "seed": "random",
    "test_flag": true,
    "train_batch_size": 4,
    "train_size": 0.8
}
-------- Configuration loaded --------

-------- Setting device --------
cuda device selected and available.
-------- Device set --------

-------- Setting seed --------
seed set:  631819
-------- Seed set --------

-------- Creating Model --------
-------- Model created --------

-------- Setting Trainable Layers --------
Training the last 3 layers.

Total parameters count: 28764674
Trainable parameters count: 3416066
-------- Trainable Layers set --------

-------- Creating Tokenizer --------
-------- Tokenizer created --------

-------- Creating Train and Eval Dataloaders --------
Train Loader: 2270 total sentences. 568 batches of size 4.
Eval Loader: 568 total sentences. 142 batches of size 4.
-------- Train and Eval Dataloaders created --------

-------- Training --------
Training with Federated Learning technology.
Training with differential privacy.
Federated averaging algorithm selected.
Client 0: Label 0: 217, Label 1: 237
Client 1: Label 0: 216, Label 1: 238
Client 2: Label 0: 224, Label 1: 230
Client 3: Label 0: 215, Label 1: 239
Client 4: Label 0: 214, Label 1: 240

Round 1 of 4
-------------------------------
max_grad_norm:  1.5
max_grad_norm:  1.5
max_grad_norm:  1.5
max_grad_norm:  1.5
max_grad_norm:  1.5
Predictions - 1s: 409, 0s: 45
True Labels - 1s: 238, 0s: 216
Predictions - 1s: 214, 0s: 240
True Labels - 1s: 237, 0s: 217
Predictions - 1s: 108, 0s: 346
True Labels - 1s: 230, 0s: 224
Predictions - 1s: 410, 0s: 44
True Labels - 1s: 240, 0s: 214
Predictions - 1s: 356, 0s: 98
True Labels - 1s: 239, 0s: 215
Client 2 of 5: Local Epoch [1/3] Loss: 1.1518, Accuracy: 53.96 %, Epsilon: 10.00, Delta: 0.0030
Client 4 of 5: Local Epoch [1/3] Loss: 1.0183, Accuracy: 55.73 %, Epsilon: 10.00, Delta: 0.0030
Client 3 of 5: Local Epoch [1/3] Loss: 1.0778, Accuracy: 51.54 %, Epsilon: 10.00, Delta: 0.0030
Client 1 of 5: Local Epoch [1/3] Loss: 0.7779, Accuracy: 54.41 %, Epsilon: 10.00, Delta: 0.0030
Client 5 of 5: Local Epoch [1/3] Loss: 1.0665, Accuracy: 51.98 %, Epsilon: 10.00, Delta: 0.0030
Predictions - 1s: 423, 0s: 31
True Labels - 1s: 238, 0s: 216
Predictions - 1s: 411, 0s: 43
True Labels - 1s: 239, 0s: 215
Client 2 of 5: Local Epoch [2/3] Loss: 1.2220, Accuracy: 56.61 %, Epsilon: 13.44, Delta: 0.0030
Client 4 of 5: Local Epoch [2/3] Loss: 1.1397, Accuracy: 55.95 %, Epsilon: 13.44, Delta: 0.0030
Predictions - 1s: 339, 0s: 115
True Labels - 1s: 238, 0s: 216
Client 2 of 5: Local Epoch [3/3] Loss: 0.8847, Accuracy: 63.22 %, Epsilon: 16.26, Delta: 0.0030
Predictions - 1s: 353, 0s: 101
True Labels - 1s: 239, 0s: 215
Predictions - 1s: 128, 0s: 326
True Labels - 1s: 230, 0s: 224
Client 4 of 5: Local Epoch [3/3] Loss: 0.8158, Accuracy: 60.79 %, Epsilon: 16.26, Delta: 0.0030
Predictions - 1s: 385, 0s: 69
True Labels - 1s: 237, 0s: 217
Predictions - 1s: 415, 0s: 39
True Labels - 1s: 240, 0s: 214
Client 3 of 5: Local Epoch [2/3] Loss: 0.8188, Accuracy: 57.71 %, Epsilon: 13.44, Delta: 0.0030
Client 1 of 5: Local Epoch [2/3] Loss: 1.0744, Accuracy: 56.83 %, Epsilon: 13.44, Delta: 0.0030
Client 5 of 5: Local Epoch [2/3] Loss: 1.0049, Accuracy: 56.17 %, Epsilon: 13.44, Delta: 0.0030
Predictions - 1s: 395, 0s: 59
True Labels - 1s: 230, 0s: 224
Client 3 of 5: Local Epoch [3/3] Loss: 0.9315, Accuracy: 55.29 %, Epsilon: 16.26, Delta: 0.0030
Predictions - 1s: 366, 0s: 88
True Labels - 1s: 240, 0s: 214
Predictions - 1s: 375, 0s: 79
True Labels - 1s: 237, 0s: 217
Client 1 of 5: Local Epoch [3/3] Loss: 1.0335, Accuracy: 55.07 %, Epsilon: 16.26, Delta: 0.0030
Client 5 of 5: Local Epoch [3/3] Loss: 0.9028, Accuracy: 61.67 %, Epsilon: 16.26, Delta: 0.0030
-------------------------------
Round [1/4] Average Local Loss: 0.9136, Average Local Accuracy: 59.21 %
-------------------------------
-------- Validation --------
Predictions - 1s: 561, 0s: 7
True Labels - 1s: 304, 0s: 264
Round [1/4] Global Model Validation Loss: 0.7577, Validation Accuracy: 54.75 %
-------- Validation finished --------
Updated best model in round 1 saved with Validation Loss: 0.7577 and Validation Accuracy: 54.75 %
-------------------------------

Round 2 of 4
-------------------------------
max_grad_norm:  1.5
max_grad_norm:  1.5
max_grad_norm:  1.5
max_grad_norm:  1.5
max_grad_norm:  1.5
Predictions - 1s: 152, 0s: 302
True Labels - 1s: 230, 0s: 224
Client 3 of 5: Local Epoch [1/3] Loss: 1.0226, Accuracy: 53.30 %, Epsilon: 10.00, Delta: 0.0030
Predictions - 1s: 346, 0s: 108
True Labels - 1s: 239, 0s: 215
Client 4 of 5: Local Epoch [1/3] Loss: 1.1039, Accuracy: 55.73 %, Epsilon: 10.00, Delta: 0.0030
Predictions - 1s: 394, 0s: 60
True Labels - 1s: 237, 0s: 217
Client 1 of 5: Local Epoch [1/3] Loss: 1.0136, Accuracy: 56.17 %, Epsilon: 10.00, Delta: 0.0030
Predictions - 1s: 351, 0s: 103
True Labels - 1s: 230, 0s: 224
Client 3 of 5: Local Epoch [2/3] Loss: 0.9404, Accuracy: 57.93 %, Epsilon: 13.44, Delta: 0.0030
Predictions - 1s: 393, 0s: 61
True Labels - 1s: 239, 0s: 215
Client 4 of 5: Local Epoch [2/3] Loss: 1.1208, Accuracy: 57.71 %, Epsilon: 13.44, Delta: 0.0030
Predictions - 1s: 362, 0s: 92
True Labels - 1s: 237, 0s: 217
Client 1 of 5: Local Epoch [2/3] Loss: 0.9757, Accuracy: 58.37 %, Epsilon: 13.44, Delta: 0.0030
Predictions - 1s: 367, 0s: 87
True Labels - 1s: 240, 0s: 214
Predictions - 1s: 399, 0s: 55
True Labels - 1s: 238, 0s: 216
Client 2 of 5: Local Epoch [1/3] Loss: 0.9679, Accuracy: 58.37 %, Epsilon: 10.00, Delta: 0.0030
Client 5 of 5: Local Epoch [1/3] Loss: 0.9353, Accuracy: 60.13 %, Epsilon: 10.00, Delta: 0.0030
Predictions - 1s: 337, 0s: 117
True Labels - 1s: 230, 0s: 224
Client 3 of 5: Local Epoch [3/3] Loss: 1.0185, Accuracy: 60.57 %, Epsilon: 16.26, Delta: 0.0030
Predictions - 1s: 410, 0s: 44
True Labels - 1s: 239, 0s: 215
Client 4 of 5: Local Epoch [3/3] Loss: 1.1276, Accuracy: 57.93 %, Epsilon: 16.26, Delta: 0.0030
Predictions - 1s: 383, 0s: 71
True Labels - 1s: 237, 0s: 217
Client 1 of 5: Local Epoch [3/3] Loss: 0.9341, Accuracy: 59.03 %, Epsilon: 16.26, Delta: 0.0030
Predictions - 1s: 300, 0s: 154
Predictions - 1s: 412, 0s: 42
True Labels - 1s: 238, 0s: 216
True Labels - 1s: 240, 0s: 214
Client 5 of 5: Local Epoch [2/3] Loss: 1.0708, Accuracy: 59.03 %, Epsilon: 13.44, Delta: 0.0030
Client 2 of 5: Local Epoch [2/3] Loss: 0.8804, Accuracy: 55.07 %, Epsilon: 13.44, Delta: 0.0030
Predictions - 1s: 361, 0s: 93
True Labels - 1s: 240, 0s: 214
Predictions - 1s: 418, 0s: 36
True Labels - 1s: 238, 0s: 216
Client 5 of 5: Local Epoch [3/3] Loss: 0.9079, Accuracy: 59.69 %, Epsilon: 16.26, Delta: 0.0030
Client 2 of 5: Local Epoch [3/3] Loss: 1.1400, Accuracy: 57.71 %, Epsilon: 16.26, Delta: 0.0030
-------------------------------
Round [2/4] Average Local Loss: 1.0256, Average Local Accuracy: 58.99 %
-------------------------------
-------- Validation --------
Predictions - 1s: 567, 0s: 1
True Labels - 1s: 304, 0s: 264
Round [2/4] Global Model Validation Loss: 1.7722, Validation Accuracy: 53.70 %
-------- Validation finished --------

Round 3 of 4
-------------------------------
max_grad_norm:  1.5
max_grad_norm:  1.5
max_grad_norm:  1.5
max_grad_norm:  1.5
max_grad_norm:  1.5
Predictions - 1s: 408, 0s: 46
True Labels - 1s: 239, 0s: 215
Predictions - 1s: 338, 0s: 116
True Labels - 1s: 237, 0s: 217
Predictions - 1s: 358, 0s: 96
True Labels - 1s: 240, 0s: 214
Predictions - 1s: 431, 0s: 23
True Labels - 1s: 238, 0s: 216
Client 5 of 5: Local Epoch [1/3] Loss: 0.9832, Accuracy: 57.27 %, Epsilon: 10.00, Delta: 0.0030
Predictions - 1s: 370, 0s: 84
True Labels - 1s: 230, 0s: 224
Client 4 of 5: Local Epoch [1/3] Loss: 1.0631, Accuracy: 58.81 %, Epsilon: 10.00, Delta: 0.0030
Client 1 of 5: Local Epoch [1/3] Loss: 1.0775, Accuracy: 56.61 %, Epsilon: 10.00, Delta: 0.0030
Client 2 of 5: Local Epoch [1/3] Loss: 1.2589, Accuracy: 53.96 %, Epsilon: 10.00, Delta: 0.0030
Client 3 of 5: Local Epoch [1/3] Loss: 0.9505, Accuracy: 53.74 %, Epsilon: 10.00, Delta: 0.0030
Predictions - 1s: 387, 0s: 67
True Labels - 1s: 237, 0s: 217
Predictions - 1s: 342, 0s: 112
True Labels - 1s: 240, 0s: 214
Predictions - 1s: 365, 0s: 89
True Labels - 1s: 239, 0s: 215
Predictions - 1s: 379, 0s: 75
True Labels - 1s: 238, 0s: 216
Predictions - 1s: 232, 0s: 222
True Labels - 1s: 230, 0s: 224
Client 1 of 5: Local Epoch [2/3] Loss: 1.0206, Accuracy: 58.59 %, Epsilon: 13.44, Delta: 0.0030
Client 5 of 5: Local Epoch [2/3] Loss: 0.9577, Accuracy: 59.03 %, Epsilon: 13.44, Delta: 0.0030
Client 2 of 5: Local Epoch [2/3] Loss: 0.9144, Accuracy: 62.33 %, Epsilon: 13.44, Delta: 0.0030
Client 4 of 5: Local Epoch [2/3] Loss: 1.0653, Accuracy: 63.00 %, Epsilon: 13.44, Delta: 0.0030
Client 3 of 5: Local Epoch [2/3] Loss: 0.9656, Accuracy: 55.51 %, Epsilon: 13.44, Delta: 0.0030
Predictions - 1s: 358, 0s: 96
True Labels - 1s: 237, 0s: 217
Predictions - 1s: 376, 0s: 78
True Labels - 1s: 240, 0s: 214
Client 1 of 5: Local Epoch [3/3] Loss: 0.9410, Accuracy: 60.13 %, Epsilon: 16.26, Delta: 0.0030
Client 5 of 5: Local Epoch [3/3] Loss: 1.0658, Accuracy: 58.59 %, Epsilon: 16.26, Delta: 0.0030
Predictions - 1s: 340, 0s: 114
True Labels - 1s: 238, 0s: 216
Client 2 of 5: Local Epoch [3/3] Loss: 0.8584, Accuracy: 65.20 %, Epsilon: 16.26, Delta: 0.0030
Predictions - 1s: 307, 0s: 147
True Labels - 1s: 230, 0s: 224
Predictions - 1s: 312, 0s: 142
True Labels - 1s: 239, 0s: 215
Client 3 of 5: Local Epoch [3/3] Loss: 0.8373, Accuracy: 59.69 %, Epsilon: 16.26, Delta: 0.0030
Client 4 of 5: Local Epoch [3/3] Loss: 0.8396, Accuracy: 62.78 %, Epsilon: 16.26, Delta: 0.0030
-------------------------------
Round [3/4] Average Local Loss: 0.9084, Average Local Accuracy: 61.28 %
-------------------------------
-------- Validation --------
Predictions - 1s: 536, 0s: 32
True Labels - 1s: 304, 0s: 264
Round [3/4] Global Model Validation Loss: 1.2453, Validation Accuracy: 58.80 %
-------- Validation finished --------

Round 4 of 4
-------------------------------
max_grad_norm:  1.5
max_grad_norm:  1.5
max_grad_norm:  1.5
max_grad_norm:  1.5
max_grad_norm:  1.5
Predictions - 1s: 286, 0s: 168
True Labels - 1s: 240, 0s: 214
Client 5 of 5: Local Epoch [1/3] Loss: 0.8555, Accuracy: 63.00 %, Epsilon: 10.00, Delta: 0.0030
Predictions - 1s: 326, 0s: 128
True Labels - 1s: 230, 0s: 224
Predictions - 1s: 304, 0s: 150
True Labels - 1s: 238, 0s: 216
Predictions - 1s: 312, 0s: 142
True Labels - 1s: 239, 0s: 215
Predictions - 1s: 355, 0s: 99
True Labels - 1s: 237, 0s: 217
Client 3 of 5: Local Epoch [1/3] Loss: 0.9217, Accuracy: 57.71 %, Epsilon: 10.00, Delta: 0.0030
Client 2 of 5: Local Epoch [1/3] Loss: 1.0675, Accuracy: 58.59 %, Epsilon: 10.00, Delta: 0.0030
Client 4 of 5: Local Epoch [1/3] Loss: 0.9832, Accuracy: 57.05 %, Epsilon: 10.00, Delta: 0.0030
Predictions - 1s: 361, 0s: 93
True Labels - 1s: 240, 0s: 214
Client 1 of 5: Local Epoch [1/3] Loss: 0.9573, Accuracy: 57.27 %, Epsilon: 10.00, Delta: 0.0030
Client 5 of 5: Local Epoch [2/3] Loss: 0.9921, Accuracy: 58.81 %, Epsilon: 13.44, Delta: 0.0030
Predictions - 1s: 330, 0s: 124
True Labels - 1s: 240, 0s: 214
Client 5 of 5: Local Epoch [3/3] Loss: 1.0048, Accuracy: 62.11 %, Epsilon: 16.26, Delta: 0.0030
Predictions - 1s: 363, 0s: 91
True Labels - 1s: 238, 0s: 216
Predictions - 1s: 252, 0s: 202
True Labels - 1s: 230, 0s: 224
Client 3 of 5: Local Epoch [2/3] Loss: 1.0399, Accuracy: 55.95 %, Epsilon: 13.44, Delta: 0.0030
Client 2 of 5: Local Epoch [2/3] Loss: 1.0793, Accuracy: 60.57 %, Epsilon: 13.44, Delta: 0.0030
Predictions - 1s: 314, 0s: 140
True Labels - 1s: 239, 0s: 215
Predictions - 1s: 365, 0s: 89
True Labels - 1s: 237, 0s: 217
Client 4 of 5: Local Epoch [2/3] Loss: 0.8338, Accuracy: 65.42 %, Epsilon: 13.44, Delta: 0.0030
Client 1 of 5: Local Epoch [2/3] Loss: 1.0459, Accuracy: 58.59 %, Epsilon: 13.44, Delta: 0.0030
Predictions - 1s: 348, 0s: 106
True Labels - 1s: 238, 0s: 216
Predictions - 1s: 299, 0s: 155
True Labels - 1s: 230, 0s: 224
Client 2 of 5: Local Epoch [3/3] Loss: 0.9500, Accuracy: 58.15 %, Epsilon: 16.26, Delta: 0.0030
Client 3 of 5: Local Epoch [3/3] Loss: 0.9501, Accuracy: 64.10 %, Epsilon: 16.26, Delta: 0.0030
Predictions - 1s: 265, 0s: 189
True Labels - 1s: 239, 0s: 215
Predictions - 1s: 342, 0s: 112
True Labels - 1s: 237, 0s: 217
Client 4 of 5: Local Epoch [3/3] Loss: 0.8003, Accuracy: 70.04 %, Epsilon: 16.26, Delta: 0.0030
Client 1 of 5: Local Epoch [3/3] Loss: 1.0179, Accuracy: 61.01 %, Epsilon: 16.26, Delta: 0.0030
-------------------------------
Round [4/4] Average Local Loss: 0.9446, Average Local Accuracy: 63.08 %
-------------------------------
-------- Validation --------
Predictions - 1s: 496, 0s: 72
True Labels - 1s: 304, 0s: 264
Round [4/4] Global Model Validation Loss: 0.8146, Validation Accuracy: 63.03 %
-------- Validation finished --------
Best model in round 1 saved with Validation Loss: 0.7577 and Validation Accuracy: 54.75 %

-------- Training finished in 6:47 --------

Test flag enabled. Testing the model

-------- Loading best model from model_path --------
Loaded model bert-small from date 20-04-2024 13:33. Trained with Federated Learning technology.
Round 1, lr: 0.006, optimizer: AdamW
Average train accuracy: 59.21 %, Validation accuracy: 54.75 %
-------- Best model loaded --------

-------- Creating Test Dataloader --------
Test Loader: 715 total sentences. 90 batches of size 8.
-------- Test Dataloader created --------

-------- Testing --------
Predictions - 1s: 711, 0s: 4
True Labels - 1s: 369, 0s: 346
Nº of test samples: 715
Accuracy: 52.17%
Accuracy 2 : 52.17%
Precision: 75.95%
Recall: 50.58%
F1 Score: 35.31%
Classification report:
              precision    recall  f1-score   support

           0     1.0000    0.0116    0.0229       346
           1     0.5190    1.0000    0.6833       369

    accuracy                         0.5217       715
   macro avg     0.7595    0.5058    0.3531       715
weighted avg     0.7518    0.5217    0.3637       715

-------- Testing finished --------
