Current configuration:
{
    "concurrency_flag": true,
    "data_distribution": "iid",
    "dataset": "dreaddit",
    "device": "cuda",
    "dp_delta": 0.003,
    "dp_epsilon": 0.5,
    "eval_batch_size": 4,
    "eval_flag": true,
    "eval_size": 0.2,
    "fed_alg": "fedavg",
    "layers": 3,
    "learning_rate": 0.0006,
    "max_length": 512,
    "ml_mode": "ml",
    "model": "bert_small",
    "model_name": "ml_0.5_seed7_dreaddit",
    "models_path": "/local/vpaloma/fabric-federated-learning/ablation_study/phase-4/final/dp/dreaddit",
    "mu": 0.5,
    "num_clients": 5,
    "num_epochs": 12,
    "num_rounds": 4,
    "optimizer": "AdamW",
    "progress_bar_flag": false,
    "save_model": true,
    "scheduler": "linear",
    "scheduler_warmup_steps": 0,
    "seed": "random",
    "test_flag": true,
    "train_batch_size": 4,
    "train_size": 0.8
}
-------- Configuration loaded --------

-------- Setting device --------
cuda device selected and available.
-------- Device set --------

-------- Setting seed --------
seed set:  452314
-------- Seed set --------

-------- Creating Model --------
-------- Model created --------

-------- Setting Trainable Layers --------
Training the last 3 layers.

Total parameters count: 28764674
Trainable parameters count: 3416066
-------- Trainable Layers set --------

-------- Creating Tokenizer --------
-------- Tokenizer created --------

-------- Creating Train and Eval Dataloaders --------
Train Loader: 2270 total sentences. 568 batches of size 4.
Eval Loader: 568 total sentences. 142 batches of size 4.
-------- Train and Eval Dataloaders created --------

-------- Creating Optimizer --------
-------- Optimizer created --------

-------- Creating Scheduler --------
-------- Scheduler created --------

-------- Training --------
Training with Centralised Machine Learning technology.
Training with differential privacy.
Concurrency flag is set to True, but ml mode is selected. Concurrency flag will be ignored.
max_grad_norm:  1.5
Epoch [1/12], Step [100/568], Loss: 0.7299, Accuracy: 46.75 %, Epsilon: 0.04, Delta: 0.0030
Epoch [1/12], Step [200/568], Loss: 0.7127, Accuracy: 49.00 %, Epsilon: 0.06, Delta: 0.0030
Epoch [1/12], Step [300/568], Loss: 0.6973, Accuracy: 53.42 %, Epsilon: 0.08, Delta: 0.0030
Epoch [1/12], Step [400/568], Loss: 0.6849, Accuracy: 55.81 %, Epsilon: 0.09, Delta: 0.0030
Epoch [1/12], Step [500/568], Loss: 0.6850, Accuracy: 55.50 %, Epsilon: 0.11, Delta: 0.0030
Predictions - 1s: 1219, 0s: 1051
True Labels - 1s: 1171, 0s: 1099
-------------------------------
Epoch [1/12] Loss: 0.6800, Accuracy: 56.65 %, Epsilon: 0.11, Delta: 0.0030
-------------------------------
-------- Validation --------
Predictions - 1s: 422, 0s: 146
True Labels - 1s: 317, 0s: 251
Validation Loss: 0.6254, Validation Accuracy: 67.08 %
-------- Validation finished --------
Updated best model in epoch 1 saved with Validation Loss: 0.6254 and Validation Accuracy: 67.08 %
-------------------------------
Epoch [2/12], Step [100/568], Loss: 0.6676, Accuracy: 58.00 %, Epsilon: 0.13, Delta: 0.0030
Epoch [2/12], Step [200/568], Loss: 0.6666, Accuracy: 57.50 %, Epsilon: 0.14, Delta: 0.0030
Epoch [2/12], Step [300/568], Loss: 0.6879, Accuracy: 57.00 %, Epsilon: 0.15, Delta: 0.0030
Epoch [2/12], Step [400/568], Loss: 0.6904, Accuracy: 57.31 %, Epsilon: 0.16, Delta: 0.0030
Epoch [2/12], Step [500/568], Loss: 0.7245, Accuracy: 56.35 %, Epsilon: 0.17, Delta: 0.0030
Predictions - 1s: 2085, 0s: 185
True Labels - 1s: 1171, 0s: 1099
-------------------------------
Epoch [2/12] Loss: 0.7409, Accuracy: 56.48 %, Epsilon: 0.17, Delta: 0.0030
-------------------------------
-------- Validation --------
Predictions - 1s: 552, 0s: 16
True Labels - 1s: 317, 0s: 251
Validation Loss: 0.8875, Validation Accuracy: 58.27 %
-------- Validation finished --------
Epoch [3/12], Step [100/568], Loss: 0.9285, Accuracy: 52.25 %, Epsilon: 0.18, Delta: 0.0030
Epoch [3/12], Step [200/568], Loss: 0.9139, Accuracy: 53.75 %, Epsilon: 0.19, Delta: 0.0030
Epoch [3/12], Step [300/568], Loss: 0.9163, Accuracy: 54.08 %, Epsilon: 0.20, Delta: 0.0030
Epoch [3/12], Step [400/568], Loss: 0.9029, Accuracy: 56.12 %, Epsilon: 0.21, Delta: 0.0030
Epoch [3/12], Step [500/568], Loss: 0.9395, Accuracy: 55.70 %, Epsilon: 0.21, Delta: 0.0030
Predictions - 1s: 2170, 0s: 100
True Labels - 1s: 1171, 0s: 1099
-------------------------------
Epoch [3/12] Loss: 0.9606, Accuracy: 55.29 %, Epsilon: 0.22, Delta: 0.0030
-------------------------------
-------- Validation --------
Predictions - 1s: 544, 0s: 24
True Labels - 1s: 317, 0s: 251
Validation Loss: 0.9617, Validation Accuracy: 59.33 %
-------- Validation finished --------
Epoch [4/12], Step [100/568], Loss: 0.9263, Accuracy: 56.75 %, Epsilon: 0.23, Delta: 0.0030
Epoch [4/12], Step [200/568], Loss: 0.8979, Accuracy: 58.25 %, Epsilon: 0.23, Delta: 0.0030
Epoch [4/12], Step [300/568], Loss: 0.9245, Accuracy: 57.83 %, Epsilon: 0.24, Delta: 0.0030
Epoch [4/12], Step [400/568], Loss: 0.9254, Accuracy: 57.75 %, Epsilon: 0.25, Delta: 0.0030
Epoch [4/12], Step [500/568], Loss: 0.9290, Accuracy: 58.25 %, Epsilon: 0.25, Delta: 0.0030
Predictions - 1s: 2101, 0s: 169
True Labels - 1s: 1171, 0s: 1099
-------------------------------
Epoch [4/12] Loss: 0.9479, Accuracy: 57.62 %, Epsilon: 0.26, Delta: 0.0030
-------------------------------
-------- Validation --------
Predictions - 1s: 524, 0s: 44
True Labels - 1s: 317, 0s: 251
Validation Loss: 0.8744, Validation Accuracy: 61.09 %
-------- Validation finished --------
Epoch [5/12], Step [100/568], Loss: 0.8154, Accuracy: 59.50 %, Epsilon: 0.27, Delta: 0.0030
Epoch [5/12], Step [200/568], Loss: 0.8175, Accuracy: 60.88 %, Epsilon: 0.27, Delta: 0.0030
Epoch [5/12], Step [300/568], Loss: 0.8092, Accuracy: 61.08 %, Epsilon: 0.28, Delta: 0.0030
Epoch [5/12], Step [400/568], Loss: 0.7905, Accuracy: 61.88 %, Epsilon: 0.29, Delta: 0.0030
Epoch [5/12], Step [500/568], Loss: 0.8045, Accuracy: 61.35 %, Epsilon: 0.29, Delta: 0.0030
Predictions - 1s: 1915, 0s: 355
True Labels - 1s: 1171, 0s: 1099
-------------------------------
Epoch [5/12] Loss: 0.8011, Accuracy: 61.67 %, Epsilon: 0.30, Delta: 0.0030
-------------------------------
-------- Validation --------
Predictions - 1s: 458, 0s: 110
True Labels - 1s: 317, 0s: 251
Validation Loss: 0.7538, Validation Accuracy: 66.02 %
-------- Validation finished --------
Epoch [6/12], Step [100/568], Loss: 0.6976, Accuracy: 67.50 %, Epsilon: 0.30, Delta: 0.0030
Epoch [6/12], Step [200/568], Loss: 0.6854, Accuracy: 67.38 %, Epsilon: 0.31, Delta: 0.0030
Epoch [6/12], Step [300/568], Loss: 0.7289, Accuracy: 65.92 %, Epsilon: 0.31, Delta: 0.0030
Epoch [6/12], Step [400/568], Loss: 0.7366, Accuracy: 65.69 %, Epsilon: 0.32, Delta: 0.0030
Epoch [6/12], Step [500/568], Loss: 0.7292, Accuracy: 65.75 %, Epsilon: 0.33, Delta: 0.0030
Predictions - 1s: 1663, 0s: 607
True Labels - 1s: 1171, 0s: 1099
-------------------------------
Epoch [6/12] Loss: 0.7245, Accuracy: 66.17 %, Epsilon: 0.33, Delta: 0.0030
-------------------------------
-------- Validation --------
Predictions - 1s: 449, 0s: 119
True Labels - 1s: 317, 0s: 251
Validation Loss: 0.7843, Validation Accuracy: 66.20 %
-------- Validation finished --------
Epoch [7/12], Step [100/568], Loss: 0.6442, Accuracy: 70.25 %, Epsilon: 0.33, Delta: 0.0030
Epoch [7/12], Step [200/568], Loss: 0.7177, Accuracy: 68.00 %, Epsilon: 0.34, Delta: 0.0030
Epoch [7/12], Step [300/568], Loss: 0.7253, Accuracy: 67.83 %, Epsilon: 0.35, Delta: 0.0030
Epoch [7/12], Step [400/568], Loss: 0.7528, Accuracy: 66.56 %, Epsilon: 0.35, Delta: 0.0030
Epoch [7/12], Step [500/568], Loss: 0.7232, Accuracy: 67.35 %, Epsilon: 0.36, Delta: 0.0030
Predictions - 1s: 1592, 0s: 678
True Labels - 1s: 1171, 0s: 1099
-------------------------------
Epoch [7/12] Loss: 0.7280, Accuracy: 67.09 %, Epsilon: 0.36, Delta: 0.0030
-------------------------------
-------- Validation --------
Predictions - 1s: 423, 0s: 145
True Labels - 1s: 317, 0s: 251
Validation Loss: 0.7638, Validation Accuracy: 67.25 %
-------- Validation finished --------
Epoch [8/12], Step [100/568], Loss: 0.7900, Accuracy: 65.50 %, Epsilon: 0.37, Delta: 0.0030
Epoch [8/12], Step [200/568], Loss: 0.7360, Accuracy: 69.38 %, Epsilon: 0.37, Delta: 0.0030
