Current configuration:
{
    "concurrency_flag": true,
    "data_distribution": "iid",
    "dataset": "dreaddit",
    "device": "cuda",
    "dp_delta": 0.003,
    "dp_epsilon": 0,
    "eval_batch_size": 4,
    "eval_flag": true,
    "eval_size": 0.2,
    "fed_alg": "fedavg",
    "layers": 3,
    "learning_rate": 6e-05,
    "max_length": 512,
    "ml_mode": "ml",
    "model": "bert_small",
    "model_name": "ml_0_dreaddit",
    "models_path": "/local/vpaloma/fabric-federated-learning/ablation_study/phase-4/final/dp/dreaddit",
    "mu": 0.5,
    "num_clients": 5,
    "num_epochs": 12,
    "num_rounds": 4,
    "optimizer": "AdamW",
    "progress_bar_flag": false,
    "save_model": true,
    "scheduler": "linear",
    "scheduler_warmup_steps": 0,
    "seed": "random",
    "test_flag": true,
    "train_batch_size": 4,
    "train_size": 0.8
}
-------- Configuration loaded --------

-------- Setting device --------
cuda device selected and available.
-------- Device set --------

-------- Setting seed --------
seed set:  227368
-------- Seed set --------

-------- Creating Model --------
-------- Model created --------

-------- Setting Trainable Layers --------
Training the last 3 layers.

Total parameters count: 28764674
Trainable parameters count: 3416066
-------- Trainable Layers set --------

-------- Creating Tokenizer --------
-------- Tokenizer created --------

-------- Creating Train and Eval Dataloaders --------
Train Loader: 2270 total sentences. 568 batches of size 4.
Eval Loader: 568 total sentences. 142 batches of size 4.
-------- Train and Eval Dataloaders created --------

-------- Creating Optimizer --------
-------- Optimizer created --------

-------- Creating Scheduler --------
-------- Scheduler created --------

-------- Training --------
Training with Centralised Machine Learning technology.
Training without differential privacy.
Concurrency flag is set to True, but ml mode is selected. Concurrency flag will be ignored.
Epoch [1/12], Step [100/568], Loss: 0.6202, Accuracy: 67.00 %
Epoch [1/12], Step [200/568], Loss: 0.5691, Accuracy: 69.50 %
Epoch [1/12], Step [300/568], Loss: 0.5556, Accuracy: 70.42 %
Epoch [1/12], Step [400/568], Loss: 0.5349, Accuracy: 72.25 %
Epoch [1/12], Step [500/568], Loss: 0.5200, Accuracy: 73.95 %
Predictions - 1s: 1277, 0s: 993
True Labels - 1s: 1194, 0s: 1076
-------------------------------
Epoch [1/12] Loss: 0.5169, Accuracy: 74.05 %
-------------------------------
-------- Validation --------
Predictions - 1s: 371, 0s: 197
True Labels - 1s: 294, 0s: 274
Validation Loss: 0.4854, Validation Accuracy: 77.29 %
-------- Validation finished --------
Updated best model in epoch 1 saved with Validation Loss: 0.4854 and Validation Accuracy: 77.29 %
-------------------------------
Epoch [2/12], Step [100/568], Loss: 0.4198, Accuracy: 80.25 %
Epoch [2/12], Step [200/568], Loss: 0.4412, Accuracy: 78.62 %
Epoch [2/12], Step [300/568], Loss: 0.4376, Accuracy: 79.92 %
Epoch [2/12], Step [400/568], Loss: 0.4324, Accuracy: 80.12 %
Epoch [2/12], Step [500/568], Loss: 0.4358, Accuracy: 79.55 %
Predictions - 1s: 1244, 0s: 1026
True Labels - 1s: 1194, 0s: 1076
-------------------------------
Epoch [2/12] Loss: 0.4386, Accuracy: 79.38 %
-------------------------------
-------- Validation --------
Predictions - 1s: 374, 0s: 194
True Labels - 1s: 294, 0s: 274
Validation Loss: 0.4743, Validation Accuracy: 77.82 %
-------- Validation finished --------
Updated best model in epoch 2 saved with Validation Loss: 0.4743 and Validation Accuracy: 77.82 %
-------------------------------
Epoch [3/12], Step [100/568], Loss: 0.3646, Accuracy: 83.00 %
Epoch [3/12], Step [200/568], Loss: 0.3671, Accuracy: 82.62 %
Epoch [3/12], Step [300/568], Loss: 0.3728, Accuracy: 82.58 %
Epoch [3/12], Step [400/568], Loss: 0.3760, Accuracy: 82.56 %
Epoch [3/12], Step [500/568], Loss: 0.3875, Accuracy: 81.95 %
Predictions - 1s: 1242, 0s: 1028
True Labels - 1s: 1194, 0s: 1076
-------------------------------
Epoch [3/12] Loss: 0.3989, Accuracy: 80.97 %
-------------------------------
-------- Validation --------
Predictions - 1s: 302, 0s: 266
True Labels - 1s: 294, 0s: 274
Validation Loss: 0.4250, Validation Accuracy: 79.93 %
-------- Validation finished --------
Updated best model in epoch 3 saved with Validation Loss: 0.4250 and Validation Accuracy: 79.93 %
-------------------------------
Epoch [4/12], Step [100/568], Loss: 0.3775, Accuracy: 82.00 %
Epoch [4/12], Step [200/568], Loss: 0.3746, Accuracy: 80.88 %
Epoch [4/12], Step [300/568], Loss: 0.3523, Accuracy: 83.08 %
Epoch [4/12], Step [400/568], Loss: 0.3486, Accuracy: 83.19 %
Epoch [4/12], Step [500/568], Loss: 0.3485, Accuracy: 83.45 %
Predictions - 1s: 1212, 0s: 1058
True Labels - 1s: 1194, 0s: 1076
-------------------------------
Epoch [4/12] Loss: 0.3475, Accuracy: 83.70 %
-------------------------------
-------- Validation --------
Predictions - 1s: 359, 0s: 209
True Labels - 1s: 294, 0s: 274
Validation Loss: 0.4740, Validation Accuracy: 79.40 %
-------- Validation finished --------
Epoch [5/12], Step [100/568], Loss: 0.2394, Accuracy: 89.50 %
Epoch [5/12], Step [200/568], Loss: 0.2589, Accuracy: 88.50 %
Epoch [5/12], Step [300/568], Loss: 0.2970, Accuracy: 86.92 %
Epoch [5/12], Step [400/568], Loss: 0.2979, Accuracy: 87.19 %
Epoch [5/12], Step [500/568], Loss: 0.2999, Accuracy: 86.95 %
Predictions - 1s: 1228, 0s: 1042
True Labels - 1s: 1194, 0s: 1076
-------------------------------
Epoch [5/12] Loss: 0.2991, Accuracy: 87.14 %
-------------------------------
-------- Validation --------
Predictions - 1s: 332, 0s: 236
True Labels - 1s: 294, 0s: 274
Validation Loss: 0.4999, Validation Accuracy: 79.93 %
-------- Validation finished --------
Epoch [6/12], Step [100/568], Loss: 0.2204, Accuracy: 90.75 %
Epoch [6/12], Step [200/568], Loss: 0.2271, Accuracy: 90.25 %
Epoch [6/12], Step [300/568], Loss: 0.2353, Accuracy: 89.92 %
Epoch [6/12], Step [400/568], Loss: 0.2419, Accuracy: 89.50 %
Epoch [6/12], Step [500/568], Loss: 0.2425, Accuracy: 89.65 %
Predictions - 1s: 1208, 0s: 1062
True Labels - 1s: 1194, 0s: 1076
-------------------------------
Epoch [6/12] Loss: 0.2454, Accuracy: 89.25 %
-------------------------------
-------- Validation --------
Predictions - 1s: 326, 0s: 242
True Labels - 1s: 294, 0s: 274
Validation Loss: 0.4645, Validation Accuracy: 79.23 %
-------- Validation finished --------
Epoch [7/12], Step [100/568], Loss: 0.1760, Accuracy: 94.50 %
Epoch [7/12], Step [200/568], Loss: 0.2002, Accuracy: 92.12 %
Epoch [7/12], Step [300/568], Loss: 0.1952, Accuracy: 92.33 %
Epoch [7/12], Step [400/568], Loss: 0.2016, Accuracy: 92.19 %
Epoch [7/12], Step [500/568], Loss: 0.2058, Accuracy: 91.65 %
Predictions - 1s: 1200, 0s: 1070
True Labels - 1s: 1194, 0s: 1076
-------------------------------
Epoch [7/12] Loss: 0.2028, Accuracy: 91.63 %
-------------------------------
-------- Validation --------
Predictions - 1s: 338, 0s: 230
True Labels - 1s: 294, 0s: 274
Validation Loss: 0.5322, Validation Accuracy: 79.23 %
-------- Validation finished --------
Epoch [8/12], Step [100/568], Loss: 0.1424, Accuracy: 93.75 %
Epoch [8/12], Step [200/568], Loss: 0.1463, Accuracy: 94.25 %
Epoch [8/12], Step [300/568], Loss: 0.1597, Accuracy: 93.75 %
Epoch [8/12], Step [400/568], Loss: 0.1566, Accuracy: 93.62 %
Epoch [8/12], Step [500/568], Loss: 0.1643, Accuracy: 93.35 %
Predictions - 1s: 1209, 0s: 1061
True Labels - 1s: 1194, 0s: 1076
-------------------------------
Epoch [8/12] Loss: 0.1595, Accuracy: 93.52 %
-------------------------------
-------- Validation --------
Predictions - 1s: 320, 0s: 248
True Labels - 1s: 294, 0s: 274
Validation Loss: 0.5498, Validation Accuracy: 77.82 %
-------- Validation finished --------
Epoch [9/12], Step [100/568], Loss: 0.1435, Accuracy: 92.75 %
Epoch [9/12], Step [200/568], Loss: 0.1242, Accuracy: 94.62 %
Epoch [9/12], Step [300/568], Loss: 0.1216, Accuracy: 94.92 %
Epoch [9/12], Step [400/568], Loss: 0.1267, Accuracy: 94.75 %
Epoch [9/12], Step [500/568], Loss: 0.1295, Accuracy: 94.60 %
Predictions - 1s: 1200, 0s: 1070
True Labels - 1s: 1194, 0s: 1076
-------------------------------
Epoch [9/12] Loss: 0.1280, Accuracy: 94.63 %
-------------------------------
-------- Validation --------
Predictions - 1s: 334, 0s: 234
True Labels - 1s: 294, 0s: 274
Validation Loss: 0.6435, Validation Accuracy: 79.93 %
-------- Validation finished --------
Epoch [10/12], Step [100/568], Loss: 0.0878, Accuracy: 98.25 %
Epoch [10/12], Step [200/568], Loss: 0.0946, Accuracy: 97.00 %
Epoch [10/12], Step [300/568], Loss: 0.0910, Accuracy: 97.08 %
Epoch [10/12], Step [400/568], Loss: 0.0944, Accuracy: 96.81 %
Epoch [10/12], Step [500/568], Loss: 0.0979, Accuracy: 96.60 %
Predictions - 1s: 1202, 0s: 1068
True Labels - 1s: 1194, 0s: 1076
-------------------------------
Epoch [10/12] Loss: 0.0990, Accuracy: 96.56 %
-------------------------------
-------- Validation --------
Predictions - 1s: 325, 0s: 243
True Labels - 1s: 294, 0s: 274
Validation Loss: 0.6624, Validation Accuracy: 77.99 %
-------- Validation finished --------
Epoch [11/12], Step [100/568], Loss: 0.0952, Accuracy: 96.75 %
Epoch [11/12], Step [200/568], Loss: 0.0830, Accuracy: 97.00 %
Epoch [11/12], Step [300/568], Loss: 0.0927, Accuracy: 96.50 %
Epoch [11/12], Step [400/568], Loss: 0.0925, Accuracy: 96.50 %
Epoch [11/12], Step [500/568], Loss: 0.0967, Accuracy: 96.05 %
Predictions - 1s: 1211, 0s: 1059
True Labels - 1s: 1194, 0s: 1076
-------------------------------
Epoch [11/12] Loss: 0.0939, Accuracy: 96.34 %
-------------------------------
-------- Validation --------
Predictions - 1s: 321, 0s: 247
True Labels - 1s: 294, 0s: 274
Validation Loss: 0.6641, Validation Accuracy: 79.05 %
-------- Validation finished --------
Epoch [12/12], Step [100/568], Loss: 0.0799, Accuracy: 97.00 %
Epoch [12/12], Step [200/568], Loss: 0.0933, Accuracy: 96.38 %
Epoch [12/12], Step [300/568], Loss: 0.0919, Accuracy: 96.58 %
Epoch [12/12], Step [400/568], Loss: 0.0901, Accuracy: 96.75 %
Epoch [12/12], Step [500/568], Loss: 0.0882, Accuracy: 96.80 %
Predictions - 1s: 1193, 0s: 1077
True Labels - 1s: 1194, 0s: 1076
-------------------------------
Epoch [12/12] Loss: 0.0884, Accuracy: 96.78 %
-------------------------------
-------- Validation --------
Predictions - 1s: 315, 0s: 253
True Labels - 1s: 294, 0s: 274
Validation Loss: 0.6700, Validation Accuracy: 78.70 %
-------- Validation finished --------
Best model in epoch 3 saved with with Validation Loss: 0.4250 and Validation Accuracy: 79.93 %

-------- Training finished in 1:53 --------

Test flag enabled. Testing the model

-------- Loading best model from model_path --------
Loaded model bert-small from date 20-04-2024 14:45. Trained with Centralised Machine Learning technology.
Epoch 3, lr: 6e-05, optimizer: AdamW
Train accuracy: 80.97 %, Validation accuracy: 79.93 %
-------- Best model loaded --------

-------- Creating Test Dataloader --------
Test Loader: 715 total sentences. 90 batches of size 8.
-------- Test Dataloader created --------

-------- Testing --------
Predictions - 1s: 397, 0s: 318
True Labels - 1s: 369, 0s: 346
Nº of test samples: 715
Accuracy: 75.38%
Accuracy 2 : 75.38%
Precision: 75.52%
Recall: 75.23%
F1 Score: 75.26%
Classification report:
              precision    recall  f1-score   support

           0     0.7673    0.7052    0.7349       346
           1     0.7431    0.7995    0.7702       369

    accuracy                         0.7538       715
   macro avg     0.7552    0.7523    0.7526       715
weighted avg     0.7548    0.7538    0.7532       715

-------- Testing finished --------
