Current configuration:
{
    "concurrency_flag": false,
    "data_distribution": "iid",
    "dataset": "twitter_dep",
    "device": "cuda",
    "dp_delta": 0.003,
    "dp_epsilon": 0,
    "eval_batch_size": 4,
    "eval_flag": true,
    "eval_size": 0.2,
    "fed_alg": "fedprox",
    "layers": 3,
    "learning_rate": 0.0006,
    "max_length": 512,
    "ml_mode": "fl",
    "model": "bert_small",
    "model_name": "fedprox_iid_twitter_dep",
    "models_path": "/local/vpaloma/fabric-federated-learning/ablation_study/5-fed-data_dist-dataset/6e-4/twitter_dep",
    "mu": 0.5,
    "num_clients": 5,
    "num_epochs": 3,
    "num_rounds": 4,
    "optimizer": "AdamW",
    "progress_bar_flag": false,
    "save_model": true,
    "scheduler": "linear",
    "scheduler_warmup_steps": 0,
    "seed": 0,
    "test_flag": true,
    "train_batch_size": 4,
    "train_size": 0.8
}
-------- Configuration loaded --------

-------- Setting device --------
cuda device selected and available.
-------- Device set --------

-------- Setting seed --------
-------- Seed set --------

-------- Creating Model --------
-------- Model created --------

-------- Setting Trainable Layers --------
Training the last 3 layers.

Total parameters count: 28764674
Trainable parameters count: 3416066
-------- Trainable Layers set --------

-------- Creating Tokenizer --------
-------- Tokenizer created --------

-------- Creating Train and Eval Dataloaders --------
Train Loader: 1982 total sentences. 496 batches of size 4.
Eval Loader: 496 total sentences. 124 batches of size 4.
-------- Train and Eval Dataloaders created --------

-------- Training --------
Training with Federated Learning technology.
Training without differential privacy.
Federated proximal algorithm selected.
Using mu value of 0.5.

Round 1 of 4
-------------------------------
Client 1 of 5: Local Epoch [1/3] Loss: 1.4081, Accuracy: 71.72 %
Client 1 of 5: Local Epoch [2/3] Loss: 1.0683, Accuracy: 73.23 %
Client 1 of 5: Local Epoch [3/3] Loss: 0.8271, Accuracy: 70.96 %
Client 2 of 5: Local Epoch [1/3] Loss: 1.3116, Accuracy: 73.99 %
Client 2 of 5: Local Epoch [2/3] Loss: 0.9964, Accuracy: 73.23 %
Client 2 of 5: Local Epoch [3/3] Loss: 0.7909, Accuracy: 74.24 %
Client 3 of 5: Local Epoch [1/3] Loss: 1.3080, Accuracy: 73.23 %
Client 3 of 5: Local Epoch [2/3] Loss: 1.0152, Accuracy: 72.47 %
Client 3 of 5: Local Epoch [3/3] Loss: 0.8089, Accuracy: 72.98 %
Client 4 of 5: Local Epoch [1/3] Loss: 1.3484, Accuracy: 69.70 %
Client 4 of 5: Local Epoch [2/3] Loss: 1.0358, Accuracy: 73.74 %
Client 4 of 5: Local Epoch [3/3] Loss: 0.8213, Accuracy: 75.51 %
Client 5 of 5: Local Epoch [1/3] Loss: 1.2501, Accuracy: 71.36 %
Client 5 of 5: Local Epoch [2/3] Loss: 0.9758, Accuracy: 74.37 %
Client 5 of 5: Local Epoch [3/3] Loss: 0.7782, Accuracy: 74.62 %
-------------------------------
Round [1/4] Average Local Loss: 0.8053, Average Local Accuracy: 73.66 %
-------------------------------
-------- Validation --------
Round [1/4] Global Model Validation Loss: 0.5138, Validation Accuracy: 75.81 %
-------- Validation finished --------
Updated best model in round 1 saved with Validation Accuracy: 75.81 %
-------------------------------

Round 2 of 4
-------------------------------
Client 1 of 5: Local Epoch [1/3] Loss: 1.3015, Accuracy: 75.76 %
Client 1 of 5: Local Epoch [2/3] Loss: 1.0680, Accuracy: 74.24 %
Client 1 of 5: Local Epoch [3/3] Loss: 0.7187, Accuracy: 78.03 %
Client 2 of 5: Local Epoch [1/3] Loss: 1.3156, Accuracy: 70.45 %
Client 2 of 5: Local Epoch [2/3] Loss: 0.9244, Accuracy: 75.51 %
Client 2 of 5: Local Epoch [3/3] Loss: 0.7072, Accuracy: 76.26 %
Client 3 of 5: Local Epoch [1/3] Loss: 1.2712, Accuracy: 72.22 %
Client 3 of 5: Local Epoch [2/3] Loss: 1.0428, Accuracy: 72.47 %
Client 3 of 5: Local Epoch [3/3] Loss: 0.6878, Accuracy: 77.53 %
Client 4 of 5: Local Epoch [1/3] Loss: 1.4096, Accuracy: 68.69 %
Client 4 of 5: Local Epoch [2/3] Loss: 1.0486, Accuracy: 74.24 %
Client 4 of 5: Local Epoch [3/3] Loss: 0.7081, Accuracy: 78.03 %
Client 5 of 5: Local Epoch [1/3] Loss: 1.2753, Accuracy: 75.88 %
Client 5 of 5: Local Epoch [2/3] Loss: 0.9408, Accuracy: 76.13 %
Client 5 of 5: Local Epoch [3/3] Loss: 0.6761, Accuracy: 77.14 %
-------------------------------
Round [2/4] Average Local Loss: 0.6995, Average Local Accuracy: 77.40 %
-------------------------------
-------- Validation --------
Round [2/4] Global Model Validation Loss: 0.4882, Validation Accuracy: 76.41 %
-------- Validation finished --------
Updated best model in round 2 saved with Validation Accuracy: 76.41 %
-------------------------------

Round 3 of 4
-------------------------------
Client 1 of 5: Local Epoch [1/3] Loss: 1.3946, Accuracy: 69.70 %
Client 1 of 5: Local Epoch [2/3] Loss: 0.9629, Accuracy: 79.55 %
Client 1 of 5: Local Epoch [3/3] Loss: 0.6882, Accuracy: 77.78 %
Client 2 of 5: Local Epoch [1/3] Loss: 1.2190, Accuracy: 75.76 %
Client 2 of 5: Local Epoch [2/3] Loss: 0.9081, Accuracy: 76.01 %
Client 2 of 5: Local Epoch [3/3] Loss: 0.7055, Accuracy: 77.27 %
Client 3 of 5: Local Epoch [1/3] Loss: 1.3149, Accuracy: 72.47 %
Client 3 of 5: Local Epoch [2/3] Loss: 0.9661, Accuracy: 74.24 %
Client 3 of 5: Local Epoch [3/3] Loss: 0.6990, Accuracy: 78.79 %
Client 4 of 5: Local Epoch [1/3] Loss: 1.3057, Accuracy: 76.77 %
Client 4 of 5: Local Epoch [2/3] Loss: 0.9952, Accuracy: 78.54 %
Client 4 of 5: Local Epoch [3/3] Loss: 0.7176, Accuracy: 79.04 %
Client 5 of 5: Local Epoch [1/3] Loss: 1.2690, Accuracy: 73.62 %
Client 5 of 5: Local Epoch [2/3] Loss: 1.0120, Accuracy: 75.63 %
Client 5 of 5: Local Epoch [3/3] Loss: 0.6804, Accuracy: 76.38 %
-------------------------------
Round [3/4] Average Local Loss: 0.6981, Average Local Accuracy: 77.85 %
-------------------------------
-------- Validation --------
Round [3/4] Global Model Validation Loss: 0.4732, Validation Accuracy: 76.61 %
-------- Validation finished --------
Updated best model in round 3 saved with Validation Accuracy: 76.61 %
-------------------------------

Round 4 of 4
-------------------------------
Client 1 of 5: Local Epoch [1/3] Loss: 1.3808, Accuracy: 71.97 %
Client 1 of 5: Local Epoch [2/3] Loss: 0.9832, Accuracy: 78.28 %
Client 1 of 5: Local Epoch [3/3] Loss: 0.6900, Accuracy: 79.55 %
Client 2 of 5: Local Epoch [1/3] Loss: 1.3401, Accuracy: 73.23 %
Client 2 of 5: Local Epoch [2/3] Loss: 0.9455, Accuracy: 77.78 %
Client 2 of 5: Local Epoch [3/3] Loss: 0.6798, Accuracy: 77.02 %
Client 3 of 5: Local Epoch [1/3] Loss: 1.3615, Accuracy: 70.96 %
Client 3 of 5: Local Epoch [2/3] Loss: 0.9727, Accuracy: 76.52 %
Client 3 of 5: Local Epoch [3/3] Loss: 0.6976, Accuracy: 75.25 %
Client 4 of 5: Local Epoch [1/3] Loss: 1.3725, Accuracy: 74.24 %
Client 4 of 5: Local Epoch [2/3] Loss: 1.0491, Accuracy: 72.22 %
Client 4 of 5: Local Epoch [3/3] Loss: 0.6592, Accuracy: 80.56 %
Client 5 of 5: Local Epoch [1/3] Loss: 1.3463, Accuracy: 75.63 %
Client 5 of 5: Local Epoch [2/3] Loss: 0.9208, Accuracy: 77.89 %
Client 5 of 5: Local Epoch [3/3] Loss: 0.6825, Accuracy: 78.14 %
-------------------------------
Round [4/4] Average Local Loss: 0.6818, Average Local Accuracy: 78.10 %
-------------------------------
-------- Validation --------
Round [4/4] Global Model Validation Loss: 0.4670, Validation Accuracy: 76.61 %
-------- Validation finished --------
Updated best model in round 4 saved with Validation Accuracy: 76.61 %
-------------------------------
Best model in round 4 saved with Validation Accuracy: 76.61 %

-------- Training finished in 16:37 --------

Test flag enabled. Testing the model

-------- Loading best model from model_path --------
Loaded model bert-small from date 06-02-2024 15:47. Trained with Federated Learning technology.
Round 4, lr: 0.0006, optimizer: AdamW
Average train accuracy: 78.10 %, Validation accuracy: 76.61 %
-------- Best model loaded --------

-------- Creating Test Dataloader --------
Test Loader: 618 total sentences. 78 batches of size 8.
-------- Test Dataloader created --------

-------- Testing --------
Nº of test samples: 618
Accuracy: 80.42%
Precision: 77.38%
Recall: 69.21%
F1 Score: 71.41%
-------- Testing finished --------
