Current configuration:
{
    "concurrency_flag": true,
    "data_distribution": "iid",
    "dataset": "acl_dep_sad",
    "device": "cuda",
    "dp_delta": 0.003,
    "dp_epsilon": 10,
    "eval_batch_size": 4,
    "eval_flag": true,
    "eval_size": 0.2,
    "fed_alg": "fedavg",
    "layers": 3,
    "learning_rate": 0.006,
    "max_length": 512,
    "ml_mode": "bcfl",
    "model": "bert_small",
    "model_name": "bcfl_10_seed9_acl_dep_sad",
    "models_path": "/local/vpaloma/fabric-federated-learning/ablation_study/phase-4/final/dp/acl_dep_sad",
    "mu": 0.5,
    "num_clients": 5,
    "num_epochs": 3,
    "num_rounds": 4,
    "optimizer": "AdamW",
    "progress_bar_flag": false,
    "save_model": true,
    "scheduler": "linear",
    "scheduler_warmup_steps": 0,
    "seed": "random",
    "test_flag": true,
    "train_batch_size": 4,
    "train_size": 0.8
}
-------- Configuration loaded --------

-------- Setting device --------
cuda device selected and available.
-------- Device set --------

-------- Setting seed --------
seed set:  956725
-------- Seed set --------

-------- Creating Model --------
-------- Model created --------

-------- Setting Trainable Layers --------
Training the last 3 layers.

Total parameters count: 28764674
Trainable parameters count: 3416066
-------- Trainable Layers set --------

-------- Creating Tokenizer --------
-------- Tokenizer created --------

-------- Creating Train and Eval Dataloaders --------
Train Loader: 2085 total sentences. 522 batches of size 4.
Eval Loader: 521 total sentences. 131 batches of size 4.
-------- Train and Eval Dataloaders created --------

-------- Training --------
Training with Blockchain-Based Federated Learning technology.
Training with differential privacy.
Federated averaging algorithm selected.
Client 0: Label 0: 232, Label 1: 185
Client 1: Label 0: 235, Label 1: 182
Client 2: Label 0: 247, Label 1: 170
Client 3: Label 0: 260, Label 1: 157
Client 4: Label 0: 259, Label 1: 158

Round 1 of 4
-------------------------------
max_grad_norm:  1.5
max_grad_norm:  1.5
max_grad_norm:  1.5
max_grad_norm:  1.5
max_grad_norm:  1.5
Predictions - 1s: 28, 0s: 389
True Labels - 1s: 185, 0s: 232
Predictions - 1s: 10, 0s: 407
True Labels - 1s: 158, 0s: 259
Predictions - 1s: 38, 0s: 379
Predictions - 1s: 15, 0s: 402
True Labels - 1s: 157, 0s: 260
Predictions - 1s: 20, 0s: 397
True Labels - 1s: 182, 0s: 235
True Labels - 1s: 170, 0s: 247
Client 1 of 5: Local Epoch [1/3] Loss: 0.9735, Accuracy: 56.59 %, Epsilon: 10.03, Delta: 0.0030
Client 5 of 5: Local Epoch [1/3] Loss: 1.2870, Accuracy: 61.63 %, Epsilon: 10.03, Delta: 0.0030
Client 4 of 5: Local Epoch [1/3] Loss: 1.0893, Accuracy: 64.75 %, Epsilon: 10.03, Delta: 0.0030
Client 2 of 5: Local Epoch [1/3] Loss: 1.0985, Accuracy: 57.55 %, Epsilon: 10.03, Delta: 0.0030
Client 3 of 5: Local Epoch [1/3] Loss: 1.0820, Accuracy: 57.79 %, Epsilon: 10.03, Delta: 0.0030
Predictions - 1s: 39, 0s: 378
True Labels - 1s: 185, 0s: 232
Predictions - 1s: 6, 0s: 411
True Labels - 1s: 158, 0s: 259
Client 1 of 5: Local Epoch [2/3] Loss: 0.9173, Accuracy: 61.63 %, Epsilon: 13.49, Delta: 0.0030
Client 5 of 5: Local Epoch [2/3] Loss: 1.2032, Accuracy: 63.55 %, Epsilon: 13.49, Delta: 0.0030
Predictions - 1s: 111, 0s: 306
True Labels - 1s: 185, 0s: 232
Client 1 of 5: Local Epoch [3/3] Loss: 0.6644, Accuracy: 72.18 %, Epsilon: 16.33, Delta: 0.0030
Predictions - 1s: 12, 0s: 405
True Labels - 1s: 158, 0s: 259
Client 5 of 5: Local Epoch [3/3] Loss: 1.2682, Accuracy: 64.03 %, Epsilon: 16.33, Delta: 0.0030
Predictions - 1s: 8, 0s: 409
True Labels - 1s: 157, 0s: 260
Predictions - 1s: 62, 0s: 355
True Labels - 1s: 182, 0s: 235
Predictions - 1s: 9, 0s: 408
True Labels - 1s: 170, 0s: 247
Client 4 of 5: Local Epoch [2/3] Loss: 1.0718, Accuracy: 64.27 %, Epsilon: 13.49, Delta: 0.0030
Client 3 of 5: Local Epoch [2/3] Loss: 1.1635, Accuracy: 61.39 %, Epsilon: 13.49, Delta: 0.0030
Client 2 of 5: Local Epoch [2/3] Loss: 0.7229, Accuracy: 66.91 %, Epsilon: 13.49, Delta: 0.0030
Predictions - 1s: 13, 0s: 404
True Labels - 1s: 157, 0s: 260
Client 4 of 5: Local Epoch [3/3] Loss: 1.0353, Accuracy: 65.47 %, Epsilon: 16.33, Delta: 0.0030
Predictions - 1s: 34, 0s: 383
True Labels - 1s: 170, 0s: 247
Predictions - 1s: 100, 0s: 317
True Labels - 1s: 182, 0s: 235
Client 3 of 5: Local Epoch [3/3] Loss: 0.9307, Accuracy: 64.51 %, Epsilon: 16.33, Delta: 0.0030
Client 2 of 5: Local Epoch [3/3] Loss: 0.5766, Accuracy: 74.10 %, Epsilon: 16.33, Delta: 0.0030
-------------------------------
Round [1/4] Average Local Loss: 0.8950, Average Local Accuracy: 68.06 %
-------------------------------
-------- Validation --------
Predictions - 1s: 0, 0s: 521
True Labels - 1s: 222, 0s: 299
Round [1/4] Global Model Validation Loss: 1.1080, Validation Accuracy: 57.39 %
-------- Validation finished --------
Updated best model in round 1 saved with Validation Loss: 1.1080 and Validation Accuracy: 57.39 %
-------------------------------

Round 2 of 4
-------------------------------
max_grad_norm:  1.5
max_grad_norm:  1.5
max_grad_norm:  1.5
max_grad_norm:  1.5
max_grad_norm:  1.5
Predictions - 1s: 6, 0s: 411
True Labels - 1s: 158, 0s: 259
Predictions - 1s: 12, 0s: 405
True Labels - 1s: 170, 0s: 247
Client 5 of 5: Local Epoch [1/3] Loss: 1.2363, Accuracy: 63.07 %, Epsilon: 10.03, Delta: 0.0030
Client 3 of 5: Local Epoch [1/3] Loss: 1.0510, Accuracy: 60.19 %, Epsilon: 10.03, Delta: 0.0030
Predictions - 1s: 11, 0s: 406
True Labels - 1s: 158, 0s: 259
Predictions - 1s: 55, 0s: 362
True Labels - 1s: 170, 0s: 247
Client 5 of 5: Local Epoch [2/3] Loss: 1.2221, Accuracy: 63.31 %, Epsilon: 13.49, Delta: 0.0030
Client 3 of 5: Local Epoch [2/3] Loss: 0.8173, Accuracy: 67.63 %, Epsilon: 13.49, Delta: 0.0030
Predictions - 1s: 52, 0s: 365
True Labels - 1s: 182, 0s: 235
Predictions - 1s: 2, 0s: 415
True Labels - 1s: 157, 0s: 260
Predictions - 1s: 24, 0s: 393
True Labels - 1s: 185, 0s: 232
Client 2 of 5: Local Epoch [1/3] Loss: 0.9887, Accuracy: 62.11 %, Epsilon: 10.03, Delta: 0.0030
Client 1 of 5: Local Epoch [1/3] Loss: 0.9945, Accuracy: 57.55 %, Epsilon: 10.03, Delta: 0.0030
Client 4 of 5: Local Epoch [1/3] Loss: 1.2207, Accuracy: 62.83 %, Epsilon: 10.03, Delta: 0.0030
Predictions - 1s: 37, 0s: 380
True Labels - 1s: 158, 0s: 259
Client 5 of 5: Local Epoch [3/3] Loss: 0.8798, Accuracy: 68.11 %, Epsilon: 16.33, Delta: 0.0030
Predictions - 1s: 75, 0s: 342
True Labels - 1s: 170, 0s: 247
Client 3 of 5: Local Epoch [3/3] Loss: 0.7696, Accuracy: 71.94 %, Epsilon: 16.33, Delta: 0.0030
Predictions - 1s: 83, 0s: 334
Predictions - 1s: 26, 0s: 391
True Labels - 1s: 182, 0s: 235
True Labels - 1s: 185, 0s: 232
Predictions - 1s: 6, 0s: 411
True Labels - 1s: 157, 0s: 260
Client 1 of 5: Local Epoch [2/3] Loss: 1.0444, Accuracy: 58.99 %, Epsilon: 13.49, Delta: 0.0030
Client 2 of 5: Local Epoch [2/3] Loss: 0.7099, Accuracy: 71.46 %, Epsilon: 13.49, Delta: 0.0030
Client 4 of 5: Local Epoch [2/3] Loss: 1.1440, Accuracy: 63.31 %, Epsilon: 13.49, Delta: 0.0030
Predictions - 1s: 52, 0s: 365
True Labels - 1s: 185, 0s: 232
Predictions - 1s: 149, 0s: 268
True Labels - 1s: 182, 0s: 235
Client 2 of 5: Local Epoch [3/3] Loss: 0.6019, Accuracy: 74.34 %, Epsilon: 16.33, Delta: 0.0030
Predictions - 1s: 15, 0s: 402
True Labels - 1s: 157, 0s: 260
Client 1 of 5: Local Epoch [3/3] Loss: 1.0529, Accuracy: 61.39 %, Epsilon: 16.33, Delta: 0.0030
Client 4 of 5: Local Epoch [3/3] Loss: 1.0259, Accuracy: 64.99 %, Epsilon: 16.33, Delta: 0.0030
-------------------------------
Round [2/4] Average Local Loss: 0.8660, Average Local Accuracy: 68.15 %
-------------------------------
-------- Validation --------
Predictions - 1s: 2, 0s: 519
True Labels - 1s: 222, 0s: 299
Round [2/4] Global Model Validation Loss: 1.4486, Validation Accuracy: 57.77 %
-------- Validation finished --------

Round 3 of 4
-------------------------------
max_grad_norm:  1.5
max_grad_norm:  1.5
max_grad_norm:  1.5
max_grad_norm:  1.5
max_grad_norm:  1.5
Predictions - 1s: 43, 0s: 374
True Labels - 1s: 157, 0s: 260
Predictions - 1s: 23, 0s: 394
True Labels - 1s: 170, 0s: 247
Client 4 of 5: Local Epoch [1/3] Loss: 0.9567, Accuracy: 68.82 %, Epsilon: 10.03, Delta: 0.0030
Client 3 of 5: Local Epoch [1/3] Loss: 1.0790, Accuracy: 63.79 %, Epsilon: 10.03, Delta: 0.0030
Predictions - 1s: 34, 0s: 383
True Labels - 1s: 182, 0s: 235
Client 2 of 5: Local Epoch [1/3] Loss: 1.1848, Accuracy: 59.71 %, Epsilon: 10.03, Delta: 0.0030
Predictions - 1s: 93, 0s: 324
True Labels - 1s: 170, 0s: 247
Predictions - 1s: 18, 0s: 399
True Labels - 1s: 157, 0s: 260
Client 4 of 5: Local Epoch [2/3] Loss: 1.0734, Accuracy: 65.71 %, Epsilon: 13.49, Delta: 0.0030
Client 3 of 5: Local Epoch [2/3] Loss: 0.7787, Accuracy: 69.06 %, Epsilon: 13.49, Delta: 0.0030
Predictions - 1s: 48, 0s: 369
True Labels - 1s: 185, 0s: 232
Predictions - 1s: 10, 0s: 407
True Labels - 1s: 158, 0s: 259
Client 5 of 5: Local Epoch [1/3] Loss: 1.1375, Accuracy: 62.59 %, Epsilon: 10.03, Delta: 0.0030
Client 1 of 5: Local Epoch [1/3] Loss: 1.0683, Accuracy: 61.39 %, Epsilon: 10.03, Delta: 0.0030
Predictions - 1s: 109, 0s: 308
True Labels - 1s: 182, 0s: 235
Client 2 of 5: Local Epoch [2/3] Loss: 0.8036, Accuracy: 69.06 %, Epsilon: 13.49, Delta: 0.0030
Predictions - 1s: 41, 0s: 376
True Labels - 1s: 157, 0s: 260
Predictions - 1s: 65, 0s: 352
True Labels - 1s: 170, 0s: 247
Client 3 of 5: Local Epoch [3/3] Loss: 0.8082, Accuracy: 71.46 %, Epsilon: 16.33, Delta: 0.0030
Client 4 of 5: Local Epoch [3/3] Loss: 0.8384, Accuracy: 69.78 %, Epsilon: 16.33, Delta: 0.0030
Predictions - 1s: 107, 0s: 310
True Labels - 1s: 182, 0s: 235
Client 2 of 5: Local Epoch [3/3] Loss: 0.7551, Accuracy: 72.42 %, Epsilon: 16.33, Delta: 0.0030
Predictions - 1s: 31, 0s: 386
True Labels - 1s: 185, 0s: 232
Predictions - 1s: 39, 0s: 378
True Labels - 1s: 158, 0s: 259
Client 5 of 5: Local Epoch [2/3] Loss: 0.9225, Accuracy: 67.15 %, Epsilon: 13.49, Delta: 0.0030
Client 1 of 5: Local Epoch [2/3] Loss: 1.1407, Accuracy: 61.15 %, Epsilon: 13.49, Delta: 0.0030
Predictions - 1s: 43, 0s: 374
True Labels - 1s: 158, 0s: 259
Predictions - 1s: 40, 0s: 377
True Labels - 1s: 185, 0s: 232
Client 5 of 5: Local Epoch [3/3] Loss: 0.9119, Accuracy: 69.54 %, Epsilon: 16.33, Delta: 0.0030
Client 1 of 5: Local Epoch [3/3] Loss: 1.0043, Accuracy: 59.95 %, Epsilon: 16.33, Delta: 0.0030
-------------------------------
Round [3/4] Average Local Loss: 0.8636, Average Local Accuracy: 68.63 %
-------------------------------
-------- Validation --------
Predictions - 1s: 28, 0s: 493
True Labels - 1s: 222, 0s: 299
Round [3/4] Global Model Validation Loss: 1.1754, Validation Accuracy: 62.76 %
-------- Validation finished --------

Round 4 of 4
-------------------------------
max_grad_norm:  1.5
max_grad_norm:  1.5
max_grad_norm:  1.5
max_grad_norm:  1.5
max_grad_norm:  1.5
Predictions - 1s: 124, 0s: 293
True Labels - 1s: 170, 0s: 247
Predictions - 1s: 101, 0s: 316
True Labels - 1s: 185, 0s: 232
Predictions - 1s: 93, 0s: 324
True Labels - 1s: 182, 0s: 235
Client 3 of 5: Local Epoch [1/3] Loss: 0.7822, Accuracy: 71.70 %, Epsilon: 10.03, Delta: 0.0030
Client 2 of 5: Local Epoch [1/3] Loss: 0.8732, Accuracy: 68.59 %, Epsilon: 10.03, Delta: 0.0030
Client 1 of 5: Local Epoch [1/3] Loss: 0.8884, Accuracy: 68.35 %, Epsilon: 10.03, Delta: 0.0030
Predictions - 1s: 53, 0s: 364
True Labels - 1s: 157, 0s: 260
Predictions - 1s: 33, 0s: 384
True Labels - 1s: 158, 0s: 259
Client 5 of 5: Local Epoch [1/3] Loss: 1.0148, Accuracy: 67.15 %, Epsilon: 10.03, Delta: 0.0030
Client 4 of 5: Local Epoch [1/3] Loss: 0.9108, Accuracy: 70.26 %, Epsilon: 10.03, Delta: 0.0030
Predictions - 1s: 89, 0s: 328
True Labels - 1s: 170, 0s: 247
Client 3 of 5: Local Epoch [2/3] Loss: 0.7086, Accuracy: 74.82 %, Epsilon: 13.49, Delta: 0.0030
Predictions - 1s: 134, 0s: 283
True Labels - 1s: 182, 0s: 235
Client 2 of 5: Local Epoch [2/3] Loss: 0.6542, Accuracy: 73.62 %, Epsilon: 13.49, Delta: 0.0030
Predictions - 1s: 91, 0s: 326
True Labels - 1s: 185, 0s: 232
Client 1 of 5: Local Epoch [2/3] Loss: 0.9242, Accuracy: 65.47 %, Epsilon: 13.49, Delta: 0.0030
Predictions - 1s: 131, 0s: 286
True Labels - 1s: 170, 0s: 247
Client 3 of 5: Local Epoch [3/3] Loss: 0.5759, Accuracy: 79.14 %, Epsilon: 16.33, Delta: 0.0030
Predictions - 1s: 143, 0s: 274
True Labels - 1s: 182, 0s: 235
Client 2 of 5: Local Epoch [3/3] Loss: 0.6091, Accuracy: 76.26 %, Epsilon: 16.33, Delta: 0.0030
Predictions - 1s: 108, 0s: 309
True Labels - 1s: 185, 0s: 232
Client 1 of 5: Local Epoch [3/3] Loss: 0.9022, Accuracy: 68.11 %, Epsilon: 16.33, Delta: 0.0030
Predictions - 1s: 57, 0s: 360
True Labels - 1s: 157, 0s: 260
Predictions - 1s: 20, 0s: 397
True Labels - 1s: 158, 0s: 259
Client 5 of 5: Local Epoch [2/3] Loss: 1.1954, Accuracy: 63.55 %, Epsilon: 13.49, Delta: 0.0030
Client 4 of 5: Local Epoch [2/3] Loss: 0.9189, Accuracy: 71.22 %, Epsilon: 13.49, Delta: 0.0030
Predictions - 1s: 31, 0s: 386
True Labels - 1s: 158, 0s: 259
Client 5 of 5: Local Epoch [3/3] Loss: 1.0739, Accuracy: 67.15 %, Epsilon: 16.33, Delta: 0.0030
Predictions - 1s: 62, 0s: 355
True Labels - 1s: 157, 0s: 260
Client 4 of 5: Local Epoch [3/3] Loss: 0.8457, Accuracy: 74.34 %, Epsilon: 16.33, Delta: 0.0030
-------------------------------
Round [4/4] Average Local Loss: 0.8013, Average Local Accuracy: 73.00 %
-------------------------------
-------- Validation --------
Predictions - 1s: 175, 0s: 346
True Labels - 1s: 222, 0s: 299
Round [4/4] Global Model Validation Loss: 0.4485, Validation Accuracy: 83.30 %
-------- Validation finished --------
Updated best model in round 4 saved with Validation Loss: 0.4485 and Validation Accuracy: 83.30 %
-------------------------------
Best model in round 4 saved with Validation Loss: 0.4485 and Validation Accuracy: 83.30 %

-------- Training finished in 9:47 --------

Test flag enabled. Testing the model

-------- Loading best model from model_path --------
Loaded model bert-small from date 20-04-2024 19:54. Trained with Federated Learning technology.
Round 4, lr: 0.006, optimizer: AdamW
Average train accuracy: 73.00 %, Validation accuracy: 83.30 %
-------- Best model loaded --------

-------- Creating Test Dataloader --------
Test Loader: 650 total sentences. 82 batches of size 8.
-------- Test Dataloader created --------

-------- Testing --------
Predictions - 1s: 203, 0s: 447
True Labels - 1s: 268, 0s: 382
Nº of test samples: 650
Accuracy: 80.77%
Accuracy 2 : 80.77%
Precision: 81.98%
Recall: 78.35%
F1 Score: 79.19%
Classification report:
              precision    recall  f1-score   support

           0     0.7875    0.9215    0.8492       382
           1     0.8522    0.6455    0.7346       268

    accuracy                         0.8077       650
   macro avg     0.8198    0.7835    0.7919       650
weighted avg     0.8142    0.8077    0.8020       650

-------- Testing finished --------
