Current configuration:
{
    "concurrency_flag": true,
    "data_distribution": "iid",
    "dataset": "acl_dep_sad",
    "device": "cuda",
    "dp_delta": 0.003,
    "dp_epsilon": 0,
    "eval_batch_size": 4,
    "eval_flag": true,
    "eval_size": 0.2,
    "fed_alg": "fedavg",
    "layers": 3,
    "learning_rate": 6e-05,
    "max_length": 512,
    "ml_mode": "bcfl",
    "model": "bert_small",
    "model_name": "bcfl_0_seed3_acl_dep_sad",
    "models_path": "/local/vpaloma/fabric-federated-learning/ablation_study/phase-4/final/dp/acl_dep_sad",
    "mu": 0.5,
    "num_clients": 5,
    "num_epochs": 3,
    "num_rounds": 4,
    "optimizer": "AdamW",
    "progress_bar_flag": false,
    "save_model": true,
    "scheduler": "linear",
    "scheduler_warmup_steps": 0,
    "seed": "random",
    "test_flag": true,
    "train_batch_size": 4,
    "train_size": 0.8
}
-------- Configuration loaded --------

-------- Setting device --------
cuda device selected and available.
-------- Device set --------

-------- Setting seed --------
seed set:  539877
-------- Seed set --------

-------- Creating Model --------
-------- Model created --------

-------- Setting Trainable Layers --------
Training the last 3 layers.

Total parameters count: 28764674
Trainable parameters count: 3416066
-------- Trainable Layers set --------

-------- Creating Tokenizer --------
-------- Tokenizer created --------

-------- Creating Train and Eval Dataloaders --------
Train Loader: 2085 total sentences. 522 batches of size 4.
Eval Loader: 521 total sentences. 131 batches of size 4.
-------- Train and Eval Dataloaders created --------

-------- Training --------
Training with Blockchain-Based Federated Learning technology.
Training without differential privacy.
Federated averaging algorithm selected.
Client 0: Label 0: 238, Label 1: 179
Client 1: Label 0: 251, Label 1: 166
Client 2: Label 0: 235, Label 1: 182
Client 3: Label 0: 237, Label 1: 180
Client 4: Label 0: 249, Label 1: 168

Round 1 of 4
-------------------------------
Predictions - 1s: 159, 0s: 258
True Labels - 1s: 182, 0s: 235
Client 3 of 5: Local Epoch [1/3] Loss: 0.4821, Accuracy: 76.26 %
Predictions - 1s: 122, 0s: 295
True Labels - 1s: 166, 0s: 251
Client 2 of 5: Local Epoch [1/3] Loss: 0.4397, Accuracy: 82.73 %
Predictions - 1s: 143, 0s: 274
True Labels - 1s: 179, 0s: 238
Client 1 of 5: Local Epoch [1/3] Loss: 0.4348, Accuracy: 77.46 %
Predictions - 1s: 123, 0s: 294
True Labels - 1s: 168, 0s: 249
Client 5 of 5: Local Epoch [1/3] Loss: 0.4505, Accuracy: 79.14 %
Predictions - 1s: 148, 0s: 269
True Labels - 1s: 180, 0s: 237
Client 4 of 5: Local Epoch [1/3] Loss: 0.4585, Accuracy: 78.42 %
Predictions - 1s: 188, 0s: 229
True Labels - 1s: 182, 0s: 235
Client 3 of 5: Local Epoch [2/3] Loss: 0.2765, Accuracy: 90.89 %
Predictions - 1s: 179, 0s: 238
True Labels - 1s: 182, 0s: 235
Client 3 of 5: Local Epoch [3/3] Loss: 0.2555, Accuracy: 91.61 %
Predictions - 1s: 160, 0s: 257
True Labels - 1s: 166, 0s: 251
Client 2 of 5: Local Epoch [2/3] Loss: 0.2566, Accuracy: 89.93 %
Predictions - 1s: 188, 0s: 229
True Labels - 1s: 180, 0s: 237
Client 4 of 5: Local Epoch [2/3] Loss: 0.2411, Accuracy: 93.29 %
Predictions - 1s: 186, 0s: 231
True Labels - 1s: 179, 0s: 238
Client 1 of 5: Local Epoch [2/3] Loss: 0.2482, Accuracy: 90.17 %
Predictions - 1s: 168, 0s: 249
True Labels - 1s: 168, 0s: 249
Client 5 of 5: Local Epoch [2/3] Loss: 0.2278, Accuracy: 92.81 %
Predictions - 1s: 186, 0s: 231
True Labels - 1s: 180, 0s: 237
Client 4 of 5: Local Epoch [3/3] Loss: 0.1993, Accuracy: 93.29 %
Predictions - 1s: 175, 0s: 242
True Labels - 1s: 168, 0s: 249
Client 5 of 5: Local Epoch [3/3] Loss: 0.1860, Accuracy: 93.05 %
Predictions - 1s: 170, 0s: 247
True Labels - 1s: 166, 0s: 251
Client 2 of 5: Local Epoch [3/3] Loss: 0.1931, Accuracy: 92.81 %
Predictions - 1s: 186, 0s: 231
True Labels - 1s: 179, 0s: 238
Client 1 of 5: Local Epoch [3/3] Loss: 0.1956, Accuracy: 92.57 %
-------------------------------
Round [1/4] Average Local Loss: 0.2059, Average Local Accuracy: 92.66 %
-------------------------------
-------- Validation --------
Predictions - 1s: 199, 0s: 322
True Labels - 1s: 199, 0s: 322
Round [1/4] Global Model Validation Loss: 0.2955, Validation Accuracy: 88.48 %
-------- Validation finished --------
Updated best model in round 1 saved with Validation Loss: 0.2955 and Validation Accuracy: 88.48 %
-------------------------------

Round 2 of 4
-------------------------------
Predictions - 1s: 175, 0s: 242
True Labels - 1s: 168, 0s: 249
Client 5 of 5: Local Epoch [1/3] Loss: 0.2279, Accuracy: 92.09 %
Predictions - 1s: 185, 0s: 232
True Labels - 1s: 182, 0s: 235
Client 3 of 5: Local Epoch [1/3] Loss: 0.2940, Accuracy: 89.69 %
Predictions - 1s: 171, 0s: 246
True Labels - 1s: 166, 0s: 251
Client 2 of 5: Local Epoch [1/3] Loss: 0.2521, Accuracy: 88.25 %
Predictions - 1s: 185, 0s: 232
True Labels - 1s: 180, 0s: 237
Client 4 of 5: Local Epoch [1/3] Loss: 0.2217, Accuracy: 90.17 %
Predictions - 1s: 188, 0s: 229
True Labels - 1s: 179, 0s: 238
Client 1 of 5: Local Epoch [1/3] Loss: 0.2393, Accuracy: 91.13 %
Predictions - 1s: 169, 0s: 248
True Labels - 1s: 168, 0s: 249
Client 5 of 5: Local Epoch [2/3] Loss: 0.1860, Accuracy: 93.53 %
Predictions - 1s: 180, 0s: 237
True Labels - 1s: 182, 0s: 235
Client 3 of 5: Local Epoch [2/3] Loss: 0.2571, Accuracy: 93.29 %
Predictions - 1s: 169, 0s: 248
True Labels - 1s: 166, 0s: 251
Client 2 of 5: Local Epoch [2/3] Loss: 0.1656, Accuracy: 94.48 %
Predictions - 1s: 180, 0s: 237
True Labels - 1s: 179, 0s: 238
Client 1 of 5: Local Epoch [2/3] Loss: 0.1756, Accuracy: 91.61 %
Predictions - 1s: 181, 0s: 236
True Labels - 1s: 180, 0s: 237
Client 4 of 5: Local Epoch [2/3] Loss: 0.1590, Accuracy: 94.96 %
Predictions - 1s: 174, 0s: 243
True Labels - 1s: 168, 0s: 249
Client 5 of 5: Local Epoch [3/3] Loss: 0.1419, Accuracy: 95.68 %
Predictions - 1s: 176, 0s: 241
True Labels - 1s: 180, 0s: 237
Client 4 of 5: Local Epoch [3/3] Loss: 0.1124, Accuracy: 96.64 %
Predictions - 1s: 183, 0s: 234
True Labels - 1s: 182, 0s: 235
Client 3 of 5: Local Epoch [3/3] Loss: 0.1851, Accuracy: 94.00 %
Predictions - 1s: 166, 0s: 251
True Labels - 1s: 166, 0s: 251
Client 2 of 5: Local Epoch [3/3] Loss: 0.1378, Accuracy: 95.20 %
Predictions - 1s: 185, 0s: 232
True Labels - 1s: 179, 0s: 238
Client 1 of 5: Local Epoch [3/3] Loss: 0.1365, Accuracy: 95.68 %
-------------------------------
Round [2/4] Average Local Loss: 0.1427, Average Local Accuracy: 95.44 %
-------------------------------
-------- Validation --------
Predictions - 1s: 198, 0s: 323
True Labels - 1s: 199, 0s: 322
Round [2/4] Global Model Validation Loss: 0.2793, Validation Accuracy: 91.36 %
-------- Validation finished --------
Updated best model in round 2 saved with Validation Loss: 0.2793 and Validation Accuracy: 91.36 %
-------------------------------

Round 3 of 4
-------------------------------
Predictions - 1s: 182, 0s: 235
True Labels - 1s: 179, 0s: 238
Client 1 of 5: Local Epoch [1/3] Loss: 0.2031, Accuracy: 92.09 %
Predictions - 1s: 163, 0s: 254
True Labels - 1s: 166, 0s: 251
Client 2 of 5: Local Epoch [1/3] Loss: 0.2038, Accuracy: 92.57 %
Predictions - 1s: 181, 0s: 236
True Labels - 1s: 182, 0s: 235
Client 3 of 5: Local Epoch [1/3] Loss: 0.2752, Accuracy: 91.61 %
Predictions - 1s: 183, 0s: 234
True Labels - 1s: 180, 0s: 237
Client 4 of 5: Local Epoch [1/3] Loss: 0.1974, Accuracy: 93.53 %
Predictions - 1s: 176, 0s: 241
True Labels - 1s: 168, 0s: 249
Client 5 of 5: Local Epoch [1/3] Loss: 0.1978, Accuracy: 92.81 %
Predictions - 1s: 187, 0s: 230
True Labels - 1s: 179, 0s: 238
Client 1 of 5: Local Epoch [2/3] Loss: 0.1513, Accuracy: 93.76 %
Predictions - 1s: 169, 0s: 248
True Labels - 1s: 168, 0s: 249
Client 5 of 5: Local Epoch [2/3] Loss: 0.1237, Accuracy: 95.44 %
Predictions - 1s: 173, 0s: 244
True Labels - 1s: 166, 0s: 251
Client 2 of 5: Local Epoch [2/3] Loss: 0.1344, Accuracy: 94.00 %
Predictions - 1s: 178, 0s: 239
True Labels - 1s: 182, 0s: 235
Client 3 of 5: Local Epoch [2/3] Loss: 0.1880, Accuracy: 93.76 %
Predictions - 1s: 177, 0s: 240
True Labels - 1s: 180, 0s: 237
Client 4 of 5: Local Epoch [2/3] Loss: 0.1173, Accuracy: 95.44 %
Predictions - 1s: 182, 0s: 235
True Labels - 1s: 179, 0s: 238
Client 1 of 5: Local Epoch [3/3] Loss: 0.1167, Accuracy: 96.40 %
Predictions - 1s: 171, 0s: 246
True Labels - 1s: 168, 0s: 249
Client 5 of 5: Local Epoch [3/3] Loss: 0.1030, Accuracy: 96.88 %
Predictions - 1s: 166, 0s: 251
True Labels - 1s: 166, 0s: 251
Client 2 of 5: Local Epoch [3/3] Loss: 0.1197, Accuracy: 95.68 %
Predictions - 1s: 183, 0s: 234
True Labels - 1s: 182, 0s: 235
Client 3 of 5: Local Epoch [3/3] Loss: 0.1649, Accuracy: 94.48 %
Predictions - 1s: 183, 0s: 234
True Labels - 1s: 180, 0s: 237
Client 4 of 5: Local Epoch [3/3] Loss: 0.0993, Accuracy: 96.88 %
-------------------------------
Round [3/4] Average Local Loss: 0.1207, Average Local Accuracy: 96.07 %
-------------------------------
-------- Validation --------
Predictions - 1s: 195, 0s: 326
True Labels - 1s: 199, 0s: 322
Round [3/4] Global Model Validation Loss: 0.2696, Validation Accuracy: 91.55 %
-------- Validation finished --------
Updated best model in round 3 saved with Validation Loss: 0.2696 and Validation Accuracy: 91.55 %
-------------------------------

Round 4 of 4
-------------------------------
Predictions - 1s: 184, 0s: 233
True Labels - 1s: 182, 0s: 235
Client 3 of 5: Local Epoch [1/3] Loss: 0.2421, Accuracy: 92.81 %
Predictions - 1s: 184, 0s: 233
True Labels - 1s: 179, 0s: 238
Client 1 of 5: Local Epoch [1/3] Loss: 0.2025, Accuracy: 93.53 %
Predictions - 1s: 172, 0s: 245
True Labels - 1s: 168, 0s: 249
Client 5 of 5: Local Epoch [1/3] Loss: 0.1809, Accuracy: 93.29 %
Predictions - 1s: 181, 0s: 236
True Labels - 1s: 180, 0s: 237
Client 4 of 5: Local Epoch [1/3] Loss: 0.1599, Accuracy: 94.48 %
Predictions - 1s: 164, 0s: 253
True Labels - 1s: 166, 0s: 251
Client 2 of 5: Local Epoch [1/3] Loss: 0.1778, Accuracy: 92.33 %
Predictions - 1s: 182, 0s: 235
True Labels - 1s: 182, 0s: 235
Client 3 of 5: Local Epoch [2/3] Loss: 0.1723, Accuracy: 95.20 %
Predictions - 1s: 181, 0s: 236
True Labels - 1s: 180, 0s: 237
Client 4 of 5: Local Epoch [2/3] Loss: 0.0952, Accuracy: 97.36 %
Predictions - 1s: 173, 0s: 244
True Labels - 1s: 168, 0s: 249
Client 5 of 5: Local Epoch [2/3] Loss: 0.1244, Accuracy: 96.40 %
Predictions - 1s: 180, 0s: 237
True Labels - 1s: 179, 0s: 238
Client 1 of 5: Local Epoch [2/3] Loss: 0.1236, Accuracy: 95.92 %
Predictions - 1s: 161, 0s: 256
True Labels - 1s: 166, 0s: 251
Client 2 of 5: Local Epoch [2/3] Loss: 0.1176, Accuracy: 94.48 %
Predictions - 1s: 183, 0s: 234
True Labels - 1s: 182, 0s: 235
Client 3 of 5: Local Epoch [3/3] Loss: 0.1617, Accuracy: 96.40 %
Predictions - 1s: 184, 0s: 233
True Labels - 1s: 180, 0s: 237
Client 4 of 5: Local Epoch [3/3] Loss: 0.0899, Accuracy: 96.16 %
Predictions - 1s: 171, 0s: 246
True Labels - 1s: 168, 0s: 249
Client 5 of 5: Local Epoch [3/3] Loss: 0.0795, Accuracy: 98.32 %
Predictions - 1s: 185, 0s: 232
True Labels - 1s: 179, 0s: 238
Client 1 of 5: Local Epoch [3/3] Loss: 0.1029, Accuracy: 96.16 %
Predictions - 1s: 169, 0s: 248
True Labels - 1s: 166, 0s: 251
Client 2 of 5: Local Epoch [3/3] Loss: 0.0629, Accuracy: 98.32 %
-------------------------------
Round [4/4] Average Local Loss: 0.0994, Average Local Accuracy: 97.07 %
-------------------------------
-------- Validation --------
Predictions - 1s: 194, 0s: 327
True Labels - 1s: 199, 0s: 322
Round [4/4] Global Model Validation Loss: 0.2566, Validation Accuracy: 92.13 %
-------- Validation finished --------
Updated best model in round 4 saved with Validation Loss: 0.2566 and Validation Accuracy: 92.13 %
-------------------------------
Best model in round 4 saved with Validation Loss: 0.2566 and Validation Accuracy: 92.13 %

-------- Training finished in 5:50 --------

Test flag enabled. Testing the model

-------- Loading best model from model_path --------
Loaded model bert-small from date 20-04-2024 18:08. Trained with Federated Learning technology.
Round 4, lr: 6e-05, optimizer: AdamW
Average train accuracy: 97.07 %, Validation accuracy: 92.13 %
-------- Best model loaded --------

-------- Creating Test Dataloader --------
Test Loader: 650 total sentences. 82 batches of size 8.
-------- Test Dataloader created --------

-------- Testing --------
Predictions - 1s: 247, 0s: 403
True Labels - 1s: 268, 0s: 382
Nº of test samples: 650
Accuracy: 91.54%
Accuracy 2 : 91.54%
Precision: 91.84%
Recall: 90.69%
F1 Score: 91.16%
Classification report:
              precision    recall  f1-score   support

           0     0.9057    0.9555    0.9299       382
           1     0.9312    0.8582    0.8932       268

    accuracy                         0.9154       650
   macro avg     0.9184    0.9069    0.9116       650
weighted avg     0.9162    0.9154    0.9148       650

-------- Testing finished --------
