Current configuration:
{
    "concurrency_flag": true,
    "data_distribution": "iid",
    "dataset": "acl_dep_sad",
    "device": "cuda",
    "dp_delta": 0.003,
    "dp_epsilon": 0,
    "eval_batch_size": 4,
    "eval_flag": true,
    "eval_size": 0.2,
    "fed_alg": "fedavg",
    "layers": 3,
    "learning_rate": 6e-05,
    "max_length": 512,
    "ml_mode": "fl",
    "model": "bert_small",
    "model_name": "fl_0_seed6_acl_dep_sad",
    "models_path": "/local/vpaloma/fabric-federated-learning/ablation_study/phase-4/final/dp/acl_dep_sad",
    "mu": 0.5,
    "num_clients": 5,
    "num_epochs": 3,
    "num_rounds": 4,
    "optimizer": "AdamW",
    "progress_bar_flag": false,
    "save_model": true,
    "scheduler": "linear",
    "scheduler_warmup_steps": 0,
    "seed": "random",
    "test_flag": true,
    "train_batch_size": 4,
    "train_size": 0.8
}
-------- Configuration loaded --------

-------- Setting device --------
cuda device selected and available.
-------- Device set --------

-------- Setting seed --------
seed set:  876341
-------- Seed set --------

-------- Creating Model --------
-------- Model created --------

-------- Setting Trainable Layers --------
Training the last 3 layers.

Total parameters count: 28764674
Trainable parameters count: 3416066
-------- Trainable Layers set --------

-------- Creating Tokenizer --------
-------- Tokenizer created --------

-------- Creating Train and Eval Dataloaders --------
Train Loader: 2085 total sentences. 522 batches of size 4.
Eval Loader: 521 total sentences. 131 batches of size 4.
-------- Train and Eval Dataloaders created --------

-------- Training --------
Training with Federated Learning technology.
Training without differential privacy.
Federated averaging algorithm selected.
Client 0: Label 0: 228, Label 1: 189
Client 1: Label 0: 236, Label 1: 181
Client 2: Label 0: 252, Label 1: 165
Client 3: Label 0: 250, Label 1: 167
Client 4: Label 0: 241, Label 1: 176

Round 1 of 4
-------------------------------
Predictions - 1s: 135, 0s: 282
True Labels - 1s: 176, 0s: 241
Client 5 of 5: Local Epoch [1/3] Loss: 0.4692, Accuracy: 79.62 %
Predictions - 1s: 153, 0s: 264
True Labels - 1s: 189, 0s: 228
Client 1 of 5: Local Epoch [1/3] Loss: 0.5413, Accuracy: 74.58 %
Predictions - 1s: 127, 0s: 290
True Labels - 1s: 165, 0s: 252
Predictions - 1s: 119, 0s: 298
Client 3 of 5: Local Epoch [1/3] Loss: 0.4717, Accuracy: 78.42 %
True Labels - 1s: 167, 0s: 250
Client 4 of 5: Local Epoch [1/3] Loss: 0.4866, Accuracy: 77.46 %
Predictions - 1s: 133, 0s: 284
True Labels - 1s: 181, 0s: 236
Client 2 of 5: Local Epoch [1/3] Loss: 0.4582, Accuracy: 79.38 %
Predictions - 1s: 171, 0s: 246
True Labels - 1s: 167, 0s: 250
Client 4 of 5: Local Epoch [2/3] Loss: 0.2787, Accuracy: 88.97 %
Predictions - 1s: 196, 0s: 221
True Labels - 1s: 189, 0s: 228
Client 1 of 5: Local Epoch [2/3] Loss: 0.2904, Accuracy: 89.21 %
Predictions - 1s: 161, 0s: 256
True Labels - 1s: 165, 0s: 252
Client 3 of 5: Local Epoch [2/3] Loss: 0.2875, Accuracy: 89.45 %
Predictions - 1s: 169, 0s: 248
True Labels - 1s: 176, 0s: 241
Client 5 of 5: Local Epoch [2/3] Loss: 0.2338, Accuracy: 91.61 %
Predictions - 1s: 187, 0s: 230
True Labels - 1s: 181, 0s: 236
Client 2 of 5: Local Epoch [2/3] Loss: 0.2360, Accuracy: 91.85 %
Predictions - 1s: 181, 0s: 236
True Labels - 1s: 176, 0s: 241
Client 5 of 5: Local Epoch [3/3] Loss: 0.1903, Accuracy: 93.53 %
Predictions - 1s: 166, 0s: 251
True Labels - 1s: 165, 0s: 252
Client 3 of 5: Local Epoch [3/3] Loss: 0.2374, Accuracy: 90.65 %
Predictions - 1s: 189, 0s: 228
True Labels - 1s: 189, 0s: 228
Client 1 of 5: Local Epoch [3/3] Loss: 0.2252, Accuracy: 92.81 %
Predictions - 1s: 164, 0s: 253
True Labels - 1s: 167, 0s: 250
Client 4 of 5: Local Epoch [3/3] Loss: 0.2350, Accuracy: 91.13 %
Predictions - 1s: 189, 0s: 228
True Labels - 1s: 181, 0s: 236
Client 2 of 5: Local Epoch [3/3] Loss: 0.1748, Accuracy: 94.72 %
-------------------------------
Round [1/4] Average Local Loss: 0.2125, Average Local Accuracy: 92.57 %
-------------------------------
-------- Validation --------
Predictions - 1s: 206, 0s: 315
True Labels - 1s: 196, 0s: 325
Round [1/4] Global Model Validation Loss: 0.2772, Validation Accuracy: 88.48 %
-------- Validation finished --------
Updated best model in round 1 saved with Validation Loss: 0.2772 and Validation Accuracy: 88.48 %
-------------------------------

Round 2 of 4
-------------------------------
Predictions - 1s: 188, 0s: 229
True Labels - 1s: 181, 0s: 236
Client 2 of 5: Local Epoch [1/3] Loss: 0.2277, Accuracy: 91.13 %
Predictions - 1s: 179, 0s: 238
True Labels - 1s: 176, 0s: 241
Client 5 of 5: Local Epoch [1/3] Loss: 0.2269, Accuracy: 92.09 %
Predictions - 1s: 191, 0s: 226
Predictions - 1s: 165, 0s: 252
Predictions - 1s: 172, 0s: 245
True Labels - 1s: 189, 0s: 228
True Labels - 1s: 165, 0s: 252
Client 1 of 5: Local Epoch [1/3] Loss: 0.2701, Accuracy: 88.49 %
Client 3 of 5: Local Epoch [1/3] Loss: 0.2816, Accuracy: 90.89 %
True Labels - 1s: 167, 0s: 250
Client 4 of 5: Local Epoch [1/3] Loss: 0.2850, Accuracy: 88.73 %
Predictions - 1s: 196, 0s: 221
True Labels - 1s: 189, 0s: 228
Client 1 of 5: Local Epoch [2/3] Loss: 0.1796, Accuracy: 94.48 %
Predictions - 1s: 182, 0s: 235
True Labels - 1s: 181, 0s: 236
Client 2 of 5: Local Epoch [2/3] Loss: 0.1501, Accuracy: 94.48 %
Predictions - 1s: 164, 0s: 253
Predictions - 1s: 176, 0s: 241
True Labels - 1s: 165, 0s: 252
Client 3 of 5: Local Epoch [2/3] Loss: 0.2135, Accuracy: 92.09 %
True Labels - 1s: 176, 0s: 241
Client 5 of 5: Local Epoch [2/3] Loss: 0.1593, Accuracy: 93.76 %
Predictions - 1s: 167, 0s: 250
True Labels - 1s: 167, 0s: 250
Client 4 of 5: Local Epoch [2/3] Loss: 0.2007, Accuracy: 92.81 %
Predictions - 1s: 191, 0s: 226
True Labels - 1s: 189, 0s: 228
Client 1 of 5: Local Epoch [3/3] Loss: 0.1566, Accuracy: 95.20 %
Predictions - 1s: 173, 0s: 244
Predictions - 1s: 186, 0s: 231
True Labels - 1s: 176, 0s: 241
True Labels - 1s: 181, 0s: 236
Client 5 of 5: Local Epoch [3/3] Loss: 0.1243, Accuracy: 95.92 %
Client 2 of 5: Local Epoch [3/3] Loss: 0.1210, Accuracy: 95.92 %
Predictions - 1s: 169, 0s: 248
Predictions - 1s: 168, 0s: 249
True Labels - 1s: 167, 0s: 250
True Labels - 1s: 165, 0s: 252
Client 3 of 5: Local Epoch [3/3] Loss: 0.2028, Accuracy: 93.53 %
Client 4 of 5: Local Epoch [3/3] Loss: 0.1928, Accuracy: 93.29 %
-------------------------------
Round [2/4] Average Local Loss: 0.1595, Average Local Accuracy: 94.77 %
-------------------------------
-------- Validation --------
Predictions - 1s: 201, 0s: 320
True Labels - 1s: 196, 0s: 325
Round [2/4] Global Model Validation Loss: 0.2578, Validation Accuracy: 90.21 %
-------- Validation finished --------
Updated best model in round 2 saved with Validation Loss: 0.2578 and Validation Accuracy: 90.21 %
-------------------------------

Round 3 of 4
-------------------------------
Predictions - 1s: 165, 0s: 252
True Labels - 1s: 167, 0s: 250
Client 4 of 5: Local Epoch [1/3] Loss: 0.2423, Accuracy: 91.85 %
Predictions - 1s: 169, 0s: 248
True Labels - 1s: 165, 0s: 252
Client 3 of 5: Local Epoch [1/3] Loss: 0.2471, Accuracy: 90.41 %
Predictions - 1s: 178, 0s: 239
Predictions - 1s: 193, 0s: 224
True Labels - 1s: 176, 0s: 241
Predictions - 1s: 181, 0s: 236
Client 5 of 5: Local Epoch [1/3] Loss: 0.1829, Accuracy: 93.29 %
True Labels - 1s: 181, 0s: 236
Client 2 of 5: Local Epoch [1/3] Loss: 0.1824, Accuracy: 92.33 %
True Labels - 1s: 189, 0s: 228
Client 1 of 5: Local Epoch [1/3] Loss: 0.1951, Accuracy: 92.81 %
Predictions - 1s: 183, 0s: 234
True Labels - 1s: 181, 0s: 236
Client 2 of 5: Local Epoch [2/3] Loss: 0.1252, Accuracy: 94.72 %
Predictions - 1s: 176, 0s: 241
True Labels - 1s: 176, 0s: 241
Client 5 of 5: Local Epoch [2/3] Loss: 0.1231, Accuracy: 96.16 %
Predictions - 1s: 188, 0s: 229
True Labels - 1s: 189, 0s: 228
Client 1 of 5: Local Epoch [2/3] Loss: 0.1612, Accuracy: 94.96 %
Predictions - 1s: 173, 0s: 244
True Labels - 1s: 165, 0s: 252
Client 3 of 5: Local Epoch [2/3] Loss: 0.1673, Accuracy: 93.29 %
Predictions - 1s: 174, 0s: 243
True Labels - 1s: 167, 0s: 250
Client 4 of 5: Local Epoch [2/3] Loss: 0.1776, Accuracy: 94.96 %
Predictions - 1s: 184, 0s: 233
True Labels - 1s: 181, 0s: 236
Client 2 of 5: Local Epoch [3/3] Loss: 0.0898, Accuracy: 96.88 %
Predictions - 1s: 190, 0s: 227
Predictions - 1s: 166, 0s: 251
True Labels - 1s: 189, 0s: 228
Client 1 of 5: Local Epoch [3/3] Loss: 0.1174, Accuracy: 96.40 %
Predictions - 1s: 169, 0s: 248
Predictions - 1s: 175, 0s: 242
True Labels - 1s: 165, 0s: 252
Client 3 of 5: Local Epoch [3/3] Loss: 0.1466, Accuracy: 94.48 %
True Labels - 1s: 167, 0s: 250
Client 4 of 5: Local Epoch [3/3] Loss: 0.1562, Accuracy: 93.29 %
True Labels - 1s: 176, 0s: 241
Client 5 of 5: Local Epoch [3/3] Loss: 0.1020, Accuracy: 96.40 %
-------------------------------
Round [3/4] Average Local Loss: 0.1224, Average Local Accuracy: 95.49 %
-------------------------------
-------- Validation --------
Predictions - 1s: 201, 0s: 320
True Labels - 1s: 196, 0s: 325
Round [3/4] Global Model Validation Loss: 0.2431, Validation Accuracy: 91.36 %
-------- Validation finished --------
Updated best model in round 3 saved with Validation Loss: 0.2431 and Validation Accuracy: 91.36 %
-------------------------------

Round 4 of 4
-------------------------------
Predictions - 1s: 174, 0s: 243
True Labels - 1s: 176, 0s: 241
Client 5 of 5: Local Epoch [1/3] Loss: 0.1509, Accuracy: 94.24 %
Predictions - 1s: 163, 0s: 254
True Labels - 1s: 167, 0s: 250
Client 4 of 5: Local Epoch [1/3] Loss: 0.2274, Accuracy: 91.37 %
Predictions - 1s: 166, 0s: 251
True Labels - 1s: 165, 0s: 252
Client 3 of 5: Local Epoch [1/3] Loss: 0.2361, Accuracy: 92.09 %
Predictions - 1s: 189, 0s: 228
True Labels - 1s: 189, 0s: 228
Client 1 of 5: Local Epoch [1/3] Loss: 0.1603, Accuracy: 94.72 %
Predictions - 1s: 183, 0s: 234
True Labels - 1s: 181, 0s: 236
Client 2 of 5: Local Epoch [1/3] Loss: 0.1491, Accuracy: 93.76 %
Predictions - 1s: 172, 0s: 245
True Labels - 1s: 176, 0s: 241
Client 5 of 5: Local Epoch [2/3] Loss: 0.1266, Accuracy: 94.72 %
Predictions - 1s: 170, 0s: 247
True Labels - 1s: 167, 0s: 250
Client 4 of 5: Local Epoch [2/3] Loss: 0.1534, Accuracy: 94.48 %
Predictions - 1s: 164, 0s: 253
True Labels - 1s: 165, 0s: 252
Client 3 of 5: Local Epoch [2/3] Loss: 0.1465, Accuracy: 94.48 %
Predictions - 1s: 176, 0s: 241
True Labels - 1s: 176, 0s: 241
Client 5 of 5: Local Epoch [3/3] Loss: 0.0803, Accuracy: 97.60 %
Predictions - 1s: 186, 0s: 231
True Labels - 1s: 181, 0s: 236
Client 2 of 5: Local Epoch [2/3] Loss: 0.0823, Accuracy: 96.88 %
Predictions - 1s: 191, 0s: 226
True Labels - 1s: 189, 0s: 228
Client 1 of 5: Local Epoch [2/3] Loss: 0.1125, Accuracy: 96.64 %
Predictions - 1s: 169, 0s: 248
True Labels - 1s: 167, 0s: 250
Client 4 of 5: Local Epoch [3/3] Loss: 0.1132, Accuracy: 97.12 %
Predictions - 1s: 164, 0s: 253
True Labels - 1s: 165, 0s: 252
Client 3 of 5: Local Epoch [3/3] Loss: 0.1317, Accuracy: 94.96 %
Predictions - 1s: 179, 0s: 238
True Labels - 1s: 181, 0s: 236
Client 2 of 5: Local Epoch [3/3] Loss: 0.0862, Accuracy: 95.68 %
Predictions - 1s: 193, 0s: 224
True Labels - 1s: 189, 0s: 228
Client 1 of 5: Local Epoch [3/3] Loss: 0.0779, Accuracy: 98.08 %
-------------------------------
Round [4/4] Average Local Loss: 0.0979, Average Local Accuracy: 96.69 %
-------------------------------
-------- Validation --------
Predictions - 1s: 195, 0s: 326
True Labels - 1s: 196, 0s: 325
Round [4/4] Global Model Validation Loss: 0.2382, Validation Accuracy: 90.60 %
-------- Validation finished --------
Updated best model in round 4 saved with Validation Loss: 0.2382 and Validation Accuracy: 90.60 %
-------------------------------
Best model in round 4 saved with Validation Loss: 0.2382 and Validation Accuracy: 90.60 %

-------- Training finished in 2:02 --------

Test flag enabled. Testing the model

-------- Loading best model from model_path --------
Loaded model bert-small from date 20-04-2024 17:27. Trained with Federated Learning technology.
Round 4, lr: 6e-05, optimizer: AdamW
Average train accuracy: 96.69 %, Validation accuracy: 90.60 %
-------- Best model loaded --------

-------- Creating Test Dataloader --------
Test Loader: 650 total sentences. 82 batches of size 8.
-------- Test Dataloader created --------

-------- Testing --------
Predictions - 1s: 259, 0s: 391
True Labels - 1s: 268, 0s: 382
Nº of test samples: 650
Accuracy: 91.54%
Accuracy 2 : 91.54%
Precision: 91.47%
Recall: 91.02%
F1 Score: 91.22%
Classification report:
              precision    recall  f1-score   support

           0     0.9182    0.9398    0.9288       382
           1     0.9112    0.8806    0.8956       268

    accuracy                         0.9154       650
   macro avg     0.9147    0.9102    0.9122       650
weighted avg     0.9153    0.9154    0.9152       650

-------- Testing finished --------
