Current configuration:
{
    "concurrency_flag": true,
    "data_distribution": "iid",
    "dataset": "acl_dep_sad",
    "device": "cuda",
    "dp_delta": 0.003,
    "dp_epsilon": 0.5,
    "eval_batch_size": 4,
    "eval_flag": true,
    "eval_size": 0.2,
    "fed_alg": "fedavg",
    "layers": 3,
    "learning_rate": 0.006,
    "max_length": 512,
    "ml_mode": "fl",
    "model": "bert_small",
    "model_name": "fl_0.5_seed4_acl_dep_sad",
    "models_path": "/local/vpaloma/fabric-federated-learning/ablation_study/phase-4/final/dp/acl_dep_sad",
    "mu": 0.5,
    "num_clients": 5,
    "num_epochs": 3,
    "num_rounds": 4,
    "optimizer": "AdamW",
    "progress_bar_flag": false,
    "save_model": true,
    "scheduler": "linear",
    "scheduler_warmup_steps": 0,
    "seed": "random",
    "test_flag": true,
    "train_batch_size": 4,
    "train_size": 0.8
}
-------- Configuration loaded --------

-------- Setting device --------
cuda device selected and available.
-------- Device set --------

-------- Setting seed --------
seed set:  495184
-------- Seed set --------

-------- Creating Model --------
-------- Model created --------

-------- Setting Trainable Layers --------
Training the last 3 layers.

Total parameters count: 28764674
Trainable parameters count: 3416066
-------- Trainable Layers set --------

-------- Creating Tokenizer --------
-------- Tokenizer created --------

-------- Creating Train and Eval Dataloaders --------
Train Loader: 2085 total sentences. 522 batches of size 4.
Eval Loader: 521 total sentences. 131 batches of size 4.
-------- Train and Eval Dataloaders created --------

-------- Training --------
Training with Federated Learning technology.
Training with differential privacy.
Federated averaging algorithm selected.
Client 0: Label 0: 246, Label 1: 171
Client 1: Label 0: 265, Label 1: 152
Client 2: Label 0: 233, Label 1: 184
Client 3: Label 0: 235, Label 1: 182
Client 4: Label 0: 240, Label 1: 177

Round 1 of 4
-------------------------------
max_grad_norm:  1.5
max_grad_norm:  1.5
max_grad_norm:  1.5
max_grad_norm:  1.5
max_grad_norm:  1.5
Predictions - 1s: 172, 0s: 245
True Labels - 1s: 182, 0s: 235
Predictions - 1s: 5, 0s: 412
True Labels - 1s: 171, 0s: 246
Predictions - 1s: 6, 0s: 411
Predictions - 1s: 4, 0s: 413
True Labels - 1s: 177, 0s: 240
True Labels - 1s: 184, 0s: 233
Predictions - 1s: 1, 0s: 416
True Labels - 1s: 152, 0s: 265
Client 4 of 5: Local Epoch [1/3] Loss: 0.9621, Accuracy: 52.04 %, Epsilon: 0.49, Delta: 0.0030
Client 3 of 5: Local Epoch [1/3] Loss: 1.0508, Accuracy: 55.40 %, Epsilon: 0.49, Delta: 0.0030
Client 2 of 5: Local Epoch [1/3] Loss: 1.1302, Accuracy: 63.31 %, Epsilon: 0.49, Delta: 0.0030
Client 5 of 5: Local Epoch [1/3] Loss: 1.0585, Accuracy: 58.51 %, Epsilon: 0.49, Delta: 0.0030
Client 1 of 5: Local Epoch [1/3] Loss: 1.2400, Accuracy: 58.75 %, Epsilon: 0.49, Delta: 0.0030
Predictions - 1s: 9, 0s: 408
True Labels - 1s: 171, 0s: 246
Predictions - 1s: 0, 0s: 417
True Labels - 1s: 152, 0s: 265
Predictions - 1s: 11, 0s: 406
True Labels - 1s: 182, 0s: 235
Predictions - 1s: 9, 0s: 408
True Labels - 1s: 177, 0s: 240
Predictions - 1s: 2, 0s: 415
True Labels - 1s: 184, 0s: 233
Client 4 of 5: Local Epoch [2/3] Loss: 1.1062, Accuracy: 57.07 %, Epsilon: 0.71, Delta: 0.0030
Client 1 of 5: Local Epoch [2/3] Loss: 1.1164, Accuracy: 60.67 %, Epsilon: 0.71, Delta: 0.0030
Client 3 of 5: Local Epoch [2/3] Loss: 1.3707, Accuracy: 55.88 %, Epsilon: 0.71, Delta: 0.0030
Client 2 of 5: Local Epoch [2/3] Loss: 1.2345, Accuracy: 63.55 %, Epsilon: 0.71, Delta: 0.0030
Client 5 of 5: Local Epoch [2/3] Loss: 1.0714, Accuracy: 59.23 %, Epsilon: 0.71, Delta: 0.0030
Predictions - 1s: 8, 0s: 409
True Labels - 1s: 177, 0s: 240
Predictions - 1s: 5, 0s: 412
True Labels - 1s: 171, 0s: 246
Predictions - 1s: 25, 0s: 392
True Labels - 1s: 182, 0s: 235
Predictions - 1s: 0, 0s: 417
True Labels - 1s: 152, 0s: 265
Predictions - 1s: 14, 0s: 403
True Labels - 1s: 184, 0s: 233
Client 4 of 5: Local Epoch [3/3] Loss: 1.0173, Accuracy: 58.99 %, Epsilon: 0.88, Delta: 0.0030
Client 1 of 5: Local Epoch [3/3] Loss: 1.3374, Accuracy: 59.71 %, Epsilon: 0.88, Delta: 0.0030
Client 5 of 5: Local Epoch [3/3] Loss: 1.2395, Accuracy: 58.51 %, Epsilon: 0.88, Delta: 0.0030
Client 2 of 5: Local Epoch [3/3] Loss: 1.3910, Accuracy: 63.55 %, Epsilon: 0.88, Delta: 0.0030
Client 3 of 5: Local Epoch [3/3] Loss: 1.1548, Accuracy: 57.79 %, Epsilon: 0.88, Delta: 0.0030
-------------------------------
Round [1/4] Average Local Loss: 1.2280, Average Local Accuracy: 59.71 %
-------------------------------
-------- Validation --------
Predictions - 1s: 0, 0s: 521
True Labels - 1s: 208, 0s: 313
Round [1/4] Global Model Validation Loss: 1.0024, Validation Accuracy: 60.08 %
-------- Validation finished --------
Updated best model in round 1 saved with Validation Loss: 1.0024 and Validation Accuracy: 60.08 %
-------------------------------

Round 2 of 4
-------------------------------
max_grad_norm:  1.5
max_grad_norm:  1.5
max_grad_norm:  1.5
max_grad_norm:  1.5
max_grad_norm:  1.5
Predictions - 1s: 0, 0s: 417
True Labels - 1s: 171, 0s: 246
Predictions - 1s: 15, 0s: 402
True Labels - 1s: 177, 0s: 240
Predictions - 1s: 7, 0s: 410
True Labels - 1s: 184, 0s: 233
Client 1 of 5: Local Epoch [1/3] Loss: 1.3685, Accuracy: 58.99 %, Epsilon: 0.49, Delta: 0.0030
Client 3 of 5: Local Epoch [1/3] Loss: 1.1804, Accuracy: 57.07 %, Epsilon: 0.49, Delta: 0.0030
Client 5 of 5: Local Epoch [1/3] Loss: 1.1332, Accuracy: 58.27 %, Epsilon: 0.49, Delta: 0.0030
Predictions - 1s: 4, 0s: 413
True Labels - 1s: 182, 0s: 235
Predictions - 1s: 0, 0s: 417
True Labels - 1s: 152, 0s: 265
Client 2 of 5: Local Epoch [1/3] Loss: 1.2153, Accuracy: 63.55 %, Epsilon: 0.49, Delta: 0.0030
Client 4 of 5: Local Epoch [1/3] Loss: 1.1082, Accuracy: 56.83 %, Epsilon: 0.49, Delta: 0.0030
Predictions - 1s: 5, 0s: 412
True Labels - 1s: 171, 0s: 246
Client 1 of 5: Local Epoch [2/3] Loss: 1.5006, Accuracy: 58.75 %, Epsilon: 0.71, Delta: 0.0030
Predictions - 1s: 40, 0s: 377
True Labels - 1s: 177, 0s: 240
Predictions - 1s: 20, 0s: 397
True Labels - 1s: 184, 0s: 233
Client 3 of 5: Local Epoch [2/3] Loss: 1.1033, Accuracy: 58.75 %, Epsilon: 0.71, Delta: 0.0030
Client 5 of 5: Local Epoch [2/3] Loss: 1.0143, Accuracy: 61.39 %, Epsilon: 0.71, Delta: 0.0030
Predictions - 1s: 1, 0s: 416
True Labels - 1s: 171, 0s: 246
Client 1 of 5: Local Epoch [3/3] Loss: 1.4453, Accuracy: 59.23 %, Epsilon: 0.88, Delta: 0.0030
Predictions - 1s: 17, 0s: 400
True Labels - 1s: 184, 0s: 233
Client 3 of 5: Local Epoch [3/3] Loss: 1.2685, Accuracy: 57.55 %, Epsilon: 0.88, Delta: 0.0030
Predictions - 1s: 35, 0s: 382
True Labels - 1s: 177, 0s: 240
Client 5 of 5: Local Epoch [3/3] Loss: 1.1540, Accuracy: 59.71 %, Epsilon: 0.88, Delta: 0.0030
Predictions - 1s: 18, 0s: 399
True Labels - 1s: 182, 0s: 235
Client 4 of 5: Local Epoch [2/3] Loss: 1.1356, Accuracy: 60.19 %, Epsilon: 0.71, Delta: 0.0030
Predictions - 1s: 2, 0s: 415
True Labels - 1s: 152, 0s: 265
Client 2 of 5: Local Epoch [2/3] Loss: 1.5031, Accuracy: 63.55 %, Epsilon: 0.71, Delta: 0.0030
Predictions - 1s: 36, 0s: 381
True Labels - 1s: 182, 0s: 235
Client 4 of 5: Local Epoch [3/3] Loss: 0.9205, Accuracy: 60.67 %, Epsilon: 0.88, Delta: 0.0030
Predictions - 1s: 2, 0s: 415
True Labels - 1s: 152, 0s: 265
Client 2 of 5: Local Epoch [3/3] Loss: 1.3559, Accuracy: 64.03 %, Epsilon: 0.88, Delta: 0.0030
-------------------------------
Round [2/4] Average Local Loss: 1.2288, Average Local Accuracy: 60.24 %
-------------------------------
-------- Validation --------
Predictions - 1s: 0, 0s: 521
True Labels - 1s: 208, 0s: 313
Round [2/4] Global Model Validation Loss: 2.1066, Validation Accuracy: 60.08 %
-------- Validation finished --------

Round 3 of 4
-------------------------------
max_grad_norm:  1.5
max_grad_norm:  1.5
max_grad_norm:  1.5
max_grad_norm:  1.5
max_grad_norm:  1.5
Predictions - 1s: 10, 0s: 407
True Labels - 1s: 182, 0s: 235
Predictions - 1s: 2, 0s: 415
True Labels - 1s: 171, 0s: 246
Predictions - 1s: 6, 0s: 411
True Labels - 1s: 177, 0s: 240
Predictions - 1s: 0, 0s: 417
True Labels - 1s: 152, 0s: 265
Predictions - 1s: 9, 0s: 408
True Labels - 1s: 184, 0s: 233
Client 4 of 5: Local Epoch [1/3] Loss: 1.4150, Accuracy: 56.83 %, Epsilon: 0.49, Delta: 0.0030
Client 1 of 5: Local Epoch [1/3] Loss: 1.3711, Accuracy: 58.99 %, Epsilon: 0.49, Delta: 0.0030
Client 2 of 5: Local Epoch [1/3] Loss: 1.2772, Accuracy: 63.55 %, Epsilon: 0.49, Delta: 0.0030
Client 5 of 5: Local Epoch [1/3] Loss: 1.4248, Accuracy: 58.03 %, Epsilon: 0.49, Delta: 0.0030
Client 3 of 5: Local Epoch [1/3] Loss: 1.3228, Accuracy: 57.07 %, Epsilon: 0.49, Delta: 0.0030
Predictions - 1s: 5, 0s: 412
True Labels - 1s: 182, 0s: 235
Client 4 of 5: Local Epoch [2/3] Loss: 1.4874, Accuracy: 57.07 %, Epsilon: 0.71, Delta: 0.0030
Predictions - 1s: 27, 0s: 390
True Labels - 1s: 182, 0s: 235
Client 4 of 5: Local Epoch [3/3] Loss: 1.2530, Accuracy: 57.07 %, Epsilon: 0.88, Delta: 0.0030
Predictions - 1s: 2, 0s: 415
True Labels - 1s: 152, 0s: 265
Predictions - 1s: 8, 0s: 409
True Labels - 1s: 171, 0s: 246
Client 2 of 5: Local Epoch [2/3] Loss: 1.2725, Accuracy: 64.03 %, Epsilon: 0.71, Delta: 0.0030
Predictions - 1s: 16, 0s: 401
Predictions - 1s: 10, 0s: 407
True Labels - 1s: 184, 0s: 233
True Labels - 1s: 177, 0s: 240
Client 1 of 5: Local Epoch [2/3] Loss: 1.1853, Accuracy: 59.95 %, Epsilon: 0.71, Delta: 0.0030
Client 5 of 5: Local Epoch [2/3] Loss: 1.3569, Accuracy: 58.51 %, Epsilon: 0.71, Delta: 0.0030
Client 3 of 5: Local Epoch [2/3] Loss: 1.1905, Accuracy: 58.75 %, Epsilon: 0.71, Delta: 0.0030
Predictions - 1s: 4, 0s: 413
True Labels - 1s: 152, 0s: 265
Client 2 of 5: Local Epoch [3/3] Loss: 1.3384, Accuracy: 63.07 %, Epsilon: 0.88, Delta: 0.0030
Predictions - 1s: 5, 0s: 412
True Labels - 1s: 177, 0s: 240
Predictions - 1s: 6, 0s: 411
True Labels - 1s: 171, 0s: 246
Predictions - 1s: 21, 0s: 396
True Labels - 1s: 184, 0s: 233
Client 5 of 5: Local Epoch [3/3] Loss: 1.3102, Accuracy: 57.79 %, Epsilon: 0.88, Delta: 0.0030
Client 1 of 5: Local Epoch [3/3] Loss: 1.4584, Accuracy: 60.43 %, Epsilon: 0.88, Delta: 0.0030
Client 3 of 5: Local Epoch [3/3] Loss: 1.2109, Accuracy: 58.03 %, Epsilon: 0.88, Delta: 0.0030
-------------------------------
Round [3/4] Average Local Loss: 1.3142, Average Local Accuracy: 59.28 %
-------------------------------
-------- Validation --------
Predictions - 1s: 0, 0s: 521
True Labels - 1s: 208, 0s: 313
Round [3/4] Global Model Validation Loss: 1.9548, Validation Accuracy: 60.08 %
-------- Validation finished --------

Round 4 of 4
-------------------------------
max_grad_norm:  1.5
max_grad_norm:  1.5
max_grad_norm:  1.5
max_grad_norm:  1.5
max_grad_norm:  1.5
Predictions - 1s: 3, 0s: 414
True Labels - 1s: 152, 0s: 265
Predictions - 1s: 14, 0s: 403
True Labels - 1s: 171, 0s: 246
Predictions - 1s: 10, 0s: 407
True Labels - 1s: 182, 0s: 235
Predictions - 1s: 13, 0s: 404
True Labels - 1s: 184, 0s: 233
Predictions - 1s: 7, 0s: 410
True Labels - 1s: 177, 0s: 240
Client 2 of 5: Local Epoch [1/3] Loss: 1.2590, Accuracy: 63.31 %, Epsilon: 0.49, Delta: 0.0030
Client 1 of 5: Local Epoch [1/3] Loss: 1.3013, Accuracy: 58.51 %, Epsilon: 0.49, Delta: 0.0030
Client 4 of 5: Local Epoch [1/3] Loss: 1.2339, Accuracy: 56.83 %, Epsilon: 0.49, Delta: 0.0030
Client 5 of 5: Local Epoch [1/3] Loss: 1.1751, Accuracy: 58.75 %, Epsilon: 0.49, Delta: 0.0030
Client 3 of 5: Local Epoch [1/3] Loss: 1.2884, Accuracy: 55.64 %, Epsilon: 0.49, Delta: 0.0030
Predictions - 1s: 42, 0s: 375
True Labels - 1s: 182, 0s: 235
Client 4 of 5: Local Epoch [2/3] Loss: 1.0862, Accuracy: 59.23 %, Epsilon: 0.71, Delta: 0.0030
Predictions - 1s: 10, 0s: 407
True Labels - 1s: 177, 0s: 240
Predictions - 1s: 7, 0s: 410
True Labels - 1s: 152, 0s: 265
Predictions - 1s: 0, 0s: 417
True Labels - 1s: 171, 0s: 246
Predictions - 1s: 32, 0s: 385
True Labels - 1s: 184, 0s: 233
Client 2 of 5: Local Epoch [2/3] Loss: 1.2285, Accuracy: 63.31 %, Epsilon: 0.71, Delta: 0.0030
Client 5 of 5: Local Epoch [2/3] Loss: 1.5310, Accuracy: 58.03 %, Epsilon: 0.71, Delta: 0.0030
Client 3 of 5: Local Epoch [2/3] Loss: 1.0715, Accuracy: 59.23 %, Epsilon: 0.71, Delta: 0.0030
Client 1 of 5: Local Epoch [2/3] Loss: 1.4098, Accuracy: 58.99 %, Epsilon: 0.71, Delta: 0.0030
Predictions - 1s: 36, 0s: 381
True Labels - 1s: 182, 0s: 235
Client 4 of 5: Local Epoch [3/3] Loss: 1.0608, Accuracy: 61.63 %, Epsilon: 0.88, Delta: 0.0030
Predictions - 1s: 16, 0s: 401
True Labels - 1s: 177, 0s: 240
Client 5 of 5: Local Epoch [3/3] Loss: 1.2866, Accuracy: 58.99 %, Epsilon: 0.88, Delta: 0.0030
Predictions - 1s: 22, 0s: 395
True Labels - 1s: 184, 0s: 233
Predictions - 1s: 12, 0s: 405
Predictions - 1s: 4, 0s: 413
True Labels - 1s: 152, 0s: 265
True Labels - 1s: 171, 0s: 246
Client 1 of 5: Local Epoch [3/3] Loss: 1.5722, Accuracy: 58.99 %, Epsilon: 0.88, Delta: 0.0030
Client 3 of 5: Local Epoch [3/3] Loss: 1.3615, Accuracy: 56.83 %, Epsilon: 0.88, Delta: 0.0030
Client 2 of 5: Local Epoch [3/3] Loss: 1.1340, Accuracy: 64.51 %, Epsilon: 0.88, Delta: 0.0030
-------------------------------
Round [4/4] Average Local Loss: 1.2830, Average Local Accuracy: 60.19 %
-------------------------------
-------- Validation --------
Predictions - 1s: 0, 0s: 521
True Labels - 1s: 208, 0s: 313
Round [4/4] Global Model Validation Loss: 1.2456, Validation Accuracy: 60.08 %
-------- Validation finished --------
Best model in round 1 saved with Validation Loss: 1.0024 and Validation Accuracy: 60.08 %

-------- Training finished in 5:12 --------

Test flag enabled. Testing the model

-------- Loading best model from model_path --------
Loaded model bert-small from date 13-05-2024 14:32. Trained with Federated Learning technology.
Round 1, lr: 0.006, optimizer: AdamW
Average train accuracy: 59.71 %, Validation accuracy: 60.08 %
-------- Best model loaded --------

-------- Creating Test Dataloader --------
Test Loader: 650 total sentences. 82 batches of size 8.
-------- Test Dataloader created --------

-------- Testing --------
Predictions - 1s: 0, 0s: 650
True Labels - 1s: 268, 0s: 382
Nº of test samples: 650
Accuracy: 58.77%
Accuracy 2 : 58.77%
Precision: 29.38%
Recall: 50.00%
F1 Score: 37.02%
Classification report:
              precision    recall  f1-score   support

           0     0.5877    1.0000    0.7403       382
           1     0.0000    0.0000    0.0000       268

    accuracy                         0.5877       650
   macro avg     0.2938    0.5000    0.3702       650
weighted avg     0.3454    0.5877    0.4351       650

-------- Testing finished --------
