Current configuration:
{
    "concurrency_flag": true,
    "data_distribution": "iid",
    "dataset": "acl_dep_sad",
    "device": "cuda",
    "dp_delta": 0.003,
    "dp_epsilon": 0.5,
    "eval_batch_size": 4,
    "eval_flag": true,
    "eval_size": 0.2,
    "fed_alg": "fedavg",
    "layers": 3,
    "learning_rate": 0.006,
    "max_length": 512,
    "ml_mode": "fl",
    "model": "bert_small",
    "model_name": "fl_0.5_seed2_acl_dep_sad",
    "models_path": "/local/vpaloma/fabric-federated-learning/ablation_study/phase-4/final/dp/acl_dep_sad",
    "mu": 0.5,
    "num_clients": 5,
    "num_epochs": 3,
    "num_rounds": 4,
    "optimizer": "AdamW",
    "progress_bar_flag": false,
    "save_model": true,
    "scheduler": "linear",
    "scheduler_warmup_steps": 0,
    "seed": "random",
    "test_flag": true,
    "train_batch_size": 2,
    "train_size": 0.8
}
-------- Configuration loaded --------

-------- Setting device --------
cuda device selected and available.
-------- Device set --------

-------- Setting seed --------
seed set:  731641
-------- Seed set --------

-------- Creating Model --------
-------- Model created --------

-------- Setting Trainable Layers --------
Training the last 3 layers.

Total parameters count: 28764674
Trainable parameters count: 3416066
-------- Trainable Layers set --------

-------- Creating Tokenizer --------
-------- Tokenizer created --------

-------- Creating Train and Eval Dataloaders --------
Train Loader: 2085 total sentences. 1043 batches of size 2.
Eval Loader: 521 total sentences. 131 batches of size 4.
-------- Train and Eval Dataloaders created --------

-------- Training --------
Training with Federated Learning technology.
Training with differential privacy.
Federated averaging algorithm selected.
Client 0: Label 0: 243, Label 1: 174
Client 1: Label 0: 228, Label 1: 189
Client 2: Label 0: 254, Label 1: 163
Client 3: Label 0: 257, Label 1: 160
Client 4: Label 0: 249, Label 1: 168

Round 1 of 4
-------------------------------
max_grad_norm:  1.5
max_grad_norm:  1.5
max_grad_norm:  1.5
max_grad_norm:  1.5
max_grad_norm:  1.5
Predictions - 1s: 30, 0s: 387
True Labels - 1s: 168, 0s: 249
Predictions - 1s: 34, 0s: 383
True Labels - 1s: 160, 0s: 257
Predictions - 1s: 35, 0s: 382
True Labels - 1s: 163, 0s: 254
Predictions - 1s: 37, 0s: 380
True Labels - 1s: 174, 0s: 243
Predictions - 1s: 72, 0s: 345
True Labels - 1s: 189, 0s: 228
Client 4 of 5: Local Epoch [1/3] Loss: 1.1923, Accuracy: 60.67 %, Epsilon: 0.49, Delta: 0.0030
Client 5 of 5: Local Epoch [1/3] Loss: 1.1612, Accuracy: 59.71 %, Epsilon: 0.49, Delta: 0.0030
Client 3 of 5: Local Epoch [1/3] Loss: 1.0493, Accuracy: 59.23 %, Epsilon: 0.49, Delta: 0.0030
Client 1 of 5: Local Epoch [1/3] Loss: 0.9675, Accuracy: 58.03 %, Epsilon: 0.49, Delta: 0.0030
Client 2 of 5: Local Epoch [1/3] Loss: 1.0394, Accuracy: 56.12 %, Epsilon: 0.49, Delta: 0.0030
Predictions - 1s: 20, 0s: 397
True Labels - 1s: 168, 0s: 249
Client 5 of 5: Local Epoch [2/3] Loss: 1.3118, Accuracy: 58.75 %, Epsilon: 0.71, Delta: 0.0030
Predictions - 1s: 83, 0s: 334
True Labels - 1s: 174, 0s: 243
Predictions - 1s: 13, 0s: 404
True Labels - 1s: 163, 0s: 254
Predictions - 1s: 68, 0s: 349
True Labels - 1s: 189, 0s: 228
Predictions - 1s: 9, 0s: 408
True Labels - 1s: 160, 0s: 257
Client 1 of 5: Local Epoch [2/3] Loss: 0.9547, Accuracy: 57.07 %, Epsilon: 0.71, Delta: 0.0030
Client 3 of 5: Local Epoch [2/3] Loss: 1.3331, Accuracy: 61.15 %, Epsilon: 0.71, Delta: 0.0030
Client 2 of 5: Local Epoch [2/3] Loss: 1.0892, Accuracy: 54.68 %, Epsilon: 0.71, Delta: 0.0030
Client 4 of 5: Local Epoch [2/3] Loss: 1.5057, Accuracy: 60.91 %, Epsilon: 0.71, Delta: 0.0030
Predictions - 1s: 23, 0s: 394
True Labels - 1s: 168, 0s: 249
Client 5 of 5: Local Epoch [3/3] Loss: 1.1912, Accuracy: 59.95 %, Epsilon: 0.88, Delta: 0.0030
Predictions - 1s: 42, 0s: 375
True Labels - 1s: 174, 0s: 243
Client 1 of 5: Local Epoch [3/3] Loss: 1.1842, Accuracy: 60.19 %, Epsilon: 0.88, Delta: 0.0030
Predictions - 1s: 73, 0s: 344
True Labels - 1s: 189, 0s: 228
Client 2 of 5: Local Epoch [3/3] Loss: 1.0627, Accuracy: 58.75 %, Epsilon: 0.88, Delta: 0.0030
Predictions - 1s: 4, 0s: 413
True Labels - 1s: 160, 0s: 257
Predictions - 1s: 16, 0s: 401
True Labels - 1s: 163, 0s: 254
Client 4 of 5: Local Epoch [3/3] Loss: 1.5934, Accuracy: 60.67 %, Epsilon: 0.88, Delta: 0.0030
Client 3 of 5: Local Epoch [3/3] Loss: 1.3487, Accuracy: 63.31 %, Epsilon: 0.88, Delta: 0.0030
-------------------------------
Round [1/4] Average Local Loss: 1.2761, Average Local Accuracy: 60.58 %
-------------------------------
-------- Validation --------
Predictions - 1s: 0, 0s: 521
True Labels - 1s: 220, 0s: 301
Round [1/4] Global Model Validation Loss: 1.1155, Validation Accuracy: 57.77 %
-------- Validation finished --------
Updated best model in round 1 saved with Validation Loss: 1.1155 and Validation Accuracy: 57.77 %
-------------------------------

Round 2 of 4
-------------------------------
max_grad_norm:  1.5
max_grad_norm:  1.5
max_grad_norm:  1.5
max_grad_norm:  1.5
max_grad_norm:  1.5
Predictions - 1s: 11, 0s: 406
True Labels - 1s: 160, 0s: 257
Client 4 of 5: Local Epoch [1/3] Loss: 1.0960, Accuracy: 61.87 %, Epsilon: 0.49, Delta: 0.0030
Predictions - 1s: 2, 0s: 415
True Labels - 1s: 163, 0s: 254
Predictions - 1s: 16, 0s: 401
True Labels - 1s: 168, 0s: 249
Predictions - 1s: 49, 0s: 368
True Labels - 1s: 189, 0s: 228
Client 3 of 5: Local Epoch [1/3] Loss: 1.2061, Accuracy: 60.91 %, Epsilon: 0.49, Delta: 0.0030
Client 5 of 5: Local Epoch [1/3] Loss: 1.2434, Accuracy: 61.15 %, Epsilon: 0.49, Delta: 0.0030
Client 2 of 5: Local Epoch [1/3] Loss: 1.1685, Accuracy: 53.00 %, Epsilon: 0.49, Delta: 0.0030
Predictions - 1s: 20, 0s: 397
True Labels - 1s: 174, 0s: 243
Client 1 of 5: Local Epoch [1/3] Loss: 1.1589, Accuracy: 57.31 %, Epsilon: 0.49, Delta: 0.0030
Predictions - 1s: 15, 0s: 402
True Labels - 1s: 160, 0s: 257
Client 4 of 5: Local Epoch [2/3] Loss: 1.4870, Accuracy: 62.35 %, Epsilon: 0.71, Delta: 0.0030
Predictions - 1s: 11, 0s: 406
True Labels - 1s: 160, 0s: 257
Client 4 of 5: Local Epoch [3/3] Loss: 1.5979, Accuracy: 61.39 %, Epsilon: 0.88, Delta: 0.0030
Predictions - 1s: 79, 0s: 338
True Labels - 1s: 189, 0s: 228
Predictions - 1s: 25, 0s: 392
True Labels - 1s: 163, 0s: 254
Predictions - 1s: 11, 0s: 406
True Labels - 1s: 168, 0s: 249
Client 2 of 5: Local Epoch [2/3] Loss: 1.2428, Accuracy: 53.00 %, Epsilon: 0.71, Delta: 0.0030
Client 5 of 5: Local Epoch [2/3] Loss: 1.4520, Accuracy: 60.43 %, Epsilon: 0.71, Delta: 0.0030
Client 3 of 5: Local Epoch [2/3] Loss: 1.1809, Accuracy: 59.23 %, Epsilon: 0.71, Delta: 0.0030
Predictions - 1s: 29, 0s: 388
True Labels - 1s: 174, 0s: 243
Client 1 of 5: Local Epoch [2/3] Loss: 1.3083, Accuracy: 59.47 %, Epsilon: 0.71, Delta: 0.0030
Predictions - 1s: 68, 0s: 349
True Labels - 1s: 189, 0s: 228
Client 2 of 5: Local Epoch [3/3] Loss: 1.2771, Accuracy: 51.32 %, Epsilon: 0.88, Delta: 0.0030
Predictions - 1s: 33, 0s: 384
True Labels - 1s: 168, 0s: 249
Predictions - 1s: 19, 0s: 398
True Labels - 1s: 163, 0s: 254
Client 3 of 5: Local Epoch [3/3] Loss: 1.3079, Accuracy: 63.07 %, Epsilon: 0.88, Delta: 0.0030
Client 5 of 5: Local Epoch [3/3] Loss: 1.3683, Accuracy: 59.47 %, Epsilon: 0.88, Delta: 0.0030
Predictions - 1s: 59, 0s: 358
True Labels - 1s: 174, 0s: 243
Client 1 of 5: Local Epoch [3/3] Loss: 1.1718, Accuracy: 60.91 %, Epsilon: 0.88, Delta: 0.0030
-------------------------------
Round [2/4] Average Local Loss: 1.3446, Average Local Accuracy: 59.23 %
-------------------------------
-------- Validation --------
Predictions - 1s: 0, 0s: 521
True Labels - 1s: 220, 0s: 301
Round [2/4] Global Model Validation Loss: 1.1503, Validation Accuracy: 57.77 %
-------- Validation finished --------

Round 3 of 4
-------------------------------
max_grad_norm:  1.5
max_grad_norm:  1.5
max_grad_norm:  1.5
max_grad_norm:  1.5
max_grad_norm:  1.5
Predictions - 1s: 4, 0s: 413
True Labels - 1s: 168, 0s: 249
Predictions - 1s: 21, 0s: 396
True Labels - 1s: 189, 0s: 228
Client 2 of 5: Local Epoch [1/3] Loss: 1.4902, Accuracy: 55.88 %, Epsilon: 0.49, Delta: 0.0030
Client 5 of 5: Local Epoch [1/3] Loss: 1.4933, Accuracy: 58.75 %, Epsilon: 0.49, Delta: 0.0030
Predictions - 1s: 7, 0s: 410
True Labels - 1s: 174, 0s: 243
Client 1 of 5: Local Epoch [1/3] Loss: 1.5526, Accuracy: 57.55 %, Epsilon: 0.49, Delta: 0.0030
Predictions - 1s: 70, 0s: 347
True Labels - 1s: 189, 0s: 228
Client 2 of 5: Local Epoch [2/3] Loss: 1.1721, Accuracy: 57.07 %, Epsilon: 0.71, Delta: 0.0030
Predictions - 1s: 76, 0s: 341
True Labels - 1s: 168, 0s: 249
Client 5 of 5: Local Epoch [2/3] Loss: 1.1553, Accuracy: 60.67 %, Epsilon: 0.71, Delta: 0.0030
Predictions - 1s: 32, 0s: 385
True Labels - 1s: 174, 0s: 243
Client 1 of 5: Local Epoch [2/3] Loss: 1.4233, Accuracy: 56.83 %, Epsilon: 0.71, Delta: 0.0030
Predictions - 1s: 13, 0s: 404
True Labels - 1s: 160, 0s: 257
Predictions - 1s: 21, 0s: 396
True Labels - 1s: 163, 0s: 254
Client 4 of 5: Local Epoch [1/3] Loss: 1.3329, Accuracy: 61.39 %, Epsilon: 0.49, Delta: 0.0030
Client 3 of 5: Local Epoch [1/3] Loss: 1.2891, Accuracy: 61.63 %, Epsilon: 0.49, Delta: 0.0030
Predictions - 1s: 52, 0s: 365
True Labels - 1s: 189, 0s: 228
Client 2 of 5: Local Epoch [3/3] Loss: 1.3324, Accuracy: 58.03 %, Epsilon: 0.88, Delta: 0.0030
Predictions - 1s: 38, 0s: 379
True Labels - 1s: 168, 0s: 249
Client 5 of 5: Local Epoch [3/3] Loss: 1.3251, Accuracy: 60.67 %, Epsilon: 0.88, Delta: 0.0030
Predictions - 1s: 13, 0s: 404
True Labels - 1s: 174, 0s: 243
Client 1 of 5: Local Epoch [3/3] Loss: 1.7107, Accuracy: 58.99 %, Epsilon: 0.88, Delta: 0.0030
Predictions - 1s: 12, 0s: 405
True Labels - 1s: 160, 0s: 257
Client 4 of 5: Local Epoch [2/3] Loss: 1.5805, Accuracy: 62.11 %, Epsilon: 0.71, Delta: 0.0030
Predictions - 1s: 26, 0s: 391
True Labels - 1s: 163, 0s: 254
Client 3 of 5: Local Epoch [2/3] Loss: 1.4790, Accuracy: 61.87 %, Epsilon: 0.71, Delta: 0.0030
Predictions - 1s: 9, 0s: 408
True Labels - 1s: 160, 0s: 257
Client 4 of 5: Local Epoch [3/3] Loss: 1.7275, Accuracy: 61.39 %, Epsilon: 0.88, Delta: 0.0030
Predictions - 1s: 12, 0s: 405
True Labels - 1s: 163, 0s: 254
Client 3 of 5: Local Epoch [3/3] Loss: 1.5685, Accuracy: 61.39 %, Epsilon: 0.88, Delta: 0.0030
-------------------------------
Round [3/4] Average Local Loss: 1.5329, Average Local Accuracy: 60.10 %
-------------------------------
-------- Validation --------
Predictions - 1s: 0, 0s: 521
True Labels - 1s: 220, 0s: 301
Round [3/4] Global Model Validation Loss: 1.6488, Validation Accuracy: 57.77 %
-------- Validation finished --------

Round 4 of 4
-------------------------------
max_grad_norm:  1.5
max_grad_norm:  1.5
max_grad_norm:  1.5
max_grad_norm:  1.5
max_grad_norm:  1.5
Predictions - 1s: 16, 0s: 401
True Labels - 1s: 160, 0s: 257
Predictions - 1s: 41, 0s: 376
True Labels - 1s: 174, 0s: 243
Predictions - 1s: 2, 0s: 415
True Labels - 1s: 163, 0s: 254
Predictions - 1s: 29, 0s: 388
True Labels - 1s: 189, 0s: 228
Predictions - 1s: 41, 0s: 376
True Labels - 1s: 168, 0s: 249
Client 4 of 5: Local Epoch [1/3] Loss: 1.3656, Accuracy: 60.67 %, Epsilon: 0.49, Delta: 0.0030
Client 1 of 5: Local Epoch [1/3] Loss: 1.2877, Accuracy: 58.51 %, Epsilon: 0.49, Delta: 0.0030
Client 5 of 5: Local Epoch [1/3] Loss: 1.2536, Accuracy: 60.43 %, Epsilon: 0.49, Delta: 0.0030
Client 3 of 5: Local Epoch [1/3] Loss: 1.8064, Accuracy: 60.43 %, Epsilon: 0.49, Delta: 0.0030
Client 2 of 5: Local Epoch [1/3] Loss: 1.4908, Accuracy: 54.92 %, Epsilon: 0.49, Delta: 0.0030
Predictions - 1s: 9, 0s: 408
True Labels - 1s: 160, 0s: 257
Client 4 of 5: Local Epoch [2/3] Loss: 1.4965, Accuracy: 60.91 %, Epsilon: 0.71, Delta: 0.0030
Predictions - 1s: 34, 0s: 383
True Labels - 1s: 174, 0s: 243
Client 1 of 5: Local Epoch [2/3] Loss: 1.4937, Accuracy: 55.88 %, Epsilon: 0.71, Delta: 0.0030
Predictions - 1s: 9, 0s: 408
True Labels - 1s: 160, 0s: 257
Client 4 of 5: Local Epoch [3/3] Loss: 1.5978, Accuracy: 60.91 %, Epsilon: 0.88, Delta: 0.0030
Predictions - 1s: 31, 0s: 386
True Labels - 1s: 174, 0s: 243
Client 1 of 5: Local Epoch [3/3] Loss: 1.3868, Accuracy: 57.07 %, Epsilon: 0.88, Delta: 0.0030
Predictions - 1s: 97, 0s: 320
True Labels - 1s: 189, 0s: 228
Predictions - 1s: 25, 0s: 392
True Labels - 1s: 163, 0s: 254
Predictions - 1s: 12, 0s: 405
True Labels - 1s: 168, 0s: 249
Client 2 of 5: Local Epoch [2/3] Loss: 1.2981, Accuracy: 53.48 %, Epsilon: 0.71, Delta: 0.0030
Client 3 of 5: Local Epoch [2/3] Loss: 1.4198, Accuracy: 63.55 %, Epsilon: 0.71, Delta: 0.0030
Client 5 of 5: Local Epoch [2/3] Loss: 1.7807, Accuracy: 60.19 %, Epsilon: 0.71, Delta: 0.0030
Predictions - 1s: 201, 0s: 216
True Labels - 1s: 189, 0s: 228
Client 2 of 5: Local Epoch [3/3] Loss: 1.0773, Accuracy: 54.92 %, Epsilon: 0.88, Delta: 0.0030
Predictions - 1s: 28, 0s: 389
True Labels - 1s: 168, 0s: 249
Predictions - 1s: 33, 0s: 384
True Labels - 1s: 163, 0s: 254
Client 3 of 5: Local Epoch [3/3] Loss: 1.3813, Accuracy: 61.63 %, Epsilon: 0.88, Delta: 0.0030
Client 5 of 5: Local Epoch [3/3] Loss: 1.4076, Accuracy: 59.71 %, Epsilon: 0.88, Delta: 0.0030
-------------------------------
Round [4/4] Average Local Loss: 1.3702, Average Local Accuracy: 58.85 %
-------------------------------
-------- Validation --------
Predictions - 1s: 0, 0s: 521
True Labels - 1s: 220, 0s: 301
Round [4/4] Global Model Validation Loss: 2.2602, Validation Accuracy: 57.77 %
-------- Validation finished --------
Best model in round 1 saved with Validation Loss: 1.1155 and Validation Accuracy: 57.77 %

-------- Training finished in 8:16 --------

Test flag enabled. Testing the model

-------- Loading best model from model_path --------
Loaded model bert-small from date 21-04-2024 23:14. Trained with Federated Learning technology.
Round 1, lr: 0.006, optimizer: AdamW
Average train accuracy: 60.58 %, Validation accuracy: 57.77 %
-------- Best model loaded --------

-------- Creating Test Dataloader --------
Test Loader: 650 total sentences. 82 batches of size 8.
-------- Test Dataloader created --------

-------- Testing --------
Predictions - 1s: 0, 0s: 650
True Labels - 1s: 268, 0s: 382
Nº of test samples: 650
Accuracy: 58.77%
Accuracy 2 : 58.77%
Precision: 29.38%
Recall: 50.00%
F1 Score: 37.02%
Classification report:
              precision    recall  f1-score   support

           0     0.5877    1.0000    0.7403       382
           1     0.0000    0.0000    0.0000       268

    accuracy                         0.5877       650
   macro avg     0.2938    0.5000    0.3702       650
weighted avg     0.3454    0.5877    0.4351       650

-------- Testing finished --------
