Current configuration:
{
    "concurrency_flag": true,
    "data_distribution": "iid",
    "dataset": "acl_dep_sad",
    "device": "cuda",
    "dp_delta": 0.003,
    "dp_epsilon": 0,
    "eval_batch_size": 4,
    "eval_flag": true,
    "eval_size": 0.2,
    "fed_alg": "fedavg",
    "layers": 3,
    "learning_rate": 6e-05,
    "max_length": 512,
    "ml_mode": "ml",
    "model": "bert_small",
    "model_name": "ml_0_seed2_acl_dep_sad",
    "models_path": "/local/vpaloma/fabric-federated-learning/ablation_study/phase-4/final/dp/acl_dep_sad",
    "mu": 0.5,
    "num_clients": 5,
    "num_epochs": 12,
    "num_rounds": 4,
    "optimizer": "AdamW",
    "progress_bar_flag": false,
    "save_model": true,
    "scheduler": "linear",
    "scheduler_warmup_steps": 0,
    "seed": "random",
    "test_flag": true,
    "train_batch_size": 4,
    "train_size": 0.8
}
-------- Configuration loaded --------

-------- Setting device --------
cuda device selected and available.
-------- Device set --------

-------- Setting seed --------
seed set:  284202
-------- Seed set --------

-------- Creating Model --------
-------- Model created --------

-------- Setting Trainable Layers --------
Training the last 3 layers.

Total parameters count: 28764674
Trainable parameters count: 3416066
-------- Trainable Layers set --------

-------- Creating Tokenizer --------
-------- Tokenizer created --------

-------- Creating Train and Eval Dataloaders --------
Train Loader: 2085 total sentences. 522 batches of size 4.
Eval Loader: 521 total sentences. 131 batches of size 4.
-------- Train and Eval Dataloaders created --------

-------- Creating Optimizer --------
-------- Optimizer created --------

-------- Creating Scheduler --------
-------- Scheduler created --------

-------- Training --------
Training with Centralised Machine Learning technology.
Training without differential privacy.
Concurrency flag is set to True, but ml mode is selected. Concurrency flag will be ignored.
Epoch [1/12], Step [100/522], Loss: 0.4593, Accuracy: 79.00 %
Epoch [1/12], Step [200/522], Loss: 0.3774, Accuracy: 83.88 %
Epoch [1/12], Step [300/522], Loss: 0.3489, Accuracy: 85.75 %
Epoch [1/12], Step [400/522], Loss: 0.3211, Accuracy: 87.19 %
Epoch [1/12], Step [500/522], Loss: 0.3116, Accuracy: 87.60 %
Predictions - 1s: 824, 0s: 1261
True Labels - 1s: 859, 0s: 1226
-------------------------------
Epoch [1/12] Loss: 0.3052, Accuracy: 87.87 %
-------------------------------
-------- Validation --------
Predictions - 1s: 222, 0s: 299
True Labels - 1s: 215, 0s: 306
Validation Loss: 0.1830, Validation Accuracy: 94.43 %
-------- Validation finished --------
Updated best model in epoch 1 saved with Validation Loss: 0.1830 and Validation Accuracy: 94.43 %
-------------------------------
Epoch [2/12], Step [100/522], Loss: 0.1570, Accuracy: 94.75 %
Epoch [2/12], Step [200/522], Loss: 0.1924, Accuracy: 93.25 %
Epoch [2/12], Step [300/522], Loss: 0.1713, Accuracy: 93.92 %
Epoch [2/12], Step [400/522], Loss: 0.1832, Accuracy: 93.25 %
Epoch [2/12], Step [500/522], Loss: 0.1834, Accuracy: 93.30 %
Predictions - 1s: 867, 0s: 1218
True Labels - 1s: 859, 0s: 1226
-------------------------------
Epoch [2/12] Loss: 0.1836, Accuracy: 93.29 %
-------------------------------
-------- Validation --------
Predictions - 1s: 223, 0s: 298
True Labels - 1s: 215, 0s: 306
Validation Loss: 0.1526, Validation Accuracy: 95.01 %
-------- Validation finished --------
Updated best model in epoch 2 saved with Validation Loss: 0.1526 and Validation Accuracy: 95.01 %
-------------------------------
Epoch [3/12], Step [100/522], Loss: 0.1313, Accuracy: 94.75 %
Epoch [3/12], Step [200/522], Loss: 0.1349, Accuracy: 95.00 %
Epoch [3/12], Step [300/522], Loss: 0.1384, Accuracy: 94.92 %
Epoch [3/12], Step [400/522], Loss: 0.1311, Accuracy: 95.31 %
Epoch [3/12], Step [500/522], Loss: 0.1390, Accuracy: 94.85 %
Predictions - 1s: 869, 0s: 1216
True Labels - 1s: 859, 0s: 1226
-------------------------------
Epoch [3/12] Loss: 0.1380, Accuracy: 94.82 %
-------------------------------
-------- Validation --------
Predictions - 1s: 202, 0s: 319
True Labels - 1s: 215, 0s: 306
Validation Loss: 0.1609, Validation Accuracy: 94.43 %
-------- Validation finished --------
Epoch [4/12], Step [100/522], Loss: 0.0820, Accuracy: 97.00 %
Epoch [4/12], Step [200/522], Loss: 0.0963, Accuracy: 96.88 %
Epoch [4/12], Step [300/522], Loss: 0.1050, Accuracy: 96.08 %
Epoch [4/12], Step [400/522], Loss: 0.0963, Accuracy: 96.38 %
Epoch [4/12], Step [500/522], Loss: 0.1020, Accuracy: 96.05 %
Predictions - 1s: 867, 0s: 1218
True Labels - 1s: 859, 0s: 1226
-------------------------------
Epoch [4/12] Loss: 0.1016, Accuracy: 96.07 %
-------------------------------
-------- Validation --------
Predictions - 1s: 219, 0s: 302
True Labels - 1s: 215, 0s: 306
Validation Loss: 0.1464, Validation Accuracy: 95.01 %
-------- Validation finished --------
Updated best model in epoch 4 saved with Validation Loss: 0.1464 and Validation Accuracy: 95.01 %
-------------------------------
Epoch [5/12], Step [100/522], Loss: 0.0619, Accuracy: 97.50 %
Epoch [5/12], Step [200/522], Loss: 0.0586, Accuracy: 97.62 %
Epoch [5/12], Step [300/522], Loss: 0.0566, Accuracy: 97.92 %
Epoch [5/12], Step [400/522], Loss: 0.0701, Accuracy: 97.31 %
Epoch [5/12], Step [500/522], Loss: 0.0711, Accuracy: 97.25 %
Predictions - 1s: 863, 0s: 1222
True Labels - 1s: 859, 0s: 1226
-------------------------------
Epoch [5/12] Loss: 0.0739, Accuracy: 97.22 %
-------------------------------
-------- Validation --------
Predictions - 1s: 225, 0s: 296
True Labels - 1s: 215, 0s: 306
Validation Loss: 0.1475, Validation Accuracy: 95.01 %
-------- Validation finished --------
Epoch [6/12], Step [100/522], Loss: 0.0342, Accuracy: 99.00 %
Epoch [6/12], Step [200/522], Loss: 0.0386, Accuracy: 98.75 %
Epoch [6/12], Step [300/522], Loss: 0.0355, Accuracy: 98.92 %
Epoch [6/12], Step [400/522], Loss: 0.0445, Accuracy: 98.50 %
Epoch [6/12], Step [500/522], Loss: 0.0444, Accuracy: 98.50 %
Predictions - 1s: 860, 0s: 1225
True Labels - 1s: 859, 0s: 1226
-------------------------------
Epoch [6/12] Loss: 0.0448, Accuracy: 98.42 %
-------------------------------
-------- Validation --------
Predictions - 1s: 209, 0s: 312
True Labels - 1s: 215, 0s: 306
Validation Loss: 0.1633, Validation Accuracy: 94.63 %
-------- Validation finished --------
Epoch [7/12], Step [100/522], Loss: 0.0329, Accuracy: 98.75 %
Epoch [7/12], Step [200/522], Loss: 0.0433, Accuracy: 98.75 %
Epoch [7/12], Step [300/522], Loss: 0.0362, Accuracy: 99.00 %
Epoch [7/12], Step [400/522], Loss: 0.0330, Accuracy: 99.12 %
Epoch [7/12], Step [500/522], Loss: 0.0363, Accuracy: 99.10 %
Predictions - 1s: 857, 0s: 1228
True Labels - 1s: 859, 0s: 1226
-------------------------------
Epoch [7/12] Loss: 0.0353, Accuracy: 99.14 %
-------------------------------
-------- Validation --------
Predictions - 1s: 225, 0s: 296
True Labels - 1s: 215, 0s: 306
Validation Loss: 0.1721, Validation Accuracy: 94.63 %
-------- Validation finished --------
Epoch [8/12], Step [100/522], Loss: 0.0306, Accuracy: 99.00 %
Epoch [8/12], Step [200/522], Loss: 0.0358, Accuracy: 98.88 %
Epoch [8/12], Step [300/522], Loss: 0.0346, Accuracy: 98.83 %
Epoch [8/12], Step [400/522], Loss: 0.0355, Accuracy: 98.56 %
Epoch [8/12], Step [500/522], Loss: 0.0357, Accuracy: 98.65 %
Predictions - 1s: 860, 0s: 1225
True Labels - 1s: 859, 0s: 1226
-------------------------------
Epoch [8/12] Loss: 0.0349, Accuracy: 98.71 %
-------------------------------
-------- Validation --------
Predictions - 1s: 207, 0s: 314
True Labels - 1s: 215, 0s: 306
Validation Loss: 0.1809, Validation Accuracy: 95.39 %
-------- Validation finished --------
Epoch [9/12], Step [100/522], Loss: 0.0370, Accuracy: 98.50 %
Epoch [9/12], Step [200/522], Loss: 0.0321, Accuracy: 98.88 %
Epoch [9/12], Step [300/522], Loss: 0.0286, Accuracy: 99.08 %
Epoch [9/12], Step [400/522], Loss: 0.0242, Accuracy: 99.25 %
Epoch [9/12], Step [500/522], Loss: 0.0235, Accuracy: 99.30 %
Predictions - 1s: 859, 0s: 1226
True Labels - 1s: 859, 0s: 1226
-------------------------------
Epoch [9/12] Loss: 0.0227, Accuracy: 99.33 %
-------------------------------
-------- Validation --------
Predictions - 1s: 205, 0s: 316
True Labels - 1s: 215, 0s: 306
Validation Loss: 0.1873, Validation Accuracy: 94.63 %
-------- Validation finished --------
Epoch [10/12], Step [100/522], Loss: 0.0332, Accuracy: 98.75 %
Epoch [10/12], Step [200/522], Loss: 0.0249, Accuracy: 99.25 %
Epoch [10/12], Step [300/522], Loss: 0.0251, Accuracy: 99.33 %
Epoch [10/12], Step [400/522], Loss: 0.0241, Accuracy: 99.31 %
Epoch [10/12], Step [500/522], Loss: 0.0214, Accuracy: 99.40 %
Predictions - 1s: 857, 0s: 1228
True Labels - 1s: 859, 0s: 1226
-------------------------------
Epoch [10/12] Loss: 0.0207, Accuracy: 99.42 %
-------------------------------
-------- Validation --------
Predictions - 1s: 211, 0s: 310
True Labels - 1s: 215, 0s: 306
Validation Loss: 0.1829, Validation Accuracy: 95.01 %
-------- Validation finished --------
Epoch [11/12], Step [100/522], Loss: 0.0101, Accuracy: 99.75 %
Epoch [11/12], Step [200/522], Loss: 0.0170, Accuracy: 99.50 %
Epoch [11/12], Step [300/522], Loss: 0.0136, Accuracy: 99.58 %
Epoch [11/12], Step [400/522], Loss: 0.0128, Accuracy: 99.62 %
Epoch [11/12], Step [500/522], Loss: 0.0115, Accuracy: 99.65 %
Predictions - 1s: 860, 0s: 1225
True Labels - 1s: 859, 0s: 1226
-------------------------------
Epoch [11/12] Loss: 0.0112, Accuracy: 99.66 %
-------------------------------
-------- Validation --------
Predictions - 1s: 208, 0s: 313
True Labels - 1s: 215, 0s: 306
Validation Loss: 0.1903, Validation Accuracy: 94.82 %
-------- Validation finished --------
Epoch [12/12], Step [100/522], Loss: 0.0081, Accuracy: 99.75 %
Epoch [12/12], Step [200/522], Loss: 0.0130, Accuracy: 99.75 %
Epoch [12/12], Step [300/522], Loss: 0.0107, Accuracy: 99.83 %
Epoch [12/12], Step [400/522], Loss: 0.0163, Accuracy: 99.56 %
Epoch [12/12], Step [500/522], Loss: 0.0146, Accuracy: 99.65 %
Predictions - 1s: 858, 0s: 1227
True Labels - 1s: 859, 0s: 1226
-------------------------------
Epoch [12/12] Loss: 0.0142, Accuracy: 99.66 %
-------------------------------
-------- Validation --------
Predictions - 1s: 212, 0s: 309
True Labels - 1s: 215, 0s: 306
Validation Loss: 0.1905, Validation Accuracy: 95.20 %
-------- Validation finished --------
Best model in epoch 4 saved with with Validation Loss: 0.1464 and Validation Accuracy: 95.01 %

-------- Training finished in 1:44 --------

Test flag enabled. Testing the model

-------- Loading best model from model_path --------
Loaded model bert-small from date 20-04-2024 21:48. Trained with Centralised Machine Learning technology.
Epoch 4, lr: 6e-05, optimizer: AdamW
Train accuracy: 96.07 %, Validation accuracy: 95.01 %
-------- Best model loaded --------

-------- Creating Test Dataloader --------
Test Loader: 650 total sentences. 82 batches of size 8.
-------- Test Dataloader created --------

-------- Testing --------
Predictions - 1s: 267, 0s: 383
True Labels - 1s: 268, 0s: 382
Nº of test samples: 650
Accuracy: 93.69%
Accuracy 2 : 93.69%
Precision: 93.51%
Recall: 93.46%
F1 Score: 93.49%
Classification report:
              precision    recall  f1-score   support

           0     0.9452    0.9476    0.9464       382
           1     0.9251    0.9216    0.9234       268

    accuracy                         0.9369       650
   macro avg     0.9351    0.9346    0.9349       650
weighted avg     0.9369    0.9369    0.9369       650

-------- Testing finished --------
