Current configuration:
{
    "concurrency_flag": true,
    "data_distribution": "iid",
    "dataset": "acl_dep_sad",
    "device": "cuda",
    "dp_delta": 0.003,
    "dp_epsilon": 0.5,
    "eval_batch_size": 4,
    "eval_flag": true,
    "eval_size": 0.2,
    "fed_alg": "fedavg",
    "layers": 3,
    "learning_rate": 0.0006,
    "max_length": 512,
    "ml_mode": "ml",
    "model": "bert_small",
    "model_name": "ml_0.5_seed2_acl_dep_sad",
    "models_path": "/local/vpaloma/fabric-federated-learning/ablation_study/phase-4/final/dp/acl_dep_sad",
    "mu": 0.5,
    "num_clients": 5,
    "num_epochs": 12,
    "num_rounds": 4,
    "optimizer": "AdamW",
    "progress_bar_flag": false,
    "save_model": true,
    "scheduler": "linear",
    "scheduler_warmup_steps": 0,
    "seed": "random",
    "test_flag": true,
    "train_batch_size": 4,
    "train_size": 0.8
}
-------- Configuration loaded --------

-------- Setting device --------
cuda device selected and available.
-------- Device set --------

-------- Setting seed --------
seed set:  282746
-------- Seed set --------

-------- Creating Model --------
-------- Model created --------

-------- Setting Trainable Layers --------
Training the last 3 layers.

Total parameters count: 28764674
Trainable parameters count: 3416066
-------- Trainable Layers set --------

-------- Creating Tokenizer --------
-------- Tokenizer created --------

-------- Creating Train and Eval Dataloaders --------
Train Loader: 2085 total sentences. 522 batches of size 4.
Eval Loader: 521 total sentences. 131 batches of size 4.
-------- Train and Eval Dataloaders created --------

-------- Creating Optimizer --------
-------- Optimizer created --------

-------- Creating Scheduler --------
-------- Scheduler created --------

-------- Training --------
Training with Centralised Machine Learning technology.
Training with differential privacy.
Concurrency flag is set to True, but ml mode is selected. Concurrency flag will be ignored.
max_grad_norm:  1.5
Epoch [1/12], Step [100/522], Loss: 0.7136, Accuracy: 63.75 %, Epsilon: 0.04, Delta: 0.0030
Epoch [1/12], Step [200/522], Loss: 0.8758, Accuracy: 61.38 %, Epsilon: 0.06, Delta: 0.0030
Epoch [1/12], Step [300/522], Loss: 0.9902, Accuracy: 58.92 %, Epsilon: 0.08, Delta: 0.0030
Epoch [1/12], Step [400/522], Loss: 1.0271, Accuracy: 58.56 %, Epsilon: 0.10, Delta: 0.0030
Epoch [1/12], Step [500/522], Loss: 1.0498, Accuracy: 58.85 %, Epsilon: 0.11, Delta: 0.0030
Predictions - 1s: 0, 0s: 2085
True Labels - 1s: 854, 0s: 1231
-------------------------------
Epoch [1/12] Loss: 1.0551, Accuracy: 59.04 %, Epsilon: 0.11, Delta: 0.0030
-------------------------------
-------- Validation --------
Predictions - 1s: 0, 0s: 521
True Labels - 1s: 220, 0s: 301
Validation Loss: 1.3679, Validation Accuracy: 57.77 %
-------- Validation finished --------
Updated best model in epoch 1 saved with Validation Loss: 1.3679 and Validation Accuracy: 57.77 %
-------------------------------
Epoch [2/12], Step [100/522], Loss: 1.2012, Accuracy: 58.75 %, Epsilon: 0.13, Delta: 0.0030
Epoch [2/12], Step [200/522], Loss: 1.1168, Accuracy: 61.12 %, Epsilon: 0.14, Delta: 0.0030
Epoch [2/12], Step [300/522], Loss: 1.1611, Accuracy: 59.33 %, Epsilon: 0.15, Delta: 0.0030
Epoch [2/12], Step [400/522], Loss: 1.1493, Accuracy: 59.12 %, Epsilon: 0.16, Delta: 0.0030
Epoch [2/12], Step [500/522], Loss: 1.1163, Accuracy: 59.40 %, Epsilon: 0.17, Delta: 0.0030
Predictions - 1s: 0, 0s: 2085
True Labels - 1s: 854, 0s: 1231
-------------------------------
Epoch [2/12] Loss: 1.1246, Accuracy: 59.04 %, Epsilon: 0.17, Delta: 0.0030
-------------------------------
-------- Validation --------
Predictions - 1s: 0, 0s: 521
True Labels - 1s: 220, 0s: 301
Validation Loss: 1.1346, Validation Accuracy: 57.77 %
-------- Validation finished --------
Updated best model in epoch 2 saved with Validation Loss: 1.1346 and Validation Accuracy: 57.77 %
-------------------------------
Epoch [3/12], Step [100/522], Loss: 1.1005, Accuracy: 54.00 %, Epsilon: 0.18, Delta: 0.0030
Epoch [3/12], Step [200/522], Loss: 1.0395, Accuracy: 58.00 %, Epsilon: 0.19, Delta: 0.0030
Epoch [3/12], Step [300/522], Loss: 1.0570, Accuracy: 57.83 %, Epsilon: 0.20, Delta: 0.0030
Epoch [3/12], Step [400/522], Loss: 1.0467, Accuracy: 58.81 %, Epsilon: 0.21, Delta: 0.0030
Epoch [3/12], Step [500/522], Loss: 1.0326, Accuracy: 59.10 %, Epsilon: 0.22, Delta: 0.0030
Predictions - 1s: 2, 0s: 2083
True Labels - 1s: 854, 0s: 1231
-------------------------------
Epoch [3/12] Loss: 1.0277, Accuracy: 59.14 %, Epsilon: 0.22, Delta: 0.0030
-------------------------------
-------- Validation --------
Predictions - 1s: 0, 0s: 521
True Labels - 1s: 220, 0s: 301
Validation Loss: 1.0927, Validation Accuracy: 57.77 %
-------- Validation finished --------
Updated best model in epoch 3 saved with Validation Loss: 1.0927 and Validation Accuracy: 57.77 %
-------------------------------
Epoch [4/12], Step [100/522], Loss: 0.8777, Accuracy: 63.50 %, Epsilon: 0.23, Delta: 0.0030
Epoch [4/12], Step [200/522], Loss: 0.9526, Accuracy: 60.75 %, Epsilon: 0.23, Delta: 0.0030
Epoch [4/12], Step [300/522], Loss: 0.9808, Accuracy: 59.33 %, Epsilon: 0.24, Delta: 0.0030
Epoch [4/12], Step [400/522], Loss: 0.9769, Accuracy: 58.62 %, Epsilon: 0.25, Delta: 0.0030
Epoch [4/12], Step [500/522], Loss: 0.9447, Accuracy: 59.25 %, Epsilon: 0.26, Delta: 0.0030
Predictions - 1s: 8, 0s: 2077
True Labels - 1s: 854, 0s: 1231
-------------------------------
Epoch [4/12] Loss: 0.9388, Accuracy: 59.42 %, Epsilon: 0.26, Delta: 0.0030
-------------------------------
-------- Validation --------
Predictions - 1s: 5, 0s: 516
True Labels - 1s: 220, 0s: 301
Validation Loss: 0.9204, Validation Accuracy: 58.73 %
-------- Validation finished --------
Updated best model in epoch 4 saved with Validation Loss: 0.9204 and Validation Accuracy: 58.73 %
-------------------------------
Epoch [5/12], Step [100/522], Loss: 0.8265, Accuracy: 61.25 %, Epsilon: 0.27, Delta: 0.0030
Epoch [5/12], Step [200/522], Loss: 0.8437, Accuracy: 59.62 %, Epsilon: 0.27, Delta: 0.0030
Epoch [5/12], Step [300/522], Loss: 0.8195, Accuracy: 60.83 %, Epsilon: 0.28, Delta: 0.0030
Epoch [5/12], Step [400/522], Loss: 0.8205, Accuracy: 60.00 %, Epsilon: 0.29, Delta: 0.0030
Epoch [5/12], Step [500/522], Loss: 0.7910, Accuracy: 61.45 %, Epsilon: 0.29, Delta: 0.0030
Predictions - 1s: 51, 0s: 2034
True Labels - 1s: 854, 0s: 1231
-------------------------------
Epoch [5/12] Loss: 0.7860, Accuracy: 61.49 %, Epsilon: 0.30, Delta: 0.0030
-------------------------------
-------- Validation --------
Predictions - 1s: 23, 0s: 498
True Labels - 1s: 220, 0s: 301
Validation Loss: 0.7970, Validation Accuracy: 62.19 %
-------- Validation finished --------
Updated best model in epoch 5 saved with Validation Loss: 0.7970 and Validation Accuracy: 62.19 %
-------------------------------
Epoch [6/12], Step [100/522], Loss: 0.6732, Accuracy: 66.00 %, Epsilon: 0.30, Delta: 0.0030
Epoch [6/12], Step [200/522], Loss: 0.7193, Accuracy: 64.12 %, Epsilon: 0.31, Delta: 0.0030
Epoch [6/12], Step [300/522], Loss: 0.6862, Accuracy: 65.17 %, Epsilon: 0.32, Delta: 0.0030
Epoch [6/12], Step [400/522], Loss: 0.6846, Accuracy: 65.56 %, Epsilon: 0.32, Delta: 0.0030
Epoch [6/12], Step [500/522], Loss: 0.6978, Accuracy: 65.65 %, Epsilon: 0.33, Delta: 0.0030
Predictions - 1s: 157, 0s: 1928
True Labels - 1s: 854, 0s: 1231
-------------------------------
Epoch [6/12] Loss: 0.7005, Accuracy: 65.71 %, Epsilon: 0.33, Delta: 0.0030
-------------------------------
-------- Validation --------
Predictions - 1s: 45, 0s: 476
True Labels - 1s: 220, 0s: 301
Validation Loss: 0.7236, Validation Accuracy: 66.41 %
-------- Validation finished --------
Updated best model in epoch 6 saved with Validation Loss: 0.7236 and Validation Accuracy: 66.41 %
-------------------------------
Epoch [7/12], Step [100/522], Loss: 0.6472, Accuracy: 68.00 %, Epsilon: 0.34, Delta: 0.0030
Epoch [7/12], Step [200/522], Loss: 0.6235, Accuracy: 69.38 %, Epsilon: 0.34, Delta: 0.0030
Epoch [7/12], Step [300/522], Loss: 0.6100, Accuracy: 69.67 %, Epsilon: 0.35, Delta: 0.0030
Epoch [7/12], Step [400/522], Loss: 0.6109, Accuracy: 70.19 %, Epsilon: 0.35, Delta: 0.0030
Epoch [7/12], Step [500/522], Loss: 0.6095, Accuracy: 70.70 %, Epsilon: 0.36, Delta: 0.0030
Predictions - 1s: 279, 0s: 1806
True Labels - 1s: 854, 0s: 1231
-------------------------------
Epoch [7/12] Loss: 0.6059, Accuracy: 70.98 %, Epsilon: 0.36, Delta: 0.0030
-------------------------------
-------- Validation --------
Predictions - 1s: 72, 0s: 449
True Labels - 1s: 220, 0s: 301
Validation Loss: 0.6332, Validation Accuracy: 71.59 %
-------- Validation finished --------
Updated best model in epoch 7 saved with Validation Loss: 0.6332 and Validation Accuracy: 71.59 %
-------------------------------
Epoch [8/12], Step [100/522], Loss: 0.6113, Accuracy: 72.25 %, Epsilon: 0.37, Delta: 0.0030
Epoch [8/12], Step [200/522], Loss: 0.5508, Accuracy: 75.62 %, Epsilon: 0.37, Delta: 0.0030
Epoch [8/12], Step [300/522], Loss: 0.5447, Accuracy: 75.83 %, Epsilon: 0.38, Delta: 0.0030
Epoch [8/12], Step [400/522], Loss: 0.5512, Accuracy: 75.50 %, Epsilon: 0.38, Delta: 0.0030
Epoch [8/12], Step [500/522], Loss: 0.5606, Accuracy: 74.60 %, Epsilon: 0.39, Delta: 0.0030
Predictions - 1s: 368, 0s: 1717
True Labels - 1s: 854, 0s: 1231
-------------------------------
Epoch [8/12] Loss: 0.5630, Accuracy: 74.58 %, Epsilon: 0.39, Delta: 0.0030
-------------------------------
-------- Validation --------
Predictions - 1s: 95, 0s: 426
True Labels - 1s: 220, 0s: 301
Validation Loss: 0.5643, Validation Accuracy: 74.86 %
-------- Validation finished --------
Updated best model in epoch 8 saved with Validation Loss: 0.5643 and Validation Accuracy: 74.86 %
-------------------------------
Epoch [9/12], Step [100/522], Loss: 0.4960, Accuracy: 75.25 %, Epsilon: 0.40, Delta: 0.0030
Epoch [9/12], Step [200/522], Loss: 0.4717, Accuracy: 76.25 %, Epsilon: 0.40, Delta: 0.0030
Epoch [9/12], Step [300/522], Loss: 0.4784, Accuracy: 76.83 %, Epsilon: 0.41, Delta: 0.0030
Epoch [9/12], Step [400/522], Loss: 0.4865, Accuracy: 76.69 %, Epsilon: 0.41, Delta: 0.0030
Epoch [9/12], Step [500/522], Loss: 0.4959, Accuracy: 76.35 %, Epsilon: 0.42, Delta: 0.0030
Predictions - 1s: 455, 0s: 1630
True Labels - 1s: 854, 0s: 1231
-------------------------------
Epoch [9/12] Loss: 0.4957, Accuracy: 76.55 %, Epsilon: 0.42, Delta: 0.0030
-------------------------------
-------- Validation --------
Predictions - 1s: 114, 0s: 407
True Labels - 1s: 220, 0s: 301
Validation Loss: 0.5296, Validation Accuracy: 77.74 %
-------- Validation finished --------
Updated best model in epoch 9 saved with Validation Loss: 0.5296 and Validation Accuracy: 77.74 %
-------------------------------
Epoch [10/12], Step [100/522], Loss: 0.5312, Accuracy: 75.75 %, Epsilon: 0.42, Delta: 0.0030
Epoch [10/12], Step [200/522], Loss: 0.5111, Accuracy: 76.62 %, Epsilon: 0.43, Delta: 0.0030
Epoch [10/12], Step [300/522], Loss: 0.5139, Accuracy: 76.83 %, Epsilon: 0.44, Delta: 0.0030
Epoch [10/12], Step [400/522], Loss: 0.5120, Accuracy: 77.12 %, Epsilon: 0.44, Delta: 0.0030
Epoch [10/12], Step [500/522], Loss: 0.4958, Accuracy: 77.85 %, Epsilon: 0.45, Delta: 0.0030
Predictions - 1s: 502, 0s: 1583
True Labels - 1s: 854, 0s: 1231
-------------------------------
Epoch [10/12] Loss: 0.4927, Accuracy: 78.03 %, Epsilon: 0.45, Delta: 0.0030
-------------------------------
-------- Validation --------
Predictions - 1s: 129, 0s: 392
True Labels - 1s: 220, 0s: 301
Validation Loss: 0.5070, Validation Accuracy: 79.08 %
-------- Validation finished --------
Updated best model in epoch 10 saved with Validation Loss: 0.5070 and Validation Accuracy: 79.08 %
-------------------------------
Epoch [11/12], Step [100/522], Loss: 0.5494, Accuracy: 76.75 %, Epsilon: 0.45, Delta: 0.0030
Epoch [11/12], Step [200/522], Loss: 0.5155, Accuracy: 77.62 %, Epsilon: 0.46, Delta: 0.0030
Epoch [11/12], Step [300/522], Loss: 0.4979, Accuracy: 78.33 %, Epsilon: 0.46, Delta: 0.0030
Epoch [11/12], Step [400/522], Loss: 0.4890, Accuracy: 78.88 %, Epsilon: 0.47, Delta: 0.0030
Epoch [11/12], Step [500/522], Loss: 0.4695, Accuracy: 79.50 %, Epsilon: 0.47, Delta: 0.0030
Predictions - 1s: 524, 0s: 1561
True Labels - 1s: 854, 0s: 1231
-------------------------------
Epoch [11/12] Loss: 0.4758, Accuracy: 79.28 %, Epsilon: 0.47, Delta: 0.0030
-------------------------------
-------- Validation --------
Predictions - 1s: 141, 0s: 380
True Labels - 1s: 220, 0s: 301
Validation Loss: 0.4886, Validation Accuracy: 80.61 %
-------- Validation finished --------
Updated best model in epoch 11 saved with Validation Loss: 0.4886 and Validation Accuracy: 80.61 %
-------------------------------
Epoch [12/12], Step [100/522], Loss: 0.5170, Accuracy: 77.25 %, Epsilon: 0.48, Delta: 0.0030
Epoch [12/12], Step [200/522], Loss: 0.4670, Accuracy: 79.12 %, Epsilon: 0.48, Delta: 0.0030
Epoch [12/12], Step [300/522], Loss: 0.4590, Accuracy: 79.75 %, Epsilon: 0.49, Delta: 0.0030
Epoch [12/12], Step [400/522], Loss: 0.4618, Accuracy: 79.50 %, Epsilon: 0.49, Delta: 0.0030
Epoch [12/12], Step [500/522], Loss: 0.4659, Accuracy: 79.25 %, Epsilon: 0.50, Delta: 0.0030
Predictions - 1s: 538, 0s: 1547
True Labels - 1s: 854, 0s: 1231
-------------------------------
Epoch [12/12] Loss: 0.4667, Accuracy: 79.09 %, Epsilon: 0.50, Delta: 0.0030
-------------------------------
-------- Validation --------
Predictions - 1s: 143, 0s: 378
True Labels - 1s: 220, 0s: 301
Validation Loss: 0.4815, Validation Accuracy: 81.00 %
-------- Validation finished --------
Updated best model in epoch 12 saved with Validation Loss: 0.4815 and Validation Accuracy: 81.00 %
-------------------------------
Best model in epoch 12 saved with with Validation Loss: 0.4815 and Validation Accuracy: 81.00 %

-------- Training finished in 4:07 --------

Test flag enabled. Testing the model

-------- Loading best model from model_path --------
Loaded model bert-small from date 20-04-2024 21:41. Trained with Centralised Machine Learning technology.
Epoch 12, lr: 0.0006, optimizer: DPOptimizer
Train accuracy: 79.09 %, Validation accuracy: 81.00 %
-------- Best model loaded --------

-------- Creating Test Dataloader --------
Test Loader: 650 total sentences. 82 batches of size 8.
-------- Test Dataloader created --------

-------- Testing --------
Predictions - 1s: 160, 0s: 490
True Labels - 1s: 268, 0s: 382
Nº of test samples: 650
Accuracy: 79.69%
Accuracy 2 : 79.69%
Precision: 84.01%
Recall: 76.04%
F1 Score: 77.01%
Classification report:
              precision    recall  f1-score   support

           0     0.7551    0.9686    0.8486       382
           1     0.9250    0.5522    0.6916       268

    accuracy                         0.7969       650
   macro avg     0.8401    0.7604    0.7701       650
weighted avg     0.8252    0.7969    0.7839       650

-------- Testing finished --------
