Current configuration:
{
    "concurrency_flag": true,
    "data_distribution": "iid",
    "dataset": "acl_dep_sad",
    "device": "cuda",
    "dp_delta": 0.003,
    "dp_epsilon": 10,
    "eval_batch_size": 4,
    "eval_flag": true,
    "eval_size": 0.2,
    "fed_alg": "fedavg",
    "layers": 3,
    "learning_rate": 0.0006,
    "max_length": 512,
    "ml_mode": "ml",
    "model": "bert_small",
    "model_name": "ml_10_seed9_acl_dep_sad",
    "models_path": "/local/vpaloma/fabric-federated-learning/ablation_study/phase-4/final/dp/acl_dep_sad",
    "mu": 0.5,
    "num_clients": 5,
    "num_epochs": 12,
    "num_rounds": 4,
    "optimizer": "AdamW",
    "progress_bar_flag": false,
    "save_model": true,
    "scheduler": "linear",
    "scheduler_warmup_steps": 0,
    "seed": "random",
    "test_flag": true,
    "train_batch_size": 4,
    "train_size": 0.8
}
-------- Configuration loaded --------

-------- Setting device --------
cuda device selected and available.
-------- Device set --------

-------- Setting seed --------
seed set:  986864
-------- Seed set --------

-------- Creating Model --------
-------- Model created --------

-------- Setting Trainable Layers --------
Training the last 3 layers.

Total parameters count: 28764674
Trainable parameters count: 3416066
-------- Trainable Layers set --------

-------- Creating Tokenizer --------
-------- Tokenizer created --------

-------- Creating Train and Eval Dataloaders --------
Train Loader: 2085 total sentences. 522 batches of size 4.
Eval Loader: 521 total sentences. 131 batches of size 4.
-------- Train and Eval Dataloaders created --------

-------- Creating Optimizer --------
-------- Optimizer created --------

-------- Creating Scheduler --------
-------- Scheduler created --------

-------- Training --------
Training with Centralised Machine Learning technology.
Training with differential privacy.
Concurrency flag is set to True, but ml mode is selected. Concurrency flag will be ignored.
max_grad_norm:  1.5
Epoch [1/12], Step [100/522], Loss: 0.7738, Accuracy: 56.00 %, Epsilon: 1.80, Delta: 0.0030
Epoch [1/12], Step [200/522], Loss: 0.8745, Accuracy: 58.88 %, Epsilon: 2.46, Delta: 0.0030
Epoch [1/12], Step [300/522], Loss: 1.0034, Accuracy: 57.92 %, Epsilon: 2.87, Delta: 0.0030
Epoch [1/12], Step [400/522], Loss: 1.0376, Accuracy: 58.69 %, Epsilon: 3.18, Delta: 0.0030
Epoch [1/12], Step [500/522], Loss: 1.0376, Accuracy: 57.85 %, Epsilon: 3.45, Delta: 0.0030
Predictions - 1s: 32, 0s: 2053
True Labels - 1s: 866, 0s: 1219
-------------------------------
Epoch [1/12] Loss: 1.0333, Accuracy: 57.70 %, Epsilon: 3.50, Delta: 0.0030
-------------------------------
-------- Validation --------
Predictions - 1s: 0, 0s: 521
True Labels - 1s: 208, 0s: 313
Validation Loss: 0.9134, Validation Accuracy: 60.08 %
-------- Validation finished --------
Updated best model in epoch 1 saved with Validation Loss: 0.9134 and Validation Accuracy: 60.08 %
-------------------------------
Epoch [2/12], Step [100/522], Loss: 0.9113, Accuracy: 59.00 %, Epsilon: 3.73, Delta: 0.0030
Epoch [2/12], Step [200/522], Loss: 0.9312, Accuracy: 57.00 %, Epsilon: 3.93, Delta: 0.0030
Epoch [2/12], Step [300/522], Loss: 0.8658, Accuracy: 58.42 %, Epsilon: 4.12, Delta: 0.0030
Epoch [2/12], Step [400/522], Loss: 0.8604, Accuracy: 58.38 %, Epsilon: 4.30, Delta: 0.0030
Epoch [2/12], Step [500/522], Loss: 0.8262, Accuracy: 59.85 %, Epsilon: 4.46, Delta: 0.0030
Predictions - 1s: 30, 0s: 2055
True Labels - 1s: 866, 0s: 1219
-------------------------------
Epoch [2/12] Loss: 0.8288, Accuracy: 59.90 %, Epsilon: 4.50, Delta: 0.0030
-------------------------------
-------- Validation --------
Predictions - 1s: 29, 0s: 492
True Labels - 1s: 208, 0s: 313
Validation Loss: 0.7567, Validation Accuracy: 65.64 %
-------- Validation finished --------
Updated best model in epoch 2 saved with Validation Loss: 0.7567 and Validation Accuracy: 65.64 %
-------------------------------
Epoch [3/12], Step [100/522], Loss: 0.6049, Accuracy: 67.25 %, Epsilon: 4.66, Delta: 0.0030
Epoch [3/12], Step [200/522], Loss: 0.5907, Accuracy: 69.00 %, Epsilon: 4.81, Delta: 0.0030
Epoch [3/12], Step [300/522], Loss: 0.5915, Accuracy: 70.17 %, Epsilon: 4.96, Delta: 0.0030
Epoch [3/12], Step [400/522], Loss: 0.5658, Accuracy: 71.69 %, Epsilon: 5.11, Delta: 0.0030
Epoch [3/12], Step [500/522], Loss: 0.5494, Accuracy: 72.70 %, Epsilon: 5.24, Delta: 0.0030
Predictions - 1s: 377, 0s: 1708
True Labels - 1s: 866, 0s: 1219
-------------------------------
Epoch [3/12] Loss: 0.5409, Accuracy: 73.09 %, Epsilon: 5.27, Delta: 0.0030
-------------------------------
-------- Validation --------
Predictions - 1s: 136, 0s: 385
True Labels - 1s: 208, 0s: 313
Validation Loss: 0.4339, Validation Accuracy: 80.81 %
-------- Validation finished --------
Updated best model in epoch 3 saved with Validation Loss: 0.4339 and Validation Accuracy: 80.81 %
-------------------------------
Epoch [4/12], Step [100/522], Loss: 0.4104, Accuracy: 80.00 %, Epsilon: 5.41, Delta: 0.0030
Epoch [4/12], Step [200/522], Loss: 0.4309, Accuracy: 79.88 %, Epsilon: 5.54, Delta: 0.0030
Epoch [4/12], Step [300/522], Loss: 0.3836, Accuracy: 83.17 %, Epsilon: 5.67, Delta: 0.0030
Epoch [4/12], Step [400/522], Loss: 0.4069, Accuracy: 82.44 %, Epsilon: 5.80, Delta: 0.0030
Epoch [4/12], Step [500/522], Loss: 0.3939, Accuracy: 83.30 %, Epsilon: 5.92, Delta: 0.0030
Predictions - 1s: 712, 0s: 1373
True Labels - 1s: 866, 0s: 1219
-------------------------------
Epoch [4/12] Loss: 0.3916, Accuracy: 83.50 %, Epsilon: 5.95, Delta: 0.0030
-------------------------------
-------- Validation --------
Predictions - 1s: 175, 0s: 346
True Labels - 1s: 208, 0s: 313
Validation Loss: 0.3979, Validation Accuracy: 85.22 %
-------- Validation finished --------
Updated best model in epoch 4 saved with Validation Loss: 0.3979 and Validation Accuracy: 85.22 %
-------------------------------
Epoch [5/12], Step [100/522], Loss: 0.4561, Accuracy: 81.50 %, Epsilon: 6.07, Delta: 0.0030
Epoch [5/12], Step [200/522], Loss: 0.4070, Accuracy: 84.50 %, Epsilon: 6.19, Delta: 0.0030
Epoch [5/12], Step [300/522], Loss: 0.3983, Accuracy: 84.58 %, Epsilon: 6.30, Delta: 0.0030
Epoch [5/12], Step [400/522], Loss: 0.3800, Accuracy: 85.38 %, Epsilon: 6.42, Delta: 0.0030
Epoch [5/12], Step [500/522], Loss: 0.3810, Accuracy: 85.35 %, Epsilon: 6.53, Delta: 0.0030
Predictions - 1s: 784, 0s: 1301
True Labels - 1s: 866, 0s: 1219
-------------------------------
Epoch [5/12] Loss: 0.3799, Accuracy: 85.42 %, Epsilon: 6.56, Delta: 0.0030
-------------------------------
-------- Validation --------
Predictions - 1s: 186, 0s: 335
True Labels - 1s: 208, 0s: 313
Validation Loss: 0.4010, Validation Accuracy: 86.18 %
-------- Validation finished --------
Epoch [6/12], Step [100/522], Loss: 0.3680, Accuracy: 85.50 %, Epsilon: 6.67, Delta: 0.0030
Epoch [6/12], Step [200/522], Loss: 0.3668, Accuracy: 86.25 %, Epsilon: 6.78, Delta: 0.0030
Epoch [6/12], Step [300/522], Loss: 0.3827, Accuracy: 86.17 %, Epsilon: 6.89, Delta: 0.0030
Epoch [6/12], Step [400/522], Loss: 0.3730, Accuracy: 86.25 %, Epsilon: 6.99, Delta: 0.0030
Epoch [6/12], Step [500/522], Loss: 0.3858, Accuracy: 85.80 %, Epsilon: 7.10, Delta: 0.0030
Predictions - 1s: 811, 0s: 1274
True Labels - 1s: 866, 0s: 1219
-------------------------------
Epoch [6/12] Loss: 0.3874, Accuracy: 85.76 %, Epsilon: 7.12, Delta: 0.0030
-------------------------------
-------- Validation --------
Predictions - 1s: 185, 0s: 336
True Labels - 1s: 208, 0s: 313
Validation Loss: 0.3989, Validation Accuracy: 86.37 %
-------- Validation finished --------
Epoch [7/12], Step [100/522], Loss: 0.4603, Accuracy: 84.25 %, Epsilon: 7.23, Delta: 0.0030
Epoch [7/12], Step [200/522], Loss: 0.4386, Accuracy: 85.62 %, Epsilon: 7.33, Delta: 0.0030
Epoch [7/12], Step [300/522], Loss: 0.4388, Accuracy: 85.42 %, Epsilon: 7.43, Delta: 0.0030
Epoch [7/12], Step [400/522], Loss: 0.4179, Accuracy: 85.62 %, Epsilon: 7.53, Delta: 0.0030
Epoch [7/12], Step [500/522], Loss: 0.4032, Accuracy: 86.10 %, Epsilon: 7.63, Delta: 0.0030
Predictions - 1s: 829, 0s: 1256
True Labels - 1s: 866, 0s: 1219
-------------------------------
Epoch [7/12] Loss: 0.3938, Accuracy: 86.33 %, Epsilon: 7.65, Delta: 0.0030
-------------------------------
-------- Validation --------
Predictions - 1s: 194, 0s: 327
True Labels - 1s: 208, 0s: 313
Validation Loss: 0.3979, Validation Accuracy: 87.72 %
-------- Validation finished --------
Epoch [8/12], Step [100/522], Loss: 0.4369, Accuracy: 87.00 %, Epsilon: 7.75, Delta: 0.0030
Epoch [8/12], Step [200/522], Loss: 0.4334, Accuracy: 86.88 %, Epsilon: 7.85, Delta: 0.0030
Epoch [8/12], Step [300/522], Loss: 0.4279, Accuracy: 86.17 %, Epsilon: 7.95, Delta: 0.0030
Epoch [8/12], Step [400/522], Loss: 0.4219, Accuracy: 86.50 %, Epsilon: 8.04, Delta: 0.0030
Epoch [8/12], Step [500/522], Loss: 0.4168, Accuracy: 86.55 %, Epsilon: 8.14, Delta: 0.0030
Predictions - 1s: 865, 0s: 1220
True Labels - 1s: 866, 0s: 1219
-------------------------------
Epoch [8/12] Loss: 0.4126, Accuracy: 86.71 %, Epsilon: 8.16, Delta: 0.0030
-------------------------------
-------- Validation --------
Predictions - 1s: 194, 0s: 327
True Labels - 1s: 208, 0s: 313
Validation Loss: 0.4064, Validation Accuracy: 88.10 %
-------- Validation finished --------
Epoch [9/12], Step [100/522], Loss: 0.3362, Accuracy: 89.25 %, Epsilon: 8.25, Delta: 0.0030
Epoch [9/12], Step [200/522], Loss: 0.3896, Accuracy: 87.75 %, Epsilon: 8.35, Delta: 0.0030
Epoch [9/12], Step [300/522], Loss: 0.3665, Accuracy: 87.75 %, Epsilon: 8.44, Delta: 0.0030
Epoch [9/12], Step [400/522], Loss: 0.3934, Accuracy: 87.06 %, Epsilon: 8.53, Delta: 0.0030
Epoch [9/12], Step [500/522], Loss: 0.4001, Accuracy: 87.25 %, Epsilon: 8.62, Delta: 0.0030
Predictions - 1s: 853, 0s: 1232
True Labels - 1s: 866, 0s: 1219
-------------------------------
Epoch [9/12] Loss: 0.3958, Accuracy: 87.29 %, Epsilon: 8.64, Delta: 0.0030
-------------------------------
-------- Validation --------
Predictions - 1s: 194, 0s: 327
True Labels - 1s: 208, 0s: 313
Validation Loss: 0.4133, Validation Accuracy: 88.10 %
-------- Validation finished --------
Epoch [10/12], Step [100/522], Loss: 0.3774, Accuracy: 89.50 %, Epsilon: 8.73, Delta: 0.0030
Epoch [10/12], Step [200/522], Loss: 0.4049, Accuracy: 88.38 %, Epsilon: 8.82, Delta: 0.0030
Epoch [10/12], Step [300/522], Loss: 0.4220, Accuracy: 87.83 %, Epsilon: 8.91, Delta: 0.0030
Epoch [10/12], Step [400/522], Loss: 0.3945, Accuracy: 88.69 %, Epsilon: 9.00, Delta: 0.0030
Epoch [10/12], Step [500/522], Loss: 0.4043, Accuracy: 88.40 %, Epsilon: 9.09, Delta: 0.0030
Predictions - 1s: 887, 0s: 1198
True Labels - 1s: 866, 0s: 1219
-------------------------------
Epoch [10/12] Loss: 0.3995, Accuracy: 88.44 %, Epsilon: 9.11, Delta: 0.0030
-------------------------------
-------- Validation --------
Predictions - 1s: 195, 0s: 326
True Labels - 1s: 208, 0s: 313
Validation Loss: 0.4168, Validation Accuracy: 88.29 %
-------- Validation finished --------
Epoch [11/12], Step [100/522], Loss: 0.4264, Accuracy: 89.00 %, Epsilon: 9.19, Delta: 0.0030
Epoch [11/12], Step [200/522], Loss: 0.3614, Accuracy: 89.88 %, Epsilon: 9.28, Delta: 0.0030
Epoch [11/12], Step [300/522], Loss: 0.3940, Accuracy: 88.42 %, Epsilon: 9.37, Delta: 0.0030
Epoch [11/12], Step [400/522], Loss: 0.3974, Accuracy: 87.94 %, Epsilon: 9.45, Delta: 0.0030
Epoch [11/12], Step [500/522], Loss: 0.3952, Accuracy: 88.05 %, Epsilon: 9.54, Delta: 0.0030
Predictions - 1s: 857, 0s: 1228
True Labels - 1s: 866, 0s: 1219
-------------------------------
Epoch [11/12] Loss: 0.3992, Accuracy: 88.06 %, Epsilon: 9.56, Delta: 0.0030
-------------------------------
-------- Validation --------
Predictions - 1s: 195, 0s: 326
True Labels - 1s: 208, 0s: 313
Validation Loss: 0.4218, Validation Accuracy: 88.29 %
-------- Validation finished --------
Epoch [12/12], Step [100/522], Loss: 0.3685, Accuracy: 87.75 %, Epsilon: 9.64, Delta: 0.0030
Epoch [12/12], Step [200/522], Loss: 0.3622, Accuracy: 88.38 %, Epsilon: 9.73, Delta: 0.0030
Epoch [12/12], Step [300/522], Loss: 0.3765, Accuracy: 88.33 %, Epsilon: 9.81, Delta: 0.0030
Epoch [12/12], Step [400/522], Loss: 0.3704, Accuracy: 88.56 %, Epsilon: 9.89, Delta: 0.0030
Epoch [12/12], Step [500/522], Loss: 0.3992, Accuracy: 87.75 %, Epsilon: 9.98, Delta: 0.0030
Predictions - 1s: 861, 0s: 1224
True Labels - 1s: 866, 0s: 1219
-------------------------------
Epoch [12/12] Loss: 0.4012, Accuracy: 87.58 %, Epsilon: 9.99, Delta: 0.0030
-------------------------------
-------- Validation --------
Predictions - 1s: 195, 0s: 326
True Labels - 1s: 208, 0s: 313
Validation Loss: 0.4206, Validation Accuracy: 88.29 %
-------- Validation finished --------
Best model in epoch 4 saved with with Validation Loss: 0.3979 and Validation Accuracy: 85.22 %

-------- Training finished in 4:55 --------

Test flag enabled. Testing the model

-------- Loading best model from model_path --------
Loaded model bert-small from date 20-04-2024 21:00. Trained with Centralised Machine Learning technology.
Epoch 4, lr: 0.0006, optimizer: DPOptimizer
Train accuracy: 83.50 %, Validation accuracy: 85.22 %
-------- Best model loaded --------

-------- Creating Test Dataloader --------
Test Loader: 650 total sentences. 82 batches of size 8.
-------- Test Dataloader created --------

-------- Testing --------
Predictions - 1s: 217, 0s: 433
True Labels - 1s: 268, 0s: 382
Nº of test samples: 650
Accuracy: 84.15%
Accuracy 2 : 84.15%
Precision: 85.12%
Recall: 82.23%
F1 Score: 83.06%
Classification report:
              precision    recall  f1-score   support

           0     0.8222    0.9319    0.8736       382
           1     0.8802    0.7127    0.7876       268

    accuracy                         0.8415       650
   macro avg     0.8512    0.8223    0.8306       650
weighted avg     0.8461    0.8415    0.8382       650

-------- Testing finished --------
