Current configuration:
{
    "concurrency_flag": false,
    "data_distribution": "iid",
    "dataset": "dreaddit",
    "device": "cuda",
    "dp_delta": 0.003,
    "dp_epsilon": 0.5,
    "eval_batch_size": 4,
    "eval_flag": true,
    "eval_size": 0.2,
    "fed_alg": "fedavg",
    "layers": 3,
    "learning_rate": 0.0006,
    "max_length": 512,
    "ml_mode": "ml",
    "model": "bert_small",
    "model_name": "ml_0.5_dreaddit",
    "models_path": "/local/vpaloma/fabric-federated-learning/ablation_study/6-ml_mode-data_dist-dp/6e-4/dreaddit",
    "mu": 0.5,
    "num_clients": 5,
    "num_epochs": 10,
    "num_rounds": 4,
    "optimizer": "AdamW",
    "progress_bar_flag": false,
    "save_model": true,
    "scheduler": "linear",
    "scheduler_warmup_steps": 0,
    "seed": 0,
    "test_flag": true,
    "train_batch_size": 4,
    "train_size": 0.8
}
-------- Configuration loaded --------

-------- Setting device --------
cuda device selected and available.
-------- Device set --------

-------- Setting seed --------
-------- Seed set --------

-------- Creating Model --------
-------- Model created --------

-------- Setting Trainable Layers --------
Training the last 3 layers.

Total parameters count: 28764674
Trainable parameters count: 3416066
-------- Trainable Layers set --------

-------- Creating Tokenizer --------
-------- Tokenizer created --------

-------- Creating Train and Eval Dataloaders --------
Train Loader: 2270 total sentences. 568 batches of size 4.
Eval Loader: 568 total sentences. 142 batches of size 4.
-------- Train and Eval Dataloaders created --------

-------- Creating Optimizer --------
-------- Optimizer created --------

-------- Creating Scheduler --------
-------- Scheduler created --------

-------- Training --------
Training with Centralised Machine Learning technology.
Training with differential privacy.
Epoch [1/10], Step [100/568], Loss: 0.7280, Accuracy: 50.00 %, Epsilon: 0.05, Delta: 0.0030
Epoch [1/10], Step [200/568], Loss: 0.7197, Accuracy: 49.00 %, Epsilon: 0.07, Delta: 0.0030
Epoch [1/10], Step [300/568], Loss: 0.7083, Accuracy: 51.25 %, Epsilon: 0.09, Delta: 0.0030
Epoch [1/10], Step [400/568], Loss: 0.7047, Accuracy: 51.62 %, Epsilon: 0.10, Delta: 0.0030
Epoch [1/10], Step [500/568], Loss: 0.7007, Accuracy: 52.30 %, Epsilon: 0.12, Delta: 0.0030
-------------------------------
Epoch [1/10] Loss: 0.6962, Accuracy: 52.86 %, Epsilon: 0.13, Delta: 0.0030
-------------------------------
-------- Validation --------
Validation Loss: 0.6566, Validation Accuracy: 59.33 %
-------- Validation finished --------
Updated best model in epoch 1 saved with Validation Accuracy: 59.33 %
-------------------------------
Epoch [2/10], Step [100/568], Loss: 0.7116, Accuracy: 54.25 %, Epsilon: 0.14, Delta: 0.0030
Epoch [2/10], Step [200/568], Loss: 0.7186, Accuracy: 53.88 %, Epsilon: 0.15, Delta: 0.0030
Epoch [2/10], Step [300/568], Loss: 0.7338, Accuracy: 53.67 %, Epsilon: 0.16, Delta: 0.0030
Epoch [2/10], Step [400/568], Loss: 0.7571, Accuracy: 52.31 %, Epsilon: 0.18, Delta: 0.0030
Epoch [2/10], Step [500/568], Loss: 0.7511, Accuracy: 52.85 %, Epsilon: 0.19, Delta: 0.0030
-------------------------------
Epoch [2/10] Loss: 0.7484, Accuracy: 53.35 %, Epsilon: 0.19, Delta: 0.0030
-------------------------------
-------- Validation --------
Validation Loss: 0.7584, Validation Accuracy: 58.10 %
-------- Validation finished --------
Epoch [3/10], Step [100/568], Loss: 0.8731, Accuracy: 53.75 %, Epsilon: 0.20, Delta: 0.0030
Epoch [3/10], Step [200/568], Loss: 0.9019, Accuracy: 52.25 %, Epsilon: 0.21, Delta: 0.0030
Epoch [3/10], Step [300/568], Loss: 0.9187, Accuracy: 51.75 %, Epsilon: 0.22, Delta: 0.0030
Epoch [3/10], Step [400/568], Loss: 0.9425, Accuracy: 51.69 %, Epsilon: 0.23, Delta: 0.0030
Epoch [3/10], Step [500/568], Loss: 0.9727, Accuracy: 51.25 %, Epsilon: 0.24, Delta: 0.0030
-------------------------------
Epoch [3/10] Loss: 0.9705, Accuracy: 51.59 %, Epsilon: 0.25, Delta: 0.0030
-------------------------------
-------- Validation --------
Validation Loss: 0.9740, Validation Accuracy: 57.75 %
-------- Validation finished --------
Epoch [4/10], Step [100/568], Loss: 1.0022, Accuracy: 52.75 %, Epsilon: 0.25, Delta: 0.0030
Epoch [4/10], Step [200/568], Loss: 1.0393, Accuracy: 50.38 %, Epsilon: 0.26, Delta: 0.0030
Epoch [4/10], Step [300/568], Loss: 0.9906, Accuracy: 52.00 %, Epsilon: 0.27, Delta: 0.0030
Epoch [4/10], Step [400/568], Loss: 1.0119, Accuracy: 51.44 %, Epsilon: 0.28, Delta: 0.0030
Epoch [4/10], Step [500/568], Loss: 1.0092, Accuracy: 52.10 %, Epsilon: 0.29, Delta: 0.0030
-------------------------------
Epoch [4/10] Loss: 1.0222, Accuracy: 52.56 %, Epsilon: 0.29, Delta: 0.0030
-------------------------------
-------- Validation --------
Validation Loss: 1.1848, Validation Accuracy: 58.27 %
-------- Validation finished --------
Epoch [5/10], Step [100/568], Loss: 1.2462, Accuracy: 50.00 %, Epsilon: 0.30, Delta: 0.0030
Epoch [5/10], Step [200/568], Loss: 1.2535, Accuracy: 51.62 %, Epsilon: 0.31, Delta: 0.0030
Epoch [5/10], Step [300/568], Loss: 1.2737, Accuracy: 52.50 %, Epsilon: 0.31, Delta: 0.0030
Epoch [5/10], Step [400/568], Loss: 1.2792, Accuracy: 52.81 %, Epsilon: 0.32, Delta: 0.0030
Epoch [5/10], Step [500/568], Loss: 1.3097, Accuracy: 51.85 %, Epsilon: 0.33, Delta: 0.0030
-------------------------------
Epoch [5/10] Loss: 1.2954, Accuracy: 52.29 %, Epsilon: 0.33, Delta: 0.0030
-------------------------------
-------- Validation --------
Validation Loss: 1.2627, Validation Accuracy: 59.15 %
-------- Validation finished --------
Epoch [6/10], Step [100/568], Loss: 1.3740, Accuracy: 50.00 %, Epsilon: 0.34, Delta: 0.0030
Epoch [6/10], Step [200/568], Loss: 1.3332, Accuracy: 51.88 %, Epsilon: 0.34, Delta: 0.0030
Epoch [6/10], Step [300/568], Loss: 1.3346, Accuracy: 52.25 %, Epsilon: 0.35, Delta: 0.0030
Epoch [6/10], Step [400/568], Loss: 1.3323, Accuracy: 53.00 %, Epsilon: 0.36, Delta: 0.0030
Epoch [6/10], Step [500/568], Loss: 1.3448, Accuracy: 53.10 %, Epsilon: 0.36, Delta: 0.0030
-------------------------------
Epoch [6/10] Loss: 1.3625, Accuracy: 53.04 %, Epsilon: 0.37, Delta: 0.0030
-------------------------------
-------- Validation --------
Validation Loss: 1.4815, Validation Accuracy: 59.15 %
-------- Validation finished --------
Epoch [7/10], Step [100/568], Loss: 1.5579, Accuracy: 49.50 %, Epsilon: 0.38, Delta: 0.0030
Epoch [7/10], Step [200/568], Loss: 1.4225, Accuracy: 53.75 %, Epsilon: 0.38, Delta: 0.0030
Epoch [7/10], Step [300/568], Loss: 1.3795, Accuracy: 55.75 %, Epsilon: 0.39, Delta: 0.0030
Epoch [7/10], Step [400/568], Loss: 1.4249, Accuracy: 54.38 %, Epsilon: 0.39, Delta: 0.0030
Epoch [7/10], Step [500/568], Loss: 1.4428, Accuracy: 53.80 %, Epsilon: 0.40, Delta: 0.0030
-------------------------------
Epoch [7/10] Loss: 1.4597, Accuracy: 53.52 %, Epsilon: 0.40, Delta: 0.0030
-------------------------------
-------- Validation --------
Validation Loss: 1.4458, Validation Accuracy: 59.68 %
-------- Validation finished --------
Updated best model in epoch 7 saved with Validation Accuracy: 59.68 %
-------------------------------
Epoch [8/10], Step [100/568], Loss: 1.4252, Accuracy: 55.50 %, Epsilon: 0.41, Delta: 0.0030
Epoch [8/10], Step [200/568], Loss: 1.4203, Accuracy: 55.88 %, Epsilon: 0.42, Delta: 0.0030
Epoch [8/10], Step [300/568], Loss: 1.4384, Accuracy: 55.17 %, Epsilon: 0.42, Delta: 0.0030
Epoch [8/10], Step [400/568], Loss: 1.4963, Accuracy: 54.00 %, Epsilon: 0.43, Delta: 0.0030
Epoch [8/10], Step [500/568], Loss: 1.4625, Accuracy: 54.05 %, Epsilon: 0.43, Delta: 0.0030
-------------------------------
Epoch [8/10] Loss: 1.4490, Accuracy: 54.41 %, Epsilon: 0.44, Delta: 0.0030
-------------------------------
-------- Validation --------
Validation Loss: 1.4168, Validation Accuracy: 60.56 %
-------- Validation finished --------
Updated best model in epoch 8 saved with Validation Accuracy: 60.56 %
-------------------------------
Epoch [9/10], Step [100/568], Loss: 1.4625, Accuracy: 53.00 %, Epsilon: 0.44, Delta: 0.0030
Epoch [9/10], Step [200/568], Loss: 1.3971, Accuracy: 54.25 %, Epsilon: 0.45, Delta: 0.0030
Epoch [9/10], Step [300/568], Loss: 1.3529, Accuracy: 55.92 %, Epsilon: 0.45, Delta: 0.0030
Epoch [9/10], Step [400/568], Loss: 1.3575, Accuracy: 55.88 %, Epsilon: 0.46, Delta: 0.0030
Epoch [9/10], Step [500/568], Loss: 1.3612, Accuracy: 55.85 %, Epsilon: 0.46, Delta: 0.0030
-------------------------------
Epoch [9/10] Loss: 1.3356, Accuracy: 56.61 %, Epsilon: 0.47, Delta: 0.0030
-------------------------------
-------- Validation --------
Validation Loss: 1.3924, Validation Accuracy: 60.92 %
-------- Validation finished --------
Updated best model in epoch 9 saved with Validation Accuracy: 60.92 %
-------------------------------
Epoch [10/10], Step [100/568], Loss: 1.3740, Accuracy: 56.00 %, Epsilon: 0.47, Delta: 0.0030
Epoch [10/10], Step [200/568], Loss: 1.4117, Accuracy: 54.62 %, Epsilon: 0.48, Delta: 0.0030
Epoch [10/10], Step [300/568], Loss: 1.4139, Accuracy: 55.00 %, Epsilon: 0.48, Delta: 0.0030
Epoch [10/10], Step [400/568], Loss: 1.4164, Accuracy: 55.31 %, Epsilon: 0.49, Delta: 0.0030
Epoch [10/10], Step [500/568], Loss: 1.3674, Accuracy: 56.80 %, Epsilon: 0.49, Delta: 0.0030
-------------------------------
Epoch [10/10] Loss: 1.3637, Accuracy: 56.70 %, Epsilon: 0.50, Delta: 0.0030
-------------------------------
-------- Validation --------
Validation Loss: 1.3841, Validation Accuracy: 61.09 %
-------- Validation finished --------
Updated best model in epoch 10 saved with Validation Accuracy: 61.09 %
-------------------------------
Best model in epoch 10 saved with Validation Accuracy: 61.09 %

-------- Training finished in 20:52 --------

Test flag enabled. Testing the model

-------- Loading best model from model_path --------
Loaded model bert-small from date 06-02-2024 13:04. Trained with Centralised Machine Learning technology.
Epoch 10, lr: 0.0006, optimizer: DPOptimizer
Train accuracy: 56.70 %, Validation accuracy: 61.09 %
-------- Best model loaded --------

-------- Creating Test Dataloader --------
Test Loader: 715 total sentences. 90 batches of size 8.
-------- Test Dataloader created --------

-------- Testing --------
Nº of test samples: 715
Accuracy: 54.97%
Precision: 76.70%
Recall: 53.47%
F1 Score: 41.30%
-------- Testing finished --------
