Current configuration:
{
    "concurrency_flag": false,
    "data_distribution": "iid",
    "dataset": "dreaddit",
    "device": "cuda",
    "dp_delta": 0.003,
    "dp_epsilon": 10,
    "eval_batch_size": 4,
    "eval_flag": true,
    "eval_size": 0.2,
    "fed_alg": "fedavg",
    "layers": 3,
    "learning_rate": 0.006,
    "max_length": 512,
    "ml_mode": "fl",
    "model": "bert_small",
    "model_name": "fl_10_dreaddit",
    "models_path": "/local/vpaloma/fabric-federated-learning/ablation_study/phase-3/1-ml_mode-dataset-dp/dreaddit",
    "mu": 0.5,
    "num_clients": 5,
    "num_epochs": 3,
    "num_rounds": 4,
    "optimizer": "AdamW",
    "progress_bar_flag": false,
    "save_model": true,
    "scheduler": "linear",
    "scheduler_warmup_steps": 0,
    "seed": 0,
    "test_flag": true,
    "train_batch_size": 4,
    "train_size": 0.8
}
-------- Configuration loaded --------

-------- Setting device --------
cuda device selected and available.
-------- Device set --------

-------- Setting seed --------
-------- Seed set --------

-------- Creating Model --------
-------- Model created --------

-------- Setting Trainable Layers --------
Training the last 3 layers.

Total parameters count: 28764674
Trainable parameters count: 3416066
-------- Trainable Layers set --------

-------- Creating Tokenizer --------
-------- Tokenizer created --------

-------- Creating Train and Eval Dataloaders --------
Train Loader: 2270 total sentences. 568 batches of size 4.
Eval Loader: 568 total sentences. 142 batches of size 4.
-------- Train and Eval Dataloaders created --------

-------- Training --------
Training with Federated Learning technology.
Training with differential privacy.
Federated averaging algorithm selected.
Client 0: Label 0: 213, Label 1: 241
Client 1: Label 0: 236, Label 1: 218
Client 2: Label 0: 231, Label 1: 223
Client 3: Label 0: 210, Label 1: 244
Client 4: Label 0: 220, Label 1: 234

Round 1 of 4
-------------------------------
max_grad_norm:  1.5
Predictions - 1s: 357, 0s: 97
True Labels - 1s: 241, 0s: 213
Client 1 of 5: Local Epoch [1/3] Loss: 1.0928, Accuracy: 51.54 %, Epsilon: 10.00, Delta: 0.0030
Predictions - 1s: 388, 0s: 66
True Labels - 1s: 241, 0s: 213
Client 1 of 5: Local Epoch [2/3] Loss: 1.0665, Accuracy: 54.85 %, Epsilon: 13.44, Delta: 0.0030
Predictions - 1s: 431, 0s: 23
True Labels - 1s: 241, 0s: 213
Client 1 of 5: Local Epoch [3/3] Loss: 1.1370, Accuracy: 55.07 %, Epsilon: 16.26, Delta: 0.0030
max_grad_norm:  1.5
Predictions - 1s: 49, 0s: 405
True Labels - 1s: 218, 0s: 236
Client 2 of 5: Local Epoch [1/3] Loss: 0.9981, Accuracy: 54.85 %, Epsilon: 10.00, Delta: 0.0030
Predictions - 1s: 211, 0s: 243
True Labels - 1s: 218, 0s: 236
Client 2 of 5: Local Epoch [2/3] Loss: 0.8085, Accuracy: 60.57 %, Epsilon: 13.44, Delta: 0.0030
Predictions - 1s: 55, 0s: 399
True Labels - 1s: 218, 0s: 236
Client 2 of 5: Local Epoch [3/3] Loss: 0.9545, Accuracy: 58.81 %, Epsilon: 16.26, Delta: 0.0030
max_grad_norm:  1.5
Predictions - 1s: 377, 0s: 77
True Labels - 1s: 223, 0s: 231
Client 3 of 5: Local Epoch [1/3] Loss: 1.0762, Accuracy: 50.22 %, Epsilon: 10.00, Delta: 0.0030
Predictions - 1s: 320, 0s: 134
True Labels - 1s: 223, 0s: 231
Client 3 of 5: Local Epoch [2/3] Loss: 0.8391, Accuracy: 53.52 %, Epsilon: 13.44, Delta: 0.0030
Predictions - 1s: 201, 0s: 253
True Labels - 1s: 223, 0s: 231
Client 3 of 5: Local Epoch [3/3] Loss: 0.7857, Accuracy: 60.35 %, Epsilon: 16.26, Delta: 0.0030
max_grad_norm:  1.5
Predictions - 1s: 337, 0s: 117
True Labels - 1s: 244, 0s: 210
Client 4 of 5: Local Epoch [1/3] Loss: 0.9762, Accuracy: 56.17 %, Epsilon: 10.00, Delta: 0.0030
Predictions - 1s: 396, 0s: 58
True Labels - 1s: 244, 0s: 210
Client 4 of 5: Local Epoch [2/3] Loss: 1.1165, Accuracy: 55.95 %, Epsilon: 13.44, Delta: 0.0030
Predictions - 1s: 426, 0s: 28
True Labels - 1s: 244, 0s: 210
Client 4 of 5: Local Epoch [3/3] Loss: 1.2815, Accuracy: 54.63 %, Epsilon: 16.26, Delta: 0.0030
max_grad_norm:  1.5
Predictions - 1s: 182, 0s: 272
True Labels - 1s: 234, 0s: 220
Client 5 of 5: Local Epoch [1/3] Loss: 0.8350, Accuracy: 54.63 %, Epsilon: 10.00, Delta: 0.0030
Predictions - 1s: 400, 0s: 54
True Labels - 1s: 234, 0s: 220
Client 5 of 5: Local Epoch [2/3] Loss: 1.0911, Accuracy: 55.07 %, Epsilon: 13.44, Delta: 0.0030
Predictions - 1s: 340, 0s: 114
True Labels - 1s: 234, 0s: 220
Client 5 of 5: Local Epoch [3/3] Loss: 0.7790, Accuracy: 63.88 %, Epsilon: 16.26, Delta: 0.0030
-------------------------------
Round [1/4] Average Local Loss: 0.9875, Average Local Accuracy: 58.55 %
-------------------------------
-------- Validation --------
Predictions - 1s: 472, 0s: 96
True Labels - 1s: 328, 0s: 240
Round [1/4] Global Model Validation Loss: 0.6119, Validation Accuracy: 66.90 %
-------- Validation finished --------
Updated best model in round 1 saved with Validation Loss: 0.6119 and Validation Accuracy: 66.90 %
-------------------------------

Round 2 of 4
-------------------------------
max_grad_norm:  1.5
Predictions - 1s: 421, 0s: 33
True Labels - 1s: 241, 0s: 213
Client 1 of 5: Local Epoch [1/3] Loss: 1.0887, Accuracy: 56.39 %, Epsilon: 10.00, Delta: 0.0030
Predictions - 1s: 364, 0s: 90
True Labels - 1s: 241, 0s: 213
Client 1 of 5: Local Epoch [2/3] Loss: 0.9092, Accuracy: 60.13 %, Epsilon: 13.44, Delta: 0.0030
Predictions - 1s: 371, 0s: 83
True Labels - 1s: 241, 0s: 213
Client 1 of 5: Local Epoch [3/3] Loss: 0.9264, Accuracy: 60.35 %, Epsilon: 16.26, Delta: 0.0030
max_grad_norm:  1.5
Predictions - 1s: 83, 0s: 371
True Labels - 1s: 218, 0s: 236
Client 2 of 5: Local Epoch [1/3] Loss: 0.9809, Accuracy: 54.85 %, Epsilon: 10.00, Delta: 0.0030
Predictions - 1s: 233, 0s: 221
True Labels - 1s: 218, 0s: 236
Client 2 of 5: Local Epoch [2/3] Loss: 0.8792, Accuracy: 55.73 %, Epsilon: 13.44, Delta: 0.0030
Predictions - 1s: 166, 0s: 288
True Labels - 1s: 218, 0s: 236
Client 2 of 5: Local Epoch [3/3] Loss: 0.7908, Accuracy: 63.44 %, Epsilon: 16.26, Delta: 0.0030
max_grad_norm:  1.5
Predictions - 1s: 128, 0s: 326
True Labels - 1s: 223, 0s: 231
Client 3 of 5: Local Epoch [1/3] Loss: 0.9779, Accuracy: 54.41 %, Epsilon: 10.00, Delta: 0.0030
Predictions - 1s: 160, 0s: 294
True Labels - 1s: 223, 0s: 231
Client 3 of 5: Local Epoch [2/3] Loss: 1.0467, Accuracy: 50.44 %, Epsilon: 13.44, Delta: 0.0030
Predictions - 1s: 254, 0s: 200
True Labels - 1s: 223, 0s: 231
Client 3 of 5: Local Epoch [3/3] Loss: 0.7668, Accuracy: 63.66 %, Epsilon: 16.26, Delta: 0.0030
max_grad_norm:  1.5
Predictions - 1s: 374, 0s: 80
True Labels - 1s: 244, 0s: 210
Client 4 of 5: Local Epoch [1/3] Loss: 0.9656, Accuracy: 55.51 %, Epsilon: 10.00, Delta: 0.0030
Predictions - 1s: 339, 0s: 115
True Labels - 1s: 244, 0s: 210
Client 4 of 5: Local Epoch [2/3] Loss: 0.9408, Accuracy: 57.93 %, Epsilon: 13.44, Delta: 0.0030
Predictions - 1s: 365, 0s: 89
True Labels - 1s: 244, 0s: 210
Client 4 of 5: Local Epoch [3/3] Loss: 0.8421, Accuracy: 62.33 %, Epsilon: 16.26, Delta: 0.0030
max_grad_norm:  1.5
Predictions - 1s: 263, 0s: 191
True Labels - 1s: 234, 0s: 220
Client 5 of 5: Local Epoch [1/3] Loss: 0.8650, Accuracy: 53.96 %, Epsilon: 10.00, Delta: 0.0030
Predictions - 1s: 299, 0s: 155
True Labels - 1s: 234, 0s: 220
Client 5 of 5: Local Epoch [2/3] Loss: 0.9830, Accuracy: 56.61 %, Epsilon: 13.44, Delta: 0.0030
Predictions - 1s: 392, 0s: 62
True Labels - 1s: 234, 0s: 220
Client 5 of 5: Local Epoch [3/3] Loss: 1.0834, Accuracy: 56.39 %, Epsilon: 16.26, Delta: 0.0030
-------------------------------
Round [2/4] Average Local Loss: 0.8819, Average Local Accuracy: 61.23 %
-------------------------------
-------- Validation --------
Predictions - 1s: 467, 0s: 101
True Labels - 1s: 328, 0s: 240
Round [2/4] Global Model Validation Loss: 0.6429, Validation Accuracy: 65.32 %
-------- Validation finished --------

Round 3 of 4
-------------------------------
max_grad_norm:  1.5
Predictions - 1s: 290, 0s: 164
True Labels - 1s: 241, 0s: 213
Client 1 of 5: Local Epoch [1/3] Loss: 0.9453, Accuracy: 58.37 %, Epsilon: 10.00, Delta: 0.0030
Predictions - 1s: 354, 0s: 100
True Labels - 1s: 241, 0s: 213
Client 1 of 5: Local Epoch [2/3] Loss: 1.0509, Accuracy: 58.81 %, Epsilon: 13.44, Delta: 0.0030
Predictions - 1s: 311, 0s: 143
True Labels - 1s: 241, 0s: 213
Client 1 of 5: Local Epoch [3/3] Loss: 0.8620, Accuracy: 62.56 %, Epsilon: 16.26, Delta: 0.0030
max_grad_norm:  1.5
Predictions - 1s: 208, 0s: 246
True Labels - 1s: 218, 0s: 236
Client 2 of 5: Local Epoch [1/3] Loss: 0.8974, Accuracy: 50.22 %, Epsilon: 10.00, Delta: 0.0030
Predictions - 1s: 214, 0s: 240
True Labels - 1s: 218, 0s: 236
Client 2 of 5: Local Epoch [2/3] Loss: 0.8804, Accuracy: 59.47 %, Epsilon: 13.44, Delta: 0.0030
Predictions - 1s: 117, 0s: 337
True Labels - 1s: 218, 0s: 236
Client 2 of 5: Local Epoch [3/3] Loss: 0.8859, Accuracy: 59.69 %, Epsilon: 16.26, Delta: 0.0030
max_grad_norm:  1.5
Predictions - 1s: 152, 0s: 302
True Labels - 1s: 223, 0s: 231
Client 3 of 5: Local Epoch [1/3] Loss: 0.9772, Accuracy: 52.64 %, Epsilon: 10.00, Delta: 0.0030
Predictions - 1s: 132, 0s: 322
True Labels - 1s: 223, 0s: 231
Client 3 of 5: Local Epoch [2/3] Loss: 0.9751, Accuracy: 53.96 %, Epsilon: 13.44, Delta: 0.0030
Predictions - 1s: 101, 0s: 353
True Labels - 1s: 223, 0s: 231
Client 3 of 5: Local Epoch [3/3] Loss: 1.0423, Accuracy: 58.15 %, Epsilon: 16.26, Delta: 0.0030
max_grad_norm:  1.5
Predictions - 1s: 309, 0s: 145
True Labels - 1s: 244, 0s: 210
Client 4 of 5: Local Epoch [1/3] Loss: 1.1234, Accuracy: 54.85 %, Epsilon: 10.00, Delta: 0.0030
Predictions - 1s: 383, 0s: 71
True Labels - 1s: 244, 0s: 210
Client 4 of 5: Local Epoch [2/3] Loss: 1.0276, Accuracy: 60.57 %, Epsilon: 13.44, Delta: 0.0030
Predictions - 1s: 374, 0s: 80
True Labels - 1s: 244, 0s: 210
Client 4 of 5: Local Epoch [3/3] Loss: 0.9993, Accuracy: 59.47 %, Epsilon: 16.26, Delta: 0.0030
max_grad_norm:  1.5
Predictions - 1s: 319, 0s: 135
True Labels - 1s: 234, 0s: 220
Client 5 of 5: Local Epoch [1/3] Loss: 0.8861, Accuracy: 57.49 %, Epsilon: 10.00, Delta: 0.0030
Predictions - 1s: 360, 0s: 94
True Labels - 1s: 234, 0s: 220
Client 5 of 5: Local Epoch [2/3] Loss: 0.9841, Accuracy: 58.59 %, Epsilon: 13.44, Delta: 0.0030
Predictions - 1s: 218, 0s: 236
True Labels - 1s: 234, 0s: 220
Client 5 of 5: Local Epoch [3/3] Loss: 0.8350, Accuracy: 61.67 %, Epsilon: 16.26, Delta: 0.0030
-------------------------------
Round [3/4] Average Local Loss: 0.9249, Average Local Accuracy: 60.31 %
-------------------------------
-------- Validation --------
Predictions - 1s: 150, 0s: 418
True Labels - 1s: 328, 0s: 240
Round [3/4] Global Model Validation Loss: 0.7981, Validation Accuracy: 57.04 %
-------- Validation finished --------

Round 4 of 4
-------------------------------
max_grad_norm:  1.5
Predictions - 1s: 401, 0s: 53
True Labels - 1s: 241, 0s: 213
Client 1 of 5: Local Epoch [1/3] Loss: 1.1475, Accuracy: 53.30 %, Epsilon: 10.00, Delta: 0.0030
Predictions - 1s: 420, 0s: 34
True Labels - 1s: 241, 0s: 213
Client 1 of 5: Local Epoch [2/3] Loss: 1.2913, Accuracy: 54.85 %, Epsilon: 13.44, Delta: 0.0030
Predictions - 1s: 389, 0s: 65
True Labels - 1s: 241, 0s: 213
Client 1 of 5: Local Epoch [3/3] Loss: 1.0842, Accuracy: 58.15 %, Epsilon: 16.26, Delta: 0.0030
max_grad_norm:  1.5
Predictions - 1s: 188, 0s: 266
True Labels - 1s: 218, 0s: 236
Client 2 of 5: Local Epoch [1/3] Loss: 1.0657, Accuracy: 57.71 %, Epsilon: 10.00, Delta: 0.0030
Predictions - 1s: 85, 0s: 369
True Labels - 1s: 218, 0s: 236
Client 2 of 5: Local Epoch [2/3] Loss: 1.0509, Accuracy: 53.08 %, Epsilon: 13.44, Delta: 0.0030
Predictions - 1s: 175, 0s: 279
True Labels - 1s: 218, 0s: 236
Client 2 of 5: Local Epoch [3/3] Loss: 0.8713, Accuracy: 59.69 %, Epsilon: 16.26, Delta: 0.0030
max_grad_norm:  1.5
Predictions - 1s: 214, 0s: 240
True Labels - 1s: 223, 0s: 231
Client 3 of 5: Local Epoch [1/3] Loss: 0.9931, Accuracy: 55.29 %, Epsilon: 10.00, Delta: 0.0030
Predictions - 1s: 134, 0s: 320
True Labels - 1s: 223, 0s: 231
Client 3 of 5: Local Epoch [2/3] Loss: 1.1009, Accuracy: 53.52 %, Epsilon: 13.44, Delta: 0.0030
Predictions - 1s: 250, 0s: 204
True Labels - 1s: 223, 0s: 231
Client 3 of 5: Local Epoch [3/3] Loss: 0.8889, Accuracy: 62.33 %, Epsilon: 16.26, Delta: 0.0030
max_grad_norm:  1.5
Predictions - 1s: 410, 0s: 44
True Labels - 1s: 244, 0s: 210
Client 4 of 5: Local Epoch [1/3] Loss: 1.1883, Accuracy: 54.19 %, Epsilon: 10.00, Delta: 0.0030
Predictions - 1s: 310, 0s: 144
True Labels - 1s: 244, 0s: 210
Client 4 of 5: Local Epoch [2/3] Loss: 0.8579, Accuracy: 59.47 %, Epsilon: 13.44, Delta: 0.0030
Predictions - 1s: 367, 0s: 87
True Labels - 1s: 244, 0s: 210
Client 4 of 5: Local Epoch [3/3] Loss: 1.1334, Accuracy: 60.57 %, Epsilon: 16.26, Delta: 0.0030
max_grad_norm:  1.5
Predictions - 1s: 268, 0s: 186
True Labels - 1s: 234, 0s: 220
Client 5 of 5: Local Epoch [1/3] Loss: 0.9547, Accuracy: 55.07 %, Epsilon: 10.00, Delta: 0.0030
Predictions - 1s: 289, 0s: 165
True Labels - 1s: 234, 0s: 220
Client 5 of 5: Local Epoch [2/3] Loss: 0.9106, Accuracy: 57.93 %, Epsilon: 13.44, Delta: 0.0030
Predictions - 1s: 331, 0s: 123
True Labels - 1s: 234, 0s: 220
Client 5 of 5: Local Epoch [3/3] Loss: 1.0178, Accuracy: 59.69 %, Epsilon: 16.26, Delta: 0.0030
-------------------------------
Round [4/4] Average Local Loss: 0.9991, Average Local Accuracy: 60.09 %
-------------------------------
-------- Validation --------
Predictions - 1s: 491, 0s: 77
True Labels - 1s: 328, 0s: 240
Round [4/4] Global Model Validation Loss: 0.7158, Validation Accuracy: 64.96 %
-------- Validation finished --------
Best model in round 1 saved with Validation Loss: 0.6119 and Validation Accuracy: 66.90 %

-------- Training finished in 18:37 --------

Test flag enabled. Testing the model

-------- Loading best model from model_path --------
Loaded model bert-small from date 09-04-2024 10:50. Trained with Federated Learning technology.
Round 1, lr: 0.006, optimizer: AdamW
Average train accuracy: 58.55 %, Validation accuracy: 66.90 %
-------- Best model loaded --------

-------- Creating Test Dataloader --------
Test Loader: 715 total sentences. 90 batches of size 8.
-------- Test Dataloader created --------

-------- Testing --------
Predictions - 1s: 589, 0s: 126
True Labels - 1s: 369, 0s: 346
Nº of test samples: 715
Accuracy: 60.84%
Accuracy 2 : 60.84%
Precision: 66.87%
Recall: 59.81%
F1 Score: 55.73%
Classification report:
              precision    recall  f1-score   support

           0     0.7619    0.2775    0.4068       346
           1     0.5756    0.9187    0.7077       369

    accuracy                         0.6084       715
   macro avg     0.6687    0.5981    0.5573       715
weighted avg     0.6657    0.6084    0.5621       715

-------- Testing finished --------
