Current configuration:
{
    "concurrency_flag": false,
    "data_distribution": "iid",
    "dataset": "dreaddit",
    "device": "cuda",
    "dp_delta": 0.003,
    "dp_epsilon": 10,
    "eval_batch_size": 4,
    "eval_flag": true,
    "eval_size": 0.2,
    "fed_alg": "fedavg",
    "layers": 3,
    "learning_rate": 0.0006,
    "max_length": 512,
    "ml_mode": "ml",
    "model": "bert_small",
    "model_name": "ml_10_dreaddit",
    "models_path": "/local/vpaloma/fabric-federated-learning/ablation_study/phase-3/1-ml_mode-dataset-dp/dreaddit",
    "mu": 0.5,
    "num_clients": 5,
    "num_epochs": 12,
    "num_rounds": 4,
    "optimizer": "AdamW",
    "progress_bar_flag": false,
    "save_model": true,
    "scheduler": "linear",
    "scheduler_warmup_steps": 0,
    "seed": 0,
    "test_flag": true,
    "train_batch_size": 4,
    "train_size": 0.8
}
-------- Configuration loaded --------

-------- Setting device --------
cuda device selected and available.
-------- Device set --------

-------- Setting seed --------
-------- Seed set --------

-------- Creating Model --------
-------- Model created --------

-------- Setting Trainable Layers --------
Training the last 3 layers.

Total parameters count: 28764674
Trainable parameters count: 3416066
-------- Trainable Layers set --------

-------- Creating Tokenizer --------
-------- Tokenizer created --------

-------- Creating Train and Eval Dataloaders --------
Train Loader: 2270 total sentences. 568 batches of size 4.
Eval Loader: 568 total sentences. 142 batches of size 4.
-------- Train and Eval Dataloaders created --------

-------- Creating Optimizer --------
-------- Optimizer created --------

-------- Creating Scheduler --------
-------- Scheduler created --------

-------- Training --------
Training with Centralised Machine Learning technology.
Training with differential privacy.
max_grad_norm:  1.5
Epoch [1/12], Step [100/568], Loss: 0.7267, Accuracy: 51.25 %, Epsilon: 1.73, Delta: 0.0030
Epoch [1/12], Step [200/568], Loss: 0.7037, Accuracy: 52.00 %, Epsilon: 2.38, Delta: 0.0030
Epoch [1/12], Step [300/568], Loss: 0.6978, Accuracy: 54.58 %, Epsilon: 2.79, Delta: 0.0030
Epoch [1/12], Step [400/568], Loss: 0.7233, Accuracy: 53.62 %, Epsilon: 3.10, Delta: 0.0030
Epoch [1/12], Step [500/568], Loss: 0.7302, Accuracy: 53.40 %, Epsilon: 3.36, Delta: 0.0030
Predictions - 1s: 1542, 0s: 728
True Labels - 1s: 1160, 0s: 1110
-------------------------------
Epoch [1/12] Loss: 0.7324, Accuracy: 53.74 %, Epsilon: 3.51, Delta: 0.0030
-------------------------------
-------- Validation --------
Predictions - 1s: 561, 0s: 7
True Labels - 1s: 328, 0s: 240
Validation Loss: 0.8217, Validation Accuracy: 58.98 %
-------- Validation finished --------
Updated best model in epoch 1 saved with Validation Loss: 0.8217 and Validation Accuracy: 58.98 %
-------------------------------
Epoch [2/12], Step [100/568], Loss: 0.9450, Accuracy: 51.75 %, Epsilon: 3.72, Delta: 0.0030
Epoch [2/12], Step [200/568], Loss: 0.9588, Accuracy: 52.62 %, Epsilon: 3.91, Delta: 0.0030
Epoch [2/12], Step [300/568], Loss: 0.9607, Accuracy: 53.25 %, Epsilon: 4.08, Delta: 0.0030
Epoch [2/12], Step [400/568], Loss: 0.9530, Accuracy: 53.62 %, Epsilon: 4.25, Delta: 0.0030
Epoch [2/12], Step [500/568], Loss: 0.9145, Accuracy: 54.75 %, Epsilon: 4.41, Delta: 0.0030
Predictions - 1s: 2158, 0s: 112
True Labels - 1s: 1160, 0s: 1110
-------------------------------
Epoch [2/12] Loss: 0.8992, Accuracy: 55.68 %, Epsilon: 4.51, Delta: 0.0030
-------------------------------
-------- Validation --------
Predictions - 1s: 539, 0s: 29
True Labels - 1s: 328, 0s: 240
Validation Loss: 0.8671, Validation Accuracy: 62.50 %
-------- Validation finished --------
Epoch [3/12], Step [100/568], Loss: 0.9569, Accuracy: 58.00 %, Epsilon: 4.66, Delta: 0.0030
Epoch [3/12], Step [200/568], Loss: 0.8926, Accuracy: 59.38 %, Epsilon: 4.80, Delta: 0.0030
Epoch [3/12], Step [300/568], Loss: 0.8338, Accuracy: 61.08 %, Epsilon: 4.94, Delta: 0.0030
Epoch [3/12], Step [400/568], Loss: 0.8116, Accuracy: 62.19 %, Epsilon: 5.07, Delta: 0.0030
Epoch [3/12], Step [500/568], Loss: 0.7916, Accuracy: 62.75 %, Epsilon: 5.20, Delta: 0.0030
Predictions - 1s: 1881, 0s: 389
True Labels - 1s: 1160, 0s: 1110
-------------------------------
Epoch [3/12] Loss: 0.7712, Accuracy: 63.66 %, Epsilon: 5.28, Delta: 0.0030
-------------------------------
-------- Validation --------
Predictions - 1s: 446, 0s: 122
True Labels - 1s: 328, 0s: 240
Validation Loss: 0.6698, Validation Accuracy: 70.42 %
-------- Validation finished --------
Updated best model in epoch 3 saved with Validation Loss: 0.6698 and Validation Accuracy: 70.42 %
-------------------------------
Epoch [4/12], Step [100/568], Loss: 0.6279, Accuracy: 69.75 %, Epsilon: 5.41, Delta: 0.0030
Epoch [4/12], Step [200/568], Loss: 0.6361, Accuracy: 69.88 %, Epsilon: 5.53, Delta: 0.0030
Epoch [4/12], Step [300/568], Loss: 0.6107, Accuracy: 71.92 %, Epsilon: 5.65, Delta: 0.0030
Epoch [4/12], Step [400/568], Loss: 0.6261, Accuracy: 70.69 %, Epsilon: 5.76, Delta: 0.0030
Epoch [4/12], Step [500/568], Loss: 0.6142, Accuracy: 71.70 %, Epsilon: 5.88, Delta: 0.0030
Predictions - 1s: 1434, 0s: 836
True Labels - 1s: 1160, 0s: 1110
-------------------------------
Epoch [4/12] Loss: 0.6296, Accuracy: 71.45 %, Epsilon: 5.96, Delta: 0.0030
-------------------------------
-------- Validation --------
Predictions - 1s: 436, 0s: 132
True Labels - 1s: 328, 0s: 240
Validation Loss: 0.7478, Validation Accuracy: 70.77 %
-------- Validation finished --------
Epoch [5/12], Step [100/568], Loss: 0.6938, Accuracy: 68.25 %, Epsilon: 6.07, Delta: 0.0030
Epoch [5/12], Step [200/568], Loss: 0.6711, Accuracy: 69.25 %, Epsilon: 6.18, Delta: 0.0030
Epoch [5/12], Step [300/568], Loss: 0.6610, Accuracy: 70.58 %, Epsilon: 6.28, Delta: 0.0030
Epoch [5/12], Step [400/568], Loss: 0.6485, Accuracy: 71.69 %, Epsilon: 6.39, Delta: 0.0030
Epoch [5/12], Step [500/568], Loss: 0.6478, Accuracy: 71.80 %, Epsilon: 6.49, Delta: 0.0030
Predictions - 1s: 1311, 0s: 959
True Labels - 1s: 1160, 0s: 1110
-------------------------------
Epoch [5/12] Loss: 0.6522, Accuracy: 71.50 %, Epsilon: 6.56, Delta: 0.0030
-------------------------------
-------- Validation --------
Predictions - 1s: 362, 0s: 206
True Labels - 1s: 328, 0s: 240
Validation Loss: 0.7065, Validation Accuracy: 74.30 %
-------- Validation finished --------
Epoch [6/12], Step [100/568], Loss: 0.6588, Accuracy: 71.75 %, Epsilon: 6.67, Delta: 0.0030
Epoch [6/12], Step [200/568], Loss: 0.6488, Accuracy: 72.88 %, Epsilon: 6.77, Delta: 0.0030
Epoch [6/12], Step [300/568], Loss: 0.6559, Accuracy: 73.58 %, Epsilon: 6.87, Delta: 0.0030
Epoch [6/12], Step [400/568], Loss: 0.6768, Accuracy: 73.00 %, Epsilon: 6.97, Delta: 0.0030
Epoch [6/12], Step [500/568], Loss: 0.6923, Accuracy: 72.20 %, Epsilon: 7.06, Delta: 0.0030
Predictions - 1s: 1235, 0s: 1035
True Labels - 1s: 1160, 0s: 1110
-------------------------------
Epoch [6/12] Loss: 0.6936, Accuracy: 72.11 %, Epsilon: 7.13, Delta: 0.0030
-------------------------------
-------- Validation --------
Predictions - 1s: 382, 0s: 186
True Labels - 1s: 328, 0s: 240
Validation Loss: 0.7900, Validation Accuracy: 73.59 %
-------- Validation finished --------
Epoch [7/12], Step [100/568], Loss: 0.6806, Accuracy: 73.75 %, Epsilon: 7.22, Delta: 0.0030
Epoch [7/12], Step [200/568], Loss: 0.7081, Accuracy: 73.12 %, Epsilon: 7.32, Delta: 0.0030
Epoch [7/12], Step [300/568], Loss: 0.7044, Accuracy: 73.50 %, Epsilon: 7.41, Delta: 0.0030
Epoch [7/12], Step [400/568], Loss: 0.7050, Accuracy: 72.94 %, Epsilon: 7.50, Delta: 0.0030
Epoch [7/12], Step [500/568], Loss: 0.7032, Accuracy: 73.65 %, Epsilon: 7.60, Delta: 0.0030
Predictions - 1s: 1256, 0s: 1014
True Labels - 1s: 1160, 0s: 1110
-------------------------------
Epoch [7/12] Loss: 0.7312, Accuracy: 73.13 %, Epsilon: 7.66, Delta: 0.0030
-------------------------------
-------- Validation --------
Predictions - 1s: 362, 0s: 206
True Labels - 1s: 328, 0s: 240
Validation Loss: 0.8094, Validation Accuracy: 73.94 %
-------- Validation finished --------
Epoch [8/12], Step [100/568], Loss: 0.7660, Accuracy: 72.75 %, Epsilon: 7.75, Delta: 0.0030
Epoch [8/12], Step [200/568], Loss: 0.7545, Accuracy: 72.38 %, Epsilon: 7.84, Delta: 0.0030
Epoch [8/12], Step [300/568], Loss: 0.7501, Accuracy: 72.17 %, Epsilon: 7.93, Delta: 0.0030
Epoch [8/12], Step [400/568], Loss: 0.7799, Accuracy: 72.25 %, Epsilon: 8.02, Delta: 0.0030
Epoch [8/12], Step [500/568], Loss: 0.7581, Accuracy: 73.00 %, Epsilon: 8.10, Delta: 0.0030
Predictions - 1s: 1209, 0s: 1061
True Labels - 1s: 1160, 0s: 1110
-------------------------------
Epoch [8/12] Loss: 0.7666, Accuracy: 73.00 %, Epsilon: 8.16, Delta: 0.0030
-------------------------------
-------- Validation --------
Predictions - 1s: 360, 0s: 208
True Labels - 1s: 328, 0s: 240
Validation Loss: 0.8490, Validation Accuracy: 73.59 %
-------- Validation finished --------
Epoch [9/12], Step [100/568], Loss: 0.7906, Accuracy: 74.25 %, Epsilon: 8.25, Delta: 0.0030
Epoch [9/12], Step [200/568], Loss: 0.7356, Accuracy: 75.50 %, Epsilon: 8.33, Delta: 0.0030
Epoch [9/12], Step [300/568], Loss: 0.7544, Accuracy: 75.00 %, Epsilon: 8.42, Delta: 0.0030
Epoch [9/12], Step [400/568], Loss: 0.7612, Accuracy: 74.19 %, Epsilon: 8.50, Delta: 0.0030
Epoch [9/12], Step [500/568], Loss: 0.7746, Accuracy: 73.90 %, Epsilon: 8.59, Delta: 0.0030
Predictions - 1s: 1200, 0s: 1070
True Labels - 1s: 1160, 0s: 1110
-------------------------------
Epoch [9/12] Loss: 0.7688, Accuracy: 73.74 %, Epsilon: 8.65, Delta: 0.0030
-------------------------------
-------- Validation --------
Predictions - 1s: 379, 0s: 189
True Labels - 1s: 328, 0s: 240
Validation Loss: 0.8929, Validation Accuracy: 73.77 %
-------- Validation finished --------
Epoch [10/12], Step [100/568], Loss: 0.8757, Accuracy: 69.75 %, Epsilon: 8.73, Delta: 0.0030
Epoch [10/12], Step [200/568], Loss: 0.8437, Accuracy: 72.25 %, Epsilon: 8.81, Delta: 0.0030
Epoch [10/12], Step [300/568], Loss: 0.8151, Accuracy: 72.50 %, Epsilon: 8.89, Delta: 0.0030
Epoch [10/12], Step [400/568], Loss: 0.8334, Accuracy: 71.81 %, Epsilon: 8.97, Delta: 0.0030
Epoch [10/12], Step [500/568], Loss: 0.8075, Accuracy: 72.90 %, Epsilon: 9.05, Delta: 0.0030
Predictions - 1s: 1274, 0s: 996
True Labels - 1s: 1160, 0s: 1110
-------------------------------
Epoch [10/12] Loss: 0.7968, Accuracy: 73.13 %, Epsilon: 9.11, Delta: 0.0030
-------------------------------
-------- Validation --------
Predictions - 1s: 365, 0s: 203
True Labels - 1s: 328, 0s: 240
Validation Loss: 0.8605, Validation Accuracy: 74.12 %
-------- Validation finished --------
Epoch [11/12], Step [100/568], Loss: 0.8160, Accuracy: 73.75 %, Epsilon: 9.19, Delta: 0.0030
Epoch [11/12], Step [200/568], Loss: 0.7705, Accuracy: 73.75 %, Epsilon: 9.27, Delta: 0.0030
Epoch [11/12], Step [300/568], Loss: 0.7456, Accuracy: 75.00 %, Epsilon: 9.35, Delta: 0.0030
Epoch [11/12], Step [400/568], Loss: 0.7764, Accuracy: 74.25 %, Epsilon: 9.43, Delta: 0.0030
Epoch [11/12], Step [500/568], Loss: 0.8123, Accuracy: 73.50 %, Epsilon: 9.51, Delta: 0.0030
Predictions - 1s: 1244, 0s: 1026
True Labels - 1s: 1160, 0s: 1110
-------------------------------
Epoch [11/12] Loss: 0.7994, Accuracy: 73.66 %, Epsilon: 9.56, Delta: 0.0030
-------------------------------
-------- Validation --------
Predictions - 1s: 355, 0s: 213
True Labels - 1s: 328, 0s: 240
Validation Loss: 0.8508, Validation Accuracy: 74.47 %
-------- Validation finished --------
Epoch [12/12], Step [100/568], Loss: 0.8199, Accuracy: 71.50 %, Epsilon: 9.64, Delta: 0.0030
Epoch [12/12], Step [200/568], Loss: 0.8468, Accuracy: 72.50 %, Epsilon: 9.71, Delta: 0.0030
Epoch [12/12], Step [300/568], Loss: 0.8058, Accuracy: 72.92 %, Epsilon: 9.79, Delta: 0.0030
Epoch [12/12], Step [400/568], Loss: 0.7905, Accuracy: 72.75 %, Epsilon: 9.87, Delta: 0.0030
Epoch [12/12], Step [500/568], Loss: 0.7999, Accuracy: 72.70 %, Epsilon: 9.94, Delta: 0.0030
Predictions - 1s: 1199, 0s: 1071
True Labels - 1s: 1160, 0s: 1110
-------------------------------
Epoch [12/12] Loss: 0.7925, Accuracy: 73.08 %, Epsilon: 9.99, Delta: 0.0030
-------------------------------
-------- Validation --------
Predictions - 1s: 355, 0s: 213
True Labels - 1s: 328, 0s: 240
Validation Loss: 0.8490, Validation Accuracy: 74.47 %
-------- Validation finished --------
Best model in epoch 3 saved with with Validation Loss: 0.6698 and Validation Accuracy: 70.42 %

-------- Training finished in 18:52 --------

Test flag enabled. Testing the model

-------- Loading best model from model_path --------
Loaded model bert-small from date 09-04-2024 10:51. Trained with Centralised Machine Learning technology.
Epoch 3, lr: 0.0006, optimizer: DPOptimizer
Train accuracy: 63.66 %, Validation accuracy: 70.42 %
-------- Best model loaded --------

-------- Creating Test Dataloader --------
Test Loader: 715 total sentences. 90 batches of size 8.
-------- Test Dataloader created --------

-------- Testing --------
Predictions - 1s: 566, 0s: 149
True Labels - 1s: 369, 0s: 346
Nº of test samples: 715
Accuracy: 65.73%
Accuracy 2 : 65.73%
Precision: 72.42%
Recall: 64.81%
F1 Score: 62.15%
Classification report:
              precision    recall  f1-score   support

           0     0.8389    0.3613    0.5051       346
           1     0.6095    0.9350    0.7380       369

    accuracy                         0.6573       715
   macro avg     0.7242    0.6481    0.6215       715
weighted avg     0.7205    0.6573    0.6253       715

-------- Testing finished --------
