Current configuration:
{
    "concurrency_flag": true,
    "data_distribution": "iid",
    "dataset": "dreaddit",
    "device": "cuda",
    "dp_delta": 0.003,
    "dp_epsilon": 0,
    "eval_batch_size": 4,
    "eval_flag": true,
    "eval_size": 0.2,
    "fed_alg": "fedavg",
    "layers": 3,
    "learning_rate": 6e-05,
    "max_length": 512,
    "ml_mode": "bcfl",
    "model": "bert_small",
    "model_name": "fedavg_iid_seed5_dreaddit",
    "models_path": "/local/vpaloma/fabric-federated-learning/ablation_study/phase-4/final/data-dist/dreaddit",
    "mu": 0.5,
    "num_clients": 5,
    "num_epochs": 3,
    "num_rounds": 4,
    "optimizer": "AdamW",
    "progress_bar_flag": false,
    "save_model": true,
    "scheduler": "linear",
    "scheduler_warmup_steps": 0,
    "seed": "random",
    "test_flag": true,
    "train_batch_size": 4,
    "train_size": 0.8
}
-------- Configuration loaded --------

-------- Setting device --------
cuda device selected and available.
-------- Device set --------

-------- Setting seed --------
seed set:  388160
-------- Seed set --------

-------- Creating Model --------
-------- Model created --------

-------- Setting Trainable Layers --------
Training the last 3 layers.

Total parameters count: 28764674
Trainable parameters count: 3416066
-------- Trainable Layers set --------

-------- Creating Tokenizer --------
-------- Tokenizer created --------

-------- Creating Train and Eval Dataloaders --------
Train Loader: 2270 total sentences. 568 batches of size 4.
Eval Loader: 568 total sentences. 142 batches of size 4.
-------- Train and Eval Dataloaders created --------

-------- Training --------
Training with Blockchain-Based Federated Learning technology.
Training without differential privacy.
Federated averaging algorithm selected.
Client 0: Label 0: 206, Label 1: 248
Client 1: Label 0: 207, Label 1: 247
Client 2: Label 0: 236, Label 1: 218
Client 3: Label 0: 219, Label 1: 235
Client 4: Label 0: 205, Label 1: 249

Round 1 of 4
-------------------------------
Predictions - 1s: 297, 0s: 157
True Labels - 1s: 247, 0s: 207
Client 2 of 5: Local Epoch [1/3] Loss: 0.6146, Accuracy: 65.20 %
Predictions - 1s: 244, 0s: 210
True Labels - 1s: 235, 0s: 219
Client 4 of 5: Local Epoch [1/3] Loss: 0.5932, Accuracy: 65.42 %
Predictions - 1s: 198, 0s: 256
True Labels - 1s: 218, 0s: 236
Client 3 of 5: Local Epoch [1/3] Loss: 0.6040, Accuracy: 70.93 %
Predictions - 1s: 308, 0s: 146
Predictions - 1s: 308, 0s: 146
True Labels - 1s: 249, 0s: 205
Client 5 of 5: Local Epoch [1/3] Loss: 0.6089, Accuracy: 70.26 %
True Labels - 1s: 248, 0s: 206
Client 1 of 5: Local Epoch [1/3] Loss: 0.6133, Accuracy: 64.32 %
Predictions - 1s: 263, 0s: 191
True Labels - 1s: 247, 0s: 207
Client 2 of 5: Local Epoch [2/3] Loss: 0.4878, Accuracy: 76.65 %
Predictions - 1s: 272, 0s: 182
True Labels - 1s: 248, 0s: 206
Client 1 of 5: Local Epoch [2/3] Loss: 0.5012, Accuracy: 75.33 %
Predictions - 1s: 213, 0s: 241
True Labels - 1s: 218, 0s: 236
Client 3 of 5: Local Epoch [2/3] Loss: 0.5076, Accuracy: 75.99 %
Predictions - 1s: 281, 0s: 173
True Labels - 1s: 249, 0s: 205
Client 5 of 5: Local Epoch [2/3] Loss: 0.4983, Accuracy: 74.45 %
Predictions - 1s: 233, 0s: 221
True Labels - 1s: 235, 0s: 219
Client 4 of 5: Local Epoch [2/3] Loss: 0.4937, Accuracy: 75.77 %
Predictions - 1s: 266, 0s: 188
True Labels - 1s: 247, 0s: 207
Client 2 of 5: Local Epoch [3/3] Loss: 0.4278, Accuracy: 79.07 %
Predictions - 1s: 282, 0s: 172
True Labels - 1s: 248, 0s: 206
Client 1 of 5: Local Epoch [3/3] Loss: 0.4488, Accuracy: 80.18 %
Predictions - 1s: 222, 0s: 232
True Labels - 1s: 235, 0s: 219
Client 4 of 5: Local Epoch [3/3] Loss: 0.4348, Accuracy: 80.40 %
Predictions - 1s: 269, 0s: 185
True Labels - 1s: 249, 0s: 205
Client 5 of 5: Local Epoch [3/3] Loss: 0.4425, Accuracy: 78.85 %
Predictions - 1s: 220, 0s: 234
True Labels - 1s: 218, 0s: 236
Client 3 of 5: Local Epoch [3/3] Loss: 0.4518, Accuracy: 80.18 %
-------------------------------
Round [1/4] Average Local Loss: 0.4411, Average Local Accuracy: 79.74 %
-------------------------------
-------- Validation --------
Predictions - 1s: 324, 0s: 244
True Labels - 1s: 291, 0s: 277
Round [1/4] Global Model Validation Loss: 0.4840, Validation Accuracy: 76.23 %
-------- Validation finished --------
Updated best model in round 1 saved with Validation Loss: 0.4840 and Validation Accuracy: 76.23 %
-------------------------------

Round 2 of 4
-------------------------------
Predictions - 1s: 213, 0s: 241
True Labels - 1s: 218, 0s: 236
Client 3 of 5: Local Epoch [1/3] Loss: 0.5302, Accuracy: 74.23 %
Predictions - 1s: 260, 0s: 194
True Labels - 1s: 248, 0s: 206
Client 1 of 5: Local Epoch [1/3] Loss: 0.4962, Accuracy: 75.77 %
Predictions - 1s: 239, 0s: 215
Predictions - 1s: 274, 0s: 180
True Labels - 1s: 235, 0s: 219
Client 4 of 5: Local Epoch [1/3] Loss: 0.5042, Accuracy: 74.45 %
True Labels - 1s: 249, 0s: 205
Client 5 of 5: Local Epoch [1/3] Loss: 0.5055, Accuracy: 72.91 %
Predictions - 1s: 270, 0s: 184
True Labels - 1s: 247, 0s: 207
Client 2 of 5: Local Epoch [1/3] Loss: 0.5056, Accuracy: 74.67 %
Predictions - 1s: 261, 0s: 193
True Labels - 1s: 249, 0s: 205
Client 5 of 5: Local Epoch [2/3] Loss: 0.4181, Accuracy: 82.82 %
Predictions - 1s: 240, 0s: 214
True Labels - 1s: 218, 0s: 236
Client 3 of 5: Local Epoch [2/3] Loss: 0.4619, Accuracy: 78.41 %
Predictions - 1s: 245, 0s: 209
True Labels - 1s: 235, 0s: 219
Client 4 of 5: Local Epoch [2/3] Loss: 0.4277, Accuracy: 80.18 %
Predictions - 1s: 263, 0s: 191
True Labels - 1s: 247, 0s: 207
Client 2 of 5: Local Epoch [2/3] Loss: 0.3972, Accuracy: 81.94 %
Predictions - 1s: 271, 0s: 183
True Labels - 1s: 248, 0s: 206
Client 1 of 5: Local Epoch [2/3] Loss: 0.4131, Accuracy: 82.16 %
Predictions - 1s: 269, 0s: 185
True Labels - 1s: 248, 0s: 206
Client 1 of 5: Local Epoch [3/3] Loss: 0.3925, Accuracy: 80.84 %
Predictions - 1s: 208, 0s: 246
True Labels - 1s: 218, 0s: 236
Client 3 of 5: Local Epoch [3/3] Loss: 0.4207, Accuracy: 79.30 %
Predictions - 1s: 238, 0s: 216
True Labels - 1s: 235, 0s: 219
Client 4 of 5: Local Epoch [3/3] Loss: 0.3841, Accuracy: 83.48 %
Predictions - 1s: 266, 0s: 188
True Labels - 1s: 247, 0s: 207
Client 2 of 5: Local Epoch [3/3] Loss: 0.3601, Accuracy: 83.92 %
Predictions - 1s: 262, 0s: 192
True Labels - 1s: 249, 0s: 205
Client 5 of 5: Local Epoch [3/3] Loss: 0.3778, Accuracy: 83.48 %
-------------------------------
Round [2/4] Average Local Loss: 0.3870, Average Local Accuracy: 82.20 %
-------------------------------
-------- Validation --------
Predictions - 1s: 311, 0s: 257
True Labels - 1s: 291, 0s: 277
Round [2/4] Global Model Validation Loss: 0.4529, Validation Accuracy: 79.23 %
-------- Validation finished --------
Updated best model in round 2 saved with Validation Loss: 0.4529 and Validation Accuracy: 79.23 %
-------------------------------

Round 3 of 4
-------------------------------
Predictions - 1s: 263, 0s: 191
True Labels - 1s: 249, 0s: 205
Client 5 of 5: Local Epoch [1/3] Loss: 0.4517, Accuracy: 74.89 %
Predictions - 1s: 238, 0s: 216
True Labels - 1s: 235, 0s: 219
Client 4 of 5: Local Epoch [1/3] Loss: 0.4670, Accuracy: 77.31 %
Predictions - 1s: 255, 0s: 199
True Labels - 1s: 247, 0s: 207
Client 2 of 5: Local Epoch [1/3] Loss: 0.4307, Accuracy: 78.85 %
Predictions - 1s: 227, 0s: 227
True Labels - 1s: 218, 0s: 236
Client 3 of 5: Local Epoch [1/3] Loss: 0.4914, Accuracy: 75.11 %
Predictions - 1s: 260, 0s: 194
True Labels - 1s: 248, 0s: 206
Client 1 of 5: Local Epoch [1/3] Loss: 0.4617, Accuracy: 77.53 %
Predictions - 1s: 254, 0s: 200
True Labels - 1s: 249, 0s: 205
Client 5 of 5: Local Epoch [2/3] Loss: 0.3878, Accuracy: 82.16 %
Predictions - 1s: 263, 0s: 191
True Labels - 1s: 248, 0s: 206
Client 1 of 5: Local Epoch [2/3] Loss: 0.3853, Accuracy: 82.60 %
Predictions - 1s: 208, 0s: 246
True Labels - 1s: 218, 0s: 236
Client 3 of 5: Local Epoch [2/3] Loss: 0.4228, Accuracy: 80.18 %
Predictions - 1s: 236, 0s: 218
True Labels - 1s: 235, 0s: 219
Client 4 of 5: Local Epoch [2/3] Loss: 0.3978, Accuracy: 82.16 %
Predictions - 1s: 263, 0s: 191
True Labels - 1s: 247, 0s: 207
Client 2 of 5: Local Epoch [2/3] Loss: 0.3596, Accuracy: 85.02 %
Predictions - 1s: 258, 0s: 196
True Labels - 1s: 247, 0s: 207
Client 2 of 5: Local Epoch [3/3] Loss: 0.3096, Accuracy: 86.56 %
Predictions - 1s: 220, 0s: 234
True Labels - 1s: 218, 0s: 236
Client 3 of 5: Local Epoch [3/3] Loss: 0.3708, Accuracy: 84.58 %
Predictions - 1s: 238, 0s: 216
True Labels - 1s: 235, 0s: 219
Client 4 of 5: Local Epoch [3/3] Loss: 0.3482, Accuracy: 85.24 %
Predictions - 1s: 273, 0s: 181
True Labels - 1s: 248, 0s: 206
Client 1 of 5: Local Epoch [3/3] Loss: 0.3413, Accuracy: 84.80 %
Predictions - 1s: 264, 0s: 190
True Labels - 1s: 249, 0s: 205
Client 5 of 5: Local Epoch [3/3] Loss: 0.3283, Accuracy: 85.68 %
-------------------------------
Round [3/4] Average Local Loss: 0.3396, Average Local Accuracy: 85.37 %
-------------------------------
-------- Validation --------
Predictions - 1s: 308, 0s: 260
True Labels - 1s: 291, 0s: 277
Round [3/4] Global Model Validation Loss: 0.4457, Validation Accuracy: 79.75 %
-------- Validation finished --------
Updated best model in round 3 saved with Validation Loss: 0.4457 and Validation Accuracy: 79.75 %
-------------------------------

Round 4 of 4
-------------------------------
Predictions - 1s: 239, 0s: 215
True Labels - 1s: 235, 0s: 219
Client 4 of 5: Local Epoch [1/3] Loss: 0.4167, Accuracy: 79.74 %
Predictions - 1s: 220, 0s: 234
True Labels - 1s: 218, 0s: 236
Client 3 of 5: Local Epoch [1/3] Loss: 0.4945, Accuracy: 77.53 %
Predictions - 1s: 256, 0s: 198
True Labels - 1s: 248, 0s: 206
Client 1 of 5: Local Epoch [1/3] Loss: 0.4259, Accuracy: 79.74 %
Predictions - 1s: 258, 0s: 196
True Labels - 1s: 249, 0s: 205
Client 5 of 5: Local Epoch [1/3] Loss: 0.4337, Accuracy: 78.19 %
Predictions - 1s: 267, 0s: 187
True Labels - 1s: 247, 0s: 207
Client 2 of 5: Local Epoch [1/3] Loss: 0.4067, Accuracy: 81.06 %
Predictions - 1s: 258, 0s: 196
Predictions - 1s: 222, 0s: 232
True Labels - 1s: 249, 0s: 205
True Labels - 1s: 218, 0s: 236
Predictions - 1s: 247, 0s: 207
Client 5 of 5: Local Epoch [2/3] Loss: 0.3389, Accuracy: 84.36 %
Predictions - 1s: 254, 0s: 200
Predictions - 1s: 241, 0s: 213
True Labels - 1s: 247, 0s: 207
Client 2 of 5: Local Epoch [2/3] Loss: 0.3301, Accuracy: 85.90 %
True Labels - 1s: 248, 0s: 206
True Labels - 1s: 235, 0s: 219
Client 4 of 5: Local Epoch [2/3] Loss: 0.3406, Accuracy: 85.46 %
Client 1 of 5: Local Epoch [2/3] Loss: 0.3323, Accuracy: 85.90 %
Client 3 of 5: Local Epoch [2/3] Loss: 0.4073, Accuracy: 82.82 %
Predictions - 1s: 251, 0s: 203
True Labels - 1s: 249, 0s: 205
Client 5 of 5: Local Epoch [3/3] Loss: 0.3103, Accuracy: 87.22 %
Predictions - 1s: 215, 0s: 239
True Labels - 1s: 218, 0s: 236
Client 3 of 5: Local Epoch [3/3] Loss: 0.3529, Accuracy: 83.92 %
Predictions - 1s: 259, 0s: 195
Predictions - 1s: 259, 0s: 195
True Labels - 1s: 247, 0s: 207
Predictions - 1s: 240, 0s: 214
True Labels - 1s: 248, 0s: 206
Client 1 of 5: Local Epoch [3/3] Loss: 0.2974, Accuracy: 87.00 %
Client 2 of 5: Local Epoch [3/3] Loss: 0.2689, Accuracy: 89.87 %
True Labels - 1s: 235, 0s: 219
Client 4 of 5: Local Epoch [3/3] Loss: 0.3074, Accuracy: 85.68 %
-------------------------------
Round [4/4] Average Local Loss: 0.3074, Average Local Accuracy: 86.74 %
-------------------------------
-------- Validation --------
Predictions - 1s: 315, 0s: 253
True Labels - 1s: 291, 0s: 277
Round [4/4] Global Model Validation Loss: 0.4530, Validation Accuracy: 80.99 %
-------- Validation finished --------
Best model in round 3 saved with Validation Loss: 0.4457 and Validation Accuracy: 79.75 %

-------- Training finished in 6:30 --------

Test flag enabled. Testing the model

-------- Loading best model from model_path --------
Loaded model bert-small from date 21-04-2024 02:49. Trained with Federated Learning technology.
Round 3, lr: 6e-05, optimizer: AdamW
Average train accuracy: 85.37 %, Validation accuracy: 79.75 %
-------- Best model loaded --------

-------- Creating Test Dataloader --------
Test Loader: 715 total sentences. 90 batches of size 8.
-------- Test Dataloader created --------

-------- Testing --------
Predictions - 1s: 435, 0s: 280
True Labels - 1s: 369, 0s: 346
Nº of test samples: 715
Accuracy: 76.50%
Accuracy 2 : 76.50%
Precision: 77.44%
Recall: 76.18%
F1 Score: 76.13%
Classification report:
              precision    recall  f1-score   support

           0     0.8179    0.6618    0.7316       346
           1     0.7310    0.8618    0.7910       369

    accuracy                         0.7650       715
   macro avg     0.7744    0.7618    0.7613       715
weighted avg     0.7730    0.7650    0.7623       715

-------- Testing finished --------
