Current configuration:
{
    "concurrency_flag": true,
    "data_distribution": "non_iid",
    "dataset": "dreaddit",
    "device": "cuda",
    "dp_delta": 0.003,
    "dp_epsilon": 0,
    "eval_batch_size": 4,
    "eval_flag": true,
    "eval_size": 0.2,
    "fed_alg": "fedavg",
    "layers": 3,
    "learning_rate": 6e-05,
    "max_length": 512,
    "ml_mode": "bcfl",
    "model": "bert_small",
    "model_name": "fedavg_non_iid_seed10_dreaddit",
    "models_path": "/local/vpaloma/fabric-federated-learning/ablation_study/phase-4/final/data-dist/dreaddit",
    "mu": 0.5,
    "num_clients": 5,
    "num_epochs": 3,
    "num_rounds": 4,
    "optimizer": "AdamW",
    "progress_bar_flag": false,
    "save_model": true,
    "scheduler": "linear",
    "scheduler_warmup_steps": 0,
    "seed": "random",
    "test_flag": true,
    "train_batch_size": 4,
    "train_size": 0.8
}
-------- Configuration loaded --------

-------- Setting device --------
cuda device selected and available.
-------- Device set --------

-------- Setting seed --------
seed set:  176331
-------- Seed set --------

-------- Creating Model --------
-------- Model created --------

-------- Setting Trainable Layers --------
Training the last 3 layers.

Total parameters count: 28764674
Trainable parameters count: 3416066
-------- Trainable Layers set --------

-------- Creating Tokenizer --------
-------- Tokenizer created --------

-------- Creating Train and Eval Dataloaders --------
Train Loader: 2270 total sentences. 568 batches of size 4.
Eval Loader: 568 total sentences. 142 batches of size 4.
-------- Train and Eval Dataloaders created --------

-------- Training --------
Training with Blockchain-Based Federated Learning technology.
Training without differential privacy.
Federated averaging algorithm selected.
Client 0: Label 0: 0, Label 1: 511
Client 1: Label 0: 0, Label 1: 511
Client 2: Label 0: 454, Label 1: 57
Client 3: Label 0: 454, Label 1: 57
Client 4: Label 0: 170, Label 1: 56

Round 1 of 4
-------------------------------
Predictions - 1s: 0, 0s: 226
True Labels - 1s: 56, 0s: 170
Client 5 of 5: Local Epoch [1/3] Loss: 0.5517, Accuracy: 75.22 %
Predictions - 1s: 4, 0s: 222
True Labels - 1s: 56, 0s: 170
Client 5 of 5: Local Epoch [2/3] Loss: 0.4770, Accuracy: 76.99 %
Predictions - 1s: 502, 0s: 9
True Labels - 1s: 511, 0s: 0
Client 1 of 5: Local Epoch [1/3] Loss: 0.0471, Accuracy: 98.24 %
Predictions - 1s: 504, 0s: 7
True Labels - 1s: 511, 0s: 0
Client 2 of 5: Local Epoch [1/3] Loss: 0.0453, Accuracy: 98.63 %
Predictions - 1s: 0, 0s: 511
True Labels - 1s: 57, 0s: 454
Client 3 of 5: Local Epoch [1/3] Loss: 0.3303, Accuracy: 88.85 %
Predictions - 1s: 1, 0s: 510
True Labels - 1s: 57, 0s: 454
Client 4 of 5: Local Epoch [1/3] Loss: 0.3365, Accuracy: 88.65 %
Predictions - 1s: 19, 0s: 207
True Labels - 1s: 56, 0s: 170
Client 5 of 5: Local Epoch [3/3] Loss: 0.4273, Accuracy: 80.97 %
Predictions - 1s: 4, 0s: 507
True Labels - 1s: 57, 0s: 454
Client 4 of 5: Local Epoch [2/3] Loss: 0.2694, Accuracy: 89.24 %
Predictions - 1s: 15, 0s: 496
True Labels - 1s: 57, 0s: 454
Client 3 of 5: Local Epoch [2/3] Loss: 0.2661, Accuracy: 89.04 %
Predictions - 1s: 511, 0s: 0
Predictions - 1s: 511, 0s: 0
True Labels - 1s: 511, 0s: 0
True Labels - 1s: 511, 0s: 0
Client 1 of 5: Local Epoch [2/3] Loss: 0.0022, Accuracy: 100.00 %
Client 2 of 5: Local Epoch [2/3] Loss: 0.0023, Accuracy: 100.00 %
Predictions - 1s: 17, 0s: 494
True Labels - 1s: 57, 0s: 454
Client 4 of 5: Local Epoch [3/3] Loss: 0.2359, Accuracy: 90.61 %
Predictions - 1s: 18, 0s: 493
True Labels - 1s: 57, 0s: 454
Client 3 of 5: Local Epoch [3/3] Loss: 0.2171, Accuracy: 90.80 %
Predictions - 1s: 511, 0s: 0
True Labels - 1s: 511, 0s: 0
Client 2 of 5: Local Epoch [3/3] Loss: 0.0015, Accuracy: 100.00 %
Predictions - 1s: 511, 0s: 0
True Labels - 1s: 511, 0s: 0
Client 1 of 5: Local Epoch [3/3] Loss: 0.0015, Accuracy: 100.00 %
-------------------------------
Round [1/4] Average Local Loss: 0.1766, Average Local Accuracy: 92.48 %
-------------------------------
-------- Validation --------
Predictions - 1s: 535, 0s: 33
True Labels - 1s: 296, 0s: 272
Round [1/4] Global Model Validation Loss: 0.7352, Validation Accuracy: 57.57 %
-------- Validation finished --------
Updated best model in round 1 saved with Validation Loss: 0.7352 and Validation Accuracy: 57.57 %
-------------------------------

Round 2 of 4
-------------------------------
Predictions - 1s: 25, 0s: 201
True Labels - 1s: 56, 0s: 170
Client 5 of 5: Local Epoch [1/3] Loss: 0.5180, Accuracy: 72.12 %
Predictions - 1s: 14, 0s: 497
True Labels - 1s: 57, 0s: 454
Client 4 of 5: Local Epoch [1/3] Loss: 0.3042, Accuracy: 88.06 %
Predictions - 1s: 29, 0s: 197
True Labels - 1s: 56, 0s: 170
Client 5 of 5: Local Epoch [2/3] Loss: 0.4154, Accuracy: 82.74 %
Predictions - 1s: 511, 0s: 0
True Labels - 1s: 511, 0s: 0
Client 2 of 5: Local Epoch [1/3] Loss: 0.0063, Accuracy: 100.00 %
Predictions - 1s: 511, 0s: 0
True Labels - 1s: 511, 0s: 0
Client 1 of 5: Local Epoch [1/3] Loss: 0.0067, Accuracy: 100.00 %
Predictions - 1s: 15, 0s: 496
True Labels - 1s: 57, 0s: 454
Client 3 of 5: Local Epoch [1/3] Loss: 0.2888, Accuracy: 88.26 %
Predictions - 1s: 23, 0s: 203
True Labels - 1s: 56, 0s: 170
Client 5 of 5: Local Epoch [3/3] Loss: 0.3823, Accuracy: 82.74 %
Predictions - 1s: 19, 0s: 492
True Labels - 1s: 57, 0s: 454
Client 4 of 5: Local Epoch [2/3] Loss: 0.2381, Accuracy: 90.22 %
Predictions - 1s: 511, 0s: 0
True Labels - 1s: 511, 0s: 0
Client 1 of 5: Local Epoch [2/3] Loss: 0.0005, Accuracy: 100.00 %
Predictions - 1s: 511, 0s: 0
True Labels - 1s: 511, 0s: 0
Client 2 of 5: Local Epoch [2/3] Loss: 0.0005, Accuracy: 100.00 %
Predictions - 1s: 28, 0s: 483
True Labels - 1s: 57, 0s: 454
Client 3 of 5: Local Epoch [2/3] Loss: 0.2313, Accuracy: 90.02 %
Predictions - 1s: 27, 0s: 484
True Labels - 1s: 57, 0s: 454
Client 4 of 5: Local Epoch [3/3] Loss: 0.2009, Accuracy: 92.95 %
Predictions - 1s: 511, 0s: 0
True Labels - 1s: 511, 0s: 0
Client 2 of 5: Local Epoch [3/3] Loss: 0.0003, Accuracy: 100.00 %
Predictions - 1s: 37, 0s: 474
True Labels - 1s: 57, 0s: 454
Client 3 of 5: Local Epoch [3/3] Loss: 0.1866, Accuracy: 94.13 %
Predictions - 1s: 511, 0s: 0
True Labels - 1s: 511, 0s: 0
Client 1 of 5: Local Epoch [3/3] Loss: 0.0003, Accuracy: 100.00 %
-------------------------------
Round [2/4] Average Local Loss: 0.1541, Average Local Accuracy: 93.97 %
-------------------------------
-------- Validation --------
Predictions - 1s: 525, 0s: 43
True Labels - 1s: 296, 0s: 272
Round [2/4] Global Model Validation Loss: 1.0309, Validation Accuracy: 59.68 %
-------- Validation finished --------

Round 3 of 4
-------------------------------
Predictions - 1s: 34, 0s: 192
True Labels - 1s: 56, 0s: 170
Client 5 of 5: Local Epoch [1/3] Loss: 0.4530, Accuracy: 81.42 %
Predictions - 1s: 39, 0s: 187
True Labels - 1s: 56, 0s: 170
Client 5 of 5: Local Epoch [2/3] Loss: 0.3903, Accuracy: 84.51 %
Predictions - 1s: 22, 0s: 489
True Labels - 1s: 57, 0s: 454
Client 3 of 5: Local Epoch [1/3] Loss: 0.2908, Accuracy: 87.67 %
Predictions - 1s: 511, 0s: 0
True Labels - 1s: 511, 0s: 0
Client 1 of 5: Local Epoch [1/3] Loss: 0.0011, Accuracy: 100.00 %
Predictions - 1s: 511, 0s: 0
True Labels - 1s: 511, 0s: 0
Client 2 of 5: Local Epoch [1/3] Loss: 0.0026, Accuracy: 100.00 %
Predictions - 1s: 24, 0s: 487
True Labels - 1s: 57, 0s: 454
Client 4 of 5: Local Epoch [1/3] Loss: 0.2934, Accuracy: 87.28 %
Predictions - 1s: 41, 0s: 185
True Labels - 1s: 56, 0s: 170
Client 5 of 5: Local Epoch [3/3] Loss: 0.3331, Accuracy: 86.28 %
Predictions - 1s: 29, 0s: 482
True Labels - 1s: 57, 0s: 454
Client 3 of 5: Local Epoch [2/3] Loss: 0.2186, Accuracy: 91.00 %
Predictions - 1s: 511, 0s: 0
True Labels - 1s: 511, 0s: 0
Client 1 of 5: Local Epoch [2/3] Loss: 0.0001, Accuracy: 100.00 %
Predictions - 1s: 511, 0s: 0
True Labels - 1s: 511, 0s: 0
Client 2 of 5: Local Epoch [2/3] Loss: 0.0002, Accuracy: 100.00 %
Predictions - 1s: 28, 0s: 483
True Labels - 1s: 57, 0s: 454
Client 4 of 5: Local Epoch [2/3] Loss: 0.2169, Accuracy: 91.98 %
Predictions - 1s: 30, 0s: 481
True Labels - 1s: 57, 0s: 454
Client 3 of 5: Local Epoch [3/3] Loss: 0.1786, Accuracy: 92.76 %
Predictions - 1s: 511, 0s: 0
True Labels - 1s: 511, 0s: 0
Client 1 of 5: Local Epoch [3/3] Loss: 0.0001, Accuracy: 100.00 %
Predictions - 1s: 511, 0s: 0
True Labels - 1s: 511, 0s: 0
Client 2 of 5: Local Epoch [3/3] Loss: 0.0002, Accuracy: 100.00 %
Predictions - 1s: 30, 0s: 481
True Labels - 1s: 57, 0s: 454
Client 4 of 5: Local Epoch [3/3] Loss: 0.1912, Accuracy: 92.37 %
-------------------------------
Round [3/4] Average Local Loss: 0.1406, Average Local Accuracy: 94.28 %
-------------------------------
-------- Validation --------
Predictions - 1s: 518, 0s: 50
True Labels - 1s: 296, 0s: 272
Round [3/4] Global Model Validation Loss: 1.2497, Validation Accuracy: 60.92 %
-------- Validation finished --------

Round 4 of 4
-------------------------------
Predictions - 1s: 47, 0s: 179
True Labels - 1s: 56, 0s: 170
Client 5 of 5: Local Epoch [1/3] Loss: 0.4507, Accuracy: 80.09 %
Predictions - 1s: 39, 0s: 472
True Labels - 1s: 57, 0s: 454
Client 3 of 5: Local Epoch [1/3] Loss: 0.2878, Accuracy: 88.26 %
Predictions - 1s: 38, 0s: 188
True Labels - 1s: 56, 0s: 170
Client 5 of 5: Local Epoch [2/3] Loss: 0.3605, Accuracy: 84.07 %
Predictions - 1s: 511, 0s: 0
Predictions - 1s: 32, 0s: 479
True Labels - 1s: 511, 0s: 0
True Labels - 1s: 57, 0s: 454
Client 1 of 5: Local Epoch [1/3] Loss: 0.0010, Accuracy: 100.00 %
Client 4 of 5: Local Epoch [1/3] Loss: 0.2837, Accuracy: 88.85 %
Predictions - 1s: 511, 0s: 0
True Labels - 1s: 511, 0s: 0
Client 2 of 5: Local Epoch [1/3] Loss: 0.0006, Accuracy: 100.00 %
Predictions - 1s: 35, 0s: 191
True Labels - 1s: 56, 0s: 170
Client 5 of 5: Local Epoch [3/3] Loss: 0.3273, Accuracy: 86.28 %
Predictions - 1s: 32, 0s: 479
True Labels - 1s: 57, 0s: 454
Client 3 of 5: Local Epoch [2/3] Loss: 0.1941, Accuracy: 91.59 %
Predictions - 1s: 511, 0s: 0
True Labels - 1s: 511, 0s: 0
Client 1 of 5: Local Epoch [2/3] Loss: 0.0001, Accuracy: 100.00 %
Predictions - 1s: 28, 0s: 483
True Labels - 1s: 57, 0s: 454
Client 4 of 5: Local Epoch [2/3] Loss: 0.2044, Accuracy: 91.98 %
Predictions - 1s: 511, 0s: 0
True Labels - 1s: 511, 0s: 0
Client 2 of 5: Local Epoch [2/3] Loss: 0.0001, Accuracy: 100.00 %
Predictions - 1s: 37, 0s: 474
True Labels - 1s: 57, 0s: 454
Client 3 of 5: Local Epoch [3/3] Loss: 0.1541, Accuracy: 94.13 %
Predictions - 1s: 511, 0s: 0
True Labels - 1s: 511, 0s: 0
Client 1 of 5: Local Epoch [3/3] Loss: 0.0001, Accuracy: 100.00 %
Predictions - 1s: 38, 0s: 473
True Labels - 1s: 57, 0s: 454
Client 4 of 5: Local Epoch [3/3] Loss: 0.1728, Accuracy: 93.54 %
Predictions - 1s: 511, 0s: 0
True Labels - 1s: 511, 0s: 0
Client 2 of 5: Local Epoch [3/3] Loss: 0.0000, Accuracy: 100.00 %
-------------------------------
Round [4/4] Average Local Loss: 0.1309, Average Local Accuracy: 94.79 %
-------------------------------
-------- Validation --------
Predictions - 1s: 506, 0s: 62
True Labels - 1s: 296, 0s: 272
Round [4/4] Global Model Validation Loss: 1.2821, Validation Accuracy: 63.03 %
-------- Validation finished --------
Best model in round 1 saved with Validation Loss: 0.7352 and Validation Accuracy: 57.57 %

-------- Training finished in 5:55 --------

Test flag enabled. Testing the model

-------- Loading best model from model_path --------
Loaded model bert-small from date 21-04-2024 02:42. Trained with Federated Learning technology.
Round 1, lr: 6e-05, optimizer: AdamW
Average train accuracy: 92.48 %, Validation accuracy: 57.57 %
-------- Best model loaded --------

-------- Creating Test Dataloader --------
Test Loader: 715 total sentences. 90 batches of size 8.
-------- Test Dataloader created --------

-------- Testing --------
Predictions - 1s: 669, 0s: 46
True Labels - 1s: 369, 0s: 346
Nº of test samples: 715
Accuracy: 57.76%
Accuracy 2 : 57.76%
Precision: 76.42%
Recall: 56.37%
F1 Score: 46.93%
Classification report:
              precision    recall  f1-score   support

           0     0.9783    0.1301    0.2296       346
           1     0.5501    0.9973    0.7091       369

    accuracy                         0.5776       715
   macro avg     0.7642    0.5637    0.4693       715
weighted avg     0.7573    0.5776    0.4770       715

-------- Testing finished --------
