Current configuration:
{
    "concurrency_flag": true,
    "data_distribution": "iid",
    "dataset": "dreaddit",
    "device": "cuda",
    "dp_delta": 0.003,
    "dp_epsilon": 0,
    "eval_batch_size": 4,
    "eval_flag": true,
    "eval_size": 0.2,
    "fed_alg": "fedavg",
    "layers": 3,
    "learning_rate": 6e-05,
    "max_length": 512,
    "ml_mode": "bcfl",
    "model": "bert_small",
    "model_name": "fedavg_iid_seed7_dreaddit",
    "models_path": "/local/vpaloma/fabric-federated-learning/ablation_study/phase-4/final/data-dist/dreaddit",
    "mu": 0.5,
    "num_clients": 5,
    "num_epochs": 3,
    "num_rounds": 4,
    "optimizer": "AdamW",
    "progress_bar_flag": false,
    "save_model": true,
    "scheduler": "linear",
    "scheduler_warmup_steps": 0,
    "seed": "random",
    "test_flag": true,
    "train_batch_size": 4,
    "train_size": 0.8
}
-------- Configuration loaded --------

-------- Setting device --------
cuda device selected and available.
-------- Device set --------

-------- Setting seed --------
seed set:  867937
-------- Seed set --------

-------- Creating Model --------
-------- Model created --------

-------- Setting Trainable Layers --------
Training the last 3 layers.

Total parameters count: 28764674
Trainable parameters count: 3416066
-------- Trainable Layers set --------

-------- Creating Tokenizer --------
-------- Tokenizer created --------

-------- Creating Train and Eval Dataloaders --------
Train Loader: 2270 total sentences. 568 batches of size 4.
Eval Loader: 568 total sentences. 142 batches of size 4.
-------- Train and Eval Dataloaders created --------

-------- Training --------
Training with Blockchain-Based Federated Learning technology.
Training without differential privacy.
Federated averaging algorithm selected.
Client 0: Label 0: 213, Label 1: 241
Client 1: Label 0: 224, Label 1: 230
Client 2: Label 0: 222, Label 1: 232
Client 3: Label 0: 204, Label 1: 250
Client 4: Label 0: 227, Label 1: 227

Round 1 of 4
-------------------------------
Predictions - 1s: 245, 0s: 209
True Labels - 1s: 230, 0s: 224
Client 2 of 5: Local Epoch [1/3] Loss: 0.6085, Accuracy: 64.98 %
Predictions - 1s: 257, 0s: 197
True Labels - 1s: 232, 0s: 222
Client 3 of 5: Local Epoch [1/3] Loss: 0.5863, Accuracy: 67.62 %
Predictions - 1s: 295, 0s: 159
True Labels - 1s: 241, 0s: 213
Client 1 of 5: Local Epoch [1/3] Loss: 0.6273, Accuracy: 66.08 %
Predictions - 1s: 305, 0s: 149
True Labels - 1s: 250, 0s: 204
Client 4 of 5: Local Epoch [1/3] Loss: 0.6249, Accuracy: 63.66 %
Predictions - 1s: 259, 0s: 195
True Labels - 1s: 227, 0s: 227
Client 5 of 5: Local Epoch [1/3] Loss: 0.6381, Accuracy: 63.44 %
Predictions - 1s: 240, 0s: 214
True Labels - 1s: 230, 0s: 224
Client 2 of 5: Local Epoch [2/3] Loss: 0.4928, Accuracy: 76.21 %
Predictions - 1s: 236, 0s: 218
True Labels - 1s: 232, 0s: 222
Client 3 of 5: Local Epoch [2/3] Loss: 0.4448, Accuracy: 81.06 %
Predictions - 1s: 252, 0s: 202
True Labels - 1s: 241, 0s: 213
Client 1 of 5: Local Epoch [2/3] Loss: 0.4953, Accuracy: 78.19 %
Predictions - 1s: 260, 0s: 194
True Labels - 1s: 250, 0s: 204
Client 4 of 5: Local Epoch [2/3] Loss: 0.4746, Accuracy: 77.97 %
Predictions - 1s: 251, 0s: 203
True Labels - 1s: 227, 0s: 227
Client 5 of 5: Local Epoch [2/3] Loss: 0.5180, Accuracy: 75.77 %
Predictions - 1s: 241, 0s: 213
True Labels - 1s: 230, 0s: 224
Client 2 of 5: Local Epoch [3/3] Loss: 0.4178, Accuracy: 82.60 %
Predictions - 1s: 235, 0s: 219
True Labels - 1s: 232, 0s: 222
Client 3 of 5: Local Epoch [3/3] Loss: 0.3658, Accuracy: 84.80 %
Predictions - 1s: 251, 0s: 203
True Labels - 1s: 241, 0s: 213
Client 1 of 5: Local Epoch [3/3] Loss: 0.4502, Accuracy: 79.74 %
Predictions - 1s: 258, 0s: 196
True Labels - 1s: 250, 0s: 204
Client 4 of 5: Local Epoch [3/3] Loss: 0.4087, Accuracy: 82.38 %
Predictions - 1s: 232, 0s: 222
True Labels - 1s: 227, 0s: 227
Client 5 of 5: Local Epoch [3/3] Loss: 0.4749, Accuracy: 79.07 %
-------------------------------
Round [1/4] Average Local Loss: 0.4235, Average Local Accuracy: 81.72 %
-------------------------------
-------- Validation --------
Predictions - 1s: 366, 0s: 202
True Labels - 1s: 308, 0s: 260
Round [1/4] Global Model Validation Loss: 0.4794, Validation Accuracy: 75.00 %
-------- Validation finished --------
Updated best model in round 1 saved with Validation Loss: 0.4794 and Validation Accuracy: 75.00 %
-------------------------------

Round 2 of 4
-------------------------------
Predictions - 1s: 251, 0s: 203
True Labels - 1s: 241, 0s: 213
Client 1 of 5: Local Epoch [1/3] Loss: 0.5181, Accuracy: 74.89 %
Predictions - 1s: 241, 0s: 213
True Labels - 1s: 232, 0s: 222
Client 3 of 5: Local Epoch [1/3] Loss: 0.4534, Accuracy: 79.07 %
Predictions - 1s: 244, 0s: 210
Predictions - 1s: 242, 0s: 212
Predictions - 1s: 261, 0s: 193
True Labels - 1s: 230, 0s: 224
True Labels - 1s: 227, 0s: 227
Client 2 of 5: Local Epoch [1/3] Loss: 0.5033, Accuracy: 76.21 %
Client 5 of 5: Local Epoch [1/3] Loss: 0.5112, Accuracy: 75.99 %
True Labels - 1s: 250, 0s: 204
Client 4 of 5: Local Epoch [1/3] Loss: 0.4606, Accuracy: 76.87 %
Predictions - 1s: 262, 0s: 192
True Labels - 1s: 241, 0s: 213
Client 1 of 5: Local Epoch [2/3] Loss: 0.4379, Accuracy: 79.52 %
Predictions - 1s: 250, 0s: 204
True Labels - 1s: 232, 0s: 222
Client 3 of 5: Local Epoch [2/3] Loss: 0.3492, Accuracy: 86.34 %
Predictions - 1s: 236, 0s: 218
True Labels - 1s: 230, 0s: 224
Client 2 of 5: Local Epoch [2/3] Loss: 0.4034, Accuracy: 81.50 %
Predictions - 1s: 244, 0s: 210
True Labels - 1s: 227, 0s: 227
Client 5 of 5: Local Epoch [2/3] Loss: 0.4402, Accuracy: 81.28 %
Predictions - 1s: 259, 0s: 195
True Labels - 1s: 250, 0s: 204
Client 4 of 5: Local Epoch [2/3] Loss: 0.3801, Accuracy: 82.16 %
Predictions - 1s: 232, 0s: 222
True Labels - 1s: 241, 0s: 213
Client 1 of 5: Local Epoch [3/3] Loss: 0.3714, Accuracy: 83.48 %
Predictions - 1s: 241, 0s: 213
True Labels - 1s: 232, 0s: 222
Client 3 of 5: Local Epoch [3/3] Loss: 0.3342, Accuracy: 85.24 %
Predictions - 1s: 238, 0s: 216
True Labels - 1s: 230, 0s: 224
Client 2 of 5: Local Epoch [3/3] Loss: 0.3639, Accuracy: 84.14 %
Predictions - 1s: 236, 0s: 218
True Labels - 1s: 227, 0s: 227
Client 5 of 5: Local Epoch [3/3] Loss: 0.3919, Accuracy: 83.92 %
Predictions - 1s: 253, 0s: 201
True Labels - 1s: 250, 0s: 204
Client 4 of 5: Local Epoch [3/3] Loss: 0.3165, Accuracy: 86.12 %
-------------------------------
Round [2/4] Average Local Loss: 0.3556, Average Local Accuracy: 84.58 %
-------------------------------
-------- Validation --------
Predictions - 1s: 354, 0s: 214
True Labels - 1s: 308, 0s: 260
Round [2/4] Global Model Validation Loss: 0.4761, Validation Accuracy: 76.41 %
-------- Validation finished --------
Updated best model in round 2 saved with Validation Loss: 0.4761 and Validation Accuracy: 76.41 %
-------------------------------

Round 3 of 4
-------------------------------
Predictions - 1s: 232, 0s: 222
True Labels - 1s: 227, 0s: 227
Client 5 of 5: Local Epoch [1/3] Loss: 0.4790, Accuracy: 76.87 %
Predictions - 1s: 255, 0s: 199
True Labels - 1s: 250, 0s: 204
Client 4 of 5: Local Epoch [1/3] Loss: 0.4351, Accuracy: 79.07 %
Predictions - 1s: 243, 0s: 211
True Labels - 1s: 230, 0s: 224
Client 2 of 5: Local Epoch [1/3] Loss: 0.4446, Accuracy: 78.19 %
Predictions - 1s: 241, 0s: 213
True Labels - 1s: 232, 0s: 222
Client 3 of 5: Local Epoch [1/3] Loss: 0.4222, Accuracy: 81.28 %
Predictions - 1s: 261, 0s: 193
True Labels - 1s: 241, 0s: 213
Client 1 of 5: Local Epoch [1/3] Loss: 0.4810, Accuracy: 77.97 %
Predictions - 1s: 242, 0s: 212
True Labels - 1s: 227, 0s: 227
Client 5 of 5: Local Epoch [2/3] Loss: 0.3909, Accuracy: 81.28 %
Predictions - 1s: 256, 0s: 198
True Labels - 1s: 241, 0s: 213
Client 1 of 5: Local Epoch [2/3] Loss: 0.3929, Accuracy: 81.72 %
Predictions - 1s: 235, 0s: 219
True Labels - 1s: 230, 0s: 224
Client 2 of 5: Local Epoch [2/3] Loss: 0.3542, Accuracy: 84.36 %
Predictions - 1s: 239, 0s: 215
True Labels - 1s: 232, 0s: 222
Client 3 of 5: Local Epoch [2/3] Loss: 0.3202, Accuracy: 87.44 %
Predictions - 1s: 260, 0s: 194
True Labels - 1s: 250, 0s: 204
Client 4 of 5: Local Epoch [2/3] Loss: 0.3587, Accuracy: 85.02 %
Predictions - 1s: 231, 0s: 223
True Labels - 1s: 227, 0s: 227
Client 5 of 5: Local Epoch [3/3] Loss: 0.3537, Accuracy: 84.14 %
Predictions - 1s: 255, 0s: 199
Predictions - 1s: 245, 0s: 209
True Labels - 1s: 250, 0s: 204
True Labels - 1s: 232, 0s: 222
Client 3 of 5: Local Epoch [3/3] Loss: 0.2828, Accuracy: 88.33 %
Client 4 of 5: Local Epoch [3/3] Loss: 0.2833, Accuracy: 89.21 %
Predictions - 1s: 255, 0s: 199
Predictions - 1s: 232, 0s: 222
True Labels - 1s: 241, 0s: 213
Client 1 of 5: Local Epoch [3/3] Loss: 0.3373, Accuracy: 84.58 %
True Labels - 1s: 230, 0s: 224
Client 2 of 5: Local Epoch [3/3] Loss: 0.3288, Accuracy: 86.34 %
-------------------------------
Round [3/4] Average Local Loss: 0.3172, Average Local Accuracy: 86.52 %
-------------------------------
-------- Validation --------
Predictions - 1s: 353, 0s: 215
True Labels - 1s: 308, 0s: 260
Round [3/4] Global Model Validation Loss: 0.4794, Validation Accuracy: 76.94 %
-------- Validation finished --------

Round 4 of 4
-------------------------------
Predictions - 1s: 253, 0s: 201
True Labels - 1s: 241, 0s: 213
Client 1 of 5: Local Epoch [1/3] Loss: 0.4699, Accuracy: 78.41 %
Predictions - 1s: 244, 0s: 210
True Labels - 1s: 232, 0s: 222
Client 3 of 5: Local Epoch [1/3] Loss: 0.3937, Accuracy: 82.38 %
Predictions - 1s: 260, 0s: 194
True Labels - 1s: 250, 0s: 204
Client 4 of 5: Local Epoch [1/3] Loss: 0.4359, Accuracy: 77.09 %
Predictions - 1s: 236, 0s: 218
True Labels - 1s: 230, 0s: 224
Client 2 of 5: Local Epoch [1/3] Loss: 0.4131, Accuracy: 80.18 %
Predictions - 1s: 233, 0s: 221
True Labels - 1s: 227, 0s: 227
Client 5 of 5: Local Epoch [1/3] Loss: 0.4430, Accuracy: 79.74 %
Predictions - 1s: 261, 0s: 193
True Labels - 1s: 250, 0s: 204
Client 4 of 5: Local Epoch [2/3] Loss: 0.3298, Accuracy: 85.24 %
Predictions - 1s: 226, 0s: 228
True Labels - 1s: 227, 0s: 227
Client 5 of 5: Local Epoch [2/3] Loss: 0.3767, Accuracy: 83.04 %
Predictions - 1s: 234, 0s: 220
True Labels - 1s: 230, 0s: 224
Client 2 of 5: Local Epoch [2/3] Loss: 0.3398, Accuracy: 85.90 %
Predictions - 1s: 252, 0s: 202
True Labels - 1s: 241, 0s: 213
Client 1 of 5: Local Epoch [2/3] Loss: 0.3728, Accuracy: 81.72 %
Predictions - 1s: 243, 0s: 211
True Labels - 1s: 232, 0s: 222
Client 3 of 5: Local Epoch [2/3] Loss: 0.3003, Accuracy: 87.89 %
Predictions - 1s: 250, 0s: 204
True Labels - 1s: 241, 0s: 213
Client 1 of 5: Local Epoch [3/3] Loss: 0.3209, Accuracy: 86.56 %
Predictions - 1s: 241, 0s: 213
True Labels - 1s: 230, 0s: 224
Client 2 of 5: Local Epoch [3/3] Loss: 0.2804, Accuracy: 89.21 %
Predictions - 1s: 238, 0s: 216
True Labels - 1s: 227, 0s: 227
Client 5 of 5: Local Epoch [3/3] Loss: 0.3228, Accuracy: 86.12 %
Predictions - 1s: 240, 0s: 214
Predictions - 1s: 253, 0s: 201
True Labels - 1s: 232, 0s: 222
True Labels - 1s: 250, 0s: 204
Client 4 of 5: Local Epoch [3/3] Loss: 0.2700, Accuracy: 88.77 %
Client 3 of 5: Local Epoch [3/3] Loss: 0.2779, Accuracy: 87.67 %
-------------------------------
Round [4/4] Average Local Loss: 0.2944, Average Local Accuracy: 87.67 %
-------------------------------
-------- Validation --------
Predictions - 1s: 345, 0s: 223
True Labels - 1s: 308, 0s: 260
Round [4/4] Global Model Validation Loss: 0.4811, Validation Accuracy: 76.94 %
-------- Validation finished --------
Best model in round 2 saved with Validation Loss: 0.4761 and Validation Accuracy: 76.41 %

-------- Training finished in 6:08 --------

Test flag enabled. Testing the model

-------- Loading best model from model_path --------
Loaded model bert-small from date 21-04-2024 03:05. Trained with Federated Learning technology.
Round 2, lr: 6e-05, optimizer: AdamW
Average train accuracy: 84.58 %, Validation accuracy: 76.41 %
-------- Best model loaded --------

-------- Creating Test Dataloader --------
Test Loader: 715 total sentences. 90 batches of size 8.
-------- Test Dataloader created --------

-------- Testing --------
Predictions - 1s: 454, 0s: 261
True Labels - 1s: 369, 0s: 346
Nº of test samples: 715
Accuracy: 74.97%
Accuracy 2 : 74.97%
Precision: 76.46%
Recall: 74.56%
F1 Score: 74.38%
Classification report:
              precision    recall  f1-score   support

           0     0.8199    0.6185    0.7051       346
           1     0.7093    0.8726    0.7825       369

    accuracy                         0.7497       715
   macro avg     0.7646    0.7456    0.7438       715
weighted avg     0.7628    0.7497    0.7450       715

-------- Testing finished --------
