Current configuration:
{
    "concurrency_flag": true,
    "data_distribution": "non_iid",
    "dataset": "dreaddit",
    "device": "cuda",
    "dp_delta": 0.003,
    "dp_epsilon": 0,
    "eval_batch_size": 4,
    "eval_flag": true,
    "eval_size": 0.2,
    "fed_alg": "fedavg",
    "layers": 3,
    "learning_rate": 6e-05,
    "max_length": 512,
    "ml_mode": "bcfl",
    "model": "bert_small",
    "model_name": "fedavg_non_iid_seed5_dreaddit",
    "models_path": "/local/vpaloma/fabric-federated-learning/ablation_study/phase-4/final/data-dist/dreaddit",
    "mu": 0.5,
    "num_clients": 5,
    "num_epochs": 3,
    "num_rounds": 4,
    "optimizer": "AdamW",
    "progress_bar_flag": false,
    "save_model": true,
    "scheduler": "linear",
    "scheduler_warmup_steps": 0,
    "seed": "random",
    "test_flag": true,
    "train_batch_size": 4,
    "train_size": 0.8
}
-------- Configuration loaded --------

-------- Setting device --------
cuda device selected and available.
-------- Device set --------

-------- Setting seed --------
seed set:  131925
-------- Seed set --------

-------- Creating Model --------
-------- Model created --------

-------- Setting Trainable Layers --------
Training the last 3 layers.

Total parameters count: 28764674
Trainable parameters count: 3416066
-------- Trainable Layers set --------

-------- Creating Tokenizer --------
-------- Tokenizer created --------

-------- Creating Train and Eval Dataloaders --------
Train Loader: 2270 total sentences. 568 batches of size 4.
Eval Loader: 568 total sentences. 142 batches of size 4.
-------- Train and Eval Dataloaders created --------

-------- Training --------
Training with Blockchain-Based Federated Learning technology.
Training without differential privacy.
Federated averaging algorithm selected.
Client 0: Label 0: 0, Label 1: 513
Client 1: Label 0: 0, Label 1: 513
Client 2: Label 0: 454, Label 1: 58
Client 3: Label 0: 454, Label 1: 58
Client 4: Label 0: 162, Label 1: 58

Round 1 of 4
-------------------------------
Predictions - 1s: 0, 0s: 220
True Labels - 1s: 58, 0s: 162
Client 5 of 5: Local Epoch [1/3] Loss: 0.5785, Accuracy: 73.64 %
Predictions - 1s: 7, 0s: 213
True Labels - 1s: 58, 0s: 162
Client 5 of 5: Local Epoch [2/3] Loss: 0.4905, Accuracy: 75.00 %
Predictions - 1s: 20, 0s: 200
True Labels - 1s: 58, 0s: 162
Client 5 of 5: Local Epoch [3/3] Loss: 0.4315, Accuracy: 80.00 %
Predictions - 1s: 0, 0s: 512
True Labels - 1s: 58, 0s: 454
Client 4 of 5: Local Epoch [1/3] Loss: 0.3352, Accuracy: 88.67 %
Predictions - 1s: 0, 0s: 512
True Labels - 1s: 58, 0s: 454
Client 3 of 5: Local Epoch [1/3] Loss: 0.3483, Accuracy: 88.67 %
Predictions - 1s: 498, 0s: 15
True Labels - 1s: 513, 0s: 0
Client 2 of 5: Local Epoch [1/3] Loss: 0.0632, Accuracy: 97.08 %
Predictions - 1s: 499, 0s: 14
True Labels - 1s: 513, 0s: 0
Client 1 of 5: Local Epoch [1/3] Loss: 0.0655, Accuracy: 97.27 %
Predictions - 1s: 11, 0s: 501
True Labels - 1s: 58, 0s: 454
Client 4 of 5: Local Epoch [2/3] Loss: 0.2684, Accuracy: 89.65 %
Predictions - 1s: 5, 0s: 507
True Labels - 1s: 58, 0s: 454
Client 3 of 5: Local Epoch [2/3] Loss: 0.2806, Accuracy: 89.26 %
Predictions - 1s: 513, 0s: 0
True Labels - 1s: 513, 0s: 0
Client 2 of 5: Local Epoch [2/3] Loss: 0.0023, Accuracy: 100.00 %
Predictions - 1s: 513, 0s: 0
True Labels - 1s: 513, 0s: 0
Client 1 of 5: Local Epoch [2/3] Loss: 0.0025, Accuracy: 100.00 %
Predictions - 1s: 17, 0s: 495
True Labels - 1s: 58, 0s: 454
Client 4 of 5: Local Epoch [3/3] Loss: 0.2257, Accuracy: 90.43 %
Predictions - 1s: 11, 0s: 501
True Labels - 1s: 58, 0s: 454
Client 3 of 5: Local Epoch [3/3] Loss: 0.2373, Accuracy: 90.82 %
Predictions - 1s: 513, 0s: 0
True Labels - 1s: 513, 0s: 0
Client 2 of 5: Local Epoch [3/3] Loss: 0.0015, Accuracy: 100.00 %
Predictions - 1s: 513, 0s: 0
True Labels - 1s: 513, 0s: 0
Client 1 of 5: Local Epoch [3/3] Loss: 0.0016, Accuracy: 100.00 %
-------------------------------
Round [1/4] Average Local Loss: 0.1795, Average Local Accuracy: 92.25 %
-------------------------------
-------- Validation --------
Predictions - 1s: 543, 0s: 25
True Labels - 1s: 288, 0s: 280
Round [1/4] Global Model Validation Loss: 0.8102, Validation Accuracy: 54.75 %
-------- Validation finished --------
Updated best model in round 1 saved with Validation Loss: 0.8102 and Validation Accuracy: 54.75 %
-------------------------------

Round 2 of 4
-------------------------------
Predictions - 1s: 30, 0s: 190
True Labels - 1s: 58, 0s: 162
Client 5 of 5: Local Epoch [1/3] Loss: 0.4946, Accuracy: 75.45 %
Predictions - 1s: 36, 0s: 184
True Labels - 1s: 58, 0s: 162
Client 5 of 5: Local Epoch [2/3] Loss: 0.4039, Accuracy: 81.82 %
Predictions - 1s: 23, 0s: 489
Predictions - 1s: 13, 0s: 499
True Labels - 1s: 58, 0s: 454
True Labels - 1s: 58, 0s: 454
Client 4 of 5: Local Epoch [1/3] Loss: 0.3167, Accuracy: 87.30 %
Client 3 of 5: Local Epoch [1/3] Loss: 0.3231, Accuracy: 87.30 %
Predictions - 1s: 513, 0s: 0
True Labels - 1s: 513, 0s: 0
Client 2 of 5: Local Epoch [1/3] Loss: 0.0073, Accuracy: 100.00 %
Predictions - 1s: 513, 0s: 0
True Labels - 1s: 513, 0s: 0
Client 1 of 5: Local Epoch [1/3] Loss: 0.0055, Accuracy: 100.00 %
Predictions - 1s: 45, 0s: 175
True Labels - 1s: 58, 0s: 162
Client 5 of 5: Local Epoch [3/3] Loss: 0.3526, Accuracy: 86.82 %
Predictions - 1s: 23, 0s: 489
True Labels - 1s: 58, 0s: 454
Client 4 of 5: Local Epoch [2/3] Loss: 0.2286, Accuracy: 91.99 %
Predictions - 1s: 17, 0s: 495
True Labels - 1s: 58, 0s: 454
Client 3 of 5: Local Epoch [2/3] Loss: 0.2445, Accuracy: 90.04 %
Predictions - 1s: 513, 0s: 0
True Labels - 1s: 513, 0s: 0
Client 1 of 5: Local Epoch [2/3] Loss: 0.0004, Accuracy: 100.00 %
Predictions - 1s: 513, 0s: 0
True Labels - 1s: 513, 0s: 0
Client 2 of 5: Local Epoch [2/3] Loss: 0.0005, Accuracy: 100.00 %
Predictions - 1s: 33, 0s: 479
True Labels - 1s: 58, 0s: 454
Client 4 of 5: Local Epoch [3/3] Loss: 0.1965, Accuracy: 92.38 %
Predictions - 1s: 29, 0s: 483
True Labels - 1s: 58, 0s: 454
Client 3 of 5: Local Epoch [3/3] Loss: 0.2031, Accuracy: 92.38 %
Predictions - 1s: 513, 0s: 0
True Labels - 1s: 513, 0s: 0
Client 2 of 5: Local Epoch [3/3] Loss: 0.0004, Accuracy: 100.00 %
Predictions - 1s: 513, 0s: 0
True Labels - 1s: 513, 0s: 0
Client 1 of 5: Local Epoch [3/3] Loss: 0.0003, Accuracy: 100.00 %
-------------------------------
Round [2/4] Average Local Loss: 0.1506, Average Local Accuracy: 94.32 %
-------------------------------
-------- Validation --------
Predictions - 1s: 524, 0s: 44
True Labels - 1s: 288, 0s: 280
Round [2/4] Global Model Validation Loss: 1.1559, Validation Accuracy: 57.39 %
-------- Validation finished --------

Round 3 of 4
-------------------------------
Predictions - 1s: 48, 0s: 172
True Labels - 1s: 58, 0s: 162
Client 5 of 5: Local Epoch [1/3] Loss: 0.5366, Accuracy: 76.36 %
Predictions - 1s: 33, 0s: 187
True Labels - 1s: 58, 0s: 162
Client 5 of 5: Local Epoch [2/3] Loss: 0.3887, Accuracy: 82.27 %
Predictions - 1s: 30, 0s: 482
True Labels - 1s: 58, 0s: 454
Client 3 of 5: Local Epoch [1/3] Loss: 0.2752, Accuracy: 88.67 %
Predictions - 1s: 32, 0s: 480
True Labels - 1s: 58, 0s: 454
Client 4 of 5: Local Epoch [1/3] Loss: 0.3055, Accuracy: 87.50 %
Predictions - 1s: 513, 0s: 0
True Labels - 1s: 513, 0s: 0
Client 2 of 5: Local Epoch [1/3] Loss: 0.0013, Accuracy: 100.00 %
Predictions - 1s: 513, 0s: 0
True Labels - 1s: 513, 0s: 0
Client 1 of 5: Local Epoch [1/3] Loss: 0.0016, Accuracy: 100.00 %
Predictions - 1s: 45, 0s: 175
True Labels - 1s: 58, 0s: 162
Client 5 of 5: Local Epoch [3/3] Loss: 0.3582, Accuracy: 85.00 %
Predictions - 1s: 513, 0s: 0
True Labels - 1s: 513, 0s: 0
Client 2 of 5: Local Epoch [2/3] Loss: 0.0001, Accuracy: 100.00 %
Predictions - 1s: 24, 0s: 488
True Labels - 1s: 58, 0s: 454
Client 3 of 5: Local Epoch [2/3] Loss: 0.2118, Accuracy: 91.41 %
Predictions - 1s: 22, 0s: 490
True Labels - 1s: 58, 0s: 454
Client 4 of 5: Local Epoch [2/3] Loss: 0.2111, Accuracy: 92.58 %
Predictions - 1s: 513, 0s: 0
True Labels - 1s: 513, 0s: 0
Client 1 of 5: Local Epoch [2/3] Loss: 0.0002, Accuracy: 100.00 %
Predictions - 1s: 513, 0s: 0
True Labels - 1s: 513, 0s: 0
Client 2 of 5: Local Epoch [3/3] Loss: 0.0001, Accuracy: 100.00 %
Predictions - 1s: 513, 0s: 0
True Labels - 1s: 513, 0s: 0
Client 1 of 5: Local Epoch [3/3] Loss: 0.0001, Accuracy: 100.00 %
Predictions - 1s: 45, 0s: 467
True Labels - 1s: 58, 0s: 454
Client 4 of 5: Local Epoch [3/3] Loss: 0.1693, Accuracy: 94.34 %
Predictions - 1s: 44, 0s: 468
True Labels - 1s: 58, 0s: 454
Client 3 of 5: Local Epoch [3/3] Loss: 0.1749, Accuracy: 92.58 %
-------------------------------
Round [3/4] Average Local Loss: 0.1405, Average Local Accuracy: 94.38 %
-------------------------------
-------- Validation --------
Predictions - 1s: 519, 0s: 49
True Labels - 1s: 288, 0s: 280
Round [3/4] Global Model Validation Loss: 1.4513, Validation Accuracy: 57.92 %
-------- Validation finished --------

Round 4 of 4
-------------------------------
Predictions - 1s: 53, 0s: 167
True Labels - 1s: 58, 0s: 162
Client 5 of 5: Local Epoch [1/3] Loss: 0.5576, Accuracy: 75.91 %
Predictions - 1s: 42, 0s: 178
True Labels - 1s: 58, 0s: 162
Client 5 of 5: Local Epoch [2/3] Loss: 0.3580, Accuracy: 85.45 %
Predictions - 1s: 32, 0s: 480
True Labels - 1s: 58, 0s: 454
Client 3 of 5: Local Epoch [1/3] Loss: 0.2935, Accuracy: 88.67 %
Predictions - 1s: 35, 0s: 477
True Labels - 1s: 58, 0s: 454
Client 4 of 5: Local Epoch [1/3] Loss: 0.2835, Accuracy: 89.65 %
Predictions - 1s: 513, 0s: 0
True Labels - 1s: 513, 0s: 0
Client 2 of 5: Local Epoch [1/3] Loss: 0.0005, Accuracy: 100.00 %
Predictions - 1s: 513, 0s: 0
True Labels - 1s: 513, 0s: 0
Client 1 of 5: Local Epoch [1/3] Loss: 0.0006, Accuracy: 100.00 %
Predictions - 1s: 45, 0s: 175
True Labels - 1s: 58, 0s: 162
Client 5 of 5: Local Epoch [3/3] Loss: 0.3080, Accuracy: 88.64 %
Predictions - 1s: 28, 0s: 484
True Labels - 1s: 58, 0s: 454
Client 3 of 5: Local Epoch [2/3] Loss: 0.2026, Accuracy: 91.80 %
Predictions - 1s: 30, 0s: 482
True Labels - 1s: 58, 0s: 454
Client 4 of 5: Local Epoch [2/3] Loss: 0.1989, Accuracy: 92.58 %
Predictions - 1s: 513, 0s: 0
True Labels - 1s: 513, 0s: 0
Client 1 of 5: Local Epoch [2/3] Loss: 0.0000, Accuracy: 100.00 %
Predictions - 1s: 513, 0s: 0
True Labels - 1s: 513, 0s: 0
Client 2 of 5: Local Epoch [2/3] Loss: 0.0000, Accuracy: 100.00 %
Predictions - 1s: 37, 0s: 475
True Labels - 1s: 58, 0s: 454
Client 3 of 5: Local Epoch [3/3] Loss: 0.1594, Accuracy: 95.12 %
Predictions - 1s: 35, 0s: 477
True Labels - 1s: 58, 0s: 454
Client 4 of 5: Local Epoch [3/3] Loss: 0.1626, Accuracy: 93.95 %
Predictions - 1s: 513, 0s: 0
True Labels - 1s: 513, 0s: 0
Client 2 of 5: Local Epoch [3/3] Loss: 0.0000, Accuracy: 100.00 %
Predictions - 1s: 513, 0s: 0
True Labels - 1s: 513, 0s: 0
Client 1 of 5: Local Epoch [3/3] Loss: 0.0000, Accuracy: 100.00 %
-------------------------------
Round [4/4] Average Local Loss: 0.1260, Average Local Accuracy: 95.54 %
-------------------------------
-------- Validation --------
Predictions - 1s: 516, 0s: 52
True Labels - 1s: 288, 0s: 280
Round [4/4] Global Model Validation Loss: 1.5325, Validation Accuracy: 58.80 %
-------- Validation finished --------
Best model in round 1 saved with Validation Loss: 0.8102 and Validation Accuracy: 54.75 %

-------- Training finished in 6:03 --------

Test flag enabled. Testing the model

-------- Loading best model from model_path --------
Loaded model bert-small from date 21-04-2024 02:03. Trained with Federated Learning technology.
Round 1, lr: 6e-05, optimizer: AdamW
Average train accuracy: 92.25 %, Validation accuracy: 54.75 %
-------- Best model loaded --------

-------- Creating Test Dataloader --------
Test Loader: 715 total sentences. 90 batches of size 8.
-------- Test Dataloader created --------

-------- Testing --------
Predictions - 1s: 680, 0s: 35
True Labels - 1s: 369, 0s: 346
Nº of test samples: 715
Accuracy: 56.50%
Accuracy 2 : 56.50%
Precision: 77.13%
Recall: 55.06%
F1 Score: 44.36%
Classification report:
              precision    recall  f1-score   support

           0     1.0000    0.1012    0.1837       346
           1     0.5426    1.0000    0.7035       369

    accuracy                         0.5650       715
   macro avg     0.7713    0.5506    0.4436       715
weighted avg     0.7640    0.5650    0.4520       715

-------- Testing finished --------
