Current configuration:
{
    "concurrency_flag": true,
    "data_distribution": "iid",
    "dataset": "dreaddit",
    "device": "cuda",
    "dp_delta": 0.003,
    "dp_epsilon": 0,
    "eval_batch_size": 4,
    "eval_flag": true,
    "eval_size": 0.2,
    "fed_alg": "fedavg",
    "layers": 3,
    "learning_rate": 6e-05,
    "max_length": 512,
    "ml_mode": "bcfl",
    "model": "bert_small",
    "model_name": "fedavg_iid_seed3_dreaddit",
    "models_path": "/local/vpaloma/fabric-federated-learning/ablation_study/phase-4/final/data-dist/dreaddit",
    "mu": 0.5,
    "num_clients": 5,
    "num_epochs": 3,
    "num_rounds": 4,
    "optimizer": "AdamW",
    "progress_bar_flag": false,
    "save_model": true,
    "scheduler": "linear",
    "scheduler_warmup_steps": 0,
    "seed": "random",
    "test_flag": true,
    "train_batch_size": 4,
    "train_size": 0.8
}
-------- Configuration loaded --------

-------- Setting device --------
cuda device selected and available.
-------- Device set --------

-------- Setting seed --------
seed set:  291691
-------- Seed set --------

-------- Creating Model --------
-------- Model created --------

-------- Setting Trainable Layers --------
Training the last 3 layers.

Total parameters count: 28764674
Trainable parameters count: 3416066
-------- Trainable Layers set --------

-------- Creating Tokenizer --------
-------- Tokenizer created --------

-------- Creating Train and Eval Dataloaders --------
Train Loader: 2270 total sentences. 568 batches of size 4.
Eval Loader: 568 total sentences. 142 batches of size 4.
-------- Train and Eval Dataloaders created --------

-------- Training --------
Training with Blockchain-Based Federated Learning technology.
Training without differential privacy.
Federated averaging algorithm selected.
Client 0: Label 0: 216, Label 1: 238
Client 1: Label 0: 210, Label 1: 244
Client 2: Label 0: 208, Label 1: 246
Client 3: Label 0: 210, Label 1: 244
Client 4: Label 0: 234, Label 1: 220

Round 1 of 4
-------------------------------
Predictions - 1s: 315, 0s: 139
True Labels - 1s: 244, 0s: 210
Client 2 of 5: Local Epoch [1/3] Loss: 0.6227, Accuracy: 66.30 %
Predictions - 1s: 289, 0s: 165
True Labels - 1s: 244, 0s: 210
Client 4 of 5: Local Epoch [1/3] Loss: 0.6313, Accuracy: 62.33 %
Predictions - 1s: 223, 0s: 231
True Labels - 1s: 220, 0s: 234
Client 5 of 5: Local Epoch [1/3] Loss: 0.6248, Accuracy: 64.10 %
Predictions - 1s: 253, 0s: 201
True Labels - 1s: 238, 0s: 216
Client 1 of 5: Local Epoch [1/3] Loss: 0.6391, Accuracy: 63.66 %
Predictions - 1s: 314, 0s: 140
True Labels - 1s: 246, 0s: 208
Client 3 of 5: Local Epoch [1/3] Loss: 0.5946, Accuracy: 67.40 %
Predictions - 1s: 266, 0s: 188
True Labels - 1s: 244, 0s: 210
Client 2 of 5: Local Epoch [2/3] Loss: 0.4822, Accuracy: 77.97 %
Predictions - 1s: 264, 0s: 190
True Labels - 1s: 244, 0s: 210
Client 4 of 5: Local Epoch [2/3] Loss: 0.4905, Accuracy: 76.65 %
Predictions - 1s: 242, 0s: 212
True Labels - 1s: 220, 0s: 234
Client 5 of 5: Local Epoch [2/3] Loss: 0.5120, Accuracy: 74.45 %
Predictions - 1s: 264, 0s: 190
True Labels - 1s: 238, 0s: 216
Client 1 of 5: Local Epoch [2/3] Loss: 0.5471, Accuracy: 72.69 %
Predictions - 1s: 262, 0s: 192
True Labels - 1s: 246, 0s: 208
Client 3 of 5: Local Epoch [2/3] Loss: 0.4961, Accuracy: 77.09 %
Predictions - 1s: 254, 0s: 200
True Labels - 1s: 244, 0s: 210
Client 2 of 5: Local Epoch [3/3] Loss: 0.4140, Accuracy: 81.50 %
Predictions - 1s: 259, 0s: 195
True Labels - 1s: 244, 0s: 210
Client 4 of 5: Local Epoch [3/3] Loss: 0.4238, Accuracy: 82.16 %
Predictions - 1s: 231, 0s: 223
True Labels - 1s: 220, 0s: 234
Client 5 of 5: Local Epoch [3/3] Loss: 0.4595, Accuracy: 79.07 %
Predictions - 1s: 272, 0s: 182
True Labels - 1s: 238, 0s: 216
Client 1 of 5: Local Epoch [3/3] Loss: 0.4904, Accuracy: 77.97 %
Predictions - 1s: 254, 0s: 200
True Labels - 1s: 246, 0s: 208
Client 3 of 5: Local Epoch [3/3] Loss: 0.4363, Accuracy: 79.74 %
-------------------------------
Round [1/4] Average Local Loss: 0.4448, Average Local Accuracy: 80.09 %
-------------------------------
-------- Validation --------
Predictions - 1s: 357, 0s: 211
True Labels - 1s: 296, 0s: 272
Round [1/4] Global Model Validation Loss: 0.4748, Validation Accuracy: 78.70 %
-------- Validation finished --------
Updated best model in round 1 saved with Validation Loss: 0.4748 and Validation Accuracy: 78.70 %
-------------------------------

Round 2 of 4
-------------------------------
Predictions - 1s: 259, 0s: 195
True Labels - 1s: 244, 0s: 210
Client 2 of 5: Local Epoch [1/3] Loss: 0.4762, Accuracy: 77.75 %
Predictions - 1s: 232, 0s: 222
Predictions - 1s: 258, 0s: 196
True Labels - 1s: 220, 0s: 234
Client 5 of 5: Local Epoch [1/3] Loss: 0.5153, Accuracy: 74.45 %
Predictions - 1s: 259, 0s: 195
True Labels - 1s: 238, 0s: 216
Predictions - 1s: 264, 0s: 190
Client 1 of 5: Local Epoch [1/3] Loss: 0.5157, Accuracy: 75.77 %
True Labels - 1s: 246, 0s: 208
Client 3 of 5: Local Epoch [1/3] Loss: 0.5061, Accuracy: 75.55 %
True Labels - 1s: 244, 0s: 210
Client 4 of 5: Local Epoch [1/3] Loss: 0.4551, Accuracy: 79.74 %
Predictions - 1s: 249, 0s: 205
True Labels - 1s: 244, 0s: 210
Predictions - 1s: 236, 0s: 218
Client 4 of 5: Local Epoch [2/3] Loss: 0.3785, Accuracy: 83.48 %
True Labels - 1s: 238, 0s: 216
Client 1 of 5: Local Epoch [2/3] Loss: 0.4519, Accuracy: 79.30 %
Predictions - 1s: 211, 0s: 243
True Labels - 1s: 220, 0s: 234
Client 5 of 5: Local Epoch [2/3] Loss: 0.4474, Accuracy: 76.87 %
Predictions - 1s: 257, 0s: 197
True Labels - 1s: 246, 0s: 208
Client 3 of 5: Local Epoch [2/3] Loss: 0.4318, Accuracy: 81.28 %
Predictions - 1s: 251, 0s: 203
True Labels - 1s: 244, 0s: 210
Client 2 of 5: Local Epoch [2/3] Loss: 0.4073, Accuracy: 81.72 %
Predictions - 1s: 213, 0s: 241
True Labels - 1s: 220, 0s: 234
Client 5 of 5: Local Epoch [3/3] Loss: 0.3989, Accuracy: 82.60 %
Predictions - 1s: 257, 0s: 197
True Labels - 1s: 246, 0s: 208
Client 3 of 5: Local Epoch [3/3] Loss: 0.3916, Accuracy: 82.60 %
Predictions - 1s: 254, 0s: 200
Predictions - 1s: 256, 0s: 198
True Labels - 1s: 238, 0s: 216
Client 1 of 5: Local Epoch [3/3] Loss: 0.4184, Accuracy: 80.18 %
True Labels - 1s: 244, 0s: 210
Client 2 of 5: Local Epoch [3/3] Loss: 0.3530, Accuracy: 86.34 %
Predictions - 1s: 251, 0s: 203
True Labels - 1s: 244, 0s: 210
Client 4 of 5: Local Epoch [3/3] Loss: 0.3305, Accuracy: 86.12 %
-------------------------------
Round [2/4] Average Local Loss: 0.3785, Average Local Accuracy: 83.57 %
-------------------------------
-------- Validation --------
Predictions - 1s: 340, 0s: 228
True Labels - 1s: 296, 0s: 272
Round [2/4] Global Model Validation Loss: 0.4462, Validation Accuracy: 79.58 %
-------- Validation finished --------
Updated best model in round 2 saved with Validation Loss: 0.4462 and Validation Accuracy: 79.58 %
-------------------------------

Round 3 of 4
-------------------------------
Predictions - 1s: 255, 0s: 199
Predictions - 1s: 235, 0s: 219
True Labels - 1s: 246, 0s: 208
True Labels - 1s: 238, 0s: 216
Client 3 of 5: Local Epoch [1/3] Loss: 0.4517, Accuracy: 75.99 %
Client 1 of 5: Local Epoch [1/3] Loss: 0.4959, Accuracy: 74.23 %
Predictions - 1s: 251, 0s: 203
Predictions - 1s: 251, 0s: 203
True Labels - 1s: 244, 0s: 210
True Labels - 1s: 244, 0s: 210
Client 4 of 5: Local Epoch [1/3] Loss: 0.4334, Accuracy: 80.40 %
Client 2 of 5: Local Epoch [1/3] Loss: 0.4243, Accuracy: 81.28 %
Predictions - 1s: 226, 0s: 228
True Labels - 1s: 220, 0s: 234
Client 5 of 5: Local Epoch [1/3] Loss: 0.4655, Accuracy: 76.21 %
Predictions - 1s: 221, 0s: 233
True Labels - 1s: 220, 0s: 234
Client 5 of 5: Local Epoch [2/3] Loss: 0.4027, Accuracy: 81.28 %
Predictions - 1s: 251, 0s: 203
True Labels - 1s: 246, 0s: 208
Client 3 of 5: Local Epoch [2/3] Loss: 0.3813, Accuracy: 82.60 %
Predictions - 1s: 245, 0s: 209
True Labels - 1s: 244, 0s: 210
Client 2 of 5: Local Epoch [2/3] Loss: 0.3516, Accuracy: 84.80 %
Predictions - 1s: 255, 0s: 199
True Labels - 1s: 244, 0s: 210
Client 4 of 5: Local Epoch [2/3] Loss: 0.3496, Accuracy: 83.92 %
Predictions - 1s: 252, 0s: 202
True Labels - 1s: 238, 0s: 216
Client 1 of 5: Local Epoch [2/3] Loss: 0.4107, Accuracy: 82.38 %
Predictions - 1s: 230, 0s: 224
True Labels - 1s: 220, 0s: 234
Client 5 of 5: Local Epoch [3/3] Loss: 0.3617, Accuracy: 84.14 %
Predictions - 1s: 232, 0s: 222
True Labels - 1s: 238, 0s: 216
Client 1 of 5: Local Epoch [3/3] Loss: 0.3764, Accuracy: 83.70 %
Predictions - 1s: 246, 0s: 208
True Labels - 1s: 244, 0s: 210
Client 4 of 5: Local Epoch [3/3] Loss: 0.3162, Accuracy: 87.67 %
Predictions - 1s: 245, 0s: 209
True Labels - 1s: 244, 0s: 210
Client 2 of 5: Local Epoch [3/3] Loss: 0.2871, Accuracy: 88.33 %
Predictions - 1s: 253, 0s: 201
True Labels - 1s: 246, 0s: 208
Client 3 of 5: Local Epoch [3/3] Loss: 0.3453, Accuracy: 83.92 %
-------------------------------
Round [3/4] Average Local Loss: 0.3374, Average Local Accuracy: 85.55 %
-------------------------------
-------- Validation --------
Predictions - 1s: 335, 0s: 233
True Labels - 1s: 296, 0s: 272
Round [3/4] Global Model Validation Loss: 0.4384, Validation Accuracy: 80.11 %
-------- Validation finished --------
Updated best model in round 3 saved with Validation Loss: 0.4384 and Validation Accuracy: 80.11 %
-------------------------------

Round 4 of 4
-------------------------------
Predictions - 1s: 252, 0s: 202
Predictions - 1s: 249, 0s: 205
True Labels - 1s: 238, 0s: 216
True Labels - 1s: 244, 0s: 210
Client 1 of 5: Local Epoch [1/3] Loss: 0.4671, Accuracy: 77.09 %
Client 2 of 5: Local Epoch [1/3] Loss: 0.4044, Accuracy: 81.28 %
Predictions - 1s: 256, 0s: 198
True Labels - 1s: 244, 0s: 210
Client 4 of 5: Local Epoch [1/3] Loss: 0.4184, Accuracy: 80.62 %
Predictions - 1s: 230, 0s: 224
True Labels - 1s: 220, 0s: 234
Client 5 of 5: Local Epoch [1/3] Loss: 0.4414, Accuracy: 79.30 %
Predictions - 1s: 260, 0s: 194
True Labels - 1s: 246, 0s: 208
Client 3 of 5: Local Epoch [1/3] Loss: 0.4516, Accuracy: 77.97 %
Predictions - 1s: 223, 0s: 231
True Labels - 1s: 220, 0s: 234
Client 5 of 5: Local Epoch [2/3] Loss: 0.3732, Accuracy: 83.04 %
Predictions - 1s: 255, 0s: 199
Predictions - 1s: 244, 0s: 210
True Labels - 1s: 244, 0s: 210
Predictions - 1s: 245, 0s: 209
True Labels - 1s: 238, 0s: 216
Client 1 of 5: Local Epoch [2/3] Loss: 0.3992, Accuracy: 81.06 %
True Labels - 1s: 244, 0s: 210
Client 2 of 5: Local Epoch [2/3] Loss: 0.3161, Accuracy: 86.56 %
Predictions - 1s: 258, 0s: 196
Client 4 of 5: Local Epoch [2/3] Loss: 0.3341, Accuracy: 85.24 %
True Labels - 1s: 246, 0s: 208
Client 3 of 5: Local Epoch [2/3] Loss: 0.3600, Accuracy: 85.02 %
Predictions - 1s: 237, 0s: 217
True Labels - 1s: 220, 0s: 234
Client 5 of 5: Local Epoch [3/3] Loss: 0.3338, Accuracy: 85.24 %
Predictions - 1s: 258, 0s: 196
True Labels - 1s: 246, 0s: 208
Client 3 of 5: Local Epoch [3/3] Loss: 0.3141, Accuracy: 86.78 %
Predictions - 1s: 246, 0s: 208
True Labels - 1s: 244, 0s: 210
Client 4 of 5: Local Epoch [3/3] Loss: 0.2862, Accuracy: 88.99 %
Predictions - 1s: 247, 0s: 207
True Labels - 1s: 238, 0s: 216
Client 1 of 5: Local Epoch [3/3] Loss: 0.3330, Accuracy: 87.44 %
Predictions - 1s: 244, 0s: 210
True Labels - 1s: 244, 0s: 210
Client 2 of 5: Local Epoch [3/3] Loss: 0.2812, Accuracy: 88.99 %
-------------------------------
Round [4/4] Average Local Loss: 0.3097, Average Local Accuracy: 87.49 %
-------------------------------
-------- Validation --------
Predictions - 1s: 332, 0s: 236
True Labels - 1s: 296, 0s: 272
Round [4/4] Global Model Validation Loss: 0.4348, Validation Accuracy: 81.69 %
-------- Validation finished --------
Updated best model in round 4 saved with Validation Loss: 0.4348 and Validation Accuracy: 81.69 %
-------------------------------
Best model in round 4 saved with Validation Loss: 0.4348 and Validation Accuracy: 81.69 %

-------- Training finished in 6:21 --------

Test flag enabled. Testing the model

-------- Loading best model from model_path --------
Loaded model bert-small from date 21-04-2024 02:18. Trained with Federated Learning technology.
Round 4, lr: 6e-05, optimizer: AdamW
Average train accuracy: 87.49 %, Validation accuracy: 81.69 %
-------- Best model loaded --------

-------- Creating Test Dataloader --------
Test Loader: 715 total sentences. 90 batches of size 8.
-------- Test Dataloader created --------

-------- Testing --------
Predictions - 1s: 433, 0s: 282
True Labels - 1s: 369, 0s: 346
Nº of test samples: 715
Accuracy: 76.22%
Accuracy 2 : 76.22%
Precision: 77.09%
Recall: 75.91%
F1 Score: 75.87%
Classification report:
              precision    recall  f1-score   support

           0     0.8121    0.6618    0.7293       346
           1     0.7298    0.8564    0.7880       369

    accuracy                         0.7622       715
   macro avg     0.7709    0.7591    0.7587       715
weighted avg     0.7696    0.7622    0.7596       715

-------- Testing finished --------
