Current configuration:
{
    "concurrency_flag": true,
    "data_distribution": "iid",
    "dataset": "dreaddit",
    "device": "cuda",
    "dp_delta": 0.003,
    "dp_epsilon": 0,
    "eval_batch_size": 4,
    "eval_flag": true,
    "eval_size": 0.2,
    "fed_alg": "fedavg",
    "layers": 3,
    "learning_rate": 6e-05,
    "max_length": 512,
    "ml_mode": "bcfl",
    "model": "bert_small",
    "model_name": "fedavg_iid_seed10_dreaddit",
    "models_path": "/local/vpaloma/fabric-federated-learning/ablation_study/phase-4/final/data-dist/dreaddit",
    "mu": 0.5,
    "num_clients": 5,
    "num_epochs": 3,
    "num_rounds": 4,
    "optimizer": "AdamW",
    "progress_bar_flag": false,
    "save_model": true,
    "scheduler": "linear",
    "scheduler_warmup_steps": 0,
    "seed": "random",
    "test_flag": true,
    "train_batch_size": 4,
    "train_size": 0.8
}
-------- Configuration loaded --------

-------- Setting device --------
cuda device selected and available.
-------- Device set --------

-------- Setting seed --------
seed set:  118514
-------- Seed set --------

-------- Creating Model --------
-------- Model created --------

-------- Setting Trainable Layers --------
Training the last 3 layers.

Total parameters count: 28764674
Trainable parameters count: 3416066
-------- Trainable Layers set --------

-------- Creating Tokenizer --------
-------- Tokenizer created --------

-------- Creating Train and Eval Dataloaders --------
Train Loader: 2270 total sentences. 568 batches of size 4.
Eval Loader: 568 total sentences. 142 batches of size 4.
-------- Train and Eval Dataloaders created --------

-------- Training --------
Training with Blockchain-Based Federated Learning technology.
Training without differential privacy.
Federated averaging algorithm selected.
Client 0: Label 0: 211, Label 1: 243
Client 1: Label 0: 215, Label 1: 239
Client 2: Label 0: 225, Label 1: 229
Client 3: Label 0: 205, Label 1: 249
Client 4: Label 0: 216, Label 1: 238

Round 1 of 4
-------------------------------
Predictions - 1s: 261, 0s: 193
True Labels - 1s: 239, 0s: 215
Client 2 of 5: Local Epoch [1/3] Loss: 0.6225, Accuracy: 62.56 %
Predictions - 1s: 287, 0s: 167
True Labels - 1s: 243, 0s: 211
Client 1 of 5: Local Epoch [1/3] Loss: 0.5927, Accuracy: 68.28 %
Predictions - 1s: 232, 0s: 222
True Labels - 1s: 229, 0s: 225
Client 3 of 5: Local Epoch [1/3] Loss: 0.6361, Accuracy: 63.66 %
Predictions - 1s: 258, 0s: 196
Predictions - 1s: 317, 0s: 137
True Labels - 1s: 238, 0s: 216
True Labels - 1s: 249, 0s: 205
Client 5 of 5: Local Epoch [1/3] Loss: 0.6027, Accuracy: 67.84 %
Client 4 of 5: Local Epoch [1/3] Loss: 0.6211, Accuracy: 64.32 %
Predictions - 1s: 249, 0s: 205
True Labels - 1s: 239, 0s: 215
Client 2 of 5: Local Epoch [2/3] Loss: 0.4887, Accuracy: 78.41 %
Predictions - 1s: 245, 0s: 209
True Labels - 1s: 239, 0s: 215
Client 2 of 5: Local Epoch [3/3] Loss: 0.4264, Accuracy: 79.74 %
Predictions - 1s: 238, 0s: 216
True Labels - 1s: 229, 0s: 225
Client 3 of 5: Local Epoch [2/3] Loss: 0.5097, Accuracy: 75.99 %
Predictions - 1s: 260, 0s: 194
True Labels - 1s: 238, 0s: 216
Client 5 of 5: Local Epoch [2/3] Loss: 0.4811, Accuracy: 77.97 %
Predictions - 1s: 267, 0s: 187
True Labels - 1s: 249, 0s: 205
Client 4 of 5: Local Epoch [2/3] Loss: 0.4859, Accuracy: 77.97 %
Predictions - 1s: 258, 0s: 196
True Labels - 1s: 243, 0s: 211
Client 1 of 5: Local Epoch [2/3] Loss: 0.4678, Accuracy: 79.52 %
Predictions - 1s: 247, 0s: 207
True Labels - 1s: 249, 0s: 205
Client 4 of 5: Local Epoch [3/3] Loss: 0.4114, Accuracy: 83.26 %
Predictions - 1s: 252, 0s: 202
True Labels - 1s: 238, 0s: 216
Client 5 of 5: Local Epoch [3/3] Loss: 0.4307, Accuracy: 78.85 %
Predictions - 1s: 244, 0s: 210
True Labels - 1s: 229, 0s: 225
Client 3 of 5: Local Epoch [3/3] Loss: 0.4500, Accuracy: 79.96 %
Predictions - 1s: 246, 0s: 208
True Labels - 1s: 243, 0s: 211
Client 1 of 5: Local Epoch [3/3] Loss: 0.4295, Accuracy: 82.16 %
-------------------------------
Round [1/4] Average Local Loss: 0.4296, Average Local Accuracy: 80.79 %
-------------------------------
-------- Validation --------
Predictions - 1s: 343, 0s: 225
True Labels - 1s: 290, 0s: 278
Round [1/4] Global Model Validation Loss: 0.4767, Validation Accuracy: 76.94 %
-------- Validation finished --------
Updated best model in round 1 saved with Validation Loss: 0.4767 and Validation Accuracy: 76.94 %
-------------------------------

Round 2 of 4
-------------------------------
Predictions - 1s: 247, 0s: 207
Predictions - 1s: 255, 0s: 199
True Labels - 1s: 239, 0s: 215
True Labels - 1s: 249, 0s: 205
Client 2 of 5: Local Epoch [1/3] Loss: 0.4896, Accuracy: 76.21 %
Client 4 of 5: Local Epoch [1/3] Loss: 0.4752, Accuracy: 77.97 %
Predictions - 1s: 259, 0s: 195
True Labels - 1s: 243, 0s: 211
Client 1 of 5: Local Epoch [1/3] Loss: 0.4697, Accuracy: 76.65 %
Predictions - 1s: 232, 0s: 222
Predictions - 1s: 253, 0s: 201
True Labels - 1s: 229, 0s: 225
Client 3 of 5: Local Epoch [1/3] Loss: 0.5030, Accuracy: 73.35 %
True Labels - 1s: 238, 0s: 216
Client 5 of 5: Local Epoch [1/3] Loss: 0.5014, Accuracy: 76.87 %
Predictions - 1s: 255, 0s: 199
True Labels - 1s: 243, 0s: 211
Client 1 of 5: Local Epoch [2/3] Loss: 0.4055, Accuracy: 81.06 %
Predictions - 1s: 242, 0s: 212
True Labels - 1s: 229, 0s: 225
Client 3 of 5: Local Epoch [2/3] Loss: 0.4518, Accuracy: 78.19 %
Predictions - 1s: 239, 0s: 215
Predictions - 1s: 255, 0s: 199
True Labels - 1s: 239, 0s: 215
True Labels - 1s: 249, 0s: 205
Client 2 of 5: Local Epoch [2/3] Loss: 0.4319, Accuracy: 78.41 %
Predictions - 1s: 244, 0s: 210
Client 4 of 5: Local Epoch [2/3] Loss: 0.4199, Accuracy: 80.18 %
True Labels - 1s: 238, 0s: 216
Client 5 of 5: Local Epoch [2/3] Loss: 0.4074, Accuracy: 81.50 %
Predictions - 1s: 265, 0s: 189
True Labels - 1s: 243, 0s: 211
Client 1 of 5: Local Epoch [3/3] Loss: 0.3597, Accuracy: 85.46 %
Predictions - 1s: 236, 0s: 218
True Labels - 1s: 229, 0s: 225
Client 3 of 5: Local Epoch [3/3] Loss: 0.3809, Accuracy: 83.92 %
Predictions - 1s: 245, 0s: 209
Predictions - 1s: 245, 0s: 209
True Labels - 1s: 239, 0s: 215
Client 2 of 5: Local Epoch [3/3] Loss: 0.3616, Accuracy: 83.70 %
Predictions - 1s: 256, 0s: 198
True Labels - 1s: 238, 0s: 216
True Labels - 1s: 249, 0s: 205
Client 4 of 5: Local Epoch [3/3] Loss: 0.3607, Accuracy: 82.16 %
Client 5 of 5: Local Epoch [3/3] Loss: 0.3676, Accuracy: 83.48 %
-------------------------------
Round [2/4] Average Local Loss: 0.3661, Average Local Accuracy: 83.74 %
-------------------------------
-------- Validation --------
Predictions - 1s: 337, 0s: 231
True Labels - 1s: 290, 0s: 278
Round [2/4] Global Model Validation Loss: 0.4596, Validation Accuracy: 77.99 %
-------- Validation finished --------
Updated best model in round 2 saved with Validation Loss: 0.4596 and Validation Accuracy: 77.99 %
-------------------------------

Round 3 of 4
-------------------------------
Predictions - 1s: 254, 0s: 200
True Labels - 1s: 243, 0s: 211
Client 1 of 5: Local Epoch [1/3] Loss: 0.4574, Accuracy: 79.07 %
Predictions - 1s: 249, 0s: 205
True Labels - 1s: 249, 0s: 205
Client 4 of 5: Local Epoch [1/3] Loss: 0.4392, Accuracy: 78.85 %
Predictions - 1s: 241, 0s: 213
True Labels - 1s: 239, 0s: 215
Client 2 of 5: Local Epoch [1/3] Loss: 0.4678, Accuracy: 80.18 %
Predictions - 1s: 247, 0s: 207
True Labels - 1s: 238, 0s: 216
Client 5 of 5: Local Epoch [1/3] Loss: 0.4758, Accuracy: 75.99 %
Predictions - 1s: 235, 0s: 219
True Labels - 1s: 229, 0s: 225
Client 3 of 5: Local Epoch [1/3] Loss: 0.4696, Accuracy: 77.53 %
Predictions - 1s: 226, 0s: 228
True Labels - 1s: 229, 0s: 225
Client 3 of 5: Local Epoch [2/3] Loss: 0.3784, Accuracy: 83.48 %
Predictions - 1s: 245, 0s: 209
True Labels - 1s: 239, 0s: 215
Client 2 of 5: Local Epoch [2/3] Loss: 0.3827, Accuracy: 84.14 %
Predictions - 1s: 252, 0s: 202
True Labels - 1s: 243, 0s: 211
Client 1 of 5: Local Epoch [2/3] Loss: 0.3646, Accuracy: 84.80 %
Predictions - 1s: 262, 0s: 192
True Labels - 1s: 249, 0s: 205
Client 4 of 5: Local Epoch [2/3] Loss: 0.3765, Accuracy: 81.72 %
Predictions - 1s: 249, 0s: 205
True Labels - 1s: 238, 0s: 216
Client 5 of 5: Local Epoch [2/3] Loss: 0.3622, Accuracy: 83.92 %
Predictions - 1s: 239, 0s: 215
True Labels - 1s: 239, 0s: 215
Client 2 of 5: Local Epoch [3/3] Loss: 0.3428, Accuracy: 86.34 %
Predictions - 1s: 233, 0s: 221
Predictions - 1s: 245, 0s: 209
Predictions - 1s: 251, 0s: 203
True Labels - 1s: 229, 0s: 225
True Labels - 1s: 238, 0s: 216
Client 3 of 5: Local Epoch [3/3] Loss: 0.3338, Accuracy: 85.90 %
Client 5 of 5: Local Epoch [3/3] Loss: 0.3236, Accuracy: 85.68 %
Predictions - 1s: 252, 0s: 202
True Labels - 1s: 249, 0s: 205
Client 4 of 5: Local Epoch [3/3] Loss: 0.3241, Accuracy: 86.56 %
True Labels - 1s: 243, 0s: 211
Client 1 of 5: Local Epoch [3/3] Loss: 0.3199, Accuracy: 87.22 %
-------------------------------
Round [3/4] Average Local Loss: 0.3288, Average Local Accuracy: 86.34 %
-------------------------------
-------- Validation --------
Predictions - 1s: 337, 0s: 231
True Labels - 1s: 290, 0s: 278
Round [3/4] Global Model Validation Loss: 0.4581, Validation Accuracy: 79.75 %
-------- Validation finished --------
Updated best model in round 3 saved with Validation Loss: 0.4581 and Validation Accuracy: 79.75 %
-------------------------------

Round 4 of 4
-------------------------------
Predictions - 1s: 231, 0s: 223
True Labels - 1s: 229, 0s: 225
Client 3 of 5: Local Epoch [1/3] Loss: 0.4487, Accuracy: 77.97 %
Predictions - 1s: 230, 0s: 224
True Labels - 1s: 239, 0s: 215
Client 2 of 5: Local Epoch [1/3] Loss: 0.4388, Accuracy: 79.07 %
Predictions - 1s: 259, 0s: 195
True Labels - 1s: 243, 0s: 211
Client 1 of 5: Local Epoch [1/3] Loss: 0.4332, Accuracy: 78.41 %
Predictions - 1s: 252, 0s: 202
True Labels - 1s: 238, 0s: 216
Client 5 of 5: Local Epoch [1/3] Loss: 0.4163, Accuracy: 80.18 %
Predictions - 1s: 256, 0s: 198
True Labels - 1s: 249, 0s: 205
Client 4 of 5: Local Epoch [1/3] Loss: 0.3827, Accuracy: 82.60 %
Predictions - 1s: 239, 0s: 215
True Labels - 1s: 229, 0s: 225
Client 3 of 5: Local Epoch [2/3] Loss: 0.3653, Accuracy: 82.82 %
Predictions - 1s: 247, 0s: 207
True Labels - 1s: 239, 0s: 215
Client 2 of 5: Local Epoch [2/3] Loss: 0.3634, Accuracy: 84.14 %
Predictions - 1s: 254, 0s: 200
True Labels - 1s: 243, 0s: 211
Client 1 of 5: Local Epoch [2/3] Loss: 0.3519, Accuracy: 83.48 %
Predictions - 1s: 246, 0s: 208
True Labels - 1s: 238, 0s: 216
Client 5 of 5: Local Epoch [2/3] Loss: 0.3521, Accuracy: 84.14 %
Predictions - 1s: 263, 0s: 191
True Labels - 1s: 249, 0s: 205
Client 4 of 5: Local Epoch [2/3] Loss: 0.3410, Accuracy: 84.14 %
Predictions - 1s: 223, 0s: 231
True Labels - 1s: 229, 0s: 225
Client 3 of 5: Local Epoch [3/3] Loss: 0.2935, Accuracy: 88.11 %
Predictions - 1s: 232, 0s: 222
True Labels - 1s: 239, 0s: 215
Client 2 of 5: Local Epoch [3/3] Loss: 0.3092, Accuracy: 87.89 %
Predictions - 1s: 255, 0s: 199
True Labels - 1s: 243, 0s: 211
Client 1 of 5: Local Epoch [3/3] Loss: 0.3158, Accuracy: 85.02 %
Predictions - 1s: 240, 0s: 214
True Labels - 1s: 238, 0s: 216
Client 5 of 5: Local Epoch [3/3] Loss: 0.2914, Accuracy: 86.78 %
Predictions - 1s: 255, 0s: 199
True Labels - 1s: 249, 0s: 205
Client 4 of 5: Local Epoch [3/3] Loss: 0.2770, Accuracy: 87.22 %
-------------------------------
Round [4/4] Average Local Loss: 0.2974, Average Local Accuracy: 87.00 %
-------------------------------
-------- Validation --------
Predictions - 1s: 331, 0s: 237
True Labels - 1s: 290, 0s: 278
Round [4/4] Global Model Validation Loss: 0.4590, Validation Accuracy: 80.11 %
-------- Validation finished --------
Best model in round 3 saved with Validation Loss: 0.4581 and Validation Accuracy: 79.75 %

-------- Training finished in 6:13 --------

Test flag enabled. Testing the model

-------- Loading best model from model_path --------
Loaded model bert-small from date 21-04-2024 02:26. Trained with Federated Learning technology.
Round 3, lr: 6e-05, optimizer: AdamW
Average train accuracy: 86.34 %, Validation accuracy: 79.75 %
-------- Best model loaded --------

-------- Creating Test Dataloader --------
Test Loader: 715 total sentences. 90 batches of size 8.
-------- Test Dataloader created --------

-------- Testing --------
Predictions - 1s: 447, 0s: 268
True Labels - 1s: 369, 0s: 346
Nº of test samples: 715
Accuracy: 75.10%
Accuracy 2 : 75.10%
Precision: 76.35%
Recall: 74.73%
F1 Score: 74.60%
Classification report:
              precision    recall  f1-score   support

           0     0.8134    0.6301    0.7101       346
           1     0.7136    0.8645    0.7819       369

    accuracy                         0.7510       715
   macro avg     0.7635    0.7473    0.7460       715
weighted avg     0.7619    0.7510    0.7471       715

-------- Testing finished --------
