Current configuration:
{
    "concurrency_flag": true,
    "data_distribution": "non_iid",
    "dataset": "dreaddit",
    "device": "cuda",
    "dp_delta": 0.003,
    "dp_epsilon": 0,
    "eval_batch_size": 4,
    "eval_flag": true,
    "eval_size": 0.2,
    "fed_alg": "fedprox",
    "layers": 3,
    "learning_rate": 6e-05,
    "max_length": 512,
    "ml_mode": "bcfl",
    "model": "bert_small",
    "model_name": "fedprox_non_iid_seed7_dreaddit",
    "models_path": "/local/vpaloma/fabric-federated-learning/ablation_study/phase-4/final/data-dist/dreaddit",
    "mu": 0.5,
    "num_clients": 5,
    "num_epochs": 3,
    "num_rounds": 4,
    "optimizer": "AdamW",
    "progress_bar_flag": false,
    "save_model": true,
    "scheduler": "linear",
    "scheduler_warmup_steps": 0,
    "seed": "random",
    "test_flag": true,
    "train_batch_size": 4,
    "train_size": 0.8
}
-------- Configuration loaded --------

-------- Setting device --------
cuda device selected and available.
-------- Device set --------

-------- Setting seed --------
seed set:  858172
-------- Seed set --------

-------- Creating Model --------
-------- Model created --------

-------- Setting Trainable Layers --------
Training the last 3 layers.

Total parameters count: 28764674
Trainable parameters count: 3416066
-------- Trainable Layers set --------

-------- Creating Tokenizer --------
-------- Tokenizer created --------

-------- Creating Train and Eval Dataloaders --------
Train Loader: 2270 total sentences. 568 batches of size 4.
Eval Loader: 568 total sentences. 142 batches of size 4.
-------- Train and Eval Dataloaders created --------

-------- Training --------
Training with Blockchain-Based Federated Learning technology.
Training without differential privacy.
Federated proximal algorithm selected.
Using mu value of 0.5.
Client 0: Label 0: 0, Label 1: 512
Client 1: Label 0: 0, Label 1: 512
Client 2: Label 0: 454, Label 1: 58
Client 3: Label 0: 454, Label 1: 57
Client 4: Label 0: 166, Label 1: 57

Round 1 of 4
-------------------------------
Predictions - 1s: 4, 0s: 219
True Labels - 1s: 57, 0s: 166
Client 5 of 5: Local Epoch [1/3] Loss: 0.5987, Accuracy: 74.44 %
Predictions - 1s: 10, 0s: 213
True Labels - 1s: 57, 0s: 166
Client 5 of 5: Local Epoch [2/3] Loss: 0.5279, Accuracy: 77.13 %
Predictions - 1s: 1, 0s: 510
True Labels - 1s: 57, 0s: 454
Client 4 of 5: Local Epoch [1/3] Loss: 0.3809, Accuracy: 88.65 %
Predictions - 1s: 505, 0s: 7
Predictions - 1s: 0, 0s: 512
True Labels - 1s: 512, 0s: 0
True Labels - 1s: 58, 0s: 454
Client 1 of 5: Local Epoch [1/3] Loss: 0.1165, Accuracy: 98.63 %
Client 3 of 5: Local Epoch [1/3] Loss: 0.3999, Accuracy: 88.67 %
Predictions - 1s: 504, 0s: 8
True Labels - 1s: 512, 0s: 0
Client 2 of 5: Local Epoch [1/3] Loss: 0.1185, Accuracy: 98.44 %
Predictions - 1s: 8, 0s: 215
True Labels - 1s: 57, 0s: 166
Client 5 of 5: Local Epoch [3/3] Loss: 0.5071, Accuracy: 78.03 %
Predictions - 1s: 1, 0s: 510
True Labels - 1s: 57, 0s: 454
Client 4 of 5: Local Epoch [2/3] Loss: 0.3392, Accuracy: 89.04 %
Predictions - 1s: 512, 0s: 0
True Labels - 1s: 512, 0s: 0
Client 1 of 5: Local Epoch [2/3] Loss: 0.0510, Accuracy: 100.00 %
Predictions - 1s: 0, 0s: 512
True Labels - 1s: 58, 0s: 454
Client 3 of 5: Local Epoch [2/3] Loss: 0.3611, Accuracy: 88.67 %
Predictions - 1s: 512, 0s: 0
True Labels - 1s: 512, 0s: 0
Client 2 of 5: Local Epoch [2/3] Loss: 0.0516, Accuracy: 100.00 %
Predictions - 1s: 0, 0s: 511
True Labels - 1s: 57, 0s: 454
Client 4 of 5: Local Epoch [3/3] Loss: 0.3260, Accuracy: 88.85 %
Predictions - 1s: 512, 0s: 0
True Labels - 1s: 512, 0s: 0
Client 2 of 5: Local Epoch [3/3] Loss: 0.0431, Accuracy: 100.00 %
Predictions - 1s: 0, 0s: 512
True Labels - 1s: 58, 0s: 454
Client 3 of 5: Local Epoch [3/3] Loss: 0.3449, Accuracy: 88.67 %
Predictions - 1s: 512, 0s: 0
True Labels - 1s: 512, 0s: 0
Client 1 of 5: Local Epoch [3/3] Loss: 0.0431, Accuracy: 100.00 %
-------------------------------
Round [1/4] Average Local Loss: 0.2528, Average Local Accuracy: 91.11 %
-------------------------------
-------- Validation --------
Predictions - 1s: 509, 0s: 59
True Labels - 1s: 292, 0s: 276
Round [1/4] Global Model Validation Loss: 0.6331, Validation Accuracy: 60.04 %
-------- Validation finished --------
Updated best model in round 1 saved with Validation Loss: 0.6331 and Validation Accuracy: 60.04 %
-------------------------------

Round 2 of 4
-------------------------------
Predictions - 1s: 23, 0s: 200
True Labels - 1s: 57, 0s: 166
Client 5 of 5: Local Epoch [1/3] Loss: 0.5444, Accuracy: 75.78 %
Predictions - 1s: 22, 0s: 201
True Labels - 1s: 57, 0s: 166
Client 5 of 5: Local Epoch [2/3] Loss: 0.4829, Accuracy: 82.51 %
Predictions - 1s: 4, 0s: 507
True Labels - 1s: 57, 0s: 454
Client 4 of 5: Local Epoch [1/3] Loss: 0.3794, Accuracy: 88.06 %
Predictions - 1s: 10, 0s: 502
True Labels - 1s: 58, 0s: 454
Client 3 of 5: Local Epoch [1/3] Loss: 0.3700, Accuracy: 87.11 %
Predictions - 1s: 512, 0s: 0
True Labels - 1s: 512, 0s: 0
Client 1 of 5: Local Epoch [1/3] Loss: 0.0576, Accuracy: 100.00 %
Predictions - 1s: 511, 0s: 1
True Labels - 1s: 512, 0s: 0
Client 2 of 5: Local Epoch [1/3] Loss: 0.0625, Accuracy: 99.80 %
Predictions - 1s: 24, 0s: 199
True Labels - 1s: 57, 0s: 166
Client 5 of 5: Local Epoch [3/3] Loss: 0.4522, Accuracy: 83.41 %
Predictions - 1s: 4, 0s: 507
True Labels - 1s: 57, 0s: 454
Client 4 of 5: Local Epoch [2/3] Loss: 0.3200, Accuracy: 89.24 %
Predictions - 1s: 512, 0s: 0
True Labels - 1s: 512, 0s: 0
Client 1 of 5: Local Epoch [2/3] Loss: 0.0268, Accuracy: 100.00 %
Predictions - 1s: 3, 0s: 509
True Labels - 1s: 58, 0s: 454
Client 3 of 5: Local Epoch [2/3] Loss: 0.3516, Accuracy: 88.48 %
Predictions - 1s: 512, 0s: 0
True Labels - 1s: 512, 0s: 0
Client 2 of 5: Local Epoch [2/3] Loss: 0.0289, Accuracy: 100.00 %
Predictions - 1s: 4, 0s: 507
True Labels - 1s: 57, 0s: 454
Client 4 of 5: Local Epoch [3/3] Loss: 0.3103, Accuracy: 89.24 %
Predictions - 1s: 512, 0s: 0
True Labels - 1s: 512, 0s: 0
Client 2 of 5: Local Epoch [3/3] Loss: 0.0245, Accuracy: 100.00 %
Predictions - 1s: 512, 0s: 0
True Labels - 1s: 512, 0s: 0
Client 1 of 5: Local Epoch [3/3] Loss: 0.0226, Accuracy: 100.00 %
Predictions - 1s: 1, 0s: 511
True Labels - 1s: 58, 0s: 454
Client 3 of 5: Local Epoch [3/3] Loss: 0.3330, Accuracy: 88.87 %
-------------------------------
Round [2/4] Average Local Loss: 0.2285, Average Local Accuracy: 92.30 %
-------------------------------
-------- Validation --------
Predictions - 1s: 479, 0s: 89
True Labels - 1s: 292, 0s: 276
Round [2/4] Global Model Validation Loss: 0.6150, Validation Accuracy: 64.61 %
-------- Validation finished --------
Updated best model in round 2 saved with Validation Loss: 0.6150 and Validation Accuracy: 64.61 %
-------------------------------

Round 3 of 4
-------------------------------
Predictions - 1s: 41, 0s: 182
True Labels - 1s: 57, 0s: 166
Client 5 of 5: Local Epoch [1/3] Loss: 0.4784, Accuracy: 82.96 %
Predictions - 1s: 35, 0s: 188
True Labels - 1s: 57, 0s: 166
Client 5 of 5: Local Epoch [2/3] Loss: 0.4436, Accuracy: 80.27 %
Predictions - 1s: 34, 0s: 189
True Labels - 1s: 57, 0s: 166
Client 5 of 5: Local Epoch [3/3] Loss: 0.4188, Accuracy: 86.10 %
Predictions - 1s: 17, 0s: 494
True Labels - 1s: 57, 0s: 454
Client 4 of 5: Local Epoch [1/3] Loss: 0.3544, Accuracy: 88.26 %
Predictions - 1s: 511, 0s: 1
True Labels - 1s: 512, 0s: 0
Client 2 of 5: Local Epoch [1/3] Loss: 0.0452, Accuracy: 99.80 %
Predictions - 1s: 512, 0s: 0
True Labels - 1s: 512, 0s: 0
Client 1 of 5: Local Epoch [1/3] Loss: 0.0429, Accuracy: 100.00 %
Predictions - 1s: 10, 0s: 502
True Labels - 1s: 58, 0s: 454
Client 3 of 5: Local Epoch [1/3] Loss: 0.3674, Accuracy: 87.50 %
Predictions - 1s: 20, 0s: 491
True Labels - 1s: 57, 0s: 454
Client 4 of 5: Local Epoch [2/3] Loss: 0.2945, Accuracy: 90.80 %
Predictions - 1s: 512, 0s: 0
True Labels - 1s: 512, 0s: 0
Client 2 of 5: Local Epoch [2/3] Loss: 0.0215, Accuracy: 100.00 %
Predictions - 1s: 6, 0s: 506
True Labels - 1s: 58, 0s: 454
Client 3 of 5: Local Epoch [2/3] Loss: 0.3250, Accuracy: 89.45 %
Predictions - 1s: 512, 0s: 0
True Labels - 1s: 512, 0s: 0
Client 1 of 5: Local Epoch [2/3] Loss: 0.0199, Accuracy: 100.00 %
Predictions - 1s: 16, 0s: 495
True Labels - 1s: 57, 0s: 454
Client 4 of 5: Local Epoch [3/3] Loss: 0.2849, Accuracy: 90.02 %
Predictions - 1s: 512, 0s: 0
True Labels - 1s: 512, 0s: 0
Client 1 of 5: Local Epoch [3/3] Loss: 0.0174, Accuracy: 100.00 %
Predictions - 1s: 5, 0s: 507
True Labels - 1s: 58, 0s: 454
Client 3 of 5: Local Epoch [3/3] Loss: 0.3076, Accuracy: 89.65 %
Predictions - 1s: 512, 0s: 0
True Labels - 1s: 512, 0s: 0
Client 2 of 5: Local Epoch [3/3] Loss: 0.0188, Accuracy: 100.00 %
-------------------------------
Round [3/4] Average Local Loss: 0.2095, Average Local Accuracy: 93.15 %
-------------------------------
-------- Validation --------
Predictions - 1s: 465, 0s: 103
True Labels - 1s: 292, 0s: 276
Round [3/4] Global Model Validation Loss: 0.6227, Validation Accuracy: 66.73 %
-------- Validation finished --------

Round 4 of 4
-------------------------------
Predictions - 1s: 31, 0s: 192
True Labels - 1s: 57, 0s: 166
Client 5 of 5: Local Epoch [1/3] Loss: 0.4976, Accuracy: 78.48 %
Predictions - 1s: 40, 0s: 183
True Labels - 1s: 57, 0s: 166
Client 5 of 5: Local Epoch [2/3] Loss: 0.3932, Accuracy: 86.10 %
Predictions - 1s: 19, 0s: 492
True Labels - 1s: 57, 0s: 454
Client 4 of 5: Local Epoch [1/3] Loss: 0.3406, Accuracy: 89.04 %
Predictions - 1s: 512, 0s: 0
True Labels - 1s: 512, 0s: 0
Client 1 of 5: Local Epoch [1/3] Loss: 0.0276, Accuracy: 100.00 %
Predictions - 1s: 512, 0s: 0
True Labels - 1s: 512, 0s: 0
Client 2 of 5: Local Epoch [1/3] Loss: 0.0305, Accuracy: 100.00 %
Predictions - 1s: 16, 0s: 496
True Labels - 1s: 58, 0s: 454
Client 3 of 5: Local Epoch [1/3] Loss: 0.3566, Accuracy: 88.28 %
Predictions - 1s: 41, 0s: 182
True Labels - 1s: 57, 0s: 166
Client 5 of 5: Local Epoch [3/3] Loss: 0.3733, Accuracy: 86.55 %
Predictions - 1s: 24, 0s: 487
True Labels - 1s: 57, 0s: 454
Client 4 of 5: Local Epoch [2/3] Loss: 0.2817, Accuracy: 90.80 %
Predictions - 1s: 16, 0s: 496
True Labels - 1s: 58, 0s: 454
Client 3 of 5: Local Epoch [2/3] Loss: 0.2977, Accuracy: 90.23 %
Predictions - 1s: 512, 0s: 0
True Labels - 1s: 512, 0s: 0
Client 1 of 5: Local Epoch [2/3] Loss: 0.0139, Accuracy: 100.00 %
Predictions - 1s: 512, 0s: 0
True Labels - 1s: 512, 0s: 0
Client 2 of 5: Local Epoch [2/3] Loss: 0.0163, Accuracy: 100.00 %
Predictions - 1s: 19, 0s: 492
True Labels - 1s: 57, 0s: 454
Client 4 of 5: Local Epoch [3/3] Loss: 0.2725, Accuracy: 90.22 %
Predictions - 1s: 512, 0s: 0
True Labels - 1s: 512, 0s: 0
Client 1 of 5: Local Epoch [3/3] Loss: 0.0124, Accuracy: 100.00 %
Predictions - 1s: 18, 0s: 494
True Labels - 1s: 58, 0s: 454
Client 3 of 5: Local Epoch [3/3] Loss: 0.2860, Accuracy: 91.02 %
Predictions - 1s: 512, 0s: 0
True Labels - 1s: 512, 0s: 0
Client 2 of 5: Local Epoch [3/3] Loss: 0.0140, Accuracy: 100.00 %
-------------------------------
Round [4/4] Average Local Loss: 0.1916, Average Local Accuracy: 93.56 %
-------------------------------
-------- Validation --------
Predictions - 1s: 445, 0s: 123
True Labels - 1s: 292, 0s: 276
Round [4/4] Global Model Validation Loss: 0.6189, Validation Accuracy: 68.84 %
-------- Validation finished --------
Best model in round 2 saved with Validation Loss: 0.6150 and Validation Accuracy: 64.61 %

-------- Training finished in 7:47 --------

Test flag enabled. Testing the model

-------- Loading best model from model_path --------
Loaded model bert-small from date 21-04-2024 02:33. Trained with Federated Learning technology.
Round 2, lr: 6e-05, optimizer: AdamW
Average train accuracy: 92.30 %, Validation accuracy: 64.61 %
-------- Best model loaded --------

-------- Creating Test Dataloader --------
Test Loader: 715 total sentences. 90 batches of size 8.
-------- Test Dataloader created --------

-------- Testing --------
Predictions - 1s: 631, 0s: 84
True Labels - 1s: 369, 0s: 346
Nº of test samples: 715
Accuracy: 61.96%
Accuracy 2 : 61.96%
Precision: 75.87%
Recall: 60.74%
F1 Score: 54.77%
Classification report:
              precision    recall  f1-score   support

           0     0.9405    0.2283    0.3674       346
           1     0.5769    0.9864    0.7280       369

    accuracy                         0.6196       715
   macro avg     0.7587    0.6074    0.5477       715
weighted avg     0.7528    0.6196    0.5535       715

-------- Testing finished --------
