Current configuration:
{
    "concurrency_flag": true,
    "data_distribution": "iid",
    "dataset": "twitter_dep",
    "device": "cuda",
    "dp_delta": 0.003,
    "dp_epsilon": 0.0,
    "eval_batch_size": 4,
    "eval_flag": true,
    "eval_size": 0.2,
    "fed_alg": "fedavg",
    "layers": 3,
    "learning_rate": 6e-05,
    "max_length": 512,
    "ml_mode": "bcfl",
    "model": "bert_small",
    "model_name": "bcfl_small_c10_seed6_twitter_dep",
    "models_path": "/local/vpaloma/fabric-federated-learning/ablation_study/phase-4/final/accs-times/twitter_dep/",
    "mu": 0.5,
    "num_clients": 10,
    "num_epochs": 3,
    "num_rounds": 4,
    "optimizer": "AdamW",
    "progress_bar_flag": false,
    "save_model": true,
    "scheduler": "linear",
    "scheduler_warmup_steps": 0,
    "seed": "random",
    "test_flag": true,
    "train_batch_size": 4,
    "train_size": 0.8
}
-------- Configuration loaded --------

-------- Setting device --------
cuda device selected and available.
-------- Device set --------

-------- Setting seed --------
seed set:  720495
-------- Seed set --------

-------- Creating Model --------
-------- Model created --------

-------- Setting Trainable Layers --------
Training the last 3 layers.

Total parameters count: 28764674
Trainable parameters count: 3416066
-------- Trainable Layers set --------

-------- Creating Tokenizer --------
-------- Tokenizer created --------

-------- Creating Train and Eval Dataloaders --------
Train Loader: 1982 total sentences. 496 batches of size 4.
Eval Loader: 496 total sentences. 124 batches of size 4.
-------- Train and Eval Dataloaders created --------

-------- Training --------
Training with Blockchain-Based Federated Learning technology.
Training without differential privacy.
Federated averaging algorithm selected.
Client 0: Label 0: 144, Label 1: 54
Client 1: Label 0: 146, Label 1: 52
Client 2: Label 0: 146, Label 1: 52
Client 3: Label 0: 146, Label 1: 52
Client 4: Label 0: 147, Label 1: 51
Client 5: Label 0: 136, Label 1: 62
Client 6: Label 0: 144, Label 1: 54
Client 7: Label 0: 144, Label 1: 54
Client 8: Label 0: 150, Label 1: 48
Client 9: Label 0: 148, Label 1: 52

Round 1 of 4
-------------------------------
Predictions - 1s: 14, 0s: 184
True Labels - 1s: 52, 0s: 146
Client 4 of 10: Local Epoch [1/3] Loss: 0.5771, Accuracy: 71.72 %
Predictions - 1s: 17, 0s: 181
True Labels - 1s: 54, 0s: 144
Client 1 of 10: Local Epoch [1/3] Loss: 0.5886, Accuracy: 70.20 %
Predictions - 1s: 4, 0s: 194
True Labels - 1s: 52, 0s: 146
Client 2 of 10: Local Epoch [1/3] Loss: 0.6039, Accuracy: 72.73 %
Predictions - 1s: 3, 0s: 195
True Labels - 1s: 62, 0s: 136
Client 6 of 10: Local Epoch [1/3] Loss: 0.6213, Accuracy: 67.17 %
Predictions - 1s: 7, 0s: 191
True Labels - 1s: 54, 0s: 144
Client 8 of 10: Local Epoch [1/3] Loss: 0.5835, Accuracy: 71.21 %
Predictions - 1s: 2, 0s: 196
True Labels - 1s: 52, 0s: 146
Client 3 of 10: Local Epoch [1/3] Loss: 0.6039, Accuracy: 73.74 %
Predictions - 1s: 4, 0s: 194
True Labels - 1s: 51, 0s: 147
Client 5 of 10: Local Epoch [1/3] Loss: 0.5856, Accuracy: 74.24 %
Predictions - 1s: 3, 0s: 195
True Labels - 1s: 48, 0s: 150
Client 9 of 10: Local Epoch [1/3] Loss: 0.5657, Accuracy: 75.25 %
Predictions - 1s: 5, 0s: 193
True Labels - 1s: 54, 0s: 144
Client 7 of 10: Local Epoch [1/3] Loss: 0.5771, Accuracy: 70.20 %
Predictions - 1s: 5, 0s: 195
True Labels - 1s: 52, 0s: 148
Client 10 of 10: Local Epoch [1/3] Loss: 0.5762, Accuracy: 72.50 %
Predictions - 1s: 13, 0s: 185
True Labels - 1s: 52, 0s: 146
Client 4 of 10: Local Epoch [2/3] Loss: 0.4593, Accuracy: 80.30 %
Predictions - 1s: 12, 0s: 186
True Labels - 1s: 54, 0s: 144
Client 1 of 10: Local Epoch [2/3] Loss: 0.4824, Accuracy: 75.76 %
Predictions - 1s: 1, 0s: 197
True Labels - 1s: 52, 0s: 146
Client 2 of 10: Local Epoch [2/3] Loss: 0.5357, Accuracy: 74.24 %
Predictions - 1s: 25, 0s: 173
True Labels - 1s: 62, 0s: 136
Client 6 of 10: Local Epoch [2/3] Loss: 0.5349, Accuracy: 79.29 %
Predictions - 1s: 10, 0s: 188
True Labels - 1s: 54, 0s: 144
Client 8 of 10: Local Epoch [2/3] Loss: 0.4670, Accuracy: 76.77 %
Predictions - 1s: 3, 0s: 195
True Labels - 1s: 52, 0s: 146
Client 3 of 10: Local Epoch [2/3] Loss: 0.5075, Accuracy: 74.24 %
Predictions - 1s: 0, 0s: 198
True Labels - 1s: 51, 0s: 147
Client 5 of 10: Local Epoch [2/3] Loss: 0.5027, Accuracy: 74.24 %
Predictions - 1s: 22, 0s: 176
True Labels - 1s: 52, 0s: 146
Client 4 of 10: Local Epoch [3/3] Loss: 0.4236, Accuracy: 80.81 %
Predictions - 1s: 0, 0s: 200
True Labels - 1s: 52, 0s: 148
Client 10 of 10: Local Epoch [2/3] Loss: 0.5224, Accuracy: 74.00 %
Predictions - 1s: 30, 0s: 168
True Labels - 1s: 54, 0s: 144
Client 1 of 10: Local Epoch [3/3] Loss: 0.4341, Accuracy: 80.81 %
Predictions - 1s: 7, 0s: 191
True Labels - 1s: 48, 0s: 150
Client 9 of 10: Local Epoch [2/3] Loss: 0.4914, Accuracy: 79.29 %
Predictions - 1s: 7, 0s: 191
True Labels - 1s: 54, 0s: 144
Client 7 of 10: Local Epoch [2/3] Loss: 0.5025, Accuracy: 76.26 %
Predictions - 1s: 3, 0s: 195
True Labels - 1s: 52, 0s: 146
Client 2 of 10: Local Epoch [3/3] Loss: 0.4965, Accuracy: 75.25 %
Predictions - 1s: 26, 0s: 172
True Labels - 1s: 62, 0s: 136
Client 6 of 10: Local Epoch [3/3] Loss: 0.4987, Accuracy: 77.78 %
Predictions - 1s: 27, 0s: 171
True Labels - 1s: 54, 0s: 144
Client 8 of 10: Local Epoch [3/3] Loss: 0.4228, Accuracy: 82.32 %
Predictions - 1s: 17, 0s: 181
True Labels - 1s: 52, 0s: 146
Client 3 of 10: Local Epoch [3/3] Loss: 0.4577, Accuracy: 79.29 %
Predictions - 1s: 14, 0s: 184
True Labels - 1s: 51, 0s: 147
Client 5 of 10: Local Epoch [3/3] Loss: 0.4680, Accuracy: 79.29 %
Predictions - 1s: 5, 0s: 195
True Labels - 1s: 52, 0s: 148
Client 10 of 10: Local Epoch [3/3] Loss: 0.4856, Accuracy: 76.50 %
Predictions - 1s: 9, 0s: 189
True Labels - 1s: 48, 0s: 150
Client 9 of 10: Local Epoch [3/3] Loss: 0.4433, Accuracy: 80.30 %
Predictions - 1s: 30, 0s: 168
True Labels - 1s: 54, 0s: 144
Client 7 of 10: Local Epoch [3/3] Loss: 0.4603, Accuracy: 81.82 %
-------------------------------
Round [1/4] Average Local Loss: 0.4591, Average Local Accuracy: 79.42 %
-------------------------------
-------- Validation --------
Predictions - 1s: 21, 0s: 475
True Labels - 1s: 143, 0s: 353
Round [1/4] Global Model Validation Loss: 0.5056, Validation Accuracy: 73.79 %
-------- Validation finished --------
Updated best model in round 1 saved with Validation Loss: 0.5056 and Validation Accuracy: 73.79 %
-------------------------------

Round 2 of 4
-------------------------------
Predictions - 1s: 9, 0s: 189
True Labels - 1s: 48, 0s: 150
Client 9 of 10: Local Epoch [1/3] Loss: 0.5020, Accuracy: 75.25 %
Predictions - 1s: 25, 0s: 173
True Labels - 1s: 54, 0s: 144
Client 7 of 10: Local Epoch [1/3] Loss: 0.5070, Accuracy: 76.26 %
Predictions - 1s: 22, 0s: 176
True Labels - 1s: 62, 0s: 136
Client 6 of 10: Local Epoch [1/3] Loss: 0.5638, Accuracy: 70.71 %
Predictions - 1s: 15, 0s: 185
True Labels - 1s: 52, 0s: 148
Client 10 of 10: Local Epoch [1/3] Loss: 0.5134, Accuracy: 74.50 %
Predictions - 1s: 22, 0s: 176
True Labels - 1s: 52, 0s: 146
Client 4 of 10: Local Epoch [1/3] Loss: 0.4848, Accuracy: 78.79 %
Predictions - 1s: 21, 0s: 177
True Labels - 1s: 54, 0s: 144
Client 1 of 10: Local Epoch [1/3] Loss: 0.4928, Accuracy: 76.26 %
Predictions - 1s: 17, 0s: 181
True Labels - 1s: 51, 0s: 147
Client 5 of 10: Local Epoch [1/3] Loss: 0.5112, Accuracy: 72.73 %
Predictions - 1s: 29, 0s: 169
True Labels - 1s: 54, 0s: 144
Client 8 of 10: Local Epoch [1/3] Loss: 0.4909, Accuracy: 78.28 %
Predictions - 1s: 16, 0s: 182
True Labels - 1s: 52, 0s: 146
Client 3 of 10: Local Epoch [1/3] Loss: 0.4797, Accuracy: 76.77 %
Predictions - 1s: 9, 0s: 189
True Labels - 1s: 52, 0s: 146
Client 2 of 10: Local Epoch [1/3] Loss: 0.5248, Accuracy: 75.25 %
Predictions - 1s: 27, 0s: 171
True Labels - 1s: 48, 0s: 150
Client 9 of 10: Local Epoch [2/3] Loss: 0.4129, Accuracy: 82.32 %
Predictions - 1s: 37, 0s: 161
True Labels - 1s: 54, 0s: 144
Client 7 of 10: Local Epoch [2/3] Loss: 0.4279, Accuracy: 83.33 %
Predictions - 1s: 40, 0s: 158
True Labels - 1s: 62, 0s: 136
Client 6 of 10: Local Epoch [2/3] Loss: 0.4801, Accuracy: 76.77 %
Predictions - 1s: 20, 0s: 180
True Labels - 1s: 52, 0s: 148
Client 10 of 10: Local Epoch [2/3] Loss: 0.4631, Accuracy: 79.00 %
Predictions - 1s: 35, 0s: 163
True Labels - 1s: 52, 0s: 146
Client 4 of 10: Local Epoch [2/3] Loss: 0.3990, Accuracy: 84.34 %
Predictions - 1s: 35, 0s: 163
True Labels - 1s: 54, 0s: 144
Client 1 of 10: Local Epoch [2/3] Loss: 0.4406, Accuracy: 80.30 %
Predictions - 1s: 17, 0s: 181
True Labels - 1s: 51, 0s: 147
Client 5 of 10: Local Epoch [2/3] Loss: 0.4446, Accuracy: 77.78 %
Predictions - 1s: 37, 0s: 161
True Labels - 1s: 54, 0s: 144
Client 8 of 10: Local Epoch [2/3] Loss: 0.4011, Accuracy: 82.32 %
Predictions - 1s: 24, 0s: 174
True Labels - 1s: 52, 0s: 146
Client 3 of 10: Local Epoch [2/3] Loss: 0.4085, Accuracy: 81.82 %
Predictions - 1s: 15, 0s: 183
True Labels - 1s: 52, 0s: 146
Client 2 of 10: Local Epoch [2/3] Loss: 0.4502, Accuracy: 79.29 %
Predictions - 1s: 36, 0s: 162
True Labels - 1s: 54, 0s: 144
Client 7 of 10: Local Epoch [3/3] Loss: 0.3927, Accuracy: 84.85 %
Predictions - 1s: 26, 0s: 172
True Labels - 1s: 48, 0s: 150
Client 9 of 10: Local Epoch [3/3] Loss: 0.3879, Accuracy: 80.81 %
Predictions - 1s: 32, 0s: 166
True Labels - 1s: 62, 0s: 136
Client 6 of 10: Local Epoch [3/3] Loss: 0.4443, Accuracy: 81.82 %
Predictions - 1s: 29, 0s: 171
True Labels - 1s: 52, 0s: 148
Client 10 of 10: Local Epoch [3/3] Loss: 0.4292, Accuracy: 80.50 %
Predictions - 1s: 34, 0s: 164
True Labels - 1s: 52, 0s: 146
Client 4 of 10: Local Epoch [3/3] Loss: 0.3541, Accuracy: 85.86 %
Predictions - 1s: 45, 0s: 153
True Labels - 1s: 54, 0s: 144
Client 1 of 10: Local Epoch [3/3] Loss: 0.3977, Accuracy: 84.34 %
Predictions - 1s: 33, 0s: 165
True Labels - 1s: 51, 0s: 147
Client 5 of 10: Local Epoch [3/3] Loss: 0.4027, Accuracy: 83.84 %
Predictions - 1s: 41, 0s: 157
True Labels - 1s: 54, 0s: 144
Client 8 of 10: Local Epoch [3/3] Loss: 0.3499, Accuracy: 85.35 %
Predictions - 1s: 39, 0s: 159
True Labels - 1s: 52, 0s: 146
Client 3 of 10: Local Epoch [3/3] Loss: 0.3767, Accuracy: 83.33 %
Predictions - 1s: 17, 0s: 181
True Labels - 1s: 52, 0s: 146
Client 2 of 10: Local Epoch [3/3] Loss: 0.4246, Accuracy: 81.31 %
-------------------------------
Round [2/4] Average Local Loss: 0.3960, Average Local Accuracy: 83.20 %
-------------------------------
-------- Validation --------
Predictions - 1s: 86, 0s: 410
True Labels - 1s: 143, 0s: 353
Round [2/4] Global Model Validation Loss: 0.4458, Validation Accuracy: 78.02 %
-------- Validation finished --------
Updated best model in round 2 saved with Validation Loss: 0.4458 and Validation Accuracy: 78.02 %
-------------------------------

Round 3 of 4
-------------------------------
Predictions - 1s: 35, 0s: 163
True Labels - 1s: 52, 0s: 146
Client 3 of 10: Local Epoch [1/3] Loss: 0.4629, Accuracy: 79.29 %
Predictions - 1s: 31, 0s: 167
True Labels - 1s: 51, 0s: 147
Client 5 of 10: Local Epoch [1/3] Loss: 0.4848, Accuracy: 75.76 %
Predictions - 1s: 31, 0s: 167
True Labels - 1s: 54, 0s: 144
Client 8 of 10: Local Epoch [1/3] Loss: 0.4302, Accuracy: 81.31 %
Predictions - 1s: 29, 0s: 169
True Labels - 1s: 52, 0s: 146
Client 2 of 10: Local Epoch [1/3] Loss: 0.5192, Accuracy: 74.24 %
Predictions - 1s: 30, 0s: 168
True Labels - 1s: 52, 0s: 146
Client 3 of 10: Local Epoch [2/3] Loss: 0.3895, Accuracy: 80.81 %
Predictions - 1s: 32, 0s: 166
True Labels - 1s: 54, 0s: 144
Client 7 of 10: Local Epoch [1/3] Loss: 0.4614, Accuracy: 78.79 %
Predictions - 1s: 36, 0s: 162
True Labels - 1s: 62, 0s: 136
Client 6 of 10: Local Epoch [1/3] Loss: 0.5181, Accuracy: 72.73 %
Predictions - 1s: 27, 0s: 171
True Labels - 1s: 52, 0s: 146
Client 4 of 10: Local Epoch [1/3] Loss: 0.4415, Accuracy: 79.29 %
Predictions - 1s: 24, 0s: 174
True Labels - 1s: 48, 0s: 150
Client 9 of 10: Local Epoch [1/3] Loss: 0.4462, Accuracy: 79.80 %
Predictions - 1s: 35, 0s: 163
True Labels - 1s: 54, 0s: 144
Client 1 of 10: Local Epoch [1/3] Loss: 0.4723, Accuracy: 76.26 %
Predictions - 1s: 26, 0s: 174
True Labels - 1s: 52, 0s: 148
Client 10 of 10: Local Epoch [1/3] Loss: 0.5045, Accuracy: 77.00 %
Predictions - 1s: 29, 0s: 169
True Labels - 1s: 51, 0s: 147
Client 5 of 10: Local Epoch [2/3] Loss: 0.4157, Accuracy: 80.81 %
Predictions - 1s: 38, 0s: 160
True Labels - 1s: 54, 0s: 144
Client 8 of 10: Local Epoch [2/3] Loss: 0.3423, Accuracy: 85.86 %
Predictions - 1s: 38, 0s: 160
True Labels - 1s: 52, 0s: 146
Client 3 of 10: Local Epoch [3/3] Loss: 0.3439, Accuracy: 83.84 %
Predictions - 1s: 25, 0s: 173
True Labels - 1s: 52, 0s: 146
Client 2 of 10: Local Epoch [2/3] Loss: 0.4176, Accuracy: 80.30 %
Predictions - 1s: 52, 0s: 146
True Labels - 1s: 62, 0s: 136
Client 6 of 10: Local Epoch [2/3] Loss: 0.4486, Accuracy: 78.79 %
Predictions - 1s: 37, 0s: 161
True Labels - 1s: 52, 0s: 146
Client 4 of 10: Local Epoch [2/3] Loss: 0.3607, Accuracy: 86.36 %
Predictions - 1s: 37, 0s: 161
True Labels - 1s: 54, 0s: 144
Client 7 of 10: Local Epoch [2/3] Loss: 0.4104, Accuracy: 82.32 %
Predictions - 1s: 32, 0s: 166
True Labels - 1s: 51, 0s: 147
Client 5 of 10: Local Epoch [3/3] Loss: 0.3892, Accuracy: 81.31 %
Predictions - 1s: 42, 0s: 156
True Labels - 1s: 54, 0s: 144
Client 1 of 10: Local Epoch [2/3] Loss: 0.3813, Accuracy: 85.86 %
Predictions - 1s: 28, 0s: 170
True Labels - 1s: 48, 0s: 150
Client 9 of 10: Local Epoch [2/3] Loss: 0.3641, Accuracy: 82.83 %
Predictions - 1s: 36, 0s: 164
True Labels - 1s: 52, 0s: 148
Client 10 of 10: Local Epoch [2/3] Loss: 0.4218, Accuracy: 81.00 %
Predictions - 1s: 44, 0s: 154
True Labels - 1s: 54, 0s: 144
Client 8 of 10: Local Epoch [3/3] Loss: 0.2992, Accuracy: 88.89 %
Predictions - 1s: 25, 0s: 173
True Labels - 1s: 52, 0s: 146
Client 2 of 10: Local Epoch [3/3] Loss: 0.3944, Accuracy: 80.30 %
Predictions - 1s: 38, 0s: 160
True Labels - 1s: 62, 0s: 136
Client 6 of 10: Local Epoch [3/3] Loss: 0.4033, Accuracy: 79.80 %
Predictions - 1s: 46, 0s: 152
True Labels - 1s: 52, 0s: 146
Client 4 of 10: Local Epoch [3/3] Loss: 0.3114, Accuracy: 87.88 %
Predictions - 1s: 41, 0s: 157
True Labels - 1s: 54, 0s: 144
Client 7 of 10: Local Epoch [3/3] Loss: 0.3627, Accuracy: 82.32 %
Predictions - 1s: 39, 0s: 159
True Labels - 1s: 48, 0s: 150
Client 9 of 10: Local Epoch [3/3] Loss: 0.3407, Accuracy: 85.35 %
Predictions - 1s: 43, 0s: 155
True Labels - 1s: 54, 0s: 144
Client 1 of 10: Local Epoch [3/3] Loss: 0.3502, Accuracy: 85.35 %
Predictions - 1s: 28, 0s: 172
True Labels - 1s: 52, 0s: 148
Client 10 of 10: Local Epoch [3/3] Loss: 0.3964, Accuracy: 81.00 %
-------------------------------
Round [3/4] Average Local Loss: 0.3591, Average Local Accuracy: 83.61 %
-------------------------------
-------- Validation --------
Predictions - 1s: 102, 0s: 394
True Labels - 1s: 143, 0s: 353
Round [3/4] Global Model Validation Loss: 0.4197, Validation Accuracy: 79.64 %
-------- Validation finished --------
Updated best model in round 3 saved with Validation Loss: 0.4197 and Validation Accuracy: 79.64 %
-------------------------------

Round 4 of 4
-------------------------------
Predictions - 1s: 21, 0s: 179
True Labels - 1s: 52, 0s: 148
Client 10 of 10: Local Epoch [1/3] Loss: 0.5057, Accuracy: 77.50 %
Predictions - 1s: 52, 0s: 146
True Labels - 1s: 62, 0s: 136
Client 6 of 10: Local Epoch [1/3] Loss: 0.4596, Accuracy: 78.79 %
Predictions - 1s: 38, 0s: 160
True Labels - 1s: 48, 0s: 150
Client 9 of 10: Local Epoch [1/3] Loss: 0.4392, Accuracy: 80.81 %
Predictions - 1s: 33, 0s: 165
True Labels - 1s: 54, 0s: 144
Client 7 of 10: Local Epoch [1/3] Loss: 0.4365, Accuracy: 84.34 %
Predictions - 1s: 41, 0s: 157
True Labels - 1s: 52, 0s: 146
Client 4 of 10: Local Epoch [1/3] Loss: 0.4049, Accuracy: 81.31 %
Predictions - 1s: 42, 0s: 156
True Labels - 1s: 54, 0s: 144
Client 8 of 10: Local Epoch [1/3] Loss: 0.3899, Accuracy: 82.83 %
Predictions - 1s: 34, 0s: 164
True Labels - 1s: 52, 0s: 146
Client 3 of 10: Local Epoch [1/3] Loss: 0.4371, Accuracy: 79.80 %
Predictions - 1s: 39, 0s: 159
True Labels - 1s: 54, 0s: 144
Client 1 of 10: Local Epoch [1/3] Loss: 0.4309, Accuracy: 80.30 %
Predictions - 1s: 32, 0s: 166
True Labels - 1s: 51, 0s: 147
Client 5 of 10: Local Epoch [1/3] Loss: 0.4662, Accuracy: 76.26 %
Predictions - 1s: 26, 0s: 172
True Labels - 1s: 52, 0s: 146
Client 2 of 10: Local Epoch [1/3] Loss: 0.4648, Accuracy: 78.79 %
Predictions - 1s: 30, 0s: 170
True Labels - 1s: 52, 0s: 148
Client 10 of 10: Local Epoch [2/3] Loss: 0.4115, Accuracy: 84.00 %
Predictions - 1s: 40, 0s: 158
True Labels - 1s: 62, 0s: 136
Client 6 of 10: Local Epoch [2/3] Loss: 0.4223, Accuracy: 77.78 %
Predictions - 1s: 27, 0s: 171
True Labels - 1s: 48, 0s: 150
Client 9 of 10: Local Epoch [2/3] Loss: 0.3679, Accuracy: 84.34 %
Predictions - 1s: 47, 0s: 151
True Labels - 1s: 54, 0s: 144
Client 7 of 10: Local Epoch [2/3] Loss: 0.3513, Accuracy: 84.34 %
Predictions - 1s: 40, 0s: 158
True Labels - 1s: 52, 0s: 146
Client 4 of 10: Local Epoch [2/3] Loss: 0.3145, Accuracy: 84.85 %
Predictions - 1s: 36, 0s: 162
True Labels - 1s: 54, 0s: 144
Client 8 of 10: Local Epoch [2/3] Loss: 0.3142, Accuracy: 85.86 %
Predictions - 1s: 37, 0s: 163
True Labels - 1s: 52, 0s: 148
Client 10 of 10: Local Epoch [3/3] Loss: 0.3671, Accuracy: 85.50 %
Predictions - 1s: 52, 0s: 146
True Labels - 1s: 54, 0s: 144
Client 1 of 10: Local Epoch [2/3] Loss: 0.3585, Accuracy: 85.86 %
Predictions - 1s: 30, 0s: 168
True Labels - 1s: 52, 0s: 146
Client 3 of 10: Local Epoch [2/3] Loss: 0.3630, Accuracy: 82.83 %
Predictions - 1s: 34, 0s: 164
True Labels - 1s: 51, 0s: 147
Client 5 of 10: Local Epoch [2/3] Loss: 0.4023, Accuracy: 81.31 %
Predictions - 1s: 28, 0s: 170
True Labels - 1s: 52, 0s: 146
Client 2 of 10: Local Epoch [2/3] Loss: 0.3888, Accuracy: 81.82 %
Predictions - 1s: 49, 0s: 149
True Labels - 1s: 62, 0s: 136
Client 6 of 10: Local Epoch [3/3] Loss: 0.3609, Accuracy: 83.33 %
Predictions - 1s: 41, 0s: 157
True Labels - 1s: 48, 0s: 150
Client 9 of 10: Local Epoch [3/3] Loss: 0.3300, Accuracy: 86.36 %
Predictions - 1s: 46, 0s: 152
True Labels - 1s: 54, 0s: 144
Client 7 of 10: Local Epoch [3/3] Loss: 0.3226, Accuracy: 89.90 %
Predictions - 1s: 38, 0s: 160
True Labels - 1s: 52, 0s: 146
Client 4 of 10: Local Epoch [3/3] Loss: 0.2799, Accuracy: 86.87 %
Predictions - 1s: 58, 0s: 140
True Labels - 1s: 54, 0s: 144
Client 8 of 10: Local Epoch [3/3] Loss: 0.2836, Accuracy: 87.88 %
Predictions - 1s: 42, 0s: 156
True Labels - 1s: 54, 0s: 144
Client 1 of 10: Local Epoch [3/3] Loss: 0.3391, Accuracy: 87.88 %
Predictions - 1s: 47, 0s: 151
True Labels - 1s: 52, 0s: 146
Client 3 of 10: Local Epoch [3/3] Loss: 0.3302, Accuracy: 88.38 %
Predictions - 1s: 44, 0s: 154
True Labels - 1s: 51, 0s: 147
Client 5 of 10: Local Epoch [3/3] Loss: 0.3650, Accuracy: 86.36 %
Predictions - 1s: 38, 0s: 160
True Labels - 1s: 52, 0s: 146
Client 2 of 10: Local Epoch [3/3] Loss: 0.3345, Accuracy: 85.86 %
-------------------------------
Round [4/4] Average Local Loss: 0.3313, Average Local Accuracy: 86.83 %
-------------------------------
-------- Validation --------
Predictions - 1s: 106, 0s: 390
True Labels - 1s: 143, 0s: 353
Round [4/4] Global Model Validation Loss: 0.4059, Validation Accuracy: 81.25 %
-------- Validation finished --------
Updated best model in round 4 saved with Validation Loss: 0.4059 and Validation Accuracy: 81.25 %
-------------------------------
Best model in round 4 saved with Validation Loss: 0.4059 and Validation Accuracy: 81.25 %

-------- Training finished in 8:37 --------

Test flag enabled. Testing the model

-------- Loading best model from model_path --------
Loaded model bert-small from date 21-04-2024 23:32. Trained with Federated Learning technology.
Round 4, lr: 6e-05, optimizer: AdamW
Average train accuracy: 86.83 %, Validation accuracy: 81.25 %
-------- Best model loaded --------

-------- Creating Test Dataloader --------
Test Loader: 618 total sentences. 78 batches of size 8.
-------- Test Dataloader created --------

-------- Testing --------
Predictions - 1s: 146, 0s: 472
True Labels - 1s: 168, 0s: 450
Nº of test samples: 618
Accuracy: 82.85%
Accuracy 2 : 82.85%
Precision: 78.84%
Recall: 76.29%
F1 Score: 77.37%
Classification report:
              precision    recall  f1-score   support

           0     0.8644    0.9067    0.8850       450
           1     0.7123    0.6190    0.6624       168

    accuracy                         0.8285       618
   macro avg     0.7884    0.7629    0.7737       618
weighted avg     0.8231    0.8285    0.8245       618

-------- Testing finished --------
