Current configuration:
{
    "concurrency_flag": true,
    "data_distribution": "iid",
    "dataset": "twitter_dep",
    "device": "cuda",
    "dp_delta": 0.003,
    "dp_epsilon": 0.0,
    "eval_batch_size": 4,
    "eval_flag": true,
    "eval_size": 0.2,
    "fed_alg": "fedavg",
    "layers": 3,
    "learning_rate": 6e-05,
    "max_length": 512,
    "ml_mode": "bcfl",
    "model": "bert_small",
    "model_name": "bcfl_small_c20_seed6_twitter_dep",
    "models_path": "/local/vpaloma/fabric-federated-learning/ablation_study/phase-4/final/clients/twitter_dep/",
    "mu": 0.5,
    "num_clients": 15,
    "num_epochs": 3,
    "num_rounds": 4,
    "optimizer": "AdamW",
    "progress_bar_flag": false,
    "save_model": true,
    "scheduler": "linear",
    "scheduler_warmup_steps": 0,
    "seed": "random",
    "test_flag": true,
    "train_batch_size": 4,
    "train_size": 0.8
}
-------- Configuration loaded --------

-------- Setting device --------
cuda device selected and available.
-------- Device set --------

-------- Setting seed --------
seed set:  811616
-------- Seed set --------

-------- Creating Model --------
-------- Model created --------

-------- Setting Trainable Layers --------
Training the last 3 layers.

Total parameters count: 28764674
Trainable parameters count: 3416066
-------- Trainable Layers set --------

-------- Creating Tokenizer --------
-------- Tokenizer created --------

-------- Creating Train and Eval Dataloaders --------
Train Loader: 1982 total sentences. 496 batches of size 4.
Eval Loader: 496 total sentences. 124 batches of size 4.
-------- Train and Eval Dataloaders created --------

-------- Training --------
Training with Blockchain-Based Federated Learning technology.
Training without differential privacy.
Federated averaging algorithm selected.
Client 0: Label 0: 95, Label 1: 37
Client 1: Label 0: 93, Label 1: 39
Client 2: Label 0: 98, Label 1: 34
Client 3: Label 0: 100, Label 1: 32
Client 4: Label 0: 103, Label 1: 29
Client 5: Label 0: 102, Label 1: 30
Client 6: Label 0: 99, Label 1: 33
Client 7: Label 0: 90, Label 1: 42
Client 8: Label 0: 101, Label 1: 31
Client 9: Label 0: 85, Label 1: 47
Client 10: Label 0: 89, Label 1: 43
Client 11: Label 0: 93, Label 1: 39
Client 12: Label 0: 96, Label 1: 36
Client 13: Label 0: 95, Label 1: 37
Client 14: Label 0: 91, Label 1: 43

Round 1 of 4
-------------------------------
Predictions - 1s: 1, 0s: 131
True Labels - 1s: 39, 0s: 93
Client 2 of 15: Local Epoch [1/3] Loss: 0.6086, Accuracy: 69.70 %
Predictions - 1s: 0, 0s: 132
True Labels - 1s: 33, 0s: 99
Client 7 of 15: Local Epoch [1/3] Loss: 0.5873, Accuracy: 75.00 %
Predictions - 1s: 0, 0s: 132
True Labels - 1s: 39, 0s: 93
Client 12 of 15: Local Epoch [1/3] Loss: 0.6075, Accuracy: 70.45 %
Predictions - 1s: 0, 0s: 132
True Labels - 1s: 31, 0s: 101
Client 9 of 15: Local Epoch [1/3] Loss: 0.5627, Accuracy: 76.52 %
Predictions - 1s: 0, 0s: 132
True Labels - 1s: 47, 0s: 85
Client 10 of 15: Local Epoch [1/3] Loss: 0.6626, Accuracy: 64.39 %
Predictions - 1s: 1, 0s: 131
True Labels - 1s: 34, 0s: 98
Client 3 of 15: Local Epoch [1/3] Loss: 0.5799, Accuracy: 73.48 %
Predictions - 1s: 0, 0s: 132
True Labels - 1s: 43, 0s: 89
Client 11 of 15: Local Epoch [1/3] Loss: 0.6613, Accuracy: 67.42 %
Predictions - 1s: 5, 0s: 127
True Labels - 1s: 39, 0s: 93
Client 2 of 15: Local Epoch [2/3] Loss: 0.5484, Accuracy: 71.21 %
Predictions - 1s: 1, 0s: 131
True Labels - 1s: 33, 0s: 99
Client 7 of 15: Local Epoch [2/3] Loss: 0.4959, Accuracy: 75.76 %
Predictions - 1s: 0, 0s: 132
True Labels - 1s: 32, 0s: 100
Client 4 of 15: Local Epoch [1/3] Loss: 0.5555, Accuracy: 75.76 %
Predictions - 1s: 0, 0s: 132
True Labels - 1s: 39, 0s: 93
Client 12 of 15: Local Epoch [2/3] Loss: 0.5568, Accuracy: 70.45 %
Predictions - 1s: 1, 0s: 133
True Labels - 1s: 43, 0s: 91
Client 15 of 15: Local Epoch [1/3] Loss: 0.6325, Accuracy: 68.66 %
Predictions - 1s: 0, 0s: 132
True Labels - 1s: 31, 0s: 101
Client 9 of 15: Local Epoch [2/3] Loss: 0.5035, Accuracy: 76.52 %
Predictions - 1s: 0, 0s: 132
True Labels - 1s: 37, 0s: 95
Client 14 of 15: Local Epoch [1/3] Loss: 0.6204, Accuracy: 71.97 %
Predictions - 1s: 0, 0s: 132
True Labels - 1s: 37, 0s: 95
Client 1 of 15: Local Epoch [1/3] Loss: 0.6227, Accuracy: 71.97 %
Predictions - 1s: 1, 0s: 131
True Labels - 1s: 42, 0s: 90
Client 8 of 15: Local Epoch [1/3] Loss: 0.6388, Accuracy: 67.42 %
Predictions - 1s: 0, 0s: 132
True Labels - 1s: 30, 0s: 102
Client 6 of 15: Local Epoch [1/3] Loss: 0.5836, Accuracy: 77.27 %
Predictions - 1s: 0, 0s: 132
True Labels - 1s: 36, 0s: 96
Client 13 of 15: Local Epoch [1/3] Loss: 0.5949, Accuracy: 72.73 %
Predictions - 1s: 0, 0s: 132
True Labels - 1s: 29, 0s: 103
Client 5 of 15: Local Epoch [1/3] Loss: 0.5561, Accuracy: 78.03 %
Predictions - 1s: 9, 0s: 123
True Labels - 1s: 34, 0s: 98
Client 3 of 15: Local Epoch [2/3] Loss: 0.4784, Accuracy: 78.03 %
Predictions - 1s: 32, 0s: 100
True Labels - 1s: 47, 0s: 85
Client 10 of 15: Local Epoch [2/3] Loss: 0.5814, Accuracy: 70.45 %
Predictions - 1s: 19, 0s: 113
True Labels - 1s: 43, 0s: 89
Client 11 of 15: Local Epoch [2/3] Loss: 0.5939, Accuracy: 69.70 %
Predictions - 1s: 3, 0s: 129
True Labels - 1s: 33, 0s: 99
Client 7 of 15: Local Epoch [3/3] Loss: 0.4694, Accuracy: 75.76 %
Predictions - 1s: 8, 0s: 124
True Labels - 1s: 39, 0s: 93
Client 2 of 15: Local Epoch [3/3] Loss: 0.5062, Accuracy: 73.48 %
Predictions - 1s: 1, 0s: 131
True Labels - 1s: 32, 0s: 100
Client 4 of 15: Local Epoch [2/3] Loss: 0.4976, Accuracy: 76.52 %
Predictions - 1s: 10, 0s: 122
True Labels - 1s: 39, 0s: 93
Client 12 of 15: Local Epoch [3/3] Loss: 0.5125, Accuracy: 76.52 %
Predictions - 1s: 1, 0s: 131
True Labels - 1s: 31, 0s: 101
Client 9 of 15: Local Epoch [3/3] Loss: 0.4437, Accuracy: 77.27 %
Predictions - 1s: 6, 0s: 128
True Labels - 1s: 43, 0s: 91
Client 15 of 15: Local Epoch [2/3] Loss: 0.5350, Accuracy: 72.39 %
Predictions - 1s: 6, 0s: 126
True Labels - 1s: 34, 0s: 98
Client 3 of 15: Local Epoch [3/3] Loss: 0.4355, Accuracy: 77.27 %
Predictions - 1s: 41, 0s: 91
True Labels - 1s: 47, 0s: 85
Client 10 of 15: Local Epoch [3/3] Loss: 0.5180, Accuracy: 77.27 %
Predictions - 1s: 0, 0s: 132
True Labels - 1s: 36, 0s: 96
Client 13 of 15: Local Epoch [2/3] Loss: 0.5256, Accuracy: 72.73 %
Predictions - 1s: 4, 0s: 128
True Labels - 1s: 37, 0s: 95
Client 14 of 15: Local Epoch [2/3] Loss: 0.5506, Accuracy: 71.97 %
Predictions - 1s: 8, 0s: 124
True Labels - 1s: 43, 0s: 89
Client 11 of 15: Local Epoch [3/3] Loss: 0.5203, Accuracy: 73.48 %
Predictions - 1s: 4, 0s: 128
True Labels - 1s: 32, 0s: 100
Client 4 of 15: Local Epoch [3/3] Loss: 0.4603, Accuracy: 78.79 %
Predictions - 1s: 1, 0s: 131
True Labels - 1s: 37, 0s: 95
Client 1 of 15: Local Epoch [2/3] Loss: 0.5297, Accuracy: 72.73 %
Predictions - 1s: 1, 0s: 131
True Labels - 1s: 29, 0s: 103
Client 5 of 15: Local Epoch [2/3] Loss: 0.4614, Accuracy: 78.79 %
Predictions - 1s: 0, 0s: 132
True Labels - 1s: 30, 0s: 102
Client 6 of 15: Local Epoch [2/3] Loss: 0.4890, Accuracy: 77.27 %
Predictions - 1s: 10, 0s: 122
True Labels - 1s: 42, 0s: 90
Client 8 of 15: Local Epoch [2/3] Loss: 0.5498, Accuracy: 74.24 %
Predictions - 1s: 15, 0s: 119
True Labels - 1s: 43, 0s: 91
Client 15 of 15: Local Epoch [3/3] Loss: 0.4936, Accuracy: 77.61 %
Predictions - 1s: 5, 0s: 127
True Labels - 1s: 37, 0s: 95
Client 14 of 15: Local Epoch [3/3] Loss: 0.5106, Accuracy: 74.24 %
Predictions - 1s: 0, 0s: 132
True Labels - 1s: 36, 0s: 96
Client 13 of 15: Local Epoch [3/3] Loss: 0.4832, Accuracy: 72.73 %
Predictions - 1s: 2, 0s: 130
True Labels - 1s: 37, 0s: 95
Client 1 of 15: Local Epoch [3/3] Loss: 0.5062, Accuracy: 71.97 %
Predictions - 1s: 0, 0s: 132
True Labels - 1s: 29, 0s: 103
Client 5 of 15: Local Epoch [3/3] Loss: 0.4212, Accuracy: 78.03 %
Predictions - 1s: 0, 0s: 132
True Labels - 1s: 30, 0s: 102
Client 6 of 15: Local Epoch [3/3] Loss: 0.4582, Accuracy: 77.27 %
Predictions - 1s: 12, 0s: 120
True Labels - 1s: 42, 0s: 90
Client 8 of 15: Local Epoch [3/3] Loss: 0.5242, Accuracy: 72.73 %
-------------------------------
Round [1/4] Average Local Loss: 0.4842, Average Local Accuracy: 75.63 %
-------------------------------
-------- Validation --------
Predictions - 1s: 1, 0s: 495
True Labels - 1s: 122, 0s: 374
Round [1/4] Global Model Validation Loss: 0.4990, Validation Accuracy: 75.60 %
-------- Validation finished --------
Updated best model in round 1 saved with Validation Loss: 0.4990 and Validation Accuracy: 75.60 %
-------------------------------

Round 2 of 4
-------------------------------
Predictions - 1s: 16, 0s: 118
True Labels - 1s: 43, 0s: 91
Client 15 of 15: Local Epoch [1/3] Loss: 0.5546, Accuracy: 75.37 %
Predictions - 1s: 41, 0s: 91
True Labels - 1s: 47, 0s: 85
Client 10 of 15: Local Epoch [1/3] Loss: 0.5420, Accuracy: 71.21 %
Predictions - 1s: 3, 0s: 129
True Labels - 1s: 34, 0s: 98
Client 3 of 15: Local Epoch [1/3] Loss: 0.5159, Accuracy: 76.52 %
Predictions - 1s: 1, 0s: 131
True Labels - 1s: 33, 0s: 99
Client 7 of 15: Local Epoch [1/3] Loss: 0.5013, Accuracy: 75.76 %
Predictions - 1s: 27, 0s: 107
True Labels - 1s: 43, 0s: 91
Client 15 of 15: Local Epoch [2/3] Loss: 0.4615, Accuracy: 79.10 %
Predictions - 1s: 26, 0s: 106
True Labels - 1s: 47, 0s: 85
Client 10 of 15: Local Epoch [2/3] Loss: 0.5090, Accuracy: 75.00 %
Predictions - 1s: 5, 0s: 127
True Labels - 1s: 37, 0s: 95
Client 14 of 15: Local Epoch [1/3] Loss: 0.5693, Accuracy: 71.21 %
Predictions - 1s: 14, 0s: 118
True Labels - 1s: 34, 0s: 98
Client 3 of 15: Local Epoch [2/3] Loss: 0.4407, Accuracy: 81.82 %
Predictions - 1s: 12, 0s: 120
True Labels - 1s: 33, 0s: 99
Client 7 of 15: Local Epoch [2/3] Loss: 0.4349, Accuracy: 82.58 %
Predictions - 1s: 27, 0s: 107
True Labels - 1s: 43, 0s: 91
Client 15 of 15: Local Epoch [3/3] Loss: 0.4229, Accuracy: 82.09 %
Predictions - 1s: 9, 0s: 123
True Labels - 1s: 39, 0s: 93
Client 12 of 15: Local Epoch [1/3] Loss: 0.5526, Accuracy: 69.70 %
Predictions - 1s: 39, 0s: 93
True Labels - 1s: 47, 0s: 85
Client 10 of 15: Local Epoch [3/3] Loss: 0.4640, Accuracy: 80.30 %
Predictions - 1s: 1, 0s: 131
True Labels - 1s: 29, 0s: 103
Client 5 of 15: Local Epoch [1/3] Loss: 0.4627, Accuracy: 78.79 %
Predictions - 1s: 10, 0s: 122
True Labels - 1s: 37, 0s: 95
Client 14 of 15: Local Epoch [2/3] Loss: 0.5056, Accuracy: 75.00 %
Predictions - 1s: 0, 0s: 132
True Labels - 1s: 30, 0s: 102
Client 6 of 15: Local Epoch [1/3] Loss: 0.4983, Accuracy: 77.27 %
Predictions - 1s: 18, 0s: 114
True Labels - 1s: 43, 0s: 89
Client 11 of 15: Local Epoch [1/3] Loss: 0.5421, Accuracy: 71.97 %
Predictions - 1s: 5, 0s: 127
True Labels - 1s: 36, 0s: 96
Client 13 of 15: Local Epoch [1/3] Loss: 0.5581, Accuracy: 70.45 %
Predictions - 1s: 4, 0s: 128
True Labels - 1s: 42, 0s: 90
Client 8 of 15: Local Epoch [1/3] Loss: 0.6026, Accuracy: 66.67 %
Predictions - 1s: 1, 0s: 131
True Labels - 1s: 32, 0s: 100
Client 4 of 15: Local Epoch [1/3] Loss: 0.5184, Accuracy: 76.52 %
Predictions - 1s: 6, 0s: 126
True Labels - 1s: 39, 0s: 93
Client 2 of 15: Local Epoch [1/3] Loss: 0.5595, Accuracy: 70.45 %
Predictions - 1s: 0, 0s: 132
True Labels - 1s: 37, 0s: 95
Client 1 of 15: Local Epoch [1/3] Loss: 0.5631, Accuracy: 71.97 %
Predictions - 1s: 2, 0s: 130
True Labels - 1s: 31, 0s: 101
Client 9 of 15: Local Epoch [1/3] Loss: 0.5383, Accuracy: 78.03 %
Predictions - 1s: 17, 0s: 115
True Labels - 1s: 34, 0s: 98
Client 3 of 15: Local Epoch [3/3] Loss: 0.3841, Accuracy: 82.58 %
Predictions - 1s: 12, 0s: 120
True Labels - 1s: 33, 0s: 99
Client 7 of 15: Local Epoch [3/3] Loss: 0.4010, Accuracy: 81.06 %
Predictions - 1s: 17, 0s: 115
True Labels - 1s: 39, 0s: 93
Client 12 of 15: Local Epoch [2/3] Loss: 0.4980, Accuracy: 75.76 %
Predictions - 1s: 8, 0s: 124
True Labels - 1s: 29, 0s: 103
Client 5 of 15: Local Epoch [2/3] Loss: 0.3818, Accuracy: 84.09 %
Predictions - 1s: 13, 0s: 119
True Labels - 1s: 37, 0s: 95
Client 14 of 15: Local Epoch [3/3] Loss: 0.4757, Accuracy: 75.76 %
Predictions - 1s: 3, 0s: 129
True Labels - 1s: 30, 0s: 102
Client 6 of 15: Local Epoch [2/3] Loss: 0.4352, Accuracy: 79.55 %
Predictions - 1s: 27, 0s: 105
True Labels - 1s: 43, 0s: 89
Client 11 of 15: Local Epoch [2/3] Loss: 0.4833, Accuracy: 80.30 %
Predictions - 1s: 19, 0s: 113
True Labels - 1s: 42, 0s: 90
Client 8 of 15: Local Epoch [2/3] Loss: 0.5174, Accuracy: 73.48 %
Predictions - 1s: 12, 0s: 120
True Labels - 1s: 36, 0s: 96
Client 13 of 15: Local Epoch [2/3] Loss: 0.4718, Accuracy: 75.76 %
Predictions - 1s: 20, 0s: 112
True Labels - 1s: 39, 0s: 93
Client 2 of 15: Local Epoch [2/3] Loss: 0.4976, Accuracy: 82.58 %
Predictions - 1s: 6, 0s: 126
True Labels - 1s: 32, 0s: 100
Client 4 of 15: Local Epoch [2/3] Loss: 0.4212, Accuracy: 80.30 %
Predictions - 1s: 7, 0s: 125
True Labels - 1s: 31, 0s: 101
Client 9 of 15: Local Epoch [2/3] Loss: 0.4397, Accuracy: 80.30 %
Predictions - 1s: 14, 0s: 118
True Labels - 1s: 37, 0s: 95
Client 1 of 15: Local Epoch [2/3] Loss: 0.4924, Accuracy: 76.52 %
Predictions - 1s: 17, 0s: 115
True Labels - 1s: 39, 0s: 93
Client 12 of 15: Local Epoch [3/3] Loss: 0.4227, Accuracy: 83.33 %
Predictions - 1s: 13, 0s: 119
True Labels - 1s: 29, 0s: 103
Client 5 of 15: Local Epoch [3/3] Loss: 0.3656, Accuracy: 84.85 %
Predictions - 1s: 10, 0s: 122
True Labels - 1s: 30, 0s: 102
Client 6 of 15: Local Epoch [3/3] Loss: 0.4042, Accuracy: 83.33 %
Predictions - 1s: 24, 0s: 108
True Labels - 1s: 43, 0s: 89
Client 11 of 15: Local Epoch [3/3] Loss: 0.4406, Accuracy: 84.09 %
Predictions - 1s: 21, 0s: 111
True Labels - 1s: 42, 0s: 90
Client 8 of 15: Local Epoch [3/3] Loss: 0.4644, Accuracy: 78.03 %
Predictions - 1s: 17, 0s: 115
True Labels - 1s: 36, 0s: 96
Client 13 of 15: Local Epoch [3/3] Loss: 0.4287, Accuracy: 82.58 %
Predictions - 1s: 24, 0s: 108
True Labels - 1s: 39, 0s: 93
Client 2 of 15: Local Epoch [3/3] Loss: 0.4632, Accuracy: 85.61 %
Predictions - 1s: 10, 0s: 122
True Labels - 1s: 31, 0s: 101
Client 9 of 15: Local Epoch [3/3] Loss: 0.3951, Accuracy: 84.09 %
Predictions - 1s: 16, 0s: 116
True Labels - 1s: 32, 0s: 100
Client 4 of 15: Local Epoch [3/3] Loss: 0.4069, Accuracy: 86.36 %
Predictions - 1s: 14, 0s: 118
True Labels - 1s: 37, 0s: 95
Client 1 of 15: Local Epoch [3/3] Loss: 0.4337, Accuracy: 79.55 %
-------------------------------
Round [2/4] Average Local Loss: 0.4248, Average Local Accuracy: 82.24 %
-------------------------------
-------- Validation --------
Predictions - 1s: 63, 0s: 433
True Labels - 1s: 122, 0s: 374
Round [2/4] Global Model Validation Loss: 0.4469, Validation Accuracy: 80.04 %
-------- Validation finished --------
Updated best model in round 2 saved with Validation Loss: 0.4469 and Validation Accuracy: 80.04 %
-------------------------------

Round 3 of 4
-------------------------------
Predictions - 1s: 13, 0s: 119
True Labels - 1s: 31, 0s: 101
Client 9 of 15: Local Epoch [1/3] Loss: 0.4877, Accuracy: 78.79 %
Predictions - 1s: 5, 0s: 127
True Labels - 1s: 36, 0s: 96
Client 13 of 15: Local Epoch [1/3] Loss: 0.5264, Accuracy: 75.00 %
Predictions - 1s: 15, 0s: 117
True Labels - 1s: 30, 0s: 102
Client 6 of 15: Local Epoch [1/3] Loss: 0.4575, Accuracy: 78.03 %
Predictions - 1s: 7, 0s: 125
True Labels - 1s: 31, 0s: 101
Client 9 of 15: Local Epoch [2/3] Loss: 0.3960, Accuracy: 81.82 %
Predictions - 1s: 28, 0s: 104
True Labels - 1s: 36, 0s: 96
Client 13 of 15: Local Epoch [2/3] Loss: 0.4484, Accuracy: 81.82 %
Predictions - 1s: 11, 0s: 121
True Labels - 1s: 32, 0s: 100
Client 4 of 15: Local Epoch [1/3] Loss: 0.4595, Accuracy: 79.55 %
Predictions - 1s: 18, 0s: 114
True Labels - 1s: 30, 0s: 102
Client 6 of 15: Local Epoch [2/3] Loss: 0.3717, Accuracy: 84.85 %
Predictions - 1s: 20, 0s: 112
True Labels - 1s: 31, 0s: 101
Client 9 of 15: Local Epoch [3/3] Loss: 0.3715, Accuracy: 87.12 %
Predictions - 1s: 18, 0s: 114
True Labels - 1s: 36, 0s: 96
Client 13 of 15: Local Epoch [3/3] Loss: 0.3970, Accuracy: 84.85 %
Predictions - 1s: 16, 0s: 116
True Labels - 1s: 37, 0s: 95
Client 1 of 15: Local Epoch [1/3] Loss: 0.5083, Accuracy: 73.48 %
Predictions - 1s: 17, 0s: 115
True Labels - 1s: 32, 0s: 100
Client 4 of 15: Local Epoch [2/3] Loss: 0.3620, Accuracy: 87.12 %
Predictions - 1s: 25, 0s: 107
True Labels - 1s: 47, 0s: 85
Client 10 of 15: Local Epoch [1/3] Loss: 0.5549, Accuracy: 72.73 %
Predictions - 1s: 15, 0s: 117
True Labels - 1s: 39, 0s: 93
Client 2 of 15: Local Epoch [1/3] Loss: 0.5455, Accuracy: 72.73 %
Predictions - 1s: 6, 0s: 126
True Labels - 1s: 39, 0s: 93
Client 12 of 15: Local Epoch [1/3] Loss: 0.5381, Accuracy: 73.48 %
Predictions - 1s: 25, 0s: 107
True Labels - 1s: 34, 0s: 98
Client 3 of 15: Local Epoch [1/3] Loss: 0.4757, Accuracy: 76.52 %
Predictions - 1s: 29, 0s: 103
True Labels - 1s: 42, 0s: 90
Client 8 of 15: Local Epoch [1/3] Loss: 0.5229, Accuracy: 76.52 %
Predictions - 1s: 9, 0s: 123
True Labels - 1s: 29, 0s: 103
Client 5 of 15: Local Epoch [1/3] Loss: 0.4093, Accuracy: 81.82 %
Predictions - 1s: 15, 0s: 117
True Labels - 1s: 33, 0s: 99
Client 7 of 15: Local Epoch [1/3] Loss: 0.4703, Accuracy: 78.79 %
Predictions - 1s: 19, 0s: 113
True Labels - 1s: 43, 0s: 89
Client 11 of 15: Local Epoch [1/3] Loss: 0.5356, Accuracy: 78.79 %
Predictions - 1s: 21, 0s: 111
True Labels - 1s: 37, 0s: 95
Client 14 of 15: Local Epoch [1/3] Loss: 0.5455, Accuracy: 68.18 %
Predictions - 1s: 26, 0s: 108
True Labels - 1s: 43, 0s: 91
Client 15 of 15: Local Epoch [1/3] Loss: 0.5065, Accuracy: 75.37 %
Predictions - 1s: 16, 0s: 116
True Labels - 1s: 30, 0s: 102
Client 6 of 15: Local Epoch [3/3] Loss: 0.3430, Accuracy: 86.36 %
Predictions - 1s: 17, 0s: 115
True Labels - 1s: 37, 0s: 95
Client 1 of 15: Local Epoch [2/3] Loss: 0.4517, Accuracy: 78.79 %
Predictions - 1s: 16, 0s: 116
True Labels - 1s: 32, 0s: 100
Client 4 of 15: Local Epoch [3/3] Loss: 0.3448, Accuracy: 84.85 %
Predictions - 1s: 40, 0s: 94
True Labels - 1s: 43, 0s: 91
Client 15 of 15: Local Epoch [2/3] Loss: 0.4305, Accuracy: 76.87 %
Predictions - 1s: 24, 0s: 108
True Labels - 1s: 37, 0s: 95
Client 14 of 15: Local Epoch [2/3] Loss: 0.4766, Accuracy: 76.52 %
Predictions - 1s: 43, 0s: 89
True Labels - 1s: 47, 0s: 85
Client 10 of 15: Local Epoch [2/3] Loss: 0.4622, Accuracy: 81.82 %
Predictions - 1s: 30, 0s: 102
True Labels - 1s: 37, 0s: 95
Client 1 of 15: Local Epoch [3/3] Loss: 0.3986, Accuracy: 84.09 %
Predictions - 1s: 27, 0s: 105
True Labels - 1s: 43, 0s: 89
Client 11 of 15: Local Epoch [2/3] Loss: 0.4723, Accuracy: 83.33 %
Predictions - 1s: 26, 0s: 106
True Labels - 1s: 42, 0s: 90
Client 8 of 15: Local Epoch [2/3] Loss: 0.4701, Accuracy: 75.76 %
Predictions - 1s: 28, 0s: 104
True Labels - 1s: 39, 0s: 93
Client 12 of 15: Local Epoch [2/3] Loss: 0.4585, Accuracy: 78.03 %
Predictions - 1s: 24, 0s: 108
True Labels - 1s: 29, 0s: 103
Client 5 of 15: Local Epoch [2/3] Loss: 0.3733, Accuracy: 85.61 %
Predictions - 1s: 35, 0s: 99
True Labels - 1s: 43, 0s: 91
Client 15 of 15: Local Epoch [3/3] Loss: 0.4104, Accuracy: 82.09 %
Predictions - 1s: 20, 0s: 112
True Labels - 1s: 33, 0s: 99
Client 7 of 15: Local Epoch [2/3] Loss: 0.4114, Accuracy: 79.55 %
Predictions - 1s: 33, 0s: 99
Predictions - 1s: 18, 0s: 114
True Labels - 1s: 39, 0s: 93
True Labels - 1s: 34, 0s: 98
Client 3 of 15: Local Epoch [2/3] Loss: 0.3698, Accuracy: 80.30 %
Client 2 of 15: Local Epoch [2/3] Loss: 0.4724, Accuracy: 78.79 %
Predictions - 1s: 22, 0s: 110
True Labels - 1s: 37, 0s: 95
Client 14 of 15: Local Epoch [3/3] Loss: 0.4486, Accuracy: 78.03 %
Predictions - 1s: 46, 0s: 86
True Labels - 1s: 47, 0s: 85
Client 10 of 15: Local Epoch [3/3] Loss: 0.4234, Accuracy: 82.58 %
Predictions - 1s: 23, 0s: 109
True Labels - 1s: 43, 0s: 89
Client 11 of 15: Local Epoch [3/3] Loss: 0.4125, Accuracy: 84.85 %
Predictions - 1s: 19, 0s: 113
True Labels - 1s: 33, 0s: 99
Client 7 of 15: Local Epoch [3/3] Loss: 0.3508, Accuracy: 86.36 %
Predictions - 1s: 31, 0s: 101
True Labels - 1s: 42, 0s: 90
Client 8 of 15: Local Epoch [3/3] Loss: 0.4076, Accuracy: 81.06 %
Predictions - 1s: 18, 0s: 114
True Labels - 1s: 39, 0s: 93
Client 12 of 15: Local Epoch [3/3] Loss: 0.4081, Accuracy: 81.06 %
Predictions - 1s: 15, 0s: 117
True Labels - 1s: 29, 0s: 103
Client 5 of 15: Local Epoch [3/3] Loss: 0.3397, Accuracy: 86.36 %
Predictions - 1s: 23, 0s: 109
True Labels - 1s: 39, 0s: 93
Client 2 of 15: Local Epoch [3/3] Loss: 0.4253, Accuracy: 80.30 %
Predictions - 1s: 17, 0s: 115
True Labels - 1s: 34, 0s: 98
Client 3 of 15: Local Epoch [3/3] Loss: 0.3794, Accuracy: 82.58 %
-------------------------------
Round [3/4] Average Local Loss: 0.3907, Average Local Accuracy: 83.50 %
-------------------------------
-------- Validation --------
Predictions - 1s: 99, 0s: 397
True Labels - 1s: 122, 0s: 374
Round [3/4] Global Model Validation Loss: 0.4207, Validation Accuracy: 80.85 %
-------- Validation finished --------
Updated best model in round 3 saved with Validation Loss: 0.4207 and Validation Accuracy: 80.85 %
-------------------------------

Round 4 of 4
-------------------------------
Predictions - 1s: 16, 0s: 116
True Labels - 1s: 30, 0s: 102
Client 6 of 15: Local Epoch [1/3] Loss: 0.4345, Accuracy: 81.82 %
Predictions - 1s: 18, 0s: 114
True Labels - 1s: 32, 0s: 100
Client 4 of 15: Local Epoch [1/3] Loss: 0.4310, Accuracy: 83.33 %
Predictions - 1s: 48, 0s: 84
True Labels - 1s: 47, 0s: 85
Client 10 of 15: Local Epoch [1/3] Loss: 0.4959, Accuracy: 76.52 %
Predictions - 1s: 13, 0s: 119
True Labels - 1s: 34, 0s: 98
Client 3 of 15: Local Epoch [1/3] Loss: 0.4424, Accuracy: 79.55 %
Predictions - 1s: 30, 0s: 104
True Labels - 1s: 43, 0s: 91
Client 15 of 15: Local Epoch [1/3] Loss: 0.4856, Accuracy: 81.34 %
Predictions - 1s: 17, 0s: 115
True Labels - 1s: 30, 0s: 102
Client 6 of 15: Local Epoch [2/3] Loss: 0.3368, Accuracy: 85.61 %
Predictions - 1s: 11, 0s: 121
True Labels - 1s: 36, 0s: 96
Client 13 of 15: Local Epoch [1/3] Loss: 0.4695, Accuracy: 76.52 %
Predictions - 1s: 19, 0s: 113
True Labels - 1s: 39, 0s: 93
Client 12 of 15: Local Epoch [1/3] Loss: 0.5123, Accuracy: 74.24 %
Predictions - 1s: 32, 0s: 100
True Labels - 1s: 39, 0s: 93
Client 2 of 15: Local Epoch [1/3] Loss: 0.4843, Accuracy: 76.52 %
Predictions - 1s: 26, 0s: 106
True Labels - 1s: 37, 0s: 95
Predictions - 1s: 27, 0s: 105
Client 14 of 15: Local Epoch [1/3] Loss: 0.5170, Accuracy: 75.00 %
True Labels - 1s: 43, 0s: 89
Client 11 of 15: Local Epoch [1/3] Loss: 0.5050, Accuracy: 78.79 %
Predictions - 1s: 18, 0s: 114
True Labels - 1s: 33, 0s: 99
Client 7 of 15: Local Epoch [1/3] Loss: 0.4380, Accuracy: 79.55 %
Predictions - 1s: 20, 0s: 112
True Labels - 1s: 29, 0s: 103
Client 5 of 15: Local Epoch [1/3] Loss: 0.4166, Accuracy: 84.09 %
Predictions - 1s: 23, 0s: 109
True Labels - 1s: 42, 0s: 90
Predictions - 1s: 13, 0s: 119
Client 8 of 15: Local Epoch [1/3] Loss: 0.5316, Accuracy: 71.97 %
True Labels - 1s: 37, 0s: 95
Client 1 of 15: Local Epoch [1/3] Loss: 0.5122, Accuracy: 74.24 %
Predictions - 1s: 19, 0s: 113
True Labels - 1s: 31, 0s: 101
Client 9 of 15: Local Epoch [1/3] Loss: 0.4482, Accuracy: 78.79 %
Predictions - 1s: 17, 0s: 115
True Labels - 1s: 32, 0s: 100
Client 4 of 15: Local Epoch [2/3] Loss: 0.3334, Accuracy: 85.61 %
Predictions - 1s: 36, 0s: 96
True Labels - 1s: 47, 0s: 85
Client 10 of 15: Local Epoch [2/3] Loss: 0.4325, Accuracy: 76.52 %
Predictions - 1s: 27, 0s: 105
True Labels - 1s: 34, 0s: 98
Client 3 of 15: Local Epoch [2/3] Loss: 0.3693, Accuracy: 84.09 %
Predictions - 1s: 18, 0s: 114
True Labels - 1s: 30, 0s: 102
Client 6 of 15: Local Epoch [3/3] Loss: 0.3219, Accuracy: 86.36 %
Predictions - 1s: 43, 0s: 91
True Labels - 1s: 43, 0s: 91
Client 15 of 15: Local Epoch [2/3] Loss: 0.3896, Accuracy: 82.09 %
Predictions - 1s: 29, 0s: 103
True Labels - 1s: 36, 0s: 96
Client 13 of 15: Local Epoch [2/3] Loss: 0.3928, Accuracy: 85.61 %
Predictions - 1s: 30, 0s: 102
True Labels - 1s: 39, 0s: 93
Client 12 of 15: Local Epoch [2/3] Loss: 0.4261, Accuracy: 82.58 %
Predictions - 1s: 23, 0s: 109
True Labels - 1s: 39, 0s: 93
Client 2 of 15: Local Epoch [2/3] Loss: 0.4267, Accuracy: 83.33 %
Predictions - 1s: 24, 0s: 108
True Labels - 1s: 32, 0s: 100
Client 4 of 15: Local Epoch [3/3] Loss: 0.3074, Accuracy: 89.39 %
Predictions - 1s: 48, 0s: 84
True Labels - 1s: 47, 0s: 85
Client 10 of 15: Local Epoch [3/3] Loss: 0.3866, Accuracy: 87.12 %
Predictions - 1s: 27, 0s: 105
True Labels - 1s: 34, 0s: 98
Client 3 of 15: Local Epoch [3/3] Loss: 0.3239, Accuracy: 85.61 %
Predictions - 1s: 15, 0s: 117
True Labels - 1s: 33, 0s: 99
Client 7 of 15: Local Epoch [2/3] Loss: 0.3928, Accuracy: 81.82 %
Predictions - 1s: 39, 0s: 93
True Labels - 1s: 37, 0s: 95
Client 1 of 15: Local Epoch [2/3] Loss: 0.4193, Accuracy: 83.33 %
Predictions - 1s: 23, 0s: 109
True Labels - 1s: 42, 0s: 90
Client 8 of 15: Local Epoch [2/3] Loss: 0.4470, Accuracy: 79.55 %
Predictions - 1s: 28, 0s: 104
True Labels - 1s: 39, 0s: 93
Client 12 of 15: Local Epoch [3/3] Loss: 0.3665, Accuracy: 87.12 %
Predictions - 1s: 13, 0s: 119
True Labels - 1s: 37, 0s: 95
Client 14 of 15: Local Epoch [2/3] Loss: 0.4639, Accuracy: 78.79 %
Predictions - 1s: 30, 0s: 102
True Labels - 1s: 43, 0s: 89
Client 11 of 15: Local Epoch [2/3] Loss: 0.4430, Accuracy: 81.06 %
Predictions - 1s: 19, 0s: 113
True Labels - 1s: 29, 0s: 103
Client 5 of 15: Local Epoch [2/3] Loss: 0.3322, Accuracy: 87.88 %
Predictions - 1s: 13, 0s: 119
True Labels - 1s: 31, 0s: 101
Client 9 of 15: Local Epoch [2/3] Loss: 0.3759, Accuracy: 81.82 %
Predictions - 1s: 32, 0s: 102
True Labels - 1s: 43, 0s: 91
Client 15 of 15: Local Epoch [3/3] Loss: 0.3764, Accuracy: 85.82 %
Predictions - 1s: 25, 0s: 107
True Labels - 1s: 36, 0s: 96
Client 13 of 15: Local Epoch [3/3] Loss: 0.3517, Accuracy: 87.12 %
Predictions - 1s: 26, 0s: 106
True Labels - 1s: 39, 0s: 93
Client 2 of 15: Local Epoch [3/3] Loss: 0.3790, Accuracy: 85.61 %
Predictions - 1s: 23, 0s: 109
True Labels - 1s: 33, 0s: 99
Client 7 of 15: Local Epoch [3/3] Loss: 0.3566, Accuracy: 84.85 %
Predictions - 1s: 24, 0s: 108
True Labels - 1s: 37, 0s: 95
Client 14 of 15: Local Epoch [3/3] Loss: 0.4372, Accuracy: 76.52 %
Predictions - 1s: 21, 0s: 111
True Labels - 1s: 37, 0s: 95
Client 1 of 15: Local Epoch [3/3] Loss: 0.3837, Accuracy: 81.82 %
Predictions - 1s: 28, 0s: 104
True Labels - 1s: 42, 0s: 90
Client 8 of 15: Local Epoch [3/3] Loss: 0.4035, Accuracy: 81.82 %
Predictions - 1s: 32, 0s: 100
True Labels - 1s: 43, 0s: 89
Client 11 of 15: Local Epoch [3/3] Loss: 0.3730, Accuracy: 85.61 %
Predictions - 1s: 16, 0s: 116
True Labels - 1s: 29, 0s: 103
Client 5 of 15: Local Epoch [3/3] Loss: 0.2900, Accuracy: 88.64 %
Predictions - 1s: 18, 0s: 114
True Labels - 1s: 31, 0s: 101
Client 9 of 15: Local Epoch [3/3] Loss: 0.3448, Accuracy: 85.61 %
-------------------------------
Round [4/4] Average Local Loss: 0.3601, Average Local Accuracy: 85.27 %
-------------------------------
-------- Validation --------
Predictions - 1s: 114, 0s: 382
True Labels - 1s: 122, 0s: 374
Round [4/4] Global Model Validation Loss: 0.4095, Validation Accuracy: 80.65 %
-------- Validation finished --------
Updated best model in round 4 saved with Validation Loss: 0.4095 and Validation Accuracy: 80.65 %
-------------------------------
Best model in round 4 saved with Validation Loss: 0.4095 and Validation Accuracy: 80.65 %

-------- Training finished in 11:22 --------

Test flag enabled. Testing the model

-------- Loading best model from model_path --------
Loaded model bert-small from date 22-04-2024 18:56. Trained with Federated Learning technology.
Round 4, lr: 6e-05, optimizer: AdamW
Average train accuracy: 85.27 %, Validation accuracy: 80.65 %
-------- Best model loaded --------

-------- Creating Test Dataloader --------
Test Loader: 618 total sentences. 78 batches of size 8.
-------- Test Dataloader created --------

-------- Testing --------
Predictions - 1s: 151, 0s: 467
True Labels - 1s: 168, 0s: 450
Nº of test samples: 618
Accuracy: 81.07%
Accuracy 2 : 81.07%
Precision: 76.27%
Recall: 74.50%
F1 Score: 75.28%
Classification report:
              precision    recall  f1-score   support

           0     0.8565    0.8889    0.8724       450
           1     0.6689    0.6012    0.6332       168

    accuracy                         0.8107       618
   macro avg     0.7627    0.7450    0.7528       618
weighted avg     0.8055    0.8107    0.8074       618

-------- Testing finished --------
