Current configuration:
{
    "concurrency_flag": true,
    "data_distribution": "iid",
    "dataset": "twitter_dep",
    "device": "cuda",
    "dp_delta": 0.003,
    "dp_epsilon": 0.0,
    "eval_batch_size": 4,
    "eval_flag": true,
    "eval_size": 0.2,
    "fed_alg": "fedavg",
    "layers": 3,
    "learning_rate": 6e-05,
    "max_length": 512,
    "ml_mode": "bcfl",
    "model": "bert_small",
    "model_name": "bcfl_small_c10_seed8_twitter_dep",
    "models_path": "/local/vpaloma/fabric-federated-learning/ablation_study/phase-4/final/accs-times/twitter_dep/",
    "mu": 0.5,
    "num_clients": 10,
    "num_epochs": 3,
    "num_rounds": 4,
    "optimizer": "AdamW",
    "progress_bar_flag": false,
    "save_model": true,
    "scheduler": "linear",
    "scheduler_warmup_steps": 0,
    "seed": "random",
    "test_flag": true,
    "train_batch_size": 4,
    "train_size": 0.8
}
-------- Configuration loaded --------

-------- Setting device --------
cuda device selected and available.
-------- Device set --------

-------- Setting seed --------
seed set:  603769
-------- Seed set --------

-------- Creating Model --------
-------- Model created --------

-------- Setting Trainable Layers --------
Training the last 3 layers.

Total parameters count: 28764674
Trainable parameters count: 3416066
-------- Trainable Layers set --------

-------- Creating Tokenizer --------
-------- Tokenizer created --------

-------- Creating Train and Eval Dataloaders --------
Train Loader: 1982 total sentences. 496 batches of size 4.
Eval Loader: 496 total sentences. 124 batches of size 4.
-------- Train and Eval Dataloaders created --------

-------- Training --------
Training with Blockchain-Based Federated Learning technology.
Training without differential privacy.
Federated averaging algorithm selected.
Client 0: Label 0: 138, Label 1: 60
Client 1: Label 0: 146, Label 1: 52
Client 2: Label 0: 144, Label 1: 54
Client 3: Label 0: 145, Label 1: 53
Client 4: Label 0: 152, Label 1: 46
Client 5: Label 0: 143, Label 1: 55
Client 6: Label 0: 143, Label 1: 55
Client 7: Label 0: 141, Label 1: 57
Client 8: Label 0: 142, Label 1: 56
Client 9: Label 0: 147, Label 1: 53

Round 1 of 4
-------------------------------
Predictions - 1s: 5, 0s: 193
True Labels - 1s: 57, 0s: 141
Client 8 of 10: Local Epoch [1/3] Loss: 0.6054, Accuracy: 69.70 %
Predictions - 1s: 4, 0s: 194
True Labels - 1s: 55, 0s: 143
Client 7 of 10: Local Epoch [1/3] Loss: 0.5869, Accuracy: 71.21 %
Predictions - 1s: 1, 0s: 197
True Labels - 1s: 60, 0s: 138
Client 1 of 10: Local Epoch [1/3] Loss: 0.6058, Accuracy: 69.19 %
Predictions - 1s: 3, 0s: 195
True Labels - 1s: 57, 0s: 141
Client 8 of 10: Local Epoch [2/3] Loss: 0.5370, Accuracy: 72.73 %
Predictions - 1s: 15, 0s: 183
True Labels - 1s: 55, 0s: 143
Client 7 of 10: Local Epoch [2/3] Loss: 0.4938, Accuracy: 77.78 %
Predictions - 1s: 12, 0s: 186
True Labels - 1s: 54, 0s: 144
Client 3 of 10: Local Epoch [1/3] Loss: 0.5601, Accuracy: 70.71 %
Predictions - 1s: 10, 0s: 188
True Labels - 1s: 46, 0s: 152
Client 5 of 10: Local Epoch [1/3] Loss: 0.5421, Accuracy: 74.75 %
Predictions - 1s: 4, 0s: 196
True Labels - 1s: 53, 0s: 147
Client 10 of 10: Local Epoch [1/3] Loss: 0.5853, Accuracy: 73.50 %
Predictions - 1s: 8, 0s: 190
True Labels - 1s: 55, 0s: 143
Client 6 of 10: Local Epoch [1/3] Loss: 0.5734, Accuracy: 71.21 %
Predictions - 1s: 6, 0s: 192
True Labels - 1s: 56, 0s: 142
Client 9 of 10: Local Epoch [1/3] Loss: 0.6113, Accuracy: 69.70 %
Predictions - 1s: 2, 0s: 196
True Labels - 1s: 53, 0s: 145
Predictions - 1s: 3, 0s: 195
Client 4 of 10: Local Epoch [1/3] Loss: 0.5887, Accuracy: 72.22 %
True Labels - 1s: 52, 0s: 146
Client 2 of 10: Local Epoch [1/3] Loss: 0.5891, Accuracy: 73.23 %
Predictions - 1s: 1, 0s: 197
True Labels - 1s: 60, 0s: 138
Client 1 of 10: Local Epoch [2/3] Loss: 0.5380, Accuracy: 70.20 %
Predictions - 1s: 8, 0s: 190
True Labels - 1s: 57, 0s: 141
Client 8 of 10: Local Epoch [3/3] Loss: 0.5174, Accuracy: 73.23 %
Predictions - 1s: 5, 0s: 193
True Labels - 1s: 55, 0s: 143
Client 7 of 10: Local Epoch [3/3] Loss: 0.4729, Accuracy: 73.74 %
Predictions - 1s: 0, 0s: 198
True Labels - 1s: 46, 0s: 152
Client 5 of 10: Local Epoch [2/3] Loss: 0.4727, Accuracy: 76.77 %
Predictions - 1s: 18, 0s: 180
True Labels - 1s: 54, 0s: 144
Client 3 of 10: Local Epoch [2/3] Loss: 0.4648, Accuracy: 77.78 %
Predictions - 1s: 10, 0s: 190
True Labels - 1s: 53, 0s: 147
Client 10 of 10: Local Epoch [2/3] Loss: 0.4925, Accuracy: 75.50 %
Predictions - 1s: 3, 0s: 195
True Labels - 1s: 52, 0s: 146
Client 2 of 10: Local Epoch [2/3] Loss: 0.4967, Accuracy: 74.24 %
Predictions - 1s: 13, 0s: 185
True Labels - 1s: 53, 0s: 145
Client 4 of 10: Local Epoch [2/3] Loss: 0.4895, Accuracy: 78.79 %
Predictions - 1s: 24, 0s: 174
True Labels - 1s: 60, 0s: 138
Client 1 of 10: Local Epoch [3/3] Loss: 0.5083, Accuracy: 76.77 %
Predictions - 1s: 6, 0s: 192
True Labels - 1s: 55, 0s: 143
Client 6 of 10: Local Epoch [2/3] Loss: 0.4875, Accuracy: 75.25 %
Predictions - 1s: 7, 0s: 191
True Labels - 1s: 56, 0s: 142
Client 9 of 10: Local Epoch [2/3] Loss: 0.5164, Accuracy: 75.25 %
Predictions - 1s: 8, 0s: 192
True Labels - 1s: 53, 0s: 147
Client 10 of 10: Local Epoch [3/3] Loss: 0.4499, Accuracy: 76.50 %
Predictions - 1s: 3, 0s: 195
True Labels - 1s: 46, 0s: 152
Client 5 of 10: Local Epoch [3/3] Loss: 0.4485, Accuracy: 78.28 %
Predictions - 1s: 19, 0s: 179
True Labels - 1s: 54, 0s: 144
Client 3 of 10: Local Epoch [3/3] Loss: 0.4193, Accuracy: 78.28 %
Predictions - 1s: 13, 0s: 185
True Labels - 1s: 52, 0s: 146
Client 2 of 10: Local Epoch [3/3] Loss: 0.4722, Accuracy: 78.28 %
Predictions - 1s: 19, 0s: 179
True Labels - 1s: 53, 0s: 145
Client 4 of 10: Local Epoch [3/3] Loss: 0.4479, Accuracy: 80.81 %
Predictions - 1s: 42, 0s: 156
True Labels - 1s: 55, 0s: 143
Client 6 of 10: Local Epoch [3/3] Loss: 0.4589, Accuracy: 81.31 %
Predictions - 1s: 12, 0s: 186
True Labels - 1s: 56, 0s: 142
Client 9 of 10: Local Epoch [3/3] Loss: 0.4812, Accuracy: 75.76 %
-------------------------------
Round [1/4] Average Local Loss: 0.4676, Average Local Accuracy: 77.30 %
-------------------------------
-------- Validation --------
Predictions - 1s: 20, 0s: 476
True Labels - 1s: 133, 0s: 363
Round [1/4] Global Model Validation Loss: 0.5072, Validation Accuracy: 75.20 %
-------- Validation finished --------
Updated best model in round 1 saved with Validation Loss: 0.5072 and Validation Accuracy: 75.20 %
-------------------------------

Round 2 of 4
-------------------------------
Predictions - 1s: 17, 0s: 181
True Labels - 1s: 55, 0s: 143
Client 7 of 10: Local Epoch [1/3] Loss: 0.4955, Accuracy: 78.79 %
Predictions - 1s: 20, 0s: 178
True Labels - 1s: 54, 0s: 144
Client 3 of 10: Local Epoch [1/3] Loss: 0.4537, Accuracy: 76.77 %
Predictions - 1s: 15, 0s: 183
True Labels - 1s: 57, 0s: 141
Client 8 of 10: Local Epoch [1/3] Loss: 0.5592, Accuracy: 72.73 %
Predictions - 1s: 16, 0s: 182
True Labels - 1s: 52, 0s: 146
Client 2 of 10: Local Epoch [1/3] Loss: 0.4937, Accuracy: 76.77 %
Predictions - 1s: 22, 0s: 176
True Labels - 1s: 56, 0s: 142
Client 9 of 10: Local Epoch [1/3] Loss: 0.4966, Accuracy: 74.75 %
Predictions - 1s: 21, 0s: 177
True Labels - 1s: 53, 0s: 145
Client 4 of 10: Local Epoch [1/3] Loss: 0.4741, Accuracy: 78.79 %
Predictions - 1s: 6, 0s: 192
True Labels - 1s: 46, 0s: 152
Client 5 of 10: Local Epoch [1/3] Loss: 0.4910, Accuracy: 76.77 %
Predictions - 1s: 24, 0s: 174
True Labels - 1s: 55, 0s: 143
Client 6 of 10: Local Epoch [1/3] Loss: 0.4990, Accuracy: 76.26 %
Predictions - 1s: 16, 0s: 182
True Labels - 1s: 60, 0s: 138
Client 1 of 10: Local Epoch [1/3] Loss: 0.5487, Accuracy: 72.73 %
Predictions - 1s: 14, 0s: 186
True Labels - 1s: 53, 0s: 147
Client 10 of 10: Local Epoch [1/3] Loss: 0.5070, Accuracy: 76.50 %
Predictions - 1s: 36, 0s: 162
True Labels - 1s: 55, 0s: 143
Client 7 of 10: Local Epoch [2/3] Loss: 0.4237, Accuracy: 83.33 %
Predictions - 1s: 39, 0s: 159
True Labels - 1s: 54, 0s: 144
Client 3 of 10: Local Epoch [2/3] Loss: 0.3934, Accuracy: 82.32 %
Predictions - 1s: 24, 0s: 174
True Labels - 1s: 57, 0s: 141
Client 8 of 10: Local Epoch [2/3] Loss: 0.5043, Accuracy: 75.25 %
Predictions - 1s: 31, 0s: 167
True Labels - 1s: 52, 0s: 146
Client 2 of 10: Local Epoch [2/3] Loss: 0.4295, Accuracy: 81.31 %
Predictions - 1s: 25, 0s: 173
True Labels - 1s: 56, 0s: 142
Client 9 of 10: Local Epoch [2/3] Loss: 0.4204, Accuracy: 80.30 %
Predictions - 1s: 32, 0s: 166
True Labels - 1s: 53, 0s: 145
Client 4 of 10: Local Epoch [2/3] Loss: 0.4147, Accuracy: 81.31 %
Predictions - 1s: 14, 0s: 184
True Labels - 1s: 46, 0s: 152
Client 5 of 10: Local Epoch [2/3] Loss: 0.4178, Accuracy: 81.82 %
Predictions - 1s: 38, 0s: 160
True Labels - 1s: 55, 0s: 143
Client 7 of 10: Local Epoch [3/3] Loss: 0.3689, Accuracy: 86.36 %
Predictions - 1s: 30, 0s: 168
True Labels - 1s: 55, 0s: 143
Client 6 of 10: Local Epoch [2/3] Loss: 0.4232, Accuracy: 80.30 %
Predictions - 1s: 20, 0s: 180
True Labels - 1s: 53, 0s: 147
Client 10 of 10: Local Epoch [2/3] Loss: 0.4302, Accuracy: 79.50 %
Predictions - 1s: 37, 0s: 161
True Labels - 1s: 60, 0s: 138
Client 1 of 10: Local Epoch [2/3] Loss: 0.4764, Accuracy: 76.26 %
Predictions - 1s: 45, 0s: 153
True Labels - 1s: 54, 0s: 144
Client 3 of 10: Local Epoch [3/3] Loss: 0.3734, Accuracy: 83.33 %
Predictions - 1s: 23, 0s: 175
True Labels - 1s: 57, 0s: 141
Client 8 of 10: Local Epoch [3/3] Loss: 0.4496, Accuracy: 77.78 %
Predictions - 1s: 26, 0s: 172
True Labels - 1s: 52, 0s: 146
Client 2 of 10: Local Epoch [3/3] Loss: 0.4031, Accuracy: 81.82 %
Predictions - 1s: 39, 0s: 159
True Labels - 1s: 56, 0s: 142
Client 9 of 10: Local Epoch [3/3] Loss: 0.3919, Accuracy: 84.34 %
Predictions - 1s: 41, 0s: 157
True Labels - 1s: 53, 0s: 145
Client 4 of 10: Local Epoch [3/3] Loss: 0.3777, Accuracy: 83.84 %
Predictions - 1s: 14, 0s: 184
True Labels - 1s: 46, 0s: 152
Client 5 of 10: Local Epoch [3/3] Loss: 0.3924, Accuracy: 81.82 %
Predictions - 1s: 33, 0s: 165
True Labels - 1s: 55, 0s: 143
Client 6 of 10: Local Epoch [3/3] Loss: 0.3782, Accuracy: 84.85 %
Predictions - 1s: 35, 0s: 165
True Labels - 1s: 53, 0s: 147
Client 10 of 10: Local Epoch [3/3] Loss: 0.3917, Accuracy: 84.00 %
Predictions - 1s: 36, 0s: 162
True Labels - 1s: 60, 0s: 138
Client 1 of 10: Local Epoch [3/3] Loss: 0.4462, Accuracy: 77.78 %
-------------------------------
Round [2/4] Average Local Loss: 0.3973, Average Local Accuracy: 82.59 %
-------------------------------
-------- Validation --------
Predictions - 1s: 89, 0s: 407
True Labels - 1s: 133, 0s: 363
Round [2/4] Global Model Validation Loss: 0.4649, Validation Accuracy: 78.63 %
-------- Validation finished --------
Updated best model in round 2 saved with Validation Loss: 0.4649 and Validation Accuracy: 78.63 %
-------------------------------

Round 3 of 4
-------------------------------
Predictions - 1s: 26, 0s: 172
True Labels - 1s: 52, 0s: 146
Client 2 of 10: Local Epoch [1/3] Loss: 0.4562, Accuracy: 78.79 %
Predictions - 1s: 36, 0s: 162
True Labels - 1s: 55, 0s: 143
Client 7 of 10: Local Epoch [1/3] Loss: 0.4718, Accuracy: 79.29 %
Predictions - 1s: 36, 0s: 162
True Labels - 1s: 56, 0s: 142
Client 9 of 10: Local Epoch [1/3] Loss: 0.4444, Accuracy: 77.78 %
Predictions - 1s: 38, 0s: 160
True Labels - 1s: 54, 0s: 144
Client 3 of 10: Local Epoch [1/3] Loss: 0.4271, Accuracy: 79.80 %
Predictions - 1s: 32, 0s: 166
True Labels - 1s: 55, 0s: 143
Client 6 of 10: Local Epoch [1/3] Loss: 0.4599, Accuracy: 79.29 %
Predictions - 1s: 31, 0s: 167
True Labels - 1s: 53, 0s: 145
Client 4 of 10: Local Epoch [1/3] Loss: 0.4407, Accuracy: 79.80 %
Predictions - 1s: 31, 0s: 169
True Labels - 1s: 53, 0s: 147
Client 10 of 10: Local Epoch [1/3] Loss: 0.4542, Accuracy: 80.00 %
Predictions - 1s: 56, 0s: 142
True Labels - 1s: 60, 0s: 138
Client 1 of 10: Local Epoch [1/3] Loss: 0.4929, Accuracy: 73.74 %
Predictions - 1s: 13, 0s: 185
True Labels - 1s: 46, 0s: 152
Client 5 of 10: Local Epoch [1/3] Loss: 0.4575, Accuracy: 80.30 %
Predictions - 1s: 32, 0s: 166
True Labels - 1s: 57, 0s: 141
Client 8 of 10: Local Epoch [1/3] Loss: 0.5054, Accuracy: 73.23 %
Predictions - 1s: 34, 0s: 164
True Labels - 1s: 52, 0s: 146
Client 2 of 10: Local Epoch [2/3] Loss: 0.3834, Accuracy: 81.82 %
Predictions - 1s: 36, 0s: 162
True Labels - 1s: 55, 0s: 143
Client 7 of 10: Local Epoch [2/3] Loss: 0.3753, Accuracy: 83.33 %
Predictions - 1s: 38, 0s: 160
True Labels - 1s: 56, 0s: 142
Client 9 of 10: Local Epoch [2/3] Loss: 0.3923, Accuracy: 82.83 %
Predictions - 1s: 44, 0s: 154
True Labels - 1s: 54, 0s: 144
Client 3 of 10: Local Epoch [2/3] Loss: 0.3396, Accuracy: 85.86 %
Predictions - 1s: 38, 0s: 160
True Labels - 1s: 55, 0s: 143
Client 6 of 10: Local Epoch [2/3] Loss: 0.3981, Accuracy: 83.33 %
Predictions - 1s: 37, 0s: 161
True Labels - 1s: 52, 0s: 146
Client 2 of 10: Local Epoch [3/3] Loss: 0.3466, Accuracy: 83.33 %
Predictions - 1s: 41, 0s: 157
True Labels - 1s: 53, 0s: 145
Client 4 of 10: Local Epoch [2/3] Loss: 0.3867, Accuracy: 85.86 %
Predictions - 1s: 31, 0s: 169
True Labels - 1s: 53, 0s: 147
Client 10 of 10: Local Epoch [2/3] Loss: 0.3817, Accuracy: 81.00 %
Predictions - 1s: 46, 0s: 152
True Labels - 1s: 60, 0s: 138
Client 1 of 10: Local Epoch [2/3] Loss: 0.4663, Accuracy: 74.75 %
Predictions - 1s: 38, 0s: 160
True Labels - 1s: 55, 0s: 143
Client 7 of 10: Local Epoch [3/3] Loss: 0.3485, Accuracy: 86.36 %
Predictions - 1s: 43, 0s: 155
True Labels - 1s: 56, 0s: 142
Client 9 of 10: Local Epoch [3/3] Loss: 0.3359, Accuracy: 87.37 %
Predictions - 1s: 26, 0s: 172
True Labels - 1s: 57, 0s: 141
Client 8 of 10: Local Epoch [2/3] Loss: 0.4391, Accuracy: 78.28 %
Predictions - 1s: 17, 0s: 181
True Labels - 1s: 46, 0s: 152
Client 5 of 10: Local Epoch [2/3] Loss: 0.4092, Accuracy: 83.33 %
Predictions - 1s: 44, 0s: 154
True Labels - 1s: 54, 0s: 144
Client 3 of 10: Local Epoch [3/3] Loss: 0.3060, Accuracy: 85.86 %
Predictions - 1s: 47, 0s: 151
True Labels - 1s: 55, 0s: 143
Client 6 of 10: Local Epoch [3/3] Loss: 0.3516, Accuracy: 86.87 %
Predictions - 1s: 41, 0s: 157
True Labels - 1s: 53, 0s: 145
Client 4 of 10: Local Epoch [3/3] Loss: 0.3313, Accuracy: 85.86 %
Predictions - 1s: 42, 0s: 156
True Labels - 1s: 60, 0s: 138
Client 1 of 10: Local Epoch [3/3] Loss: 0.4026, Accuracy: 80.81 %
Predictions - 1s: 40, 0s: 160
True Labels - 1s: 53, 0s: 147
Client 10 of 10: Local Epoch [3/3] Loss: 0.3419, Accuracy: 85.50 %
Predictions - 1s: 36, 0s: 162
True Labels - 1s: 57, 0s: 141
Client 8 of 10: Local Epoch [3/3] Loss: 0.3994, Accuracy: 84.34 %
Predictions - 1s: 22, 0s: 176
True Labels - 1s: 46, 0s: 152
Client 5 of 10: Local Epoch [3/3] Loss: 0.3659, Accuracy: 82.83 %
-------------------------------
Round [3/4] Average Local Loss: 0.3530, Average Local Accuracy: 84.91 %
-------------------------------
-------- Validation --------
Predictions - 1s: 119, 0s: 377
True Labels - 1s: 133, 0s: 363
Round [3/4] Global Model Validation Loss: 0.4511, Validation Accuracy: 79.84 %
-------- Validation finished --------
Updated best model in round 3 saved with Validation Loss: 0.4511 and Validation Accuracy: 79.84 %
-------------------------------

Round 4 of 4
-------------------------------
Predictions - 1s: 48, 0s: 150
True Labels - 1s: 60, 0s: 138
Client 1 of 10: Local Epoch [1/3] Loss: 0.4767, Accuracy: 75.76 %
Predictions - 1s: 36, 0s: 162
True Labels - 1s: 53, 0s: 145
Client 4 of 10: Local Epoch [1/3] Loss: 0.4265, Accuracy: 82.32 %
Predictions - 1s: 41, 0s: 157
True Labels - 1s: 54, 0s: 144
Client 3 of 10: Local Epoch [1/3] Loss: 0.4030, Accuracy: 80.30 %
Predictions - 1s: 30, 0s: 168
True Labels - 1s: 57, 0s: 141
Client 8 of 10: Local Epoch [1/3] Loss: 0.5216, Accuracy: 74.24 %
Predictions - 1s: 28, 0s: 170
True Labels - 1s: 46, 0s: 152
Client 5 of 10: Local Epoch [1/3] Loss: 0.4141, Accuracy: 82.83 %
Predictions - 1s: 50, 0s: 148
True Labels - 1s: 60, 0s: 138
Client 1 of 10: Local Epoch [2/3] Loss: 0.4198, Accuracy: 81.82 %
Predictions - 1s: 40, 0s: 158
True Labels - 1s: 53, 0s: 145
Client 4 of 10: Local Epoch [2/3] Loss: 0.3435, Accuracy: 84.34 %
Predictions - 1s: 43, 0s: 155
True Labels - 1s: 55, 0s: 143
Client 6 of 10: Local Epoch [1/3] Loss: 0.4473, Accuracy: 80.81 %
Predictions - 1s: 44, 0s: 154
True Labels - 1s: 56, 0s: 142
Client 9 of 10: Local Epoch [1/3] Loss: 0.4367, Accuracy: 78.79 %
Predictions - 1s: 41, 0s: 157
True Labels - 1s: 55, 0s: 143
Client 7 of 10: Local Epoch [1/3] Loss: 0.4452, Accuracy: 80.81 %
Predictions - 1s: 35, 0s: 163
True Labels - 1s: 52, 0s: 146
Client 2 of 10: Local Epoch [1/3] Loss: 0.4163, Accuracy: 81.31 %
Predictions - 1s: 39, 0s: 161
True Labels - 1s: 53, 0s: 147
Client 10 of 10: Local Epoch [1/3] Loss: 0.4090, Accuracy: 78.00 %
Predictions - 1s: 47, 0s: 151
True Labels - 1s: 54, 0s: 144
Client 3 of 10: Local Epoch [2/3] Loss: 0.3217, Accuracy: 84.34 %
Predictions - 1s: 42, 0s: 156
True Labels - 1s: 57, 0s: 141
Client 8 of 10: Local Epoch [2/3] Loss: 0.4410, Accuracy: 80.30 %
Predictions - 1s: 38, 0s: 160
True Labels - 1s: 60, 0s: 138
Client 1 of 10: Local Epoch [3/3] Loss: 0.3687, Accuracy: 81.82 %
Predictions - 1s: 28, 0s: 170
True Labels - 1s: 46, 0s: 152
Client 5 of 10: Local Epoch [2/3] Loss: 0.3643, Accuracy: 83.84 %
Predictions - 1s: 43, 0s: 155
True Labels - 1s: 53, 0s: 145
Client 4 of 10: Local Epoch [3/3] Loss: 0.2979, Accuracy: 85.86 %
Predictions - 1s: 42, 0s: 156
True Labels - 1s: 56, 0s: 142
Client 9 of 10: Local Epoch [2/3] Loss: 0.3608, Accuracy: 84.85 %
Predictions - 1s: 41, 0s: 157
True Labels - 1s: 55, 0s: 143
Client 7 of 10: Local Epoch [2/3] Loss: 0.3650, Accuracy: 84.85 %
Predictions - 1s: 47, 0s: 151
True Labels - 1s: 54, 0s: 144
Client 3 of 10: Local Epoch [3/3] Loss: 0.3061, Accuracy: 87.37 %
Predictions - 1s: 46, 0s: 152
True Labels - 1s: 55, 0s: 143
Client 6 of 10: Local Epoch [2/3] Loss: 0.3628, Accuracy: 84.34 %
Predictions - 1s: 35, 0s: 163
True Labels - 1s: 52, 0s: 146
Client 2 of 10: Local Epoch [2/3] Loss: 0.3714, Accuracy: 83.33 %
Predictions - 1s: 35, 0s: 165
True Labels - 1s: 53, 0s: 147
Client 10 of 10: Local Epoch [2/3] Loss: 0.3352, Accuracy: 85.00 %
Predictions - 1s: 28, 0s: 170
True Labels - 1s: 57, 0s: 141
Client 8 of 10: Local Epoch [3/3] Loss: 0.3987, Accuracy: 81.31 %
Predictions - 1s: 27, 0s: 171
True Labels - 1s: 46, 0s: 152
Client 5 of 10: Local Epoch [3/3] Loss: 0.3214, Accuracy: 87.37 %
Predictions - 1s: 43, 0s: 155
True Labels - 1s: 56, 0s: 142
Client 9 of 10: Local Epoch [3/3] Loss: 0.3152, Accuracy: 86.36 %
Predictions - 1s: 37, 0s: 161
True Labels - 1s: 55, 0s: 143
Client 7 of 10: Local Epoch [3/3] Loss: 0.3278, Accuracy: 85.86 %
Predictions - 1s: 39, 0s: 159
True Labels - 1s: 55, 0s: 143
Client 6 of 10: Local Epoch [3/3] Loss: 0.3438, Accuracy: 83.84 %
Predictions - 1s: 44, 0s: 154
True Labels - 1s: 52, 0s: 146
Client 2 of 10: Local Epoch [3/3] Loss: 0.3065, Accuracy: 89.90 %
Predictions - 1s: 51, 0s: 149
True Labels - 1s: 53, 0s: 147
Client 10 of 10: Local Epoch [3/3] Loss: 0.2877, Accuracy: 90.00 %
-------------------------------
Round [4/4] Average Local Loss: 0.3274, Average Local Accuracy: 85.97 %
-------------------------------
-------- Validation --------
Predictions - 1s: 121, 0s: 375
True Labels - 1s: 133, 0s: 363
Round [4/4] Global Model Validation Loss: 0.4383, Validation Accuracy: 79.84 %
-------- Validation finished --------
Updated best model in round 4 saved with Validation Loss: 0.4383 and Validation Accuracy: 79.84 %
-------------------------------
Best model in round 4 saved with Validation Loss: 0.4383 and Validation Accuracy: 79.84 %

-------- Training finished in 8:32 --------

Test flag enabled. Testing the model

-------- Loading best model from model_path --------
Loaded model bert-small from date 21-04-2024 21:43. Trained with Federated Learning technology.
Round 4, lr: 6e-05, optimizer: AdamW
Average train accuracy: 85.97 %, Validation accuracy: 79.84 %
-------- Best model loaded --------

-------- Creating Test Dataloader --------
Test Loader: 618 total sentences. 78 batches of size 8.
-------- Test Dataloader created --------

-------- Testing --------
Predictions - 1s: 147, 0s: 471
True Labels - 1s: 168, 0s: 450
Nº of test samples: 618
Accuracy: 82.69%
Accuracy 2 : 82.69%
Precision: 78.58%
Recall: 76.17%
F1 Score: 77.21%
Classification report:
              precision    recall  f1-score   support

           0     0.8641    0.9044    0.8838       450
           1     0.7075    0.6190    0.6603       168

    accuracy                         0.8269       618
   macro avg     0.7858    0.7617    0.7721       618
weighted avg     0.8215    0.8269    0.8231       618

-------- Testing finished --------
