Current configuration:
{
    "concurrency_flag": true,
    "data_distribution": "iid",
    "dataset": "twitter_dep",
    "device": "cuda",
    "dp_delta": 0.003,
    "dp_epsilon": 0.0,
    "eval_batch_size": 4,
    "eval_flag": true,
    "eval_size": 0.2,
    "fed_alg": "fedavg",
    "layers": 3,
    "learning_rate": 6e-05,
    "max_length": 512,
    "ml_mode": "bcfl",
    "model": "bert_small",
    "model_name": "bcfl_small_c3_seed3_twitter_dep",
    "models_path": "/local/vpaloma/fabric-federated-learning/ablation_study/phase-4/final/accs-times/twitter_dep/",
    "mu": 0.5,
    "num_clients": 3,
    "num_epochs": 3,
    "num_rounds": 4,
    "optimizer": "AdamW",
    "progress_bar_flag": false,
    "save_model": true,
    "scheduler": "linear",
    "scheduler_warmup_steps": 0,
    "seed": "random",
    "test_flag": true,
    "train_batch_size": 4,
    "train_size": 0.8
}
-------- Configuration loaded --------

-------- Setting device --------
cuda device selected and available.
-------- Device set --------

-------- Setting seed --------
seed set:  795980
-------- Seed set --------

-------- Creating Model --------
-------- Model created --------

-------- Setting Trainable Layers --------
Training the last 3 layers.

Total parameters count: 28764674
Trainable parameters count: 3416066
-------- Trainable Layers set --------

-------- Creating Tokenizer --------
-------- Tokenizer created --------

-------- Creating Train and Eval Dataloaders --------
Train Loader: 1982 total sentences. 496 batches of size 4.
Eval Loader: 496 total sentences. 124 batches of size 4.
-------- Train and Eval Dataloaders created --------

-------- Training --------
Training with Blockchain-Based Federated Learning technology.
Training without differential privacy.
Federated averaging algorithm selected.
Client 0: Label 0: 497, Label 1: 163
Client 1: Label 0: 461, Label 1: 199
Client 2: Label 0: 489, Label 1: 173

Round 1 of 4
-------------------------------
Predictions - 1s: 58, 0s: 602
True Labels - 1s: 199, 0s: 461
Client 2 of 3: Local Epoch [1/3] Loss: 0.5589, Accuracy: 71.06 %
Predictions - 1s: 38, 0s: 622
True Labels - 1s: 163, 0s: 497
Client 1 of 3: Local Epoch [1/3] Loss: 0.5076, Accuracy: 76.82 %
Predictions - 1s: 57, 0s: 605
True Labels - 1s: 173, 0s: 489
Client 3 of 3: Local Epoch [1/3] Loss: 0.5317, Accuracy: 75.23 %
Predictions - 1s: 88, 0s: 572
True Labels - 1s: 163, 0s: 497
Client 1 of 3: Local Epoch [2/3] Loss: 0.4137, Accuracy: 81.97 %
Predictions - 1s: 137, 0s: 523
True Labels - 1s: 199, 0s: 461
Client 2 of 3: Local Epoch [2/3] Loss: 0.4585, Accuracy: 79.70 %
Predictions - 1s: 111, 0s: 551
True Labels - 1s: 173, 0s: 489
Client 3 of 3: Local Epoch [2/3] Loss: 0.4377, Accuracy: 80.06 %
Predictions - 1s: 113, 0s: 549
True Labels - 1s: 173, 0s: 489
Client 3 of 3: Local Epoch [3/3] Loss: 0.3754, Accuracy: 83.69 %
Predictions - 1s: 151, 0s: 509
True Labels - 1s: 199, 0s: 461
Client 2 of 3: Local Epoch [3/3] Loss: 0.4081, Accuracy: 81.82 %
Predictions - 1s: 111, 0s: 549
True Labels - 1s: 163, 0s: 497
Client 1 of 3: Local Epoch [3/3] Loss: 0.3665, Accuracy: 82.73 %
-------------------------------
Round [1/4] Average Local Loss: 0.3833, Average Local Accuracy: 82.74 %
-------------------------------
-------- Validation --------
Predictions - 1s: 105, 0s: 391
True Labels - 1s: 139, 0s: 357
Round [1/4] Global Model Validation Loss: 0.4432, Validation Accuracy: 78.23 %
-------- Validation finished --------
Updated best model in round 1 saved with Validation Loss: 0.4432 and Validation Accuracy: 78.23 %
-------------------------------

Round 2 of 4
-------------------------------
Predictions - 1s: 161, 0s: 499
True Labels - 1s: 199, 0s: 461
Client 2 of 3: Local Epoch [1/3] Loss: 0.4552, Accuracy: 78.79 %
Predictions - 1s: 109, 0s: 551
True Labels - 1s: 163, 0s: 497
Client 1 of 3: Local Epoch [1/3] Loss: 0.4160, Accuracy: 80.30 %
Predictions - 1s: 126, 0s: 536
True Labels - 1s: 173, 0s: 489
Client 3 of 3: Local Epoch [1/3] Loss: 0.4289, Accuracy: 79.61 %
Predictions - 1s: 156, 0s: 504
True Labels - 1s: 199, 0s: 461
Client 2 of 3: Local Epoch [2/3] Loss: 0.3899, Accuracy: 82.88 %
Predictions - 1s: 122, 0s: 538
True Labels - 1s: 163, 0s: 497
Client 1 of 3: Local Epoch [2/3] Loss: 0.3559, Accuracy: 83.48 %
Predictions - 1s: 135, 0s: 527
True Labels - 1s: 173, 0s: 489
Client 3 of 3: Local Epoch [2/3] Loss: 0.3559, Accuracy: 84.59 %
Predictions - 1s: 137, 0s: 525
True Labels - 1s: 173, 0s: 489
Client 3 of 3: Local Epoch [3/3] Loss: 0.3105, Accuracy: 87.01 %
Predictions - 1s: 186, 0s: 474
True Labels - 1s: 199, 0s: 461
Client 2 of 3: Local Epoch [3/3] Loss: 0.3539, Accuracy: 84.09 %
Predictions - 1s: 127, 0s: 533
True Labels - 1s: 163, 0s: 497
Client 1 of 3: Local Epoch [3/3] Loss: 0.3071, Accuracy: 86.06 %
-------------------------------
Round [2/4] Average Local Loss: 0.3238, Average Local Accuracy: 85.72 %
-------------------------------
-------- Validation --------
Predictions - 1s: 119, 0s: 377
True Labels - 1s: 139, 0s: 357
Round [2/4] Global Model Validation Loss: 0.4184, Validation Accuracy: 80.65 %
-------- Validation finished --------
Updated best model in round 2 saved with Validation Loss: 0.4184 and Validation Accuracy: 80.65 %
-------------------------------

Round 3 of 4
-------------------------------
Predictions - 1s: 173, 0s: 487
True Labels - 1s: 199, 0s: 461
Client 2 of 3: Local Epoch [1/3] Loss: 0.4160, Accuracy: 80.61 %
Predictions - 1s: 126, 0s: 534
True Labels - 1s: 163, 0s: 497
Client 1 of 3: Local Epoch [1/3] Loss: 0.3796, Accuracy: 82.58 %
Predictions - 1s: 142, 0s: 520
True Labels - 1s: 173, 0s: 489
Client 3 of 3: Local Epoch [1/3] Loss: 0.3751, Accuracy: 82.63 %
Predictions - 1s: 141, 0s: 519
True Labels - 1s: 163, 0s: 497
Client 1 of 3: Local Epoch [2/3] Loss: 0.3048, Accuracy: 86.36 %
Predictions - 1s: 162, 0s: 498
True Labels - 1s: 199, 0s: 461
Client 2 of 3: Local Epoch [2/3] Loss: 0.3300, Accuracy: 86.82 %
Predictions - 1s: 150, 0s: 512
True Labels - 1s: 173, 0s: 489
Client 3 of 3: Local Epoch [2/3] Loss: 0.2969, Accuracy: 88.37 %
Predictions - 1s: 128, 0s: 532
True Labels - 1s: 163, 0s: 497
Client 1 of 3: Local Epoch [3/3] Loss: 0.2711, Accuracy: 89.24 %
Predictions - 1s: 184, 0s: 476
True Labels - 1s: 199, 0s: 461
Client 2 of 3: Local Epoch [3/3] Loss: 0.2893, Accuracy: 87.73 %
Predictions - 1s: 152, 0s: 510
True Labels - 1s: 173, 0s: 489
Client 3 of 3: Local Epoch [3/3] Loss: 0.2415, Accuracy: 90.48 %
-------------------------------
Round [3/4] Average Local Loss: 0.2673, Average Local Accuracy: 89.15 %
-------------------------------
-------- Validation --------
Predictions - 1s: 124, 0s: 372
True Labels - 1s: 139, 0s: 357
Round [3/4] Global Model Validation Loss: 0.4143, Validation Accuracy: 80.04 %
-------- Validation finished --------
Updated best model in round 3 saved with Validation Loss: 0.4143 and Validation Accuracy: 80.04 %
-------------------------------

Round 4 of 4
-------------------------------
Predictions - 1s: 122, 0s: 538
True Labels - 1s: 163, 0s: 497
Client 1 of 3: Local Epoch [1/3] Loss: 0.3527, Accuracy: 85.00 %
Predictions - 1s: 176, 0s: 484
True Labels - 1s: 199, 0s: 461
Client 2 of 3: Local Epoch [1/3] Loss: 0.3789, Accuracy: 83.79 %
Predictions - 1s: 142, 0s: 520
True Labels - 1s: 173, 0s: 489
Client 3 of 3: Local Epoch [1/3] Loss: 0.3101, Accuracy: 85.35 %
Predictions - 1s: 173, 0s: 487
True Labels - 1s: 199, 0s: 461
Client 2 of 3: Local Epoch [2/3] Loss: 0.2847, Accuracy: 88.48 %
Predictions - 1s: 135, 0s: 525
True Labels - 1s: 163, 0s: 497
Client 1 of 3: Local Epoch [2/3] Loss: 0.2693, Accuracy: 87.88 %
Predictions - 1s: 164, 0s: 498
True Labels - 1s: 173, 0s: 489
Client 3 of 3: Local Epoch [2/3] Loss: 0.2435, Accuracy: 90.18 %
Predictions - 1s: 148, 0s: 512
True Labels - 1s: 163, 0s: 497
Client 1 of 3: Local Epoch [3/3] Loss: 0.2174, Accuracy: 90.76 %
Predictions - 1s: 187, 0s: 473
True Labels - 1s: 199, 0s: 461
Client 2 of 3: Local Epoch [3/3] Loss: 0.2385, Accuracy: 90.00 %
Predictions - 1s: 159, 0s: 503
True Labels - 1s: 173, 0s: 489
Client 3 of 3: Local Epoch [3/3] Loss: 0.2074, Accuracy: 90.94 %
-------------------------------
Round [4/4] Average Local Loss: 0.2211, Average Local Accuracy: 90.56 %
-------------------------------
-------- Validation --------
Predictions - 1s: 125, 0s: 371
True Labels - 1s: 139, 0s: 357
Round [4/4] Global Model Validation Loss: 0.4189, Validation Accuracy: 81.05 %
-------- Validation finished --------
Best model in round 3 saved with Validation Loss: 0.4143 and Validation Accuracy: 80.04 %

-------- Training finished in 5:33 --------

Test flag enabled. Testing the model

-------- Loading best model from model_path --------
Loaded model bert-small from date 21-04-2024 22:12. Trained with Federated Learning technology.
Round 3, lr: 6e-05, optimizer: AdamW
Average train accuracy: 89.15 %, Validation accuracy: 80.04 %
-------- Best model loaded --------

-------- Creating Test Dataloader --------
Test Loader: 618 total sentences. 78 batches of size 8.
-------- Test Dataloader created --------

-------- Testing --------
Predictions - 1s: 158, 0s: 460
True Labels - 1s: 168, 0s: 450
Nº of test samples: 618
Accuracy: 83.17%
Accuracy 2 : 83.17%
Precision: 78.93%
Recall: 77.81%
F1 Score: 78.33%
Classification report:
              precision    recall  f1-score   support

           0     0.8761    0.8956    0.8857       450
           1     0.7025    0.6607    0.6810       168

    accuracy                         0.8317       618
   macro avg     0.7893    0.7781    0.7833       618
weighted avg     0.8289    0.8317    0.8301       618

-------- Testing finished --------
