Current configuration:
{
    "concurrency_flag": true,
    "data_distribution": "iid",
    "dataset": "twitter_dep",
    "device": "cuda",
    "dp_delta": 0.003,
    "dp_epsilon": 0.0,
    "eval_batch_size": 4,
    "eval_flag": true,
    "eval_size": 0.2,
    "fed_alg": "fedavg",
    "layers": 3,
    "learning_rate": 6e-05,
    "max_length": 512,
    "ml_mode": "bcfl",
    "model": "bert_small",
    "model_name": "bcfl_small_c3_seed8_twitter_dep",
    "models_path": "/local/vpaloma/fabric-federated-learning/ablation_study/phase-4/final/accs-times/twitter_dep/",
    "mu": 0.5,
    "num_clients": 3,
    "num_epochs": 3,
    "num_rounds": 4,
    "optimizer": "AdamW",
    "progress_bar_flag": false,
    "save_model": true,
    "scheduler": "linear",
    "scheduler_warmup_steps": 0,
    "seed": "random",
    "test_flag": true,
    "train_batch_size": 4,
    "train_size": 0.8
}
-------- Configuration loaded --------

-------- Setting device --------
cuda device selected and available.
-------- Device set --------

-------- Setting seed --------
seed set:  106089
-------- Seed set --------

-------- Creating Model --------
-------- Model created --------

-------- Setting Trainable Layers --------
Training the last 3 layers.

Total parameters count: 28764674
Trainable parameters count: 3416066
-------- Trainable Layers set --------

-------- Creating Tokenizer --------
-------- Tokenizer created --------

-------- Creating Train and Eval Dataloaders --------
Train Loader: 1982 total sentences. 496 batches of size 4.
Eval Loader: 496 total sentences. 124 batches of size 4.
-------- Train and Eval Dataloaders created --------

-------- Training --------
Training with Blockchain-Based Federated Learning technology.
Training without differential privacy.
Federated averaging algorithm selected.
Client 0: Label 0: 474, Label 1: 186
Client 1: Label 0: 481, Label 1: 179
Client 2: Label 0: 475, Label 1: 187

Round 1 of 4
-------------------------------
Predictions - 1s: 67, 0s: 593
True Labels - 1s: 186, 0s: 474
Client 1 of 3: Local Epoch [1/3] Loss: 0.5503, Accuracy: 73.18 %
Predictions - 1s: 63, 0s: 597
True Labels - 1s: 179, 0s: 481
Client 2 of 3: Local Epoch [1/3] Loss: 0.5187, Accuracy: 74.24 %
Predictions - 1s: 87, 0s: 575
True Labels - 1s: 187, 0s: 475
Client 3 of 3: Local Epoch [1/3] Loss: 0.5241, Accuracy: 74.02 %
Predictions - 1s: 105, 0s: 555
True Labels - 1s: 186, 0s: 474
Client 1 of 3: Local Epoch [2/3] Loss: 0.4595, Accuracy: 79.55 %
Predictions - 1s: 108, 0s: 552
True Labels - 1s: 179, 0s: 481
Client 2 of 3: Local Epoch [2/3] Loss: 0.4308, Accuracy: 80.76 %
Predictions - 1s: 140, 0s: 522
True Labels - 1s: 187, 0s: 475
Client 3 of 3: Local Epoch [2/3] Loss: 0.4144, Accuracy: 82.33 %
Predictions - 1s: 132, 0s: 528
True Labels - 1s: 179, 0s: 481
Client 2 of 3: Local Epoch [3/3] Loss: 0.3708, Accuracy: 83.79 %
Predictions - 1s: 123, 0s: 537
True Labels - 1s: 186, 0s: 474
Client 1 of 3: Local Epoch [3/3] Loss: 0.4012, Accuracy: 79.85 %
Predictions - 1s: 145, 0s: 517
True Labels - 1s: 187, 0s: 475
Client 3 of 3: Local Epoch [3/3] Loss: 0.3561, Accuracy: 84.29 %
-------------------------------
Round [1/4] Average Local Loss: 0.3761, Average Local Accuracy: 82.64 %
-------------------------------
-------- Validation --------
Predictions - 1s: 118, 0s: 378
True Labels - 1s: 122, 0s: 374
Round [1/4] Global Model Validation Loss: 0.4223, Validation Accuracy: 81.05 %
-------- Validation finished --------
Updated best model in round 1 saved with Validation Loss: 0.4223 and Validation Accuracy: 81.05 %
-------------------------------

Round 2 of 4
-------------------------------
Predictions - 1s: 131, 0s: 529
True Labels - 1s: 179, 0s: 481
Client 2 of 3: Local Epoch [1/3] Loss: 0.4302, Accuracy: 80.91 %
Predictions - 1s: 136, 0s: 524
True Labels - 1s: 186, 0s: 474
Client 1 of 3: Local Epoch [1/3] Loss: 0.4474, Accuracy: 79.70 %
Predictions - 1s: 141, 0s: 521
True Labels - 1s: 187, 0s: 475
Client 3 of 3: Local Epoch [1/3] Loss: 0.4088, Accuracy: 80.06 %
Predictions - 1s: 147, 0s: 513
True Labels - 1s: 186, 0s: 474
Client 1 of 3: Local Epoch [2/3] Loss: 0.3731, Accuracy: 83.18 %
Predictions - 1s: 149, 0s: 511
True Labels - 1s: 179, 0s: 481
Client 2 of 3: Local Epoch [2/3] Loss: 0.3482, Accuracy: 84.24 %
Predictions - 1s: 152, 0s: 510
True Labels - 1s: 187, 0s: 475
Client 3 of 3: Local Epoch [2/3] Loss: 0.3422, Accuracy: 84.74 %
Predictions - 1s: 144, 0s: 516
True Labels - 1s: 179, 0s: 481
Client 2 of 3: Local Epoch [3/3] Loss: 0.2965, Accuracy: 88.03 %
Predictions - 1s: 161, 0s: 499
True Labels - 1s: 186, 0s: 474
Client 1 of 3: Local Epoch [3/3] Loss: 0.3262, Accuracy: 85.61 %
Predictions - 1s: 163, 0s: 499
True Labels - 1s: 187, 0s: 475
Client 3 of 3: Local Epoch [3/3] Loss: 0.2852, Accuracy: 88.82 %
-------------------------------
Round [2/4] Average Local Loss: 0.3026, Average Local Accuracy: 87.49 %
-------------------------------
-------- Validation --------
Predictions - 1s: 127, 0s: 369
True Labels - 1s: 122, 0s: 374
Round [2/4] Global Model Validation Loss: 0.3978, Validation Accuracy: 81.65 %
-------- Validation finished --------
Updated best model in round 2 saved with Validation Loss: 0.3978 and Validation Accuracy: 81.65 %
-------------------------------

Round 3 of 4
-------------------------------
Predictions - 1s: 138, 0s: 522
True Labels - 1s: 186, 0s: 474
Client 1 of 3: Local Epoch [1/3] Loss: 0.4185, Accuracy: 79.70 %
Predictions - 1s: 153, 0s: 507
True Labels - 1s: 179, 0s: 481
Client 2 of 3: Local Epoch [1/3] Loss: 0.3791, Accuracy: 83.33 %
Predictions - 1s: 163, 0s: 499
True Labels - 1s: 187, 0s: 475
Client 3 of 3: Local Epoch [1/3] Loss: 0.3491, Accuracy: 84.29 %
Predictions - 1s: 154, 0s: 506
True Labels - 1s: 186, 0s: 474
Client 1 of 3: Local Epoch [2/3] Loss: 0.3310, Accuracy: 86.36 %
Predictions - 1s: 152, 0s: 508
True Labels - 1s: 179, 0s: 481
Client 2 of 3: Local Epoch [2/3] Loss: 0.3012, Accuracy: 87.12 %
Predictions - 1s: 171, 0s: 491
True Labels - 1s: 187, 0s: 475
Client 3 of 3: Local Epoch [2/3] Loss: 0.2837, Accuracy: 87.61 %
Predictions - 1s: 156, 0s: 504
Predictions - 1s: 165, 0s: 495
True Labels - 1s: 179, 0s: 481
True Labels - 1s: 186, 0s: 474
Client 2 of 3: Local Epoch [3/3] Loss: 0.2508, Accuracy: 89.24 %
Client 1 of 3: Local Epoch [3/3] Loss: 0.2835, Accuracy: 88.03 %
Predictions - 1s: 166, 0s: 496
True Labels - 1s: 187, 0s: 475
Client 3 of 3: Local Epoch [3/3] Loss: 0.2251, Accuracy: 90.48 %
-------------------------------
Round [3/4] Average Local Loss: 0.2531, Average Local Accuracy: 89.25 %
-------------------------------
-------- Validation --------
Predictions - 1s: 126, 0s: 370
True Labels - 1s: 122, 0s: 374
Round [3/4] Global Model Validation Loss: 0.3930, Validation Accuracy: 81.85 %
-------- Validation finished --------
Updated best model in round 3 saved with Validation Loss: 0.3930 and Validation Accuracy: 81.85 %
-------------------------------

Round 4 of 4
-------------------------------
Predictions - 1s: 157, 0s: 503
True Labels - 1s: 179, 0s: 481
Client 2 of 3: Local Epoch [1/3] Loss: 0.3566, Accuracy: 85.15 %
Predictions - 1s: 160, 0s: 500
True Labels - 1s: 186, 0s: 474
Client 1 of 3: Local Epoch [1/3] Loss: 0.3628, Accuracy: 83.64 %
Predictions - 1s: 159, 0s: 503
True Labels - 1s: 187, 0s: 475
Client 3 of 3: Local Epoch [1/3] Loss: 0.3286, Accuracy: 85.20 %
Predictions - 1s: 162, 0s: 498
True Labels - 1s: 179, 0s: 481
Client 2 of 3: Local Epoch [2/3] Loss: 0.2654, Accuracy: 88.94 %
Predictions - 1s: 160, 0s: 500
True Labels - 1s: 186, 0s: 474
Client 1 of 3: Local Epoch [2/3] Loss: 0.2725, Accuracy: 88.79 %
Predictions - 1s: 173, 0s: 489
True Labels - 1s: 187, 0s: 475
Client 3 of 3: Local Epoch [2/3] Loss: 0.2525, Accuracy: 89.73 %
Predictions - 1s: 173, 0s: 487
True Labels - 1s: 186, 0s: 474
Client 1 of 3: Local Epoch [3/3] Loss: 0.2395, Accuracy: 90.45 %
Predictions - 1s: 171, 0s: 489
True Labels - 1s: 179, 0s: 481
Client 2 of 3: Local Epoch [3/3] Loss: 0.2191, Accuracy: 90.91 %
Predictions - 1s: 184, 0s: 478
True Labels - 1s: 187, 0s: 475
Client 3 of 3: Local Epoch [3/3] Loss: 0.1976, Accuracy: 92.60 %
-------------------------------
Round [4/4] Average Local Loss: 0.2187, Average Local Accuracy: 91.32 %
-------------------------------
-------- Validation --------
Predictions - 1s: 126, 0s: 370
True Labels - 1s: 122, 0s: 374
Round [4/4] Global Model Validation Loss: 0.3975, Validation Accuracy: 82.66 %
-------- Validation finished --------
Best model in round 3 saved with Validation Loss: 0.3930 and Validation Accuracy: 81.85 %

-------- Training finished in 5:44 --------

Test flag enabled. Testing the model

-------- Loading best model from model_path --------
Loaded model bert-small from date 21-04-2024 22:04. Trained with Federated Learning technology.
Round 3, lr: 6e-05, optimizer: AdamW
Average train accuracy: 89.25 %, Validation accuracy: 81.85 %
-------- Best model loaded --------

-------- Creating Test Dataloader --------
Test Loader: 618 total sentences. 78 batches of size 8.
-------- Test Dataloader created --------

-------- Testing --------
Predictions - 1s: 171, 0s: 447
True Labels - 1s: 168, 0s: 450
Nº of test samples: 618
Accuracy: 82.04%
Accuracy 2 : 82.04%
Precision: 77.29%
Recall: 77.60%
F1 Score: 77.44%
Classification report:
              precision    recall  f1-score   support

           0     0.8792    0.8733    0.8763       450
           1     0.6667    0.6786    0.6726       168

    accuracy                         0.8204       618
   macro avg     0.7729    0.7760    0.7744       618
weighted avg     0.8214    0.8204    0.8209       618

-------- Testing finished --------
