Current configuration:
{
    "concurrency_flag": true,
    "data_distribution": "iid",
    "dataset": "twitter_dep",
    "device": "cuda",
    "dp_delta": 0.003,
    "dp_epsilon": 0.0,
    "eval_batch_size": 4,
    "eval_flag": true,
    "eval_size": 0.2,
    "fed_alg": "fedavg",
    "layers": 3,
    "learning_rate": 6e-05,
    "max_length": 512,
    "ml_mode": "fl",
    "model": "bert_small",
    "model_name": "fl_small_c10_seed3_twitter_dep",
    "models_path": "/local/vpaloma/fabric-federated-learning/ablation_study/phase-4/final/clients/twitter_dep/",
    "mu": 0.5,
    "num_clients": 10,
    "num_epochs": 3,
    "num_rounds": 4,
    "optimizer": "AdamW",
    "progress_bar_flag": false,
    "save_model": true,
    "scheduler": "linear",
    "scheduler_warmup_steps": 0,
    "seed": "random",
    "test_flag": true,
    "train_batch_size": 4,
    "train_size": 0.8
}
-------- Configuration loaded --------

-------- Setting device --------
cuda device selected and available.
-------- Device set --------

-------- Setting seed --------
seed set:  119534
-------- Seed set --------

-------- Creating Model --------
-------- Model created --------

-------- Setting Trainable Layers --------
Training the last 3 layers.

Total parameters count: 28764674
Trainable parameters count: 3416066
-------- Trainable Layers set --------

-------- Creating Tokenizer --------
-------- Tokenizer created --------

-------- Creating Train and Eval Dataloaders --------
Train Loader: 1982 total sentences. 496 batches of size 4.
Eval Loader: 496 total sentences. 124 batches of size 4.
-------- Train and Eval Dataloaders created --------

-------- Training --------
Training with Federated Learning technology.
Training without differential privacy.
Federated averaging algorithm selected.
Client 0: Label 0: 144, Label 1: 54
Client 1: Label 0: 142, Label 1: 56
Client 2: Label 0: 148, Label 1: 50
Client 3: Label 0: 137, Label 1: 61
Client 4: Label 0: 155, Label 1: 43
Client 5: Label 0: 148, Label 1: 50
Client 6: Label 0: 144, Label 1: 54
Client 7: Label 0: 140, Label 1: 58
Client 8: Label 0: 144, Label 1: 54
Client 9: Label 0: 148, Label 1: 52

Round 1 of 4
-------------------------------
Predictions - 1s: 1, 0s: 197
True Labels - 1s: 50, 0s: 148
Client 6 of 10: Local Epoch [1/3] Loss: 0.5672, Accuracy: 75.25 %
Predictions - 1s: 1, 0s: 197
True Labels - 1s: 43, 0s: 155
Client 5 of 10: Local Epoch [1/3] Loss: 0.5178, Accuracy: 77.78 %
Predictions - 1s: 1, 0s: 197
True Labels - 1s: 54, 0s: 144
Client 9 of 10: Local Epoch [1/3] Loss: 0.5792, Accuracy: 72.22 %
Predictions - 1s: 3, 0s: 195
True Labels - 1s: 54, 0s: 144
Client 1 of 10: Local Epoch [1/3] Loss: 0.5285, Accuracy: 74.24 %
Predictions - 1s: 4, 0s: 194
True Labels - 1s: 54, 0s: 144
Client 7 of 10: Local Epoch [1/3] Loss: 0.5601, Accuracy: 72.73 %
Predictions - 1s: 6, 0s: 192
True Labels - 1s: 61, 0s: 137
Client 4 of 10: Local Epoch [1/3] Loss: 0.5895, Accuracy: 71.21 %
Predictions - 1s: 1, 0s: 197
True Labels - 1s: 50, 0s: 148
Client 3 of 10: Local Epoch [1/3] Loss: 0.5541, Accuracy: 74.24 %
Predictions - 1s: 2, 0s: 198
True Labels - 1s: 52, 0s: 148
Client 10 of 10: Local Epoch [1/3] Loss: 0.5497, Accuracy: 73.00 %
Predictions - 1s: 10, 0s: 188
True Labels - 1s: 56, 0s: 142
Client 2 of 10: Local Epoch [1/3] Loss: 0.5422, Accuracy: 75.76 %
Predictions - 1s: 3, 0s: 195
True Labels - 1s: 58, 0s: 140
Client 8 of 10: Local Epoch [1/3] Loss: 0.6022, Accuracy: 70.20 %
Predictions - 1s: 10, 0s: 188
True Labels - 1s: 50, 0s: 148
Client 6 of 10: Local Epoch [2/3] Loss: 0.4861, Accuracy: 77.78 %
Predictions - 1s: 3, 0s: 195
True Labels - 1s: 43, 0s: 155
Client 5 of 10: Local Epoch [2/3] Loss: 0.4394, Accuracy: 79.80 %
Predictions - 1s: 5, 0s: 193
True Labels - 1s: 54, 0s: 144
Client 9 of 10: Local Epoch [2/3] Loss: 0.4908, Accuracy: 75.25 %
Predictions - 1s: 37, 0s: 161
True Labels - 1s: 54, 0s: 144
Client 1 of 10: Local Epoch [2/3] Loss: 0.4137, Accuracy: 84.34 %
Predictions - 1s: 14, 0s: 184
True Labels - 1s: 54, 0s: 144
Client 7 of 10: Local Epoch [2/3] Loss: 0.4530, Accuracy: 78.79 %
Predictions - 1s: 27, 0s: 171
True Labels - 1s: 61, 0s: 137
Client 4 of 10: Local Epoch [2/3] Loss: 0.5702, Accuracy: 69.70 %
Predictions - 1s: 9, 0s: 189
True Labels - 1s: 50, 0s: 148
Client 3 of 10: Local Epoch [2/3] Loss: 0.4873, Accuracy: 76.26 %
Predictions - 1s: 7, 0s: 193
True Labels - 1s: 52, 0s: 148
Client 10 of 10: Local Epoch [2/3] Loss: 0.4805, Accuracy: 75.50 %
Predictions - 1s: 25, 0s: 173
True Labels - 1s: 56, 0s: 142
Client 2 of 10: Local Epoch [2/3] Loss: 0.4504, Accuracy: 83.33 %
Predictions - 1s: 11, 0s: 187
True Labels - 1s: 50, 0s: 148
Client 6 of 10: Local Epoch [3/3] Loss: 0.4473, Accuracy: 77.27 %
Predictions - 1s: 9, 0s: 189
True Labels - 1s: 43, 0s: 155
Client 5 of 10: Local Epoch [3/3] Loss: 0.4152, Accuracy: 81.82 %
Predictions - 1s: 29, 0s: 169
True Labels - 1s: 54, 0s: 144
Client 9 of 10: Local Epoch [3/3] Loss: 0.4496, Accuracy: 79.29 %
Predictions - 1s: 8, 0s: 190
True Labels - 1s: 58, 0s: 140
Client 8 of 10: Local Epoch [2/3] Loss: 0.5206, Accuracy: 72.73 %
Predictions - 1s: 28, 0s: 170
True Labels - 1s: 54, 0s: 144
Client 1 of 10: Local Epoch [3/3] Loss: 0.3695, Accuracy: 83.84 %
Predictions - 1s: 40, 0s: 158
True Labels - 1s: 54, 0s: 144
Client 7 of 10: Local Epoch [3/3] Loss: 0.4338, Accuracy: 80.81 %
Predictions - 1s: 24, 0s: 174
True Labels - 1s: 61, 0s: 137
Client 4 of 10: Local Epoch [3/3] Loss: 0.5072, Accuracy: 77.27 %
Predictions - 1s: 8, 0s: 190
True Labels - 1s: 50, 0s: 148
Client 3 of 10: Local Epoch [3/3] Loss: 0.4336, Accuracy: 75.76 %
Predictions - 1s: 13, 0s: 187
True Labels - 1s: 52, 0s: 148
Client 10 of 10: Local Epoch [3/3] Loss: 0.4545, Accuracy: 79.50 %
Predictions - 1s: 35, 0s: 163
True Labels - 1s: 56, 0s: 142
Client 2 of 10: Local Epoch [3/3] Loss: 0.4115, Accuracy: 82.32 %
Predictions - 1s: 16, 0s: 182
True Labels - 1s: 58, 0s: 140
Client 8 of 10: Local Epoch [3/3] Loss: 0.4852, Accuracy: 73.74 %
-------------------------------
Round [1/4] Average Local Loss: 0.4408, Average Local Accuracy: 79.16 %
-------------------------------
-------- Validation --------
Predictions - 1s: 51, 0s: 445
True Labels - 1s: 142, 0s: 354
Round [1/4] Global Model Validation Loss: 0.4931, Validation Accuracy: 75.60 %
-------- Validation finished --------
Updated best model in round 1 saved with Validation Loss: 0.4931 and Validation Accuracy: 75.60 %
-------------------------------

Round 2 of 4
-------------------------------
Predictions - 1s: 18, 0s: 180
True Labels - 1s: 58, 0s: 140
Client 8 of 10: Local Epoch [1/3] Loss: 0.5651, Accuracy: 75.76 %
Predictions - 1s: 17, 0s: 181
True Labels - 1s: 50, 0s: 148
Client 3 of 10: Local Epoch [1/3] Loss: 0.4970, Accuracy: 75.25 %
Predictions - 1s: 30, 0s: 168
True Labels - 1s: 54, 0s: 144
Client 1 of 10: Local Epoch [1/3] Loss: 0.4269, Accuracy: 80.81 %
Predictions - 1s: 26, 0s: 172
True Labels - 1s: 61, 0s: 137
Client 4 of 10: Local Epoch [1/3] Loss: 0.5545, Accuracy: 70.20 %
Predictions - 1s: 14, 0s: 184
True Labels - 1s: 54, 0s: 144
Client 9 of 10: Local Epoch [1/3] Loss: 0.5000, Accuracy: 75.76 %
Predictions - 1s: 33, 0s: 165
True Labels - 1s: 56, 0s: 142
Client 2 of 10: Local Epoch [1/3] Loss: 0.4695, Accuracy: 80.30 %
Predictions - 1s: 36, 0s: 162
True Labels - 1s: 54, 0s: 144
Client 7 of 10: Local Epoch [1/3] Loss: 0.4942, Accuracy: 72.73 %
Predictions - 1s: 14, 0s: 184
True Labels - 1s: 50, 0s: 148
Client 6 of 10: Local Epoch [1/3] Loss: 0.4907, Accuracy: 76.77 %
Predictions - 1s: 13, 0s: 187
True Labels - 1s: 52, 0s: 148
Client 10 of 10: Local Epoch [1/3] Loss: 0.5124, Accuracy: 74.50 %
Predictions - 1s: 9, 0s: 189
True Labels - 1s: 43, 0s: 155
Client 5 of 10: Local Epoch [1/3] Loss: 0.4501, Accuracy: 79.80 %
Predictions - 1s: 25, 0s: 173
True Labels - 1s: 58, 0s: 140
Client 8 of 10: Local Epoch [2/3] Loss: 0.4812, Accuracy: 76.26 %
Predictions - 1s: 18, 0s: 180
True Labels - 1s: 50, 0s: 148
Client 3 of 10: Local Epoch [2/3] Loss: 0.4412, Accuracy: 77.78 %
Predictions - 1s: 35, 0s: 163
True Labels - 1s: 54, 0s: 144
Client 1 of 10: Local Epoch [2/3] Loss: 0.3572, Accuracy: 84.34 %
Predictions - 1s: 41, 0s: 157
True Labels - 1s: 54, 0s: 144
Client 9 of 10: Local Epoch [2/3] Loss: 0.4236, Accuracy: 83.33 %
Predictions - 1s: 34, 0s: 164
True Labels - 1s: 61, 0s: 137
Client 4 of 10: Local Epoch [2/3] Loss: 0.4856, Accuracy: 76.26 %
Predictions - 1s: 44, 0s: 154
True Labels - 1s: 56, 0s: 142
Client 2 of 10: Local Epoch [2/3] Loss: 0.3828, Accuracy: 85.86 %
Predictions - 1s: 27, 0s: 171
True Labels - 1s: 54, 0s: 144
Client 7 of 10: Local Epoch [2/3] Loss: 0.4167, Accuracy: 80.30 %
Predictions - 1s: 19, 0s: 179
True Labels - 1s: 50, 0s: 148
Client 6 of 10: Local Epoch [2/3] Loss: 0.4109, Accuracy: 79.29 %
Predictions - 1s: 27, 0s: 173
True Labels - 1s: 52, 0s: 148
Client 10 of 10: Local Epoch [2/3] Loss: 0.4543, Accuracy: 79.50 %
Predictions - 1s: 33, 0s: 165
True Labels - 1s: 58, 0s: 140
Client 8 of 10: Local Epoch [3/3] Loss: 0.4403, Accuracy: 80.30 %
Predictions - 1s: 27, 0s: 171
True Labels - 1s: 50, 0s: 148
Client 3 of 10: Local Epoch [3/3] Loss: 0.3937, Accuracy: 81.31 %
Predictions - 1s: 19, 0s: 179
True Labels - 1s: 43, 0s: 155
Client 5 of 10: Local Epoch [2/3] Loss: 0.4023, Accuracy: 81.82 %
Predictions - 1s: 45, 0s: 153
True Labels - 1s: 54, 0s: 144
Client 1 of 10: Local Epoch [3/3] Loss: 0.3043, Accuracy: 89.39 %
Predictions - 1s: 25, 0s: 173
True Labels - 1s: 54, 0s: 144
Client 9 of 10: Local Epoch [3/3] Loss: 0.4048, Accuracy: 81.31 %
Predictions - 1s: 41, 0s: 157
True Labels - 1s: 61, 0s: 137
Client 4 of 10: Local Epoch [3/3] Loss: 0.4508, Accuracy: 80.81 %
Predictions - 1s: 36, 0s: 162
True Labels - 1s: 56, 0s: 142
Client 2 of 10: Local Epoch [3/3] Loss: 0.3576, Accuracy: 86.87 %
Predictions - 1s: 34, 0s: 164
True Labels - 1s: 54, 0s: 144
Client 7 of 10: Local Epoch [3/3] Loss: 0.3825, Accuracy: 84.85 %
Predictions - 1s: 31, 0s: 167
True Labels - 1s: 50, 0s: 148
Client 6 of 10: Local Epoch [3/3] Loss: 0.3795, Accuracy: 80.30 %
Predictions - 1s: 25, 0s: 175
True Labels - 1s: 52, 0s: 148
Client 10 of 10: Local Epoch [3/3] Loss: 0.4089, Accuracy: 82.50 %
Predictions - 1s: 22, 0s: 176
True Labels - 1s: 43, 0s: 155
Client 5 of 10: Local Epoch [3/3] Loss: 0.3857, Accuracy: 83.33 %
-------------------------------
Round [2/4] Average Local Loss: 0.3908, Average Local Accuracy: 83.10 %
-------------------------------
-------- Validation --------
Predictions - 1s: 113, 0s: 383
True Labels - 1s: 142, 0s: 354
Round [2/4] Global Model Validation Loss: 0.4633, Validation Accuracy: 78.83 %
-------- Validation finished --------
Updated best model in round 2 saved with Validation Loss: 0.4633 and Validation Accuracy: 78.83 %
-------------------------------

Round 3 of 4
-------------------------------
Predictions - 1s: 27, 0s: 171
True Labels - 1s: 50, 0s: 148
Client 3 of 10: Local Epoch [1/3] Loss: 0.4508, Accuracy: 77.27 %
Predictions - 1s: 17, 0s: 181
True Labels - 1s: 43, 0s: 155
Client 5 of 10: Local Epoch [1/3] Loss: 0.4466, Accuracy: 79.80 %
Predictions - 1s: 40, 0s: 158
True Labels - 1s: 54, 0s: 144
Client 1 of 10: Local Epoch [1/3] Loss: 0.3503, Accuracy: 84.85 %
Predictions - 1s: 25, 0s: 175
True Labels - 1s: 52, 0s: 148
Client 10 of 10: Local Epoch [1/3] Loss: 0.4879, Accuracy: 76.50 %
Predictions - 1s: 38, 0s: 160
True Labels - 1s: 54, 0s: 144
Client 7 of 10: Local Epoch [1/3] Loss: 0.4477, Accuracy: 78.79 %
Predictions - 1s: 27, 0s: 171
True Labels - 1s: 54, 0s: 144
Client 9 of 10: Local Epoch [1/3] Loss: 0.4688, Accuracy: 77.27 %
Predictions - 1s: 42, 0s: 156
True Labels - 1s: 56, 0s: 142
Client 2 of 10: Local Epoch [1/3] Loss: 0.4076, Accuracy: 81.82 %
Predictions - 1s: 31, 0s: 167
True Labels - 1s: 58, 0s: 140
Client 8 of 10: Local Epoch [1/3] Loss: 0.5006, Accuracy: 74.24 %
Predictions - 1s: 37, 0s: 161
True Labels - 1s: 61, 0s: 137
Client 4 of 10: Local Epoch [1/3] Loss: 0.5195, Accuracy: 75.76 %
Predictions - 1s: 30, 0s: 168
True Labels - 1s: 50, 0s: 148
Client 6 of 10: Local Epoch [1/3] Loss: 0.4947, Accuracy: 78.79 %
Predictions - 1s: 25, 0s: 173
True Labels - 1s: 50, 0s: 148
Client 3 of 10: Local Epoch [2/3] Loss: 0.4099, Accuracy: 80.30 %
Predictions - 1s: 28, 0s: 170
True Labels - 1s: 43, 0s: 155
Client 5 of 10: Local Epoch [2/3] Loss: 0.3558, Accuracy: 84.34 %
Predictions - 1s: 43, 0s: 155
True Labels - 1s: 54, 0s: 144
Client 1 of 10: Local Epoch [2/3] Loss: 0.3105, Accuracy: 88.38 %
Predictions - 1s: 33, 0s: 167
True Labels - 1s: 52, 0s: 148
Client 10 of 10: Local Epoch [2/3] Loss: 0.4136, Accuracy: 81.50 %
Predictions - 1s: 42, 0s: 156
True Labels - 1s: 54, 0s: 144
Client 7 of 10: Local Epoch [2/3] Loss: 0.3697, Accuracy: 84.85 %
Predictions - 1s: 31, 0s: 167
True Labels - 1s: 54, 0s: 144
Client 9 of 10: Local Epoch [2/3] Loss: 0.3940, Accuracy: 81.31 %
Predictions - 1s: 49, 0s: 149
True Labels - 1s: 56, 0s: 142
Client 2 of 10: Local Epoch [2/3] Loss: 0.3538, Accuracy: 84.34 %
Predictions - 1s: 28, 0s: 170
True Labels - 1s: 58, 0s: 140
Client 8 of 10: Local Epoch [2/3] Loss: 0.4358, Accuracy: 78.79 %
Predictions - 1s: 52, 0s: 146
True Labels - 1s: 61, 0s: 137
Client 4 of 10: Local Epoch [2/3] Loss: 0.4691, Accuracy: 77.27 %
Predictions - 1s: 45, 0s: 153
True Labels - 1s: 50, 0s: 148
Client 3 of 10: Local Epoch [3/3] Loss: 0.3413, Accuracy: 88.38 %
Predictions - 1s: 25, 0s: 173
True Labels - 1s: 50, 0s: 148
Client 6 of 10: Local Epoch [2/3] Loss: 0.3846, Accuracy: 81.31 %
Predictions - 1s: 25, 0s: 173
True Labels - 1s: 43, 0s: 155
Client 5 of 10: Local Epoch [3/3] Loss: 0.3296, Accuracy: 86.87 %
Predictions - 1s: 41, 0s: 157
True Labels - 1s: 54, 0s: 144
Client 1 of 10: Local Epoch [3/3] Loss: 0.2507, Accuracy: 90.40 %
Predictions - 1s: 34, 0s: 166
True Labels - 1s: 52, 0s: 148
Client 10 of 10: Local Epoch [3/3] Loss: 0.3460, Accuracy: 86.00 %
Predictions - 1s: 37, 0s: 161
True Labels - 1s: 54, 0s: 144
Client 7 of 10: Local Epoch [3/3] Loss: 0.3301, Accuracy: 88.38 %
Predictions - 1s: 40, 0s: 158
True Labels - 1s: 54, 0s: 144
Client 9 of 10: Local Epoch [3/3] Loss: 0.3587, Accuracy: 87.88 %
Predictions - 1s: 37, 0s: 161
True Labels - 1s: 56, 0s: 142
Client 2 of 10: Local Epoch [3/3] Loss: 0.3069, Accuracy: 86.36 %
Predictions - 1s: 54, 0s: 144
True Labels - 1s: 58, 0s: 140
Client 8 of 10: Local Epoch [3/3] Loss: 0.3946, Accuracy: 84.85 %
Predictions - 1s: 36, 0s: 162
True Labels - 1s: 61, 0s: 137
Client 4 of 10: Local Epoch [3/3] Loss: 0.4112, Accuracy: 81.31 %
Predictions - 1s: 31, 0s: 167
True Labels - 1s: 50, 0s: 148
Client 6 of 10: Local Epoch [3/3] Loss: 0.3496, Accuracy: 85.35 %
-------------------------------
Round [3/4] Average Local Loss: 0.3419, Average Local Accuracy: 86.58 %
-------------------------------
-------- Validation --------
Predictions - 1s: 124, 0s: 372
True Labels - 1s: 142, 0s: 354
Round [3/4] Global Model Validation Loss: 0.4502, Validation Accuracy: 79.03 %
-------- Validation finished --------
Updated best model in round 3 saved with Validation Loss: 0.4502 and Validation Accuracy: 79.03 %
-------------------------------

Round 4 of 4
-------------------------------
Predictions - 1s: 42, 0s: 156
True Labels - 1s: 58, 0s: 140
Client 8 of 10: Local Epoch [1/3] Loss: 0.4763, Accuracy: 77.78 %
Predictions - 1s: 28, 0s: 170
True Labels - 1s: 50, 0s: 148
Client 6 of 10: Local Epoch [1/3] Loss: 0.4399, Accuracy: 79.80 %
Predictions - 1s: 43, 0s: 155
True Labels - 1s: 61, 0s: 137
Client 4 of 10: Local Epoch [1/3] Loss: 0.5067, Accuracy: 76.77 %
Predictions - 1s: 32, 0s: 168
True Labels - 1s: 52, 0s: 148
Client 10 of 10: Local Epoch [1/3] Loss: 0.4562, Accuracy: 80.00 %
Predictions - 1s: 49, 0s: 149
True Labels - 1s: 56, 0s: 142
Client 2 of 10: Local Epoch [1/3] Loss: 0.4047, Accuracy: 82.32 %
Predictions - 1s: 31, 0s: 167
True Labels - 1s: 54, 0s: 144
Client 9 of 10: Local Epoch [1/3] Loss: 0.4364, Accuracy: 79.29 %
Predictions - 1s: 39, 0s: 159
True Labels - 1s: 54, 0s: 144
Client 7 of 10: Local Epoch [1/3] Loss: 0.4022, Accuracy: 83.33 %
Predictions - 1s: 40, 0s: 158
True Labels - 1s: 54, 0s: 144
Client 1 of 10: Local Epoch [1/3] Loss: 0.3144, Accuracy: 87.88 %
Predictions - 1s: 43, 0s: 155
True Labels - 1s: 58, 0s: 140
Client 8 of 10: Local Epoch [2/3] Loss: 0.3716, Accuracy: 83.33 %
Predictions - 1s: 31, 0s: 167
True Labels - 1s: 50, 0s: 148
Client 6 of 10: Local Epoch [2/3] Loss: 0.3534, Accuracy: 85.35 %
Predictions - 1s: 48, 0s: 150
True Labels - 1s: 61, 0s: 137
Client 4 of 10: Local Epoch [2/3] Loss: 0.4241, Accuracy: 78.28 %
Predictions - 1s: 32, 0s: 168
True Labels - 1s: 52, 0s: 148
Client 10 of 10: Local Epoch [2/3] Loss: 0.3725, Accuracy: 83.00 %
Predictions - 1s: 29, 0s: 169
True Labels - 1s: 50, 0s: 148
Client 3 of 10: Local Epoch [1/3] Loss: 0.4593, Accuracy: 80.30 %
Predictions - 1s: 46, 0s: 152
True Labels - 1s: 56, 0s: 142
Client 2 of 10: Local Epoch [2/3] Loss: 0.3218, Accuracy: 86.87 %
Predictions - 1s: 43, 0s: 155
True Labels - 1s: 54, 0s: 144
Client 9 of 10: Local Epoch [2/3] Loss: 0.3598, Accuracy: 87.37 %
Predictions - 1s: 51, 0s: 147
True Labels - 1s: 54, 0s: 144
Client 7 of 10: Local Epoch [2/3] Loss: 0.3505, Accuracy: 84.34 %
Predictions - 1s: 45, 0s: 153
True Labels - 1s: 58, 0s: 140
Client 8 of 10: Local Epoch [3/3] Loss: 0.3422, Accuracy: 85.35 %
Predictions - 1s: 25, 0s: 173
True Labels - 1s: 43, 0s: 155
Client 5 of 10: Local Epoch [1/3] Loss: 0.4027, Accuracy: 80.81 %
Predictions - 1s: 34, 0s: 164
True Labels - 1s: 50, 0s: 148
Client 6 of 10: Local Epoch [3/3] Loss: 0.3052, Accuracy: 87.88 %
Predictions - 1s: 45, 0s: 155
True Labels - 1s: 52, 0s: 148
Client 10 of 10: Local Epoch [3/3] Loss: 0.3491, Accuracy: 85.50 %
Predictions - 1s: 49, 0s: 149
True Labels - 1s: 61, 0s: 137
Client 4 of 10: Local Epoch [3/3] Loss: 0.3788, Accuracy: 83.84 %
Predictions - 1s: 47, 0s: 151
True Labels - 1s: 54, 0s: 144
Client 1 of 10: Local Epoch [2/3] Loss: 0.2594, Accuracy: 90.40 %
Predictions - 1s: 48, 0s: 150
True Labels - 1s: 56, 0s: 142
Client 2 of 10: Local Epoch [3/3] Loss: 0.2763, Accuracy: 87.88 %
Predictions - 1s: 39, 0s: 159
True Labels - 1s: 54, 0s: 144
Client 9 of 10: Local Epoch [3/3] Loss: 0.3317, Accuracy: 86.36 %
Predictions - 1s: 30, 0s: 168
True Labels - 1s: 50, 0s: 148
Client 3 of 10: Local Epoch [2/3] Loss: 0.3847, Accuracy: 81.82 %
Predictions - 1s: 35, 0s: 163
True Labels - 1s: 54, 0s: 144
Client 7 of 10: Local Epoch [3/3] Loss: 0.3167, Accuracy: 86.36 %
Predictions - 1s: 26, 0s: 172
True Labels - 1s: 43, 0s: 155
Client 5 of 10: Local Epoch [2/3] Loss: 0.3535, Accuracy: 83.33 %
Predictions - 1s: 49, 0s: 149
True Labels - 1s: 54, 0s: 144
Client 1 of 10: Local Epoch [3/3] Loss: 0.2013, Accuracy: 93.43 %
Predictions - 1s: 43, 0s: 155
True Labels - 1s: 50, 0s: 148
Client 3 of 10: Local Epoch [3/3] Loss: 0.3126, Accuracy: 89.39 %
Predictions - 1s: 23, 0s: 175
True Labels - 1s: 43, 0s: 155
Client 5 of 10: Local Epoch [3/3] Loss: 0.2941, Accuracy: 86.87 %
-------------------------------
Round [4/4] Average Local Loss: 0.3108, Average Local Accuracy: 87.29 %
-------------------------------
-------- Validation --------
Predictions - 1s: 128, 0s: 368
True Labels - 1s: 142, 0s: 354
Round [4/4] Global Model Validation Loss: 0.4473, Validation Accuracy: 78.23 %
-------- Validation finished --------
Updated best model in round 4 saved with Validation Loss: 0.4473 and Validation Accuracy: 78.23 %
-------------------------------
Best model in round 4 saved with Validation Loss: 0.4473 and Validation Accuracy: 78.23 %

-------- Training finished in 15:51 --------

Test flag enabled. Testing the model

-------- Loading best model from model_path --------
Loaded model bert-small from date 21-04-2024 17:14. Trained with Federated Learning technology.
Round 4, lr: 6e-05, optimizer: AdamW
Average train accuracy: 87.29 %, Validation accuracy: 78.23 %
-------- Best model loaded --------

-------- Creating Test Dataloader --------
Test Loader: 618 total sentences. 78 batches of size 8.
-------- Test Dataloader created --------

-------- Testing --------
Predictions - 1s: 154, 0s: 464
True Labels - 1s: 168, 0s: 450
Nº of test samples: 618
Accuracy: 82.20%
Accuracy 2 : 82.20%
Precision: 77.73%
Recall: 76.21%
F1 Score: 76.90%
Classification report:
              precision    recall  f1-score   support

           0     0.8664    0.8933    0.8796       450
           1     0.6883    0.6310    0.6584       168

    accuracy                         0.8220       618
   macro avg     0.7773    0.7621    0.7690       618
weighted avg     0.8180    0.8220    0.8195       618

-------- Testing finished --------
