Current configuration:
{
    "concurrency_flag": true,
    "data_distribution": "iid",
    "dataset": "twitter_dep",
    "device": "cuda",
    "dp_delta": 0.003,
    "dp_epsilon": 0.0,
    "eval_batch_size": 4,
    "eval_flag": true,
    "eval_size": 0.2,
    "fed_alg": "fedavg",
    "layers": 3,
    "learning_rate": 6e-05,
    "max_length": 512,
    "ml_mode": "fl",
    "model": "bert_small",
    "model_name": "fl_small_c10_twitter_dep",
    "models_path": "/local/vpaloma/fabric-federated-learning/ablation_study/phase-4/final/clients/twitter_dep/",
    "mu": 0.5,
    "num_clients": 10,
    "num_epochs": 3,
    "num_rounds": 4,
    "optimizer": "AdamW",
    "progress_bar_flag": false,
    "save_model": true,
    "scheduler": "linear",
    "scheduler_warmup_steps": 0,
    "seed": "random",
    "test_flag": true,
    "train_batch_size": 4,
    "train_size": 0.8
}
-------- Configuration loaded --------

-------- Setting device --------
cuda device selected and available.
-------- Device set --------

-------- Setting seed --------
seed set:  719399
-------- Seed set --------

-------- Creating Model --------
-------- Model created --------

-------- Setting Trainable Layers --------
Training the last 3 layers.

Total parameters count: 28764674
Trainable parameters count: 3416066
-------- Trainable Layers set --------

-------- Creating Tokenizer --------
-------- Tokenizer created --------

-------- Creating Train and Eval Dataloaders --------
Train Loader: 1982 total sentences. 496 batches of size 4.
Eval Loader: 496 total sentences. 124 batches of size 4.
-------- Train and Eval Dataloaders created --------

-------- Training --------
Training with Federated Learning technology.
Training without differential privacy.
Federated averaging algorithm selected.
Client 0: Label 0: 150, Label 1: 48
Client 1: Label 0: 148, Label 1: 50
Client 2: Label 0: 145, Label 1: 53
Client 3: Label 0: 153, Label 1: 45
Client 4: Label 0: 136, Label 1: 62
Client 5: Label 0: 139, Label 1: 59
Client 6: Label 0: 153, Label 1: 45
Client 7: Label 0: 149, Label 1: 49
Client 8: Label 0: 138, Label 1: 60
Client 9: Label 0: 140, Label 1: 60

Round 1 of 4
-------------------------------
Predictions - 1s: 3, 0s: 195
True Labels - 1s: 60, 0s: 138
Client 9 of 10: Local Epoch [1/3] Loss: 0.5994, Accuracy: 69.19 %
Predictions - 1s: 1, 0s: 197
True Labels - 1s: 45, 0s: 153
Client 7 of 10: Local Epoch [1/3] Loss: 0.5489, Accuracy: 76.77 %
Predictions - 1s: 1, 0s: 197
True Labels - 1s: 50, 0s: 148
Client 2 of 10: Local Epoch [1/3] Loss: 0.5598, Accuracy: 74.24 %
Predictions - 1s: 0, 0s: 198
True Labels - 1s: 53, 0s: 145
Client 3 of 10: Local Epoch [1/3] Loss: 0.5730, Accuracy: 73.23 %
Predictions - 1s: 0, 0s: 198
True Labels - 1s: 45, 0s: 153
Client 4 of 10: Local Epoch [1/3] Loss: 0.5949, Accuracy: 77.27 %
Predictions - 1s: 3, 0s: 195
True Labels - 1s: 49, 0s: 149
Client 8 of 10: Local Epoch [1/3] Loss: 0.5674, Accuracy: 74.75 %
Predictions - 1s: 5, 0s: 193
True Labels - 1s: 62, 0s: 136
Client 5 of 10: Local Epoch [1/3] Loss: 0.6293, Accuracy: 69.19 %
Predictions - 1s: 0, 0s: 198
True Labels - 1s: 48, 0s: 150
Client 1 of 10: Local Epoch [1/3] Loss: 0.5646, Accuracy: 75.76 %
Predictions - 1s: 2, 0s: 196
True Labels - 1s: 59, 0s: 139
Client 6 of 10: Local Epoch [1/3] Loss: 0.6016, Accuracy: 70.20 %
Predictions - 1s: 17, 0s: 183
True Labels - 1s: 60, 0s: 140
Client 10 of 10: Local Epoch [1/3] Loss: 0.5855, Accuracy: 73.50 %
Predictions - 1s: 30, 0s: 168
True Labels - 1s: 60, 0s: 138
Client 9 of 10: Local Epoch [2/3] Loss: 0.5002, Accuracy: 78.79 %
Predictions - 1s: 1, 0s: 197
True Labels - 1s: 45, 0s: 153
Client 7 of 10: Local Epoch [2/3] Loss: 0.4453, Accuracy: 77.78 %
Predictions - 1s: 13, 0s: 185
True Labels - 1s: 50, 0s: 148
Client 2 of 10: Local Epoch [2/3] Loss: 0.4710, Accuracy: 80.30 %
Predictions - 1s: 1, 0s: 197
True Labels - 1s: 53, 0s: 145
Client 3 of 10: Local Epoch [2/3] Loss: 0.4950, Accuracy: 73.74 %
Predictions - 1s: 0, 0s: 198
True Labels - 1s: 45, 0s: 153
Client 4 of 10: Local Epoch [2/3] Loss: 0.4853, Accuracy: 77.27 %
Predictions - 1s: 1, 0s: 197
True Labels - 1s: 49, 0s: 149
Client 8 of 10: Local Epoch [2/3] Loss: 0.5034, Accuracy: 75.76 %
Predictions - 1s: 8, 0s: 190
True Labels - 1s: 48, 0s: 150
Client 1 of 10: Local Epoch [2/3] Loss: 0.4664, Accuracy: 79.80 %
Predictions - 1s: 6, 0s: 192
True Labels - 1s: 62, 0s: 136
Client 5 of 10: Local Epoch [2/3] Loss: 0.5485, Accuracy: 69.70 %
Predictions - 1s: 27, 0s: 171
True Labels - 1s: 59, 0s: 139
Client 6 of 10: Local Epoch [2/3] Loss: 0.4817, Accuracy: 78.79 %
Predictions - 1s: 21, 0s: 177
True Labels - 1s: 60, 0s: 138
Client 9 of 10: Local Epoch [3/3] Loss: 0.4599, Accuracy: 76.26 %
Predictions - 1s: 11, 0s: 187
True Labels - 1s: 45, 0s: 153
Client 7 of 10: Local Epoch [3/3] Loss: 0.4073, Accuracy: 82.83 %
Predictions - 1s: 17, 0s: 183
True Labels - 1s: 60, 0s: 140
Client 10 of 10: Local Epoch [2/3] Loss: 0.4871, Accuracy: 77.50 %
Predictions - 1s: 21, 0s: 177
True Labels - 1s: 50, 0s: 148
Client 2 of 10: Local Epoch [3/3] Loss: 0.4155, Accuracy: 83.33 %
Predictions - 1s: 22, 0s: 176
True Labels - 1s: 53, 0s: 145
Client 3 of 10: Local Epoch [3/3] Loss: 0.4605, Accuracy: 79.29 %
Predictions - 1s: 2, 0s: 196
True Labels - 1s: 45, 0s: 153
Client 4 of 10: Local Epoch [3/3] Loss: 0.4690, Accuracy: 78.28 %
Predictions - 1s: 9, 0s: 189
True Labels - 1s: 49, 0s: 149
Client 8 of 10: Local Epoch [3/3] Loss: 0.4619, Accuracy: 78.79 %
Predictions - 1s: 20, 0s: 178
True Labels - 1s: 48, 0s: 150
Client 1 of 10: Local Epoch [3/3] Loss: 0.4124, Accuracy: 82.83 %
Predictions - 1s: 18, 0s: 180
True Labels - 1s: 62, 0s: 136
Client 5 of 10: Local Epoch [3/3] Loss: 0.5185, Accuracy: 75.76 %
Predictions - 1s: 24, 0s: 174
True Labels - 1s: 59, 0s: 139
Client 6 of 10: Local Epoch [3/3] Loss: 0.4398, Accuracy: 78.28 %
Predictions - 1s: 42, 0s: 158
True Labels - 1s: 60, 0s: 140
Client 10 of 10: Local Epoch [3/3] Loss: 0.4542, Accuracy: 81.00 %
-------------------------------
Round [1/4] Average Local Loss: 0.4499, Average Local Accuracy: 79.67 %
-------------------------------
-------- Validation --------
Predictions - 1s: 29, 0s: 467
True Labels - 1s: 143, 0s: 353
Round [1/4] Global Model Validation Loss: 0.5169, Validation Accuracy: 74.19 %
-------- Validation finished --------
Updated best model in round 1 saved with Validation Loss: 0.5169 and Validation Accuracy: 74.19 %
-------------------------------

Round 2 of 4
-------------------------------
Predictions - 1s: 29, 0s: 169
True Labels - 1s: 59, 0s: 139
Client 6 of 10: Local Epoch [1/3] Loss: 0.5039, Accuracy: 76.77 %
Predictions - 1s: 15, 0s: 183
True Labels - 1s: 48, 0s: 150
Client 1 of 10: Local Epoch [1/3] Loss: 0.4869, Accuracy: 77.27 %
Predictions - 1s: 4, 0s: 194
True Labels - 1s: 45, 0s: 153
Client 4 of 10: Local Epoch [1/3] Loss: 0.4842, Accuracy: 79.29 %
Predictions - 1s: 32, 0s: 166
True Labels - 1s: 62, 0s: 136
Client 5 of 10: Local Epoch [1/3] Loss: 0.5200, Accuracy: 74.75 %
Predictions - 1s: 15, 0s: 183
True Labels - 1s: 49, 0s: 149
Client 8 of 10: Local Epoch [1/3] Loss: 0.4813, Accuracy: 75.76 %
Predictions - 1s: 44, 0s: 154
True Labels - 1s: 60, 0s: 138
Client 9 of 10: Local Epoch [1/3] Loss: 0.5088, Accuracy: 75.76 %
Predictions - 1s: 30, 0s: 170
True Labels - 1s: 60, 0s: 140
Client 10 of 10: Local Epoch [1/3] Loss: 0.5029, Accuracy: 77.00 %
Predictions - 1s: 9, 0s: 189
True Labels - 1s: 45, 0s: 153
Client 7 of 10: Local Epoch [1/3] Loss: 0.4533, Accuracy: 79.80 %
Predictions - 1s: 10, 0s: 188
True Labels - 1s: 50, 0s: 148
Client 2 of 10: Local Epoch [1/3] Loss: 0.4700, Accuracy: 75.76 %
Predictions - 1s: 15, 0s: 183
True Labels - 1s: 53, 0s: 145
Client 3 of 10: Local Epoch [1/3] Loss: 0.5224, Accuracy: 73.74 %
Predictions - 1s: 36, 0s: 162
True Labels - 1s: 59, 0s: 139
Client 6 of 10: Local Epoch [2/3] Loss: 0.4211, Accuracy: 82.32 %
Predictions - 1s: 17, 0s: 181
True Labels - 1s: 45, 0s: 153
Client 4 of 10: Local Epoch [2/3] Loss: 0.4154, Accuracy: 81.82 %
Predictions - 1s: 22, 0s: 176
True Labels - 1s: 48, 0s: 150
Client 1 of 10: Local Epoch [2/3] Loss: 0.4096, Accuracy: 82.83 %
Predictions - 1s: 35, 0s: 163
True Labels - 1s: 62, 0s: 136
Client 5 of 10: Local Epoch [2/3] Loss: 0.4744, Accuracy: 79.29 %
Predictions - 1s: 14, 0s: 184
True Labels - 1s: 49, 0s: 149
Client 8 of 10: Local Epoch [2/3] Loss: 0.4281, Accuracy: 79.29 %
Predictions - 1s: 30, 0s: 168
True Labels - 1s: 60, 0s: 138
Client 9 of 10: Local Epoch [2/3] Loss: 0.4321, Accuracy: 79.80 %
Predictions - 1s: 22, 0s: 176
True Labels - 1s: 45, 0s: 153
Client 7 of 10: Local Epoch [2/3] Loss: 0.3535, Accuracy: 86.36 %
Predictions - 1s: 41, 0s: 159
True Labels - 1s: 60, 0s: 140
Client 10 of 10: Local Epoch [2/3] Loss: 0.4199, Accuracy: 79.50 %
Predictions - 1s: 50, 0s: 148
True Labels - 1s: 59, 0s: 139
Client 6 of 10: Local Epoch [3/3] Loss: 0.3630, Accuracy: 85.35 %
Predictions - 1s: 19, 0s: 179
True Labels - 1s: 45, 0s: 153
Client 4 of 10: Local Epoch [3/3] Loss: 0.3758, Accuracy: 83.84 %
Predictions - 1s: 29, 0s: 169
True Labels - 1s: 48, 0s: 150
Client 1 of 10: Local Epoch [3/3] Loss: 0.3655, Accuracy: 84.34 %
Predictions - 1s: 30, 0s: 168
True Labels - 1s: 53, 0s: 145
Client 3 of 10: Local Epoch [2/3] Loss: 0.4342, Accuracy: 81.31 %
Predictions - 1s: 39, 0s: 159
True Labels - 1s: 50, 0s: 148
Client 2 of 10: Local Epoch [2/3] Loss: 0.3676, Accuracy: 85.35 %
Predictions - 1s: 45, 0s: 153
True Labels - 1s: 62, 0s: 136
Client 5 of 10: Local Epoch [3/3] Loss: 0.4196, Accuracy: 81.31 %
Predictions - 1s: 26, 0s: 172
True Labels - 1s: 49, 0s: 149
Client 8 of 10: Local Epoch [3/3] Loss: 0.3909, Accuracy: 84.34 %
Predictions - 1s: 51, 0s: 147
True Labels - 1s: 60, 0s: 138
Client 9 of 10: Local Epoch [3/3] Loss: 0.4049, Accuracy: 83.33 %
Predictions - 1s: 38, 0s: 162
True Labels - 1s: 60, 0s: 140
Client 10 of 10: Local Epoch [3/3] Loss: 0.4023, Accuracy: 82.00 %
Predictions - 1s: 27, 0s: 171
True Labels - 1s: 45, 0s: 153
Client 7 of 10: Local Epoch [3/3] Loss: 0.3292, Accuracy: 86.87 %
Predictions - 1s: 19, 0s: 179
True Labels - 1s: 50, 0s: 148
Client 2 of 10: Local Epoch [3/3] Loss: 0.3476, Accuracy: 82.32 %
Predictions - 1s: 19, 0s: 179
True Labels - 1s: 53, 0s: 145
Client 3 of 10: Local Epoch [3/3] Loss: 0.4017, Accuracy: 80.81 %
-------------------------------
Round [2/4] Average Local Loss: 0.3801, Average Local Accuracy: 83.45 %
-------------------------------
-------- Validation --------
Predictions - 1s: 90, 0s: 406
True Labels - 1s: 143, 0s: 353
Round [2/4] Global Model Validation Loss: 0.4804, Validation Accuracy: 76.81 %
-------- Validation finished --------
Updated best model in round 2 saved with Validation Loss: 0.4804 and Validation Accuracy: 76.81 %
-------------------------------

Round 3 of 4
-------------------------------
Predictions - 1s: 31, 0s: 167
True Labels - 1s: 45, 0s: 153
Client 7 of 10: Local Epoch [1/3] Loss: 0.3900, Accuracy: 80.81 %
Predictions - 1s: 32, 0s: 166
True Labels - 1s: 53, 0s: 145
Client 3 of 10: Local Epoch [1/3] Loss: 0.4808, Accuracy: 75.25 %
Predictions - 1s: 33, 0s: 165
True Labels - 1s: 50, 0s: 148
Client 2 of 10: Local Epoch [1/3] Loss: 0.4087, Accuracy: 80.30 %
Predictions - 1s: 31, 0s: 167
True Labels - 1s: 48, 0s: 150
Client 1 of 10: Local Epoch [1/3] Loss: 0.4331, Accuracy: 79.29 %
Predictions - 1s: 38, 0s: 162
True Labels - 1s: 60, 0s: 140
Client 10 of 10: Local Epoch [1/3] Loss: 0.4854, Accuracy: 78.00 %
Predictions - 1s: 46, 0s: 152
True Labels - 1s: 59, 0s: 139
Client 6 of 10: Local Epoch [1/3] Loss: 0.4486, Accuracy: 80.30 %
Predictions - 1s: 26, 0s: 172
True Labels - 1s: 45, 0s: 153
Client 4 of 10: Local Epoch [1/3] Loss: 0.4621, Accuracy: 78.28 %
Predictions - 1s: 17, 0s: 181
True Labels - 1s: 49, 0s: 149
Client 8 of 10: Local Epoch [1/3] Loss: 0.4648, Accuracy: 76.77 %
Predictions - 1s: 38, 0s: 160
True Labels - 1s: 60, 0s: 138
Client 9 of 10: Local Epoch [1/3] Loss: 0.4859, Accuracy: 76.77 %
Predictions - 1s: 27, 0s: 171
True Labels - 1s: 45, 0s: 153
Client 7 of 10: Local Epoch [2/3] Loss: 0.3109, Accuracy: 88.89 %
Predictions - 1s: 41, 0s: 157
True Labels - 1s: 62, 0s: 136
Client 5 of 10: Local Epoch [1/3] Loss: 0.5122, Accuracy: 74.24 %
Predictions - 1s: 35, 0s: 163
True Labels - 1s: 53, 0s: 145
Client 3 of 10: Local Epoch [2/3] Loss: 0.3715, Accuracy: 84.85 %
Predictions - 1s: 33, 0s: 165
True Labels - 1s: 50, 0s: 148
Client 2 of 10: Local Epoch [2/3] Loss: 0.3177, Accuracy: 85.35 %
Predictions - 1s: 31, 0s: 167
True Labels - 1s: 48, 0s: 150
Client 1 of 10: Local Epoch [2/3] Loss: 0.3754, Accuracy: 84.34 %
Predictions - 1s: 41, 0s: 159
True Labels - 1s: 60, 0s: 140
Client 10 of 10: Local Epoch [2/3] Loss: 0.4090, Accuracy: 82.50 %
Predictions - 1s: 53, 0s: 145
True Labels - 1s: 59, 0s: 139
Client 6 of 10: Local Epoch [2/3] Loss: 0.3740, Accuracy: 84.85 %
Predictions - 1s: 33, 0s: 165
True Labels - 1s: 45, 0s: 153
Client 4 of 10: Local Epoch [2/3] Loss: 0.3806, Accuracy: 81.82 %
Predictions - 1s: 33, 0s: 165
True Labels - 1s: 49, 0s: 149
Client 8 of 10: Local Epoch [2/3] Loss: 0.3845, Accuracy: 83.84 %
Predictions - 1s: 33, 0s: 165
True Labels - 1s: 45, 0s: 153
Client 7 of 10: Local Epoch [3/3] Loss: 0.2671, Accuracy: 90.91 %
Predictions - 1s: 41, 0s: 157
True Labels - 1s: 53, 0s: 145
Client 3 of 10: Local Epoch [3/3] Loss: 0.3509, Accuracy: 85.86 %
Predictions - 1s: 54, 0s: 144
True Labels - 1s: 60, 0s: 138
Client 9 of 10: Local Epoch [2/3] Loss: 0.4043, Accuracy: 82.83 %
Predictions - 1s: 44, 0s: 154
True Labels - 1s: 50, 0s: 148
Client 2 of 10: Local Epoch [3/3] Loss: 0.3187, Accuracy: 88.89 %
Predictions - 1s: 35, 0s: 163
True Labels - 1s: 48, 0s: 150
Client 1 of 10: Local Epoch [3/3] Loss: 0.3385, Accuracy: 86.36 %
Predictions - 1s: 45, 0s: 155
True Labels - 1s: 60, 0s: 140
Client 10 of 10: Local Epoch [3/3] Loss: 0.3784, Accuracy: 82.50 %
Predictions - 1s: 50, 0s: 148
True Labels - 1s: 59, 0s: 139
Client 6 of 10: Local Epoch [3/3] Loss: 0.3243, Accuracy: 84.34 %
Predictions - 1s: 43, 0s: 155
True Labels - 1s: 62, 0s: 136
Client 5 of 10: Local Epoch [2/3] Loss: 0.4139, Accuracy: 81.31 %
Predictions - 1s: 24, 0s: 174
True Labels - 1s: 45, 0s: 153
Client 4 of 10: Local Epoch [3/3] Loss: 0.3427, Accuracy: 83.33 %
Predictions - 1s: 25, 0s: 173
True Labels - 1s: 49, 0s: 149
Client 8 of 10: Local Epoch [3/3] Loss: 0.3421, Accuracy: 84.85 %
Predictions - 1s: 53, 0s: 145
True Labels - 1s: 60, 0s: 138
Client 9 of 10: Local Epoch [3/3] Loss: 0.3668, Accuracy: 86.36 %
Predictions - 1s: 51, 0s: 147
True Labels - 1s: 62, 0s: 136
Client 5 of 10: Local Epoch [3/3] Loss: 0.3952, Accuracy: 84.34 %
-------------------------------
Round [3/4] Average Local Loss: 0.3425, Average Local Accuracy: 85.78 %
-------------------------------
-------- Validation --------
Predictions - 1s: 116, 0s: 380
True Labels - 1s: 143, 0s: 353
Round [3/4] Global Model Validation Loss: 0.4723, Validation Accuracy: 76.81 %
-------- Validation finished --------
Updated best model in round 3 saved with Validation Loss: 0.4723 and Validation Accuracy: 76.81 %
-------------------------------

Round 4 of 4
-------------------------------
Predictions - 1s: 55, 0s: 143
True Labels - 1s: 62, 0s: 136
Client 5 of 10: Local Epoch [1/3] Loss: 0.4746, Accuracy: 79.29 %
Predictions - 1s: 43, 0s: 155
True Labels - 1s: 50, 0s: 148
Client 2 of 10: Local Epoch [1/3] Loss: 0.3915, Accuracy: 80.30 %
Predictions - 1s: 31, 0s: 167
True Labels - 1s: 53, 0s: 145
Client 3 of 10: Local Epoch [1/3] Loss: 0.4639, Accuracy: 79.80 %
Predictions - 1s: 40, 0s: 160
True Labels - 1s: 60, 0s: 140
Client 10 of 10: Local Epoch [1/3] Loss: 0.4641, Accuracy: 78.00 %
Predictions - 1s: 27, 0s: 171
True Labels - 1s: 45, 0s: 153
Client 7 of 10: Local Epoch [1/3] Loss: 0.3697, Accuracy: 85.86 %
Predictions - 1s: 34, 0s: 164
True Labels - 1s: 45, 0s: 153
Client 4 of 10: Local Epoch [1/3] Loss: 0.4333, Accuracy: 78.28 %
Predictions - 1s: 44, 0s: 154
True Labels - 1s: 59, 0s: 139
Client 6 of 10: Local Epoch [1/3] Loss: 0.4302, Accuracy: 79.29 %
Predictions - 1s: 31, 0s: 167
True Labels - 1s: 49, 0s: 149
Client 8 of 10: Local Epoch [1/3] Loss: 0.4241, Accuracy: 78.79 %
Predictions - 1s: 39, 0s: 159
True Labels - 1s: 62, 0s: 136
Client 5 of 10: Local Epoch [2/3] Loss: 0.3989, Accuracy: 79.29 %
Predictions - 1s: 35, 0s: 163
True Labels - 1s: 50, 0s: 148
Client 2 of 10: Local Epoch [2/3] Loss: 0.3046, Accuracy: 86.36 %
Predictions - 1s: 42, 0s: 156
True Labels - 1s: 53, 0s: 145
Client 3 of 10: Local Epoch [2/3] Loss: 0.3808, Accuracy: 82.32 %
Predictions - 1s: 45, 0s: 155
True Labels - 1s: 60, 0s: 140
Client 10 of 10: Local Epoch [2/3] Loss: 0.3773, Accuracy: 83.50 %
Predictions - 1s: 32, 0s: 166
True Labels - 1s: 45, 0s: 153
Client 7 of 10: Local Epoch [2/3] Loss: 0.2907, Accuracy: 91.41 %
Predictions - 1s: 34, 0s: 164
True Labels - 1s: 48, 0s: 150
Client 1 of 10: Local Epoch [1/3] Loss: 0.4080, Accuracy: 79.80 %
Predictions - 1s: 29, 0s: 169
True Labels - 1s: 45, 0s: 153
Client 4 of 10: Local Epoch [2/3] Loss: 0.3490, Accuracy: 83.84 %
Predictions - 1s: 56, 0s: 142
True Labels - 1s: 62, 0s: 136
Client 5 of 10: Local Epoch [3/3] Loss: 0.3339, Accuracy: 87.88 %
Predictions - 1s: 56, 0s: 142
True Labels - 1s: 59, 0s: 139
Client 6 of 10: Local Epoch [2/3] Loss: 0.3347, Accuracy: 85.35 %
Predictions - 1s: 47, 0s: 151
True Labels - 1s: 60, 0s: 138
Client 9 of 10: Local Epoch [1/3] Loss: 0.4375, Accuracy: 78.28 %
Predictions - 1s: 42, 0s: 156
True Labels - 1s: 50, 0s: 148
Client 2 of 10: Local Epoch [3/3] Loss: 0.2602, Accuracy: 91.92 %
Predictions - 1s: 36, 0s: 162
True Labels - 1s: 53, 0s: 145
Client 3 of 10: Local Epoch [3/3] Loss: 0.3234, Accuracy: 84.34 %
Predictions - 1s: 46, 0s: 154
True Labels - 1s: 60, 0s: 140
Client 10 of 10: Local Epoch [3/3] Loss: 0.3542, Accuracy: 84.00 %
Predictions - 1s: 26, 0s: 172
True Labels - 1s: 49, 0s: 149
Client 8 of 10: Local Epoch [2/3] Loss: 0.3240, Accuracy: 85.35 %
Predictions - 1s: 28, 0s: 170
True Labels - 1s: 45, 0s: 153
Client 7 of 10: Local Epoch [3/3] Loss: 0.2505, Accuracy: 90.40 %
Predictions - 1s: 33, 0s: 165
True Labels - 1s: 45, 0s: 153
Client 4 of 10: Local Epoch [3/3] Loss: 0.3153, Accuracy: 87.88 %
Predictions - 1s: 32, 0s: 166
True Labels - 1s: 48, 0s: 150
Client 1 of 10: Local Epoch [2/3] Loss: 0.3263, Accuracy: 85.86 %
Predictions - 1s: 43, 0s: 155
True Labels - 1s: 59, 0s: 139
Client 6 of 10: Local Epoch [3/3] Loss: 0.3060, Accuracy: 85.86 %
Predictions - 1s: 48, 0s: 150
True Labels - 1s: 60, 0s: 138
Client 9 of 10: Local Epoch [2/3] Loss: 0.3925, Accuracy: 83.84 %
Predictions - 1s: 31, 0s: 167
True Labels - 1s: 49, 0s: 149
Client 8 of 10: Local Epoch [3/3] Loss: 0.2974, Accuracy: 86.87 %
Predictions - 1s: 42, 0s: 156
True Labels - 1s: 48, 0s: 150
Client 1 of 10: Local Epoch [3/3] Loss: 0.2948, Accuracy: 88.89 %
Predictions - 1s: 56, 0s: 142
True Labels - 1s: 60, 0s: 138
Client 9 of 10: Local Epoch [3/3] Loss: 0.3515, Accuracy: 85.86 %
-------------------------------
Round [4/4] Average Local Loss: 0.3087, Average Local Accuracy: 87.39 %
-------------------------------
-------- Validation --------
Predictions - 1s: 126, 0s: 370
True Labels - 1s: 143, 0s: 353
Round [4/4] Global Model Validation Loss: 0.4706, Validation Accuracy: 77.62 %
-------- Validation finished --------
Updated best model in round 4 saved with Validation Loss: 0.4706 and Validation Accuracy: 77.62 %
-------------------------------
Best model in round 4 saved with Validation Loss: 0.4706 and Validation Accuracy: 77.62 %

-------- Training finished in 15:54 --------

Test flag enabled. Testing the model

-------- Loading best model from model_path --------
Loaded model bert-small from date 21-04-2024 17:14. Trained with Federated Learning technology.
Round 4, lr: 6e-05, optimizer: AdamW
Average train accuracy: 87.39 %, Validation accuracy: 77.62 %
-------- Best model loaded --------

-------- Creating Test Dataloader --------
Test Loader: 618 total sentences. 78 batches of size 8.
-------- Test Dataloader created --------

-------- Testing --------
Predictions - 1s: 156, 0s: 462
True Labels - 1s: 168, 0s: 450
Nº of test samples: 618
Accuracy: 82.52%
Accuracy 2 : 82.52%
Precision: 78.12%
Recall: 76.81%
F1 Score: 77.41%
Classification report:
              precision    recall  f1-score   support

           0     0.8701    0.8933    0.8816       450
           1     0.6923    0.6429    0.6667       168

    accuracy                         0.8252       618
   macro avg     0.7812    0.7681    0.7741       618
weighted avg     0.8218    0.8252    0.8232       618

-------- Testing finished --------
