Current configuration:
{
    "concurrency_flag": false,
    "data_distribution": "non_iid",
    "dataset": "twitter_dep",
    "device": "cuda",
    "dp_delta": 0.003,
    "dp_epsilon": 0,
    "eval_batch_size": 4,
    "eval_flag": true,
    "eval_size": 0.2,
    "fed_alg": "fedavg",
    "layers": 3,
    "learning_rate": 6e-05,
    "max_length": 512,
    "ml_mode": "fl",
    "model": "bert_small",
    "model_name": "fedavg_non_iid_twitter_dep",
    "models_path": "/local/vpaloma/fabric-federated-learning/ablation_study/5-fed-data_dist-dataset/twitter_dep",
    "mu": 0.5,
    "num_clients": 5,
    "num_epochs": 3,
    "num_rounds": 4,
    "optimizer": "AdamW",
    "progress_bar_flag": false,
    "save_model": true,
    "scheduler": "linear",
    "scheduler_warmup_steps": 0,
    "seed": 0,
    "test_flag": true,
    "train_batch_size": 4,
    "train_size": 0.8
}
-------- Configuration loaded --------

-------- Setting device --------
cuda device selected and available.
-------- Device set --------

-------- Setting seed --------
-------- Seed set --------

-------- Creating Model --------
-------- Model created --------

-------- Setting Trainable Layers --------
Training the last 3 layers.

Total parameters count: 28764674
Trainable parameters count: 3416066
-------- Trainable Layers set --------

-------- Creating Tokenizer --------
-------- Tokenizer created --------

-------- Creating Train and Eval Dataloaders --------
Train Loader: 1982 total sentences. 496 batches of size 4.
Eval Loader: 496 total sentences. 124 batches of size 4.
-------- Train and Eval Dataloaders created --------

-------- Training --------
Training with Federated Learning technology.
Training without differential privacy.
Federated averaging algorithm selected.
Client 0: Label 0: 108, Label 1: 297
Client 1: Label 0: 108, Label 1: 255
Client 2: Label 0: 405, Label 1: 0
Client 3: Label 0: 405, Label 1: 0
Client 4: Label 0: 404, Label 1: 0

Round 1 of 4
-------------------------------
Client 1 of 5: Local Epoch [1/3] Loss: 0.5330, Accuracy: 73.09 %
Client 1 of 5: Local Epoch [2/3] Loss: 0.4114, Accuracy: 81.48 %
Client 1 of 5: Local Epoch [3/3] Loss: 0.3765, Accuracy: 84.94 %
Client 2 of 5: Local Epoch [1/3] Loss: 0.5594, Accuracy: 72.45 %
Client 2 of 5: Local Epoch [2/3] Loss: 0.4387, Accuracy: 81.54 %
Client 2 of 5: Local Epoch [3/3] Loss: 0.4066, Accuracy: 84.02 %
Client 3 of 5: Local Epoch [1/3] Loss: 0.0473, Accuracy: 99.75 %
Client 3 of 5: Local Epoch [2/3] Loss: 0.0029, Accuracy: 100.00 %
Client 3 of 5: Local Epoch [3/3] Loss: 0.0019, Accuracy: 100.00 %
Client 4 of 5: Local Epoch [1/3] Loss: 0.0466, Accuracy: 100.00 %
Client 4 of 5: Local Epoch [2/3] Loss: 0.0030, Accuracy: 100.00 %
Client 4 of 5: Local Epoch [3/3] Loss: 0.0020, Accuracy: 100.00 %
Client 5 of 5: Local Epoch [1/3] Loss: 0.0457, Accuracy: 99.50 %
Client 5 of 5: Local Epoch [2/3] Loss: 0.0030, Accuracy: 100.00 %
Client 5 of 5: Local Epoch [3/3] Loss: 0.0019, Accuracy: 100.00 %
-------------------------------
Round [1/4] Average Local Loss: 0.1578, Average Local Accuracy: 93.79 %
-------------------------------
-------- Validation --------
Round [1/4] Global Model Validation Loss: 0.9097, Validation Accuracy: 75.40 %
-------- Validation finished --------
Updated best model in round 1 saved with Validation Accuracy: 75.40 %
-------------------------------

Round 2 of 4
-------------------------------
Client 1 of 5: Local Epoch [1/3] Loss: 0.6154, Accuracy: 70.86 %
Client 1 of 5: Local Epoch [2/3] Loss: 0.4058, Accuracy: 82.22 %
Client 1 of 5: Local Epoch [3/3] Loss: 0.3545, Accuracy: 84.44 %
Client 2 of 5: Local Epoch [1/3] Loss: 0.6404, Accuracy: 70.80 %
Client 2 of 5: Local Epoch [2/3] Loss: 0.4357, Accuracy: 81.27 %
Client 2 of 5: Local Epoch [3/3] Loss: 0.3783, Accuracy: 84.57 %
Client 3 of 5: Local Epoch [1/3] Loss: 0.0016, Accuracy: 100.00 %
Client 3 of 5: Local Epoch [2/3] Loss: 0.0001, Accuracy: 100.00 %
Client 3 of 5: Local Epoch [3/3] Loss: 0.0001, Accuracy: 100.00 %
Client 4 of 5: Local Epoch [1/3] Loss: 0.0016, Accuracy: 100.00 %
Client 4 of 5: Local Epoch [2/3] Loss: 0.0001, Accuracy: 100.00 %
Client 4 of 5: Local Epoch [3/3] Loss: 0.0001, Accuracy: 100.00 %
Client 5 of 5: Local Epoch [1/3] Loss: 0.0016, Accuracy: 100.00 %
Client 5 of 5: Local Epoch [2/3] Loss: 0.0002, Accuracy: 100.00 %
Client 5 of 5: Local Epoch [3/3] Loss: 0.0001, Accuracy: 100.00 %
-------------------------------
Round [2/4] Average Local Loss: 0.1466, Average Local Accuracy: 93.80 %
-------------------------------
-------- Validation --------
Round [2/4] Global Model Validation Loss: 1.3636, Validation Accuracy: 75.40 %
-------- Validation finished --------
Updated best model in round 2 saved with Validation Accuracy: 75.40 %
-------------------------------

Round 3 of 4
-------------------------------
Client 1 of 5: Local Epoch [1/3] Loss: 0.6706, Accuracy: 72.84 %
Client 1 of 5: Local Epoch [2/3] Loss: 0.3633, Accuracy: 82.96 %
Client 1 of 5: Local Epoch [3/3] Loss: 0.3216, Accuracy: 85.19 %
Client 2 of 5: Local Epoch [1/3] Loss: 0.7273, Accuracy: 70.80 %
Client 2 of 5: Local Epoch [2/3] Loss: 0.3899, Accuracy: 84.02 %
Client 2 of 5: Local Epoch [3/3] Loss: 0.3508, Accuracy: 85.12 %
Client 3 of 5: Local Epoch [1/3] Loss: 0.0001, Accuracy: 100.00 %
Client 3 of 5: Local Epoch [2/3] Loss: 0.0000, Accuracy: 100.00 %
Client 3 of 5: Local Epoch [3/3] Loss: 0.0000, Accuracy: 100.00 %
Client 4 of 5: Local Epoch [1/3] Loss: 0.0002, Accuracy: 100.00 %
Client 4 of 5: Local Epoch [2/3] Loss: 0.0000, Accuracy: 100.00 %
Client 4 of 5: Local Epoch [3/3] Loss: 0.0000, Accuracy: 100.00 %
Client 5 of 5: Local Epoch [1/3] Loss: 0.0002, Accuracy: 100.00 %
Client 5 of 5: Local Epoch [2/3] Loss: 0.0000, Accuracy: 100.00 %
Client 5 of 5: Local Epoch [3/3] Loss: 0.0000, Accuracy: 100.00 %
-------------------------------
Round [3/4] Average Local Loss: 0.1345, Average Local Accuracy: 94.06 %
-------------------------------
-------- Validation --------
Round [3/4] Global Model Validation Loss: 1.7378, Validation Accuracy: 75.40 %
-------- Validation finished --------
Updated best model in round 3 saved with Validation Accuracy: 75.40 %
-------------------------------

Round 4 of 4
-------------------------------
Client 1 of 5: Local Epoch [1/3] Loss: 0.6892, Accuracy: 75.56 %
Client 1 of 5: Local Epoch [2/3] Loss: 0.3613, Accuracy: 84.69 %
Client 1 of 5: Local Epoch [3/3] Loss: 0.3091, Accuracy: 87.90 %
Client 2 of 5: Local Epoch [1/3] Loss: 0.7766, Accuracy: 70.52 %
Client 2 of 5: Local Epoch [2/3] Loss: 0.3700, Accuracy: 84.57 %
Client 2 of 5: Local Epoch [3/3] Loss: 0.3328, Accuracy: 86.23 %
Client 3 of 5: Local Epoch [1/3] Loss: 0.0000, Accuracy: 100.00 %
Client 3 of 5: Local Epoch [2/3] Loss: 0.0000, Accuracy: 100.00 %
Client 3 of 5: Local Epoch [3/3] Loss: 0.0000, Accuracy: 100.00 %
Client 4 of 5: Local Epoch [1/3] Loss: 0.0001, Accuracy: 100.00 %
Client 4 of 5: Local Epoch [2/3] Loss: 0.0000, Accuracy: 100.00 %
Client 4 of 5: Local Epoch [3/3] Loss: 0.0000, Accuracy: 100.00 %
Client 5 of 5: Local Epoch [1/3] Loss: 0.0000, Accuracy: 100.00 %
Client 5 of 5: Local Epoch [2/3] Loss: 0.0000, Accuracy: 100.00 %
Client 5 of 5: Local Epoch [3/3] Loss: 0.0000, Accuracy: 100.00 %
-------------------------------
Round [4/4] Average Local Loss: 0.1284, Average Local Accuracy: 94.83 %
-------------------------------
-------- Validation --------
Round [4/4] Global Model Validation Loss: 1.8931, Validation Accuracy: 75.40 %
-------- Validation finished --------
Updated best model in round 4 saved with Validation Accuracy: 75.40 %
-------------------------------
Best model in round 4 saved with Validation Accuracy: 75.40 %

-------- Training finished in 3:46 --------

Test flag enabled. Testing the model

-------- Loading best model from model_path --------
Loaded model bert-small from date 06-02-2024 08:33. Trained with Federated Learning technology.
Round 4, lr: 6e-05, optimizer: AdamW
Average train accuracy: 94.83 %, Validation accuracy: 75.40 %
-------- Best model loaded --------

-------- Creating Test Dataloader --------
Test Loader: 618 total sentences. 78 batches of size 8.
-------- Test Dataloader created --------

-------- Testing --------
Nº of test samples: 618
Accuracy: 72.82%
Precision: 36.41%
Recall: 50.00%
F1 Score: 42.13%
-------- Testing finished --------
