Current configuration:
{
    "concurrency_flag": false,
    "data_distribution": "iid",
    "dataset": "acl_dep_sad",
    "device": "cuda",
    "dp_delta": 0.003,
    "dp_epsilon": 0.0,
    "eval_batch_size": 4,
    "eval_flag": true,
    "eval_size": 0.2,
    "fed_alg": "fedavg",
    "layers": 4,
    "learning_rate": 6e-05,
    "max_length": 512,
    "ml_mode": "ml",
    "model": "bert_tiny",
    "model_name": "bert_tiny_4_6e5",
    "models_path": "/local/vpaloma/ablation_study/layers-lr/",
    "mu": 0.5,
    "num_clients": 5,
    "num_epochs": 10,
    "num_rounds": 5,
    "optimizer": "AdamW",
    "progress_bar_flag": false,
    "save_model": true,
    "scheduler": "linear",
    "scheduler_warmup_steps": 0,
    "seed": 100,
    "test_flag": true,
    "train_batch_size": 4,
    "train_size": 0.8
}
-------- Configuration loaded --------

-------- Setting device --------
cuda device selected and available.
-------- Device set --------

-------- Setting seed --------
-------- Seed set --------

-------- Creating Model --------
-------- Model created --------

-------- Setting Trainable Layers --------
Training the last 4 layers.

Total parameters count: 4386178
Trainable parameters count: 413314
-------- Trainable Layers set --------

-------- Creating Tokenizer --------
-------- Tokenizer created --------

-------- Creating Train and Eval Dataloaders --------
Train Loader: 2085 total sentences. 522 batches of size 4.
Eval Loader: 521 total sentences. 131 batches of size 4.
-------- Train and Eval Dataloaders created --------

-------- Creating Optimizer --------
-------- Optimizer created --------

-------- Creating Scheduler --------
-------- Scheduler created --------

-------- Training --------
Training with Centralised Machine Learning technology.
Training without differential privacy.
Epoch [1/10], Step [100/522], Loss: 0.5913, Accuracy: 72.00 %
Epoch [1/10], Step [200/522], Loss: 0.5293, Accuracy: 75.88 %
Epoch [1/10], Step [300/522], Loss: 0.4902, Accuracy: 78.58 %
Epoch [1/10], Step [400/522], Loss: 0.4563, Accuracy: 80.31 %
Epoch [1/10], Step [500/522], Loss: 0.4356, Accuracy: 81.45 %
-------------------------------
Epoch [1/10] Loss: 0.4285, Accuracy: 81.77 %
-------------------------------
-------- Validation --------
Validation Loss: 0.2680, Validation Accuracy: 90.02 %
-------- Validation finished --------
Updated best model in epoch 1 saved with Validation Accuracy: 90.02 %
-------------------------------
Epoch [2/10], Step [100/522], Loss: 0.2701, Accuracy: 90.25 %
Epoch [2/10], Step [200/522], Loss: 0.2785, Accuracy: 89.12 %
Epoch [2/10], Step [300/522], Loss: 0.2692, Accuracy: 89.50 %
Epoch [2/10], Step [400/522], Loss: 0.2600, Accuracy: 89.75 %
Epoch [2/10], Step [500/522], Loss: 0.2588, Accuracy: 89.75 %
-------------------------------
Epoch [2/10] Loss: 0.2554, Accuracy: 89.93 %
-------------------------------
-------- Validation --------
Validation Loss: 0.2292, Validation Accuracy: 90.40 %
-------- Validation finished --------
Updated best model in epoch 2 saved with Validation Accuracy: 90.40 %
-------------------------------
Epoch [3/10], Step [100/522], Loss: 0.2530, Accuracy: 90.75 %
Epoch [3/10], Step [200/522], Loss: 0.2301, Accuracy: 91.12 %
Epoch [3/10], Step [300/522], Loss: 0.2111, Accuracy: 91.83 %
Epoch [3/10], Step [400/522], Loss: 0.2232, Accuracy: 91.56 %
Epoch [3/10], Step [500/522], Loss: 0.2213, Accuracy: 91.45 %
-------------------------------
Epoch [3/10] Loss: 0.2225, Accuracy: 91.27 %
-------------------------------
-------- Validation --------
Validation Loss: 0.1880, Validation Accuracy: 91.94 %
-------- Validation finished --------
Updated best model in epoch 3 saved with Validation Accuracy: 91.94 %
-------------------------------
Epoch [4/10], Step [100/522], Loss: 0.1937, Accuracy: 93.00 %
Epoch [4/10], Step [200/522], Loss: 0.1974, Accuracy: 92.75 %
Epoch [4/10], Step [300/522], Loss: 0.1924, Accuracy: 92.50 %
Epoch [4/10], Step [400/522], Loss: 0.1900, Accuracy: 92.44 %
Epoch [4/10], Step [500/522], Loss: 0.1919, Accuracy: 92.40 %
-------------------------------
Epoch [4/10] Loss: 0.1886, Accuracy: 92.61 %
-------------------------------
-------- Validation --------
Validation Loss: 0.1870, Validation Accuracy: 92.90 %
-------- Validation finished --------
Updated best model in epoch 4 saved with Validation Accuracy: 92.90 %
-------------------------------
Epoch [5/10], Step [100/522], Loss: 0.1753, Accuracy: 92.75 %
Epoch [5/10], Step [200/522], Loss: 0.1820, Accuracy: 92.38 %
Epoch [5/10], Step [300/522], Loss: 0.1773, Accuracy: 92.67 %
Epoch [5/10], Step [400/522], Loss: 0.1788, Accuracy: 92.56 %
Epoch [5/10], Step [500/522], Loss: 0.1781, Accuracy: 92.60 %
-------------------------------
Epoch [5/10] Loss: 0.1744, Accuracy: 92.81 %
-------------------------------
-------- Validation --------
Validation Loss: 0.1757, Validation Accuracy: 93.67 %
-------- Validation finished --------
Updated best model in epoch 5 saved with Validation Accuracy: 93.67 %
-------------------------------
Epoch [6/10], Step [100/522], Loss: 0.1643, Accuracy: 93.00 %
Epoch [6/10], Step [200/522], Loss: 0.1733, Accuracy: 92.88 %
Epoch [6/10], Step [300/522], Loss: 0.1626, Accuracy: 93.83 %
Epoch [6/10], Step [400/522], Loss: 0.1627, Accuracy: 93.75 %
Epoch [6/10], Step [500/522], Loss: 0.1602, Accuracy: 93.70 %
-------------------------------
Epoch [6/10] Loss: 0.1608, Accuracy: 93.67 %
-------------------------------
-------- Validation --------
Validation Loss: 0.1766, Validation Accuracy: 94.05 %
-------- Validation finished --------
Updated best model in epoch 6 saved with Validation Accuracy: 94.05 %
-------------------------------
Epoch [7/10], Step [100/522], Loss: 0.1424, Accuracy: 95.00 %
Epoch [7/10], Step [200/522], Loss: 0.1460, Accuracy: 94.88 %
Epoch [7/10], Step [300/522], Loss: 0.1482, Accuracy: 94.42 %
Epoch [7/10], Step [400/522], Loss: 0.1452, Accuracy: 94.69 %
Epoch [7/10], Step [500/522], Loss: 0.1588, Accuracy: 93.90 %
-------------------------------
Epoch [7/10] Loss: 0.1580, Accuracy: 93.86 %
-------------------------------
-------- Validation --------
Validation Loss: 0.1739, Validation Accuracy: 93.86 %
-------- Validation finished --------
Epoch [8/10], Step [100/522], Loss: 0.1447, Accuracy: 95.75 %
Epoch [8/10], Step [200/522], Loss: 0.1251, Accuracy: 96.12 %
Epoch [8/10], Step [300/522], Loss: 0.1335, Accuracy: 95.75 %
Epoch [8/10], Step [400/522], Loss: 0.1461, Accuracy: 94.62 %
Epoch [8/10], Step [500/522], Loss: 0.1403, Accuracy: 95.05 %
-------------------------------
Epoch [8/10] Loss: 0.1408, Accuracy: 95.11 %
-------------------------------
-------- Validation --------
Validation Loss: 0.1738, Validation Accuracy: 93.67 %
-------- Validation finished --------
Epoch [9/10], Step [100/522], Loss: 0.1283, Accuracy: 94.75 %
Epoch [9/10], Step [200/522], Loss: 0.1407, Accuracy: 94.38 %
Epoch [9/10], Step [300/522], Loss: 0.1477, Accuracy: 94.00 %
Epoch [9/10], Step [400/522], Loss: 0.1477, Accuracy: 94.19 %
Epoch [9/10], Step [500/522], Loss: 0.1476, Accuracy: 94.20 %
-------------------------------
Epoch [9/10] Loss: 0.1489, Accuracy: 94.20 %
-------------------------------
-------- Validation --------
Validation Loss: 0.1709, Validation Accuracy: 93.67 %
-------- Validation finished --------
Epoch [10/10], Step [100/522], Loss: 0.1548, Accuracy: 94.75 %
Epoch [10/10], Step [200/522], Loss: 0.1368, Accuracy: 95.00 %
Epoch [10/10], Step [300/522], Loss: 0.1245, Accuracy: 95.33 %
Epoch [10/10], Step [400/522], Loss: 0.1318, Accuracy: 94.94 %
Epoch [10/10], Step [500/522], Loss: 0.1368, Accuracy: 94.80 %
-------------------------------
Epoch [10/10] Loss: 0.1349, Accuracy: 94.87 %
-------------------------------
-------- Validation --------
Validation Loss: 0.1729, Validation Accuracy: 93.47 %
-------- Validation finished --------
Best model in epoch 6 saved with Validation Accuracy: 94.05 %
-------- Training finished --------

Test flag enabled. Testing the model

-------- Loading best model from model_path --------
Loaded model bert-tiny from date 01-02-2024 10:23. Trained with Centralised Machine Learning technology.
Epoch 6, lr: 6e-05, optimizer: AdamW
Train accuracy: 93.67 %, Validation accuracy: 94.05 %
-------- Best model loaded --------

-------- Creating Test Dataloader --------
Test Loader: 650 total sentences. 82 batches of size 8.
-------- Test Dataloader created --------

-------- Testing --------
Nº of test samples: 650
Accuracy: 92.62%
Precision: 92.34%
Recall: 92.44%
F1 Score: 92.39%
-------- Testing finished --------
