Current configuration:
{
    "concurrency_flag": true,
    "data_distribution": "iid",
    "dataset": "mixed_depression",
    "device": "cuda",
    "dp_delta": 0.003,
    "dp_epsilon": 0.0,
    "eval_batch_size": 4,
    "eval_flag": true,
    "eval_size": 0.2,
    "fed_alg": "fedavg",
    "layers": 3,
    "learning_rate": 6e-05,
    "max_length": 512,
    "ml_mode": "bcfl",
    "model": "bert_small",
    "model_name": "bcfl_small_c3_mixed_depression",
    "models_path": "/local/vpaloma/fabric-federated-learning/ablation_study/phase-4/final/accs-times/mixed_depression/",
    "mu": 0.5,
    "num_clients": 3,
    "num_epochs": 3,
    "num_rounds": 4,
    "optimizer": "AdamW",
    "progress_bar_flag": false,
    "save_model": true,
    "scheduler": "linear",
    "scheduler_warmup_steps": 0,
    "seed": "random",
    "test_flag": true,
    "train_batch_size": 4,
    "train_size": 0.8
}
-------- Configuration loaded --------

-------- Setting device --------
cuda device selected and available.
-------- Device set --------

-------- Setting seed --------
seed set:  104642
-------- Seed set --------

-------- Creating Model --------
-------- Model created --------

-------- Setting Trainable Layers --------
Training the last 3 layers.

Total parameters count: 28764674
Trainable parameters count: 3416066
-------- Trainable Layers set --------

-------- Creating Tokenizer --------
-------- Tokenizer created --------

-------- Creating Train and Eval Dataloaders --------
Train Loader: 1806 total sentences. 452 batches of size 4.
Eval Loader: 452 total sentences. 113 batches of size 4.
-------- Train and Eval Dataloaders created --------

-------- Training --------
Training with Blockchain-Based Federated Learning technology.
Training without differential privacy.
Federated averaging algorithm selected.
Client 0: Label 0: 283, Label 1: 319
Client 1: Label 0: 293, Label 1: 309
Client 2: Label 0: 309, Label 1: 293

Round 1 of 4
-------------------------------
Predictions - 1s: 312, 0s: 290
True Labels - 1s: 319, 0s: 283
Client 1 of 3: Local Epoch [1/3] Loss: 0.4920, Accuracy: 76.91 %
Predictions - 1s: 306, 0s: 296
True Labels - 1s: 309, 0s: 293
Client 2 of 3: Local Epoch [1/3] Loss: 0.5548, Accuracy: 71.59 %
Predictions - 1s: 263, 0s: 339
True Labels - 1s: 293, 0s: 309
Client 3 of 3: Local Epoch [1/3] Loss: 0.5122, Accuracy: 76.08 %
Predictions - 1s: 324, 0s: 278
True Labels - 1s: 319, 0s: 283
Client 1 of 3: Local Epoch [2/3] Loss: 0.3388, Accuracy: 85.88 %
Predictions - 1s: 309, 0s: 293
True Labels - 1s: 309, 0s: 293
Client 2 of 3: Local Epoch [2/3] Loss: 0.3778, Accuracy: 85.38 %
Predictions - 1s: 300, 0s: 302
True Labels - 1s: 293, 0s: 309
Client 3 of 3: Local Epoch [2/3] Loss: 0.3300, Accuracy: 86.21 %
Predictions - 1s: 321, 0s: 281
True Labels - 1s: 319, 0s: 283
Client 1 of 3: Local Epoch [3/3] Loss: 0.2525, Accuracy: 90.03 %
Predictions - 1s: 324, 0s: 278
True Labels - 1s: 309, 0s: 293
Client 2 of 3: Local Epoch [3/3] Loss: 0.3216, Accuracy: 87.21 %
Predictions - 1s: 294, 0s: 308
True Labels - 1s: 293, 0s: 309
Client 3 of 3: Local Epoch [3/3] Loss: 0.2685, Accuracy: 89.20 %
-------------------------------
Round [1/4] Average Local Loss: 0.2809, Average Local Accuracy: 88.82 %
-------------------------------
-------- Validation --------
Predictions - 1s: 243, 0s: 209
True Labels - 1s: 264, 0s: 188
Round [1/4] Global Model Validation Loss: 0.3692, Validation Accuracy: 83.41 %
-------- Validation finished --------
Updated best model in round 1 saved with Validation Loss: 0.3692 and Validation Accuracy: 83.41 %
-------------------------------

Round 2 of 4
-------------------------------
Predictions - 1s: 328, 0s: 274
True Labels - 1s: 319, 0s: 283
Client 1 of 3: Local Epoch [1/3] Loss: 0.3081, Accuracy: 87.54 %
Predictions - 1s: 317, 0s: 285
True Labels - 1s: 309, 0s: 293
Client 2 of 3: Local Epoch [1/3] Loss: 0.3681, Accuracy: 85.71 %
Predictions - 1s: 304, 0s: 298
True Labels - 1s: 293, 0s: 309
Client 3 of 3: Local Epoch [1/3] Loss: 0.3224, Accuracy: 86.21 %
Predictions - 1s: 330, 0s: 272
True Labels - 1s: 319, 0s: 283
Client 1 of 3: Local Epoch [2/3] Loss: 0.2198, Accuracy: 91.20 %
Predictions - 1s: 320, 0s: 282
True Labels - 1s: 309, 0s: 293
Client 2 of 3: Local Epoch [2/3] Loss: 0.2875, Accuracy: 88.87 %
Predictions - 1s: 299, 0s: 303
True Labels - 1s: 293, 0s: 309
Client 3 of 3: Local Epoch [2/3] Loss: 0.2406, Accuracy: 90.03 %
Predictions - 1s: 322, 0s: 280
True Labels - 1s: 319, 0s: 283
Client 1 of 3: Local Epoch [3/3] Loss: 0.1772, Accuracy: 94.52 %
Predictions - 1s: 315, 0s: 287
True Labels - 1s: 309, 0s: 293
Client 2 of 3: Local Epoch [3/3] Loss: 0.2439, Accuracy: 90.37 %
Predictions - 1s: 295, 0s: 307
True Labels - 1s: 293, 0s: 309
Client 3 of 3: Local Epoch [3/3] Loss: 0.1951, Accuracy: 92.69 %
-------------------------------
Round [2/4] Average Local Loss: 0.2054, Average Local Accuracy: 92.52 %
-------------------------------
-------- Validation --------
Predictions - 1s: 252, 0s: 200
True Labels - 1s: 264, 0s: 188
Round [2/4] Global Model Validation Loss: 0.3328, Validation Accuracy: 87.17 %
-------- Validation finished --------
Updated best model in round 2 saved with Validation Loss: 0.3328 and Validation Accuracy: 87.17 %
-------------------------------

Round 3 of 4
-------------------------------
Predictions - 1s: 329, 0s: 273
True Labels - 1s: 319, 0s: 283
Client 1 of 3: Local Epoch [1/3] Loss: 0.2364, Accuracy: 91.03 %
Predictions - 1s: 310, 0s: 292
True Labels - 1s: 309, 0s: 293
Client 2 of 3: Local Epoch [1/3] Loss: 0.3140, Accuracy: 88.21 %
Predictions - 1s: 302, 0s: 300
True Labels - 1s: 293, 0s: 309
Client 3 of 3: Local Epoch [1/3] Loss: 0.2738, Accuracy: 87.54 %
Predictions - 1s: 327, 0s: 275
True Labels - 1s: 319, 0s: 283
Client 1 of 3: Local Epoch [2/3] Loss: 0.1432, Accuracy: 94.68 %
Predictions - 1s: 322, 0s: 280
True Labels - 1s: 309, 0s: 293
Client 2 of 3: Local Epoch [2/3] Loss: 0.2406, Accuracy: 91.20 %
Predictions - 1s: 297, 0s: 305
True Labels - 1s: 293, 0s: 309
Client 3 of 3: Local Epoch [2/3] Loss: 0.2014, Accuracy: 91.69 %
Predictions - 1s: 325, 0s: 277
True Labels - 1s: 319, 0s: 283
Client 1 of 3: Local Epoch [3/3] Loss: 0.1191, Accuracy: 96.01 %
Predictions - 1s: 318, 0s: 284
True Labels - 1s: 309, 0s: 293
Client 2 of 3: Local Epoch [3/3] Loss: 0.1929, Accuracy: 92.86 %
Predictions - 1s: 300, 0s: 302
True Labels - 1s: 293, 0s: 309
Client 3 of 3: Local Epoch [3/3] Loss: 0.1504, Accuracy: 95.18 %
-------------------------------
Round [3/4] Average Local Loss: 0.1541, Average Local Accuracy: 94.68 %
-------------------------------
-------- Validation --------
Predictions - 1s: 246, 0s: 206
True Labels - 1s: 264, 0s: 188
Round [3/4] Global Model Validation Loss: 0.3325, Validation Accuracy: 88.05 %
-------- Validation finished --------
Updated best model in round 3 saved with Validation Loss: 0.3325 and Validation Accuracy: 88.05 %
-------------------------------

Round 4 of 4
-------------------------------
Predictions - 1s: 297, 0s: 305
True Labels - 1s: 293, 0s: 309
Client 3 of 3: Local Epoch [1/3] Loss: 0.2303, Accuracy: 90.37 %
Predictions - 1s: 329, 0s: 273
True Labels - 1s: 319, 0s: 283
Client 1 of 3: Local Epoch [1/3] Loss: 0.2060, Accuracy: 91.36 %
Predictions - 1s: 314, 0s: 288
True Labels - 1s: 309, 0s: 293
Client 2 of 3: Local Epoch [1/3] Loss: 0.2476, Accuracy: 90.20 %
Predictions - 1s: 300, 0s: 302
True Labels - 1s: 293, 0s: 309
Client 3 of 3: Local Epoch [2/3] Loss: 0.1538, Accuracy: 94.19 %
Predictions - 1s: 328, 0s: 274
True Labels - 1s: 319, 0s: 283
Client 1 of 3: Local Epoch [2/3] Loss: 0.1351, Accuracy: 95.18 %
Predictions - 1s: 322, 0s: 280
True Labels - 1s: 309, 0s: 293
Client 2 of 3: Local Epoch [2/3] Loss: 0.1846, Accuracy: 92.19 %
Predictions - 1s: 300, 0s: 302
True Labels - 1s: 293, 0s: 309
Client 3 of 3: Local Epoch [3/3] Loss: 0.1150, Accuracy: 96.51 %
Predictions - 1s: 326, 0s: 276
True Labels - 1s: 319, 0s: 283
Client 1 of 3: Local Epoch [3/3] Loss: 0.0955, Accuracy: 96.84 %
Predictions - 1s: 317, 0s: 285
True Labels - 1s: 309, 0s: 293
Client 2 of 3: Local Epoch [3/3] Loss: 0.1404, Accuracy: 95.02 %
-------------------------------
Round [4/4] Average Local Loss: 0.1169, Average Local Accuracy: 96.12 %
-------------------------------
-------- Validation --------
Predictions - 1s: 248, 0s: 204
True Labels - 1s: 264, 0s: 188
Round [4/4] Global Model Validation Loss: 0.3348, Validation Accuracy: 88.94 %
-------- Validation finished --------
Best model in round 3 saved with Validation Loss: 0.3325 and Validation Accuracy: 88.05 %

-------- Training finished in 4:28 --------

Test flag enabled. Testing the model

-------- Loading best model from model_path --------
Loaded model bert-small from date 22-04-2024 06:29. Trained with Federated Learning technology.
Round 3, lr: 6e-05, optimizer: AdamW
Average train accuracy: 94.68 %, Validation accuracy: 88.05 %
-------- Best model loaded --------

-------- Creating Test Dataloader --------
Test Loader: 564 total sentences. 71 batches of size 8.
-------- Test Dataloader created --------

-------- Testing --------
Predictions - 1s: 268, 0s: 296
True Labels - 1s: 296, 0s: 268
Nº of test samples: 564
Accuracy: 88.65%
Accuracy 2 : 88.65%
Precision: 88.87%
Recall: 88.87%
F1 Score: 88.65%
Classification report:
              precision    recall  f1-score   support

           0     0.8446    0.9328    0.8865       268
           1     0.9328    0.8446    0.8865       296

    accuracy                         0.8865       564
   macro avg     0.8887    0.8887    0.8865       564
weighted avg     0.8909    0.8865    0.8865       564

-------- Testing finished --------
