Current configuration:
{
    "concurrency_flag": true,
    "data_distribution": "iid",
    "dataset": "mixed_depression",
    "device": "cuda",
    "dp_delta": 0.003,
    "dp_epsilon": 0.0,
    "eval_batch_size": 4,
    "eval_flag": true,
    "eval_size": 0.2,
    "fed_alg": "fedavg",
    "layers": 3,
    "learning_rate": 6e-05,
    "max_length": 512,
    "ml_mode": "bcfl",
    "model": "bert_small",
    "model_name": "bcfl_small_c20_seed6_mixed_depression",
    "models_path": "/local/vpaloma/fabric-federated-learning/ablation_study/phase-4/final/clients/mixed_depression/",
    "mu": 0.5,
    "num_clients": 15,
    "num_epochs": 3,
    "num_rounds": 4,
    "optimizer": "AdamW",
    "progress_bar_flag": false,
    "save_model": true,
    "scheduler": "linear",
    "scheduler_warmup_steps": 0,
    "seed": "random",
    "test_flag": true,
    "train_batch_size": 4,
    "train_size": 0.8
}
-------- Configuration loaded --------

-------- Setting device --------
cuda device selected and available.
-------- Device set --------

-------- Setting seed --------
seed set:  148880
-------- Seed set --------

-------- Creating Model --------
-------- Model created --------

-------- Setting Trainable Layers --------
Training the last 3 layers.

Total parameters count: 28764674
Trainable parameters count: 3416066
-------- Trainable Layers set --------

-------- Creating Tokenizer --------
-------- Tokenizer created --------

-------- Creating Train and Eval Dataloaders --------
Train Loader: 1806 total sentences. 452 batches of size 4.
Eval Loader: 452 total sentences. 113 batches of size 4.
-------- Train and Eval Dataloaders created --------

-------- Training --------
Training with Blockchain-Based Federated Learning technology.
Training without differential privacy.
Federated averaging algorithm selected.
Client 0: Label 0: 53, Label 1: 67
Client 1: Label 0: 52, Label 1: 68
Client 2: Label 0: 51, Label 1: 69
Client 3: Label 0: 56, Label 1: 64
Client 4: Label 0: 56, Label 1: 64
Client 5: Label 0: 56, Label 1: 64
Client 6: Label 0: 65, Label 1: 55
Client 7: Label 0: 56, Label 1: 64
Client 8: Label 0: 65, Label 1: 55
Client 9: Label 0: 54, Label 1: 66
Client 10: Label 0: 55, Label 1: 65
Client 11: Label 0: 51, Label 1: 69
Client 12: Label 0: 46, Label 1: 74
Client 13: Label 0: 65, Label 1: 55
Client 14: Label 0: 63, Label 1: 63

Round 1 of 4
-------------------------------
Predictions - 1s: 49, 0s: 71
True Labels - 1s: 55, 0s: 65
Client 14 of 15: Local Epoch [1/3] Loss: 0.6724, Accuracy: 56.67 %
Predictions - 1s: 75, 0s: 45
True Labels - 1s: 68, 0s: 52
Client 2 of 15: Local Epoch [1/3] Loss: 0.6957, Accuracy: 52.50 %
Predictions - 1s: 42, 0s: 78
True Labels - 1s: 55, 0s: 65
Client 9 of 15: Local Epoch [1/3] Loss: 0.6863, Accuracy: 55.83 %
Predictions - 1s: 87, 0s: 33
True Labels - 1s: 64, 0s: 56
Client 4 of 15: Local Epoch [1/3] Loss: 0.6731, Accuracy: 52.50 %
Predictions - 1s: 86, 0s: 34
True Labels - 1s: 68, 0s: 52
Client 2 of 15: Local Epoch [2/3] Loss: 0.5763, Accuracy: 78.33 %
Predictions - 1s: 32, 0s: 88
True Labels - 1s: 55, 0s: 65
Client 14 of 15: Local Epoch [2/3] Loss: 0.5705, Accuracy: 69.17 %
Predictions - 1s: 62, 0s: 58
True Labels - 1s: 55, 0s: 65
Client 9 of 15: Local Epoch [2/3] Loss: 0.5707, Accuracy: 75.83 %
Predictions - 1s: 62, 0s: 58
True Labels - 1s: 64, 0s: 56
Client 5 of 15: Local Epoch [1/3] Loss: 0.6967, Accuracy: 48.33 %
Predictions - 1s: 49, 0s: 71
True Labels - 1s: 65, 0s: 55
Client 11 of 15: Local Epoch [1/3] Loss: 0.7239, Accuracy: 50.00 %
Predictions - 1s: 110, 0s: 10
True Labels - 1s: 74, 0s: 46
Client 13 of 15: Local Epoch [1/3] Loss: 0.6417, Accuracy: 61.67 %
Predictions - 1s: 97, 0s: 23
True Labels - 1s: 66, 0s: 54
Client 10 of 15: Local Epoch [1/3] Loss: 0.6659, Accuracy: 65.83 %
Predictions - 1s: 54, 0s: 66
True Labels - 1s: 64, 0s: 56
Client 4 of 15: Local Epoch [2/3] Loss: 0.5595, Accuracy: 80.00 %
Predictions - 1s: 90, 0s: 30
True Labels - 1s: 67, 0s: 53
Client 1 of 15: Local Epoch [1/3] Loss: 0.6596, Accuracy: 64.17 %
Predictions - 1s: 83, 0s: 37
Predictions - 1s: 70, 0s: 50
True Labels - 1s: 64, 0s: 56
Client 8 of 15: Local Epoch [1/3] Loss: 0.6021, Accuracy: 69.17 %
True Labels - 1s: 64, 0s: 56
Client 6 of 15: Local Epoch [1/3] Loss: 0.7122, Accuracy: 51.67 %
Predictions - 1s: 92, 0s: 28
True Labels - 1s: 69, 0s: 51
Client 3 of 15: Local Epoch [1/3] Loss: 0.6370, Accuracy: 62.50 %
Predictions - 1s: 38, 0s: 82
True Labels - 1s: 55, 0s: 65
Client 7 of 15: Local Epoch [1/3] Loss: 0.6901, Accuracy: 52.50 %
Predictions - 1s: 89, 0s: 31
True Labels - 1s: 69, 0s: 51
Client 12 of 15: Local Epoch [1/3] Loss: 0.6824, Accuracy: 55.00 %
Predictions - 1s: 66, 0s: 60
True Labels - 1s: 63, 0s: 63
Client 15 of 15: Local Epoch [1/3] Loss: 0.6559, Accuracy: 62.70 %
Predictions - 1s: 77, 0s: 43
True Labels - 1s: 68, 0s: 52
Client 2 of 15: Local Epoch [3/3] Loss: 0.5283, Accuracy: 79.17 %
Predictions - 1s: 47, 0s: 73
True Labels - 1s: 55, 0s: 65
Client 14 of 15: Local Epoch [3/3] Loss: 0.5063, Accuracy: 83.33 %
Predictions - 1s: 42, 0s: 78
True Labels - 1s: 55, 0s: 65
Client 9 of 15: Local Epoch [3/3] Loss: 0.5168, Accuracy: 80.83 %
Predictions - 1s: 82, 0s: 38
True Labels - 1s: 64, 0s: 56
Client 5 of 15: Local Epoch [2/3] Loss: 0.5850, Accuracy: 73.33 %
Predictions - 1s: 98, 0s: 22
True Labels - 1s: 65, 0s: 55
Client 11 of 15: Local Epoch [2/3] Loss: 0.5889, Accuracy: 70.83 %
Predictions - 1s: 96, 0s: 24
True Labels - 1s: 74, 0s: 46
Client 13 of 15: Local Epoch [2/3] Loss: 0.5090, Accuracy: 78.33 %
Predictions - 1s: 70, 0s: 50
True Labels - 1s: 64, 0s: 56
Client 4 of 15: Local Epoch [3/3] Loss: 0.5198, Accuracy: 76.67 %
Predictions - 1s: 52, 0s: 68
True Labels - 1s: 66, 0s: 54
Client 10 of 15: Local Epoch [2/3] Loss: 0.5179, Accuracy: 80.00 %
Predictions - 1s: 77, 0s: 43
True Labels - 1s: 64, 0s: 56
Client 6 of 15: Local Epoch [2/3] Loss: 0.6086, Accuracy: 70.83 %
Predictions - 1s: 65, 0s: 55
True Labels - 1s: 64, 0s: 56
Client 8 of 15: Local Epoch [2/3] Loss: 0.4601, Accuracy: 80.83 %
Predictions - 1s: 78, 0s: 42
True Labels - 1s: 67, 0s: 53
Client 1 of 15: Local Epoch [2/3] Loss: 0.5533, Accuracy: 77.50 %
Predictions - 1s: 71, 0s: 49
True Labels - 1s: 69, 0s: 51
Client 3 of 15: Local Epoch [2/3] Loss: 0.5023, Accuracy: 81.67 %
Predictions - 1s: 79, 0s: 41
True Labels - 1s: 69, 0s: 51
Client 12 of 15: Local Epoch [2/3] Loss: 0.5633, Accuracy: 76.67 %
Predictions - 1s: 37, 0s: 83
True Labels - 1s: 55, 0s: 65
Client 7 of 15: Local Epoch [2/3] Loss: 0.5677, Accuracy: 80.00 %
Predictions - 1s: 55, 0s: 65
True Labels - 1s: 64, 0s: 56
Client 5 of 15: Local Epoch [3/3] Loss: 0.5386, Accuracy: 82.50 %
Predictions - 1s: 55, 0s: 65
True Labels - 1s: 65, 0s: 55
Client 11 of 15: Local Epoch [3/3] Loss: 0.5511, Accuracy: 76.67 %
Predictions - 1s: 50, 0s: 76
True Labels - 1s: 63, 0s: 63
Client 15 of 15: Local Epoch [2/3] Loss: 0.5311, Accuracy: 78.57 %
Predictions - 1s: 70, 0s: 50
True Labels - 1s: 74, 0s: 46
Client 13 of 15: Local Epoch [3/3] Loss: 0.4483, Accuracy: 85.00 %
Predictions - 1s: 75, 0s: 45
True Labels - 1s: 66, 0s: 54
Client 10 of 15: Local Epoch [3/3] Loss: 0.4685, Accuracy: 79.17 %
Predictions - 1s: 72, 0s: 48
True Labels - 1s: 64, 0s: 56
Client 6 of 15: Local Epoch [3/3] Loss: 0.5524, Accuracy: 81.67 %
Predictions - 1s: 59, 0s: 61
True Labels - 1s: 64, 0s: 56
Client 8 of 15: Local Epoch [3/3] Loss: 0.3859, Accuracy: 85.83 %
Predictions - 1s: 73, 0s: 47
True Labels - 1s: 67, 0s: 53
Client 1 of 15: Local Epoch [3/3] Loss: 0.5134, Accuracy: 78.33 %
Predictions - 1s: 81, 0s: 39
True Labels - 1s: 69, 0s: 51
Client 3 of 15: Local Epoch [3/3] Loss: 0.4394, Accuracy: 83.33 %
Predictions - 1s: 40, 0s: 80
True Labels - 1s: 55, 0s: 65
Client 7 of 15: Local Epoch [3/3] Loss: 0.5383, Accuracy: 77.50 %
Predictions - 1s: 77, 0s: 43
True Labels - 1s: 69, 0s: 51
Client 12 of 15: Local Epoch [3/3] Loss: 0.5140, Accuracy: 83.33 %
Predictions - 1s: 71, 0s: 55
True Labels - 1s: 63, 0s: 63
Client 15 of 15: Local Epoch [3/3] Loss: 0.4974, Accuracy: 82.54 %
-------------------------------
Round [1/4] Average Local Loss: 0.5012, Average Local Accuracy: 81.06 %
-------------------------------
-------- Validation --------
Predictions - 1s: 208, 0s: 244
True Labels - 1s: 223, 0s: 229
Round [1/4] Global Model Validation Loss: 0.5306, Validation Accuracy: 77.65 %
-------- Validation finished --------
Updated best model in round 1 saved with Validation Loss: 0.5306 and Validation Accuracy: 77.65 %
-------------------------------

Round 2 of 4
-------------------------------
Predictions - 1s: 71, 0s: 49
True Labels - 1s: 67, 0s: 53
Client 1 of 15: Local Epoch [1/3] Loss: 0.5364, Accuracy: 75.00 %
Predictions - 1s: 72, 0s: 48
True Labels - 1s: 64, 0s: 56
Client 6 of 15: Local Epoch [1/3] Loss: 0.5843, Accuracy: 71.67 %
Predictions - 1s: 73, 0s: 47
True Labels - 1s: 69, 0s: 51
Client 12 of 15: Local Epoch [1/3] Loss: 0.5404, Accuracy: 73.33 %
Predictions - 1s: 73, 0s: 47
True Labels - 1s: 67, 0s: 53
Client 1 of 15: Local Epoch [2/3] Loss: 0.4648, Accuracy: 81.67 %
Predictions - 1s: 62, 0s: 58
True Labels - 1s: 66, 0s: 54
Client 10 of 15: Local Epoch [1/3] Loss: 0.4985, Accuracy: 76.67 %
Predictions - 1s: 69, 0s: 51
True Labels - 1s: 64, 0s: 56
Client 6 of 15: Local Epoch [2/3] Loss: 0.4812, Accuracy: 82.50 %
Predictions - 1s: 71, 0s: 49
True Labels - 1s: 69, 0s: 51
Client 12 of 15: Local Epoch [2/3] Loss: 0.4296, Accuracy: 81.67 %
Predictions - 1s: 53, 0s: 67
True Labels - 1s: 55, 0s: 65
Client 9 of 15: Local Epoch [1/3] Loss: 0.5246, Accuracy: 78.33 %
Predictions - 1s: 49, 0s: 71
True Labels - 1s: 55, 0s: 65
Client 14 of 15: Local Epoch [1/3] Loss: 0.5103, Accuracy: 76.67 %
Predictions - 1s: 55, 0s: 65
True Labels - 1s: 55, 0s: 65
Client 7 of 15: Local Epoch [1/3] Loss: 0.5662, Accuracy: 71.67 %
Predictions - 1s: 70, 0s: 50
True Labels - 1s: 65, 0s: 55
Client 11 of 15: Local Epoch [1/3] Loss: 0.5822, Accuracy: 67.50 %
Predictions - 1s: 83, 0s: 37
True Labels - 1s: 74, 0s: 46
Client 13 of 15: Local Epoch [1/3] Loss: 0.4955, Accuracy: 79.17 %
Predictions - 1s: 71, 0s: 49
True Labels - 1s: 64, 0s: 56
Client 4 of 15: Local Epoch [1/3] Loss: 0.5459, Accuracy: 72.50 %
Predictions - 1s: 73, 0s: 47
True Labels - 1s: 64, 0s: 56
Client 5 of 15: Local Epoch [1/3] Loss: 0.5511, Accuracy: 74.17 %
Predictions - 1s: 67, 0s: 53
True Labels - 1s: 64, 0s: 56
Client 8 of 15: Local Epoch [1/3] Loss: 0.4845, Accuracy: 77.50 %
Predictions - 1s: 75, 0s: 45
True Labels - 1s: 69, 0s: 51
Client 3 of 15: Local Epoch [1/3] Loss: 0.4566, Accuracy: 83.33 %
Predictions - 1s: 57, 0s: 63
True Labels - 1s: 68, 0s: 52
Client 2 of 15: Local Epoch [1/3] Loss: 0.5462, Accuracy: 75.83 %
Predictions - 1s: 75, 0s: 45
True Labels - 1s: 67, 0s: 53
Client 1 of 15: Local Epoch [3/3] Loss: 0.4274, Accuracy: 83.33 %
Predictions - 1s: 68, 0s: 58
True Labels - 1s: 63, 0s: 63
Client 15 of 15: Local Epoch [1/3] Loss: 0.4924, Accuracy: 80.16 %
Predictions - 1s: 71, 0s: 49
True Labels - 1s: 66, 0s: 54
Client 10 of 15: Local Epoch [2/3] Loss: 0.3767, Accuracy: 85.83 %
Predictions - 1s: 73, 0s: 47
True Labels - 1s: 64, 0s: 56
Client 6 of 15: Local Epoch [3/3] Loss: 0.4356, Accuracy: 84.17 %
Predictions - 1s: 69, 0s: 51
True Labels - 1s: 69, 0s: 51
Client 12 of 15: Local Epoch [3/3] Loss: 0.3881, Accuracy: 86.67 %
Predictions - 1s: 60, 0s: 60
True Labels - 1s: 55, 0s: 65
Client 9 of 15: Local Epoch [2/3] Loss: 0.4359, Accuracy: 79.17 %
Predictions - 1s: 52, 0s: 68
True Labels - 1s: 55, 0s: 65
Client 14 of 15: Local Epoch [2/3] Loss: 0.4133, Accuracy: 84.17 %
Predictions - 1s: 75, 0s: 45
True Labels - 1s: 69, 0s: 51
Client 3 of 15: Local Epoch [2/3] Loss: 0.3770, Accuracy: 81.67 %
Predictions - 1s: 64, 0s: 56
True Labels - 1s: 65, 0s: 55
Client 11 of 15: Local Epoch [2/3] Loss: 0.4788, Accuracy: 75.83 %
Predictions - 1s: 58, 0s: 62
True Labels - 1s: 64, 0s: 56
Client 5 of 15: Local Epoch [2/3] Loss: 0.4942, Accuracy: 76.67 %
Predictions - 1s: 55, 0s: 65
True Labels - 1s: 55, 0s: 65
Client 9 of 15: Local Epoch [3/3] Loss: 0.3815, Accuracy: 83.33 %
Predictions - 1s: 39, 0s: 81
True Labels - 1s: 55, 0s: 65
Client 7 of 15: Local Epoch [2/3] Loss: 0.4598, Accuracy: 78.33 %
Predictions - 1s: 79, 0s: 41
True Labels - 1s: 68, 0s: 52
Client 2 of 15: Local Epoch [2/3] Loss: 0.4967, Accuracy: 75.83 %
Predictions - 1s: 59, 0s: 61
True Labels - 1s: 66, 0s: 54
Client 10 of 15: Local Epoch [3/3] Loss: 0.3527, Accuracy: 87.50 %
Predictions - 1s: 62, 0s: 58
True Labels - 1s: 64, 0s: 56
Client 8 of 15: Local Epoch [2/3] Loss: 0.3489, Accuracy: 85.00 %
Predictions - 1s: 58, 0s: 62
True Labels - 1s: 64, 0s: 56
Client 4 of 15: Local Epoch [2/3] Loss: 0.4622, Accuracy: 81.67 %
Predictions - 1s: 56, 0s: 64
True Labels - 1s: 55, 0s: 65
Client 14 of 15: Local Epoch [3/3] Loss: 0.3585, Accuracy: 89.17 %
Predictions - 1s: 74, 0s: 46
True Labels - 1s: 74, 0s: 46
Client 13 of 15: Local Epoch [2/3] Loss: 0.3789, Accuracy: 85.00 %
Predictions - 1s: 59, 0s: 67
True Labels - 1s: 63, 0s: 63
Client 15 of 15: Local Epoch [2/3] Loss: 0.4249, Accuracy: 85.71 %
Predictions - 1s: 57, 0s: 63
True Labels - 1s: 55, 0s: 65
Client 7 of 15: Local Epoch [3/3] Loss: 0.4389, Accuracy: 83.33 %
Predictions - 1s: 59, 0s: 61
True Labels - 1s: 65, 0s: 55
Client 11 of 15: Local Epoch [3/3] Loss: 0.4180, Accuracy: 85.00 %
Predictions - 1s: 72, 0s: 48
True Labels - 1s: 64, 0s: 56
Client 5 of 15: Local Epoch [3/3] Loss: 0.4401, Accuracy: 80.00 %
Predictions - 1s: 76, 0s: 44
True Labels - 1s: 69, 0s: 51
Client 3 of 15: Local Epoch [3/3] Loss: 0.3073, Accuracy: 89.17 %
Predictions - 1s: 71, 0s: 49
True Labels - 1s: 68, 0s: 52
Client 2 of 15: Local Epoch [3/3] Loss: 0.4195, Accuracy: 87.50 %
Predictions - 1s: 64, 0s: 56
True Labels - 1s: 64, 0s: 56
Client 8 of 15: Local Epoch [3/3] Loss: 0.2924, Accuracy: 90.00 %
Predictions - 1s: 68, 0s: 52
True Labels - 1s: 64, 0s: 56
Client 4 of 15: Local Epoch [3/3] Loss: 0.3988, Accuracy: 83.33 %
Predictions - 1s: 60, 0s: 66
True Labels - 1s: 63, 0s: 63
Client 15 of 15: Local Epoch [3/3] Loss: 0.3691, Accuracy: 86.51 %
Predictions - 1s: 75, 0s: 45
True Labels - 1s: 74, 0s: 46
Client 13 of 15: Local Epoch [3/3] Loss: 0.3258, Accuracy: 89.17 %
-------------------------------
Round [2/4] Average Local Loss: 0.3836, Average Local Accuracy: 85.88 %
-------------------------------
-------- Validation --------
Predictions - 1s: 212, 0s: 240
True Labels - 1s: 223, 0s: 229
Round [2/4] Global Model Validation Loss: 0.4307, Validation Accuracy: 81.19 %
-------- Validation finished --------
Updated best model in round 2 saved with Validation Loss: 0.4307 and Validation Accuracy: 81.19 %
-------------------------------

Round 3 of 4
-------------------------------
Predictions - 1s: 57, 0s: 63
True Labels - 1s: 55, 0s: 65
Client 14 of 15: Local Epoch [1/3] Loss: 0.4662, Accuracy: 81.67 %
Predictions - 1s: 65, 0s: 55
True Labels - 1s: 66, 0s: 54
Client 10 of 15: Local Epoch [1/3] Loss: 0.4284, Accuracy: 77.50 %
Predictions - 1s: 60, 0s: 60
True Labels - 1s: 64, 0s: 56
Client 5 of 15: Local Epoch [1/3] Loss: 0.5228, Accuracy: 73.33 %
Predictions - 1s: 51, 0s: 69
True Labels - 1s: 55, 0s: 65
Client 14 of 15: Local Epoch [2/3] Loss: 0.3647, Accuracy: 85.00 %
Predictions - 1s: 63, 0s: 57
True Labels - 1s: 66, 0s: 54
Client 10 of 15: Local Epoch [2/3] Loss: 0.3302, Accuracy: 89.17 %
Predictions - 1s: 63, 0s: 57
True Labels - 1s: 64, 0s: 56
Client 5 of 15: Local Epoch [2/3] Loss: 0.4290, Accuracy: 82.50 %
Predictions - 1s: 69, 0s: 51
True Labels - 1s: 64, 0s: 56
Client 6 of 15: Local Epoch [1/3] Loss: 0.5322, Accuracy: 75.83 %
Predictions - 1s: 66, 0s: 54
True Labels - 1s: 69, 0s: 51
Client 12 of 15: Local Epoch [1/3] Loss: 0.4637, Accuracy: 77.50 %
Predictions - 1s: 61, 0s: 59
True Labels - 1s: 55, 0s: 65
Client 14 of 15: Local Epoch [3/3] Loss: 0.3284, Accuracy: 88.33 %
Predictions - 1s: 70, 0s: 50
True Labels - 1s: 64, 0s: 56
Client 8 of 15: Local Epoch [1/3] Loss: 0.3462, Accuracy: 86.67 %
Predictions - 1s: 61, 0s: 59
True Labels - 1s: 65, 0s: 55
Client 11 of 15: Local Epoch [1/3] Loss: 0.4751, Accuracy: 80.00 %
Predictions - 1s: 65, 0s: 55
True Labels - 1s: 66, 0s: 54
Client 10 of 15: Local Epoch [3/3] Loss: 0.2951, Accuracy: 89.17 %
Predictions - 1s: 73, 0s: 47
True Labels - 1s: 67, 0s: 53
Client 1 of 15: Local Epoch [1/3] Loss: 0.5287, Accuracy: 75.00 %
Predictions - 1s: 75, 0s: 45
True Labels - 1s: 74, 0s: 46
Client 13 of 15: Local Epoch [1/3] Loss: 0.3881, Accuracy: 82.50 %
Predictions - 1s: 47, 0s: 73
True Labels - 1s: 55, 0s: 65
Client 7 of 15: Local Epoch [1/3] Loss: 0.4810, Accuracy: 75.00 %
Predictions - 1s: 66, 0s: 54
True Labels - 1s: 64, 0s: 56
Client 4 of 15: Local Epoch [1/3] Loss: 0.5455, Accuracy: 70.00 %
Predictions - 1s: 71, 0s: 49
Predictions - 1s: 76, 0s: 44
True Labels - 1s: 68, 0s: 52
Client 2 of 15: Local Epoch [1/3] Loss: 0.4686, Accuracy: 80.83 %
Predictions - 1s: 52, 0s: 68
True Labels - 1s: 69, 0s: 51
True Labels - 1s: 55, 0s: 65
Client 3 of 15: Local Epoch [1/3] Loss: 0.3861, Accuracy: 85.83 %
Client 9 of 15: Local Epoch [1/3] Loss: 0.4694, Accuracy: 74.17 %
Predictions - 1s: 58, 0s: 68
True Labels - 1s: 63, 0s: 63
Client 15 of 15: Local Epoch [1/3] Loss: 0.4322, Accuracy: 80.16 %
Predictions - 1s: 70, 0s: 50
True Labels - 1s: 64, 0s: 56
Client 5 of 15: Local Epoch [3/3] Loss: 0.3821, Accuracy: 86.67 %
Predictions - 1s: 72, 0s: 48
True Labels - 1s: 69, 0s: 51
Client 12 of 15: Local Epoch [2/3] Loss: 0.3803, Accuracy: 80.83 %
Predictions - 1s: 60, 0s: 60
True Labels - 1s: 64, 0s: 56
Client 6 of 15: Local Epoch [2/3] Loss: 0.4243, Accuracy: 80.00 %
Predictions - 1s: 69, 0s: 51
True Labels - 1s: 64, 0s: 56
Client 8 of 15: Local Epoch [2/3] Loss: 0.2947, Accuracy: 87.50 %
Predictions - 1s: 69, 0s: 51
True Labels - 1s: 65, 0s: 55
Client 11 of 15: Local Epoch [2/3] Loss: 0.3925, Accuracy: 81.67 %
Predictions - 1s: 66, 0s: 54
True Labels - 1s: 67, 0s: 53
Client 1 of 15: Local Epoch [2/3] Loss: 0.4275, Accuracy: 80.83 %
Predictions - 1s: 72, 0s: 48
True Labels - 1s: 68, 0s: 52
Client 2 of 15: Local Epoch [2/3] Loss: 0.3772, Accuracy: 86.67 %
Predictions - 1s: 61, 0s: 65
True Labels - 1s: 63, 0s: 63
Client 15 of 15: Local Epoch [2/3] Loss: 0.3616, Accuracy: 87.30 %
Predictions - 1s: 76, 0s: 44
True Labels - 1s: 74, 0s: 46
Client 13 of 15: Local Epoch [2/3] Loss: 0.2873, Accuracy: 93.33 %
Predictions - 1s: 60, 0s: 60
True Labels - 1s: 64, 0s: 56
Client 4 of 15: Local Epoch [2/3] Loss: 0.4093, Accuracy: 85.00 %
Predictions - 1s: 68, 0s: 52
True Labels - 1s: 69, 0s: 51
Client 3 of 15: Local Epoch [2/3] Loss: 0.2827, Accuracy: 92.50 %
Predictions - 1s: 59, 0s: 61
True Labels - 1s: 69, 0s: 51
Client 12 of 15: Local Epoch [3/3] Loss: 0.3396, Accuracy: 86.67 %
Predictions - 1s: 58, 0s: 62
True Labels - 1s: 55, 0s: 65
Client 7 of 15: Local Epoch [2/3] Loss: 0.4001, Accuracy: 82.50 %
Predictions - 1s: 66, 0s: 54
True Labels - 1s: 55, 0s: 65
Client 9 of 15: Local Epoch [2/3] Loss: 0.3890, Accuracy: 82.50 %
Predictions - 1s: 70, 0s: 50
True Labels - 1s: 64, 0s: 56
Client 6 of 15: Local Epoch [3/3] Loss: 0.3702, Accuracy: 85.00 %
Predictions - 1s: 66, 0s: 54
True Labels - 1s: 64, 0s: 56
Client 8 of 15: Local Epoch [3/3] Loss: 0.2179, Accuracy: 93.33 %
Predictions - 1s: 65, 0s: 55
True Labels - 1s: 65, 0s: 55
Client 11 of 15: Local Epoch [3/3] Loss: 0.3271, Accuracy: 86.67 %
Predictions - 1s: 62, 0s: 58
True Labels - 1s: 64, 0s: 56
Client 4 of 15: Local Epoch [3/3] Loss: 0.3741, Accuracy: 85.00 %
Predictions - 1s: 74, 0s: 46
True Labels - 1s: 68, 0s: 52
Client 2 of 15: Local Epoch [3/3] Loss: 0.3585, Accuracy: 85.00 %
Predictions - 1s: 75, 0s: 45
True Labels - 1s: 67, 0s: 53
Client 1 of 15: Local Epoch [3/3] Loss: 0.3999, Accuracy: 83.33 %
Predictions - 1s: 67, 0s: 59
True Labels - 1s: 63, 0s: 63
Client 15 of 15: Local Epoch [3/3] Loss: 0.3320, Accuracy: 87.30 %
Predictions - 1s: 75, 0s: 45
True Labels - 1s: 74, 0s: 46
Client 13 of 15: Local Epoch [3/3] Loss: 0.2584, Accuracy: 94.17 %
Predictions - 1s: 72, 0s: 48
True Labels - 1s: 69, 0s: 51
Client 3 of 15: Local Epoch [3/3] Loss: 0.2635, Accuracy: 90.83 %
Predictions - 1s: 50, 0s: 70
True Labels - 1s: 55, 0s: 65
Client 7 of 15: Local Epoch [3/3] Loss: 0.3482, Accuracy: 85.83 %
Predictions - 1s: 55, 0s: 65
True Labels - 1s: 55, 0s: 65
Client 9 of 15: Local Epoch [3/3] Loss: 0.3174, Accuracy: 86.67 %
-------------------------------
Round [3/4] Average Local Loss: 0.3275, Average Local Accuracy: 87.60 %
-------------------------------
-------- Validation --------
Predictions - 1s: 211, 0s: 241
True Labels - 1s: 223, 0s: 229
Round [3/4] Global Model Validation Loss: 0.3834, Validation Accuracy: 82.74 %
-------- Validation finished --------
Updated best model in round 3 saved with Validation Loss: 0.3834 and Validation Accuracy: 82.74 %
-------------------------------

Round 4 of 4
-------------------------------
Predictions - 1s: 68, 0s: 52
True Labels - 1s: 68, 0s: 52
Client 2 of 15: Local Epoch [1/3] Loss: 0.4668, Accuracy: 80.00 %
Predictions - 1s: 73, 0s: 47
True Labels - 1s: 69, 0s: 51
Client 3 of 15: Local Epoch [1/3] Loss: 0.3122, Accuracy: 90.00 %
Predictions - 1s: 63, 0s: 63
True Labels - 1s: 63, 0s: 63
Client 15 of 15: Local Epoch [1/3] Loss: 0.4218, Accuracy: 80.95 %
Predictions - 1s: 73, 0s: 47
True Labels - 1s: 68, 0s: 52
Client 2 of 15: Local Epoch [2/3] Loss: 0.3623, Accuracy: 82.50 %
Predictions - 1s: 75, 0s: 45
True Labels - 1s: 74, 0s: 46
Client 13 of 15: Local Epoch [1/3] Loss: 0.3281, Accuracy: 85.83 %
Predictions - 1s: 70, 0s: 50
True Labels - 1s: 69, 0s: 51
Client 3 of 15: Local Epoch [2/3] Loss: 0.2541, Accuracy: 92.50 %
Predictions - 1s: 48, 0s: 72
True Labels - 1s: 55, 0s: 65
Client 7 of 15: Local Epoch [1/3] Loss: 0.4557, Accuracy: 77.50 %
Predictions - 1s: 70, 0s: 50
True Labels - 1s: 69, 0s: 51
Client 12 of 15: Local Epoch [1/3] Loss: 0.4022, Accuracy: 84.17 %
Predictions - 1s: 49, 0s: 71
True Labels - 1s: 55, 0s: 65
Client 9 of 15: Local Epoch [1/3] Loss: 0.4284, Accuracy: 81.67 %
Predictions - 1s: 73, 0s: 47
True Labels - 1s: 65, 0s: 55
Client 11 of 15: Local Epoch [1/3] Loss: 0.4578, Accuracy: 76.67 %
Predictions - 1s: 57, 0s: 63
True Labels - 1s: 55, 0s: 65
Client 14 of 15: Local Epoch [1/3] Loss: 0.3616, Accuracy: 86.67 %
Predictions - 1s: 67, 0s: 53
True Labels - 1s: 67, 0s: 53
Client 1 of 15: Local Epoch [1/3] Loss: 0.5118, Accuracy: 78.33 %
Predictions - 1s: 67, 0s: 53
Predictions - 1s: 66, 0s: 54
True Labels - 1s: 66, 0s: 54
Client 10 of 15: Local Epoch [1/3] Loss: 0.3808, Accuracy: 84.17 %
Predictions - 1s: 63, 0s: 57
Predictions - 1s: 67, 0s: 53
Predictions - 1s: 66, 0s: 54
True Labels - 1s: 64, 0s: 56
Client 4 of 15: Local Epoch [1/3] Loss: 0.4857, Accuracy: 78.33 %
True Labels - 1s: 64, 0s: 56
Client 5 of 15: Local Epoch [1/3] Loss: 0.4471, Accuracy: 77.50 %
True Labels - 1s: 64, 0s: 56
Client 6 of 15: Local Epoch [1/3] Loss: 0.4493, Accuracy: 80.00 %
True Labels - 1s: 64, 0s: 56
Client 8 of 15: Local Epoch [1/3] Loss: 0.3367, Accuracy: 85.83 %
Predictions - 1s: 64, 0s: 62
True Labels - 1s: 63, 0s: 63
Client 15 of 15: Local Epoch [2/3] Loss: 0.3255, Accuracy: 86.51 %
Predictions - 1s: 68, 0s: 52
True Labels - 1s: 68, 0s: 52
Client 2 of 15: Local Epoch [3/3] Loss: 0.3157, Accuracy: 85.00 %
Predictions - 1s: 76, 0s: 44
True Labels - 1s: 74, 0s: 46
Client 13 of 15: Local Epoch [2/3] Loss: 0.2374, Accuracy: 93.33 %
Predictions - 1s: 73, 0s: 47
True Labels - 1s: 69, 0s: 51
Client 3 of 15: Local Epoch [3/3] Loss: 0.2022, Accuracy: 95.00 %
Predictions - 1s: 62, 0s: 64
True Labels - 1s: 63, 0s: 63
Client 15 of 15: Local Epoch [3/3] Loss: 0.2858, Accuracy: 89.68 %
Predictions - 1s: 66, 0s: 54
True Labels - 1s: 64, 0s: 56
Client 8 of 15: Local Epoch [2/3] Loss: 0.2173, Accuracy: 93.33 %
Predictions - 1s: 70, 0s: 50
True Labels - 1s: 66, 0s: 54
Client 10 of 15: Local Epoch [2/3] Loss: 0.3112, Accuracy: 86.67 %
Predictions - 1s: 65, 0s: 55
True Labels - 1s: 64, 0s: 56
Client 6 of 15: Local Epoch [2/3] Loss: 0.3698, Accuracy: 82.50 %
Predictions - 1s: 76, 0s: 44
True Labels - 1s: 74, 0s: 46
Client 13 of 15: Local Epoch [3/3] Loss: 0.2133, Accuracy: 93.33 %
Predictions - 1s: 58, 0s: 62
True Labels - 1s: 64, 0s: 56
Client 4 of 15: Local Epoch [2/3] Loss: 0.3157, Accuracy: 88.33 %
Predictions - 1s: 60, 0s: 60
True Labels - 1s: 64, 0s: 56
Client 8 of 15: Local Epoch [3/3] Loss: 0.1999, Accuracy: 90.00 %
Predictions - 1s: 56, 0s: 64
True Labels - 1s: 55, 0s: 65
Client 14 of 15: Local Epoch [2/3] Loss: 0.3771, Accuracy: 84.17 %
Predictions - 1s: 57, 0s: 63
True Labels - 1s: 55, 0s: 65
Client 7 of 15: Local Epoch [2/3] Loss: 0.3547, Accuracy: 88.33 %
Predictions - 1s: 62, 0s: 58
True Labels - 1s: 64, 0s: 56
Client 5 of 15: Local Epoch [2/3] Loss: 0.3594, Accuracy: 85.00 %
Predictions - 1s: 59, 0s: 61
True Labels - 1s: 65, 0s: 55
Client 11 of 15: Local Epoch [2/3] Loss: 0.3572, Accuracy: 83.33 %
Predictions - 1s: 73, 0s: 47
True Labels - 1s: 67, 0s: 53
Client 1 of 15: Local Epoch [2/3] Loss: 0.3937, Accuracy: 81.67 %
Predictions - 1s: 65, 0s: 55
True Labels - 1s: 55, 0s: 65
Client 9 of 15: Local Epoch [2/3] Loss: 0.3227, Accuracy: 88.33 %
Predictions - 1s: 64, 0s: 56
True Labels - 1s: 66, 0s: 54
Client 10 of 15: Local Epoch [3/3] Loss: 0.2456, Accuracy: 91.67 %
Predictions - 1s: 62, 0s: 58
True Labels - 1s: 69, 0s: 51
Client 12 of 15: Local Epoch [2/3] Loss: 0.3254, Accuracy: 87.50 %
Predictions - 1s: 65, 0s: 55
True Labels - 1s: 64, 0s: 56
Client 6 of 15: Local Epoch [3/3] Loss: 0.2992, Accuracy: 89.17 %
Predictions - 1s: 65, 0s: 55
True Labels - 1s: 64, 0s: 56
Client 4 of 15: Local Epoch [3/3] Loss: 0.2872, Accuracy: 87.50 %
Predictions - 1s: 67, 0s: 53
True Labels - 1s: 64, 0s: 56
Client 5 of 15: Local Epoch [3/3] Loss: 0.3183, Accuracy: 87.50 %
Predictions - 1s: 52, 0s: 68
True Labels - 1s: 55, 0s: 65
Client 7 of 15: Local Epoch [3/3] Loss: 0.2982, Accuracy: 87.50 %
Predictions - 1s: 53, 0s: 67
True Labels - 1s: 55, 0s: 65
Client 14 of 15: Local Epoch [3/3] Loss: 0.2874, Accuracy: 93.33 %
Predictions - 1s: 66, 0s: 54
True Labels - 1s: 67, 0s: 53
Client 1 of 15: Local Epoch [3/3] Loss: 0.3613, Accuracy: 84.17 %
Predictions - 1s: 57, 0s: 63
True Labels - 1s: 55, 0s: 65
Client 9 of 15: Local Epoch [3/3] Loss: 0.2668, Accuracy: 88.33 %
Predictions - 1s: 67, 0s: 53
True Labels - 1s: 65, 0s: 55
Client 11 of 15: Local Epoch [3/3] Loss: 0.2892, Accuracy: 91.67 %
Predictions - 1s: 63, 0s: 57
True Labels - 1s: 69, 0s: 51
Client 12 of 15: Local Epoch [3/3] Loss: 0.2651, Accuracy: 90.00 %
-------------------------------
Round [4/4] Average Local Loss: 0.2757, Average Local Accuracy: 89.59 %
-------------------------------
-------- Validation --------
Predictions - 1s: 211, 0s: 241
True Labels - 1s: 223, 0s: 229
Round [4/4] Global Model Validation Loss: 0.3512, Validation Accuracy: 84.96 %
-------- Validation finished --------
Updated best model in round 4 saved with Validation Loss: 0.3512 and Validation Accuracy: 84.96 %
-------------------------------
Best model in round 4 saved with Validation Loss: 0.3512 and Validation Accuracy: 84.96 %

-------- Training finished in 11:18 --------

Test flag enabled. Testing the model

-------- Loading best model from model_path --------
Loaded model bert-small from date 22-04-2024 23:09. Trained with Federated Learning technology.
Round 4, lr: 6e-05, optimizer: AdamW
Average train accuracy: 89.59 %, Validation accuracy: 84.96 %
-------- Best model loaded --------

-------- Creating Test Dataloader --------
Test Loader: 564 total sentences. 71 batches of size 8.
-------- Test Dataloader created --------

-------- Testing --------
Predictions - 1s: 264, 0s: 300
True Labels - 1s: 296, 0s: 268
Nº of test samples: 564
Accuracy: 84.40%
Accuracy 2 : 84.40%
Precision: 84.70%
Recall: 84.64%
F1 Score: 84.40%
Classification report:
              precision    recall  f1-score   support

           0     0.8000    0.8955    0.8451       268
           1     0.8939    0.7973    0.8429       296

    accuracy                         0.8440       564
   macro avg     0.8470    0.8464    0.8440       564
weighted avg     0.8493    0.8440    0.8439       564

-------- Testing finished --------
