Current configuration:
{
    "concurrency_flag": true,
    "data_distribution": "iid",
    "dataset": "mixed_depression",
    "device": "cuda",
    "dp_delta": 0.003,
    "dp_epsilon": 0.0,
    "eval_batch_size": 4,
    "eval_flag": true,
    "eval_size": 0.2,
    "fed_alg": "fedavg",
    "layers": 3,
    "learning_rate": 6e-05,
    "max_length": 512,
    "ml_mode": "bcfl",
    "model": "bert_small",
    "model_name": "bcfl_small_c3_seed10_mixed_depression",
    "models_path": "/local/vpaloma/fabric-federated-learning/ablation_study/phase-4/final/accs-times/mixed_depression/",
    "mu": 0.5,
    "num_clients": 3,
    "num_epochs": 3,
    "num_rounds": 4,
    "optimizer": "AdamW",
    "progress_bar_flag": false,
    "save_model": true,
    "scheduler": "linear",
    "scheduler_warmup_steps": 0,
    "seed": "random",
    "test_flag": true,
    "train_batch_size": 4,
    "train_size": 0.8
}
-------- Configuration loaded --------

-------- Setting device --------
cuda device selected and available.
-------- Device set --------

-------- Setting seed --------
seed set:  29291
-------- Seed set --------

-------- Creating Model --------
-------- Model created --------

-------- Setting Trainable Layers --------
Training the last 3 layers.

Total parameters count: 28764674
Trainable parameters count: 3416066
-------- Trainable Layers set --------

-------- Creating Tokenizer --------
-------- Tokenizer created --------

-------- Creating Train and Eval Dataloaders --------
Train Loader: 1806 total sentences. 452 batches of size 4.
Eval Loader: 452 total sentences. 113 batches of size 4.
-------- Train and Eval Dataloaders created --------

-------- Training --------
Training with Blockchain-Based Federated Learning technology.
Training without differential privacy.
Federated averaging algorithm selected.
Client 0: Label 0: 291, Label 1: 311
Client 1: Label 0: 279, Label 1: 323
Client 2: Label 0: 295, Label 1: 307

Round 1 of 4
-------------------------------
Predictions - 1s: 321, 0s: 281
True Labels - 1s: 323, 0s: 279
Client 2 of 3: Local Epoch [1/3] Loss: 0.5244, Accuracy: 75.08 %
Predictions - 1s: 294, 0s: 308
True Labels - 1s: 311, 0s: 291
Client 1 of 3: Local Epoch [1/3] Loss: 0.5080, Accuracy: 73.59 %
Predictions - 1s: 290, 0s: 312
True Labels - 1s: 307, 0s: 295
Client 3 of 3: Local Epoch [1/3] Loss: 0.5336, Accuracy: 73.26 %
Predictions - 1s: 334, 0s: 268
True Labels - 1s: 323, 0s: 279
Client 2 of 3: Local Epoch [2/3] Loss: 0.3829, Accuracy: 84.88 %
Predictions - 1s: 320, 0s: 282
True Labels - 1s: 311, 0s: 291
Client 1 of 3: Local Epoch [2/3] Loss: 0.3150, Accuracy: 85.88 %
Predictions - 1s: 303, 0s: 299
True Labels - 1s: 307, 0s: 295
Client 3 of 3: Local Epoch [2/3] Loss: 0.3521, Accuracy: 85.71 %
Predictions - 1s: 334, 0s: 268
True Labels - 1s: 323, 0s: 279
Client 2 of 3: Local Epoch [3/3] Loss: 0.2908, Accuracy: 88.21 %
Predictions - 1s: 309, 0s: 293
True Labels - 1s: 311, 0s: 291
Client 1 of 3: Local Epoch [3/3] Loss: 0.2511, Accuracy: 90.03 %
Predictions - 1s: 308, 0s: 294
True Labels - 1s: 307, 0s: 295
Client 3 of 3: Local Epoch [3/3] Loss: 0.2770, Accuracy: 89.53 %
-------------------------------
Round [1/4] Average Local Loss: 0.2730, Average Local Accuracy: 89.26 %
-------------------------------
-------- Validation --------
Predictions - 1s: 236, 0s: 216
True Labels - 1s: 244, 0s: 208
Round [1/4] Global Model Validation Loss: 0.3490, Validation Accuracy: 84.96 %
-------- Validation finished --------
Updated best model in round 1 saved with Validation Loss: 0.3490 and Validation Accuracy: 84.96 %
-------------------------------

Round 2 of 4
-------------------------------
Predictions - 1s: 310, 0s: 292
True Labels - 1s: 311, 0s: 291
Client 1 of 3: Local Epoch [1/3] Loss: 0.2882, Accuracy: 88.54 %
Predictions - 1s: 325, 0s: 277
True Labels - 1s: 323, 0s: 279
Client 2 of 3: Local Epoch [1/3] Loss: 0.3383, Accuracy: 85.71 %
Predictions - 1s: 312, 0s: 290
True Labels - 1s: 307, 0s: 295
Client 3 of 3: Local Epoch [1/3] Loss: 0.3281, Accuracy: 84.88 %
Predictions - 1s: 318, 0s: 284
True Labels - 1s: 311, 0s: 291
Client 1 of 3: Local Epoch [2/3] Loss: 0.2091, Accuracy: 91.86 %
Predictions - 1s: 337, 0s: 265
True Labels - 1s: 323, 0s: 279
Client 2 of 3: Local Epoch [2/3] Loss: 0.2562, Accuracy: 89.70 %
Predictions - 1s: 315, 0s: 287
True Labels - 1s: 307, 0s: 295
Client 3 of 3: Local Epoch [2/3] Loss: 0.2406, Accuracy: 91.69 %
Predictions - 1s: 315, 0s: 287
True Labels - 1s: 311, 0s: 291
Client 1 of 3: Local Epoch [3/3] Loss: 0.1817, Accuracy: 93.36 %
Predictions - 1s: 321, 0s: 281
True Labels - 1s: 323, 0s: 279
Client 2 of 3: Local Epoch [3/3] Loss: 0.2268, Accuracy: 91.03 %
Predictions - 1s: 316, 0s: 286
True Labels - 1s: 307, 0s: 295
Client 3 of 3: Local Epoch [3/3] Loss: 0.2027, Accuracy: 92.19 %
-------------------------------
Round [2/4] Average Local Loss: 0.2037, Average Local Accuracy: 92.19 %
-------------------------------
-------- Validation --------
Predictions - 1s: 242, 0s: 210
True Labels - 1s: 244, 0s: 208
Round [2/4] Global Model Validation Loss: 0.3262, Validation Accuracy: 87.17 %
-------- Validation finished --------
Updated best model in round 2 saved with Validation Loss: 0.3262 and Validation Accuracy: 87.17 %
-------------------------------

Round 3 of 4
-------------------------------
Predictions - 1s: 308, 0s: 294
True Labels - 1s: 311, 0s: 291
Client 1 of 3: Local Epoch [1/3] Loss: 0.2492, Accuracy: 90.20 %
Predictions - 1s: 332, 0s: 270
True Labels - 1s: 323, 0s: 279
Client 2 of 3: Local Epoch [1/3] Loss: 0.2761, Accuracy: 87.87 %
Predictions - 1s: 310, 0s: 292
True Labels - 1s: 307, 0s: 295
Client 3 of 3: Local Epoch [1/3] Loss: 0.2675, Accuracy: 89.20 %
Predictions - 1s: 308, 0s: 294
True Labels - 1s: 311, 0s: 291
Client 1 of 3: Local Epoch [2/3] Loss: 0.1739, Accuracy: 94.52 %
Predictions - 1s: 332, 0s: 270
True Labels - 1s: 323, 0s: 279
Client 2 of 3: Local Epoch [2/3] Loss: 0.2118, Accuracy: 90.86 %
Predictions - 1s: 309, 0s: 293
True Labels - 1s: 307, 0s: 295
Client 3 of 3: Local Epoch [2/3] Loss: 0.2072, Accuracy: 92.03 %
Predictions - 1s: 316, 0s: 286
True Labels - 1s: 311, 0s: 291
Client 1 of 3: Local Epoch [3/3] Loss: 0.1319, Accuracy: 95.85 %
Predictions - 1s: 335, 0s: 267
True Labels - 1s: 323, 0s: 279
Client 2 of 3: Local Epoch [3/3] Loss: 0.1675, Accuracy: 94.68 %
Predictions - 1s: 315, 0s: 287
True Labels - 1s: 307, 0s: 295
Client 3 of 3: Local Epoch [3/3] Loss: 0.1640, Accuracy: 93.69 %
-------------------------------
Round [3/4] Average Local Loss: 0.1544, Average Local Accuracy: 94.74 %
-------------------------------
-------- Validation --------
Predictions - 1s: 243, 0s: 209
True Labels - 1s: 244, 0s: 208
Round [3/4] Global Model Validation Loss: 0.3139, Validation Accuracy: 88.27 %
-------- Validation finished --------
Updated best model in round 3 saved with Validation Loss: 0.3139 and Validation Accuracy: 88.27 %
-------------------------------

Round 4 of 4
-------------------------------
Predictions - 1s: 332, 0s: 270
True Labels - 1s: 323, 0s: 279
Client 2 of 3: Local Epoch [1/3] Loss: 0.2306, Accuracy: 89.87 %
Predictions - 1s: 317, 0s: 285
True Labels - 1s: 311, 0s: 291
Client 1 of 3: Local Epoch [1/3] Loss: 0.2111, Accuracy: 92.36 %
Predictions - 1s: 310, 0s: 292
True Labels - 1s: 307, 0s: 295
Client 3 of 3: Local Epoch [1/3] Loss: 0.2169, Accuracy: 91.53 %
Predictions - 1s: 331, 0s: 271
True Labels - 1s: 323, 0s: 279
Client 2 of 3: Local Epoch [2/3] Loss: 0.1670, Accuracy: 93.36 %
Predictions - 1s: 310, 0s: 292
True Labels - 1s: 311, 0s: 291
Client 1 of 3: Local Epoch [2/3] Loss: 0.1425, Accuracy: 95.51 %
Predictions - 1s: 308, 0s: 294
True Labels - 1s: 307, 0s: 295
Client 3 of 3: Local Epoch [2/3] Loss: 0.1699, Accuracy: 93.19 %
Predictions - 1s: 328, 0s: 274
True Labels - 1s: 323, 0s: 279
Client 2 of 3: Local Epoch [3/3] Loss: 0.1246, Accuracy: 95.51 %
Predictions - 1s: 316, 0s: 286
True Labels - 1s: 311, 0s: 291
Client 1 of 3: Local Epoch [3/3] Loss: 0.1034, Accuracy: 95.85 %
Predictions - 1s: 313, 0s: 289
True Labels - 1s: 307, 0s: 295
Client 3 of 3: Local Epoch [3/3] Loss: 0.1139, Accuracy: 95.68 %
-------------------------------
Round [4/4] Average Local Loss: 0.1140, Average Local Accuracy: 95.68 %
-------------------------------
-------- Validation --------
Predictions - 1s: 240, 0s: 212
True Labels - 1s: 244, 0s: 208
Round [4/4] Global Model Validation Loss: 0.3187, Validation Accuracy: 88.05 %
-------- Validation finished --------
Best model in round 3 saved with Validation Loss: 0.3139 and Validation Accuracy: 88.27 %

-------- Training finished in 4:31 --------

Test flag enabled. Testing the model

-------- Loading best model from model_path --------
Loaded model bert-small from date 22-04-2024 07:03. Trained with Federated Learning technology.
Round 3, lr: 6e-05, optimizer: AdamW
Average train accuracy: 94.74 %, Validation accuracy: 88.27 %
-------- Best model loaded --------

-------- Creating Test Dataloader --------
Test Loader: 564 total sentences. 71 batches of size 8.
-------- Test Dataloader created --------

-------- Testing --------
Predictions - 1s: 280, 0s: 284
True Labels - 1s: 296, 0s: 268
Nº of test samples: 564
Accuracy: 87.94%
Accuracy 2 : 87.94%
Precision: 87.96%
Recall: 88.05%
F1 Score: 87.94%
Classification report:
              precision    recall  f1-score   support

           0     0.8521    0.9030    0.8768       268
           1     0.9071    0.8581    0.8819       296

    accuracy                         0.8794       564
   macro avg     0.8796    0.8805    0.8794       564
weighted avg     0.8810    0.8794    0.8795       564

-------- Testing finished --------
