Current configuration:
{
    "concurrency_flag": true,
    "data_distribution": "iid",
    "dataset": "mixed_depression",
    "device": "cuda:1",
    "dp_delta": 0.003,
    "dp_epsilon": 0.0,
    "eval_batch_size": 4,
    "eval_flag": true,
    "eval_size": 0.2,
    "fed_alg": "fedavg",
    "layers": 3,
    "learning_rate": 6e-05,
    "max_length": 512,
    "ml_mode": "fl",
    "model": "bert_small",
    "model_name": "fl_small_c3_seed4_mixed_depression",
    "models_path": "/local/vpaloma/fabric-federated-learning/ablation_study/phase-4/final/clients/mixed_depression/",
    "mu": 0.5,
    "num_clients": 3,
    "num_epochs": 3,
    "num_rounds": 4,
    "optimizer": "AdamW",
    "progress_bar_flag": false,
    "save_model": true,
    "scheduler": "linear",
    "scheduler_warmup_steps": 0,
    "seed": "random",
    "test_flag": true,
    "train_batch_size": 4,
    "train_size": 0.8
}
-------- Configuration loaded --------

-------- Setting device --------
cuda:1 device selected and available.
-------- Device set --------

-------- Setting seed --------
seed set:  221897
-------- Seed set --------

-------- Creating Model --------
-------- Model created --------

-------- Setting Trainable Layers --------
Training the last 3 layers.

Total parameters count: 28764674
Trainable parameters count: 3416066
-------- Trainable Layers set --------

-------- Creating Tokenizer --------
-------- Tokenizer created --------

-------- Creating Train and Eval Dataloaders --------
Train Loader: 1806 total sentences. 452 batches of size 4.
Eval Loader: 452 total sentences. 113 batches of size 4.
-------- Train and Eval Dataloaders created --------

-------- Training --------
Training with Federated Learning technology.
Training without differential privacy.
Federated averaging algorithm selected.
Client 0: Label 0: 296, Label 1: 306
Client 1: Label 0: 279, Label 1: 323
Client 2: Label 0: 290, Label 1: 312

Round 1 of 4
-------------------------------
Predictions - 1s: 306, 0s: 296
True Labels - 1s: 306, 0s: 296
Client 1 of 3: Local Epoch [1/3] Loss: 0.5326, Accuracy: 73.09 %
Predictions - 1s: 334, 0s: 268
True Labels - 1s: 323, 0s: 279
Client 2 of 3: Local Epoch [1/3] Loss: 0.5308, Accuracy: 74.92 %
Predictions - 1s: 334, 0s: 268
True Labels - 1s: 312, 0s: 290
Client 3 of 3: Local Epoch [1/3] Loss: 0.5331, Accuracy: 73.42 %
Predictions - 1s: 300, 0s: 302
True Labels - 1s: 306, 0s: 296
Client 1 of 3: Local Epoch [2/3] Loss: 0.3189, Accuracy: 86.38 %
Predictions - 1s: 325, 0s: 277
True Labels - 1s: 312, 0s: 290
Client 3 of 3: Local Epoch [2/3] Loss: 0.3328, Accuracy: 87.87 %
Predictions - 1s: 335, 0s: 267
True Labels - 1s: 323, 0s: 279
Client 2 of 3: Local Epoch [2/3] Loss: 0.3399, Accuracy: 86.38 %
Predictions - 1s: 317, 0s: 285
True Labels - 1s: 306, 0s: 296
Client 1 of 3: Local Epoch [3/3] Loss: 0.2554, Accuracy: 89.53 %
Predictions - 1s: 315, 0s: 287
True Labels - 1s: 312, 0s: 290
Client 3 of 3: Local Epoch [3/3] Loss: 0.2669, Accuracy: 88.54 %
Predictions - 1s: 331, 0s: 271
True Labels - 1s: 323, 0s: 279
Client 2 of 3: Local Epoch [3/3] Loss: 0.2810, Accuracy: 88.70 %
-------------------------------
Round [1/4] Average Local Loss: 0.2678, Average Local Accuracy: 88.93 %
-------------------------------
-------- Validation --------
Predictions - 1s: 240, 0s: 212
True Labels - 1s: 244, 0s: 208
Round [1/4] Global Model Validation Loss: 0.3203, Validation Accuracy: 85.40 %
-------- Validation finished --------
Updated best model in round 1 saved with Validation Loss: 0.3203 and Validation Accuracy: 85.40 %
-------------------------------

Round 2 of 4
-------------------------------
Predictions - 1s: 331, 0s: 271
True Labels - 1s: 323, 0s: 279
Client 2 of 3: Local Epoch [1/3] Loss: 0.3483, Accuracy: 84.72 %
Predictions - 1s: 314, 0s: 288
True Labels - 1s: 306, 0s: 296
Client 1 of 3: Local Epoch [1/3] Loss: 0.3106, Accuracy: 86.38 %
Predictions - 1s: 325, 0s: 277
True Labels - 1s: 312, 0s: 290
Client 3 of 3: Local Epoch [1/3] Loss: 0.3146, Accuracy: 87.54 %
Predictions - 1s: 336, 0s: 266
True Labels - 1s: 323, 0s: 279
Client 2 of 3: Local Epoch [2/3] Loss: 0.2555, Accuracy: 89.87 %
Predictions - 1s: 306, 0s: 296
True Labels - 1s: 306, 0s: 296
Client 1 of 3: Local Epoch [2/3] Loss: 0.2229, Accuracy: 91.03 %
Predictions - 1s: 326, 0s: 276
True Labels - 1s: 312, 0s: 290
Client 3 of 3: Local Epoch [2/3] Loss: 0.2382, Accuracy: 91.03 %
Predictions - 1s: 326, 0s: 276
True Labels - 1s: 323, 0s: 279
Client 2 of 3: Local Epoch [3/3] Loss: 0.2132, Accuracy: 92.52 %
Predictions - 1s: 308, 0s: 294
True Labels - 1s: 306, 0s: 296
Client 1 of 3: Local Epoch [3/3] Loss: 0.1840, Accuracy: 94.35 %
Predictions - 1s: 322, 0s: 280
True Labels - 1s: 312, 0s: 290
Client 3 of 3: Local Epoch [3/3] Loss: 0.1966, Accuracy: 93.36 %
-------------------------------
Round [2/4] Average Local Loss: 0.1979, Average Local Accuracy: 93.41 %
-------------------------------
-------- Validation --------
Predictions - 1s: 240, 0s: 212
True Labels - 1s: 244, 0s: 208
Round [2/4] Global Model Validation Loss: 0.3150, Validation Accuracy: 87.17 %
-------- Validation finished --------
Updated best model in round 2 saved with Validation Loss: 0.3150 and Validation Accuracy: 87.17 %
-------------------------------

Round 3 of 4
-------------------------------
Predictions - 1s: 330, 0s: 272
True Labels - 1s: 323, 0s: 279
Client 2 of 3: Local Epoch [1/3] Loss: 0.2775, Accuracy: 89.20 %
Predictions - 1s: 323, 0s: 279
True Labels - 1s: 312, 0s: 290
Client 3 of 3: Local Epoch [1/3] Loss: 0.2675, Accuracy: 89.87 %
Predictions - 1s: 311, 0s: 291
True Labels - 1s: 306, 0s: 296
Client 1 of 3: Local Epoch [1/3] Loss: 0.2695, Accuracy: 89.20 %
Predictions - 1s: 331, 0s: 271
True Labels - 1s: 323, 0s: 279
Client 2 of 3: Local Epoch [2/3] Loss: 0.1972, Accuracy: 92.36 %
Predictions - 1s: 321, 0s: 281
True Labels - 1s: 312, 0s: 290
Client 3 of 3: Local Epoch [2/3] Loss: 0.1892, Accuracy: 92.19 %
Predictions - 1s: 307, 0s: 295
True Labels - 1s: 306, 0s: 296
Client 1 of 3: Local Epoch [2/3] Loss: 0.1774, Accuracy: 93.19 %
Predictions - 1s: 331, 0s: 271
True Labels - 1s: 323, 0s: 279
Client 2 of 3: Local Epoch [3/3] Loss: 0.1679, Accuracy: 94.02 %
Predictions - 1s: 323, 0s: 279
True Labels - 1s: 312, 0s: 290
Client 3 of 3: Local Epoch [3/3] Loss: 0.1659, Accuracy: 94.85 %
Predictions - 1s: 313, 0s: 289
True Labels - 1s: 306, 0s: 296
Client 1 of 3: Local Epoch [3/3] Loss: 0.1464, Accuracy: 95.18 %
-------------------------------
Round [3/4] Average Local Loss: 0.1601, Average Local Accuracy: 94.68 %
-------------------------------
-------- Validation --------
Predictions - 1s: 243, 0s: 209
True Labels - 1s: 244, 0s: 208
Round [3/4] Global Model Validation Loss: 0.3174, Validation Accuracy: 86.50 %
-------- Validation finished --------

Round 4 of 4
-------------------------------
Predictions - 1s: 320, 0s: 282
True Labels - 1s: 312, 0s: 290
Client 3 of 3: Local Epoch [1/3] Loss: 0.2305, Accuracy: 91.69 %
Predictions - 1s: 333, 0s: 269
True Labels - 1s: 323, 0s: 279
Client 2 of 3: Local Epoch [1/3] Loss: 0.2537, Accuracy: 89.37 %
Predictions - 1s: 312, 0s: 290
True Labels - 1s: 306, 0s: 296
Client 1 of 3: Local Epoch [1/3] Loss: 0.2135, Accuracy: 92.03 %
Predictions - 1s: 326, 0s: 276
True Labels - 1s: 312, 0s: 290
Client 3 of 3: Local Epoch [2/3] Loss: 0.1625, Accuracy: 94.68 %
Predictions - 1s: 323, 0s: 279
True Labels - 1s: 323, 0s: 279
Client 2 of 3: Local Epoch [2/3] Loss: 0.1620, Accuracy: 94.35 %
Predictions - 1s: 307, 0s: 295
True Labels - 1s: 306, 0s: 296
Client 1 of 3: Local Epoch [2/3] Loss: 0.1423, Accuracy: 94.85 %
Predictions - 1s: 321, 0s: 281
True Labels - 1s: 312, 0s: 290
Client 3 of 3: Local Epoch [3/3] Loss: 0.1230, Accuracy: 96.51 %
Predictions - 1s: 336, 0s: 266
True Labels - 1s: 323, 0s: 279
Client 2 of 3: Local Epoch [3/3] Loss: 0.1342, Accuracy: 95.18 %
Predictions - 1s: 311, 0s: 291
True Labels - 1s: 306, 0s: 296
Client 1 of 3: Local Epoch [3/3] Loss: 0.1194, Accuracy: 94.85 %
-------------------------------
Round [4/4] Average Local Loss: 0.1255, Average Local Accuracy: 95.51 %
-------------------------------
-------- Validation --------
Predictions - 1s: 240, 0s: 212
True Labels - 1s: 244, 0s: 208
Round [4/4] Global Model Validation Loss: 0.3209, Validation Accuracy: 87.61 %
-------- Validation finished --------
Best model in round 2 saved with Validation Loss: 0.3150 and Validation Accuracy: 87.17 %

-------- Training finished in 15:38 --------

Test flag enabled. Testing the model

-------- Loading best model from model_path --------
Loaded model bert-small from date 21-04-2024 17:25. Trained with Federated Learning technology.
Round 2, lr: 6e-05, optimizer: AdamW
Average train accuracy: 93.41 %, Validation accuracy: 87.17 %
-------- Best model loaded --------

-------- Creating Test Dataloader --------
Test Loader: 564 total sentences. 71 batches of size 8.
-------- Test Dataloader created --------

-------- Testing --------
Predictions - 1s: 282, 0s: 282
True Labels - 1s: 296, 0s: 268
Nº of test samples: 564
Accuracy: 88.65%
Accuracy 2 : 88.65%
Precision: 88.65%
Recall: 88.75%
F1 Score: 88.65%
Classification report:
              precision    recall  f1-score   support

           0     0.8617    0.9067    0.8836       268
           1     0.9113    0.8682    0.8893       296

    accuracy                         0.8865       564
   macro avg     0.8865    0.8875    0.8865       564
weighted avg     0.8878    0.8865    0.8866       564

-------- Testing finished --------
