Current configuration:
{
    "concurrency_flag": true,
    "data_distribution": "iid",
    "dataset": "twitter_dep",
    "device": "cuda",
    "dp_delta": 0.003,
    "dp_epsilon": 0,
    "eval_batch_size": 4,
    "eval_flag": true,
    "eval_size": 0.2,
    "fed_alg": "fedavg",
    "layers": 3,
    "learning_rate": 0.0006,
    "max_length": 512,
    "ml_mode": "bcfl",
    "model": "bert_small",
    "model_name": "fedavg_iid_seed10_twitter_dep",
    "models_path": "/local/vpaloma/fabric-federated-learning/ablation_study/phase-4/final/data-dist/twitter_dep",
    "mu": 0.5,
    "num_clients": 5,
    "num_epochs": 3,
    "num_rounds": 4,
    "optimizer": "AdamW",
    "progress_bar_flag": false,
    "save_model": true,
    "scheduler": "linear",
    "scheduler_warmup_steps": 0,
    "seed": "random",
    "test_flag": true,
    "train_batch_size": 4,
    "train_size": 0.8
}
-------- Configuration loaded --------

-------- Setting device --------
cuda device selected and available.
-------- Device set --------

-------- Setting seed --------
seed set:  33643
-------- Seed set --------

-------- Creating Model --------
-------- Model created --------

-------- Setting Trainable Layers --------
Training the last 3 layers.

Total parameters count: 28764674
Trainable parameters count: 3416066
-------- Trainable Layers set --------

-------- Creating Tokenizer --------
-------- Tokenizer created --------

-------- Creating Train and Eval Dataloaders --------
Train Loader: 1982 total sentences. 496 batches of size 4.
Eval Loader: 496 total sentences. 124 batches of size 4.
-------- Train and Eval Dataloaders created --------

-------- Training --------
Training with Blockchain-Based Federated Learning technology.
Training without differential privacy.
Federated averaging algorithm selected.
Client 0: Label 0: 274, Label 1: 122
Client 1: Label 0: 286, Label 1: 110
Client 2: Label 0: 308, Label 1: 88
Client 3: Label 0: 292, Label 1: 104
Client 4: Label 0: 290, Label 1: 108

Round 1 of 4
-------------------------------
Predictions - 1s: 60, 0s: 338
True Labels - 1s: 108, 0s: 290
Client 5 of 5: Local Epoch [1/3] Loss: 0.6032, Accuracy: 70.35 %
Predictions - 1s: 46, 0s: 350
True Labels - 1s: 104, 0s: 292
Client 4 of 5: Local Epoch [1/3] Loss: 0.6546, Accuracy: 69.19 %
Predictions - 1s: 36, 0s: 360
True Labels - 1s: 88, 0s: 308
Client 3 of 5: Local Epoch [1/3] Loss: 0.5446, Accuracy: 74.75 %
Predictions - 1s: 42, 0s: 354
True Labels - 1s: 110, 0s: 286
Client 2 of 5: Local Epoch [1/3] Loss: 0.5800, Accuracy: 72.22 %
Predictions - 1s: 57, 0s: 339
True Labels - 1s: 122, 0s: 274
Client 1 of 5: Local Epoch [1/3] Loss: 0.6055, Accuracy: 69.95 %
Predictions - 1s: 79, 0s: 319
True Labels - 1s: 108, 0s: 290
Client 5 of 5: Local Epoch [2/3] Loss: 0.4309, Accuracy: 79.65 %
Predictions - 1s: 91, 0s: 307
True Labels - 1s: 108, 0s: 290
Client 5 of 5: Local Epoch [3/3] Loss: 0.2495, Accuracy: 88.19 %
Predictions - 1s: 98, 0s: 298
True Labels - 1s: 122, 0s: 274
Client 1 of 5: Local Epoch [2/3] Loss: 0.4920, Accuracy: 76.26 %
Predictions - 1s: 49, 0s: 347
Predictions - 1s: 73, 0s: 323
True Labels - 1s: 88, 0s: 308
Predictions - 1s: 90, 0s: 306
True Labels - 1s: 104, 0s: 292
Client 3 of 5: Local Epoch [2/3] Loss: 0.4262, Accuracy: 77.02 %
True Labels - 1s: 110, 0s: 286
Client 2 of 5: Local Epoch [2/3] Loss: 0.4639, Accuracy: 78.79 %
Client 4 of 5: Local Epoch [2/3] Loss: 0.4559, Accuracy: 77.53 %
Predictions - 1s: 80, 0s: 316
True Labels - 1s: 88, 0s: 308
Client 3 of 5: Local Epoch [3/3] Loss: 0.2952, Accuracy: 87.88 %
Predictions - 1s: 93, 0s: 303
True Labels - 1s: 104, 0s: 292
Client 4 of 5: Local Epoch [3/3] Loss: 0.2967, Accuracy: 87.12 %
Predictions - 1s: 121, 0s: 275
True Labels - 1s: 122, 0s: 274
Client 1 of 5: Local Epoch [3/3] Loss: 0.2961, Accuracy: 86.62 %
Predictions - 1s: 100, 0s: 296
True Labels - 1s: 110, 0s: 286
Client 2 of 5: Local Epoch [3/3] Loss: 0.2656, Accuracy: 89.39 %
-------------------------------
Round [1/4] Average Local Loss: 0.2806, Average Local Accuracy: 87.84 %
-------------------------------
-------- Validation --------
Predictions - 1s: 52, 0s: 444
True Labels - 1s: 142, 0s: 354
Round [1/4] Global Model Validation Loss: 0.4758, Validation Accuracy: 77.42 %
-------- Validation finished --------
Updated best model in round 1 saved with Validation Loss: 0.4758 and Validation Accuracy: 77.42 %
-------------------------------

Round 2 of 4
-------------------------------
Predictions - 1s: 48, 0s: 348
True Labels - 1s: 88, 0s: 308
Client 3 of 5: Local Epoch [1/3] Loss: 0.5027, Accuracy: 77.78 %
Predictions - 1s: 86, 0s: 310
True Labels - 1s: 110, 0s: 286
Client 2 of 5: Local Epoch [1/3] Loss: 0.5339, Accuracy: 74.24 %
Predictions - 1s: 79, 0s: 317
True Labels - 1s: 104, 0s: 292
Client 4 of 5: Local Epoch [1/3] Loss: 0.5020, Accuracy: 77.53 %
Predictions - 1s: 87, 0s: 309
True Labels - 1s: 122, 0s: 274
Client 1 of 5: Local Epoch [1/3] Loss: 0.5567, Accuracy: 71.46 %
Predictions - 1s: 65, 0s: 333
True Labels - 1s: 108, 0s: 290
Client 5 of 5: Local Epoch [1/3] Loss: 0.5164, Accuracy: 76.63 %
Predictions - 1s: 62, 0s: 334
True Labels - 1s: 88, 0s: 308
Client 3 of 5: Local Epoch [2/3] Loss: 0.3454, Accuracy: 85.35 %
Predictions - 1s: 85, 0s: 311
True Labels - 1s: 88, 0s: 308
Client 3 of 5: Local Epoch [3/3] Loss: 0.1761, Accuracy: 93.18 %
Predictions - 1s: 103, 0s: 293
True Labels - 1s: 110, 0s: 286
Client 2 of 5: Local Epoch [2/3] Loss: 0.3611, Accuracy: 83.08 %
Predictions - 1s: 111, 0s: 285
True Labels - 1s: 122, 0s: 274
Client 1 of 5: Local Epoch [2/3] Loss: 0.3897, Accuracy: 85.10 %
Predictions - 1s: 105, 0s: 291
True Labels - 1s: 104, 0s: 292
Client 4 of 5: Local Epoch [2/3] Loss: 0.3301, Accuracy: 83.59 %
Predictions - 1s: 90, 0s: 308
True Labels - 1s: 108, 0s: 290
Client 5 of 5: Local Epoch [2/3] Loss: 0.3816, Accuracy: 81.91 %
Predictions - 1s: 112, 0s: 284
True Labels - 1s: 110, 0s: 286
Client 2 of 5: Local Epoch [3/3] Loss: 0.2210, Accuracy: 89.90 %
Predictions - 1s: 111, 0s: 287
True Labels - 1s: 108, 0s: 290
Client 5 of 5: Local Epoch [3/3] Loss: 0.1461, Accuracy: 94.22 %
Predictions - 1s: 119, 0s: 277
True Labels - 1s: 122, 0s: 274
Client 1 of 5: Local Epoch [3/3] Loss: 0.2117, Accuracy: 91.16 %
Predictions - 1s: 105, 0s: 291
True Labels - 1s: 104, 0s: 292
Client 4 of 5: Local Epoch [3/3] Loss: 0.1519, Accuracy: 95.71 %
-------------------------------
Round [2/4] Average Local Loss: 0.1814, Average Local Accuracy: 92.83 %
-------------------------------
-------- Validation --------
Predictions - 1s: 136, 0s: 360
True Labels - 1s: 142, 0s: 354
Round [2/4] Global Model Validation Loss: 0.4310, Validation Accuracy: 81.45 %
-------- Validation finished --------
Updated best model in round 2 saved with Validation Loss: 0.4310 and Validation Accuracy: 81.45 %
-------------------------------

Round 3 of 4
-------------------------------
Predictions - 1s: 76, 0s: 322
True Labels - 1s: 108, 0s: 290
Client 5 of 5: Local Epoch [1/3] Loss: 0.4982, Accuracy: 79.90 %
Predictions - 1s: 93, 0s: 303
True Labels - 1s: 110, 0s: 286
Client 2 of 5: Local Epoch [1/3] Loss: 0.4751, Accuracy: 78.54 %
Predictions - 1s: 78, 0s: 318
True Labels - 1s: 88, 0s: 308
Client 3 of 5: Local Epoch [1/3] Loss: 0.4321, Accuracy: 78.28 %
Predictions - 1s: 103, 0s: 293
True Labels - 1s: 122, 0s: 274
Client 1 of 5: Local Epoch [1/3] Loss: 0.5223, Accuracy: 76.52 %
Predictions - 1s: 99, 0s: 297
True Labels - 1s: 104, 0s: 292
Client 4 of 5: Local Epoch [1/3] Loss: 0.4225, Accuracy: 83.59 %
Predictions - 1s: 103, 0s: 295
True Labels - 1s: 108, 0s: 290
Client 5 of 5: Local Epoch [2/3] Loss: 0.2973, Accuracy: 87.19 %
Predictions - 1s: 96, 0s: 300
True Labels - 1s: 110, 0s: 286
Client 2 of 5: Local Epoch [2/3] Loss: 0.3113, Accuracy: 86.87 %
Predictions - 1s: 92, 0s: 304
True Labels - 1s: 88, 0s: 308
Client 3 of 5: Local Epoch [2/3] Loss: 0.2538, Accuracy: 89.39 %
Predictions - 1s: 97, 0s: 299
True Labels - 1s: 104, 0s: 292
Client 4 of 5: Local Epoch [2/3] Loss: 0.2151, Accuracy: 91.16 %
Predictions - 1s: 119, 0s: 277
True Labels - 1s: 122, 0s: 274
Client 1 of 5: Local Epoch [2/3] Loss: 0.3205, Accuracy: 85.10 %
Predictions - 1s: 103, 0s: 295
True Labels - 1s: 108, 0s: 290
Client 5 of 5: Local Epoch [3/3] Loss: 0.1390, Accuracy: 95.23 %
Predictions - 1s: 107, 0s: 289
True Labels - 1s: 110, 0s: 286
Client 2 of 5: Local Epoch [3/3] Loss: 0.1436, Accuracy: 94.19 %
Predictions - 1s: 88, 0s: 308
True Labels - 1s: 88, 0s: 308
Client 3 of 5: Local Epoch [3/3] Loss: 0.1563, Accuracy: 94.44 %
Predictions - 1s: 106, 0s: 290
True Labels - 1s: 104, 0s: 292
Client 4 of 5: Local Epoch [3/3] Loss: 0.0959, Accuracy: 97.47 %
Predictions - 1s: 119, 0s: 277
True Labels - 1s: 122, 0s: 274
Client 1 of 5: Local Epoch [3/3] Loss: 0.1545, Accuracy: 94.19 %
-------------------------------
Round [3/4] Average Local Loss: 0.1379, Average Local Accuracy: 95.11 %
-------------------------------
-------- Validation --------
Predictions - 1s: 123, 0s: 373
True Labels - 1s: 142, 0s: 354
Round [3/4] Global Model Validation Loss: 0.4435, Validation Accuracy: 81.25 %
-------- Validation finished --------
Updated best model in round 3 saved with Validation Loss: 0.4435 and Validation Accuracy: 81.25 %
-------------------------------

Round 4 of 4
-------------------------------
Predictions - 1s: 94, 0s: 302
True Labels - 1s: 104, 0s: 292
Client 4 of 5: Local Epoch [1/3] Loss: 0.3915, Accuracy: 83.84 %
Predictions - 1s: 78, 0s: 318
True Labels - 1s: 88, 0s: 308
Client 3 of 5: Local Epoch [1/3] Loss: 0.3723, Accuracy: 83.84 %
Predictions - 1s: 108, 0s: 288
True Labels - 1s: 122, 0s: 274
Client 1 of 5: Local Epoch [1/3] Loss: 0.4520, Accuracy: 76.77 %
Predictions - 1s: 99, 0s: 297
True Labels - 1s: 110, 0s: 286
Client 2 of 5: Local Epoch [1/3] Loss: 0.4399, Accuracy: 80.56 %
Predictions - 1s: 96, 0s: 302
True Labels - 1s: 108, 0s: 290
Client 5 of 5: Local Epoch [1/3] Loss: 0.4456, Accuracy: 80.90 %
Predictions - 1s: 110, 0s: 286
True Labels - 1s: 104, 0s: 292
Client 4 of 5: Local Epoch [2/3] Loss: 0.2123, Accuracy: 91.92 %
Predictions - 1s: 81, 0s: 315
True Labels - 1s: 88, 0s: 308
Client 3 of 5: Local Epoch [2/3] Loss: 0.2148, Accuracy: 91.16 %
Predictions - 1s: 130, 0s: 266
True Labels - 1s: 122, 0s: 274
Client 1 of 5: Local Epoch [2/3] Loss: 0.2649, Accuracy: 89.39 %
Predictions - 1s: 105, 0s: 291
True Labels - 1s: 110, 0s: 286
Client 2 of 5: Local Epoch [2/3] Loss: 0.2248, Accuracy: 91.67 %
Predictions - 1s: 107, 0s: 291
True Labels - 1s: 108, 0s: 290
Client 5 of 5: Local Epoch [2/3] Loss: 0.2282, Accuracy: 91.71 %
Predictions - 1s: 103, 0s: 293
True Labels - 1s: 104, 0s: 292
Client 4 of 5: Local Epoch [3/3] Loss: 0.0931, Accuracy: 97.22 %
Predictions - 1s: 91, 0s: 305
True Labels - 1s: 88, 0s: 308
Client 3 of 5: Local Epoch [3/3] Loss: 0.1344, Accuracy: 94.70 %
Predictions - 1s: 122, 0s: 274
True Labels - 1s: 122, 0s: 274
Client 1 of 5: Local Epoch [3/3] Loss: 0.1131, Accuracy: 95.45 %
Predictions - 1s: 103, 0s: 293
True Labels - 1s: 110, 0s: 286
Client 2 of 5: Local Epoch [3/3] Loss: 0.0841, Accuracy: 96.72 %
Predictions - 1s: 108, 0s: 290
True Labels - 1s: 108, 0s: 290
Client 5 of 5: Local Epoch [3/3] Loss: 0.1136, Accuracy: 96.48 %
-------------------------------
Round [4/4] Average Local Loss: 0.1077, Average Local Accuracy: 96.11 %
-------------------------------
-------- Validation --------
Predictions - 1s: 120, 0s: 376
True Labels - 1s: 142, 0s: 354
Round [4/4] Global Model Validation Loss: 0.4625, Validation Accuracy: 81.45 %
-------- Validation finished --------
Updated best model in round 4 saved with Validation Loss: 0.4625 and Validation Accuracy: 81.45 %
-------------------------------
Best model in round 4 saved with Validation Loss: 0.4625 and Validation Accuracy: 81.45 %

-------- Training finished in 5:33 --------

Test flag enabled. Testing the model

-------- Loading best model from model_path --------
Loaded model bert-small from date 22-04-2024 19:47. Trained with Federated Learning technology.
Round 4, lr: 0.0006, optimizer: AdamW
Average train accuracy: 96.11 %, Validation accuracy: 81.45 %
-------- Best model loaded --------

-------- Creating Test Dataloader --------
Test Loader: 618 total sentences. 78 batches of size 8.
-------- Test Dataloader created --------

-------- Testing --------
Predictions - 1s: 145, 0s: 473
True Labels - 1s: 168, 0s: 450
Nº of test samples: 618
Accuracy: 82.04%
Accuracy 2 : 82.04%
Precision: 77.75%
Recall: 75.17%
F1 Score: 76.26%
Classification report:
              precision    recall  f1-score   support

           0     0.8584    0.9022    0.8797       450
           1     0.6966    0.6012    0.6454       168

    accuracy                         0.8204       618
   macro avg     0.7775    0.7517    0.7626       618
weighted avg     0.8144    0.8204    0.8160       618

-------- Testing finished --------
