Current configuration:
{
    "concurrency_flag": true,
    "data_distribution": "non_iid",
    "dataset": "twitter_dep_balanced",
    "device": "cuda",
    "dp_delta": 0.003,
    "dp_epsilon": 0,
    "eval_batch_size": 4,
    "eval_flag": true,
    "eval_size": 0.2,
    "fed_alg": "fedavg",
    "layers": 3,
    "learning_rate": 6e-05,
    "max_length": 512,
    "ml_mode": "bcfl",
    "model": "bert_small",
    "model_name": "fedavg_non_iid_twitter_dep_balanced",
    "models_path": "/local/vpaloma/fabric-federated-learning/ablation_study/phase-4/final/data-dist/twitter_dep",
    "mu": 0.5,
    "num_clients": 5,
    "num_epochs": 3,
    "num_rounds": 4,
    "optimizer": "AdamW",
    "progress_bar_flag": false,
    "save_model": true,
    "scheduler": "linear",
    "scheduler_warmup_steps": 0,
    "seed": "random",
    "test_flag": true,
    "train_batch_size": 4,
    "train_size": 0.8
}
-------- Configuration loaded --------

-------- Setting device --------
cuda device selected and available.
-------- Device set --------

-------- Setting seed --------
seed set:  34526
-------- Seed set --------

-------- Creating Model --------
-------- Model created --------

-------- Setting Trainable Layers --------
Training the last 3 layers.

Total parameters count: 28764674
Trainable parameters count: 3416066
-------- Trainable Layers set --------

-------- Creating Tokenizer --------
-------- Tokenizer created --------

-------- Creating Train and Eval Dataloaders --------
Train Loader: 1078 total sentences. 270 batches of size 4.
Eval Loader: 270 total sentences. 68 batches of size 4.
-------- Train and Eval Dataloaders created --------

-------- Training --------
Training with Blockchain-Based Federated Learning technology.
Training without differential privacy.
Federated averaging algorithm selected.
Client 0: Label 0: 0, Label 1: 237
Client 1: Label 0: 0, Label 1: 237
Client 2: Label 0: 215, Label 1: 22
Client 3: Label 0: 215, Label 1: 22
Client 4: Label 0: 108, Label 1: 22

Round 1 of 4
-------------------------------
Predictions - 1s: 0, 0s: 130
True Labels - 1s: 22, 0s: 108
Client 5 of 5: Local Epoch [1/3] Loss: 0.4680, Accuracy: 83.08 %
Predictions - 1s: 0, 0s: 237
True Labels - 1s: 22, 0s: 215
Client 4 of 5: Local Epoch [1/3] Loss: 0.3224, Accuracy: 90.72 %
Predictions - 1s: 231, 0s: 6
True Labels - 1s: 237, 0s: 0
Client 2 of 5: Local Epoch [1/3] Loss: 0.1025, Accuracy: 97.47 %
Predictions - 1s: 230, 0s: 7
True Labels - 1s: 237, 0s: 0
Client 1 of 5: Local Epoch [1/3] Loss: 0.1086, Accuracy: 97.05 %
Predictions - 1s: 0, 0s: 237
True Labels - 1s: 22, 0s: 215
Client 3 of 5: Local Epoch [1/3] Loss: 0.3072, Accuracy: 90.72 %
Predictions - 1s: 0, 0s: 130
True Labels - 1s: 22, 0s: 108
Client 5 of 5: Local Epoch [2/3] Loss: 0.3916, Accuracy: 83.08 %
Predictions - 1s: 0, 0s: 237
True Labels - 1s: 22, 0s: 215
Client 4 of 5: Local Epoch [2/3] Loss: 0.2702, Accuracy: 90.72 %
Predictions - 1s: 1, 0s: 129
True Labels - 1s: 22, 0s: 108
Client 5 of 5: Local Epoch [3/3] Loss: 0.3739, Accuracy: 83.85 %
Predictions - 1s: 0, 0s: 237
True Labels - 1s: 22, 0s: 215
Client 4 of 5: Local Epoch [3/3] Loss: 0.2432, Accuracy: 90.72 %
Predictions - 1s: 237, 0s: 0
True Labels - 1s: 237, 0s: 0
Client 2 of 5: Local Epoch [2/3] Loss: 0.0081, Accuracy: 100.00 %
Predictions - 1s: 237, 0s: 0
True Labels - 1s: 237, 0s: 0
Client 1 of 5: Local Epoch [2/3] Loss: 0.0080, Accuracy: 100.00 %
Predictions - 1s: 1, 0s: 236
True Labels - 1s: 22, 0s: 215
Client 3 of 5: Local Epoch [2/3] Loss: 0.2420, Accuracy: 91.14 %
Predictions - 1s: 237, 0s: 0
True Labels - 1s: 237, 0s: 0
Client 2 of 5: Local Epoch [3/3] Loss: 0.0056, Accuracy: 100.00 %
Predictions - 1s: 237, 0s: 0
True Labels - 1s: 237, 0s: 0
Client 1 of 5: Local Epoch [3/3] Loss: 0.0056, Accuracy: 100.00 %
Predictions - 1s: 1, 0s: 236
True Labels - 1s: 22, 0s: 215
Client 3 of 5: Local Epoch [3/3] Loss: 0.2153, Accuracy: 91.14 %
-------------------------------
Round [1/4] Average Local Loss: 0.1687, Average Local Accuracy: 93.14 %
-------------------------------
-------- Validation --------
Predictions - 1s: 229, 0s: 41
True Labels - 1s: 134, 0s: 136
Round [1/4] Global Model Validation Loss: 0.6585, Validation Accuracy: 62.59 %
-------- Validation finished --------
Updated best model in round 1 saved with Validation Loss: 0.6585 and Validation Accuracy: 62.59 %
-------------------------------

Round 2 of 4
-------------------------------
Predictions - 1s: 12, 0s: 118
True Labels - 1s: 22, 0s: 108
Client 5 of 5: Local Epoch [1/3] Loss: 0.4944, Accuracy: 76.92 %
Predictions - 1s: 12, 0s: 225
True Labels - 1s: 22, 0s: 215
Client 3 of 5: Local Epoch [1/3] Loss: 0.3111, Accuracy: 87.34 %
Predictions - 1s: 237, 0s: 0
True Labels - 1s: 237, 0s: 0
Client 2 of 5: Local Epoch [1/3] Loss: 0.0294, Accuracy: 100.00 %
Predictions - 1s: 237, 0s: 0
True Labels - 1s: 237, 0s: 0
Client 1 of 5: Local Epoch [1/3] Loss: 0.0316, Accuracy: 100.00 %
Predictions - 1s: 10, 0s: 227
True Labels - 1s: 22, 0s: 215
Client 4 of 5: Local Epoch [1/3] Loss: 0.3164, Accuracy: 88.19 %
Predictions - 1s: 1, 0s: 129
True Labels - 1s: 22, 0s: 108
Client 5 of 5: Local Epoch [2/3] Loss: 0.3911, Accuracy: 83.85 %
Predictions - 1s: 1, 0s: 236
True Labels - 1s: 22, 0s: 215
Client 3 of 5: Local Epoch [2/3] Loss: 0.2305, Accuracy: 91.14 %
Predictions - 1s: 3, 0s: 127
True Labels - 1s: 22, 0s: 108
Client 5 of 5: Local Epoch [3/3] Loss: 0.3555, Accuracy: 85.38 %
Predictions - 1s: 3, 0s: 234
True Labels - 1s: 22, 0s: 215
Client 3 of 5: Local Epoch [3/3] Loss: 0.1985, Accuracy: 91.98 %
Predictions - 1s: 237, 0s: 0
True Labels - 1s: 237, 0s: 0
Client 1 of 5: Local Epoch [2/3] Loss: 0.0027, Accuracy: 100.00 %
Predictions - 1s: 237, 0s: 0
True Labels - 1s: 237, 0s: 0
Client 2 of 5: Local Epoch [2/3] Loss: 0.0027, Accuracy: 100.00 %
Predictions - 1s: 2, 0s: 235
True Labels - 1s: 22, 0s: 215
Client 4 of 5: Local Epoch [2/3] Loss: 0.2489, Accuracy: 90.72 %
Predictions - 1s: 237, 0s: 0
True Labels - 1s: 237, 0s: 0
Client 1 of 5: Local Epoch [3/3] Loss: 0.0020, Accuracy: 100.00 %
Predictions - 1s: 237, 0s: 0
True Labels - 1s: 237, 0s: 0
Client 2 of 5: Local Epoch [3/3] Loss: 0.0019, Accuracy: 100.00 %
Predictions - 1s: 2, 0s: 235
True Labels - 1s: 22, 0s: 215
Client 4 of 5: Local Epoch [3/3] Loss: 0.2122, Accuracy: 91.56 %
-------------------------------
Round [2/4] Average Local Loss: 0.1540, Average Local Accuracy: 93.79 %
-------------------------------
-------- Validation --------
Predictions - 1s: 236, 0s: 34
True Labels - 1s: 134, 0s: 136
Round [2/4] Global Model Validation Loss: 0.7682, Validation Accuracy: 62.22 %
-------- Validation finished --------

Round 3 of 4
-------------------------------
Predictions - 1s: 16, 0s: 114
True Labels - 1s: 22, 0s: 108
Client 5 of 5: Local Epoch [1/3] Loss: 0.4634, Accuracy: 78.46 %
Predictions - 1s: 11, 0s: 226
True Labels - 1s: 22, 0s: 215
Client 4 of 5: Local Epoch [1/3] Loss: 0.3315, Accuracy: 87.76 %
Predictions - 1s: 237, 0s: 0
True Labels - 1s: 237, 0s: 0
Client 1 of 5: Local Epoch [1/3] Loss: 0.0141, Accuracy: 100.00 %
Predictions - 1s: 13, 0s: 224
Predictions - 1s: 237, 0s: 0
True Labels - 1s: 22, 0s: 215
True Labels - 1s: 237, 0s: 0
Client 3 of 5: Local Epoch [1/3] Loss: 0.3093, Accuracy: 88.61 %
Client 2 of 5: Local Epoch [1/3] Loss: 0.0125, Accuracy: 100.00 %
Predictions - 1s: 3, 0s: 127
True Labels - 1s: 22, 0s: 108
Client 5 of 5: Local Epoch [2/3] Loss: 0.3534, Accuracy: 85.38 %
Predictions - 1s: 8, 0s: 122
True Labels - 1s: 22, 0s: 108
Client 5 of 5: Local Epoch [3/3] Loss: 0.3349, Accuracy: 86.15 %
Predictions - 1s: 237, 0s: 0
True Labels - 1s: 237, 0s: 0
Client 2 of 5: Local Epoch [2/3] Loss: 0.0011, Accuracy: 100.00 %
Predictions - 1s: 6, 0s: 231
True Labels - 1s: 22, 0s: 215
Client 3 of 5: Local Epoch [2/3] Loss: 0.2056, Accuracy: 92.41 %
Predictions - 1s: 237, 0s: 0
True Labels - 1s: 237, 0s: 0
Client 1 of 5: Local Epoch [2/3] Loss: 0.0012, Accuracy: 100.00 %
Predictions - 1s: 2, 0s: 235
True Labels - 1s: 22, 0s: 215
Client 4 of 5: Local Epoch [2/3] Loss: 0.2259, Accuracy: 91.56 %
Predictions - 1s: 11, 0s: 226
True Labels - 1s: 22, 0s: 215
Client 3 of 5: Local Epoch [3/3] Loss: 0.1708, Accuracy: 93.67 %
Predictions - 1s: 237, 0s: 0
True Labels - 1s: 237, 0s: 0
Client 2 of 5: Local Epoch [3/3] Loss: 0.0008, Accuracy: 100.00 %
Predictions - 1s: 237, 0s: 0
Predictions - 1s: 2, 0s: 235
True Labels - 1s: 237, 0s: 0
Client 1 of 5: Local Epoch [3/3] Loss: 0.0009, Accuracy: 100.00 %
True Labels - 1s: 22, 0s: 215
Client 4 of 5: Local Epoch [3/3] Loss: 0.2256, Accuracy: 91.56 %
-------------------------------
Round [3/4] Average Local Loss: 0.1466, Average Local Accuracy: 94.28 %
-------------------------------
-------- Validation --------
Predictions - 1s: 231, 0s: 39
True Labels - 1s: 134, 0s: 136
Round [3/4] Global Model Validation Loss: 0.8398, Validation Accuracy: 64.07 %
-------- Validation finished --------

Round 4 of 4
-------------------------------
Predictions - 1s: 16, 0s: 114
True Labels - 1s: 22, 0s: 108
Client 5 of 5: Local Epoch [1/3] Loss: 0.3606, Accuracy: 84.62 %
Predictions - 1s: 237, 0s: 0
True Labels - 1s: 237, 0s: 0
Client 1 of 5: Local Epoch [1/3] Loss: 0.0087, Accuracy: 100.00 %
Predictions - 1s: 19, 0s: 218
True Labels - 1s: 22, 0s: 215
Client 4 of 5: Local Epoch [1/3] Loss: 0.2744, Accuracy: 86.92 %
Predictions - 1s: 8, 0s: 122
True Labels - 1s: 22, 0s: 108
Client 5 of 5: Local Epoch [2/3] Loss: 0.3442, Accuracy: 84.62 %
Predictions - 1s: 12, 0s: 225
True Labels - 1s: 22, 0s: 215
Client 3 of 5: Local Epoch [1/3] Loss: 0.2928, Accuracy: 89.03 %
Predictions - 1s: 236, 0s: 1
True Labels - 1s: 237, 0s: 0
Client 2 of 5: Local Epoch [1/3] Loss: 0.0120, Accuracy: 99.58 %
Predictions - 1s: 15, 0s: 115
True Labels - 1s: 22, 0s: 108
Client 5 of 5: Local Epoch [3/3] Loss: 0.2911, Accuracy: 90.00 %
Predictions - 1s: 237, 0s: 0
True Labels - 1s: 237, 0s: 0
Client 1 of 5: Local Epoch [2/3] Loss: 0.0007, Accuracy: 100.00 %
Predictions - 1s: 6, 0s: 231
True Labels - 1s: 22, 0s: 215
Client 4 of 5: Local Epoch [2/3] Loss: 0.2000, Accuracy: 93.25 %
Predictions - 1s: 237, 0s: 0
True Labels - 1s: 237, 0s: 0
Client 2 of 5: Local Epoch [2/3] Loss: 0.0011, Accuracy: 100.00 %
Predictions - 1s: 10, 0s: 227
True Labels - 1s: 22, 0s: 215
Client 3 of 5: Local Epoch [2/3] Loss: 0.1923, Accuracy: 93.25 %
Predictions - 1s: 237, 0s: 0
True Labels - 1s: 237, 0s: 0
Client 1 of 5: Local Epoch [3/3] Loss: 0.0005, Accuracy: 100.00 %
Predictions - 1s: 9, 0s: 228
True Labels - 1s: 22, 0s: 215
Client 4 of 5: Local Epoch [3/3] Loss: 0.1684, Accuracy: 93.67 %
Predictions - 1s: 11, 0s: 226
True Labels - 1s: 22, 0s: 215
Client 3 of 5: Local Epoch [3/3] Loss: 0.1467, Accuracy: 93.67 %
Predictions - 1s: 237, 0s: 0
True Labels - 1s: 237, 0s: 0
Client 2 of 5: Local Epoch [3/3] Loss: 0.0008, Accuracy: 100.00 %
-------------------------------
Round [4/4] Average Local Loss: 0.1215, Average Local Accuracy: 95.47 %
-------------------------------
-------- Validation --------
Predictions - 1s: 227, 0s: 43
True Labels - 1s: 134, 0s: 136
Round [4/4] Global Model Validation Loss: 0.8900, Validation Accuracy: 65.56 %
-------- Validation finished --------
Best model in round 1 saved with Validation Loss: 0.6585 and Validation Accuracy: 62.59 %

-------- Training finished in 5:05 --------

Test flag enabled. Testing the model

-------- Loading best model from model_path --------
Loaded model bert-small from date 21-04-2024 08:08. Trained with Federated Learning technology.
Round 1, lr: 6e-05, optimizer: AdamW
Average train accuracy: 93.14 %, Validation accuracy: 62.59 %
-------- Best model loaded --------

-------- Creating Test Dataloader --------
Test Loader: 618 total sentences. 78 batches of size 8.
-------- Test Dataloader created --------

-------- Testing --------
Predictions - 1s: 506, 0s: 112
True Labels - 1s: 168, 0s: 450
Nº of test samples: 618
Accuracy: 43.04%
Accuracy 2 : 43.04%
Precision: 62.78%
Recall: 59.58%
F1 Score: 42.57%
Classification report:
              precision    recall  f1-score   support

           0     0.9375    0.2333    0.3737       450
           1     0.3182    0.9583    0.4777       168

    accuracy                         0.4304       618
   macro avg     0.6278    0.5958    0.4257       618
weighted avg     0.7691    0.4304    0.4020       618

-------- Testing finished --------
