Current configuration:
{
    "concurrency_flag": true,
    "data_distribution": "non_iid",
    "dataset": "twitter_dep",
    "device": "cuda",
    "dp_delta": 0.003,
    "dp_epsilon": 0,
    "eval_batch_size": 4,
    "eval_flag": true,
    "eval_size": 0.2,
    "fed_alg": "fedavg",
    "layers": 3,
    "learning_rate": 0.0006,
    "max_length": 512,
    "ml_mode": "bcfl",
    "model": "bert_small",
    "model_name": "fedavg_non_iid_seed7_twitter_dep",
    "models_path": "/local/vpaloma/fabric-federated-learning/ablation_study/phase-4/final/data-dist/twitter_dep",
    "mu": 0.5,
    "num_clients": 5,
    "num_epochs": 3,
    "num_rounds": 4,
    "optimizer": "AdamW",
    "progress_bar_flag": false,
    "save_model": true,
    "scheduler": "linear",
    "scheduler_warmup_steps": 0,
    "seed": "random",
    "test_flag": true,
    "train_batch_size": 4,
    "train_size": 0.8
}
-------- Configuration loaded --------

-------- Setting device --------
cuda device selected and available.
-------- Device set --------

-------- Setting seed --------
seed set:  415708
-------- Seed set --------

-------- Creating Model --------
-------- Model created --------

-------- Setting Trainable Layers --------
Training the last 3 layers.

Total parameters count: 28764674
Trainable parameters count: 3416066
-------- Trainable Layers set --------

-------- Creating Tokenizer --------
-------- Tokenizer created --------

-------- Creating Train and Eval Dataloaders --------
Train Loader: 1982 total sentences. 496 batches of size 4.
Eval Loader: 496 total sentences. 124 batches of size 4.
-------- Train and Eval Dataloaders created --------

-------- Training --------
Training with Blockchain-Based Federated Learning technology.
Training without differential privacy.
Federated averaging algorithm selected.
Client 0: Label 0: 55, Label 1: 396
Client 1: Label 0: 55, Label 1: 125
Client 2: Label 0: 451, Label 1: 0
Client 3: Label 0: 450, Label 1: 0
Client 4: Label 0: 450, Label 1: 0

Round 1 of 4
-------------------------------
Predictions - 1s: 164, 0s: 16
True Labels - 1s: 125, 0s: 55
Client 2 of 5: Local Epoch [1/3] Loss: 0.6759, Accuracy: 67.22 %
Predictions - 1s: 144, 0s: 36
True Labels - 1s: 125, 0s: 55
Client 2 of 5: Local Epoch [2/3] Loss: 0.5509, Accuracy: 70.56 %
Predictions - 1s: 1, 0s: 450
True Labels - 1s: 0, 0s: 451
Client 3 of 5: Local Epoch [1/3] Loss: 0.0071, Accuracy: 99.78 %
Predictions - 1s: 0, 0s: 450
True Labels - 1s: 0, 0s: 450
Client 4 of 5: Local Epoch [1/3] Loss: 0.0064, Accuracy: 100.00 %
Predictions - 1s: 0, 0s: 450
True Labels - 1s: 0, 0s: 450
Client 5 of 5: Local Epoch [1/3] Loss: 0.0067, Accuracy: 100.00 %
Predictions - 1s: 443, 0s: 8
True Labels - 1s: 396, 0s: 55
Client 1 of 5: Local Epoch [1/3] Loss: 0.3840, Accuracy: 86.92 %
Predictions - 1s: 135, 0s: 45
True Labels - 1s: 125, 0s: 55
Client 2 of 5: Local Epoch [3/3] Loss: 0.4030, Accuracy: 81.11 %
Predictions - 1s: 0, 0s: 451
True Labels - 1s: 0, 0s: 451
Client 3 of 5: Local Epoch [2/3] Loss: 0.0000, Accuracy: 100.00 %
Predictions - 1s: 0, 0s: 450
True Labels - 1s: 0, 0s: 450
Client 4 of 5: Local Epoch [2/3] Loss: 0.0000, Accuracy: 100.00 %
Predictions - 1s: 0, 0s: 450
True Labels - 1s: 0, 0s: 450
Client 5 of 5: Local Epoch [2/3] Loss: 0.0000, Accuracy: 100.00 %
Predictions - 1s: 431, 0s: 20
True Labels - 1s: 396, 0s: 55
Client 1 of 5: Local Epoch [2/3] Loss: 0.3240, Accuracy: 88.25 %
Predictions - 1s: 0, 0s: 451
True Labels - 1s: 0, 0s: 451
Client 3 of 5: Local Epoch [3/3] Loss: 0.0000, Accuracy: 100.00 %
Predictions - 1s: 0, 0s: 450
True Labels - 1s: 0, 0s: 450
Client 4 of 5: Local Epoch [3/3] Loss: 0.0000, Accuracy: 100.00 %
Predictions - 1s: 0, 0s: 450
True Labels - 1s: 0, 0s: 450
Client 5 of 5: Local Epoch [3/3] Loss: 0.0000, Accuracy: 100.00 %
Predictions - 1s: 415, 0s: 36
True Labels - 1s: 396, 0s: 55
Client 1 of 5: Local Epoch [3/3] Loss: 0.2035, Accuracy: 94.01 %
-------------------------------
Round [1/4] Average Local Loss: 0.1213, Average Local Accuracy: 95.02 %
-------------------------------
-------- Validation --------
Predictions - 1s: 0, 0s: 496
True Labels - 1s: 153, 0s: 343
Round [1/4] Global Model Validation Loss: 1.6228, Validation Accuracy: 69.15 %
-------- Validation finished --------
Updated best model in round 1 saved with Validation Loss: 1.6228 and Validation Accuracy: 69.15 %
-------------------------------

Round 2 of 4
-------------------------------
Predictions - 1s: 158, 0s: 22
True Labels - 1s: 125, 0s: 55
Client 2 of 5: Local Epoch [1/3] Loss: 0.7121, Accuracy: 70.56 %
Predictions - 1s: 136, 0s: 44
True Labels - 1s: 125, 0s: 55
Client 2 of 5: Local Epoch [2/3] Loss: 0.4887, Accuracy: 76.11 %
Predictions - 1s: 0, 0s: 450
True Labels - 1s: 0, 0s: 450
Client 5 of 5: Local Epoch [1/3] Loss: 0.0000, Accuracy: 100.00 %
Predictions - 1s: 0, 0s: 451
True Labels - 1s: 0, 0s: 451
Client 3 of 5: Local Epoch [1/3] Loss: 0.0000, Accuracy: 100.00 %
Predictions - 1s: 0, 0s: 450
True Labels - 1s: 0, 0s: 450
Client 4 of 5: Local Epoch [1/3] Loss: 0.0000, Accuracy: 100.00 %
Predictions - 1s: 443, 0s: 8
True Labels - 1s: 396, 0s: 55
Client 1 of 5: Local Epoch [1/3] Loss: 0.4343, Accuracy: 86.03 %
Predictions - 1s: 128, 0s: 52
True Labels - 1s: 125, 0s: 55
Client 2 of 5: Local Epoch [3/3] Loss: 0.3010, Accuracy: 87.22 %
Predictions - 1s: 0, 0s: 450
True Labels - 1s: 0, 0s: 450
Client 4 of 5: Local Epoch [2/3] Loss: 0.0000, Accuracy: 100.00 %
Predictions - 1s: 0, 0s: 451
True Labels - 1s: 0, 0s: 451
Client 3 of 5: Local Epoch [2/3] Loss: 0.0000, Accuracy: 100.00 %
Predictions - 1s: 428, 0s: 23
True Labels - 1s: 396, 0s: 55
Client 1 of 5: Local Epoch [2/3] Loss: 0.3078, Accuracy: 88.47 %
Predictions - 1s: 0, 0s: 450
True Labels - 1s: 0, 0s: 450
Client 5 of 5: Local Epoch [2/3] Loss: 0.0000, Accuracy: 100.00 %
Predictions - 1s: 0, 0s: 450
True Labels - 1s: 0, 0s: 450
Client 4 of 5: Local Epoch [3/3] Loss: 0.0000, Accuracy: 100.00 %
Predictions - 1s: 0, 0s: 451
True Labels - 1s: 0, 0s: 451
Client 3 of 5: Local Epoch [3/3] Loss: 0.0000, Accuracy: 100.00 %
Predictions - 1s: 418, 0s: 33
True Labels - 1s: 396, 0s: 55
Client 1 of 5: Local Epoch [3/3] Loss: 0.1844, Accuracy: 94.68 %
Predictions - 1s: 0, 0s: 450
True Labels - 1s: 0, 0s: 450
Client 5 of 5: Local Epoch [3/3] Loss: 0.0000, Accuracy: 100.00 %
-------------------------------
Round [2/4] Average Local Loss: 0.0971, Average Local Accuracy: 96.38 %
-------------------------------
-------- Validation --------
Predictions - 1s: 0, 0s: 496
True Labels - 1s: 153, 0s: 343
Round [2/4] Global Model Validation Loss: 2.7033, Validation Accuracy: 69.15 %
-------- Validation finished --------
Updated best model in round 2 saved with Validation Loss: 2.7033 and Validation Accuracy: 69.15 %
-------------------------------

Round 3 of 4
-------------------------------
Predictions - 1s: 148, 0s: 32
True Labels - 1s: 125, 0s: 55
Client 2 of 5: Local Epoch [1/3] Loss: 0.7846, Accuracy: 70.56 %
Predictions - 1s: 0, 0s: 450
True Labels - 1s: 0, 0s: 450
Client 5 of 5: Local Epoch [1/3] Loss: 0.0000, Accuracy: 100.00 %
Predictions - 1s: 0, 0s: 451
True Labels - 1s: 0, 0s: 451
Client 3 of 5: Local Epoch [1/3] Loss: 0.0000, Accuracy: 100.00 %
Predictions - 1s: 133, 0s: 47
True Labels - 1s: 125, 0s: 55
Client 2 of 5: Local Epoch [2/3] Loss: 0.4335, Accuracy: 80.00 %
Predictions - 1s: 0, 0s: 450
True Labels - 1s: 0, 0s: 450
Client 4 of 5: Local Epoch [1/3] Loss: 0.0000, Accuracy: 100.00 %
Predictions - 1s: 434, 0s: 17
True Labels - 1s: 396, 0s: 55
Client 1 of 5: Local Epoch [1/3] Loss: 0.5057, Accuracy: 84.92 %
Predictions - 1s: 130, 0s: 50
True Labels - 1s: 125, 0s: 55
Client 2 of 5: Local Epoch [3/3] Loss: 0.2764, Accuracy: 89.44 %
Predictions - 1s: 0, 0s: 450
True Labels - 1s: 0, 0s: 450
Client 5 of 5: Local Epoch [2/3] Loss: 0.0000, Accuracy: 100.00 %
Predictions - 1s: 0, 0s: 451
True Labels - 1s: 0, 0s: 451
Client 3 of 5: Local Epoch [2/3] Loss: 0.0000, Accuracy: 100.00 %
Predictions - 1s: 0, 0s: 450
True Labels - 1s: 0, 0s: 450
Client 4 of 5: Local Epoch [2/3] Loss: 0.0000, Accuracy: 100.00 %
Predictions - 1s: 420, 0s: 31
True Labels - 1s: 396, 0s: 55
Client 1 of 5: Local Epoch [2/3] Loss: 0.2717, Accuracy: 89.80 %
Predictions - 1s: 0, 0s: 450
True Labels - 1s: 0, 0s: 450
Client 5 of 5: Local Epoch [3/3] Loss: 0.0000, Accuracy: 100.00 %
Predictions - 1s: 0, 0s: 451
True Labels - 1s: 0, 0s: 451
Client 3 of 5: Local Epoch [3/3] Loss: 0.0000, Accuracy: 100.00 %
Predictions - 1s: 404, 0s: 47
Predictions - 1s: 0, 0s: 450
True Labels - 1s: 396, 0s: 55
True Labels - 1s: 0, 0s: 450
Client 1 of 5: Local Epoch [3/3] Loss: 0.1574, Accuracy: 95.12 %
Client 4 of 5: Local Epoch [3/3] Loss: 0.0000, Accuracy: 100.00 %
-------------------------------
Round [3/4] Average Local Loss: 0.0868, Average Local Accuracy: 96.91 %
-------------------------------
-------- Validation --------
Predictions - 1s: 0, 0s: 496
True Labels - 1s: 153, 0s: 343
Round [3/4] Global Model Validation Loss: 3.0796, Validation Accuracy: 69.15 %
-------- Validation finished --------
Updated best model in round 3 saved with Validation Loss: 3.0796 and Validation Accuracy: 69.15 %
-------------------------------

Round 4 of 4
-------------------------------
Predictions - 1s: 147, 0s: 33
True Labels - 1s: 125, 0s: 55
Client 2 of 5: Local Epoch [1/3] Loss: 0.9340, Accuracy: 67.78 %
Predictions - 1s: 124, 0s: 56
True Labels - 1s: 125, 0s: 55
Client 2 of 5: Local Epoch [2/3] Loss: 0.4400, Accuracy: 83.89 %
Predictions - 1s: 133, 0s: 47
True Labels - 1s: 125, 0s: 55
Client 2 of 5: Local Epoch [3/3] Loss: 0.2366, Accuracy: 91.11 %
Predictions - 1s: 0, 0s: 450
Predictions - 1s: 0, 0s: 450
True Labels - 1s: 0, 0s: 450
True Labels - 1s: 0, 0s: 450
Client 5 of 5: Local Epoch [1/3] Loss: 0.0000, Accuracy: 100.00 %
Client 4 of 5: Local Epoch [1/3] Loss: 0.0000, Accuracy: 100.00 %
Predictions - 1s: 0, 0s: 451
Predictions - 1s: 427, 0s: 24
True Labels - 1s: 0, 0s: 451
Client 3 of 5: Local Epoch [1/3] Loss: 0.0000, Accuracy: 100.00 %
True Labels - 1s: 396, 0s: 55
Client 1 of 5: Local Epoch [1/3] Loss: 0.4830, Accuracy: 86.47 %
Predictions - 1s: 0, 0s: 451
True Labels - 1s: 0, 0s: 451
Client 3 of 5: Local Epoch [2/3] Loss: 0.0000, Accuracy: 100.00 %
Predictions - 1s: 414, 0s: 37
True Labels - 1s: 396, 0s: 55
Client 1 of 5: Local Epoch [2/3] Loss: 0.2090, Accuracy: 92.02 %
Predictions - 1s: 0, 0s: 450
True Labels - 1s: 0, 0s: 450
Client 4 of 5: Local Epoch [2/3] Loss: 0.0000, Accuracy: 100.00 %
Predictions - 1s: 0, 0s: 450
True Labels - 1s: 0, 0s: 450
Client 5 of 5: Local Epoch [2/3] Loss: 0.0000, Accuracy: 100.00 %
Predictions - 1s: 0, 0s: 451
True Labels - 1s: 0, 0s: 451
Client 3 of 5: Local Epoch [3/3] Loss: 0.0000, Accuracy: 100.00 %
Predictions - 1s: 406, 0s: 45
True Labels - 1s: 396, 0s: 55
Client 1 of 5: Local Epoch [3/3] Loss: 0.0956, Accuracy: 96.90 %
Predictions - 1s: 0, 0s: 450
True Labels - 1s: 0, 0s: 450
Client 4 of 5: Local Epoch [3/3] Loss: 0.0000, Accuracy: 100.00 %
Predictions - 1s: 0, 0s: 450
True Labels - 1s: 0, 0s: 450
Client 5 of 5: Local Epoch [3/3] Loss: 0.0000, Accuracy: 100.00 %
-------------------------------
Round [4/4] Average Local Loss: 0.0664, Average Local Accuracy: 97.60 %
-------------------------------
-------- Validation --------
Predictions - 1s: 0, 0s: 496
True Labels - 1s: 153, 0s: 343
Round [4/4] Global Model Validation Loss: 2.7151, Validation Accuracy: 69.15 %
-------- Validation finished --------
Updated best model in round 4 saved with Validation Loss: 2.7151 and Validation Accuracy: 69.15 %
-------------------------------
Best model in round 4 saved with Validation Loss: 2.7151 and Validation Accuracy: 69.15 %

-------- Training finished in 5:40 --------

Test flag enabled. Testing the model

-------- Loading best model from model_path --------
Loaded model bert-small from date 22-04-2024 22:24. Trained with Federated Learning technology.
Round 4, lr: 0.0006, optimizer: AdamW
Average train accuracy: 97.60 %, Validation accuracy: 69.15 %
-------- Best model loaded --------

-------- Creating Test Dataloader --------
Test Loader: 618 total sentences. 78 batches of size 8.
-------- Test Dataloader created --------

-------- Testing --------
Predictions - 1s: 0, 0s: 618
True Labels - 1s: 168, 0s: 450
Nº of test samples: 618
Accuracy: 72.82%
Accuracy 2 : 72.82%
Precision: 36.41%
Recall: 50.00%
F1 Score: 42.13%
Classification report:
              precision    recall  f1-score   support

           0     0.7282    1.0000    0.8427       450
           1     0.0000    0.0000    0.0000       168

    accuracy                         0.7282       618
   macro avg     0.3641    0.5000    0.4213       618
weighted avg     0.5302    0.7282    0.6136       618

-------- Testing finished --------
