Current configuration:
{
    "concurrency_flag": true,
    "data_distribution": "iid",
    "dataset": "twitter_dep",
    "device": "cuda",
    "dp_delta": 0.003,
    "dp_epsilon": 0,
    "eval_batch_size": 4,
    "eval_flag": true,
    "eval_size": 0.2,
    "fed_alg": "fedavg",
    "layers": 3,
    "learning_rate": 0.0006,
    "max_length": 512,
    "ml_mode": "bcfl",
    "model": "bert_small",
    "model_name": "fedavg_iid_twitter_dep",
    "models_path": "/local/vpaloma/fabric-federated-learning/ablation_study/phase-4/final/data-dist/twitter_dep",
    "mu": 0.5,
    "num_clients": 5,
    "num_epochs": 3,
    "num_rounds": 4,
    "optimizer": "AdamW",
    "progress_bar_flag": false,
    "save_model": true,
    "scheduler": "linear",
    "scheduler_warmup_steps": 0,
    "seed": "random",
    "test_flag": true,
    "train_batch_size": 4,
    "train_size": 0.8
}
-------- Configuration loaded --------

-------- Setting device --------
cuda device selected and available.
-------- Device set --------

-------- Setting seed --------
seed set:  902633
-------- Seed set --------

-------- Creating Model --------
-------- Model created --------

-------- Setting Trainable Layers --------
Training the last 3 layers.

Total parameters count: 28764674
Trainable parameters count: 3416066
-------- Trainable Layers set --------

-------- Creating Tokenizer --------
-------- Tokenizer created --------

-------- Creating Train and Eval Dataloaders --------
Train Loader: 1982 total sentences. 496 batches of size 4.
Eval Loader: 496 total sentences. 124 batches of size 4.
-------- Train and Eval Dataloaders created --------

-------- Training --------
Training with Blockchain-Based Federated Learning technology.
Training without differential privacy.
Federated averaging algorithm selected.
Client 0: Label 0: 283, Label 1: 113
Client 1: Label 0: 268, Label 1: 128
Client 2: Label 0: 295, Label 1: 101
Client 3: Label 0: 297, Label 1: 99
Client 4: Label 0: 297, Label 1: 101

Round 1 of 4
-------------------------------
Predictions - 1s: 60, 0s: 336
True Labels - 1s: 113, 0s: 283
Client 1 of 5: Local Epoch [1/3] Loss: 0.6160, Accuracy: 71.46 %
Predictions - 1s: 96, 0s: 300
True Labels - 1s: 128, 0s: 268
Client 2 of 5: Local Epoch [1/3] Loss: 0.5843, Accuracy: 70.71 %
Predictions - 1s: 46, 0s: 350
True Labels - 1s: 101, 0s: 295
Client 3 of 5: Local Epoch [1/3] Loss: 0.6121, Accuracy: 72.98 %
Predictions - 1s: 43, 0s: 353
True Labels - 1s: 99, 0s: 297
Client 4 of 5: Local Epoch [1/3] Loss: 0.5471, Accuracy: 75.25 %
Predictions - 1s: 49, 0s: 349
True Labels - 1s: 101, 0s: 297
Client 5 of 5: Local Epoch [1/3] Loss: 0.5981, Accuracy: 70.35 %
Predictions - 1s: 79, 0s: 317
True Labels - 1s: 113, 0s: 283
Client 1 of 5: Local Epoch [2/3] Loss: 0.4520, Accuracy: 79.29 %
Predictions - 1s: 114, 0s: 282
True Labels - 1s: 128, 0s: 268
Client 2 of 5: Local Epoch [2/3] Loss: 0.4648, Accuracy: 78.28 %
Predictions - 1s: 105, 0s: 291
True Labels - 1s: 113, 0s: 283
Client 1 of 5: Local Epoch [3/3] Loss: 0.3083, Accuracy: 86.36 %
Predictions - 1s: 76, 0s: 320
True Labels - 1s: 101, 0s: 295
Client 3 of 5: Local Epoch [2/3] Loss: 0.4273, Accuracy: 79.55 %
Predictions - 1s: 86, 0s: 310
True Labels - 1s: 99, 0s: 297
Client 4 of 5: Local Epoch [2/3] Loss: 0.4174, Accuracy: 81.57 %
Predictions - 1s: 71, 0s: 327
True Labels - 1s: 101, 0s: 297
Client 5 of 5: Local Epoch [2/3] Loss: 0.4328, Accuracy: 82.41 %
Predictions - 1s: 124, 0s: 272
True Labels - 1s: 128, 0s: 268
Client 2 of 5: Local Epoch [3/3] Loss: 0.2005, Accuracy: 91.41 %
Predictions - 1s: 91, 0s: 305
True Labels - 1s: 101, 0s: 295
Client 3 of 5: Local Epoch [3/3] Loss: 0.2652, Accuracy: 87.88 %
Predictions - 1s: 87, 0s: 309
True Labels - 1s: 99, 0s: 297
Client 4 of 5: Local Epoch [3/3] Loss: 0.2377, Accuracy: 90.40 %
Predictions - 1s: 93, 0s: 305
True Labels - 1s: 101, 0s: 297
Client 5 of 5: Local Epoch [3/3] Loss: 0.2500, Accuracy: 90.45 %
-------------------------------
Round [1/4] Average Local Loss: 0.2524, Average Local Accuracy: 89.30 %
-------------------------------
-------- Validation --------
Predictions - 1s: 37, 0s: 459
True Labels - 1s: 132, 0s: 364
Round [1/4] Global Model Validation Loss: 0.4527, Validation Accuracy: 78.83 %
-------- Validation finished --------
Updated best model in round 1 saved with Validation Loss: 0.4527 and Validation Accuracy: 78.83 %
-------------------------------

Round 2 of 4
-------------------------------
Predictions - 1s: 78, 0s: 318
True Labels - 1s: 99, 0s: 297
Client 4 of 5: Local Epoch [1/3] Loss: 0.4765, Accuracy: 80.56 %
Predictions - 1s: 85, 0s: 311
True Labels - 1s: 113, 0s: 283
Client 1 of 5: Local Epoch [1/3] Loss: 0.5279, Accuracy: 72.22 %
Predictions - 1s: 117, 0s: 279
True Labels - 1s: 128, 0s: 268
Client 2 of 5: Local Epoch [1/3] Loss: 0.5380, Accuracy: 75.00 %
Predictions - 1s: 70, 0s: 326
True Labels - 1s: 101, 0s: 295
Client 3 of 5: Local Epoch [1/3] Loss: 0.4835, Accuracy: 79.04 %
Predictions - 1s: 74, 0s: 324
True Labels - 1s: 101, 0s: 297
Client 5 of 5: Local Epoch [1/3] Loss: 0.5414, Accuracy: 73.12 %
Predictions - 1s: 81, 0s: 315
True Labels - 1s: 99, 0s: 297
Client 4 of 5: Local Epoch [2/3] Loss: 0.3336, Accuracy: 85.86 %
Predictions - 1s: 96, 0s: 300
True Labels - 1s: 99, 0s: 297
Client 4 of 5: Local Epoch [3/3] Loss: 0.2035, Accuracy: 92.17 %
Predictions - 1s: 84, 0s: 314
True Labels - 1s: 101, 0s: 297
Client 5 of 5: Local Epoch [2/3] Loss: 0.3681, Accuracy: 83.17 %
Predictions - 1s: 128, 0s: 268
True Labels - 1s: 128, 0s: 268
Client 2 of 5: Local Epoch [2/3] Loss: 0.3061, Accuracy: 86.36 %
Predictions - 1s: 97, 0s: 299
True Labels - 1s: 101, 0s: 295
Client 3 of 5: Local Epoch [2/3] Loss: 0.3464, Accuracy: 84.34 %
Predictions - 1s: 113, 0s: 283
True Labels - 1s: 113, 0s: 283
Client 1 of 5: Local Epoch [2/3] Loss: 0.3530, Accuracy: 83.33 %
Predictions - 1s: 107, 0s: 291
True Labels - 1s: 101, 0s: 297
Client 5 of 5: Local Epoch [3/3] Loss: 0.1919, Accuracy: 92.46 %
Predictions - 1s: 108, 0s: 288
True Labels - 1s: 101, 0s: 295
Client 3 of 5: Local Epoch [3/3] Loss: 0.1526, Accuracy: 93.69 %
Predictions - 1s: 118, 0s: 278
True Labels - 1s: 113, 0s: 283
Client 1 of 5: Local Epoch [3/3] Loss: 0.1891, Accuracy: 93.18 %
Predictions - 1s: 130, 0s: 266
True Labels - 1s: 128, 0s: 268
Client 2 of 5: Local Epoch [3/3] Loss: 0.1635, Accuracy: 93.94 %
-------------------------------
Round [2/4] Average Local Loss: 0.1801, Average Local Accuracy: 93.09 %
-------------------------------
-------- Validation --------
Predictions - 1s: 122, 0s: 374
True Labels - 1s: 132, 0s: 364
Round [2/4] Global Model Validation Loss: 0.4110, Validation Accuracy: 79.84 %
-------- Validation finished --------
Updated best model in round 2 saved with Validation Loss: 0.4110 and Validation Accuracy: 79.84 %
-------------------------------

Round 3 of 4
-------------------------------
Predictions - 1s: 78, 0s: 318
Predictions - 1s: 79, 0s: 317
True Labels - 1s: 113, 0s: 283
True Labels - 1s: 99, 0s: 297
Client 1 of 5: Local Epoch [1/3] Loss: 0.4851, Accuracy: 77.02 %
Client 4 of 5: Local Epoch [1/3] Loss: 0.4412, Accuracy: 80.30 %
Predictions - 1s: 92, 0s: 304
True Labels - 1s: 101, 0s: 295
Client 3 of 5: Local Epoch [1/3] Loss: 0.4238, Accuracy: 79.55 %
Predictions - 1s: 123, 0s: 273
True Labels - 1s: 128, 0s: 268
Client 2 of 5: Local Epoch [1/3] Loss: 0.4684, Accuracy: 77.53 %
Predictions - 1s: 72, 0s: 326
True Labels - 1s: 101, 0s: 297
Client 5 of 5: Local Epoch [1/3] Loss: 0.4923, Accuracy: 78.64 %
Predictions - 1s: 90, 0s: 306
True Labels - 1s: 99, 0s: 297
Client 4 of 5: Local Epoch [2/3] Loss: 0.2652, Accuracy: 88.64 %
Predictions - 1s: 121, 0s: 275
True Labels - 1s: 113, 0s: 283
Client 1 of 5: Local Epoch [2/3] Loss: 0.2847, Accuracy: 87.37 %
Predictions - 1s: 125, 0s: 271
True Labels - 1s: 128, 0s: 268
Client 2 of 5: Local Epoch [2/3] Loss: 0.3142, Accuracy: 87.12 %
Predictions - 1s: 98, 0s: 298
True Labels - 1s: 101, 0s: 295
Client 3 of 5: Local Epoch [2/3] Loss: 0.2368, Accuracy: 89.65 %
Predictions - 1s: 93, 0s: 305
True Labels - 1s: 101, 0s: 297
Client 5 of 5: Local Epoch [2/3] Loss: 0.2965, Accuracy: 89.45 %
Predictions - 1s: 99, 0s: 299
True Labels - 1s: 101, 0s: 297
Client 5 of 5: Local Epoch [3/3] Loss: 0.1377, Accuracy: 95.48 %
Predictions - 1s: 114, 0s: 282
True Labels - 1s: 113, 0s: 283
Client 1 of 5: Local Epoch [3/3] Loss: 0.1099, Accuracy: 96.21 %
Predictions - 1s: 95, 0s: 301
True Labels - 1s: 99, 0s: 297
Client 4 of 5: Local Epoch [3/3] Loss: 0.0998, Accuracy: 95.96 %
Predictions - 1s: 120, 0s: 276
True Labels - 1s: 128, 0s: 268
Client 2 of 5: Local Epoch [3/3] Loss: 0.1463, Accuracy: 94.44 %
Predictions - 1s: 107, 0s: 289
True Labels - 1s: 101, 0s: 295
Client 3 of 5: Local Epoch [3/3] Loss: 0.0908, Accuracy: 96.97 %
-------------------------------
Round [3/4] Average Local Loss: 0.1169, Average Local Accuracy: 95.81 %
-------------------------------
-------- Validation --------
Predictions - 1s: 115, 0s: 381
True Labels - 1s: 132, 0s: 364
Round [3/4] Global Model Validation Loss: 0.4303, Validation Accuracy: 80.44 %
-------- Validation finished --------
Updated best model in round 3 saved with Validation Loss: 0.4303 and Validation Accuracy: 80.44 %
-------------------------------

Round 4 of 4
-------------------------------
Predictions - 1s: 85, 0s: 311
True Labels - 1s: 99, 0s: 297
Client 4 of 5: Local Epoch [1/3] Loss: 0.4183, Accuracy: 82.83 %
Predictions - 1s: 91, 0s: 305
True Labels - 1s: 101, 0s: 295
Client 3 of 5: Local Epoch [1/3] Loss: 0.4212, Accuracy: 82.32 %
Predictions - 1s: 115, 0s: 281
True Labels - 1s: 128, 0s: 268
Client 2 of 5: Local Epoch [1/3] Loss: 0.4311, Accuracy: 80.56 %
Predictions - 1s: 103, 0s: 293
True Labels - 1s: 113, 0s: 283
Client 1 of 5: Local Epoch [1/3] Loss: 0.4224, Accuracy: 81.31 %
Predictions - 1s: 79, 0s: 319
True Labels - 1s: 101, 0s: 297
Client 5 of 5: Local Epoch [1/3] Loss: 0.4013, Accuracy: 84.42 %
Predictions - 1s: 90, 0s: 306
True Labels - 1s: 99, 0s: 297
Client 4 of 5: Local Epoch [2/3] Loss: 0.1998, Accuracy: 92.17 %
Predictions - 1s: 122, 0s: 274
True Labels - 1s: 128, 0s: 268
Client 2 of 5: Local Epoch [2/3] Loss: 0.2031, Accuracy: 92.93 %
Predictions - 1s: 120, 0s: 276
True Labels - 1s: 113, 0s: 283
Client 1 of 5: Local Epoch [2/3] Loss: 0.2392, Accuracy: 91.16 %
Predictions - 1s: 94, 0s: 302
True Labels - 1s: 101, 0s: 295
Client 3 of 5: Local Epoch [2/3] Loss: 0.2718, Accuracy: 88.13 %
Predictions - 1s: 89, 0s: 309
True Labels - 1s: 101, 0s: 297
Client 5 of 5: Local Epoch [2/3] Loss: 0.2091, Accuracy: 91.46 %
Predictions - 1s: 97, 0s: 299
True Labels - 1s: 99, 0s: 297
Client 4 of 5: Local Epoch [3/3] Loss: 0.0959, Accuracy: 96.97 %
Predictions - 1s: 96, 0s: 302
True Labels - 1s: 101, 0s: 297
Client 5 of 5: Local Epoch [3/3] Loss: 0.1343, Accuracy: 93.72 %
Predictions - 1s: 130, 0s: 266
True Labels - 1s: 128, 0s: 268
Client 2 of 5: Local Epoch [3/3] Loss: 0.0993, Accuracy: 96.46 %
Predictions - 1s: 100, 0s: 296
True Labels - 1s: 101, 0s: 295
Client 3 of 5: Local Epoch [3/3] Loss: 0.1167, Accuracy: 96.21 %
Predictions - 1s: 116, 0s: 280
True Labels - 1s: 113, 0s: 283
Client 1 of 5: Local Epoch [3/3] Loss: 0.0904, Accuracy: 96.72 %
-------------------------------
Round [4/4] Average Local Loss: 0.1073, Average Local Accuracy: 96.02 %
-------------------------------
-------- Validation --------
Predictions - 1s: 117, 0s: 379
True Labels - 1s: 132, 0s: 364
Round [4/4] Global Model Validation Loss: 0.4567, Validation Accuracy: 79.23 %
-------- Validation finished --------
Updated best model in round 4 saved with Validation Loss: 0.4567 and Validation Accuracy: 79.23 %
-------------------------------
Best model in round 4 saved with Validation Loss: 0.4567 and Validation Accuracy: 79.23 %

-------- Training finished in 5:56 --------

Test flag enabled. Testing the model

-------- Loading best model from model_path --------
Loaded model bert-small from date 22-04-2024 22:39. Trained with Federated Learning technology.
Round 4, lr: 0.0006, optimizer: AdamW
Average train accuracy: 96.02 %, Validation accuracy: 79.23 %
-------- Best model loaded --------

-------- Creating Test Dataloader --------
Test Loader: 618 total sentences. 78 batches of size 8.
-------- Test Dataloader created --------

-------- Testing --------
Predictions - 1s: 153, 0s: 465
True Labels - 1s: 168, 0s: 450
Nº of test samples: 618
Accuracy: 82.04%
Accuracy 2 : 82.04%
Precision: 77.54%
Recall: 75.92%
F1 Score: 76.64%
Classification report:
              precision    recall  f1-score   support

           0     0.8645    0.8933    0.8787       450
           1     0.6863    0.6250    0.6542       168

    accuracy                         0.8204       618
   macro avg     0.7754    0.7592    0.7664       618
weighted avg     0.8161    0.8204    0.8177       618

-------- Testing finished --------
