Current configuration:
{
    "concurrency_flag": true,
    "data_distribution": "iid",
    "dataset": "twitter_dep",
    "device": "cuda",
    "dp_delta": 0.003,
    "dp_epsilon": 0,
    "eval_batch_size": 4,
    "eval_flag": true,
    "eval_size": 0.2,
    "fed_alg": "fedavg",
    "layers": 3,
    "learning_rate": 0.0006,
    "max_length": 512,
    "ml_mode": "bcfl",
    "model": "bert_small",
    "model_name": "fedavg_iid_seed6_twitter_dep",
    "models_path": "/local/vpaloma/fabric-federated-learning/ablation_study/phase-4/final/data-dist/twitter_dep",
    "mu": 0.5,
    "num_clients": 5,
    "num_epochs": 3,
    "num_rounds": 4,
    "optimizer": "AdamW",
    "progress_bar_flag": false,
    "save_model": true,
    "scheduler": "linear",
    "scheduler_warmup_steps": 0,
    "seed": "random",
    "test_flag": true,
    "train_batch_size": 4,
    "train_size": 0.8
}
-------- Configuration loaded --------

-------- Setting device --------
cuda device selected and available.
-------- Device set --------

-------- Setting seed --------
seed set:  16512
-------- Seed set --------

-------- Creating Model --------
-------- Model created --------

-------- Setting Trainable Layers --------
Training the last 3 layers.

Total parameters count: 28764674
Trainable parameters count: 3416066
-------- Trainable Layers set --------

-------- Creating Tokenizer --------
-------- Tokenizer created --------

-------- Creating Train and Eval Dataloaders --------
Train Loader: 1982 total sentences. 496 batches of size 4.
Eval Loader: 496 total sentences. 124 batches of size 4.
-------- Train and Eval Dataloaders created --------

-------- Training --------
Training with Blockchain-Based Federated Learning technology.
Training without differential privacy.
Federated averaging algorithm selected.
Client 0: Label 0: 281, Label 1: 115
Client 1: Label 0: 276, Label 1: 120
Client 2: Label 0: 296, Label 1: 100
Client 3: Label 0: 284, Label 1: 112
Client 4: Label 0: 289, Label 1: 109

Round 1 of 4
-------------------------------
Predictions - 1s: 15, 0s: 381
True Labels - 1s: 100, 0s: 296
Client 3 of 5: Local Epoch [1/3] Loss: 0.6322, Accuracy: 73.48 %
Predictions - 1s: 71, 0s: 325
Predictions - 1s: 69, 0s: 327
True Labels - 1s: 120, 0s: 276
True Labels - 1s: 115, 0s: 281
Client 2 of 5: Local Epoch [1/3] Loss: 0.6128, Accuracy: 67.42 %
Predictions - 1s: 83, 0s: 313
Client 1 of 5: Local Epoch [1/3] Loss: 0.5622, Accuracy: 75.25 %
True Labels - 1s: 112, 0s: 284
Client 4 of 5: Local Epoch [1/3] Loss: 0.5856, Accuracy: 71.97 %
Predictions - 1s: 42, 0s: 356
True Labels - 1s: 109, 0s: 289
Client 5 of 5: Local Epoch [1/3] Loss: 0.5773, Accuracy: 72.61 %
Predictions - 1s: 95, 0s: 301
True Labels - 1s: 120, 0s: 276
Client 2 of 5: Local Epoch [2/3] Loss: 0.4510, Accuracy: 77.02 %
Predictions - 1s: 76, 0s: 320
True Labels - 1s: 112, 0s: 284
Client 4 of 5: Local Epoch [2/3] Loss: 0.4495, Accuracy: 79.29 %
Predictions - 1s: 56, 0s: 340
True Labels - 1s: 100, 0s: 296
Client 3 of 5: Local Epoch [2/3] Loss: 0.4596, Accuracy: 76.77 %
Predictions - 1s: 100, 0s: 296
True Labels - 1s: 115, 0s: 281
Client 1 of 5: Local Epoch [2/3] Loss: 0.4151, Accuracy: 81.06 %
Predictions - 1s: 103, 0s: 295
True Labels - 1s: 109, 0s: 289
Client 5 of 5: Local Epoch [2/3] Loss: 0.4500, Accuracy: 77.39 %
Predictions - 1s: 120, 0s: 276
True Labels - 1s: 120, 0s: 276
Client 2 of 5: Local Epoch [3/3] Loss: 0.2414, Accuracy: 89.90 %
Predictions - 1s: 108, 0s: 288
True Labels - 1s: 112, 0s: 284
Client 4 of 5: Local Epoch [3/3] Loss: 0.3149, Accuracy: 87.88 %
Predictions - 1s: 88, 0s: 308
True Labels - 1s: 100, 0s: 296
Client 3 of 5: Local Epoch [3/3] Loss: 0.2411, Accuracy: 88.89 %
Predictions - 1s: 114, 0s: 282
True Labels - 1s: 115, 0s: 281
Client 1 of 5: Local Epoch [3/3] Loss: 0.2314, Accuracy: 90.15 %
Predictions - 1s: 104, 0s: 294
True Labels - 1s: 109, 0s: 289
Client 5 of 5: Local Epoch [3/3] Loss: 0.2565, Accuracy: 89.20 %
-------------------------------
Round [1/4] Average Local Loss: 0.2570, Average Local Accuracy: 89.20 %
-------------------------------
-------- Validation --------
Predictions - 1s: 98, 0s: 398
True Labels - 1s: 118, 0s: 378
Round [1/4] Global Model Validation Loss: 0.4072, Validation Accuracy: 81.85 %
-------- Validation finished --------
Updated best model in round 1 saved with Validation Loss: 0.4072 and Validation Accuracy: 81.85 %
-------------------------------

Round 2 of 4
-------------------------------
Predictions - 1s: 78, 0s: 320
True Labels - 1s: 109, 0s: 289
Client 5 of 5: Local Epoch [1/3] Loss: 0.5053, Accuracy: 75.63 %
Predictions - 1s: 92, 0s: 304
True Labels - 1s: 120, 0s: 276
Client 2 of 5: Local Epoch [1/3] Loss: 0.5957, Accuracy: 70.20 %
Predictions - 1s: 92, 0s: 304
True Labels - 1s: 115, 0s: 281
Client 1 of 5: Local Epoch [1/3] Loss: 0.5175, Accuracy: 73.99 %
Predictions - 1s: 83, 0s: 313
True Labels - 1s: 112, 0s: 284
Client 4 of 5: Local Epoch [1/3] Loss: 0.5741, Accuracy: 71.97 %
Predictions - 1s: 67, 0s: 329
True Labels - 1s: 100, 0s: 296
Client 3 of 5: Local Epoch [1/3] Loss: 0.4927, Accuracy: 78.03 %
Predictions - 1s: 93, 0s: 305
True Labels - 1s: 109, 0s: 289
Client 5 of 5: Local Epoch [2/3] Loss: 0.3203, Accuracy: 86.43 %
Predictions - 1s: 102, 0s: 294
True Labels - 1s: 120, 0s: 276
Client 2 of 5: Local Epoch [2/3] Loss: 0.4248, Accuracy: 79.80 %
Predictions - 1s: 119, 0s: 277
True Labels - 1s: 115, 0s: 281
Client 1 of 5: Local Epoch [2/3] Loss: 0.3215, Accuracy: 86.36 %
Predictions - 1s: 91, 0s: 305
True Labels - 1s: 112, 0s: 284
Client 4 of 5: Local Epoch [2/3] Loss: 0.4376, Accuracy: 82.58 %
Predictions - 1s: 97, 0s: 299
True Labels - 1s: 100, 0s: 296
Client 3 of 5: Local Epoch [2/3] Loss: 0.2909, Accuracy: 87.63 %
Predictions - 1s: 105, 0s: 293
True Labels - 1s: 109, 0s: 289
Client 5 of 5: Local Epoch [3/3] Loss: 0.1426, Accuracy: 94.47 %
Predictions - 1s: 109, 0s: 287
True Labels - 1s: 120, 0s: 276
Client 2 of 5: Local Epoch [3/3] Loss: 0.2364, Accuracy: 91.16 %
Predictions - 1s: 113, 0s: 283
True Labels - 1s: 115, 0s: 281
Client 1 of 5: Local Epoch [3/3] Loss: 0.1448, Accuracy: 93.94 %
Predictions - 1s: 106, 0s: 290
True Labels - 1s: 112, 0s: 284
Client 4 of 5: Local Epoch [3/3] Loss: 0.2844, Accuracy: 89.39 %
Predictions - 1s: 93, 0s: 303
True Labels - 1s: 100, 0s: 296
Client 3 of 5: Local Epoch [3/3] Loss: 0.1178, Accuracy: 96.21 %
-------------------------------
Round [2/4] Average Local Loss: 0.1852, Average Local Accuracy: 93.04 %
-------------------------------
-------- Validation --------
Predictions - 1s: 129, 0s: 367
True Labels - 1s: 118, 0s: 378
Round [2/4] Global Model Validation Loss: 0.4455, Validation Accuracy: 81.25 %
-------- Validation finished --------
Updated best model in round 2 saved with Validation Loss: 0.4455 and Validation Accuracy: 81.25 %
-------------------------------

Round 3 of 4
-------------------------------
Predictions - 1s: 94, 0s: 302
True Labels - 1s: 115, 0s: 281
Client 1 of 5: Local Epoch [1/3] Loss: 0.4383, Accuracy: 80.05 %
Predictions - 1s: 105, 0s: 291
True Labels - 1s: 120, 0s: 276
Client 2 of 5: Local Epoch [1/3] Loss: 0.5056, Accuracy: 80.56 %
Predictions - 1s: 94, 0s: 302
True Labels - 1s: 112, 0s: 284
Client 4 of 5: Local Epoch [1/3] Loss: 0.4916, Accuracy: 77.78 %
Predictions - 1s: 86, 0s: 310
True Labels - 1s: 100, 0s: 296
Client 3 of 5: Local Epoch [1/3] Loss: 0.4939, Accuracy: 75.76 %
Predictions - 1s: 99, 0s: 299
True Labels - 1s: 109, 0s: 289
Client 5 of 5: Local Epoch [1/3] Loss: 0.4533, Accuracy: 79.40 %
Predictions - 1s: 106, 0s: 290
True Labels - 1s: 115, 0s: 281
Client 1 of 5: Local Epoch [2/3] Loss: 0.2730, Accuracy: 89.14 %
Predictions - 1s: 105, 0s: 291
True Labels - 1s: 120, 0s: 276
Client 2 of 5: Local Epoch [2/3] Loss: 0.3614, Accuracy: 86.62 %
Predictions - 1s: 102, 0s: 294
True Labels - 1s: 112, 0s: 284
Client 4 of 5: Local Epoch [2/3] Loss: 0.3194, Accuracy: 87.88 %
Predictions - 1s: 97, 0s: 299
True Labels - 1s: 100, 0s: 296
Client 3 of 5: Local Epoch [2/3] Loss: 0.3373, Accuracy: 87.12 %
Predictions - 1s: 97, 0s: 301
True Labels - 1s: 109, 0s: 289
Client 5 of 5: Local Epoch [2/3] Loss: 0.2633, Accuracy: 88.94 %
Predictions - 1s: 113, 0s: 283
True Labels - 1s: 115, 0s: 281
Client 1 of 5: Local Epoch [3/3] Loss: 0.1112, Accuracy: 95.96 %
Predictions - 1s: 120, 0s: 276
True Labels - 1s: 120, 0s: 276
Client 2 of 5: Local Epoch [3/3] Loss: 0.1992, Accuracy: 92.42 %
Predictions - 1s: 100, 0s: 296
True Labels - 1s: 112, 0s: 284
Client 4 of 5: Local Epoch [3/3] Loss: 0.1633, Accuracy: 93.94 %
Predictions - 1s: 90, 0s: 306
True Labels - 1s: 100, 0s: 296
Client 3 of 5: Local Epoch [3/3] Loss: 0.1897, Accuracy: 94.44 %
Predictions - 1s: 108, 0s: 290
True Labels - 1s: 109, 0s: 289
Client 5 of 5: Local Epoch [3/3] Loss: 0.1189, Accuracy: 95.23 %
-------------------------------
Round [3/4] Average Local Loss: 0.1564, Average Local Accuracy: 94.40 %
-------------------------------
-------- Validation --------
Predictions - 1s: 125, 0s: 371
True Labels - 1s: 118, 0s: 378
Round [3/4] Global Model Validation Loss: 0.4728, Validation Accuracy: 81.25 %
-------- Validation finished --------
Updated best model in round 3 saved with Validation Loss: 0.4728 and Validation Accuracy: 81.25 %
-------------------------------

Round 4 of 4
-------------------------------
Predictions - 1s: 92, 0s: 304
True Labels - 1s: 100, 0s: 296
Client 3 of 5: Local Epoch [1/3] Loss: 0.3688, Accuracy: 82.83 %
Predictions - 1s: 93, 0s: 305
True Labels - 1s: 109, 0s: 289
Client 5 of 5: Local Epoch [1/3] Loss: 0.4312, Accuracy: 81.91 %
Predictions - 1s: 88, 0s: 308
True Labels - 1s: 120, 0s: 276
Client 2 of 5: Local Epoch [1/3] Loss: 0.4763, Accuracy: 81.31 %
Predictions - 1s: 92, 0s: 304
True Labels - 1s: 115, 0s: 281
Client 1 of 5: Local Epoch [1/3] Loss: 0.4248, Accuracy: 80.56 %
Predictions - 1s: 93, 0s: 303
True Labels - 1s: 112, 0s: 284
Client 4 of 5: Local Epoch [1/3] Loss: 0.4767, Accuracy: 79.04 %
Predictions - 1s: 97, 0s: 299
True Labels - 1s: 100, 0s: 296
Client 3 of 5: Local Epoch [2/3] Loss: 0.2028, Accuracy: 91.16 %
Predictions - 1s: 104, 0s: 294
True Labels - 1s: 109, 0s: 289
Client 5 of 5: Local Epoch [2/3] Loss: 0.2482, Accuracy: 91.21 %
Predictions - 1s: 117, 0s: 279
True Labels - 1s: 120, 0s: 276
Client 2 of 5: Local Epoch [2/3] Loss: 0.2652, Accuracy: 87.63 %
Predictions - 1s: 111, 0s: 285
True Labels - 1s: 115, 0s: 281
Client 1 of 5: Local Epoch [2/3] Loss: 0.2704, Accuracy: 90.40 %
Predictions - 1s: 100, 0s: 296
True Labels - 1s: 112, 0s: 284
Client 4 of 5: Local Epoch [2/3] Loss: 0.2409, Accuracy: 91.92 %
Predictions - 1s: 101, 0s: 295
True Labels - 1s: 100, 0s: 296
Client 3 of 5: Local Epoch [3/3] Loss: 0.0876, Accuracy: 97.73 %
Predictions - 1s: 102, 0s: 296
True Labels - 1s: 109, 0s: 289
Client 5 of 5: Local Epoch [3/3] Loss: 0.1411, Accuracy: 93.72 %
Predictions - 1s: 119, 0s: 277
True Labels - 1s: 120, 0s: 276
Client 2 of 5: Local Epoch [3/3] Loss: 0.1014, Accuracy: 95.71 %
Predictions - 1s: 115, 0s: 281
True Labels - 1s: 115, 0s: 281
Client 1 of 5: Local Epoch [3/3] Loss: 0.1184, Accuracy: 95.96 %
Predictions - 1s: 103, 0s: 293
True Labels - 1s: 112, 0s: 284
Client 4 of 5: Local Epoch [3/3] Loss: 0.1133, Accuracy: 96.21 %
-------------------------------
Round [4/4] Average Local Loss: 0.1123, Average Local Accuracy: 95.86 %
-------------------------------
-------- Validation --------
Predictions - 1s: 135, 0s: 361
True Labels - 1s: 118, 0s: 378
Round [4/4] Global Model Validation Loss: 0.5342, Validation Accuracy: 80.04 %
-------- Validation finished --------
Updated best model in round 4 saved with Validation Loss: 0.5342 and Validation Accuracy: 80.04 %
-------------------------------
Best model in round 4 saved with Validation Loss: 0.5342 and Validation Accuracy: 80.04 %

-------- Training finished in 5:41 --------

Test flag enabled. Testing the model

-------- Loading best model from model_path --------
Loaded model bert-small from date 22-04-2024 20:03. Trained with Federated Learning technology.
Round 4, lr: 0.0006, optimizer: AdamW
Average train accuracy: 95.86 %, Validation accuracy: 80.04 %
-------- Best model loaded --------

-------- Creating Test Dataloader --------
Test Loader: 618 total sentences. 78 batches of size 8.
-------- Test Dataloader created --------

-------- Testing --------
Predictions - 1s: 156, 0s: 462
True Labels - 1s: 168, 0s: 450
Nº of test samples: 618
Accuracy: 81.88%
Accuracy 2 : 81.88%
Precision: 77.26%
Recall: 75.99%
F1 Score: 76.58%
Classification report:
              precision    recall  f1-score   support

           0     0.8658    0.8889    0.8772       450
           1     0.6795    0.6310    0.6543       168

    accuracy                         0.8188       618
   macro avg     0.7726    0.7599    0.7658       618
weighted avg     0.8152    0.8188    0.8166       618

-------- Testing finished --------
