Current configuration:
{
    "concurrency_flag": true,
    "data_distribution": "iid",
    "dataset": "twitter_dep",
    "device": "cuda",
    "dp_delta": 0.003,
    "dp_epsilon": 0,
    "eval_batch_size": 4,
    "eval_flag": true,
    "eval_size": 0.2,
    "fed_alg": "fedprox",
    "layers": 3,
    "learning_rate": 0.0006,
    "max_length": 512,
    "ml_mode": "bcfl",
    "model": "bert_small",
    "model_name": "fedprox_iid_seed7_twitter_dep",
    "models_path": "/local/vpaloma/fabric-federated-learning/ablation_study/phase-4/final/data-dist/twitter_dep",
    "mu": 0.5,
    "num_clients": 5,
    "num_epochs": 3,
    "num_rounds": 4,
    "optimizer": "AdamW",
    "progress_bar_flag": false,
    "save_model": true,
    "scheduler": "linear",
    "scheduler_warmup_steps": 0,
    "seed": "random",
    "test_flag": true,
    "train_batch_size": 4,
    "train_size": 0.8
}
-------- Configuration loaded --------

-------- Setting device --------
cuda device selected and available.
-------- Device set --------

-------- Setting seed --------
seed set:  637057
-------- Seed set --------

-------- Creating Model --------
-------- Model created --------

-------- Setting Trainable Layers --------
Training the last 3 layers.

Total parameters count: 28764674
Trainable parameters count: 3416066
-------- Trainable Layers set --------

-------- Creating Tokenizer --------
-------- Tokenizer created --------

-------- Creating Train and Eval Dataloaders --------
Train Loader: 1982 total sentences. 496 batches of size 4.
Eval Loader: 496 total sentences. 124 batches of size 4.
-------- Train and Eval Dataloaders created --------

-------- Training --------
Training with Blockchain-Based Federated Learning technology.
Training without differential privacy.
Federated proximal algorithm selected.
Using mu value of 0.5.
Client 0: Label 0: 261, Label 1: 135
Client 1: Label 0: 304, Label 1: 92
Client 2: Label 0: 279, Label 1: 117
Client 3: Label 0: 284, Label 1: 112
Client 4: Label 0: 294, Label 1: 104

Round 1 of 4
-------------------------------
Predictions - 1s: 22, 0s: 374
True Labels - 1s: 92, 0s: 304
Client 2 of 5: Local Epoch [1/3] Loss: 0.8363, Accuracy: 74.75 %
Predictions - 1s: 75, 0s: 321
True Labels - 1s: 135, 0s: 261
Client 1 of 5: Local Epoch [1/3] Loss: 0.9276, Accuracy: 68.69 %
Predictions - 1s: 48, 0s: 348
True Labels - 1s: 112, 0s: 284
Client 4 of 5: Local Epoch [1/3] Loss: 0.9147, Accuracy: 75.76 %
Predictions - 1s: 41, 0s: 355
True Labels - 1s: 117, 0s: 279
Client 3 of 5: Local Epoch [1/3] Loss: 0.8862, Accuracy: 71.72 %
Predictions - 1s: 29, 0s: 369
True Labels - 1s: 104, 0s: 294
Client 5 of 5: Local Epoch [1/3] Loss: 0.8370, Accuracy: 71.11 %
Predictions - 1s: 66, 0s: 330
True Labels - 1s: 135, 0s: 261
Client 1 of 5: Local Epoch [2/3] Loss: 0.7854, Accuracy: 71.97 %
Predictions - 1s: 63, 0s: 333
True Labels - 1s: 117, 0s: 279
Client 3 of 5: Local Epoch [2/3] Loss: 0.7205, Accuracy: 74.24 %
Predictions - 1s: 11, 0s: 385
True Labels - 1s: 92, 0s: 304
Client 2 of 5: Local Epoch [2/3] Loss: 0.6766, Accuracy: 77.53 %
Predictions - 1s: 37, 0s: 359
True Labels - 1s: 112, 0s: 284
Client 4 of 5: Local Epoch [2/3] Loss: 0.7595, Accuracy: 73.48 %
Predictions - 1s: 42, 0s: 356
True Labels - 1s: 104, 0s: 294
Client 5 of 5: Local Epoch [2/3] Loss: 0.7348, Accuracy: 73.37 %
Predictions - 1s: 84, 0s: 312
True Labels - 1s: 135, 0s: 261
Client 1 of 5: Local Epoch [3/3] Loss: 0.6543, Accuracy: 75.51 %
Predictions - 1s: 50, 0s: 346
True Labels - 1s: 112, 0s: 284
Client 4 of 5: Local Epoch [3/3] Loss: 0.6094, Accuracy: 75.76 %
Predictions - 1s: 8, 0s: 388
True Labels - 1s: 92, 0s: 304
Client 2 of 5: Local Epoch [3/3] Loss: 0.5705, Accuracy: 76.77 %
Predictions - 1s: 63, 0s: 333
True Labels - 1s: 117, 0s: 279
Client 3 of 5: Local Epoch [3/3] Loss: 0.6035, Accuracy: 77.27 %
Predictions - 1s: 41, 0s: 357
True Labels - 1s: 104, 0s: 294
Client 5 of 5: Local Epoch [3/3] Loss: 0.6419, Accuracy: 75.13 %
-------------------------------
Round [1/4] Average Local Loss: 0.6159, Average Local Accuracy: 76.09 %
-------------------------------
-------- Validation --------
Predictions - 1s: 43, 0s: 453
True Labels - 1s: 114, 0s: 382
Round [1/4] Global Model Validation Loss: 0.4732, Validation Accuracy: 77.62 %
-------- Validation finished --------
Updated best model in round 1 saved with Validation Loss: 0.4732 and Validation Accuracy: 77.62 %
-------------------------------

Round 2 of 4
-------------------------------
Predictions - 1s: 73, 0s: 323
True Labels - 1s: 112, 0s: 284
Client 4 of 5: Local Epoch [1/3] Loss: 0.9129, Accuracy: 73.48 %
Predictions - 1s: 98, 0s: 298
True Labels - 1s: 135, 0s: 261
Client 1 of 5: Local Epoch [1/3] Loss: 0.9176, Accuracy: 71.97 %
Predictions - 1s: 79, 0s: 317
True Labels - 1s: 117, 0s: 279
Client 3 of 5: Local Epoch [1/3] Loss: 0.8619, Accuracy: 78.28 %
Predictions - 1s: 38, 0s: 358
True Labels - 1s: 92, 0s: 304
Client 2 of 5: Local Epoch [1/3] Loss: 0.8114, Accuracy: 76.77 %
Predictions - 1s: 68, 0s: 330
True Labels - 1s: 104, 0s: 294
Client 5 of 5: Local Epoch [1/3] Loss: 0.8945, Accuracy: 74.87 %
Predictions - 1s: 74, 0s: 322
True Labels - 1s: 117, 0s: 279
Client 3 of 5: Local Epoch [2/3] Loss: 0.7259, Accuracy: 75.00 %
Predictions - 1s: 33, 0s: 363
True Labels - 1s: 92, 0s: 304
Client 2 of 5: Local Epoch [2/3] Loss: 0.6663, Accuracy: 76.01 %
Predictions - 1s: 82, 0s: 314
True Labels - 1s: 135, 0s: 261
Client 1 of 5: Local Epoch [2/3] Loss: 0.7443, Accuracy: 72.98 %
Predictions - 1s: 72, 0s: 324
True Labels - 1s: 112, 0s: 284
Client 4 of 5: Local Epoch [2/3] Loss: 0.6936, Accuracy: 75.25 %
Predictions - 1s: 53, 0s: 345
True Labels - 1s: 104, 0s: 294
Client 5 of 5: Local Epoch [2/3] Loss: 0.6553, Accuracy: 76.63 %
Predictions - 1s: 81, 0s: 315
True Labels - 1s: 117, 0s: 279
Client 3 of 5: Local Epoch [3/3] Loss: 0.5428, Accuracy: 80.30 %
Predictions - 1s: 63, 0s: 333
True Labels - 1s: 112, 0s: 284
Client 4 of 5: Local Epoch [3/3] Loss: 0.5928, Accuracy: 76.52 %
Predictions - 1s: 93, 0s: 303
Predictions - 1s: 39, 0s: 357
True Labels - 1s: 135, 0s: 261
True Labels - 1s: 92, 0s: 304
Client 2 of 5: Local Epoch [3/3] Loss: 0.5174, Accuracy: 78.03 %
Client 1 of 5: Local Epoch [3/3] Loss: 0.6049, Accuracy: 78.79 %
Predictions - 1s: 72, 0s: 326
True Labels - 1s: 104, 0s: 294
Client 5 of 5: Local Epoch [3/3] Loss: 0.5351, Accuracy: 80.40 %
-------------------------------
Round [2/4] Average Local Loss: 0.5586, Average Local Accuracy: 78.81 %
-------------------------------
-------- Validation --------
Predictions - 1s: 90, 0s: 406
True Labels - 1s: 114, 0s: 382
Round [2/4] Global Model Validation Loss: 0.4432, Validation Accuracy: 79.44 %
-------- Validation finished --------
Updated best model in round 2 saved with Validation Loss: 0.4432 and Validation Accuracy: 79.44 %
-------------------------------

Round 3 of 4
-------------------------------
Predictions - 1s: 60, 0s: 338
True Labels - 1s: 104, 0s: 294
Client 5 of 5: Local Epoch [1/3] Loss: 0.8740, Accuracy: 73.87 %
Predictions - 1s: 84, 0s: 312
True Labels - 1s: 112, 0s: 284
Client 4 of 5: Local Epoch [1/3] Loss: 0.9085, Accuracy: 75.76 %
Predictions - 1s: 52, 0s: 344
True Labels - 1s: 92, 0s: 304
Client 2 of 5: Local Epoch [1/3] Loss: 0.8765, Accuracy: 76.77 %
Predictions - 1s: 77, 0s: 319
True Labels - 1s: 117, 0s: 279
Client 3 of 5: Local Epoch [1/3] Loss: 0.8853, Accuracy: 74.24 %
Predictions - 1s: 94, 0s: 302
True Labels - 1s: 135, 0s: 261
Client 1 of 5: Local Epoch [1/3] Loss: 0.9007, Accuracy: 71.46 %
Predictions - 1s: 71, 0s: 327
True Labels - 1s: 104, 0s: 294
Client 5 of 5: Local Epoch [2/3] Loss: 0.6462, Accuracy: 79.15 %
Predictions - 1s: 62, 0s: 336
True Labels - 1s: 104, 0s: 294
Client 5 of 5: Local Epoch [3/3] Loss: 0.5156, Accuracy: 79.40 %
Predictions - 1s: 50, 0s: 346
True Labels - 1s: 92, 0s: 304
Client 2 of 5: Local Epoch [2/3] Loss: 0.6272, Accuracy: 80.30 %
Predictions - 1s: 76, 0s: 320
True Labels - 1s: 112, 0s: 284
Client 4 of 5: Local Epoch [2/3] Loss: 0.6914, Accuracy: 75.76 %
Predictions - 1s: 86, 0s: 310
True Labels - 1s: 117, 0s: 279
Client 3 of 5: Local Epoch [2/3] Loss: 0.6649, Accuracy: 79.04 %
Predictions - 1s: 102, 0s: 294
True Labels - 1s: 135, 0s: 261
Client 1 of 5: Local Epoch [2/3] Loss: 0.7381, Accuracy: 77.02 %
Predictions - 1s: 77, 0s: 319
Predictions - 1s: 45, 0s: 351
Predictions - 1s: 88, 0s: 308
True Labels - 1s: 112, 0s: 284
True Labels - 1s: 92, 0s: 304
Client 4 of 5: Local Epoch [3/3] Loss: 0.5377, Accuracy: 82.07 %
True Labels - 1s: 117, 0s: 279
Client 3 of 5: Local Epoch [3/3] Loss: 0.5508, Accuracy: 79.55 %
Client 2 of 5: Local Epoch [3/3] Loss: 0.5046, Accuracy: 79.55 %
Predictions - 1s: 108, 0s: 288
True Labels - 1s: 135, 0s: 261
Client 1 of 5: Local Epoch [3/3] Loss: 0.5512, Accuracy: 80.05 %
-------------------------------
Round [3/4] Average Local Loss: 0.5320, Average Local Accuracy: 80.12 %
-------------------------------
-------- Validation --------
Predictions - 1s: 100, 0s: 396
True Labels - 1s: 114, 0s: 382
Round [3/4] Global Model Validation Loss: 0.4260, Validation Accuracy: 80.24 %
-------- Validation finished --------
Updated best model in round 3 saved with Validation Loss: 0.4260 and Validation Accuracy: 80.24 %
-------------------------------

Round 4 of 4
-------------------------------
Predictions - 1s: 76, 0s: 322
True Labels - 1s: 104, 0s: 294
Client 5 of 5: Local Epoch [1/3] Loss: 0.8250, Accuracy: 78.89 %
Predictions - 1s: 106, 0s: 290
True Labels - 1s: 135, 0s: 261
Client 1 of 5: Local Epoch [1/3] Loss: 0.9206, Accuracy: 73.48 %
Predictions - 1s: 96, 0s: 300
True Labels - 1s: 117, 0s: 279
Client 3 of 5: Local Epoch [1/3] Loss: 0.8287, Accuracy: 77.02 %
Predictions - 1s: 48, 0s: 348
True Labels - 1s: 92, 0s: 304
Client 2 of 5: Local Epoch [1/3] Loss: 0.8288, Accuracy: 75.76 %
Predictions - 1s: 84, 0s: 312
True Labels - 1s: 112, 0s: 284
Client 4 of 5: Local Epoch [1/3] Loss: 0.8952, Accuracy: 74.75 %
Predictions - 1s: 65, 0s: 333
True Labels - 1s: 104, 0s: 294
Client 5 of 5: Local Epoch [2/3] Loss: 0.6583, Accuracy: 79.65 %
Predictions - 1s: 74, 0s: 324
True Labels - 1s: 104, 0s: 294
Client 5 of 5: Local Epoch [3/3] Loss: 0.5341, Accuracy: 78.89 %
Predictions - 1s: 62, 0s: 334
True Labels - 1s: 92, 0s: 304
Client 2 of 5: Local Epoch [2/3] Loss: 0.6657, Accuracy: 76.26 %
Predictions - 1s: 81, 0s: 315
True Labels - 1s: 112, 0s: 284
Client 4 of 5: Local Epoch [2/3] Loss: 0.6704, Accuracy: 79.04 %
Predictions - 1s: 90, 0s: 306
True Labels - 1s: 117, 0s: 279
Client 3 of 5: Local Epoch [2/3] Loss: 0.7020, Accuracy: 77.53 %
Predictions - 1s: 103, 0s: 293
True Labels - 1s: 135, 0s: 261
Client 1 of 5: Local Epoch [2/3] Loss: 0.7360, Accuracy: 75.25 %
Predictions - 1s: 108, 0s: 288
True Labels - 1s: 135, 0s: 261
Client 1 of 5: Local Epoch [3/3] Loss: 0.5722, Accuracy: 79.55 %
Predictions - 1s: 80, 0s: 316
True Labels - 1s: 112, 0s: 284
Client 4 of 5: Local Epoch [3/3] Loss: 0.5154, Accuracy: 82.32 %
Predictions - 1s: 50, 0s: 346
True Labels - 1s: 92, 0s: 304
Client 2 of 5: Local Epoch [3/3] Loss: 0.4964, Accuracy: 80.81 %
Predictions - 1s: 82, 0s: 314
True Labels - 1s: 117, 0s: 279
Client 3 of 5: Local Epoch [3/3] Loss: 0.4887, Accuracy: 83.59 %
-------------------------------
Round [4/4] Average Local Loss: 0.5214, Average Local Accuracy: 81.03 %
-------------------------------
-------- Validation --------
Predictions - 1s: 113, 0s: 383
True Labels - 1s: 114, 0s: 382
Round [4/4] Global Model Validation Loss: 0.4222, Validation Accuracy: 80.44 %
-------- Validation finished --------
Updated best model in round 4 saved with Validation Loss: 0.4222 and Validation Accuracy: 80.44 %
-------------------------------
Best model in round 4 saved with Validation Loss: 0.4222 and Validation Accuracy: 80.44 %

-------- Training finished in 7:35 --------

Test flag enabled. Testing the model

-------- Loading best model from model_path --------
Loaded model bert-small from date 22-04-2024 19:01. Trained with Federated Learning technology.
Round 4, lr: 0.0006, optimizer: AdamW
Average train accuracy: 81.03 %, Validation accuracy: 80.44 %
-------- Best model loaded --------

-------- Creating Test Dataloader --------
Test Loader: 618 total sentences. 78 batches of size 8.
-------- Test Dataloader created --------

-------- Testing --------
Predictions - 1s: 149, 0s: 469
True Labels - 1s: 168, 0s: 450
Nº of test samples: 618
Accuracy: 82.69%
Accuracy 2 : 82.69%
Precision: 78.52%
Recall: 76.36%
F1 Score: 77.30%
Classification report:
              precision    recall  f1-score   support

           0     0.8657    0.9022    0.8836       450
           1     0.7047    0.6250    0.6625       168

    accuracy                         0.8269       618
   macro avg     0.7852    0.7636    0.7730       618
weighted avg     0.8219    0.8269    0.8235       618

-------- Testing finished --------
