Current configuration:
{
    "concurrency_flag": true,
    "data_distribution": "non_iid",
    "dataset": "twitter_dep",
    "device": "cuda",
    "dp_delta": 0.003,
    "dp_epsilon": 0,
    "eval_batch_size": 4,
    "eval_flag": true,
    "eval_size": 0.2,
    "fed_alg": "fedprox",
    "layers": 3,
    "learning_rate": 0.0006,
    "max_length": 512,
    "ml_mode": "bcfl",
    "model": "bert_small",
    "model_name": "fedprox_non_iid_seed7_twitter_dep",
    "models_path": "/local/vpaloma/fabric-federated-learning/ablation_study/phase-4/final/data-dist/twitter_dep",
    "mu": 0.5,
    "num_clients": 5,
    "num_epochs": 3,
    "num_rounds": 4,
    "optimizer": "AdamW",
    "progress_bar_flag": false,
    "save_model": true,
    "scheduler": "linear",
    "scheduler_warmup_steps": 0,
    "seed": "random",
    "test_flag": true,
    "train_batch_size": 4,
    "train_size": 0.8
}
-------- Configuration loaded --------

-------- Setting device --------
cuda device selected and available.
-------- Device set --------

-------- Setting seed --------
seed set:  492766
-------- Seed set --------

-------- Creating Model --------
-------- Model created --------

-------- Setting Trainable Layers --------
Training the last 3 layers.

Total parameters count: 28764674
Trainable parameters count: 3416066
-------- Trainable Layers set --------

-------- Creating Tokenizer --------
-------- Tokenizer created --------

-------- Creating Train and Eval Dataloaders --------
Train Loader: 1982 total sentences. 496 batches of size 4.
Eval Loader: 496 total sentences. 124 batches of size 4.
-------- Train and Eval Dataloaders created --------

-------- Training --------
Training with Blockchain-Based Federated Learning technology.
Training without differential privacy.
Federated proximal algorithm selected.
Using mu value of 0.5.
Client 0: Label 0: 53, Label 1: 396
Client 1: Label 0: 53, Label 1: 136
Client 2: Label 0: 448, Label 1: 0
Client 3: Label 0: 448, Label 1: 0
Client 4: Label 0: 448, Label 1: 0

Round 1 of 4
-------------------------------
Predictions - 1s: 165, 0s: 24
True Labels - 1s: 136, 0s: 53
Client 2 of 5: Local Epoch [1/3] Loss: 0.9756, Accuracy: 70.90 %
Predictions - 1s: 172, 0s: 17
True Labels - 1s: 136, 0s: 53
Client 2 of 5: Local Epoch [2/3] Loss: 0.7148, Accuracy: 73.54 %
Predictions - 1s: 0, 0s: 448
True Labels - 1s: 0, 0s: 448
Client 3 of 5: Local Epoch [1/3] Loss: 0.0604, Accuracy: 100.00 %
Predictions - 1s: 0, 0s: 448
True Labels - 1s: 0, 0s: 448
Client 4 of 5: Local Epoch [1/3] Loss: 0.0577, Accuracy: 100.00 %
Predictions - 1s: 0, 0s: 448
True Labels - 1s: 0, 0s: 448
Client 5 of 5: Local Epoch [1/3] Loss: 0.0587, Accuracy: 100.00 %
Predictions - 1s: 444, 0s: 5
True Labels - 1s: 396, 0s: 53
Client 1 of 5: Local Epoch [1/3] Loss: 0.6379, Accuracy: 87.08 %
Predictions - 1s: 166, 0s: 23
True Labels - 1s: 136, 0s: 53
Client 2 of 5: Local Epoch [3/3] Loss: 0.6045, Accuracy: 77.78 %
Predictions - 1s: 0, 0s: 448
True Labels - 1s: 0, 0s: 448
Client 5 of 5: Local Epoch [2/3] Loss: 0.0225, Accuracy: 100.00 %
Predictions - 1s: 0, 0s: 448
True Labels - 1s: 0, 0s: 448
Client 3 of 5: Local Epoch [2/3] Loss: 0.0221, Accuracy: 100.00 %
Predictions - 1s: 0, 0s: 448
True Labels - 1s: 0, 0s: 448
Client 4 of 5: Local Epoch [2/3] Loss: 0.0215, Accuracy: 100.00 %
Predictions - 1s: 447, 0s: 2
True Labels - 1s: 396, 0s: 53
Client 1 of 5: Local Epoch [2/3] Loss: 0.4964, Accuracy: 87.75 %
Predictions - 1s: 0, 0s: 448
True Labels - 1s: 0, 0s: 448
Client 3 of 5: Local Epoch [3/3] Loss: 0.0211, Accuracy: 100.00 %
Predictions - 1s: 0, 0s: 448
True Labels - 1s: 0, 0s: 448
Client 5 of 5: Local Epoch [3/3] Loss: 0.0210, Accuracy: 100.00 %
Predictions - 1s: 0, 0s: 448
True Labels - 1s: 0, 0s: 448
Client 4 of 5: Local Epoch [3/3] Loss: 0.0206, Accuracy: 100.00 %
Predictions - 1s: 449, 0s: 0
True Labels - 1s: 396, 0s: 53
Client 1 of 5: Local Epoch [3/3] Loss: 0.4060, Accuracy: 88.20 %
-------------------------------
Round [1/4] Average Local Loss: 0.2146, Average Local Accuracy: 93.19 %
-------------------------------
-------- Validation --------
Predictions - 1s: 0, 0s: 496
True Labels - 1s: 142, 0s: 354
Round [1/4] Global Model Validation Loss: 0.7316, Validation Accuracy: 71.37 %
-------- Validation finished --------
Updated best model in round 1 saved with Validation Loss: 0.7316 and Validation Accuracy: 71.37 %
-------------------------------

Round 2 of 4
-------------------------------
Predictions - 1s: 156, 0s: 33
True Labels - 1s: 136, 0s: 53
Client 2 of 5: Local Epoch [1/3] Loss: 1.1206, Accuracy: 67.20 %
Predictions - 1s: 159, 0s: 30
True Labels - 1s: 136, 0s: 53
Client 2 of 5: Local Epoch [2/3] Loss: 0.7545, Accuracy: 73.02 %
Predictions - 1s: 0, 0s: 448
Predictions - 1s: 0, 0s: 448
True Labels - 1s: 0, 0s: 448
True Labels - 1s: 0, 0s: 448
Client 5 of 5: Local Epoch [1/3] Loss: 0.0288, Accuracy: 100.00 %
Client 4 of 5: Local Epoch [1/3] Loss: 0.0268, Accuracy: 100.00 %
Predictions - 1s: 0, 0s: 448
True Labels - 1s: 0, 0s: 448
Client 3 of 5: Local Epoch [1/3] Loss: 0.0259, Accuracy: 100.00 %
Predictions - 1s: 435, 0s: 14
True Labels - 1s: 396, 0s: 53
Client 1 of 5: Local Epoch [1/3] Loss: 0.7087, Accuracy: 87.31 %
Predictions - 1s: 158, 0s: 31
True Labels - 1s: 136, 0s: 53
Client 2 of 5: Local Epoch [3/3] Loss: 0.5941, Accuracy: 78.84 %
Predictions - 1s: 0, 0s: 448
True Labels - 1s: 0, 0s: 448
Client 5 of 5: Local Epoch [2/3] Loss: 0.0118, Accuracy: 100.00 %
Predictions - 1s: 0, 0s: 448
True Labels - 1s: 0, 0s: 448
Client 4 of 5: Local Epoch [2/3] Loss: 0.0122, Accuracy: 100.00 %
Predictions - 1s: 0, 0s: 448
True Labels - 1s: 0, 0s: 448
Client 3 of 5: Local Epoch [2/3] Loss: 0.0120, Accuracy: 100.00 %
Predictions - 1s: 448, 0s: 1
True Labels - 1s: 396, 0s: 53
Client 1 of 5: Local Epoch [2/3] Loss: 0.4839, Accuracy: 88.42 %
Predictions - 1s: 0, 0s: 448
True Labels - 1s: 0, 0s: 448
Client 5 of 5: Local Epoch [3/3] Loss: 0.0110, Accuracy: 100.00 %
Predictions - 1s: 0, 0s: 448
Predictions - 1s: 0, 0s: 448
True Labels - 1s: 0, 0s: 448
True Labels - 1s: 0, 0s: 448
Client 3 of 5: Local Epoch [3/3] Loss: 0.0112, Accuracy: 100.00 %
Client 4 of 5: Local Epoch [3/3] Loss: 0.0108, Accuracy: 100.00 %
Predictions - 1s: 448, 0s: 1
True Labels - 1s: 396, 0s: 53
Client 1 of 5: Local Epoch [3/3] Loss: 0.3879, Accuracy: 88.42 %
-------------------------------
Round [2/4] Average Local Loss: 0.2030, Average Local Accuracy: 93.45 %
-------------------------------
-------- Validation --------
Predictions - 1s: 0, 0s: 496
True Labels - 1s: 142, 0s: 354
Round [2/4] Global Model Validation Loss: 0.7569, Validation Accuracy: 71.37 %
-------- Validation finished --------
Updated best model in round 2 saved with Validation Loss: 0.7569 and Validation Accuracy: 71.37 %
-------------------------------

Round 3 of 4
-------------------------------
Predictions - 1s: 153, 0s: 36
True Labels - 1s: 136, 0s: 53
Client 2 of 5: Local Epoch [1/3] Loss: 1.0072, Accuracy: 74.07 %
Predictions - 1s: 149, 0s: 40
True Labels - 1s: 136, 0s: 53
Client 2 of 5: Local Epoch [2/3] Loss: 0.7490, Accuracy: 79.37 %
Predictions - 1s: 0, 0s: 448
True Labels - 1s: 0, 0s: 448
Client 5 of 5: Local Epoch [1/3] Loss: 0.0230, Accuracy: 100.00 %
Predictions - 1s: 0, 0s: 448
Predictions - 1s: 0, 0s: 448
True Labels - 1s: 0, 0s: 448
True Labels - 1s: 0, 0s: 448
Client 4 of 5: Local Epoch [1/3] Loss: 0.0217, Accuracy: 100.00 %
Client 3 of 5: Local Epoch [1/3] Loss: 0.0234, Accuracy: 100.00 %
Predictions - 1s: 434, 0s: 15
True Labels - 1s: 396, 0s: 53
Client 1 of 5: Local Epoch [1/3] Loss: 0.7103, Accuracy: 87.08 %
Predictions - 1s: 158, 0s: 31
True Labels - 1s: 136, 0s: 53
Client 2 of 5: Local Epoch [3/3] Loss: 0.5748, Accuracy: 80.95 %
Predictions - 1s: 0, 0s: 448
True Labels - 1s: 0, 0s: 448
Client 4 of 5: Local Epoch [2/3] Loss: 0.0097, Accuracy: 100.00 %
Predictions - 1s: 0, 0s: 448
True Labels - 1s: 0, 0s: 448
Client 3 of 5: Local Epoch [2/3] Loss: 0.0100, Accuracy: 100.00 %
Predictions - 1s: 0, 0s: 448
True Labels - 1s: 0, 0s: 448
Client 5 of 5: Local Epoch [2/3] Loss: 0.0098, Accuracy: 100.00 %
Predictions - 1s: 440, 0s: 9
True Labels - 1s: 396, 0s: 53
Client 1 of 5: Local Epoch [2/3] Loss: 0.5115, Accuracy: 88.42 %
Predictions - 1s: 0, 0s: 448
True Labels - 1s: 0, 0s: 448
Client 4 of 5: Local Epoch [3/3] Loss: 0.0088, Accuracy: 100.00 %
Predictions - 1s: 0, 0s: 448
True Labels - 1s: 0, 0s: 448
Client 3 of 5: Local Epoch [3/3] Loss: 0.0090, Accuracy: 100.00 %
Predictions - 1s: 0, 0s: 448
True Labels - 1s: 0, 0s: 448
Client 5 of 5: Local Epoch [3/3] Loss: 0.0090, Accuracy: 100.00 %
Predictions - 1s: 443, 0s: 6
True Labels - 1s: 396, 0s: 53
Client 1 of 5: Local Epoch [3/3] Loss: 0.4024, Accuracy: 88.20 %
-------------------------------
Round [3/4] Average Local Loss: 0.2008, Average Local Accuracy: 93.83 %
-------------------------------
-------- Validation --------
Predictions - 1s: 0, 0s: 496
True Labels - 1s: 142, 0s: 354
Round [3/4] Global Model Validation Loss: 0.7233, Validation Accuracy: 71.37 %
-------- Validation finished --------
Updated best model in round 3 saved with Validation Loss: 0.7233 and Validation Accuracy: 71.37 %
-------------------------------

Round 4 of 4
-------------------------------
Predictions - 1s: 147, 0s: 42
True Labels - 1s: 136, 0s: 53
Client 2 of 5: Local Epoch [1/3] Loss: 1.1210, Accuracy: 74.07 %
Predictions - 1s: 155, 0s: 34
True Labels - 1s: 136, 0s: 53
Client 2 of 5: Local Epoch [2/3] Loss: 0.7255, Accuracy: 80.42 %
Predictions - 1s: 0, 0s: 448
True Labels - 1s: 0, 0s: 448
Client 3 of 5: Local Epoch [1/3] Loss: 0.0239, Accuracy: 100.00 %
Predictions - 1s: 0, 0s: 448
True Labels - 1s: 0, 0s: 448
Client 5 of 5: Local Epoch [1/3] Loss: 0.0222, Accuracy: 100.00 %
Predictions - 1s: 0, 0s: 448
True Labels - 1s: 0, 0s: 448
Client 4 of 5: Local Epoch [1/3] Loss: 0.0249, Accuracy: 100.00 %
Predictions - 1s: 426, 0s: 23
True Labels - 1s: 396, 0s: 53
Client 1 of 5: Local Epoch [1/3] Loss: 0.7783, Accuracy: 84.86 %
Predictions - 1s: 154, 0s: 35
True Labels - 1s: 136, 0s: 53
Client 2 of 5: Local Epoch [3/3] Loss: 0.5492, Accuracy: 83.07 %
Predictions - 1s: 0, 0s: 448
True Labels - 1s: 0, 0s: 448
Client 5 of 5: Local Epoch [2/3] Loss: 0.0091, Accuracy: 100.00 %
Predictions - 1s: 0, 0s: 448
True Labels - 1s: 0, 0s: 448
Client 4 of 5: Local Epoch [2/3] Loss: 0.0086, Accuracy: 100.00 %
Predictions - 1s: 0, 0s: 448
True Labels - 1s: 0, 0s: 448
Client 3 of 5: Local Epoch [2/3] Loss: 0.0091, Accuracy: 100.00 %
Predictions - 1s: 441, 0s: 8
True Labels - 1s: 396, 0s: 53
Client 1 of 5: Local Epoch [2/3] Loss: 0.5006, Accuracy: 89.09 %
Predictions - 1s: 0, 0s: 448
True Labels - 1s: 0, 0s: 448
Client 4 of 5: Local Epoch [3/3] Loss: 0.0081, Accuracy: 100.00 %
Predictions - 1s: 0, 0s: 448
True Labels - 1s: 0, 0s: 448
Client 3 of 5: Local Epoch [3/3] Loss: 0.0083, Accuracy: 100.00 %
Predictions - 1s: 0, 0s: 448
True Labels - 1s: 0, 0s: 448
Client 5 of 5: Local Epoch [3/3] Loss: 0.0083, Accuracy: 100.00 %
Predictions - 1s: 444, 0s: 5
True Labels - 1s: 396, 0s: 53
Client 1 of 5: Local Epoch [3/3] Loss: 0.3853, Accuracy: 89.31 %
-------------------------------
Round [4/4] Average Local Loss: 0.1919, Average Local Accuracy: 94.48 %
-------------------------------
-------- Validation --------
Predictions - 1s: 0, 0s: 496
True Labels - 1s: 142, 0s: 354
Round [4/4] Global Model Validation Loss: 0.6714, Validation Accuracy: 71.37 %
-------- Validation finished --------
Updated best model in round 4 saved with Validation Loss: 0.6714 and Validation Accuracy: 71.37 %
-------------------------------
Best model in round 4 saved with Validation Loss: 0.6714 and Validation Accuracy: 71.37 %

-------- Training finished in 7:42 --------

Test flag enabled. Testing the model

-------- Loading best model from model_path --------
Loaded model bert-small from date 22-04-2024 18:19. Trained with Federated Learning technology.
Round 4, lr: 0.0006, optimizer: AdamW
Average train accuracy: 94.48 %, Validation accuracy: 71.37 %
-------- Best model loaded --------

-------- Creating Test Dataloader --------
Test Loader: 618 total sentences. 78 batches of size 8.
-------- Test Dataloader created --------

-------- Testing --------
Predictions - 1s: 0, 0s: 618
True Labels - 1s: 168, 0s: 450
Nº of test samples: 618
Accuracy: 72.82%
Accuracy 2 : 72.82%
Precision: 36.41%
Recall: 50.00%
F1 Score: 42.13%
Classification report:
              precision    recall  f1-score   support

           0     0.7282    1.0000    0.8427       450
           1     0.0000    0.0000    0.0000       168

    accuracy                         0.7282       618
   macro avg     0.3641    0.5000    0.4213       618
weighted avg     0.5302    0.7282    0.6136       618

-------- Testing finished --------
