Current configuration:
{
    "concurrency_flag": true,
    "data_distribution": "iid",
    "dataset": "dreaddit",
    "device": "cuda",
    "dp_delta": 0.003,
    "dp_epsilon": 0.0,
    "eval_batch_size": 4,
    "eval_flag": true,
    "eval_size": 0.2,
    "fed_alg": "fedavg",
    "layers": 3,
    "learning_rate": 6e-05,
    "max_length": 512,
    "ml_mode": "bcfl",
    "model": "bert_small",
    "model_name": "bcfl_small_c20_seed6_dreaddit",
    "models_path": "/local/vpaloma/fabric-federated-learning/ablation_study/phase-4/final/clients/dreaddit/",
    "mu": 0.5,
    "num_clients": 15,
    "num_epochs": 3,
    "num_rounds": 4,
    "optimizer": "AdamW",
    "progress_bar_flag": false,
    "save_model": true,
    "scheduler": "linear",
    "scheduler_warmup_steps": 0,
    "seed": "random",
    "test_flag": true,
    "train_batch_size": 4,
    "train_size": 0.8
}
-------- Configuration loaded --------

-------- Setting device --------
cuda device selected and available.
-------- Device set --------

-------- Setting seed --------
seed set:  224068
-------- Seed set --------

-------- Creating Model --------
-------- Model created --------

-------- Setting Trainable Layers --------
Training the last 3 layers.

Total parameters count: 28764674
Trainable parameters count: 3416066
-------- Trainable Layers set --------

-------- Creating Tokenizer --------
-------- Tokenizer created --------

-------- Creating Train and Eval Dataloaders --------
Train Loader: 2270 total sentences. 568 batches of size 4.
Eval Loader: 568 total sentences. 142 batches of size 4.
-------- Train and Eval Dataloaders created --------

-------- Training --------
Training with Blockchain-Based Federated Learning technology.
Training without differential privacy.
Federated averaging algorithm selected.
Client 0: Label 0: 77, Label 1: 74
Client 1: Label 0: 75, Label 1: 76
Client 2: Label 0: 61, Label 1: 90
Client 3: Label 0: 69, Label 1: 82
Client 4: Label 0: 77, Label 1: 74
Client 5: Label 0: 78, Label 1: 73
Client 6: Label 0: 77, Label 1: 74
Client 7: Label 0: 76, Label 1: 75
Client 8: Label 0: 75, Label 1: 76
Client 9: Label 0: 76, Label 1: 75
Client 10: Label 0: 75, Label 1: 76
Client 11: Label 0: 60, Label 1: 91
Client 12: Label 0: 65, Label 1: 86
Client 13: Label 0: 73, Label 1: 78
Client 14: Label 0: 70, Label 1: 86

Round 1 of 4
-------------------------------
Predictions - 1s: 90, 0s: 61
True Labels - 1s: 76, 0s: 75
Client 9 of 15: Local Epoch [1/3] Loss: 0.6462, Accuracy: 65.56 %
Predictions - 1s: 104, 0s: 47
True Labels - 1s: 74, 0s: 77
Client 1 of 15: Local Epoch [1/3] Loss: 0.6738, Accuracy: 57.62 %
Predictions - 1s: 115, 0s: 36
True Labels - 1s: 82, 0s: 69
Client 4 of 15: Local Epoch [1/3] Loss: 0.6694, Accuracy: 56.95 %
Predictions - 1s: 67, 0s: 84
True Labels - 1s: 73, 0s: 78
Client 6 of 15: Local Epoch [1/3] Loss: 0.6751, Accuracy: 57.62 %
Predictions - 1s: 69, 0s: 82
True Labels - 1s: 76, 0s: 75
Client 9 of 15: Local Epoch [2/3] Loss: 0.5505, Accuracy: 78.15 %
Predictions - 1s: 101, 0s: 50
True Labels - 1s: 76, 0s: 75
Client 11 of 15: Local Epoch [1/3] Loss: 0.6764, Accuracy: 56.95 %
Predictions - 1s: 69, 0s: 82
True Labels - 1s: 74, 0s: 77
Client 1 of 15: Local Epoch [2/3] Loss: 0.5875, Accuracy: 71.52 %
Predictions - 1s: 109, 0s: 42
True Labels - 1s: 82, 0s: 69
Client 4 of 15: Local Epoch [2/3] Loss: 0.5876, Accuracy: 72.85 %
Predictions - 1s: 73, 0s: 78
True Labels - 1s: 75, 0s: 76
Client 10 of 15: Local Epoch [1/3] Loss: 0.6755, Accuracy: 53.64 %
Predictions - 1s: 86, 0s: 65
True Labels - 1s: 73, 0s: 78
Client 6 of 15: Local Epoch [2/3] Loss: 0.6043, Accuracy: 71.52 %
Predictions - 1s: 77, 0s: 74
True Labels - 1s: 74, 0s: 77
Client 7 of 15: Local Epoch [1/3] Loss: 0.6391, Accuracy: 60.93 %
Predictions - 1s: 132, 0s: 19
True Labels - 1s: 91, 0s: 60
Client 12 of 15: Local Epoch [1/3] Loss: 0.6712, Accuracy: 62.25 %
Predictions - 1s: 93, 0s: 58
True Labels - 1s: 78, 0s: 73
Client 14 of 15: Local Epoch [1/3] Loss: 0.6466, Accuracy: 64.90 %
Predictions - 1s: 95, 0s: 56
True Labels - 1s: 75, 0s: 76
Client 8 of 15: Local Epoch [1/3] Loss: 0.6767, Accuracy: 56.29 %
Predictions - 1s: 84, 0s: 67
True Labels - 1s: 74, 0s: 77
Client 5 of 15: Local Epoch [1/3] Loss: 0.6514, Accuracy: 60.26 %
Predictions - 1s: 133, 0s: 18
True Labels - 1s: 90, 0s: 61
Client 3 of 15: Local Epoch [1/3] Loss: 0.6519, Accuracy: 59.60 %
Predictions - 1s: 105, 0s: 46
True Labels - 1s: 86, 0s: 65
Client 13 of 15: Local Epoch [1/3] Loss: 0.6431, Accuracy: 63.58 %
Predictions - 1s: 100, 0s: 51
True Labels - 1s: 76, 0s: 75
Client 2 of 15: Local Epoch [1/3] Loss: 0.6766, Accuracy: 58.94 %
Predictions - 1s: 103, 0s: 53
True Labels - 1s: 86, 0s: 70
Client 15 of 15: Local Epoch [1/3] Loss: 0.6352, Accuracy: 64.74 %
Predictions - 1s: 84, 0s: 67
True Labels - 1s: 76, 0s: 75
Client 9 of 15: Local Epoch [3/3] Loss: 0.5070, Accuracy: 76.16 %
Predictions - 1s: 77, 0s: 74
True Labels - 1s: 76, 0s: 75
Client 11 of 15: Local Epoch [2/3] Loss: 0.5717, Accuracy: 75.50 %
Predictions - 1s: 74, 0s: 77
True Labels - 1s: 74, 0s: 77
Client 1 of 15: Local Epoch [3/3] Loss: 0.5172, Accuracy: 80.13 %
Predictions - 1s: 90, 0s: 61
True Labels - 1s: 82, 0s: 69
Client 4 of 15: Local Epoch [3/3] Loss: 0.5400, Accuracy: 78.81 %
Predictions - 1s: 95, 0s: 56
True Labels - 1s: 75, 0s: 76
Client 10 of 15: Local Epoch [2/3] Loss: 0.5805, Accuracy: 74.83 %
Predictions - 1s: 75, 0s: 76
True Labels - 1s: 73, 0s: 78
Client 6 of 15: Local Epoch [3/3] Loss: 0.5347, Accuracy: 77.48 %
Predictions - 1s: 78, 0s: 73
True Labels - 1s: 74, 0s: 77
Client 7 of 15: Local Epoch [2/3] Loss: 0.5289, Accuracy: 76.16 %
Predictions - 1s: 96, 0s: 60
True Labels - 1s: 86, 0s: 70
Client 15 of 15: Local Epoch [2/3] Loss: 0.5343, Accuracy: 71.79 %
Predictions - 1s: 91, 0s: 60
True Labels - 1s: 76, 0s: 75
Client 2 of 15: Local Epoch [2/3] Loss: 0.5605, Accuracy: 75.50 %
Predictions - 1s: 87, 0s: 64
True Labels - 1s: 78, 0s: 73
Client 14 of 15: Local Epoch [2/3] Loss: 0.5300, Accuracy: 79.47 %
Predictions - 1s: 80, 0s: 71
True Labels - 1s: 76, 0s: 75
Client 11 of 15: Local Epoch [3/3] Loss: 0.5224, Accuracy: 77.48 %
Predictions - 1s: 127, 0s: 24
True Labels - 1s: 91, 0s: 60
Client 12 of 15: Local Epoch [2/3] Loss: 0.5938, Accuracy: 70.86 %
Predictions - 1s: 85, 0s: 66
True Labels - 1s: 74, 0s: 77
Client 5 of 15: Local Epoch [2/3] Loss: 0.5585, Accuracy: 75.50 %
Predictions - 1s: 124, 0s: 27
True Labels - 1s: 86, 0s: 65
Client 13 of 15: Local Epoch [2/3] Loss: 0.5498, Accuracy: 72.19 %
Predictions - 1s: 113, 0s: 38
True Labels - 1s: 90, 0s: 61
Client 3 of 15: Local Epoch [2/3] Loss: 0.5548, Accuracy: 75.50 %
Predictions - 1s: 80, 0s: 71
True Labels - 1s: 75, 0s: 76
Client 8 of 15: Local Epoch [2/3] Loss: 0.5954, Accuracy: 72.85 %
Predictions - 1s: 69, 0s: 82
True Labels - 1s: 75, 0s: 76
Client 10 of 15: Local Epoch [3/3] Loss: 0.5201, Accuracy: 78.81 %
Predictions - 1s: 70, 0s: 81
True Labels - 1s: 74, 0s: 77
Client 7 of 15: Local Epoch [3/3] Loss: 0.4541, Accuracy: 80.13 %
Predictions - 1s: 66, 0s: 85
True Labels - 1s: 76, 0s: 75
Client 2 of 15: Local Epoch [3/3] Loss: 0.5181, Accuracy: 80.13 %
Predictions - 1s: 95, 0s: 56
True Labels - 1s: 78, 0s: 73
Client 14 of 15: Local Epoch [3/3] Loss: 0.5026, Accuracy: 80.79 %
Predictions - 1s: 99, 0s: 57
True Labels - 1s: 86, 0s: 70
Client 15 of 15: Local Epoch [3/3] Loss: 0.4882, Accuracy: 77.56 %
Predictions - 1s: 116, 0s: 35
True Labels - 1s: 91, 0s: 60
Client 12 of 15: Local Epoch [3/3] Loss: 0.5413, Accuracy: 76.82 %
Predictions - 1s: 89, 0s: 62
True Labels - 1s: 74, 0s: 77
Client 5 of 15: Local Epoch [3/3] Loss: 0.5065, Accuracy: 79.47 %
Predictions - 1s: 89, 0s: 62
True Labels - 1s: 86, 0s: 65
Client 13 of 15: Local Epoch [3/3] Loss: 0.4913, Accuracy: 82.12 %
Predictions - 1s: 110, 0s: 41
True Labels - 1s: 90, 0s: 61
Client 3 of 15: Local Epoch [3/3] Loss: 0.4865, Accuracy: 82.78 %
Predictions - 1s: 83, 0s: 68
True Labels - 1s: 75, 0s: 76
Client 8 of 15: Local Epoch [3/3] Loss: 0.5425, Accuracy: 80.13 %
-------------------------------
Round [1/4] Average Local Loss: 0.5115, Average Local Accuracy: 79.25 %
-------------------------------
-------- Validation --------
Predictions - 1s: 390, 0s: 178
True Labels - 1s: 302, 0s: 266
Round [1/4] Global Model Validation Loss: 0.5500, Validation Accuracy: 73.94 %
-------- Validation finished --------
Updated best model in round 1 saved with Validation Loss: 0.5500 and Validation Accuracy: 73.94 %
-------------------------------

Round 2 of 4
-------------------------------
Predictions - 1s: 73, 0s: 78
True Labels - 1s: 74, 0s: 77
Client 7 of 15: Local Epoch [1/3] Loss: 0.5309, Accuracy: 70.20 %
Predictions - 1s: 75, 0s: 76
True Labels - 1s: 75, 0s: 76
Client 10 of 15: Local Epoch [1/3] Loss: 0.6223, Accuracy: 61.59 %
Predictions - 1s: 69, 0s: 82
True Labels - 1s: 74, 0s: 77
Client 5 of 15: Local Epoch [1/3] Loss: 0.5796, Accuracy: 68.87 %
Predictions - 1s: 101, 0s: 50
True Labels - 1s: 86, 0s: 65
Client 13 of 15: Local Epoch [1/3] Loss: 0.5428, Accuracy: 78.15 %
Predictions - 1s: 74, 0s: 77
True Labels - 1s: 75, 0s: 76
Client 8 of 15: Local Epoch [1/3] Loss: 0.6177, Accuracy: 66.23 %
Predictions - 1s: 74, 0s: 77
True Labels - 1s: 74, 0s: 77
Client 7 of 15: Local Epoch [2/3] Loss: 0.4341, Accuracy: 80.13 %
Predictions - 1s: 77, 0s: 74
True Labels - 1s: 76, 0s: 75
Client 9 of 15: Local Epoch [1/3] Loss: 0.5528, Accuracy: 75.50 %
Predictions - 1s: 79, 0s: 72
True Labels - 1s: 75, 0s: 76
Client 10 of 15: Local Epoch [2/3] Loss: 0.4839, Accuracy: 81.46 %
Predictions - 1s: 66, 0s: 85
True Labels - 1s: 76, 0s: 75
Client 11 of 15: Local Epoch [1/3] Loss: 0.5746, Accuracy: 72.19 %
Predictions - 1s: 82, 0s: 69
True Labels - 1s: 73, 0s: 78
Client 6 of 15: Local Epoch [1/3] Loss: 0.6038, Accuracy: 70.20 %
Predictions - 1s: 108, 0s: 43
True Labels - 1s: 90, 0s: 61
Client 3 of 15: Local Epoch [1/3] Loss: 0.5715, Accuracy: 68.21 %
Predictions - 1s: 93, 0s: 58
True Labels - 1s: 82, 0s: 69
Client 4 of 15: Local Epoch [1/3] Loss: 0.6199, Accuracy: 62.25 %
Predictions - 1s: 111, 0s: 40
True Labels - 1s: 91, 0s: 60
Client 12 of 15: Local Epoch [1/3] Loss: 0.5931, Accuracy: 66.89 %
Predictions - 1s: 73, 0s: 78
True Labels - 1s: 78, 0s: 73
Client 14 of 15: Local Epoch [1/3] Loss: 0.5567, Accuracy: 72.85 %
Predictions - 1s: 65, 0s: 86
True Labels - 1s: 74, 0s: 77
Client 1 of 15: Local Epoch [1/3] Loss: 0.5762, Accuracy: 68.87 %
Predictions - 1s: 83, 0s: 68
True Labels - 1s: 76, 0s: 75
Client 2 of 15: Local Epoch [1/3] Loss: 0.5617, Accuracy: 71.52 %
Predictions - 1s: 88, 0s: 68
True Labels - 1s: 86, 0s: 70
Client 15 of 15: Local Epoch [1/3] Loss: 0.5469, Accuracy: 73.08 %
Predictions - 1s: 79, 0s: 72
True Labels - 1s: 74, 0s: 77
Client 5 of 15: Local Epoch [2/3] Loss: 0.5024, Accuracy: 75.50 %
Predictions - 1s: 91, 0s: 60
True Labels - 1s: 86, 0s: 65
Client 13 of 15: Local Epoch [2/3] Loss: 0.4337, Accuracy: 80.79 %
Predictions - 1s: 94, 0s: 57
True Labels - 1s: 75, 0s: 76
Client 8 of 15: Local Epoch [2/3] Loss: 0.5158, Accuracy: 79.47 %
Predictions - 1s: 75, 0s: 76
True Labels - 1s: 74, 0s: 77
Client 7 of 15: Local Epoch [3/3] Loss: 0.3945, Accuracy: 84.77 %
Predictions - 1s: 79, 0s: 72
True Labels - 1s: 76, 0s: 75
Client 9 of 15: Local Epoch [2/3] Loss: 0.4734, Accuracy: 80.79 %
Predictions - 1s: 72, 0s: 79
True Labels - 1s: 75, 0s: 76
Client 10 of 15: Local Epoch [3/3] Loss: 0.4378, Accuracy: 83.44 %
Predictions - 1s: 84, 0s: 67
True Labels - 1s: 74, 0s: 77
Client 5 of 15: Local Epoch [3/3] Loss: 0.4564, Accuracy: 80.13 %
Predictions - 1s: 79, 0s: 72
True Labels - 1s: 76, 0s: 75
Client 11 of 15: Local Epoch [2/3] Loss: 0.5164, Accuracy: 75.50 %
Predictions - 1s: 100, 0s: 51
True Labels - 1s: 86, 0s: 65
Client 13 of 15: Local Epoch [3/3] Loss: 0.4130, Accuracy: 81.46 %
Predictions - 1s: 90, 0s: 61
True Labels - 1s: 78, 0s: 73
Client 14 of 15: Local Epoch [2/3] Loss: 0.4594, Accuracy: 80.13 %
Predictions - 1s: 55, 0s: 96
True Labels - 1s: 75, 0s: 76
Client 8 of 15: Local Epoch [3/3] Loss: 0.4839, Accuracy: 78.81 %
Predictions - 1s: 96, 0s: 55
True Labels - 1s: 82, 0s: 69
Client 4 of 15: Local Epoch [2/3] Loss: 0.5155, Accuracy: 78.81 %
Predictions - 1s: 81, 0s: 70
True Labels - 1s: 74, 0s: 77
Client 1 of 15: Local Epoch [2/3] Loss: 0.4794, Accuracy: 78.15 %
Predictions - 1s: 64, 0s: 87
True Labels - 1s: 73, 0s: 78
Client 6 of 15: Local Epoch [2/3] Loss: 0.5381, Accuracy: 74.17 %
Predictions - 1s: 74, 0s: 77
True Labels - 1s: 76, 0s: 75
Client 2 of 15: Local Epoch [2/3] Loss: 0.4757, Accuracy: 78.81 %
Predictions - 1s: 72, 0s: 79
True Labels - 1s: 76, 0s: 75
Client 9 of 15: Local Epoch [3/3] Loss: 0.4392, Accuracy: 80.13 %
Predictions - 1s: 110, 0s: 41
True Labels - 1s: 91, 0s: 60
Client 12 of 15: Local Epoch [2/3] Loss: 0.5368, Accuracy: 71.52 %
Predictions - 1s: 98, 0s: 53
True Labels - 1s: 90, 0s: 61
Client 3 of 15: Local Epoch [2/3] Loss: 0.4832, Accuracy: 77.48 %
Predictions - 1s: 102, 0s: 54
True Labels - 1s: 86, 0s: 70
Client 15 of 15: Local Epoch [2/3] Loss: 0.4678, Accuracy: 79.49 %
Predictions - 1s: 80, 0s: 71
True Labels - 1s: 76, 0s: 75
Client 11 of 15: Local Epoch [3/3] Loss: 0.4506, Accuracy: 80.13 %
Predictions - 1s: 83, 0s: 68
True Labels - 1s: 78, 0s: 73
Client 14 of 15: Local Epoch [3/3] Loss: 0.4236, Accuracy: 84.77 %
Predictions - 1s: 65, 0s: 86
True Labels - 1s: 74, 0s: 77
Client 1 of 15: Local Epoch [3/3] Loss: 0.4602, Accuracy: 80.79 %
Predictions - 1s: 86, 0s: 65
True Labels - 1s: 82, 0s: 69
Client 4 of 15: Local Epoch [3/3] Loss: 0.4842, Accuracy: 81.46 %
Predictions - 1s: 69, 0s: 82
True Labels - 1s: 73, 0s: 78
Client 6 of 15: Local Epoch [3/3] Loss: 0.4757, Accuracy: 78.81 %
Predictions - 1s: 75, 0s: 76
True Labels - 1s: 76, 0s: 75
Client 2 of 15: Local Epoch [3/3] Loss: 0.4330, Accuracy: 82.12 %
Predictions - 1s: 107, 0s: 44
True Labels - 1s: 91, 0s: 60
Client 12 of 15: Local Epoch [3/3] Loss: 0.4911, Accuracy: 77.48 %
Predictions - 1s: 92, 0s: 64
True Labels - 1s: 86, 0s: 70
Client 15 of 15: Local Epoch [3/3] Loss: 0.4131, Accuracy: 83.33 %
Predictions - 1s: 108, 0s: 43
True Labels - 1s: 90, 0s: 61
Client 3 of 15: Local Epoch [3/3] Loss: 0.4288, Accuracy: 82.78 %
-------------------------------
Round [2/4] Average Local Loss: 0.4457, Average Local Accuracy: 81.36 %
-------------------------------
-------- Validation --------
Predictions - 1s: 360, 0s: 208
True Labels - 1s: 302, 0s: 266
Round [2/4] Global Model Validation Loss: 0.4872, Validation Accuracy: 77.11 %
-------- Validation finished --------
Updated best model in round 2 saved with Validation Loss: 0.4872 and Validation Accuracy: 77.11 %
-------------------------------

Round 3 of 4
-------------------------------
Predictions - 1s: 88, 0s: 63
True Labels - 1s: 76, 0s: 75
Client 11 of 15: Local Epoch [1/3] Loss: 0.5407, Accuracy: 70.86 %
Predictions - 1s: 75, 0s: 76
True Labels - 1s: 75, 0s: 76
Client 8 of 15: Local Epoch [1/3] Loss: 0.5743, Accuracy: 72.19 %
Predictions - 1s: 108, 0s: 43
True Labels - 1s: 90, 0s: 61
Client 3 of 15: Local Epoch [1/3] Loss: 0.5105, Accuracy: 78.81 %
Predictions - 1s: 68, 0s: 83
True Labels - 1s: 76, 0s: 75
Client 11 of 15: Local Epoch [2/3] Loss: 0.4835, Accuracy: 76.16 %
Predictions - 1s: 62, 0s: 89
True Labels - 1s: 74, 0s: 77
Client 1 of 15: Local Epoch [1/3] Loss: 0.5287, Accuracy: 76.16 %
Predictions - 1s: 83, 0s: 68
True Labels - 1s: 74, 0s: 77
Client 7 of 15: Local Epoch [1/3] Loss: 0.4695, Accuracy: 78.15 %
Predictions - 1s: 91, 0s: 60
True Labels - 1s: 86, 0s: 65
Client 13 of 15: Local Epoch [1/3] Loss: 0.4662, Accuracy: 80.79 %
Predictions - 1s: 69, 0s: 82
True Labels - 1s: 75, 0s: 76
Client 8 of 15: Local Epoch [2/3] Loss: 0.4869, Accuracy: 77.48 %
Predictions - 1s: 80, 0s: 71
True Labels - 1s: 74, 0s: 77
Client 5 of 15: Local Epoch [1/3] Loss: 0.5334, Accuracy: 72.19 %
Predictions - 1s: 91, 0s: 60
True Labels - 1s: 90, 0s: 61
Client 3 of 15: Local Epoch [2/3] Loss: 0.4266, Accuracy: 83.44 %
Predictions - 1s: 83, 0s: 68
True Labels - 1s: 76, 0s: 75
Client 11 of 15: Local Epoch [3/3] Loss: 0.4301, Accuracy: 83.44 %
Predictions - 1s: 80, 0s: 71
True Labels - 1s: 76, 0s: 75
Client 9 of 15: Local Epoch [1/3] Loss: 0.5265, Accuracy: 72.19 %
Predictions - 1s: 74, 0s: 77
True Labels - 1s: 74, 0s: 77
Client 1 of 15: Local Epoch [2/3] Loss: 0.4461, Accuracy: 80.13 %
Predictions - 1s: 78, 0s: 73
True Labels - 1s: 75, 0s: 76
Client 10 of 15: Local Epoch [1/3] Loss: 0.5036, Accuracy: 75.50 %
Predictions - 1s: 93, 0s: 58
True Labels - 1s: 82, 0s: 69
Client 4 of 15: Local Epoch [1/3] Loss: 0.5519, Accuracy: 72.85 %
Predictions - 1s: 86, 0s: 65
True Labels - 1s: 76, 0s: 75
Client 2 of 15: Local Epoch [1/3] Loss: 0.5331, Accuracy: 76.16 %
Predictions - 1s: 112, 0s: 39
True Labels - 1s: 91, 0s: 60
Client 12 of 15: Local Epoch [1/3] Loss: 0.5568, Accuracy: 72.85 %
Predictions - 1s: 67, 0s: 84
True Labels - 1s: 73, 0s: 78
Client 6 of 15: Local Epoch [1/3] Loss: 0.5896, Accuracy: 66.89 %
Predictions - 1s: 73, 0s: 78
True Labels - 1s: 78, 0s: 73
Client 14 of 15: Local Epoch [1/3] Loss: 0.4945, Accuracy: 74.17 %
Predictions - 1s: 87, 0s: 69
True Labels - 1s: 86, 0s: 70
Client 15 of 15: Local Epoch [1/3] Loss: 0.4972, Accuracy: 76.28 %
Predictions - 1s: 75, 0s: 76
True Labels - 1s: 74, 0s: 77
Client 7 of 15: Local Epoch [2/3] Loss: 0.3941, Accuracy: 86.09 %
Predictions - 1s: 83, 0s: 68
True Labels - 1s: 75, 0s: 76
Client 8 of 15: Local Epoch [3/3] Loss: 0.4741, Accuracy: 78.81 %
Predictions - 1s: 88, 0s: 63
True Labels - 1s: 86, 0s: 65
Client 13 of 15: Local Epoch [2/3] Loss: 0.3969, Accuracy: 84.11 %
Predictions - 1s: 75, 0s: 76
True Labels - 1s: 74, 0s: 77
Client 5 of 15: Local Epoch [2/3] Loss: 0.4651, Accuracy: 79.47 %
Predictions - 1s: 106, 0s: 45
True Labels - 1s: 90, 0s: 61
Client 3 of 15: Local Epoch [3/3] Loss: 0.3971, Accuracy: 84.11 %
Predictions - 1s: 79, 0s: 72
True Labels - 1s: 74, 0s: 77
Client 1 of 15: Local Epoch [3/3] Loss: 0.4070, Accuracy: 82.12 %
Predictions - 1s: 66, 0s: 85
True Labels - 1s: 76, 0s: 75
Client 9 of 15: Local Epoch [2/3] Loss: 0.4642, Accuracy: 78.81 %
Predictions - 1s: 76, 0s: 75
True Labels - 1s: 74, 0s: 77
Client 7 of 15: Local Epoch [3/3] Loss: 0.3247, Accuracy: 89.40 %
Predictions - 1s: 78, 0s: 73
True Labels - 1s: 75, 0s: 76
Client 10 of 15: Local Epoch [2/3] Loss: 0.4363, Accuracy: 79.47 %
Predictions - 1s: 76, 0s: 75
True Labels - 1s: 76, 0s: 75
Client 2 of 15: Local Epoch [2/3] Loss: 0.4393, Accuracy: 81.46 %
Predictions - 1s: 96, 0s: 55
True Labels - 1s: 86, 0s: 65
Client 13 of 15: Local Epoch [3/3] Loss: 0.3687, Accuracy: 82.78 %
Predictions - 1s: 79, 0s: 72
True Labels - 1s: 78, 0s: 73
Client 14 of 15: Local Epoch [2/3] Loss: 0.4159, Accuracy: 83.44 %
Predictions - 1s: 87, 0s: 64
True Labels - 1s: 82, 0s: 69
Client 4 of 15: Local Epoch [2/3] Loss: 0.4874, Accuracy: 79.47 %
Predictions - 1s: 98, 0s: 53
True Labels - 1s: 91, 0s: 60
Client 12 of 15: Local Epoch [2/3] Loss: 0.4893, Accuracy: 78.15 %
Predictions - 1s: 79, 0s: 72
True Labels - 1s: 74, 0s: 77
Client 5 of 15: Local Epoch [3/3] Loss: 0.4146, Accuracy: 83.44 %
Predictions - 1s: 89, 0s: 67
True Labels - 1s: 86, 0s: 70
Client 15 of 15: Local Epoch [2/3] Loss: 0.4240, Accuracy: 82.69 %
Predictions - 1s: 79, 0s: 72
True Labels - 1s: 73, 0s: 78
Client 6 of 15: Local Epoch [2/3] Loss: 0.4900, Accuracy: 77.48 %
Predictions - 1s: 80, 0s: 71
True Labels - 1s: 76, 0s: 75
Client 9 of 15: Local Epoch [3/3] Loss: 0.4075, Accuracy: 80.13 %
Predictions - 1s: 80, 0s: 71
True Labels - 1s: 75, 0s: 76
Client 10 of 15: Local Epoch [3/3] Loss: 0.3788, Accuracy: 86.09 %
Predictions - 1s: 89, 0s: 62
True Labels - 1s: 76, 0s: 75
Client 2 of 15: Local Epoch [3/3] Loss: 0.4025, Accuracy: 84.77 %
Predictions - 1s: 77, 0s: 74
True Labels - 1s: 78, 0s: 73
Client 14 of 15: Local Epoch [3/3] Loss: 0.3737, Accuracy: 84.77 %
Predictions - 1s: 88, 0s: 63
True Labels - 1s: 82, 0s: 69
Client 4 of 15: Local Epoch [3/3] Loss: 0.4146, Accuracy: 84.11 %
Predictions - 1s: 88, 0s: 68
True Labels - 1s: 86, 0s: 70
Client 15 of 15: Local Epoch [3/3] Loss: 0.3944, Accuracy: 83.33 %
Predictions - 1s: 99, 0s: 52
True Labels - 1s: 91, 0s: 60
Client 12 of 15: Local Epoch [3/3] Loss: 0.4527, Accuracy: 78.81 %
Predictions - 1s: 71, 0s: 80
True Labels - 1s: 73, 0s: 78
Client 6 of 15: Local Epoch [3/3] Loss: 0.4481, Accuracy: 77.48 %
-------------------------------
Round [3/4] Average Local Loss: 0.4059, Average Local Accuracy: 82.91 %
-------------------------------
-------- Validation --------
Predictions - 1s: 353, 0s: 215
True Labels - 1s: 302, 0s: 266
Round [3/4] Global Model Validation Loss: 0.4612, Validation Accuracy: 77.99 %
-------- Validation finished --------
Updated best model in round 3 saved with Validation Loss: 0.4612 and Validation Accuracy: 77.99 %
-------------------------------

Round 4 of 4
-------------------------------
Predictions - 1s: 83, 0s: 68
True Labels - 1s: 78, 0s: 73
Client 14 of 15: Local Epoch [1/3] Loss: 0.4733, Accuracy: 80.79 %
Predictions - 1s: 100, 0s: 51
True Labels - 1s: 90, 0s: 61
Client 3 of 15: Local Epoch [1/3] Loss: 0.4927, Accuracy: 76.16 %
Predictions - 1s: 76, 0s: 75
True Labels - 1s: 76, 0s: 75
Client 2 of 15: Local Epoch [1/3] Loss: 0.5261, Accuracy: 74.83 %
Predictions - 1s: 72, 0s: 79
True Labels - 1s: 74, 0s: 77
Client 1 of 15: Local Epoch [1/3] Loss: 0.4911, Accuracy: 77.48 %
Predictions - 1s: 80, 0s: 71
True Labels - 1s: 78, 0s: 73
Client 14 of 15: Local Epoch [2/3] Loss: 0.3904, Accuracy: 85.43 %
Predictions - 1s: 99, 0s: 52
True Labels - 1s: 90, 0s: 61
Client 3 of 15: Local Epoch [2/3] Loss: 0.4274, Accuracy: 80.79 %
Predictions - 1s: 73, 0s: 78
True Labels - 1s: 76, 0s: 75
Client 9 of 15: Local Epoch [1/3] Loss: 0.5076, Accuracy: 74.17 %
Predictions - 1s: 77, 0s: 74
True Labels - 1s: 74, 0s: 77
Client 7 of 15: Local Epoch [1/3] Loss: 0.4472, Accuracy: 79.47 %
Predictions - 1s: 75, 0s: 76
True Labels - 1s: 76, 0s: 75
Client 2 of 15: Local Epoch [2/3] Loss: 0.4232, Accuracy: 79.47 %
Predictions - 1s: 75, 0s: 76
True Labels - 1s: 75, 0s: 76
Client 8 of 15: Local Epoch [1/3] Loss: 0.5682, Accuracy: 70.86 %
Predictions - 1s: 70, 0s: 81
True Labels - 1s: 74, 0s: 77
Client 1 of 15: Local Epoch [2/3] Loss: 0.3737, Accuracy: 85.43 %
Predictions - 1s: 96, 0s: 55
True Labels - 1s: 91, 0s: 60
Client 12 of 15: Local Epoch [1/3] Loss: 0.5933, Accuracy: 68.87 %
Predictions - 1s: 78, 0s: 73
True Labels - 1s: 78, 0s: 73
Client 14 of 15: Local Epoch [3/3] Loss: 0.3490, Accuracy: 85.43 %
Predictions - 1s: 80, 0s: 71
True Labels - 1s: 75, 0s: 76
Client 10 of 15: Local Epoch [1/3] Loss: 0.4987, Accuracy: 76.82 %
Predictions - 1s: 83, 0s: 68
True Labels - 1s: 86, 0s: 65
Client 13 of 15: Local Epoch [1/3] Loss: 0.4641, Accuracy: 79.47 %
Predictions - 1s: 71, 0s: 80
True Labels - 1s: 73, 0s: 78
Client 6 of 15: Local Epoch [1/3] Loss: 0.5527, Accuracy: 70.86 %
Predictions - 1s: 87, 0s: 64
True Labels - 1s: 82, 0s: 69
Client 4 of 15: Local Epoch [1/3] Loss: 0.5531, Accuracy: 70.20 %
Predictions - 1s: 83, 0s: 68
True Labels - 1s: 74, 0s: 77
Client 5 of 15: Local Epoch [1/3] Loss: 0.5022, Accuracy: 74.17 %
Predictions - 1s: 90, 0s: 61
True Labels - 1s: 76, 0s: 75
Client 11 of 15: Local Epoch [1/3] Loss: 0.5541, Accuracy: 70.86 %
Predictions - 1s: 87, 0s: 69
True Labels - 1s: 86, 0s: 70
Client 15 of 15: Local Epoch [1/3] Loss: 0.4551, Accuracy: 77.56 %
Predictions - 1s: 103, 0s: 48
True Labels - 1s: 90, 0s: 61
Client 3 of 15: Local Epoch [3/3] Loss: 0.3649, Accuracy: 84.77 %
Predictions - 1s: 75, 0s: 76
True Labels - 1s: 76, 0s: 75
Client 2 of 15: Local Epoch [3/3] Loss: 0.3935, Accuracy: 80.79 %
Predictions - 1s: 74, 0s: 77
True Labels - 1s: 76, 0s: 75
Client 9 of 15: Local Epoch [2/3] Loss: 0.4282, Accuracy: 80.13 %
Predictions - 1s: 71, 0s: 80
True Labels - 1s: 74, 0s: 77
Client 7 of 15: Local Epoch [2/3] Loss: 0.3567, Accuracy: 87.42 %
Predictions - 1s: 79, 0s: 72
True Labels - 1s: 74, 0s: 77
Client 1 of 15: Local Epoch [3/3] Loss: 0.3464, Accuracy: 86.09 %
Predictions - 1s: 77, 0s: 74
True Labels - 1s: 75, 0s: 76
Client 8 of 15: Local Epoch [2/3] Loss: 0.4642, Accuracy: 81.46 %
Predictions - 1s: 104, 0s: 47
True Labels - 1s: 91, 0s: 60
Client 12 of 15: Local Epoch [2/3] Loss: 0.4774, Accuracy: 76.82 %
Predictions - 1s: 84, 0s: 67
True Labels - 1s: 76, 0s: 75
Client 9 of 15: Local Epoch [3/3] Loss: 0.4135, Accuracy: 81.46 %
Predictions - 1s: 77, 0s: 74
True Labels - 1s: 75, 0s: 76
Client 10 of 15: Local Epoch [2/3] Loss: 0.4042, Accuracy: 81.46 %
Predictions - 1s: 92, 0s: 59
True Labels - 1s: 86, 0s: 65
Client 13 of 15: Local Epoch [2/3] Loss: 0.3762, Accuracy: 84.11 %
Predictions - 1s: 88, 0s: 68
True Labels - 1s: 86, 0s: 70
Client 15 of 15: Local Epoch [2/3] Loss: 0.3760, Accuracy: 84.62 %
Predictions - 1s: 77, 0s: 74
True Labels - 1s: 74, 0s: 77
Client 5 of 15: Local Epoch [2/3] Loss: 0.4482, Accuracy: 80.79 %
Predictions - 1s: 72, 0s: 79
True Labels - 1s: 74, 0s: 77
Client 7 of 15: Local Epoch [3/3] Loss: 0.3146, Accuracy: 89.40 %
Predictions - 1s: 78, 0s: 73
True Labels - 1s: 75, 0s: 76
Client 8 of 15: Local Epoch [3/3] Loss: 0.4320, Accuracy: 80.79 %
Predictions - 1s: 81, 0s: 70
True Labels - 1s: 73, 0s: 78
Client 6 of 15: Local Epoch [2/3] Loss: 0.4518, Accuracy: 78.81 %
Predictions - 1s: 98, 0s: 53
True Labels - 1s: 91, 0s: 60
Client 12 of 15: Local Epoch [3/3] Loss: 0.4497, Accuracy: 79.47 %
Predictions - 1s: 92, 0s: 59
True Labels - 1s: 82, 0s: 69
Client 4 of 15: Local Epoch [2/3] Loss: 0.4733, Accuracy: 81.46 %
Predictions - 1s: 74, 0s: 77
True Labels - 1s: 76, 0s: 75
Client 11 of 15: Local Epoch [2/3] Loss: 0.4541, Accuracy: 76.16 %
Predictions - 1s: 77, 0s: 74
True Labels - 1s: 75, 0s: 76
Client 10 of 15: Local Epoch [3/3] Loss: 0.3712, Accuracy: 82.78 %
Predictions - 1s: 91, 0s: 65
True Labels - 1s: 86, 0s: 70
Client 15 of 15: Local Epoch [3/3] Loss: 0.3333, Accuracy: 85.26 %
Predictions - 1s: 93, 0s: 58
True Labels - 1s: 86, 0s: 65
Client 13 of 15: Local Epoch [3/3] Loss: 0.3452, Accuracy: 86.09 %
Predictions - 1s: 82, 0s: 69
True Labels - 1s: 74, 0s: 77
Client 5 of 15: Local Epoch [3/3] Loss: 0.3894, Accuracy: 84.11 %
Predictions - 1s: 75, 0s: 76
True Labels - 1s: 73, 0s: 78
Client 6 of 15: Local Epoch [3/3] Loss: 0.4274, Accuracy: 80.13 %
Predictions - 1s: 89, 0s: 62
True Labels - 1s: 82, 0s: 69
Client 4 of 15: Local Epoch [3/3] Loss: 0.4249, Accuracy: 79.47 %
Predictions - 1s: 79, 0s: 72
True Labels - 1s: 76, 0s: 75
Client 11 of 15: Local Epoch [3/3] Loss: 0.4047, Accuracy: 78.15 %
-------------------------------
Round [4/4] Average Local Loss: 0.3840, Average Local Accuracy: 82.95 %
-------------------------------
-------- Validation --------
Predictions - 1s: 352, 0s: 216
True Labels - 1s: 302, 0s: 266
Round [4/4] Global Model Validation Loss: 0.4442, Validation Accuracy: 78.87 %
-------- Validation finished --------
Updated best model in round 4 saved with Validation Loss: 0.4442 and Validation Accuracy: 78.87 %
-------------------------------
Best model in round 4 saved with Validation Loss: 0.4442 and Validation Accuracy: 78.87 %

-------- Training finished in 11:34 --------

Test flag enabled. Testing the model

-------- Loading best model from model_path --------
Loaded model bert-small from date 22-04-2024 21:04. Trained with Federated Learning technology.
Round 4, lr: 6e-05, optimizer: AdamW
Average train accuracy: 82.95 %, Validation accuracy: 78.87 %
-------- Best model loaded --------

-------- Creating Test Dataloader --------
Test Loader: 715 total sentences. 90 batches of size 8.
-------- Test Dataloader created --------

-------- Testing --------
Predictions - 1s: 451, 0s: 264
True Labels - 1s: 369, 0s: 346
Nº of test samples: 715
Accuracy: 73.71%
Accuracy 2 : 73.71%
Precision: 75.00%
Recall: 73.31%
F1 Score: 73.13%
Classification report:
              precision    recall  f1-score   support

           0     0.7992    0.6098    0.6918       346
           1     0.7007    0.8564    0.7707       369

    accuracy                         0.7371       715
   macro avg     0.7500    0.7331    0.7313       715
weighted avg     0.7484    0.7371    0.7325       715

-------- Testing finished --------
