Current configuration:
{
    "concurrency_flag": true,
    "data_distribution": "iid",
    "dataset": "dreaddit",
    "device": "cuda",
    "dp_delta": 0.003,
    "dp_epsilon": 0.0,
    "eval_batch_size": 4,
    "eval_flag": true,
    "eval_size": 0.2,
    "fed_alg": "fedavg",
    "layers": 3,
    "learning_rate": 6e-05,
    "max_length": 512,
    "ml_mode": "bcfl",
    "model": "bert_small",
    "model_name": "bcfl_small_c3_seed9_dreaddit",
    "models_path": "/local/vpaloma/fabric-federated-learning/ablation_study/phase-4/final/accs-times/dreaddit/",
    "mu": 0.5,
    "num_clients": 3,
    "num_epochs": 3,
    "num_rounds": 4,
    "optimizer": "AdamW",
    "progress_bar_flag": false,
    "save_model": true,
    "scheduler": "linear",
    "scheduler_warmup_steps": 0,
    "seed": "random",
    "test_flag": true,
    "train_batch_size": 4,
    "train_size": 0.8
}
-------- Configuration loaded --------

-------- Setting device --------
cuda device selected and available.
-------- Device set --------

-------- Setting seed --------
seed set:  115835
-------- Seed set --------

-------- Creating Model --------
-------- Model created --------

-------- Setting Trainable Layers --------
Training the last 3 layers.

Total parameters count: 28764674
Trainable parameters count: 3416066
-------- Trainable Layers set --------

-------- Creating Tokenizer --------
-------- Tokenizer created --------

-------- Creating Train and Eval Dataloaders --------
Train Loader: 2270 total sentences. 568 batches of size 4.
Eval Loader: 568 total sentences. 142 batches of size 4.
-------- Train and Eval Dataloaders created --------

-------- Training --------
Training with Blockchain-Based Federated Learning technology.
Training without differential privacy.
Federated averaging algorithm selected.
Client 0: Label 0: 349, Label 1: 407
Client 1: Label 0: 363, Label 1: 393
Client 2: Label 0: 363, Label 1: 395

Round 1 of 4
-------------------------------
Predictions - 1s: 459, 0s: 297
True Labels - 1s: 393, 0s: 363
Client 2 of 3: Local Epoch [1/3] Loss: 0.5948, Accuracy: 68.25 %
Predictions - 1s: 464, 0s: 292
True Labels - 1s: 407, 0s: 349
Client 1 of 3: Local Epoch [1/3] Loss: 0.5645, Accuracy: 72.09 %
Predictions - 1s: 438, 0s: 320
True Labels - 1s: 395, 0s: 363
Client 3 of 3: Local Epoch [1/3] Loss: 0.5433, Accuracy: 71.37 %
Predictions - 1s: 401, 0s: 355
True Labels - 1s: 393, 0s: 363
Client 2 of 3: Local Epoch [2/3] Loss: 0.4893, Accuracy: 75.66 %
Predictions - 1s: 407, 0s: 349
True Labels - 1s: 407, 0s: 349
Client 1 of 3: Local Epoch [2/3] Loss: 0.4570, Accuracy: 78.31 %
Predictions - 1s: 403, 0s: 355
True Labels - 1s: 395, 0s: 363
Client 3 of 3: Local Epoch [2/3] Loss: 0.4102, Accuracy: 82.06 %
Predictions - 1s: 404, 0s: 352
True Labels - 1s: 407, 0s: 349
Client 1 of 3: Local Epoch [3/3] Loss: 0.3995, Accuracy: 81.61 %
Predictions - 1s: 411, 0s: 345
True Labels - 1s: 393, 0s: 363
Client 2 of 3: Local Epoch [3/3] Loss: 0.4356, Accuracy: 79.89 %
Predictions - 1s: 400, 0s: 358
True Labels - 1s: 395, 0s: 363
Client 3 of 3: Local Epoch [3/3] Loss: 0.3650, Accuracy: 84.04 %
-------------------------------
Round [1/4] Average Local Loss: 0.4001, Average Local Accuracy: 81.85 %
-------------------------------
-------- Validation --------
Predictions - 1s: 329, 0s: 239
True Labels - 1s: 293, 0s: 275
Round [1/4] Global Model Validation Loss: 0.4479, Validation Accuracy: 79.58 %
-------- Validation finished --------
Updated best model in round 1 saved with Validation Loss: 0.4479 and Validation Accuracy: 79.58 %
-------------------------------

Round 2 of 4
-------------------------------
Predictions - 1s: 423, 0s: 333
True Labels - 1s: 407, 0s: 349
Client 1 of 3: Local Epoch [1/3] Loss: 0.4441, Accuracy: 78.57 %
Predictions - 1s: 402, 0s: 354
True Labels - 1s: 393, 0s: 363
Client 2 of 3: Local Epoch [1/3] Loss: 0.4842, Accuracy: 76.32 %
Predictions - 1s: 405, 0s: 353
True Labels - 1s: 395, 0s: 363
Client 3 of 3: Local Epoch [1/3] Loss: 0.4238, Accuracy: 80.21 %
Predictions - 1s: 407, 0s: 349
True Labels - 1s: 393, 0s: 363
Client 2 of 3: Local Epoch [2/3] Loss: 0.4131, Accuracy: 81.22 %
Predictions - 1s: 426, 0s: 330
True Labels - 1s: 407, 0s: 349
Client 1 of 3: Local Epoch [2/3] Loss: 0.4087, Accuracy: 80.03 %
Predictions - 1s: 407, 0s: 351
True Labels - 1s: 395, 0s: 363
Client 3 of 3: Local Epoch [2/3] Loss: 0.3445, Accuracy: 84.43 %
Predictions - 1s: 397, 0s: 359
True Labels - 1s: 407, 0s: 349
Client 1 of 3: Local Epoch [3/3] Loss: 0.3420, Accuracy: 84.39 %
Predictions - 1s: 402, 0s: 354
True Labels - 1s: 393, 0s: 363
Client 2 of 3: Local Epoch [3/3] Loss: 0.3606, Accuracy: 84.26 %
Predictions - 1s: 405, 0s: 353
True Labels - 1s: 395, 0s: 363
Client 3 of 3: Local Epoch [3/3] Loss: 0.3051, Accuracy: 86.02 %
-------------------------------
Round [2/4] Average Local Loss: 0.3359, Average Local Accuracy: 84.89 %
-------------------------------
-------- Validation --------
Predictions - 1s: 322, 0s: 246
True Labels - 1s: 293, 0s: 275
Round [2/4] Global Model Validation Loss: 0.4448, Validation Accuracy: 80.11 %
-------- Validation finished --------
Updated best model in round 2 saved with Validation Loss: 0.4448 and Validation Accuracy: 80.11 %
-------------------------------

Round 3 of 4
-------------------------------
Predictions - 1s: 407, 0s: 349
True Labels - 1s: 407, 0s: 349
Client 1 of 3: Local Epoch [1/3] Loss: 0.4294, Accuracy: 79.89 %
Predictions - 1s: 400, 0s: 356
True Labels - 1s: 393, 0s: 363
Client 2 of 3: Local Epoch [1/3] Loss: 0.4406, Accuracy: 77.65 %
Predictions - 1s: 406, 0s: 352
True Labels - 1s: 395, 0s: 363
Client 3 of 3: Local Epoch [1/3] Loss: 0.3770, Accuracy: 82.19 %
Predictions - 1s: 418, 0s: 338
True Labels - 1s: 407, 0s: 349
Client 1 of 3: Local Epoch [2/3] Loss: 0.3240, Accuracy: 85.05 %
Predictions - 1s: 402, 0s: 354
True Labels - 1s: 393, 0s: 363
Client 2 of 3: Local Epoch [2/3] Loss: 0.3699, Accuracy: 82.94 %
Predictions - 1s: 408, 0s: 350
True Labels - 1s: 395, 0s: 363
Client 3 of 3: Local Epoch [2/3] Loss: 0.2953, Accuracy: 86.94 %
Predictions - 1s: 404, 0s: 352
True Labels - 1s: 407, 0s: 349
Client 1 of 3: Local Epoch [3/3] Loss: 0.2950, Accuracy: 86.90 %
Predictions - 1s: 393, 0s: 363
True Labels - 1s: 393, 0s: 363
Client 2 of 3: Local Epoch [3/3] Loss: 0.3098, Accuracy: 85.71 %
Predictions - 1s: 394, 0s: 364
True Labels - 1s: 395, 0s: 363
Client 3 of 3: Local Epoch [3/3] Loss: 0.2523, Accuracy: 89.31 %
-------------------------------
Round [3/4] Average Local Loss: 0.2857, Average Local Accuracy: 87.31 %
-------------------------------
-------- Validation --------
Predictions - 1s: 326, 0s: 242
True Labels - 1s: 293, 0s: 275
Round [3/4] Global Model Validation Loss: 0.4616, Validation Accuracy: 80.81 %
-------- Validation finished --------

Round 4 of 4
-------------------------------
Predictions - 1s: 408, 0s: 348
True Labels - 1s: 393, 0s: 363
Client 2 of 3: Local Epoch [1/3] Loss: 0.4270, Accuracy: 79.76 %
Predictions - 1s: 406, 0s: 350
True Labels - 1s: 407, 0s: 349
Client 1 of 3: Local Epoch [1/3] Loss: 0.3870, Accuracy: 81.08 %
Predictions - 1s: 399, 0s: 359
True Labels - 1s: 395, 0s: 363
Client 3 of 3: Local Epoch [1/3] Loss: 0.3514, Accuracy: 84.70 %
Predictions - 1s: 390, 0s: 366
True Labels - 1s: 393, 0s: 363
Client 2 of 3: Local Epoch [2/3] Loss: 0.3164, Accuracy: 86.64 %
Predictions - 1s: 419, 0s: 337
True Labels - 1s: 407, 0s: 349
Client 1 of 3: Local Epoch [2/3] Loss: 0.3116, Accuracy: 87.04 %
Predictions - 1s: 401, 0s: 357
True Labels - 1s: 395, 0s: 363
Client 3 of 3: Local Epoch [2/3] Loss: 0.2564, Accuracy: 90.24 %
Predictions - 1s: 407, 0s: 349
True Labels - 1s: 407, 0s: 349
Client 1 of 3: Local Epoch [3/3] Loss: 0.2451, Accuracy: 89.68 %
Predictions - 1s: 403, 0s: 353
True Labels - 1s: 393, 0s: 363
Client 2 of 3: Local Epoch [3/3] Loss: 0.2628, Accuracy: 89.42 %
Predictions - 1s: 399, 0s: 359
True Labels - 1s: 395, 0s: 363
Client 3 of 3: Local Epoch [3/3] Loss: 0.2083, Accuracy: 92.35 %
-------------------------------
Round [4/4] Average Local Loss: 0.2387, Average Local Accuracy: 90.48 %
-------------------------------
-------- Validation --------
Predictions - 1s: 328, 0s: 240
True Labels - 1s: 293, 0s: 275
Round [4/4] Global Model Validation Loss: 0.4717, Validation Accuracy: 81.16 %
-------- Validation finished --------
Best model in round 2 saved with Validation Loss: 0.4448 and Validation Accuracy: 80.11 %

-------- Training finished in 5:33 --------

Test flag enabled. Testing the model

-------- Loading best model from model_path --------
Loaded model bert-small from date 22-04-2024 04:29. Trained with Federated Learning technology.
Round 2, lr: 6e-05, optimizer: AdamW
Average train accuracy: 84.89 %, Validation accuracy: 80.11 %
-------- Best model loaded --------

-------- Creating Test Dataloader --------
Test Loader: 715 total sentences. 90 batches of size 8.
-------- Test Dataloader created --------

-------- Testing --------
Predictions - 1s: 426, 0s: 289
True Labels - 1s: 369, 0s: 346
Nº of test samples: 715
Accuracy: 73.85%
Accuracy 2 : 73.85%
Precision: 74.44%
Recall: 73.56%
F1 Score: 73.51%
Classification report:
              precision    recall  f1-score   support

           0     0.7751    0.6474    0.7055       346
           1     0.7136    0.8238    0.7648       369

    accuracy                         0.7385       715
   macro avg     0.7444    0.7356    0.7351       715
weighted avg     0.7434    0.7385    0.7361       715

-------- Testing finished --------
