Current configuration:
{
    "concurrency_flag": true,
    "data_distribution": "iid",
    "dataset": "dreaddit",
    "device": "cuda",
    "dp_delta": 0.003,
    "dp_epsilon": 0.0,
    "eval_batch_size": 4,
    "eval_flag": true,
    "eval_size": 0.2,
    "fed_alg": "fedavg",
    "layers": 3,
    "learning_rate": 6e-05,
    "max_length": 512,
    "ml_mode": "bcfl",
    "model": "bert_small",
    "model_name": "bcfl_small_c3_seed2_dreaddit",
    "models_path": "/local/vpaloma/fabric-federated-learning/ablation_study/phase-4/final/accs-times/dreaddit/",
    "mu": 0.5,
    "num_clients": 3,
    "num_epochs": 3,
    "num_rounds": 4,
    "optimizer": "AdamW",
    "progress_bar_flag": false,
    "save_model": true,
    "scheduler": "linear",
    "scheduler_warmup_steps": 0,
    "seed": "random",
    "test_flag": true,
    "train_batch_size": 4,
    "train_size": 0.8
}
-------- Configuration loaded --------

-------- Setting device --------
cuda device selected and available.
-------- Device set --------

-------- Setting seed --------
seed set:  327944
-------- Seed set --------

-------- Creating Model --------
-------- Model created --------

-------- Setting Trainable Layers --------
Training the last 3 layers.

Total parameters count: 28764674
Trainable parameters count: 3416066
-------- Trainable Layers set --------

-------- Creating Tokenizer --------
-------- Tokenizer created --------

-------- Creating Train and Eval Dataloaders --------
Train Loader: 2270 total sentences. 568 batches of size 4.
Eval Loader: 568 total sentences. 142 batches of size 4.
-------- Train and Eval Dataloaders created --------

-------- Training --------
Training with Blockchain-Based Federated Learning technology.
Training without differential privacy.
Federated averaging algorithm selected.
Client 0: Label 0: 364, Label 1: 392
Client 1: Label 0: 352, Label 1: 404
Client 2: Label 0: 373, Label 1: 385

Round 1 of 4
-------------------------------
Predictions - 1s: 432, 0s: 324
True Labels - 1s: 392, 0s: 364
Client 1 of 3: Local Epoch [1/3] Loss: 0.5683, Accuracy: 70.37 %
Predictions - 1s: 455, 0s: 301
True Labels - 1s: 404, 0s: 352
Client 2 of 3: Local Epoch [1/3] Loss: 0.5964, Accuracy: 68.39 %
Predictions - 1s: 397, 0s: 361
True Labels - 1s: 385, 0s: 373
Client 3 of 3: Local Epoch [1/3] Loss: 0.5819, Accuracy: 67.28 %
Predictions - 1s: 429, 0s: 327
True Labels - 1s: 404, 0s: 352
Client 2 of 3: Local Epoch [2/3] Loss: 0.4753, Accuracy: 79.50 %
Predictions - 1s: 404, 0s: 352
True Labels - 1s: 392, 0s: 364
Client 1 of 3: Local Epoch [2/3] Loss: 0.4683, Accuracy: 78.31 %
Predictions - 1s: 386, 0s: 372
True Labels - 1s: 385, 0s: 373
Client 3 of 3: Local Epoch [2/3] Loss: 0.4828, Accuracy: 75.33 %
Predictions - 1s: 426, 0s: 330
True Labels - 1s: 404, 0s: 352
Client 2 of 3: Local Epoch [3/3] Loss: 0.4186, Accuracy: 81.22 %
Predictions - 1s: 417, 0s: 339
True Labels - 1s: 392, 0s: 364
Client 1 of 3: Local Epoch [3/3] Loss: 0.4221, Accuracy: 80.03 %
Predictions - 1s: 383, 0s: 375
True Labels - 1s: 385, 0s: 373
Client 3 of 3: Local Epoch [3/3] Loss: 0.4260, Accuracy: 81.00 %
-------------------------------
Round [1/4] Average Local Loss: 0.4222, Average Local Accuracy: 80.75 %
-------------------------------
-------- Validation --------
Predictions - 1s: 336, 0s: 232
True Labels - 1s: 307, 0s: 261
Round [1/4] Global Model Validation Loss: 0.4667, Validation Accuracy: 77.64 %
-------- Validation finished --------
Updated best model in round 1 saved with Validation Loss: 0.4667 and Validation Accuracy: 77.64 %
-------------------------------

Round 2 of 4
-------------------------------
Predictions - 1s: 430, 0s: 326
True Labels - 1s: 404, 0s: 352
Client 2 of 3: Local Epoch [1/3] Loss: 0.4728, Accuracy: 78.04 %
Predictions - 1s: 415, 0s: 341
True Labels - 1s: 392, 0s: 364
Client 1 of 3: Local Epoch [1/3] Loss: 0.4696, Accuracy: 77.38 %
Predictions - 1s: 404, 0s: 354
True Labels - 1s: 385, 0s: 373
Client 3 of 3: Local Epoch [1/3] Loss: 0.4888, Accuracy: 75.59 %
Predictions - 1s: 414, 0s: 342
True Labels - 1s: 392, 0s: 364
Client 1 of 3: Local Epoch [2/3] Loss: 0.3942, Accuracy: 80.95 %
Predictions - 1s: 436, 0s: 320
True Labels - 1s: 404, 0s: 352
Client 2 of 3: Local Epoch [2/3] Loss: 0.4007, Accuracy: 82.01 %
Predictions - 1s: 396, 0s: 362
True Labels - 1s: 385, 0s: 373
Client 3 of 3: Local Epoch [2/3] Loss: 0.4239, Accuracy: 79.29 %
Predictions - 1s: 413, 0s: 343
True Labels - 1s: 392, 0s: 364
Client 1 of 3: Local Epoch [3/3] Loss: 0.3577, Accuracy: 83.20 %
Predictions - 1s: 426, 0s: 330
True Labels - 1s: 404, 0s: 352
Client 2 of 3: Local Epoch [3/3] Loss: 0.3537, Accuracy: 84.66 %
Predictions - 1s: 389, 0s: 369
True Labels - 1s: 385, 0s: 373
Client 3 of 3: Local Epoch [3/3] Loss: 0.3693, Accuracy: 83.38 %
-------------------------------
Round [2/4] Average Local Loss: 0.3602, Average Local Accuracy: 83.74 %
-------------------------------
-------- Validation --------
Predictions - 1s: 345, 0s: 223
True Labels - 1s: 307, 0s: 261
Round [2/4] Global Model Validation Loss: 0.4539, Validation Accuracy: 78.87 %
-------- Validation finished --------
Updated best model in round 2 saved with Validation Loss: 0.4539 and Validation Accuracy: 78.87 %
-------------------------------

Round 3 of 4
-------------------------------
Predictions - 1s: 435, 0s: 321
True Labels - 1s: 404, 0s: 352
Client 2 of 3: Local Epoch [1/3] Loss: 0.4474, Accuracy: 78.44 %
Predictions - 1s: 412, 0s: 344
True Labels - 1s: 392, 0s: 364
Client 1 of 3: Local Epoch [1/3] Loss: 0.4425, Accuracy: 78.31 %
Predictions - 1s: 391, 0s: 367
True Labels - 1s: 385, 0s: 373
Client 3 of 3: Local Epoch [1/3] Loss: 0.4454, Accuracy: 79.16 %
Predictions - 1s: 431, 0s: 325
True Labels - 1s: 404, 0s: 352
Client 2 of 3: Local Epoch [2/3] Loss: 0.3712, Accuracy: 83.99 %
Predictions - 1s: 412, 0s: 344
True Labels - 1s: 392, 0s: 364
Client 1 of 3: Local Epoch [2/3] Loss: 0.3614, Accuracy: 84.66 %
Predictions - 1s: 382, 0s: 376
True Labels - 1s: 385, 0s: 373
Client 3 of 3: Local Epoch [2/3] Loss: 0.3734, Accuracy: 83.25 %
Predictions - 1s: 385, 0s: 373
True Labels - 1s: 385, 0s: 373
Client 3 of 3: Local Epoch [3/3] Loss: 0.3312, Accuracy: 85.49 %
Predictions - 1s: 427, 0s: 329
True Labels - 1s: 404, 0s: 352
Client 2 of 3: Local Epoch [3/3] Loss: 0.3233, Accuracy: 86.38 %
Predictions - 1s: 411, 0s: 345
True Labels - 1s: 392, 0s: 364
Client 1 of 3: Local Epoch [3/3] Loss: 0.3069, Accuracy: 87.17 %
-------------------------------
Round [3/4] Average Local Loss: 0.3204, Average Local Accuracy: 86.34 %
-------------------------------
-------- Validation --------
Predictions - 1s: 340, 0s: 228
True Labels - 1s: 307, 0s: 261
Round [3/4] Global Model Validation Loss: 0.4626, Validation Accuracy: 79.05 %
-------- Validation finished --------

Round 4 of 4
-------------------------------
Predictions - 1s: 431, 0s: 325
True Labels - 1s: 404, 0s: 352
Client 2 of 3: Local Epoch [1/3] Loss: 0.4332, Accuracy: 80.03 %
Predictions - 1s: 416, 0s: 340
True Labels - 1s: 392, 0s: 364
Client 1 of 3: Local Epoch [1/3] Loss: 0.4060, Accuracy: 81.48 %
Predictions - 1s: 396, 0s: 362
True Labels - 1s: 385, 0s: 373
Client 3 of 3: Local Epoch [1/3] Loss: 0.4124, Accuracy: 82.19 %
Predictions - 1s: 390, 0s: 366
True Labels - 1s: 392, 0s: 364
Client 1 of 3: Local Epoch [2/3] Loss: 0.3234, Accuracy: 86.51 %
Predictions - 1s: 422, 0s: 334
True Labels - 1s: 404, 0s: 352
Client 2 of 3: Local Epoch [2/3] Loss: 0.3250, Accuracy: 85.19 %
Predictions - 1s: 387, 0s: 371
True Labels - 1s: 385, 0s: 373
Client 3 of 3: Local Epoch [2/3] Loss: 0.3291, Accuracy: 85.75 %
Predictions - 1s: 406, 0s: 350
True Labels - 1s: 392, 0s: 364
Client 1 of 3: Local Epoch [3/3] Loss: 0.2645, Accuracy: 89.42 %
Predictions - 1s: 444, 0s: 312
True Labels - 1s: 404, 0s: 352
Client 2 of 3: Local Epoch [3/3] Loss: 0.2834, Accuracy: 88.10 %
Predictions - 1s: 405, 0s: 353
True Labels - 1s: 385, 0s: 373
Client 3 of 3: Local Epoch [3/3] Loss: 0.2792, Accuracy: 88.65 %
-------------------------------
Round [4/4] Average Local Loss: 0.2757, Average Local Accuracy: 88.72 %
-------------------------------
-------- Validation --------
Predictions - 1s: 334, 0s: 234
True Labels - 1s: 307, 0s: 261
Round [4/4] Global Model Validation Loss: 0.4662, Validation Accuracy: 80.11 %
-------- Validation finished --------
Best model in round 2 saved with Validation Loss: 0.4539 and Validation Accuracy: 78.87 %

-------- Training finished in 5:45 --------

Test flag enabled. Testing the model

-------- Loading best model from model_path --------
Loaded model bert-small from date 22-04-2024 03:51. Trained with Federated Learning technology.
Round 2, lr: 6e-05, optimizer: AdamW
Average train accuracy: 83.74 %, Validation accuracy: 78.87 %
-------- Best model loaded --------

-------- Creating Test Dataloader --------
Test Loader: 715 total sentences. 90 batches of size 8.
-------- Test Dataloader created --------

-------- Testing --------
Predictions - 1s: 431, 0s: 284
True Labels - 1s: 369, 0s: 346
Nº of test samples: 715
Accuracy: 75.94%
Accuracy 2 : 75.94%
Precision: 76.74%
Recall: 75.64%
F1 Score: 75.60%
Classification report:
              precision    recall  f1-score   support

           0     0.8063    0.6618    0.7270       346
           1     0.7285    0.8509    0.7850       369

    accuracy                         0.7594       715
   macro avg     0.7674    0.7564    0.7560       715
weighted avg     0.7662    0.7594    0.7569       715

-------- Testing finished --------
