Current configuration:
{
    "concurrency_flag": true,
    "data_distribution": "iid",
    "dataset": "dreaddit",
    "device": "cuda",
    "dp_delta": 0.003,
    "dp_epsilon": 0.0,
    "eval_batch_size": 4,
    "eval_flag": true,
    "eval_size": 0.2,
    "fed_alg": "fedavg",
    "layers": 3,
    "learning_rate": 6e-05,
    "max_length": 512,
    "ml_mode": "bcfl",
    "model": "bert_small",
    "model_name": "bcfl_small_c3_seed6_dreaddit",
    "models_path": "/local/vpaloma/fabric-federated-learning/ablation_study/phase-4/final/accs-times/dreaddit/",
    "mu": 0.5,
    "num_clients": 3,
    "num_epochs": 3,
    "num_rounds": 4,
    "optimizer": "AdamW",
    "progress_bar_flag": false,
    "save_model": true,
    "scheduler": "linear",
    "scheduler_warmup_steps": 0,
    "seed": "random",
    "test_flag": true,
    "train_batch_size": 4,
    "train_size": 0.8
}
-------- Configuration loaded --------

-------- Setting device --------
cuda device selected and available.
-------- Device set --------

-------- Setting seed --------
seed set:  334624
-------- Seed set --------

-------- Creating Model --------
-------- Model created --------

-------- Setting Trainable Layers --------
Training the last 3 layers.

Total parameters count: 28764674
Trainable parameters count: 3416066
-------- Trainable Layers set --------

-------- Creating Tokenizer --------
-------- Tokenizer created --------

-------- Creating Train and Eval Dataloaders --------
Train Loader: 2270 total sentences. 568 batches of size 4.
Eval Loader: 568 total sentences. 142 batches of size 4.
-------- Train and Eval Dataloaders created --------

-------- Training --------
Training with Blockchain-Based Federated Learning technology.
Training without differential privacy.
Federated averaging algorithm selected.
Client 0: Label 0: 355, Label 1: 401
Client 1: Label 0: 347, Label 1: 409
Client 2: Label 0: 362, Label 1: 396

Round 1 of 4
-------------------------------
Predictions - 1s: 455, 0s: 301
True Labels - 1s: 401, 0s: 355
Client 1 of 3: Local Epoch [1/3] Loss: 0.5993, Accuracy: 64.55 %
Predictions - 1s: 479, 0s: 277
True Labels - 1s: 409, 0s: 347
Client 2 of 3: Local Epoch [1/3] Loss: 0.6075, Accuracy: 67.46 %
Predictions - 1s: 432, 0s: 326
True Labels - 1s: 396, 0s: 362
Client 3 of 3: Local Epoch [1/3] Loss: 0.5796, Accuracy: 69.13 %
Predictions - 1s: 442, 0s: 314
True Labels - 1s: 409, 0s: 347
Client 2 of 3: Local Epoch [2/3] Loss: 0.4889, Accuracy: 76.85 %
Predictions - 1s: 411, 0s: 345
True Labels - 1s: 401, 0s: 355
Client 1 of 3: Local Epoch [2/3] Loss: 0.4665, Accuracy: 78.84 %
Predictions - 1s: 413, 0s: 345
True Labels - 1s: 396, 0s: 362
Client 3 of 3: Local Epoch [2/3] Loss: 0.4765, Accuracy: 76.39 %
Predictions - 1s: 409, 0s: 347
True Labels - 1s: 401, 0s: 355
Client 1 of 3: Local Epoch [3/3] Loss: 0.4237, Accuracy: 80.69 %
Predictions - 1s: 424, 0s: 332
True Labels - 1s: 409, 0s: 347
Client 2 of 3: Local Epoch [3/3] Loss: 0.4071, Accuracy: 81.08 %
Predictions - 1s: 412, 0s: 346
True Labels - 1s: 396, 0s: 362
Client 3 of 3: Local Epoch [3/3] Loss: 0.4338, Accuracy: 79.95 %
-------------------------------
Round [1/4] Average Local Loss: 0.4216, Average Local Accuracy: 80.57 %
-------------------------------
-------- Validation --------
Predictions - 1s: 309, 0s: 259
True Labels - 1s: 282, 0s: 286
Round [1/4] Global Model Validation Loss: 0.4297, Validation Accuracy: 79.75 %
-------- Validation finished --------
Updated best model in round 1 saved with Validation Loss: 0.4297 and Validation Accuracy: 79.75 %
-------------------------------

Round 2 of 4
-------------------------------
Predictions - 1s: 415, 0s: 341
True Labels - 1s: 401, 0s: 355
Client 1 of 3: Local Epoch [1/3] Loss: 0.4862, Accuracy: 76.19 %
Predictions - 1s: 446, 0s: 310
True Labels - 1s: 409, 0s: 347
Client 2 of 3: Local Epoch [1/3] Loss: 0.4856, Accuracy: 75.26 %
Predictions - 1s: 407, 0s: 351
True Labels - 1s: 396, 0s: 362
Client 3 of 3: Local Epoch [1/3] Loss: 0.4805, Accuracy: 76.39 %
Predictions - 1s: 426, 0s: 330
True Labels - 1s: 409, 0s: 347
Client 2 of 3: Local Epoch [2/3] Loss: 0.4015, Accuracy: 81.35 %
Predictions - 1s: 419, 0s: 337
True Labels - 1s: 401, 0s: 355
Client 1 of 3: Local Epoch [2/3] Loss: 0.4201, Accuracy: 79.89 %
Predictions - 1s: 408, 0s: 350
True Labels - 1s: 396, 0s: 362
Client 3 of 3: Local Epoch [2/3] Loss: 0.4166, Accuracy: 81.79 %
Predictions - 1s: 409, 0s: 347
True Labels - 1s: 401, 0s: 355
Client 1 of 3: Local Epoch [3/3] Loss: 0.3729, Accuracy: 84.13 %
Predictions - 1s: 420, 0s: 336
True Labels - 1s: 409, 0s: 347
Client 2 of 3: Local Epoch [3/3] Loss: 0.3441, Accuracy: 85.58 %
Predictions - 1s: 413, 0s: 345
True Labels - 1s: 396, 0s: 362
Client 3 of 3: Local Epoch [3/3] Loss: 0.3699, Accuracy: 83.77 %
-------------------------------
Round [2/4] Average Local Loss: 0.3623, Average Local Accuracy: 84.49 %
-------------------------------
-------- Validation --------
Predictions - 1s: 313, 0s: 255
True Labels - 1s: 282, 0s: 286
Round [2/4] Global Model Validation Loss: 0.4220, Validation Accuracy: 80.11 %
-------- Validation finished --------
Updated best model in round 2 saved with Validation Loss: 0.4220 and Validation Accuracy: 80.11 %
-------------------------------

Round 3 of 4
-------------------------------
Predictions - 1s: 419, 0s: 337
True Labels - 1s: 401, 0s: 355
Client 1 of 3: Local Epoch [1/3] Loss: 0.4442, Accuracy: 79.37 %
Predictions - 1s: 421, 0s: 335
True Labels - 1s: 409, 0s: 347
Client 2 of 3: Local Epoch [1/3] Loss: 0.4192, Accuracy: 79.37 %
Predictions - 1s: 414, 0s: 344
True Labels - 1s: 396, 0s: 362
Client 3 of 3: Local Epoch [1/3] Loss: 0.4382, Accuracy: 80.21 %
Predictions - 1s: 411, 0s: 345
True Labels - 1s: 401, 0s: 355
Client 1 of 3: Local Epoch [2/3] Loss: 0.3882, Accuracy: 81.48 %
Predictions - 1s: 425, 0s: 331
True Labels - 1s: 409, 0s: 347
Client 2 of 3: Local Epoch [2/3] Loss: 0.3557, Accuracy: 83.86 %
Predictions - 1s: 408, 0s: 350
True Labels - 1s: 396, 0s: 362
Client 3 of 3: Local Epoch [2/3] Loss: 0.3724, Accuracy: 85.22 %
Predictions - 1s: 415, 0s: 341
True Labels - 1s: 401, 0s: 355
Client 1 of 3: Local Epoch [3/3] Loss: 0.3328, Accuracy: 85.98 %
Predictions - 1s: 427, 0s: 329
True Labels - 1s: 409, 0s: 347
Client 2 of 3: Local Epoch [3/3] Loss: 0.2994, Accuracy: 87.04 %
Predictions - 1s: 416, 0s: 342
True Labels - 1s: 396, 0s: 362
Client 3 of 3: Local Epoch [3/3] Loss: 0.3231, Accuracy: 86.81 %
-------------------------------
Round [3/4] Average Local Loss: 0.3184, Average Local Accuracy: 86.61 %
-------------------------------
-------- Validation --------
Predictions - 1s: 309, 0s: 259
True Labels - 1s: 282, 0s: 286
Round [3/4] Global Model Validation Loss: 0.4092, Validation Accuracy: 80.81 %
-------- Validation finished --------
Updated best model in round 3 saved with Validation Loss: 0.4092 and Validation Accuracy: 80.81 %
-------------------------------

Round 4 of 4
-------------------------------
Predictions - 1s: 410, 0s: 346
True Labels - 1s: 401, 0s: 355
Client 1 of 3: Local Epoch [1/3] Loss: 0.4178, Accuracy: 79.23 %
Predictions - 1s: 427, 0s: 329
True Labels - 1s: 409, 0s: 347
Client 2 of 3: Local Epoch [1/3] Loss: 0.4053, Accuracy: 81.48 %
Predictions - 1s: 407, 0s: 351
True Labels - 1s: 396, 0s: 362
Client 3 of 3: Local Epoch [1/3] Loss: 0.4161, Accuracy: 78.50 %
Predictions - 1s: 415, 0s: 341
True Labels - 1s: 409, 0s: 347
Client 2 of 3: Local Epoch [2/3] Loss: 0.3070, Accuracy: 86.51 %
Predictions - 1s: 425, 0s: 331
True Labels - 1s: 401, 0s: 355
Client 1 of 3: Local Epoch [2/3] Loss: 0.3386, Accuracy: 86.77 %
Predictions - 1s: 399, 0s: 359
True Labels - 1s: 396, 0s: 362
Client 3 of 3: Local Epoch [2/3] Loss: 0.3182, Accuracy: 86.68 %
Predictions - 1s: 418, 0s: 338
True Labels - 1s: 409, 0s: 347
Client 2 of 3: Local Epoch [3/3] Loss: 0.2444, Accuracy: 89.29 %
Predictions - 1s: 414, 0s: 342
True Labels - 1s: 401, 0s: 355
Client 1 of 3: Local Epoch [3/3] Loss: 0.2943, Accuracy: 89.29 %
Predictions - 1s: 409, 0s: 349
True Labels - 1s: 396, 0s: 362
Client 3 of 3: Local Epoch [3/3] Loss: 0.2863, Accuracy: 88.79 %
-------------------------------
Round [4/4] Average Local Loss: 0.2750, Average Local Accuracy: 89.12 %
-------------------------------
-------- Validation --------
Predictions - 1s: 312, 0s: 256
True Labels - 1s: 282, 0s: 286
Round [4/4] Global Model Validation Loss: 0.4131, Validation Accuracy: 82.04 %
-------- Validation finished --------
Best model in round 3 saved with Validation Loss: 0.4092 and Validation Accuracy: 80.81 %

-------- Training finished in 5:39 --------

Test flag enabled. Testing the model

-------- Loading best model from model_path --------
Loaded model bert-small from date 22-04-2024 05:46. Trained with Federated Learning technology.
Round 3, lr: 6e-05, optimizer: AdamW
Average train accuracy: 86.61 %, Validation accuracy: 80.81 %
-------- Best model loaded --------

-------- Creating Test Dataloader --------
Test Loader: 715 total sentences. 90 batches of size 8.
-------- Test Dataloader created --------

-------- Testing --------
Predictions - 1s: 422, 0s: 293
True Labels - 1s: 369, 0s: 346
Nº of test samples: 715
Accuracy: 75.80%
Accuracy 2 : 75.80%
Precision: 76.37%
Recall: 75.54%
F1 Score: 75.53%
Classification report:
              precision    recall  f1-score   support

           0     0.7952    0.6734    0.7293       346
           1     0.7322    0.8374    0.7813       369

    accuracy                         0.7580       715
   macro avg     0.7637    0.7554    0.7553       715
weighted avg     0.7627    0.7580    0.7561       715

-------- Testing finished --------
