Current configuration:
{
    "concurrency_flag": true,
    "data_distribution": "iid",
    "dataset": "dreaddit",
    "device": "cuda",
    "dp_delta": 0.003,
    "dp_epsilon": 0.0,
    "eval_batch_size": 4,
    "eval_flag": true,
    "eval_size": 0.2,
    "fed_alg": "fedavg",
    "layers": 3,
    "learning_rate": 6e-05,
    "max_length": 512,
    "ml_mode": "bcfl",
    "model": "bert_small",
    "model_name": "bcfl_small_c10_seed10_dreaddit",
    "models_path": "/local/vpaloma/fabric-federated-learning/ablation_study/phase-4/final/accs-times/dreaddit/",
    "mu": 0.5,
    "num_clients": 10,
    "num_epochs": 3,
    "num_rounds": 4,
    "optimizer": "AdamW",
    "progress_bar_flag": false,
    "save_model": true,
    "scheduler": "linear",
    "scheduler_warmup_steps": 0,
    "seed": "random",
    "test_flag": true,
    "train_batch_size": 4,
    "train_size": 0.8
}
-------- Configuration loaded --------

-------- Setting device --------
cuda device selected and available.
-------- Device set --------

-------- Setting seed --------
seed set:  504681
-------- Seed set --------

-------- Creating Model --------
-------- Model created --------

-------- Setting Trainable Layers --------
Training the last 3 layers.

Total parameters count: 28764674
Trainable parameters count: 3416066
-------- Trainable Layers set --------

-------- Creating Tokenizer --------
-------- Tokenizer created --------

-------- Creating Train and Eval Dataloaders --------
Train Loader: 2270 total sentences. 568 batches of size 4.
Eval Loader: 568 total sentences. 142 batches of size 4.
-------- Train and Eval Dataloaders created --------

-------- Training --------
Training with Blockchain-Based Federated Learning technology.
Training without differential privacy.
Federated averaging algorithm selected.
Client 0: Label 0: 117, Label 1: 110
Client 1: Label 0: 108, Label 1: 119
Client 2: Label 0: 103, Label 1: 124
Client 3: Label 0: 106, Label 1: 121
Client 4: Label 0: 101, Label 1: 126
Client 5: Label 0: 108, Label 1: 119
Client 6: Label 0: 110, Label 1: 117
Client 7: Label 0: 100, Label 1: 127
Client 8: Label 0: 120, Label 1: 107
Client 9: Label 0: 103, Label 1: 124

Round 1 of 4
-------------------------------
Predictions - 1s: 163, 0s: 64
True Labels - 1s: 119, 0s: 108
Client 6 of 10: Local Epoch [1/3] Loss: 0.6635, Accuracy: 58.59 %
Predictions - 1s: 170, 0s: 57
True Labels - 1s: 127, 0s: 100
Client 8 of 10: Local Epoch [1/3] Loss: 0.6682, Accuracy: 59.03 %
Predictions - 1s: 158, 0s: 69
True Labels - 1s: 126, 0s: 101
Client 5 of 10: Local Epoch [1/3] Loss: 0.6440, Accuracy: 63.88 %
Predictions - 1s: 161, 0s: 66
True Labels - 1s: 124, 0s: 103
Client 10 of 10: Local Epoch [1/3] Loss: 0.6478, Accuracy: 63.44 %
Predictions - 1s: 127, 0s: 100
True Labels - 1s: 107, 0s: 120
Client 9 of 10: Local Epoch [1/3] Loss: 0.6276, Accuracy: 63.00 %
Predictions - 1s: 133, 0s: 94
True Labels - 1s: 124, 0s: 103
Client 3 of 10: Local Epoch [1/3] Loss: 0.6465, Accuracy: 63.44 %
Predictions - 1s: 106, 0s: 121
True Labels - 1s: 110, 0s: 117
Client 1 of 10: Local Epoch [1/3] Loss: 0.6414, Accuracy: 63.88 %
Predictions - 1s: 174, 0s: 53
True Labels - 1s: 121, 0s: 106
Client 4 of 10: Local Epoch [1/3] Loss: 0.6691, Accuracy: 61.67 %
Predictions - 1s: 144, 0s: 83
True Labels - 1s: 119, 0s: 108
Client 2 of 10: Local Epoch [1/3] Loss: 0.6512, Accuracy: 60.79 %
Predictions - 1s: 150, 0s: 77
True Labels - 1s: 117, 0s: 110
Client 7 of 10: Local Epoch [1/3] Loss: 0.6570, Accuracy: 63.44 %
Predictions - 1s: 133, 0s: 94
True Labels - 1s: 119, 0s: 108
Client 6 of 10: Local Epoch [2/3] Loss: 0.5987, Accuracy: 68.28 %
Predictions - 1s: 166, 0s: 61
True Labels - 1s: 126, 0s: 101
Client 5 of 10: Local Epoch [2/3] Loss: 0.5338, Accuracy: 75.33 %
Predictions - 1s: 172, 0s: 55
True Labels - 1s: 127, 0s: 100
Client 8 of 10: Local Epoch [2/3] Loss: 0.5832, Accuracy: 70.48 %
Predictions - 1s: 154, 0s: 73
True Labels - 1s: 124, 0s: 103
Client 10 of 10: Local Epoch [2/3] Loss: 0.5679, Accuracy: 70.04 %
Predictions - 1s: 106, 0s: 121
True Labels - 1s: 107, 0s: 120
Client 9 of 10: Local Epoch [2/3] Loss: 0.4847, Accuracy: 77.53 %
Predictions - 1s: 109, 0s: 118
True Labels - 1s: 110, 0s: 117
Client 1 of 10: Local Epoch [2/3] Loss: 0.5286, Accuracy: 75.77 %
Predictions - 1s: 147, 0s: 80
True Labels - 1s: 124, 0s: 103
Client 3 of 10: Local Epoch [2/3] Loss: 0.5047, Accuracy: 78.41 %
Predictions - 1s: 129, 0s: 98
True Labels - 1s: 121, 0s: 106
Client 4 of 10: Local Epoch [2/3] Loss: 0.5886, Accuracy: 68.28 %
Predictions - 1s: 129, 0s: 98
True Labels - 1s: 119, 0s: 108
Client 2 of 10: Local Epoch [2/3] Loss: 0.5502, Accuracy: 72.69 %
Predictions - 1s: 131, 0s: 96
True Labels - 1s: 117, 0s: 110
Client 7 of 10: Local Epoch [2/3] Loss: 0.5582, Accuracy: 76.21 %
Predictions - 1s: 123, 0s: 104
True Labels - 1s: 119, 0s: 108
Client 6 of 10: Local Epoch [3/3] Loss: 0.5342, Accuracy: 78.85 %
Predictions - 1s: 139, 0s: 88
True Labels - 1s: 126, 0s: 101
Client 5 of 10: Local Epoch [3/3] Loss: 0.4802, Accuracy: 80.18 %
Predictions - 1s: 145, 0s: 82
True Labels - 1s: 127, 0s: 100
Client 8 of 10: Local Epoch [3/3] Loss: 0.5267, Accuracy: 77.97 %
Predictions - 1s: 140, 0s: 87
True Labels - 1s: 124, 0s: 103
Client 10 of 10: Local Epoch [3/3] Loss: 0.5203, Accuracy: 76.21 %
Predictions - 1s: 138, 0s: 89
True Labels - 1s: 124, 0s: 103
Client 3 of 10: Local Epoch [3/3] Loss: 0.4443, Accuracy: 84.14 %
Predictions - 1s: 99, 0s: 128
True Labels - 1s: 107, 0s: 120
Client 9 of 10: Local Epoch [3/3] Loss: 0.4225, Accuracy: 79.74 %
Predictions - 1s: 123, 0s: 104
True Labels - 1s: 110, 0s: 117
Client 1 of 10: Local Epoch [3/3] Loss: 0.4811, Accuracy: 77.53 %
Predictions - 1s: 130, 0s: 97
True Labels - 1s: 119, 0s: 108
Client 2 of 10: Local Epoch [3/3] Loss: 0.5047, Accuracy: 75.77 %
Predictions - 1s: 141, 0s: 86
True Labels - 1s: 121, 0s: 106
Client 4 of 10: Local Epoch [3/3] Loss: 0.5323, Accuracy: 77.97 %
Predictions - 1s: 122, 0s: 105
True Labels - 1s: 117, 0s: 110
Client 7 of 10: Local Epoch [3/3] Loss: 0.4870, Accuracy: 78.41 %
-------------------------------
Round [1/4] Average Local Loss: 0.4933, Average Local Accuracy: 78.68 %
-------------------------------
-------- Validation --------
Predictions - 1s: 388, 0s: 180
True Labels - 1s: 294, 0s: 274
Round [1/4] Global Model Validation Loss: 0.5348, Validation Accuracy: 73.24 %
-------- Validation finished --------
Updated best model in round 1 saved with Validation Loss: 0.5348 and Validation Accuracy: 73.24 %
-------------------------------

Round 2 of 4
-------------------------------
Predictions - 1s: 149, 0s: 78
True Labels - 1s: 126, 0s: 101
Client 5 of 10: Local Epoch [1/3] Loss: 0.5465, Accuracy: 72.25 %
Predictions - 1s: 137, 0s: 90
True Labels - 1s: 121, 0s: 106
Client 4 of 10: Local Epoch [1/3] Loss: 0.5981, Accuracy: 68.28 %
Predictions - 1s: 122, 0s: 105
True Labels - 1s: 119, 0s: 108
Client 2 of 10: Local Epoch [1/3] Loss: 0.5476, Accuracy: 73.13 %
Predictions - 1s: 112, 0s: 115
True Labels - 1s: 107, 0s: 120
Client 9 of 10: Local Epoch [1/3] Loss: 0.4741, Accuracy: 77.53 %
Predictions - 1s: 127, 0s: 100
True Labels - 1s: 119, 0s: 108
Client 6 of 10: Local Epoch [1/3] Loss: 0.5559, Accuracy: 68.28 %
Predictions - 1s: 116, 0s: 111
True Labels - 1s: 117, 0s: 110
Client 7 of 10: Local Epoch [1/3] Loss: 0.5533, Accuracy: 73.13 %
Predictions - 1s: 107, 0s: 120
True Labels - 1s: 110, 0s: 117
Client 1 of 10: Local Epoch [1/3] Loss: 0.5434, Accuracy: 73.13 %
Predictions - 1s: 136, 0s: 91
True Labels - 1s: 124, 0s: 103
Client 10 of 10: Local Epoch [1/3] Loss: 0.5894, Accuracy: 68.28 %
Predictions - 1s: 155, 0s: 72
True Labels - 1s: 127, 0s: 100
Client 8 of 10: Local Epoch [1/3] Loss: 0.5868, Accuracy: 70.93 %
Predictions - 1s: 141, 0s: 86
True Labels - 1s: 124, 0s: 103
Client 3 of 10: Local Epoch [1/3] Loss: 0.4853, Accuracy: 80.18 %
Predictions - 1s: 139, 0s: 88
True Labels - 1s: 126, 0s: 101
Client 5 of 10: Local Epoch [2/3] Loss: 0.4817, Accuracy: 77.53 %
Predictions - 1s: 133, 0s: 94
True Labels - 1s: 121, 0s: 106
Client 4 of 10: Local Epoch [2/3] Loss: 0.4973, Accuracy: 78.85 %
Predictions - 1s: 133, 0s: 94
True Labels - 1s: 119, 0s: 108
Client 2 of 10: Local Epoch [2/3] Loss: 0.4861, Accuracy: 77.09 %
Predictions - 1s: 103, 0s: 124
True Labels - 1s: 107, 0s: 120
Client 9 of 10: Local Epoch [2/3] Loss: 0.3628, Accuracy: 86.78 %
Predictions - 1s: 126, 0s: 101
True Labels - 1s: 119, 0s: 108
Client 6 of 10: Local Epoch [2/3] Loss: 0.4909, Accuracy: 74.01 %
Predictions - 1s: 128, 0s: 99
True Labels - 1s: 117, 0s: 110
Client 7 of 10: Local Epoch [2/3] Loss: 0.4527, Accuracy: 78.41 %
Predictions - 1s: 114, 0s: 113
True Labels - 1s: 110, 0s: 117
Client 1 of 10: Local Epoch [2/3] Loss: 0.4527, Accuracy: 77.09 %
Predictions - 1s: 151, 0s: 76
True Labels - 1s: 124, 0s: 103
Client 10 of 10: Local Epoch [2/3] Loss: 0.5147, Accuracy: 76.65 %
Predictions - 1s: 135, 0s: 92
True Labels - 1s: 126, 0s: 101
Client 5 of 10: Local Epoch [3/3] Loss: 0.4166, Accuracy: 81.06 %
Predictions - 1s: 128, 0s: 99
True Labels - 1s: 127, 0s: 100
Client 8 of 10: Local Epoch [2/3] Loss: 0.4922, Accuracy: 77.53 %
Predictions - 1s: 135, 0s: 92
True Labels - 1s: 124, 0s: 103
Client 3 of 10: Local Epoch [2/3] Loss: 0.3777, Accuracy: 87.22 %
Predictions - 1s: 130, 0s: 97
True Labels - 1s: 121, 0s: 106
Client 4 of 10: Local Epoch [3/3] Loss: 0.4450, Accuracy: 79.30 %
Predictions - 1s: 126, 0s: 101
True Labels - 1s: 119, 0s: 108
Client 2 of 10: Local Epoch [3/3] Loss: 0.4108, Accuracy: 83.70 %
Predictions - 1s: 107, 0s: 120
True Labels - 1s: 107, 0s: 120
Client 9 of 10: Local Epoch [3/3] Loss: 0.3365, Accuracy: 85.90 %
Predictions - 1s: 118, 0s: 109
True Labels - 1s: 119, 0s: 108
Client 6 of 10: Local Epoch [3/3] Loss: 0.4404, Accuracy: 79.30 %
Predictions - 1s: 117, 0s: 110
True Labels - 1s: 117, 0s: 110
Client 7 of 10: Local Epoch [3/3] Loss: 0.3933, Accuracy: 85.90 %
Predictions - 1s: 112, 0s: 115
True Labels - 1s: 110, 0s: 117
Client 1 of 10: Local Epoch [3/3] Loss: 0.3946, Accuracy: 79.74 %
Predictions - 1s: 130, 0s: 97
True Labels - 1s: 124, 0s: 103
Client 10 of 10: Local Epoch [3/3] Loss: 0.4661, Accuracy: 79.74 %
Predictions - 1s: 144, 0s: 83
True Labels - 1s: 127, 0s: 100
Client 8 of 10: Local Epoch [3/3] Loss: 0.4579, Accuracy: 79.30 %
Predictions - 1s: 134, 0s: 93
True Labels - 1s: 124, 0s: 103
Client 3 of 10: Local Epoch [3/3] Loss: 0.3460, Accuracy: 87.67 %
-------------------------------
Round [2/4] Average Local Loss: 0.4107, Average Local Accuracy: 82.16 %
-------------------------------
-------- Validation --------
Predictions - 1s: 359, 0s: 209
True Labels - 1s: 294, 0s: 274
Round [2/4] Global Model Validation Loss: 0.4644, Validation Accuracy: 76.94 %
-------- Validation finished --------
Updated best model in round 2 saved with Validation Loss: 0.4644 and Validation Accuracy: 76.94 %
-------------------------------

Round 3 of 4
-------------------------------
Predictions - 1s: 118, 0s: 109
True Labels - 1s: 119, 0s: 108
Client 6 of 10: Local Epoch [1/3] Loss: 0.5010, Accuracy: 76.65 %
Predictions - 1s: 106, 0s: 121
True Labels - 1s: 107, 0s: 120
Client 9 of 10: Local Epoch [1/3] Loss: 0.4447, Accuracy: 79.30 %
Predictions - 1s: 130, 0s: 97
True Labels - 1s: 121, 0s: 106
Client 4 of 10: Local Epoch [1/3] Loss: 0.5136, Accuracy: 74.89 %
Predictions - 1s: 117, 0s: 110
True Labels - 1s: 110, 0s: 117
Client 1 of 10: Local Epoch [1/3] Loss: 0.4900, Accuracy: 75.77 %
Predictions - 1s: 120, 0s: 107
True Labels - 1s: 117, 0s: 110
Client 7 of 10: Local Epoch [1/3] Loss: 0.4948, Accuracy: 74.89 %
Predictions - 1s: 123, 0s: 104
True Labels - 1s: 124, 0s: 103
Client 10 of 10: Local Epoch [1/3] Loss: 0.5484, Accuracy: 72.25 %
Predictions - 1s: 135, 0s: 92
True Labels - 1s: 124, 0s: 103
Client 3 of 10: Local Epoch [1/3] Loss: 0.4278, Accuracy: 82.82 %
Predictions - 1s: 133, 0s: 94
True Labels - 1s: 127, 0s: 100
Client 8 of 10: Local Epoch [1/3] Loss: 0.5206, Accuracy: 73.57 %
Predictions - 1s: 140, 0s: 87
True Labels - 1s: 126, 0s: 101
Client 5 of 10: Local Epoch [1/3] Loss: 0.4929, Accuracy: 75.33 %
Predictions - 1s: 122, 0s: 105
True Labels - 1s: 119, 0s: 108
Client 2 of 10: Local Epoch [1/3] Loss: 0.5104, Accuracy: 73.13 %
Predictions - 1s: 121, 0s: 106
True Labels - 1s: 119, 0s: 108
Client 6 of 10: Local Epoch [2/3] Loss: 0.4302, Accuracy: 80.62 %
Predictions - 1s: 109, 0s: 118
True Labels - 1s: 107, 0s: 120
Client 9 of 10: Local Epoch [2/3] Loss: 0.3717, Accuracy: 83.26 %
Predictions - 1s: 121, 0s: 106
True Labels - 1s: 121, 0s: 106
Client 4 of 10: Local Epoch [2/3] Loss: 0.4319, Accuracy: 81.50 %
Predictions - 1s: 109, 0s: 118
True Labels - 1s: 110, 0s: 117
Client 1 of 10: Local Epoch [2/3] Loss: 0.3960, Accuracy: 81.06 %
Predictions - 1s: 116, 0s: 111
True Labels - 1s: 117, 0s: 110
Client 7 of 10: Local Epoch [2/3] Loss: 0.4077, Accuracy: 81.94 %
Predictions - 1s: 136, 0s: 91
True Labels - 1s: 124, 0s: 103
Client 10 of 10: Local Epoch [2/3] Loss: 0.4628, Accuracy: 77.97 %
Predictions - 1s: 134, 0s: 93
True Labels - 1s: 124, 0s: 103
Client 3 of 10: Local Epoch [2/3] Loss: 0.3365, Accuracy: 88.55 %
Predictions - 1s: 138, 0s: 89
True Labels - 1s: 127, 0s: 100
Client 8 of 10: Local Epoch [2/3] Loss: 0.4484, Accuracy: 81.06 %
Predictions - 1s: 140, 0s: 87
True Labels - 1s: 126, 0s: 101
Client 5 of 10: Local Epoch [2/3] Loss: 0.4451, Accuracy: 79.74 %
Predictions - 1s: 121, 0s: 106
True Labels - 1s: 119, 0s: 108
Client 2 of 10: Local Epoch [2/3] Loss: 0.4148, Accuracy: 81.50 %
Predictions - 1s: 120, 0s: 107
True Labels - 1s: 119, 0s: 108
Client 6 of 10: Local Epoch [3/3] Loss: 0.3987, Accuracy: 81.94 %
Predictions - 1s: 108, 0s: 119
True Labels - 1s: 107, 0s: 120
Client 9 of 10: Local Epoch [3/3] Loss: 0.3081, Accuracy: 85.46 %
Predictions - 1s: 132, 0s: 95
True Labels - 1s: 121, 0s: 106
Client 4 of 10: Local Epoch [3/3] Loss: 0.4162, Accuracy: 80.18 %
Predictions - 1s: 115, 0s: 112
True Labels - 1s: 110, 0s: 117
Client 1 of 10: Local Epoch [3/3] Loss: 0.3455, Accuracy: 85.46 %
Predictions - 1s: 122, 0s: 105
True Labels - 1s: 117, 0s: 110
Client 7 of 10: Local Epoch [3/3] Loss: 0.3680, Accuracy: 84.58 %
Predictions - 1s: 134, 0s: 93
True Labels - 1s: 124, 0s: 103
Client 10 of 10: Local Epoch [3/3] Loss: 0.4183, Accuracy: 82.38 %
Predictions - 1s: 131, 0s: 96
True Labels - 1s: 124, 0s: 103
Client 3 of 10: Local Epoch [3/3] Loss: 0.2927, Accuracy: 88.99 %
Predictions - 1s: 141, 0s: 86
True Labels - 1s: 126, 0s: 101
Client 5 of 10: Local Epoch [3/3] Loss: 0.4128, Accuracy: 79.30 %
Predictions - 1s: 119, 0s: 108
True Labels - 1s: 127, 0s: 100
Client 8 of 10: Local Epoch [3/3] Loss: 0.4164, Accuracy: 79.74 %
Predictions - 1s: 126, 0s: 101
True Labels - 1s: 119, 0s: 108
Client 2 of 10: Local Epoch [3/3] Loss: 0.3852, Accuracy: 81.94 %
-------------------------------
Round [3/4] Average Local Loss: 0.3762, Average Local Accuracy: 83.00 %
-------------------------------
-------- Validation --------
Predictions - 1s: 369, 0s: 199
True Labels - 1s: 294, 0s: 274
Round [3/4] Global Model Validation Loss: 0.4541, Validation Accuracy: 77.99 %
-------- Validation finished --------
Updated best model in round 3 saved with Validation Loss: 0.4541 and Validation Accuracy: 77.99 %
-------------------------------

Round 4 of 4
-------------------------------
Predictions - 1s: 116, 0s: 111
True Labels - 1s: 110, 0s: 117
Client 1 of 10: Local Epoch [1/3] Loss: 0.4385, Accuracy: 76.21 %
Predictions - 1s: 116, 0s: 111
True Labels - 1s: 124, 0s: 103
Client 10 of 10: Local Epoch [1/3] Loss: 0.5406, Accuracy: 72.69 %
Predictions - 1s: 114, 0s: 113
True Labels - 1s: 110, 0s: 117
Client 1 of 10: Local Epoch [2/3] Loss: 0.4001, Accuracy: 80.62 %
Predictions - 1s: 144, 0s: 83
True Labels - 1s: 124, 0s: 103
Client 10 of 10: Local Epoch [2/3] Loss: 0.4844, Accuracy: 75.33 %
Predictions - 1s: 135, 0s: 92
True Labels - 1s: 124, 0s: 103
Client 3 of 10: Local Epoch [1/3] Loss: 0.4057, Accuracy: 82.82 %
Predictions - 1s: 140, 0s: 87
True Labels - 1s: 127, 0s: 100
Client 8 of 10: Local Epoch [1/3] Loss: 0.5212, Accuracy: 74.89 %
Predictions - 1s: 112, 0s: 115
True Labels - 1s: 119, 0s: 108
Client 2 of 10: Local Epoch [1/3] Loss: 0.4738, Accuracy: 75.77 %
Predictions - 1s: 107, 0s: 120
True Labels - 1s: 107, 0s: 120
Client 9 of 10: Local Epoch [1/3] Loss: 0.3985, Accuracy: 79.74 %
Predictions - 1s: 108, 0s: 119
True Labels - 1s: 117, 0s: 110
Client 7 of 10: Local Epoch [1/3] Loss: 0.5303, Accuracy: 71.37 %
Predictions - 1s: 146, 0s: 81
True Labels - 1s: 126, 0s: 101
Client 5 of 10: Local Epoch [1/3] Loss: 0.5029, Accuracy: 74.45 %
Predictions - 1s: 133, 0s: 94
True Labels - 1s: 121, 0s: 106
Client 4 of 10: Local Epoch [1/3] Loss: 0.4994, Accuracy: 74.45 %
Predictions - 1s: 116, 0s: 111
True Labels - 1s: 119, 0s: 108
Client 6 of 10: Local Epoch [1/3] Loss: 0.5058, Accuracy: 75.77 %
Predictions - 1s: 108, 0s: 119
True Labels - 1s: 110, 0s: 117
Client 1 of 10: Local Epoch [3/3] Loss: 0.3395, Accuracy: 85.02 %
Predictions - 1s: 129, 0s: 98
True Labels - 1s: 124, 0s: 103
Client 10 of 10: Local Epoch [3/3] Loss: 0.4203, Accuracy: 81.06 %
Predictions - 1s: 125, 0s: 102
True Labels - 1s: 124, 0s: 103
Client 3 of 10: Local Epoch [2/3] Loss: 0.3265, Accuracy: 88.99 %
Predictions - 1s: 133, 0s: 94
True Labels - 1s: 127, 0s: 100
Client 8 of 10: Local Epoch [2/3] Loss: 0.4467, Accuracy: 80.62 %
Predictions - 1s: 145, 0s: 82
True Labels - 1s: 126, 0s: 101
Client 5 of 10: Local Epoch [2/3] Loss: 0.4215, Accuracy: 81.94 %
Predictions - 1s: 124, 0s: 103
True Labels - 1s: 121, 0s: 106
Client 4 of 10: Local Epoch [2/3] Loss: 0.3982, Accuracy: 81.94 %
Predictions - 1s: 130, 0s: 97
True Labels - 1s: 117, 0s: 110
Client 7 of 10: Local Epoch [2/3] Loss: 0.4157, Accuracy: 80.18 %
Predictions - 1s: 124, 0s: 103
True Labels - 1s: 119, 0s: 108
Client 2 of 10: Local Epoch [2/3] Loss: 0.4031, Accuracy: 82.82 %
Predictions - 1s: 111, 0s: 116
True Labels - 1s: 107, 0s: 120
Client 9 of 10: Local Epoch [2/3] Loss: 0.3476, Accuracy: 85.90 %
Predictions - 1s: 130, 0s: 97
True Labels - 1s: 119, 0s: 108
Client 6 of 10: Local Epoch [2/3] Loss: 0.4199, Accuracy: 84.58 %
Predictions - 1s: 139, 0s: 88
True Labels - 1s: 127, 0s: 100
Client 8 of 10: Local Epoch [3/3] Loss: 0.3907, Accuracy: 83.26 %
Predictions - 1s: 132, 0s: 95
True Labels - 1s: 124, 0s: 103
Client 3 of 10: Local Epoch [3/3] Loss: 0.2800, Accuracy: 89.43 %
Predictions - 1s: 133, 0s: 94
True Labels - 1s: 126, 0s: 101
Client 5 of 10: Local Epoch [3/3] Loss: 0.3635, Accuracy: 83.70 %
Predictions - 1s: 130, 0s: 97
True Labels - 1s: 121, 0s: 106
Client 4 of 10: Local Epoch [3/3] Loss: 0.3609, Accuracy: 84.58 %
Predictions - 1s: 111, 0s: 116
True Labels - 1s: 117, 0s: 110
Client 7 of 10: Local Epoch [3/3] Loss: 0.3621, Accuracy: 85.90 %
Predictions - 1s: 121, 0s: 106
True Labels - 1s: 119, 0s: 108
Client 2 of 10: Local Epoch [3/3] Loss: 0.3616, Accuracy: 83.26 %
Predictions - 1s: 116, 0s: 111
True Labels - 1s: 107, 0s: 120
Client 9 of 10: Local Epoch [3/3] Loss: 0.2804, Accuracy: 88.11 %
Predictions - 1s: 122, 0s: 105
True Labels - 1s: 119, 0s: 108
Client 6 of 10: Local Epoch [3/3] Loss: 0.3847, Accuracy: 82.82 %
-------------------------------
Round [4/4] Average Local Loss: 0.3544, Average Local Accuracy: 84.71 %
-------------------------------
-------- Validation --------
Predictions - 1s: 349, 0s: 219
True Labels - 1s: 294, 0s: 274
Round [4/4] Global Model Validation Loss: 0.4348, Validation Accuracy: 79.40 %
-------- Validation finished --------
Updated best model in round 4 saved with Validation Loss: 0.4348 and Validation Accuracy: 79.40 %
-------------------------------
Best model in round 4 saved with Validation Loss: 0.4348 and Validation Accuracy: 79.40 %

-------- Training finished in 8:48 --------

Test flag enabled. Testing the model

-------- Loading best model from model_path --------
Loaded model bert-small from date 22-04-2024 02:00. Trained with Federated Learning technology.
Round 4, lr: 6e-05, optimizer: AdamW
Average train accuracy: 84.71 %, Validation accuracy: 79.40 %
-------- Best model loaded --------

-------- Creating Test Dataloader --------
Test Loader: 715 total sentences. 90 batches of size 8.
-------- Test Dataloader created --------

-------- Testing --------
Predictions - 1s: 446, 0s: 269
True Labels - 1s: 369, 0s: 346
Nº of test samples: 715
Accuracy: 75.24%
Accuracy 2 : 75.24%
Precision: 76.47%
Recall: 74.87%
F1 Score: 74.75%
Classification report:
              precision    recall  f1-score   support

           0     0.8141    0.6329    0.7122       346
           1     0.7152    0.8645    0.7828       369

    accuracy                         0.7524       715
   macro avg     0.7647    0.7487    0.7475       715
weighted avg     0.7631    0.7524    0.7486       715

-------- Testing finished --------
