Current configuration:
{
    "concurrency_flag": true,
    "data_distribution": "iid",
    "dataset": "dreaddit",
    "device": "cuda",
    "dp_delta": 0.003,
    "dp_epsilon": 0.0,
    "eval_batch_size": 4,
    "eval_flag": true,
    "eval_size": 0.2,
    "fed_alg": "fedavg",
    "layers": 3,
    "learning_rate": 6e-05,
    "max_length": 512,
    "ml_mode": "bcfl",
    "model": "bert_small",
    "model_name": "bcfl_small_c10_dreaddit",
    "models_path": "/local/vpaloma/fabric-federated-learning/ablation_study/phase-4/final/accs-times/dreaddit/",
    "mu": 0.5,
    "num_clients": 10,
    "num_epochs": 3,
    "num_rounds": 4,
    "optimizer": "AdamW",
    "progress_bar_flag": false,
    "save_model": true,
    "scheduler": "linear",
    "scheduler_warmup_steps": 0,
    "seed": "random",
    "test_flag": true,
    "train_batch_size": 4,
    "train_size": 0.8
}
-------- Configuration loaded --------

-------- Setting device --------
cuda device selected and available.
-------- Device set --------

-------- Setting seed --------
seed set:  803809
-------- Seed set --------

-------- Creating Model --------
-------- Model created --------

-------- Setting Trainable Layers --------
Training the last 3 layers.

Total parameters count: 28764674
Trainable parameters count: 3416066
-------- Trainable Layers set --------

-------- Creating Tokenizer --------
-------- Tokenizer created --------

-------- Creating Train and Eval Dataloaders --------
Train Loader: 2270 total sentences. 568 batches of size 4.
Eval Loader: 568 total sentences. 142 batches of size 4.
-------- Train and Eval Dataloaders created --------

-------- Training --------
Training with Blockchain-Based Federated Learning technology.
Training without differential privacy.
Federated averaging algorithm selected.
Client 0: Label 0: 113, Label 1: 114
Client 1: Label 0: 109, Label 1: 118
Client 2: Label 0: 106, Label 1: 121
Client 3: Label 0: 107, Label 1: 120
Client 4: Label 0: 111, Label 1: 116
Client 5: Label 0: 108, Label 1: 119
Client 6: Label 0: 109, Label 1: 118
Client 7: Label 0: 99, Label 1: 128
Client 8: Label 0: 114, Label 1: 113
Client 9: Label 0: 116, Label 1: 111

Round 1 of 4
-------------------------------
Predictions - 1s: 118, 0s: 109
True Labels - 1s: 114, 0s: 113
Client 1 of 10: Local Epoch [1/3] Loss: 0.6661, Accuracy: 63.00 %
Predictions - 1s: 128, 0s: 99
True Labels - 1s: 120, 0s: 107
Client 4 of 10: Local Epoch [1/3] Loss: 0.6508, Accuracy: 63.00 %
Predictions - 1s: 170, 0s: 57
True Labels - 1s: 128, 0s: 99
Client 8 of 10: Local Epoch [1/3] Loss: 0.6481, Accuracy: 60.35 %
Predictions - 1s: 163, 0s: 64
True Labels - 1s: 118, 0s: 109
Client 2 of 10: Local Epoch [1/3] Loss: 0.6113, Accuracy: 66.96 %
Predictions - 1s: 126, 0s: 101
True Labels - 1s: 111, 0s: 116
Client 10 of 10: Local Epoch [1/3] Loss: 0.6209, Accuracy: 66.96 %
Predictions - 1s: 132, 0s: 95
True Labels - 1s: 118, 0s: 109
Client 7 of 10: Local Epoch [1/3] Loss: 0.6304, Accuracy: 63.00 %
Predictions - 1s: 126, 0s: 101
True Labels - 1s: 119, 0s: 108
Client 6 of 10: Local Epoch [1/3] Loss: 0.6597, Accuracy: 59.91 %
Predictions - 1s: 114, 0s: 113
True Labels - 1s: 113, 0s: 114
Client 9 of 10: Local Epoch [1/3] Loss: 0.6750, Accuracy: 58.15 %
Predictions - 1s: 160, 0s: 67
True Labels - 1s: 121, 0s: 106
Client 3 of 10: Local Epoch [1/3] Loss: 0.6641, Accuracy: 57.27 %
Predictions - 1s: 107, 0s: 120
True Labels - 1s: 116, 0s: 111
Client 5 of 10: Local Epoch [1/3] Loss: 0.6316, Accuracy: 64.32 %
Predictions - 1s: 117, 0s: 110
True Labels - 1s: 114, 0s: 113
Client 1 of 10: Local Epoch [2/3] Loss: 0.5119, Accuracy: 79.30 %
Predictions - 1s: 137, 0s: 90
True Labels - 1s: 120, 0s: 107
Client 4 of 10: Local Epoch [2/3] Loss: 0.5256, Accuracy: 75.77 %
Predictions - 1s: 140, 0s: 87
True Labels - 1s: 128, 0s: 99
Client 8 of 10: Local Epoch [2/3] Loss: 0.5231, Accuracy: 78.85 %
Predictions - 1s: 115, 0s: 112
True Labels - 1s: 118, 0s: 109
Client 2 of 10: Local Epoch [2/3] Loss: 0.4926, Accuracy: 74.89 %
Predictions - 1s: 102, 0s: 125
True Labels - 1s: 111, 0s: 116
Client 10 of 10: Local Epoch [2/3] Loss: 0.4858, Accuracy: 79.30 %
Predictions - 1s: 122, 0s: 105
True Labels - 1s: 118, 0s: 109
Client 7 of 10: Local Epoch [2/3] Loss: 0.5135, Accuracy: 73.57 %
Predictions - 1s: 140, 0s: 87
True Labels - 1s: 119, 0s: 108
Client 6 of 10: Local Epoch [2/3] Loss: 0.5336, Accuracy: 78.41 %
Predictions - 1s: 124, 0s: 103
True Labels - 1s: 113, 0s: 114
Client 9 of 10: Local Epoch [2/3] Loss: 0.5403, Accuracy: 72.25 %
Predictions - 1s: 148, 0s: 79
True Labels - 1s: 121, 0s: 106
Client 3 of 10: Local Epoch [2/3] Loss: 0.5229, Accuracy: 74.89 %
Predictions - 1s: 136, 0s: 91
True Labels - 1s: 116, 0s: 111
Client 5 of 10: Local Epoch [2/3] Loss: 0.5406, Accuracy: 72.69 %
Predictions - 1s: 93, 0s: 134
True Labels - 1s: 114, 0s: 113
Client 1 of 10: Local Epoch [3/3] Loss: 0.4712, Accuracy: 80.18 %
Predictions - 1s: 135, 0s: 92
True Labels - 1s: 120, 0s: 107
Client 4 of 10: Local Epoch [3/3] Loss: 0.4717, Accuracy: 78.41 %
Predictions - 1s: 150, 0s: 77
True Labels - 1s: 128, 0s: 99
Client 8 of 10: Local Epoch [3/3] Loss: 0.4763, Accuracy: 78.85 %
Predictions - 1s: 126, 0s: 101
True Labels - 1s: 118, 0s: 109
Client 2 of 10: Local Epoch [3/3] Loss: 0.4256, Accuracy: 82.38 %
Predictions - 1s: 123, 0s: 104
True Labels - 1s: 118, 0s: 109
Client 7 of 10: Local Epoch [3/3] Loss: 0.4413, Accuracy: 81.94 %
Predictions - 1s: 117, 0s: 110
True Labels - 1s: 113, 0s: 114
Client 9 of 10: Local Epoch [3/3] Loss: 0.4856, Accuracy: 77.09 %
Predictions - 1s: 126, 0s: 101
True Labels - 1s: 111, 0s: 116
Client 10 of 10: Local Epoch [3/3] Loss: 0.4530, Accuracy: 82.82 %
Predictions - 1s: 107, 0s: 120
True Labels - 1s: 119, 0s: 108
Client 6 of 10: Local Epoch [3/3] Loss: 0.4865, Accuracy: 77.97 %
Predictions - 1s: 129, 0s: 98
True Labels - 1s: 121, 0s: 106
Client 3 of 10: Local Epoch [3/3] Loss: 0.4856, Accuracy: 77.97 %
Predictions - 1s: 119, 0s: 108
True Labels - 1s: 116, 0s: 111
Client 5 of 10: Local Epoch [3/3] Loss: 0.4972, Accuracy: 79.30 %
-------------------------------
Round [1/4] Average Local Loss: 0.4694, Average Local Accuracy: 79.69 %
-------------------------------
-------- Validation --------
Predictions - 1s: 358, 0s: 210
True Labels - 1s: 310, 0s: 258
Round [1/4] Global Model Validation Loss: 0.5199, Validation Accuracy: 75.00 %
-------- Validation finished --------
Updated best model in round 1 saved with Validation Loss: 0.5199 and Validation Accuracy: 75.00 %
-------------------------------

Round 2 of 4
-------------------------------
Predictions - 1s: 128, 0s: 99
True Labels - 1s: 114, 0s: 113
Client 1 of 10: Local Epoch [1/3] Loss: 0.5370, Accuracy: 70.93 %
Predictions - 1s: 146, 0s: 81
True Labels - 1s: 121, 0s: 106
Client 3 of 10: Local Epoch [1/3] Loss: 0.5356, Accuracy: 71.37 %
Predictions - 1s: 113, 0s: 114
True Labels - 1s: 113, 0s: 114
Client 9 of 10: Local Epoch [1/3] Loss: 0.5246, Accuracy: 75.33 %
Predictions - 1s: 129, 0s: 98
True Labels - 1s: 118, 0s: 109
Client 2 of 10: Local Epoch [1/3] Loss: 0.4697, Accuracy: 78.41 %
Predictions - 1s: 134, 0s: 93
True Labels - 1s: 120, 0s: 107
Client 4 of 10: Local Epoch [1/3] Loss: 0.5751, Accuracy: 71.81 %
Predictions - 1s: 120, 0s: 107
True Labels - 1s: 118, 0s: 109
Client 7 of 10: Local Epoch [1/3] Loss: 0.5586, Accuracy: 70.93 %
Predictions - 1s: 141, 0s: 86
True Labels - 1s: 128, 0s: 99
Client 8 of 10: Local Epoch [1/3] Loss: 0.5545, Accuracy: 73.13 %
Predictions - 1s: 116, 0s: 111
True Labels - 1s: 119, 0s: 108
Client 6 of 10: Local Epoch [1/3] Loss: 0.5293, Accuracy: 72.25 %
Predictions - 1s: 100, 0s: 127
True Labels - 1s: 111, 0s: 116
Client 10 of 10: Local Epoch [1/3] Loss: 0.5159, Accuracy: 74.89 %
Predictions - 1s: 126, 0s: 101
True Labels - 1s: 116, 0s: 111
Client 5 of 10: Local Epoch [1/3] Loss: 0.5591, Accuracy: 71.81 %
Predictions - 1s: 112, 0s: 115
True Labels - 1s: 114, 0s: 113
Client 1 of 10: Local Epoch [2/3] Loss: 0.4303, Accuracy: 80.62 %
Predictions - 1s: 129, 0s: 98
True Labels - 1s: 121, 0s: 106
Client 3 of 10: Local Epoch [2/3] Loss: 0.4778, Accuracy: 77.97 %
Predictions - 1s: 115, 0s: 112
True Labels - 1s: 113, 0s: 114
Client 9 of 10: Local Epoch [2/3] Loss: 0.4206, Accuracy: 81.50 %
Predictions - 1s: 121, 0s: 106
True Labels - 1s: 118, 0s: 109
Client 2 of 10: Local Epoch [2/3] Loss: 0.3953, Accuracy: 83.70 %
Predictions - 1s: 125, 0s: 102
True Labels - 1s: 120, 0s: 107
Client 4 of 10: Local Epoch [2/3] Loss: 0.4772, Accuracy: 76.65 %
Predictions - 1s: 116, 0s: 111
True Labels - 1s: 118, 0s: 109
Client 7 of 10: Local Epoch [2/3] Loss: 0.4518, Accuracy: 81.50 %
Predictions - 1s: 140, 0s: 87
True Labels - 1s: 128, 0s: 99
Client 8 of 10: Local Epoch [2/3] Loss: 0.4719, Accuracy: 77.09 %
Predictions - 1s: 110, 0s: 117
True Labels - 1s: 111, 0s: 116
Client 10 of 10: Local Epoch [2/3] Loss: 0.4266, Accuracy: 81.94 %
Predictions - 1s: 122, 0s: 105
True Labels - 1s: 119, 0s: 108
Client 6 of 10: Local Epoch [2/3] Loss: 0.4407, Accuracy: 81.06 %
Predictions - 1s: 121, 0s: 106
True Labels - 1s: 114, 0s: 113
Client 1 of 10: Local Epoch [3/3] Loss: 0.3835, Accuracy: 84.58 %
Predictions - 1s: 121, 0s: 106
True Labels - 1s: 116, 0s: 111
Client 5 of 10: Local Epoch [2/3] Loss: 0.4820, Accuracy: 78.41 %
Predictions - 1s: 125, 0s: 102
True Labels - 1s: 121, 0s: 106
Client 3 of 10: Local Epoch [3/3] Loss: 0.4014, Accuracy: 81.50 %
Predictions - 1s: 121, 0s: 106
True Labels - 1s: 113, 0s: 114
Client 9 of 10: Local Epoch [3/3] Loss: 0.3758, Accuracy: 84.14 %
Predictions - 1s: 124, 0s: 103
True Labels - 1s: 118, 0s: 109
Client 2 of 10: Local Epoch [3/3] Loss: 0.3325, Accuracy: 86.78 %
Predictions - 1s: 125, 0s: 102
True Labels - 1s: 120, 0s: 107
Client 4 of 10: Local Epoch [3/3] Loss: 0.4448, Accuracy: 80.18 %
Predictions - 1s: 128, 0s: 99
True Labels - 1s: 118, 0s: 109
Client 7 of 10: Local Epoch [3/3] Loss: 0.3938, Accuracy: 84.14 %
Predictions - 1s: 126, 0s: 101
True Labels - 1s: 128, 0s: 99
Client 8 of 10: Local Epoch [3/3] Loss: 0.4142, Accuracy: 82.38 %
Predictions - 1s: 111, 0s: 116
True Labels - 1s: 111, 0s: 116
Client 10 of 10: Local Epoch [3/3] Loss: 0.4029, Accuracy: 85.02 %
Predictions - 1s: 111, 0s: 116
True Labels - 1s: 119, 0s: 108
Client 6 of 10: Local Epoch [3/3] Loss: 0.3898, Accuracy: 84.14 %
Predictions - 1s: 124, 0s: 103
True Labels - 1s: 116, 0s: 111
Client 5 of 10: Local Epoch [3/3] Loss: 0.4277, Accuracy: 83.26 %
-------------------------------
Round [2/4] Average Local Loss: 0.3966, Average Local Accuracy: 83.61 %
-------------------------------
-------- Validation --------
Predictions - 1s: 358, 0s: 210
True Labels - 1s: 310, 0s: 258
Round [2/4] Global Model Validation Loss: 0.4934, Validation Accuracy: 76.76 %
-------- Validation finished --------
Updated best model in round 2 saved with Validation Loss: 0.4934 and Validation Accuracy: 76.76 %
-------------------------------

Round 3 of 4
-------------------------------
Predictions - 1s: 139, 0s: 88
True Labels - 1s: 128, 0s: 99
Client 8 of 10: Local Epoch [1/3] Loss: 0.5041, Accuracy: 75.77 %
Predictions - 1s: 113, 0s: 114
True Labels - 1s: 113, 0s: 114
Client 9 of 10: Local Epoch [1/3] Loss: 0.4845, Accuracy: 76.21 %
Predictions - 1s: 119, 0s: 108
True Labels - 1s: 119, 0s: 108
Client 6 of 10: Local Epoch [1/3] Loss: 0.4836, Accuracy: 76.21 %
Predictions - 1s: 109, 0s: 118
True Labels - 1s: 114, 0s: 113
Client 1 of 10: Local Epoch [1/3] Loss: 0.4823, Accuracy: 76.65 %
Predictions - 1s: 123, 0s: 104
True Labels - 1s: 116, 0s: 111
Client 5 of 10: Local Epoch [1/3] Loss: 0.5199, Accuracy: 76.65 %
Predictions - 1s: 126, 0s: 101
True Labels - 1s: 121, 0s: 106
Client 3 of 10: Local Epoch [1/3] Loss: 0.4754, Accuracy: 76.65 %
Predictions - 1s: 109, 0s: 118
True Labels - 1s: 111, 0s: 116
Client 10 of 10: Local Epoch [1/3] Loss: 0.4721, Accuracy: 77.09 %
Predictions - 1s: 131, 0s: 96
True Labels - 1s: 118, 0s: 109
Client 2 of 10: Local Epoch [1/3] Loss: 0.4428, Accuracy: 79.30 %
Predictions - 1s: 123, 0s: 104
True Labels - 1s: 118, 0s: 109
Client 7 of 10: Local Epoch [1/3] Loss: 0.5045, Accuracy: 74.01 %
Predictions - 1s: 121, 0s: 106
True Labels - 1s: 120, 0s: 107
Client 4 of 10: Local Epoch [1/3] Loss: 0.5019, Accuracy: 74.89 %
Predictions - 1s: 138, 0s: 89
True Labels - 1s: 128, 0s: 99
Client 8 of 10: Local Epoch [2/3] Loss: 0.4207, Accuracy: 80.62 %
Predictions - 1s: 121, 0s: 106
True Labels - 1s: 113, 0s: 114
Client 9 of 10: Local Epoch [2/3] Loss: 0.4273, Accuracy: 78.85 %
Predictions - 1s: 134, 0s: 93
True Labels - 1s: 119, 0s: 108
Client 6 of 10: Local Epoch [2/3] Loss: 0.4235, Accuracy: 78.41 %
Predictions - 1s: 118, 0s: 109
True Labels - 1s: 114, 0s: 113
Client 1 of 10: Local Epoch [2/3] Loss: 0.4066, Accuracy: 82.38 %
Predictions - 1s: 116, 0s: 111
True Labels - 1s: 116, 0s: 111
Client 5 of 10: Local Epoch [2/3] Loss: 0.4312, Accuracy: 81.50 %
Predictions - 1s: 140, 0s: 87
True Labels - 1s: 121, 0s: 106
Client 3 of 10: Local Epoch [2/3] Loss: 0.4243, Accuracy: 76.65 %
Predictions - 1s: 107, 0s: 120
True Labels - 1s: 111, 0s: 116
Client 10 of 10: Local Epoch [2/3] Loss: 0.4004, Accuracy: 82.38 %
Predictions - 1s: 119, 0s: 108
True Labels - 1s: 118, 0s: 109
Client 2 of 10: Local Epoch [2/3] Loss: 0.3668, Accuracy: 85.46 %
Predictions - 1s: 132, 0s: 95
True Labels - 1s: 128, 0s: 99
Client 8 of 10: Local Epoch [3/3] Loss: 0.3892, Accuracy: 85.02 %
Predictions - 1s: 119, 0s: 108
True Labels - 1s: 118, 0s: 109
Client 7 of 10: Local Epoch [2/3] Loss: 0.4081, Accuracy: 81.06 %
Predictions - 1s: 125, 0s: 102
True Labels - 1s: 120, 0s: 107
Client 4 of 10: Local Epoch [2/3] Loss: 0.4532, Accuracy: 80.18 %
Predictions - 1s: 120, 0s: 107
True Labels - 1s: 113, 0s: 114
Client 9 of 10: Local Epoch [3/3] Loss: 0.3570, Accuracy: 84.58 %
Predictions - 1s: 110, 0s: 117
True Labels - 1s: 119, 0s: 108
Client 6 of 10: Local Epoch [3/3] Loss: 0.3913, Accuracy: 81.06 %
Predictions - 1s: 114, 0s: 113
True Labels - 1s: 114, 0s: 113
Client 1 of 10: Local Epoch [3/3] Loss: 0.3292, Accuracy: 85.90 %
Predictions - 1s: 118, 0s: 109
True Labels - 1s: 116, 0s: 111
Client 5 of 10: Local Epoch [3/3] Loss: 0.4027, Accuracy: 81.50 %
Predictions - 1s: 129, 0s: 98
True Labels - 1s: 121, 0s: 106
Client 3 of 10: Local Epoch [3/3] Loss: 0.3554, Accuracy: 85.90 %
Predictions - 1s: 115, 0s: 112
True Labels - 1s: 111, 0s: 116
Client 10 of 10: Local Epoch [3/3] Loss: 0.3811, Accuracy: 85.02 %
Predictions - 1s: 125, 0s: 102
True Labels - 1s: 118, 0s: 109
Client 2 of 10: Local Epoch [3/3] Loss: 0.3231, Accuracy: 88.99 %
Predictions - 1s: 121, 0s: 106
True Labels - 1s: 118, 0s: 109
Client 7 of 10: Local Epoch [3/3] Loss: 0.3512, Accuracy: 84.58 %
Predictions - 1s: 124, 0s: 103
True Labels - 1s: 120, 0s: 107
Client 4 of 10: Local Epoch [3/3] Loss: 0.3820, Accuracy: 83.26 %
-------------------------------
Round [3/4] Average Local Loss: 0.3662, Average Local Accuracy: 84.58 %
-------------------------------
-------- Validation --------
Predictions - 1s: 352, 0s: 216
True Labels - 1s: 310, 0s: 258
Round [3/4] Global Model Validation Loss: 0.4808, Validation Accuracy: 77.82 %
-------- Validation finished --------
Updated best model in round 3 saved with Validation Loss: 0.4808 and Validation Accuracy: 77.82 %
-------------------------------

Round 4 of 4
-------------------------------
Predictions - 1s: 115, 0s: 112
True Labels - 1s: 111, 0s: 116
Client 10 of 10: Local Epoch [1/3] Loss: 0.4689, Accuracy: 78.85 %
Predictions - 1s: 118, 0s: 109
True Labels - 1s: 118, 0s: 109
Client 7 of 10: Local Epoch [1/3] Loss: 0.4685, Accuracy: 77.97 %
Predictions - 1s: 114, 0s: 113
True Labels - 1s: 113, 0s: 114
Client 9 of 10: Local Epoch [1/3] Loss: 0.4818, Accuracy: 77.53 %
Predictions - 1s: 113, 0s: 114
True Labels - 1s: 111, 0s: 116
Client 10 of 10: Local Epoch [2/3] Loss: 0.3826, Accuracy: 84.14 %
Predictions - 1s: 119, 0s: 108
True Labels - 1s: 114, 0s: 113
Client 1 of 10: Local Epoch [1/3] Loss: 0.4644, Accuracy: 77.53 %
Predictions - 1s: 112, 0s: 115
True Labels - 1s: 118, 0s: 109
Client 7 of 10: Local Epoch [2/3] Loss: 0.3806, Accuracy: 83.26 %
Predictions - 1s: 120, 0s: 107
True Labels - 1s: 113, 0s: 114
Client 9 of 10: Local Epoch [2/3] Loss: 0.4086, Accuracy: 81.94 %
Predictions - 1s: 134, 0s: 93
True Labels - 1s: 128, 0s: 99
Client 8 of 10: Local Epoch [1/3] Loss: 0.4877, Accuracy: 75.33 %
Predictions - 1s: 121, 0s: 106
True Labels - 1s: 119, 0s: 108
Client 6 of 10: Local Epoch [1/3] Loss: 0.4802, Accuracy: 74.45 %
Predictions - 1s: 124, 0s: 103
True Labels - 1s: 118, 0s: 109
Client 2 of 10: Local Epoch [1/3] Loss: 0.4432, Accuracy: 77.97 %
Predictions - 1s: 138, 0s: 89
True Labels - 1s: 121, 0s: 106
Client 3 of 10: Local Epoch [1/3] Loss: 0.4708, Accuracy: 76.65 %
Predictions - 1s: 120, 0s: 107
True Labels - 1s: 116, 0s: 111
Client 5 of 10: Local Epoch [1/3] Loss: 0.5007, Accuracy: 72.69 %
Predictions - 1s: 122, 0s: 105
True Labels - 1s: 120, 0s: 107
Client 4 of 10: Local Epoch [1/3] Loss: 0.4769, Accuracy: 76.21 %
Predictions - 1s: 111, 0s: 116
True Labels - 1s: 111, 0s: 116
Client 10 of 10: Local Epoch [3/3] Loss: 0.3399, Accuracy: 85.02 %
Predictions - 1s: 113, 0s: 114
True Labels - 1s: 114, 0s: 113
Client 1 of 10: Local Epoch [2/3] Loss: 0.3574, Accuracy: 83.70 %
Predictions - 1s: 120, 0s: 107
True Labels - 1s: 118, 0s: 109
Client 7 of 10: Local Epoch [3/3] Loss: 0.3478, Accuracy: 85.02 %
Predictions - 1s: 119, 0s: 108
True Labels - 1s: 113, 0s: 114
Client 9 of 10: Local Epoch [3/3] Loss: 0.3336, Accuracy: 84.14 %
Predictions - 1s: 140, 0s: 87
True Labels - 1s: 128, 0s: 99
Client 8 of 10: Local Epoch [2/3] Loss: 0.4121, Accuracy: 79.74 %
Predictions - 1s: 111, 0s: 116
True Labels - 1s: 119, 0s: 108
Client 6 of 10: Local Epoch [2/3] Loss: 0.4134, Accuracy: 80.62 %
Predictions - 1s: 120, 0s: 107
True Labels - 1s: 118, 0s: 109
Client 2 of 10: Local Epoch [2/3] Loss: 0.3553, Accuracy: 85.90 %
Predictions - 1s: 127, 0s: 100
True Labels - 1s: 121, 0s: 106
Client 3 of 10: Local Epoch [2/3] Loss: 0.3745, Accuracy: 83.26 %
Predictions - 1s: 127, 0s: 100
True Labels - 1s: 116, 0s: 111
Client 5 of 10: Local Epoch [2/3] Loss: 0.4002, Accuracy: 81.06 %
Predictions - 1s: 126, 0s: 101
True Labels - 1s: 120, 0s: 107
Client 4 of 10: Local Epoch [2/3] Loss: 0.4306, Accuracy: 77.09 %
Predictions - 1s: 119, 0s: 108
True Labels - 1s: 114, 0s: 113
Client 1 of 10: Local Epoch [3/3] Loss: 0.3098, Accuracy: 88.99 %
Predictions - 1s: 133, 0s: 94
True Labels - 1s: 128, 0s: 99
Client 8 of 10: Local Epoch [3/3] Loss: 0.3581, Accuracy: 84.58 %
Predictions - 1s: 122, 0s: 105
True Labels - 1s: 118, 0s: 109
Client 2 of 10: Local Epoch [3/3] Loss: 0.3150, Accuracy: 86.78 %
Predictions - 1s: 124, 0s: 103
True Labels - 1s: 119, 0s: 108
Client 6 of 10: Local Epoch [3/3] Loss: 0.3447, Accuracy: 86.34 %
Predictions - 1s: 132, 0s: 95
True Labels - 1s: 121, 0s: 106
Client 3 of 10: Local Epoch [3/3] Loss: 0.3400, Accuracy: 84.58 %
Predictions - 1s: 117, 0s: 110
True Labels - 1s: 116, 0s: 111
Client 5 of 10: Local Epoch [3/3] Loss: 0.3924, Accuracy: 85.46 %
Predictions - 1s: 128, 0s: 99
True Labels - 1s: 120, 0s: 107
Client 4 of 10: Local Epoch [3/3] Loss: 0.3638, Accuracy: 85.02 %
-------------------------------
Round [4/4] Average Local Loss: 0.3445, Average Local Accuracy: 85.59 %
-------------------------------
-------- Validation --------
Predictions - 1s: 343, 0s: 225
True Labels - 1s: 310, 0s: 258
Round [4/4] Global Model Validation Loss: 0.4725, Validation Accuracy: 78.35 %
-------- Validation finished --------
Updated best model in round 4 saved with Validation Loss: 0.4725 and Validation Accuracy: 78.35 %
-------------------------------
Best model in round 4 saved with Validation Loss: 0.4725 and Validation Accuracy: 78.35 %

-------- Training finished in 8:45 --------

Test flag enabled. Testing the model

-------- Loading best model from model_path --------
Loaded model bert-small from date 22-04-2024 03:17. Trained with Federated Learning technology.
Round 4, lr: 6e-05, optimizer: AdamW
Average train accuracy: 85.59 %, Validation accuracy: 78.35 %
-------- Best model loaded --------

-------- Creating Test Dataloader --------
Test Loader: 715 total sentences. 90 batches of size 8.
-------- Test Dataloader created --------

-------- Testing --------
Predictions - 1s: 435, 0s: 280
True Labels - 1s: 369, 0s: 346
Nº of test samples: 715
Accuracy: 75.38%
Accuracy 2 : 75.38%
Precision: 76.27%
Recall: 75.06%
F1 Score: 75.00%
Classification report:
              precision    recall  f1-score   support

           0     0.8036    0.6503    0.7188       346
           1     0.7218    0.8509    0.7811       369

    accuracy                         0.7538       715
   macro avg     0.7627    0.7506    0.7500       715
weighted avg     0.7614    0.7538    0.7510       715

-------- Testing finished --------
