Current configuration:
{
    "concurrency_flag": true,
    "data_distribution": "iid",
    "dataset": "dreaddit",
    "device": "cuda",
    "dp_delta": 0.003,
    "dp_epsilon": 0.0,
    "eval_batch_size": 4,
    "eval_flag": true,
    "eval_size": 0.2,
    "fed_alg": "fedavg",
    "layers": 3,
    "learning_rate": 6e-05,
    "max_length": 512,
    "ml_mode": "bcfl",
    "model": "bert_small",
    "model_name": "bcfl_small_c3_seed5_dreaddit",
    "models_path": "/local/vpaloma/fabric-federated-learning/ablation_study/phase-4/final/accs-times/dreaddit/",
    "mu": 0.5,
    "num_clients": 3,
    "num_epochs": 3,
    "num_rounds": 4,
    "optimizer": "AdamW",
    "progress_bar_flag": false,
    "save_model": true,
    "scheduler": "linear",
    "scheduler_warmup_steps": 0,
    "seed": "random",
    "test_flag": true,
    "train_batch_size": 4,
    "train_size": 0.8
}
-------- Configuration loaded --------

-------- Setting device --------
cuda device selected and available.
-------- Device set --------

-------- Setting seed --------
seed set:  348670
-------- Seed set --------

-------- Creating Model --------
-------- Model created --------

-------- Setting Trainable Layers --------
Training the last 3 layers.

Total parameters count: 28764674
Trainable parameters count: 3416066
-------- Trainable Layers set --------

-------- Creating Tokenizer --------
-------- Tokenizer created --------

-------- Creating Train and Eval Dataloaders --------
Train Loader: 2270 total sentences. 568 batches of size 4.
Eval Loader: 568 total sentences. 142 batches of size 4.
-------- Train and Eval Dataloaders created --------

-------- Training --------
Training with Blockchain-Based Federated Learning technology.
Training without differential privacy.
Federated averaging algorithm selected.
Client 0: Label 0: 359, Label 1: 397
Client 1: Label 0: 348, Label 1: 408
Client 2: Label 0: 366, Label 1: 392

Round 1 of 4
-------------------------------
Predictions - 1s: 393, 0s: 363
True Labels - 1s: 397, 0s: 359
Client 1 of 3: Local Epoch [1/3] Loss: 0.5754, Accuracy: 68.25 %
Predictions - 1s: 451, 0s: 305
True Labels - 1s: 408, 0s: 348
Client 2 of 3: Local Epoch [1/3] Loss: 0.5912, Accuracy: 65.48 %
Predictions - 1s: 431, 0s: 327
True Labels - 1s: 392, 0s: 366
Client 3 of 3: Local Epoch [1/3] Loss: 0.5894, Accuracy: 67.94 %
Predictions - 1s: 398, 0s: 358
True Labels - 1s: 397, 0s: 359
Client 1 of 3: Local Epoch [2/3] Loss: 0.4429, Accuracy: 77.91 %
Predictions - 1s: 449, 0s: 307
True Labels - 1s: 408, 0s: 348
Client 2 of 3: Local Epoch [2/3] Loss: 0.4736, Accuracy: 77.38 %
Predictions - 1s: 407, 0s: 351
True Labels - 1s: 392, 0s: 366
Client 3 of 3: Local Epoch [2/3] Loss: 0.4545, Accuracy: 78.23 %
Predictions - 1s: 395, 0s: 361
True Labels - 1s: 397, 0s: 359
Client 1 of 3: Local Epoch [3/3] Loss: 0.3751, Accuracy: 84.39 %
Predictions - 1s: 430, 0s: 326
True Labels - 1s: 408, 0s: 348
Client 2 of 3: Local Epoch [3/3] Loss: 0.4149, Accuracy: 80.69 %
Predictions - 1s: 410, 0s: 348
True Labels - 1s: 392, 0s: 366
Client 3 of 3: Local Epoch [3/3] Loss: 0.4045, Accuracy: 81.53 %
-------------------------------
Round [1/4] Average Local Loss: 0.3982, Average Local Accuracy: 82.20 %
-------------------------------
-------- Validation --------
Predictions - 1s: 330, 0s: 238
True Labels - 1s: 291, 0s: 277
Round [1/4] Global Model Validation Loss: 0.4761, Validation Accuracy: 77.64 %
-------- Validation finished --------
Updated best model in round 1 saved with Validation Loss: 0.4761 and Validation Accuracy: 77.64 %
-------------------------------

Round 2 of 4
-------------------------------
Predictions - 1s: 396, 0s: 360
Predictions - 1s: 430, 0s: 326
True Labels - 1s: 397, 0s: 359
True Labels - 1s: 408, 0s: 348
Client 1 of 3: Local Epoch [1/3] Loss: 0.4392, Accuracy: 79.50 %
Client 2 of 3: Local Epoch [1/3] Loss: 0.4770, Accuracy: 77.78 %
Predictions - 1s: 402, 0s: 356
True Labels - 1s: 392, 0s: 366
Client 3 of 3: Local Epoch [1/3] Loss: 0.4480, Accuracy: 80.21 %
Predictions - 1s: 395, 0s: 361
True Labels - 1s: 397, 0s: 359
Client 1 of 3: Local Epoch [2/3] Loss: 0.3648, Accuracy: 82.54 %
Predictions - 1s: 425, 0s: 331
True Labels - 1s: 408, 0s: 348
Client 2 of 3: Local Epoch [2/3] Loss: 0.3940, Accuracy: 82.14 %
Predictions - 1s: 406, 0s: 352
True Labels - 1s: 392, 0s: 366
Client 3 of 3: Local Epoch [2/3] Loss: 0.3789, Accuracy: 82.85 %
Predictions - 1s: 422, 0s: 334
True Labels - 1s: 408, 0s: 348
Client 2 of 3: Local Epoch [3/3] Loss: 0.3437, Accuracy: 84.92 %
Predictions - 1s: 402, 0s: 354
True Labels - 1s: 397, 0s: 359
Client 1 of 3: Local Epoch [3/3] Loss: 0.3211, Accuracy: 86.64 %
Predictions - 1s: 392, 0s: 366
True Labels - 1s: 392, 0s: 366
Client 3 of 3: Local Epoch [3/3] Loss: 0.3450, Accuracy: 85.49 %
-------------------------------
Round [2/4] Average Local Loss: 0.3366, Average Local Accuracy: 85.68 %
-------------------------------
-------- Validation --------
Predictions - 1s: 339, 0s: 229
True Labels - 1s: 291, 0s: 277
Round [2/4] Global Model Validation Loss: 0.5009, Validation Accuracy: 78.17 %
-------- Validation finished --------

Round 3 of 4
-------------------------------
Predictions - 1s: 392, 0s: 364
True Labels - 1s: 397, 0s: 359
Client 1 of 3: Local Epoch [1/3] Loss: 0.4077, Accuracy: 80.29 %
Predictions - 1s: 429, 0s: 327
True Labels - 1s: 408, 0s: 348
Client 2 of 3: Local Epoch [1/3] Loss: 0.4093, Accuracy: 80.82 %
Predictions - 1s: 393, 0s: 365
True Labels - 1s: 392, 0s: 366
Client 3 of 3: Local Epoch [1/3] Loss: 0.4295, Accuracy: 80.34 %
Predictions - 1s: 400, 0s: 356
True Labels - 1s: 397, 0s: 359
Client 1 of 3: Local Epoch [2/3] Loss: 0.3219, Accuracy: 86.90 %
Predictions - 1s: 424, 0s: 332
True Labels - 1s: 408, 0s: 348
Client 2 of 3: Local Epoch [2/3] Loss: 0.3337, Accuracy: 85.45 %
Predictions - 1s: 408, 0s: 350
True Labels - 1s: 392, 0s: 366
Client 3 of 3: Local Epoch [2/3] Loss: 0.3620, Accuracy: 83.38 %
Predictions - 1s: 418, 0s: 338
True Labels - 1s: 408, 0s: 348
Client 2 of 3: Local Epoch [3/3] Loss: 0.2882, Accuracy: 87.57 %
Predictions - 1s: 391, 0s: 365
True Labels - 1s: 397, 0s: 359
Client 1 of 3: Local Epoch [3/3] Loss: 0.2696, Accuracy: 88.62 %
Predictions - 1s: 403, 0s: 355
True Labels - 1s: 392, 0s: 366
Client 3 of 3: Local Epoch [3/3] Loss: 0.3145, Accuracy: 86.15 %
-------------------------------
Round [3/4] Average Local Loss: 0.2908, Average Local Accuracy: 87.45 %
-------------------------------
-------- Validation --------
Predictions - 1s: 339, 0s: 229
True Labels - 1s: 291, 0s: 277
Round [3/4] Global Model Validation Loss: 0.5150, Validation Accuracy: 78.52 %
-------- Validation finished --------

Round 4 of 4
-------------------------------
Predictions - 1s: 405, 0s: 351
True Labels - 1s: 397, 0s: 359
Client 1 of 3: Local Epoch [1/3] Loss: 0.3820, Accuracy: 82.54 %
Predictions - 1s: 416, 0s: 340
True Labels - 1s: 408, 0s: 348
Client 2 of 3: Local Epoch [1/3] Loss: 0.3768, Accuracy: 83.86 %
Predictions - 1s: 395, 0s: 363
True Labels - 1s: 392, 0s: 366
Client 3 of 3: Local Epoch [1/3] Loss: 0.3967, Accuracy: 82.19 %
Predictions - 1s: 393, 0s: 363
True Labels - 1s: 397, 0s: 359
Client 1 of 3: Local Epoch [2/3] Loss: 0.2914, Accuracy: 87.83 %
Predictions - 1s: 421, 0s: 335
True Labels - 1s: 408, 0s: 348
Client 2 of 3: Local Epoch [2/3] Loss: 0.2903, Accuracy: 87.70 %
Predictions - 1s: 392, 0s: 366
True Labels - 1s: 392, 0s: 366
Client 3 of 3: Local Epoch [2/3] Loss: 0.2976, Accuracy: 87.86 %
Predictions - 1s: 399, 0s: 357
True Labels - 1s: 397, 0s: 359
Client 1 of 3: Local Epoch [3/3] Loss: 0.2297, Accuracy: 91.01 %
Predictions - 1s: 413, 0s: 343
True Labels - 1s: 408, 0s: 348
Client 2 of 3: Local Epoch [3/3] Loss: 0.2295, Accuracy: 91.67 %
Predictions - 1s: 394, 0s: 364
True Labels - 1s: 392, 0s: 366
Client 3 of 3: Local Epoch [3/3] Loss: 0.2588, Accuracy: 89.18 %
-------------------------------
Round [4/4] Average Local Loss: 0.2393, Average Local Accuracy: 90.62 %
-------------------------------
-------- Validation --------
Predictions - 1s: 320, 0s: 248
True Labels - 1s: 291, 0s: 277
Round [4/4] Global Model Validation Loss: 0.5253, Validation Accuracy: 79.75 %
-------- Validation finished --------
Best model in round 1 saved with Validation Loss: 0.4761 and Validation Accuracy: 77.64 %

-------- Training finished in 5:31 --------

Test flag enabled. Testing the model

-------- Loading best model from model_path --------
Loaded model bert-small from date 22-04-2024 05:29. Trained with Federated Learning technology.
Round 1, lr: 6e-05, optimizer: AdamW
Average train accuracy: 82.20 %, Validation accuracy: 77.64 %
-------- Best model loaded --------

-------- Creating Test Dataloader --------
Test Loader: 715 total sentences. 90 batches of size 8.
-------- Test Dataloader created --------

-------- Testing --------
Predictions - 1s: 423, 0s: 292
True Labels - 1s: 369, 0s: 346
Nº of test samples: 715
Accuracy: 74.55%
Accuracy 2 : 74.55%
Precision: 75.09%
Recall: 74.28%
F1 Score: 74.25%
Classification report:
              precision    recall  f1-score   support

           0     0.7808    0.6590    0.7147       346
           1     0.7210    0.8266    0.7702       369

    accuracy                         0.7455       715
   macro avg     0.7509    0.7428    0.7425       715
weighted avg     0.7500    0.7455    0.7434       715

-------- Testing finished --------
