Current configuration:
{
    "concurrency_flag": true,
    "data_distribution": "iid",
    "dataset": "dreaddit",
    "device": "cuda",
    "dp_delta": 0.003,
    "dp_epsilon": 0.0,
    "eval_batch_size": 4,
    "eval_flag": true,
    "eval_size": 0.2,
    "fed_alg": "fedavg",
    "layers": 3,
    "learning_rate": 6e-05,
    "max_length": 512,
    "ml_mode": "bcfl",
    "model": "bert_small",
    "model_name": "bcfl_small_c3_seed7_dreaddit",
    "models_path": "/local/vpaloma/fabric-federated-learning/ablation_study/phase-4/final/accs-times/dreaddit/",
    "mu": 0.5,
    "num_clients": 3,
    "num_epochs": 3,
    "num_rounds": 4,
    "optimizer": "AdamW",
    "progress_bar_flag": false,
    "save_model": true,
    "scheduler": "linear",
    "scheduler_warmup_steps": 0,
    "seed": "random",
    "test_flag": true,
    "train_batch_size": 4,
    "train_size": 0.8
}
-------- Configuration loaded --------

-------- Setting device --------
cuda device selected and available.
-------- Device set --------

-------- Setting seed --------
seed set:  568406
-------- Seed set --------

-------- Creating Model --------
-------- Model created --------

-------- Setting Trainable Layers --------
Training the last 3 layers.

Total parameters count: 28764674
Trainable parameters count: 3416066
-------- Trainable Layers set --------

-------- Creating Tokenizer --------
-------- Tokenizer created --------

-------- Creating Train and Eval Dataloaders --------
Train Loader: 2270 total sentences. 568 batches of size 4.
Eval Loader: 568 total sentences. 142 batches of size 4.
-------- Train and Eval Dataloaders created --------

-------- Training --------
Training with Blockchain-Based Federated Learning technology.
Training without differential privacy.
Federated averaging algorithm selected.
Client 0: Label 0: 342, Label 1: 414
Client 1: Label 0: 372, Label 1: 384
Client 2: Label 0: 362, Label 1: 396

Round 1 of 4
-------------------------------
Predictions - 1s: 435, 0s: 321
True Labels - 1s: 384, 0s: 372
Client 2 of 3: Local Epoch [1/3] Loss: 0.5796, Accuracy: 68.12 %
Predictions - 1s: 476, 0s: 280
True Labels - 1s: 414, 0s: 342
Client 1 of 3: Local Epoch [1/3] Loss: 0.5882, Accuracy: 66.93 %
Predictions - 1s: 429, 0s: 329
True Labels - 1s: 396, 0s: 362
Client 3 of 3: Local Epoch [1/3] Loss: 0.5632, Accuracy: 70.32 %
Predictions - 1s: 446, 0s: 310
True Labels - 1s: 414, 0s: 342
Client 1 of 3: Local Epoch [2/3] Loss: 0.4658, Accuracy: 77.78 %
Predictions - 1s: 393, 0s: 363
True Labels - 1s: 384, 0s: 372
Client 2 of 3: Local Epoch [2/3] Loss: 0.4571, Accuracy: 77.12 %
Predictions - 1s: 401, 0s: 357
True Labels - 1s: 396, 0s: 362
Client 3 of 3: Local Epoch [2/3] Loss: 0.4307, Accuracy: 81.13 %
Predictions - 1s: 404, 0s: 352
True Labels - 1s: 384, 0s: 372
Client 2 of 3: Local Epoch [3/3] Loss: 0.4094, Accuracy: 79.63 %
Predictions - 1s: 428, 0s: 328
True Labels - 1s: 414, 0s: 342
Client 1 of 3: Local Epoch [3/3] Loss: 0.4080, Accuracy: 81.75 %
Predictions - 1s: 433, 0s: 325
True Labels - 1s: 396, 0s: 362
Client 3 of 3: Local Epoch [3/3] Loss: 0.3893, Accuracy: 81.66 %
-------------------------------
Round [1/4] Average Local Loss: 0.4023, Average Local Accuracy: 81.01 %
-------------------------------
-------- Validation --------
Predictions - 1s: 338, 0s: 230
True Labels - 1s: 294, 0s: 274
Round [1/4] Global Model Validation Loss: 0.4822, Validation Accuracy: 76.06 %
-------- Validation finished --------
Updated best model in round 1 saved with Validation Loss: 0.4822 and Validation Accuracy: 76.06 %
-------------------------------

Round 2 of 4
-------------------------------
Predictions - 1s: 393, 0s: 363
True Labels - 1s: 384, 0s: 372
Client 2 of 3: Local Epoch [1/3] Loss: 0.4430, Accuracy: 78.70 %
Predictions - 1s: 445, 0s: 311
True Labels - 1s: 414, 0s: 342
Client 1 of 3: Local Epoch [1/3] Loss: 0.4931, Accuracy: 76.32 %
Predictions - 1s: 424, 0s: 334
True Labels - 1s: 396, 0s: 362
Client 3 of 3: Local Epoch [1/3] Loss: 0.4469, Accuracy: 77.84 %
Predictions - 1s: 405, 0s: 351
True Labels - 1s: 384, 0s: 372
Client 2 of 3: Local Epoch [2/3] Loss: 0.3830, Accuracy: 81.88 %
Predictions - 1s: 438, 0s: 318
True Labels - 1s: 414, 0s: 342
Client 1 of 3: Local Epoch [2/3] Loss: 0.4054, Accuracy: 82.01 %
Predictions - 1s: 397, 0s: 361
True Labels - 1s: 396, 0s: 362
Client 3 of 3: Local Epoch [2/3] Loss: 0.3682, Accuracy: 82.45 %
Predictions - 1s: 409, 0s: 347
True Labels - 1s: 384, 0s: 372
Client 2 of 3: Local Epoch [3/3] Loss: 0.3439, Accuracy: 85.32 %
Predictions - 1s: 431, 0s: 325
True Labels - 1s: 414, 0s: 342
Client 1 of 3: Local Epoch [3/3] Loss: 0.3674, Accuracy: 84.26 %
Predictions - 1s: 422, 0s: 336
True Labels - 1s: 396, 0s: 362
Client 3 of 3: Local Epoch [3/3] Loss: 0.3297, Accuracy: 85.75 %
-------------------------------
Round [2/4] Average Local Loss: 0.3470, Average Local Accuracy: 85.11 %
-------------------------------
-------- Validation --------
Predictions - 1s: 328, 0s: 240
True Labels - 1s: 294, 0s: 274
Round [2/4] Global Model Validation Loss: 0.4777, Validation Accuracy: 78.17 %
-------- Validation finished --------
Updated best model in round 2 saved with Validation Loss: 0.4777 and Validation Accuracy: 78.17 %
-------------------------------

Round 3 of 4
-------------------------------
Predictions - 1s: 397, 0s: 359
True Labels - 1s: 384, 0s: 372
Client 2 of 3: Local Epoch [1/3] Loss: 0.4234, Accuracy: 80.82 %
Predictions - 1s: 441, 0s: 315
True Labels - 1s: 414, 0s: 342
Client 1 of 3: Local Epoch [1/3] Loss: 0.4269, Accuracy: 79.50 %
Predictions - 1s: 405, 0s: 353
True Labels - 1s: 396, 0s: 362
Client 3 of 3: Local Epoch [1/3] Loss: 0.3958, Accuracy: 81.66 %
Predictions - 1s: 417, 0s: 339
True Labels - 1s: 414, 0s: 342
Client 1 of 3: Local Epoch [2/3] Loss: 0.3718, Accuracy: 83.73 %
Predictions - 1s: 402, 0s: 354
True Labels - 1s: 384, 0s: 372
Client 2 of 3: Local Epoch [2/3] Loss: 0.3399, Accuracy: 85.45 %
Predictions - 1s: 418, 0s: 340
True Labels - 1s: 396, 0s: 362
Client 3 of 3: Local Epoch [2/3] Loss: 0.3251, Accuracy: 85.49 %
Predictions - 1s: 405, 0s: 351
True Labels - 1s: 384, 0s: 372
Client 2 of 3: Local Epoch [3/3] Loss: 0.2932, Accuracy: 88.23 %
Predictions - 1s: 431, 0s: 325
True Labels - 1s: 414, 0s: 342
Client 1 of 3: Local Epoch [3/3] Loss: 0.3162, Accuracy: 86.90 %
Predictions - 1s: 407, 0s: 351
True Labels - 1s: 396, 0s: 362
Client 3 of 3: Local Epoch [3/3] Loss: 0.2759, Accuracy: 87.73 %
-------------------------------
Round [3/4] Average Local Loss: 0.2951, Average Local Accuracy: 87.62 %
-------------------------------
-------- Validation --------
Predictions - 1s: 341, 0s: 227
True Labels - 1s: 294, 0s: 274
Round [3/4] Global Model Validation Loss: 0.4951, Validation Accuracy: 77.99 %
-------- Validation finished --------

Round 4 of 4
-------------------------------
Predictions - 1s: 435, 0s: 321
True Labels - 1s: 414, 0s: 342
Client 1 of 3: Local Epoch [1/3] Loss: 0.3843, Accuracy: 82.94 %
Predictions - 1s: 389, 0s: 367
True Labels - 1s: 384, 0s: 372
Client 2 of 3: Local Epoch [1/3] Loss: 0.3900, Accuracy: 80.82 %
Predictions - 1s: 408, 0s: 350
True Labels - 1s: 396, 0s: 362
Client 3 of 3: Local Epoch [1/3] Loss: 0.3667, Accuracy: 82.85 %
Predictions - 1s: 436, 0s: 320
True Labels - 1s: 414, 0s: 342
Client 1 of 3: Local Epoch [2/3] Loss: 0.3286, Accuracy: 84.66 %
Predictions - 1s: 391, 0s: 365
True Labels - 1s: 384, 0s: 372
Client 2 of 3: Local Epoch [2/3] Loss: 0.3057, Accuracy: 86.38 %
Predictions - 1s: 408, 0s: 350
True Labels - 1s: 396, 0s: 362
Client 3 of 3: Local Epoch [2/3] Loss: 0.2984, Accuracy: 87.07 %
Predictions - 1s: 417, 0s: 339
True Labels - 1s: 414, 0s: 342
Client 1 of 3: Local Epoch [3/3] Loss: 0.2664, Accuracy: 88.23 %
Predictions - 1s: 401, 0s: 357
True Labels - 1s: 396, 0s: 362
Client 3 of 3: Local Epoch [3/3] Loss: 0.2418, Accuracy: 89.84 %
Predictions - 1s: 385, 0s: 371
True Labels - 1s: 384, 0s: 372
Client 2 of 3: Local Epoch [3/3] Loss: 0.2418, Accuracy: 90.87 %
-------------------------------
Round [4/4] Average Local Loss: 0.2500, Average Local Accuracy: 89.65 %
-------------------------------
-------- Validation --------
Predictions - 1s: 341, 0s: 227
True Labels - 1s: 294, 0s: 274
Round [4/4] Global Model Validation Loss: 0.5113, Validation Accuracy: 78.70 %
-------- Validation finished --------
Best model in round 2 saved with Validation Loss: 0.4777 and Validation Accuracy: 78.17 %

-------- Training finished in 5:38 --------

Test flag enabled. Testing the model

-------- Loading best model from model_path --------
Loaded model bert-small from date 22-04-2024 05:37. Trained with Federated Learning technology.
Round 2, lr: 6e-05, optimizer: AdamW
Average train accuracy: 85.11 %, Validation accuracy: 78.17 %
-------- Best model loaded --------

-------- Creating Test Dataloader --------
Test Loader: 715 total sentences. 90 batches of size 8.
-------- Test Dataloader created --------

-------- Testing --------
Predictions - 1s: 436, 0s: 279
True Labels - 1s: 369, 0s: 346
Nº of test samples: 715
Accuracy: 75.80%
Accuracy 2 : 75.80%
Precision: 76.74%
Recall: 75.48%
F1 Score: 75.41%
Classification report:
              precision    recall  f1-score   support

           0     0.8100    0.6532    0.7232       346
           1     0.7248    0.8564    0.7851       369

    accuracy                         0.7580       715
   macro avg     0.7674    0.7548    0.7541       715
weighted avg     0.7660    0.7580    0.7551       715

-------- Testing finished --------
