Current configuration:
{
    "concurrency_flag": true,
    "data_distribution": "iid",
    "dataset": "dreaddit",
    "device": "cuda",
    "dp_delta": 0.003,
    "dp_epsilon": 0.0,
    "eval_batch_size": 4,
    "eval_flag": true,
    "eval_size": 0.2,
    "fed_alg": "fedavg",
    "layers": 3,
    "learning_rate": 6e-05,
    "max_length": 512,
    "ml_mode": "bcfl",
    "model": "bert_small",
    "model_name": "bcfl_small_c20_seed8_dreaddit",
    "models_path": "/local/vpaloma/fabric-federated-learning/ablation_study/phase-4/final/clients/dreaddit/",
    "mu": 0.5,
    "num_clients": 15,
    "num_epochs": 3,
    "num_rounds": 4,
    "optimizer": "AdamW",
    "progress_bar_flag": false,
    "save_model": true,
    "scheduler": "linear",
    "scheduler_warmup_steps": 0,
    "seed": "random",
    "test_flag": true,
    "train_batch_size": 4,
    "train_size": 0.8
}
-------- Configuration loaded --------

-------- Setting device --------
cuda device selected and available.
-------- Device set --------

-------- Setting seed --------
seed set:  247007
-------- Seed set --------

-------- Creating Model --------
-------- Model created --------

-------- Setting Trainable Layers --------
Training the last 3 layers.

Total parameters count: 28764674
Trainable parameters count: 3416066
-------- Trainable Layers set --------

-------- Creating Tokenizer --------
-------- Tokenizer created --------

-------- Creating Train and Eval Dataloaders --------
Train Loader: 2270 total sentences. 568 batches of size 4.
Eval Loader: 568 total sentences. 142 batches of size 4.
-------- Train and Eval Dataloaders created --------

-------- Training --------
Training with Blockchain-Based Federated Learning technology.
Training without differential privacy.
Federated averaging algorithm selected.
Client 0: Label 0: 77, Label 1: 74
Client 1: Label 0: 80, Label 1: 71
Client 2: Label 0: 69, Label 1: 82
Client 3: Label 0: 76, Label 1: 75
Client 4: Label 0: 71, Label 1: 80
Client 5: Label 0: 71, Label 1: 80
Client 6: Label 0: 68, Label 1: 83
Client 7: Label 0: 66, Label 1: 85
Client 8: Label 0: 85, Label 1: 66
Client 9: Label 0: 68, Label 1: 83
Client 10: Label 0: 59, Label 1: 92
Client 11: Label 0: 77, Label 1: 74
Client 12: Label 0: 73, Label 1: 78
Client 13: Label 0: 74, Label 1: 77
Client 14: Label 0: 64, Label 1: 92

Round 1 of 4
-------------------------------
Predictions - 1s: 103, 0s: 48
True Labels - 1s: 80, 0s: 71
Client 5 of 15: Local Epoch [1/3] Loss: 0.6810, Accuracy: 58.28 %
Predictions - 1s: 67, 0s: 84
True Labels - 1s: 66, 0s: 85
Client 9 of 15: Local Epoch [1/3] Loss: 0.6524, Accuracy: 60.93 %
Predictions - 1s: 130, 0s: 21
True Labels - 1s: 85, 0s: 66
Client 8 of 15: Local Epoch [1/3] Loss: 0.6481, Accuracy: 60.93 %
Predictions - 1s: 94, 0s: 57
True Labels - 1s: 80, 0s: 71
Client 5 of 15: Local Epoch [2/3] Loss: 0.5776, Accuracy: 73.51 %
Predictions - 1s: 66, 0s: 85
True Labels - 1s: 71, 0s: 80
Client 2 of 15: Local Epoch [1/3] Loss: 0.6640, Accuracy: 56.95 %
Predictions - 1s: 122, 0s: 29
True Labels - 1s: 83, 0s: 68
Client 10 of 15: Local Epoch [1/3] Loss: 0.6593, Accuracy: 62.25 %
Predictions - 1s: 45, 0s: 106
True Labels - 1s: 66, 0s: 85
Client 9 of 15: Local Epoch [2/3] Loss: 0.5736, Accuracy: 74.17 %
Predictions - 1s: 85, 0s: 66
True Labels - 1s: 78, 0s: 73
Client 13 of 15: Local Epoch [1/3] Loss: 0.6434, Accuracy: 66.23 %
Predictions - 1s: 137, 0s: 19
True Labels - 1s: 92, 0s: 64
Client 15 of 15: Local Epoch [1/3] Loss: 0.6430, Accuracy: 63.46 %
Predictions - 1s: 108, 0s: 43
True Labels - 1s: 85, 0s: 66
Client 8 of 15: Local Epoch [2/3] Loss: 0.5389, Accuracy: 76.82 %
Predictions - 1s: 104, 0s: 47
True Labels - 1s: 80, 0s: 71
Client 5 of 15: Local Epoch [3/3] Loss: 0.5387, Accuracy: 77.48 %
Predictions - 1s: 80, 0s: 71
True Labels - 1s: 77, 0s: 74
Client 14 of 15: Local Epoch [1/3] Loss: 0.6677, Accuracy: 59.60 %
Predictions - 1s: 109, 0s: 42
True Labels - 1s: 82, 0s: 69
Client 3 of 15: Local Epoch [1/3] Loss: 0.6550, Accuracy: 60.93 %
Predictions - 1s: 117, 0s: 34
True Labels - 1s: 83, 0s: 68
Client 7 of 15: Local Epoch [1/3] Loss: 0.6488, Accuracy: 62.91 %
Predictions - 1s: 106, 0s: 45
True Labels - 1s: 80, 0s: 71
Client 6 of 15: Local Epoch [1/3] Loss: 0.6670, Accuracy: 62.91 %
Predictions - 1s: 64, 0s: 87
True Labels - 1s: 75, 0s: 76
Client 4 of 15: Local Epoch [1/3] Loss: 0.6712, Accuracy: 60.93 %
Predictions - 1s: 69, 0s: 82
True Labels - 1s: 74, 0s: 77
Client 12 of 15: Local Epoch [1/3] Loss: 0.6765, Accuracy: 56.95 %
Predictions - 1s: 57, 0s: 94
True Labels - 1s: 74, 0s: 77
Client 1 of 15: Local Epoch [1/3] Loss: 0.6478, Accuracy: 64.90 %
Predictions - 1s: 98, 0s: 53
True Labels - 1s: 92, 0s: 59
Client 11 of 15: Local Epoch [1/3] Loss: 0.6110, Accuracy: 64.24 %
Predictions - 1s: 58, 0s: 93
True Labels - 1s: 71, 0s: 80
Client 2 of 15: Local Epoch [2/3] Loss: 0.5612, Accuracy: 74.17 %
Predictions - 1s: 32, 0s: 119
True Labels - 1s: 66, 0s: 85
Client 9 of 15: Local Epoch [3/3] Loss: 0.5412, Accuracy: 69.54 %
Predictions - 1s: 76, 0s: 75
True Labels - 1s: 83, 0s: 68
Client 10 of 15: Local Epoch [2/3] Loss: 0.5909, Accuracy: 75.50 %
Predictions - 1s: 78, 0s: 73
True Labels - 1s: 78, 0s: 73
Client 13 of 15: Local Epoch [2/3] Loss: 0.5295, Accuracy: 77.48 %
Predictions - 1s: 126, 0s: 30
True Labels - 1s: 92, 0s: 64
Client 15 of 15: Local Epoch [2/3] Loss: 0.5467, Accuracy: 75.64 %
Predictions - 1s: 88, 0s: 63
True Labels - 1s: 85, 0s: 66
Client 8 of 15: Local Epoch [3/3] Loss: 0.4839, Accuracy: 80.79 %
Predictions - 1s: 88, 0s: 63
True Labels - 1s: 77, 0s: 74
Client 14 of 15: Local Epoch [2/3] Loss: 0.5437, Accuracy: 79.47 %
Predictions - 1s: 70, 0s: 81
True Labels - 1s: 71, 0s: 80
Client 2 of 15: Local Epoch [3/3] Loss: 0.5173, Accuracy: 78.15 %
Predictions - 1s: 101, 0s: 50
True Labels - 1s: 83, 0s: 68
Client 10 of 15: Local Epoch [3/3] Loss: 0.5361, Accuracy: 77.48 %
Predictions - 1s: 90, 0s: 61
True Labels - 1s: 78, 0s: 73
Client 13 of 15: Local Epoch [3/3] Loss: 0.4567, Accuracy: 82.78 %
Predictions - 1s: 93, 0s: 58
True Labels - 1s: 80, 0s: 71
Client 6 of 15: Local Epoch [2/3] Loss: 0.5558, Accuracy: 71.52 %
Predictions - 1s: 97, 0s: 54
True Labels - 1s: 82, 0s: 69
Client 3 of 15: Local Epoch [2/3] Loss: 0.5445, Accuracy: 74.17 %
Predictions - 1s: 91, 0s: 60
True Labels - 1s: 83, 0s: 68
Client 7 of 15: Local Epoch [2/3] Loss: 0.5416, Accuracy: 78.81 %
Predictions - 1s: 115, 0s: 41
True Labels - 1s: 92, 0s: 64
Client 15 of 15: Local Epoch [3/3] Loss: 0.5223, Accuracy: 76.28 %
Predictions - 1s: 98, 0s: 53
True Labels - 1s: 75, 0s: 76
Client 4 of 15: Local Epoch [2/3] Loss: 0.5624, Accuracy: 78.15 %
Predictions - 1s: 90, 0s: 61
True Labels - 1s: 74, 0s: 77
Client 12 of 15: Local Epoch [2/3] Loss: 0.5583, Accuracy: 76.16 %
Predictions - 1s: 120, 0s: 31
True Labels - 1s: 92, 0s: 59
Client 11 of 15: Local Epoch [2/3] Loss: 0.5309, Accuracy: 73.51 %
Predictions - 1s: 92, 0s: 59
True Labels - 1s: 74, 0s: 77
Client 1 of 15: Local Epoch [2/3] Loss: 0.5575, Accuracy: 74.83 %
Predictions - 1s: 93, 0s: 58
True Labels - 1s: 77, 0s: 74
Client 14 of 15: Local Epoch [3/3] Loss: 0.5046, Accuracy: 78.81 %
Predictions - 1s: 101, 0s: 50
True Labels - 1s: 83, 0s: 68
Client 7 of 15: Local Epoch [3/3] Loss: 0.5050, Accuracy: 82.78 %
Predictions - 1s: 87, 0s: 64
True Labels - 1s: 80, 0s: 71
Client 6 of 15: Local Epoch [3/3] Loss: 0.5080, Accuracy: 78.15 %
Predictions - 1s: 94, 0s: 57
True Labels - 1s: 82, 0s: 69
Client 3 of 15: Local Epoch [3/3] Loss: 0.5039, Accuracy: 81.46 %
Predictions - 1s: 88, 0s: 63
True Labels - 1s: 74, 0s: 77
Client 12 of 15: Local Epoch [3/3] Loss: 0.5088, Accuracy: 81.46 %
Predictions - 1s: 70, 0s: 81
True Labels - 1s: 75, 0s: 76
Client 4 of 15: Local Epoch [3/3] Loss: 0.5233, Accuracy: 78.15 %
Predictions - 1s: 120, 0s: 31
True Labels - 1s: 92, 0s: 59
Client 11 of 15: Local Epoch [3/3] Loss: 0.4959, Accuracy: 76.16 %
Predictions - 1s: 71, 0s: 80
True Labels - 1s: 74, 0s: 77
Client 1 of 15: Local Epoch [3/3] Loss: 0.4941, Accuracy: 82.12 %
-------------------------------
Round [1/4] Average Local Loss: 0.5093, Average Local Accuracy: 78.77 %
-------------------------------
-------- Validation --------
Predictions - 1s: 400, 0s: 168
True Labels - 1s: 296, 0s: 272
Round [1/4] Global Model Validation Loss: 0.5791, Validation Accuracy: 69.01 %
-------- Validation finished --------
Updated best model in round 1 saved with Validation Loss: 0.5791 and Validation Accuracy: 69.01 %
-------------------------------

Round 2 of 4
-------------------------------
Predictions - 1s: 65, 0s: 86
True Labels - 1s: 66, 0s: 85
Client 9 of 15: Local Epoch [1/3] Loss: 0.5947, Accuracy: 70.20 %
Predictions - 1s: 82, 0s: 69
True Labels - 1s: 74, 0s: 77
Client 1 of 15: Local Epoch [1/3] Loss: 0.5575, Accuracy: 73.51 %
Predictions - 1s: 62, 0s: 89
True Labels - 1s: 66, 0s: 85
Client 9 of 15: Local Epoch [2/3] Loss: 0.5066, Accuracy: 72.19 %
Predictions - 1s: 74, 0s: 77
True Labels - 1s: 74, 0s: 77
Client 1 of 15: Local Epoch [2/3] Loss: 0.4511, Accuracy: 82.78 %
Predictions - 1s: 83, 0s: 68
True Labels - 1s: 80, 0s: 71
Client 6 of 15: Local Epoch [1/3] Loss: 0.6041, Accuracy: 70.20 %
Predictions - 1s: 77, 0s: 74
True Labels - 1s: 75, 0s: 76
Client 4 of 15: Local Epoch [1/3] Loss: 0.5949, Accuracy: 69.54 %
Predictions - 1s: 59, 0s: 92
True Labels - 1s: 66, 0s: 85
Client 9 of 15: Local Epoch [3/3] Loss: 0.4550, Accuracy: 80.79 %
Predictions - 1s: 107, 0s: 44
True Labels - 1s: 92, 0s: 59
Client 11 of 15: Local Epoch [1/3] Loss: 0.5215, Accuracy: 74.17 %
Predictions - 1s: 111, 0s: 45
True Labels - 1s: 92, 0s: 64
Client 15 of 15: Local Epoch [1/3] Loss: 0.5646, Accuracy: 69.87 %
Predictions - 1s: 72, 0s: 79
True Labels - 1s: 74, 0s: 77
Client 1 of 15: Local Epoch [3/3] Loss: 0.4413, Accuracy: 81.46 %
Predictions - 1s: 77, 0s: 74
True Labels - 1s: 77, 0s: 74
Client 14 of 15: Local Epoch [1/3] Loss: 0.5365, Accuracy: 77.48 %
Predictions - 1s: 71, 0s: 80
True Labels - 1s: 71, 0s: 80
Client 2 of 15: Local Epoch [1/3] Loss: 0.5624, Accuracy: 72.19 %
Predictions - 1s: 84, 0s: 67
True Labels - 1s: 78, 0s: 73
Client 13 of 15: Local Epoch [1/3] Loss: 0.5497, Accuracy: 70.86 %
Predictions - 1s: 77, 0s: 74
True Labels - 1s: 74, 0s: 77
Client 12 of 15: Local Epoch [1/3] Loss: 0.5783, Accuracy: 70.20 %
Predictions - 1s: 88, 0s: 63
True Labels - 1s: 83, 0s: 68
Client 10 of 15: Local Epoch [1/3] Loss: 0.6122, Accuracy: 67.55 %
Predictions - 1s: 106, 0s: 45
True Labels - 1s: 80, 0s: 71
Client 5 of 15: Local Epoch [1/3] Loss: 0.5728, Accuracy: 68.21 %
Predictions - 1s: 100, 0s: 51
True Labels - 1s: 85, 0s: 66
Client 8 of 15: Local Epoch [1/3] Loss: 0.5254, Accuracy: 74.17 %
Predictions - 1s: 97, 0s: 54
True Labels - 1s: 82, 0s: 69
Client 3 of 15: Local Epoch [1/3] Loss: 0.5645, Accuracy: 68.87 %
Predictions - 1s: 98, 0s: 53
True Labels - 1s: 83, 0s: 68
Client 7 of 15: Local Epoch [1/3] Loss: 0.5662, Accuracy: 72.85 %
Predictions - 1s: 95, 0s: 56
True Labels - 1s: 80, 0s: 71
Client 6 of 15: Local Epoch [2/3] Loss: 0.5018, Accuracy: 75.50 %
Predictions - 1s: 109, 0s: 42
True Labels - 1s: 92, 0s: 59
Client 11 of 15: Local Epoch [2/3] Loss: 0.4649, Accuracy: 75.50 %
Predictions - 1s: 88, 0s: 63
True Labels - 1s: 75, 0s: 76
Client 4 of 15: Local Epoch [2/3] Loss: 0.4810, Accuracy: 82.12 %
Predictions - 1s: 108, 0s: 48
True Labels - 1s: 92, 0s: 64
Client 15 of 15: Local Epoch [2/3] Loss: 0.4999, Accuracy: 75.64 %
Predictions - 1s: 79, 0s: 72
True Labels - 1s: 78, 0s: 73
Client 13 of 15: Local Epoch [2/3] Loss: 0.4645, Accuracy: 78.15 %
Predictions - 1s: 79, 0s: 72
True Labels - 1s: 80, 0s: 71
Client 6 of 15: Local Epoch [3/3] Loss: 0.4556, Accuracy: 79.47 %
Predictions - 1s: 89, 0s: 62
True Labels - 1s: 77, 0s: 74
Client 14 of 15: Local Epoch [2/3] Loss: 0.4594, Accuracy: 81.46 %
Predictions - 1s: 93, 0s: 58
True Labels - 1s: 85, 0s: 66
Client 8 of 15: Local Epoch [2/3] Loss: 0.4392, Accuracy: 77.48 %
Predictions - 1s: 104, 0s: 47
True Labels - 1s: 92, 0s: 59
Client 11 of 15: Local Epoch [3/3] Loss: 0.3975, Accuracy: 82.78 %
Predictions - 1s: 70, 0s: 81
True Labels - 1s: 75, 0s: 76
Client 4 of 15: Local Epoch [3/3] Loss: 0.4445, Accuracy: 83.44 %
Predictions - 1s: 85, 0s: 66
True Labels - 1s: 82, 0s: 69
Client 3 of 15: Local Epoch [2/3] Loss: 0.4757, Accuracy: 79.47 %
Predictions - 1s: 89, 0s: 62
True Labels - 1s: 83, 0s: 68
Client 7 of 15: Local Epoch [2/3] Loss: 0.4688, Accuracy: 81.46 %
Predictions - 1s: 104, 0s: 47
True Labels - 1s: 83, 0s: 68
Client 10 of 15: Local Epoch [2/3] Loss: 0.5479, Accuracy: 70.20 %
Predictions - 1s: 111, 0s: 45
True Labels - 1s: 92, 0s: 64
Client 15 of 15: Local Epoch [3/3] Loss: 0.4498, Accuracy: 81.41 %
Predictions - 1s: 82, 0s: 69
True Labels - 1s: 74, 0s: 77
Client 12 of 15: Local Epoch [2/3] Loss: 0.4872, Accuracy: 80.13 %
Predictions - 1s: 67, 0s: 84
Predictions - 1s: 86, 0s: 65
True Labels - 1s: 71, 0s: 80
Client 2 of 15: Local Epoch [2/3] Loss: 0.4943, Accuracy: 78.81 %
True Labels - 1s: 80, 0s: 71
Client 5 of 15: Local Epoch [2/3] Loss: 0.5097, Accuracy: 77.48 %
Predictions - 1s: 72, 0s: 79
True Labels - 1s: 78, 0s: 73
Client 13 of 15: Local Epoch [3/3] Loss: 0.4185, Accuracy: 81.46 %
Predictions - 1s: 81, 0s: 70
True Labels - 1s: 77, 0s: 74
Client 14 of 15: Local Epoch [3/3] Loss: 0.4065, Accuracy: 84.11 %
Predictions - 1s: 92, 0s: 59
True Labels - 1s: 85, 0s: 66
Client 8 of 15: Local Epoch [3/3] Loss: 0.3929, Accuracy: 80.79 %
Predictions - 1s: 94, 0s: 57
True Labels - 1s: 82, 0s: 69
Client 3 of 15: Local Epoch [3/3] Loss: 0.4437, Accuracy: 82.78 %
Predictions - 1s: 83, 0s: 68
True Labels - 1s: 83, 0s: 68
Client 7 of 15: Local Epoch [3/3] Loss: 0.4242, Accuracy: 84.11 %
Predictions - 1s: 87, 0s: 64
True Labels - 1s: 83, 0s: 68
Client 10 of 15: Local Epoch [3/3] Loss: 0.4888, Accuracy: 81.46 %
Predictions - 1s: 77, 0s: 74
True Labels - 1s: 80, 0s: 71
Client 5 of 15: Local Epoch [3/3] Loss: 0.4538, Accuracy: 79.47 %
Predictions - 1s: 67, 0s: 84
True Labels - 1s: 74, 0s: 77
Client 12 of 15: Local Epoch [3/3] Loss: 0.4708, Accuracy: 78.15 %
Predictions - 1s: 75, 0s: 76
True Labels - 1s: 71, 0s: 80
Client 2 of 15: Local Epoch [3/3] Loss: 0.4437, Accuracy: 80.13 %
-------------------------------
Round [2/4] Average Local Loss: 0.4391, Average Local Accuracy: 81.45 %
-------------------------------
-------- Validation --------
Predictions - 1s: 343, 0s: 225
True Labels - 1s: 296, 0s: 272
Round [2/4] Global Model Validation Loss: 0.5291, Validation Accuracy: 73.77 %
-------- Validation finished --------
Updated best model in round 2 saved with Validation Loss: 0.5291 and Validation Accuracy: 73.77 %
-------------------------------

Round 3 of 4
-------------------------------
Predictions - 1s: 86, 0s: 65
True Labels - 1s: 80, 0s: 71
Client 5 of 15: Local Epoch [1/3] Loss: 0.5304, Accuracy: 73.51 %
Predictions - 1s: 85, 0s: 66
True Labels - 1s: 83, 0s: 68
Client 7 of 15: Local Epoch [1/3] Loss: 0.5195, Accuracy: 70.86 %
Predictions - 1s: 82, 0s: 69
True Labels - 1s: 80, 0s: 71
Client 6 of 15: Local Epoch [1/3] Loss: 0.5298, Accuracy: 73.51 %
Predictions - 1s: 70, 0s: 81
True Labels - 1s: 71, 0s: 80
Client 2 of 15: Local Epoch [1/3] Loss: 0.5109, Accuracy: 72.85 %
Predictions - 1s: 93, 0s: 58
True Labels - 1s: 80, 0s: 71
Client 5 of 15: Local Epoch [2/3] Loss: 0.4613, Accuracy: 76.82 %
Predictions - 1s: 92, 0s: 59
True Labels - 1s: 82, 0s: 69
Client 3 of 15: Local Epoch [1/3] Loss: 0.5085, Accuracy: 76.16 %
Predictions - 1s: 91, 0s: 60
True Labels - 1s: 83, 0s: 68
Client 10 of 15: Local Epoch [1/3] Loss: 0.5512, Accuracy: 72.19 %
Predictions - 1s: 93, 0s: 58
True Labels - 1s: 83, 0s: 68
Client 7 of 15: Local Epoch [2/3] Loss: 0.4039, Accuracy: 82.78 %
Predictions - 1s: 83, 0s: 68
True Labels - 1s: 80, 0s: 71
Client 6 of 15: Local Epoch [2/3] Loss: 0.4401, Accuracy: 78.15 %
Predictions - 1s: 78, 0s: 73
True Labels - 1s: 75, 0s: 76
Client 4 of 15: Local Epoch [1/3] Loss: 0.5238, Accuracy: 67.55 %
Predictions - 1s: 74, 0s: 77
True Labels - 1s: 71, 0s: 80
Client 2 of 15: Local Epoch [2/3] Loss: 0.4333, Accuracy: 82.12 %
Predictions - 1s: 54, 0s: 97
True Labels - 1s: 66, 0s: 85
Client 9 of 15: Local Epoch [1/3] Loss: 0.5413, Accuracy: 76.16 %
Predictions - 1s: 94, 0s: 57
True Labels - 1s: 92, 0s: 59
Client 11 of 15: Local Epoch [1/3] Loss: 0.5032, Accuracy: 73.51 %
Predictions - 1s: 79, 0s: 72
True Labels - 1s: 78, 0s: 73
Client 13 of 15: Local Epoch [1/3] Loss: 0.4631, Accuracy: 78.15 %
Predictions - 1s: 73, 0s: 78
True Labels - 1s: 74, 0s: 77
Client 1 of 15: Local Epoch [1/3] Loss: 0.4816, Accuracy: 79.47 %
Predictions - 1s: 88, 0s: 63
True Labels - 1s: 85, 0s: 66
Client 8 of 15: Local Epoch [1/3] Loss: 0.4727, Accuracy: 75.50 %
Predictions - 1s: 78, 0s: 73
Predictions - 1s: 89, 0s: 62
True Labels - 1s: 74, 0s: 77
Client 12 of 15: Local Epoch [1/3] Loss: 0.5180, Accuracy: 74.83 %
True Labels - 1s: 77, 0s: 74
Client 14 of 15: Local Epoch [1/3] Loss: 0.4898, Accuracy: 72.19 %
Predictions - 1s: 99, 0s: 57
True Labels - 1s: 92, 0s: 64
Client 15 of 15: Local Epoch [1/3] Loss: 0.5265, Accuracy: 77.56 %
Predictions - 1s: 77, 0s: 74
True Labels - 1s: 80, 0s: 71
Client 5 of 15: Local Epoch [3/3] Loss: 0.4310, Accuracy: 78.15 %
Predictions - 1s: 100, 0s: 51
True Labels - 1s: 83, 0s: 68
Client 10 of 15: Local Epoch [2/3] Loss: 0.4863, Accuracy: 76.82 %
Predictions - 1s: 74, 0s: 77
True Labels - 1s: 82, 0s: 69
Client 3 of 15: Local Epoch [2/3] Loss: 0.4513, Accuracy: 80.13 %
Predictions - 1s: 88, 0s: 63
True Labels - 1s: 83, 0s: 68
Client 7 of 15: Local Epoch [3/3] Loss: 0.3749, Accuracy: 84.77 %
Predictions - 1s: 91, 0s: 60
True Labels - 1s: 80, 0s: 71
Client 6 of 15: Local Epoch [3/3] Loss: 0.4366, Accuracy: 79.47 %
Predictions - 1s: 64, 0s: 87
True Labels - 1s: 71, 0s: 80
Client 2 of 15: Local Epoch [3/3] Loss: 0.3993, Accuracy: 79.47 %
Predictions - 1s: 85, 0s: 66
True Labels - 1s: 75, 0s: 76
Client 4 of 15: Local Epoch [2/3] Loss: 0.4347, Accuracy: 81.46 %
Predictions - 1s: 62, 0s: 89
True Labels - 1s: 66, 0s: 85
Client 9 of 15: Local Epoch [2/3] Loss: 0.4507, Accuracy: 78.81 %
Predictions - 1s: 87, 0s: 64
True Labels - 1s: 82, 0s: 69
Client 3 of 15: Local Epoch [3/3] Loss: 0.4082, Accuracy: 79.47 %
Predictions - 1s: 71, 0s: 80
True Labels - 1s: 74, 0s: 77
Client 1 of 15: Local Epoch [2/3] Loss: 0.4310, Accuracy: 80.79 %
Predictions - 1s: 77, 0s: 74
True Labels - 1s: 83, 0s: 68
Client 10 of 15: Local Epoch [3/3] Loss: 0.4405, Accuracy: 81.46 %
Predictions - 1s: 99, 0s: 57
True Labels - 1s: 92, 0s: 64
Client 15 of 15: Local Epoch [2/3] Loss: 0.4423, Accuracy: 78.85 %
Predictions - 1s: 70, 0s: 81
True Labels - 1s: 75, 0s: 76
Client 4 of 15: Local Epoch [3/3] Loss: 0.3986, Accuracy: 84.77 %
Predictions - 1s: 70, 0s: 81
True Labels - 1s: 66, 0s: 85
Client 9 of 15: Local Epoch [3/3] Loss: 0.4199, Accuracy: 81.46 %
Predictions - 1s: 90, 0s: 61
True Labels - 1s: 85, 0s: 66
Client 8 of 15: Local Epoch [2/3] Loss: 0.3832, Accuracy: 80.79 %
Predictions - 1s: 75, 0s: 76
True Labels - 1s: 77, 0s: 74
Client 14 of 15: Local Epoch [2/3] Loss: 0.4227, Accuracy: 82.78 %
Predictions - 1s: 106, 0s: 45
True Labels - 1s: 92, 0s: 59
Client 11 of 15: Local Epoch [2/3] Loss: 0.4209, Accuracy: 82.78 %
Predictions - 1s: 79, 0s: 72
True Labels - 1s: 78, 0s: 73
Client 13 of 15: Local Epoch [2/3] Loss: 0.3865, Accuracy: 86.09 %
Predictions - 1s: 83, 0s: 68
True Labels - 1s: 74, 0s: 77
Client 12 of 15: Local Epoch [2/3] Loss: 0.4566, Accuracy: 79.47 %
Predictions - 1s: 112, 0s: 44
True Labels - 1s: 92, 0s: 64
Client 15 of 15: Local Epoch [3/3] Loss: 0.4042, Accuracy: 85.90 %
Predictions - 1s: 74, 0s: 77
True Labels - 1s: 74, 0s: 77
Client 1 of 15: Local Epoch [3/3] Loss: 0.3801, Accuracy: 86.75 %
Predictions - 1s: 95, 0s: 56
True Labels - 1s: 92, 0s: 59
Client 11 of 15: Local Epoch [3/3] Loss: 0.3771, Accuracy: 86.09 %
Predictions - 1s: 67, 0s: 84
True Labels - 1s: 78, 0s: 73
Client 13 of 15: Local Epoch [3/3] Loss: 0.3385, Accuracy: 88.74 %
Predictions - 1s: 86, 0s: 65
True Labels - 1s: 85, 0s: 66
Client 8 of 15: Local Epoch [3/3] Loss: 0.3307, Accuracy: 86.09 %
Predictions - 1s: 81, 0s: 70
True Labels - 1s: 77, 0s: 74
Client 14 of 15: Local Epoch [3/3] Loss: 0.3783, Accuracy: 84.11 %
Predictions - 1s: 78, 0s: 73
True Labels - 1s: 74, 0s: 77
Client 12 of 15: Local Epoch [3/3] Loss: 0.3973, Accuracy: 82.78 %
-------------------------------
Round [3/4] Average Local Loss: 0.3944, Average Local Accuracy: 83.30 %
-------------------------------
-------- Validation --------
Predictions - 1s: 336, 0s: 232
True Labels - 1s: 296, 0s: 272
Round [3/4] Global Model Validation Loss: 0.5126, Validation Accuracy: 74.65 %
-------- Validation finished --------
Updated best model in round 3 saved with Validation Loss: 0.5126 and Validation Accuracy: 74.65 %
-------------------------------

Round 4 of 4
-------------------------------
Predictions - 1s: 84, 0s: 67
True Labels - 1s: 80, 0s: 71
Client 6 of 15: Local Epoch [1/3] Loss: 0.5059, Accuracy: 74.83 %
Predictions - 1s: 68, 0s: 83
True Labels - 1s: 66, 0s: 85
Client 9 of 15: Local Epoch [1/3] Loss: 0.4658, Accuracy: 76.16 %
Predictions - 1s: 77, 0s: 74
True Labels - 1s: 74, 0s: 77
Client 12 of 15: Local Epoch [1/3] Loss: 0.5200, Accuracy: 76.82 %
Predictions - 1s: 80, 0s: 71
True Labels - 1s: 80, 0s: 71
Client 6 of 15: Local Epoch [2/3] Loss: 0.4461, Accuracy: 77.48 %
Predictions - 1s: 78, 0s: 73
True Labels - 1s: 77, 0s: 74
Client 14 of 15: Local Epoch [1/3] Loss: 0.4416, Accuracy: 80.79 %
Predictions - 1s: 89, 0s: 62
True Labels - 1s: 83, 0s: 68
Client 7 of 15: Local Epoch [1/3] Loss: 0.4713, Accuracy: 78.81 %
Predictions - 1s: 61, 0s: 90
True Labels - 1s: 66, 0s: 85
Client 9 of 15: Local Epoch [2/3] Loss: 0.4143, Accuracy: 79.47 %
Predictions - 1s: 75, 0s: 76
True Labels - 1s: 74, 0s: 77
Client 12 of 15: Local Epoch [2/3] Loss: 0.4386, Accuracy: 79.47 %
Predictions - 1s: 94, 0s: 57
True Labels - 1s: 85, 0s: 66
Client 8 of 15: Local Epoch [1/3] Loss: 0.4466, Accuracy: 76.82 %
Predictions - 1s: 86, 0s: 65
True Labels - 1s: 82, 0s: 69
Client 3 of 15: Local Epoch [1/3] Loss: 0.4876, Accuracy: 77.48 %
Predictions - 1s: 79, 0s: 72
True Labels - 1s: 80, 0s: 71
Client 6 of 15: Local Epoch [3/3] Loss: 0.4160, Accuracy: 79.47 %
Predictions - 1s: 67, 0s: 84
True Labels - 1s: 71, 0s: 80
Client 2 of 15: Local Epoch [1/3] Loss: 0.4973, Accuracy: 78.81 %
Predictions - 1s: 107, 0s: 44
True Labels - 1s: 92, 0s: 59
Client 11 of 15: Local Epoch [1/3] Loss: 0.4922, Accuracy: 76.82 %
Predictions - 1s: 83, 0s: 68
True Labels - 1s: 80, 0s: 71
Client 5 of 15: Local Epoch [1/3] Loss: 0.5408, Accuracy: 70.20 %
Predictions - 1s: 74, 0s: 77
True Labels - 1s: 75, 0s: 76
Client 4 of 15: Local Epoch [1/3] Loss: 0.5098, Accuracy: 74.17 %
Predictions - 1s: 91, 0s: 60
True Labels - 1s: 83, 0s: 68
Client 10 of 15: Local Epoch [1/3] Loss: 0.5522, Accuracy: 73.51 %
Predictions - 1s: 85, 0s: 66
True Labels - 1s: 78, 0s: 73
Client 13 of 15: Local Epoch [1/3] Loss: 0.4609, Accuracy: 78.15 %
Predictions - 1s: 74, 0s: 77
True Labels - 1s: 74, 0s: 77
Client 1 of 15: Local Epoch [1/3] Loss: 0.4939, Accuracy: 74.83 %
Predictions - 1s: 99, 0s: 57
True Labels - 1s: 92, 0s: 64
Client 15 of 15: Local Epoch [1/3] Loss: 0.5149, Accuracy: 73.72 %
Predictions - 1s: 83, 0s: 68
True Labels - 1s: 77, 0s: 74
Client 14 of 15: Local Epoch [2/3] Loss: 0.3837, Accuracy: 81.46 %
Predictions - 1s: 91, 0s: 60
True Labels - 1s: 83, 0s: 68
Client 7 of 15: Local Epoch [2/3] Loss: 0.3917, Accuracy: 84.11 %
Predictions - 1s: 71, 0s: 80
True Labels - 1s: 66, 0s: 85
Client 9 of 15: Local Epoch [3/3] Loss: 0.3911, Accuracy: 82.12 %
Predictions - 1s: 83, 0s: 68
True Labels - 1s: 74, 0s: 77
Client 12 of 15: Local Epoch [3/3] Loss: 0.4075, Accuracy: 82.12 %
Predictions - 1s: 88, 0s: 63
True Labels - 1s: 85, 0s: 66
Client 8 of 15: Local Epoch [2/3] Loss: 0.3809, Accuracy: 82.12 %
Predictions - 1s: 89, 0s: 62
True Labels - 1s: 82, 0s: 69
Client 3 of 15: Local Epoch [2/3] Loss: 0.4162, Accuracy: 83.44 %
Predictions - 1s: 89, 0s: 62
True Labels - 1s: 80, 0s: 71
Client 5 of 15: Local Epoch [2/3] Loss: 0.4318, Accuracy: 78.15 %
Predictions - 1s: 76, 0s: 75
True Labels - 1s: 77, 0s: 74
Client 14 of 15: Local Epoch [3/3] Loss: 0.3425, Accuracy: 83.44 %
Predictions - 1s: 77, 0s: 74
True Labels - 1s: 78, 0s: 73
Client 13 of 15: Local Epoch [2/3] Loss: 0.3776, Accuracy: 80.79 %
Predictions - 1s: 94, 0s: 57
True Labels - 1s: 83, 0s: 68
Client 7 of 15: Local Epoch [3/3] Loss: 0.3472, Accuracy: 86.09 %
Predictions - 1s: 73, 0s: 78
True Labels - 1s: 71, 0s: 80
Client 2 of 15: Local Epoch [2/3] Loss: 0.4065, Accuracy: 84.11 %
Predictions - 1s: 94, 0s: 62
True Labels - 1s: 92, 0s: 64
Client 15 of 15: Local Epoch [2/3] Loss: 0.4536, Accuracy: 79.49 %
Predictions - 1s: 91, 0s: 60
True Labels - 1s: 83, 0s: 68
Client 10 of 15: Local Epoch [2/3] Loss: 0.4794, Accuracy: 77.48 %
Predictions - 1s: 77, 0s: 74
True Labels - 1s: 74, 0s: 77
Client 1 of 15: Local Epoch [2/3] Loss: 0.4070, Accuracy: 84.77 %
Predictions - 1s: 107, 0s: 44
True Labels - 1s: 92, 0s: 59
Client 11 of 15: Local Epoch [2/3] Loss: 0.3926, Accuracy: 82.12 %
Predictions - 1s: 82, 0s: 69
True Labels - 1s: 75, 0s: 76
Client 4 of 15: Local Epoch [2/3] Loss: 0.4049, Accuracy: 86.09 %
Predictions - 1s: 80, 0s: 71
True Labels - 1s: 85, 0s: 66
Client 8 of 15: Local Epoch [3/3] Loss: 0.3294, Accuracy: 83.44 %
Predictions - 1s: 94, 0s: 57
True Labels - 1s: 82, 0s: 69
Client 3 of 15: Local Epoch [3/3] Loss: 0.3924, Accuracy: 81.46 %
Predictions - 1s: 82, 0s: 69
True Labels - 1s: 80, 0s: 71
Client 5 of 15: Local Epoch [3/3] Loss: 0.4189, Accuracy: 78.81 %
Predictions - 1s: 73, 0s: 78
True Labels - 1s: 78, 0s: 73
Client 13 of 15: Local Epoch [3/3] Loss: 0.3050, Accuracy: 87.42 %
Predictions - 1s: 68, 0s: 83
True Labels - 1s: 71, 0s: 80
Client 2 of 15: Local Epoch [3/3] Loss: 0.3679, Accuracy: 86.09 %
Predictions - 1s: 109, 0s: 47
True Labels - 1s: 92, 0s: 64
Client 15 of 15: Local Epoch [3/3] Loss: 0.4066, Accuracy: 85.26 %
Predictions - 1s: 72, 0s: 79
True Labels - 1s: 74, 0s: 77
Client 1 of 15: Local Epoch [3/3] Loss: 0.3810, Accuracy: 84.11 %
Predictions - 1s: 80, 0s: 71
True Labels - 1s: 83, 0s: 68
Client 10 of 15: Local Epoch [3/3] Loss: 0.4241, Accuracy: 82.12 %
Predictions - 1s: 97, 0s: 54
True Labels - 1s: 92, 0s: 59
Client 11 of 15: Local Epoch [3/3] Loss: 0.3792, Accuracy: 83.44 %
Predictions - 1s: 79, 0s: 72
True Labels - 1s: 75, 0s: 76
Client 4 of 15: Local Epoch [3/3] Loss: 0.3766, Accuracy: 84.11 %
-------------------------------
Round [4/4] Average Local Loss: 0.3790, Average Local Accuracy: 83.30 %
-------------------------------
-------- Validation --------
Predictions - 1s: 347, 0s: 221
True Labels - 1s: 296, 0s: 272
Round [4/4] Global Model Validation Loss: 0.5179, Validation Accuracy: 75.53 %
-------- Validation finished --------
Best model in round 3 saved with Validation Loss: 0.5126 and Validation Accuracy: 74.65 %

-------- Training finished in 11:22 --------

Test flag enabled. Testing the model

-------- Loading best model from model_path --------
Loaded model bert-small from date 22-04-2024 19:53. Trained with Federated Learning technology.
Round 3, lr: 6e-05, optimizer: AdamW
Average train accuracy: 83.30 %, Validation accuracy: 74.65 %
-------- Best model loaded --------

-------- Creating Test Dataloader --------
Test Loader: 715 total sentences. 90 batches of size 8.
-------- Test Dataloader created --------

-------- Testing --------
Predictions - 1s: 444, 0s: 271
True Labels - 1s: 369, 0s: 346
Nº of test samples: 715
Accuracy: 72.73%
Accuracy 2 : 72.73%
Precision: 73.73%
Recall: 72.36%
F1 Score: 72.21%
Classification report:
              precision    recall  f1-score   support

           0     0.7786    0.6098    0.6840       346
           1     0.6959    0.8374    0.7601       369

    accuracy                         0.7273       715
   macro avg     0.7373    0.7236    0.7221       715
weighted avg     0.7359    0.7273    0.7233       715

-------- Testing finished --------
