Current configuration:
{
    "concurrency_flag": true,
    "data_distribution": "iid",
    "dataset": "dreaddit",
    "device": "cuda:1",
    "dp_delta": 0.003,
    "dp_epsilon": 0.0,
    "eval_batch_size": 4,
    "eval_flag": true,
    "eval_size": 0.2,
    "fed_alg": "fedavg",
    "layers": 3,
    "learning_rate": 6e-05,
    "max_length": 512,
    "ml_mode": "fl",
    "model": "bert_small",
    "model_name": "fl_small_c10_dreaddit",
    "models_path": "/local/vpaloma/fabric-federated-learning/ablation_study/phase-4/final/clients/dreaddit/",
    "mu": 0.5,
    "num_clients": 10,
    "num_epochs": 3,
    "num_rounds": 4,
    "optimizer": "AdamW",
    "progress_bar_flag": false,
    "save_model": true,
    "scheduler": "linear",
    "scheduler_warmup_steps": 0,
    "seed": "random",
    "test_flag": true,
    "train_batch_size": 4,
    "train_size": 0.8
}
-------- Configuration loaded --------

-------- Setting device --------
cuda:1 device selected and available.
-------- Device set --------

-------- Setting seed --------
seed set:  851915
-------- Seed set --------

-------- Creating Model --------
-------- Model created --------

-------- Setting Trainable Layers --------
Training the last 3 layers.

Total parameters count: 28764674
Trainable parameters count: 3416066
-------- Trainable Layers set --------

-------- Creating Tokenizer --------
-------- Tokenizer created --------

-------- Creating Train and Eval Dataloaders --------
Train Loader: 2270 total sentences. 568 batches of size 4.
Eval Loader: 568 total sentences. 142 batches of size 4.
-------- Train and Eval Dataloaders created --------

-------- Training --------
Training with Federated Learning technology.
Training without differential privacy.
Federated averaging algorithm selected.
Client 0: Label 0: 109, Label 1: 118
Client 1: Label 0: 101, Label 1: 126
Client 2: Label 0: 106, Label 1: 121
Client 3: Label 0: 117, Label 1: 110
Client 4: Label 0: 108, Label 1: 119
Client 5: Label 0: 113, Label 1: 114
Client 6: Label 0: 99, Label 1: 128
Client 7: Label 0: 112, Label 1: 115
Client 8: Label 0: 117, Label 1: 110
Client 9: Label 0: 99, Label 1: 128

Round 1 of 4
-------------------------------
Predictions - 1s: 110, 0s: 117
True Labels - 1s: 110, 0s: 117
Client 4 of 10: Local Epoch [1/3] Loss: 0.6535, Accuracy: 61.23 %
Predictions - 1s: 136, 0s: 91
True Labels - 1s: 118, 0s: 109
Client 1 of 10: Local Epoch [1/3] Loss: 0.6822, Accuracy: 60.35 %
Predictions - 1s: 95, 0s: 132
True Labels - 1s: 110, 0s: 117
Client 9 of 10: Local Epoch [1/3] Loss: 0.6165, Accuracy: 64.32 %
Predictions - 1s: 132, 0s: 95
True Labels - 1s: 115, 0s: 112
Client 8 of 10: Local Epoch [1/3] Loss: 0.6820, Accuracy: 54.63 %
Predictions - 1s: 161, 0s: 66
True Labels - 1s: 128, 0s: 99
Client 7 of 10: Local Epoch [1/3] Loss: 0.6250, Accuracy: 66.08 %
Predictions - 1s: 144, 0s: 83
True Labels - 1s: 128, 0s: 99
Client 10 of 10: Local Epoch [1/3] Loss: 0.6471, Accuracy: 61.23 %
Predictions - 1s: 182, 0s: 45
True Labels - 1s: 126, 0s: 101
Client 2 of 10: Local Epoch [1/3] Loss: 0.6470, Accuracy: 59.47 %
Predictions - 1s: 146, 0s: 81
True Labels - 1s: 119, 0s: 108
Client 5 of 10: Local Epoch [1/3] Loss: 0.6543, Accuracy: 57.27 %
Predictions - 1s: 117, 0s: 110
True Labels - 1s: 110, 0s: 117
Client 4 of 10: Local Epoch [2/3] Loss: 0.5520, Accuracy: 73.13 %
Predictions - 1s: 122, 0s: 105
True Labels - 1s: 118, 0s: 109
Client 1 of 10: Local Epoch [2/3] Loss: 0.5495, Accuracy: 75.33 %
Predictions - 1s: 114, 0s: 113
True Labels - 1s: 110, 0s: 117
Client 9 of 10: Local Epoch [2/3] Loss: 0.4970, Accuracy: 77.97 %
Predictions - 1s: 115, 0s: 112
True Labels - 1s: 115, 0s: 112
Client 8 of 10: Local Epoch [2/3] Loss: 0.5663, Accuracy: 74.45 %
Predictions - 1s: 147, 0s: 80
True Labels - 1s: 128, 0s: 99
Client 7 of 10: Local Epoch [2/3] Loss: 0.5103, Accuracy: 78.41 %
Predictions - 1s: 151, 0s: 76
True Labels - 1s: 121, 0s: 106
Client 3 of 10: Local Epoch [1/3] Loss: 0.6452, Accuracy: 61.23 %
Predictions - 1s: 143, 0s: 84
True Labels - 1s: 128, 0s: 99
Client 10 of 10: Local Epoch [2/3] Loss: 0.5352, Accuracy: 74.89 %
Predictions - 1s: 134, 0s: 93
True Labels - 1s: 114, 0s: 113
Client 6 of 10: Local Epoch [1/3] Loss: 0.6460, Accuracy: 63.00 %
Predictions - 1s: 130, 0s: 97
True Labels - 1s: 118, 0s: 109
Client 1 of 10: Local Epoch [3/3] Loss: 0.5046, Accuracy: 79.74 %
Predictions - 1s: 132, 0s: 95
True Labels - 1s: 126, 0s: 101
Client 2 of 10: Local Epoch [2/3] Loss: 0.5647, Accuracy: 70.93 %
Predictions - 1s: 103, 0s: 124
True Labels - 1s: 110, 0s: 117
Client 4 of 10: Local Epoch [3/3] Loss: 0.4824, Accuracy: 80.18 %
Predictions - 1s: 120, 0s: 107
True Labels - 1s: 110, 0s: 117
Client 9 of 10: Local Epoch [3/3] Loss: 0.4444, Accuracy: 82.38 %
Predictions - 1s: 114, 0s: 113
True Labels - 1s: 119, 0s: 108
Client 5 of 10: Local Epoch [2/3] Loss: 0.5207, Accuracy: 78.41 %
Predictions - 1s: 120, 0s: 107
True Labels - 1s: 115, 0s: 112
Client 8 of 10: Local Epoch [3/3] Loss: 0.5294, Accuracy: 75.77 %
Predictions - 1s: 158, 0s: 69
True Labels - 1s: 128, 0s: 99
Client 7 of 10: Local Epoch [3/3] Loss: 0.4584, Accuracy: 79.74 %
Predictions - 1s: 145, 0s: 82
True Labels - 1s: 128, 0s: 99
Client 10 of 10: Local Epoch [3/3] Loss: 0.4856, Accuracy: 78.41 %
Predictions - 1s: 132, 0s: 95
True Labels - 1s: 121, 0s: 106
Client 3 of 10: Local Epoch [2/3] Loss: 0.5238, Accuracy: 75.77 %
Predictions - 1s: 125, 0s: 102
True Labels - 1s: 114, 0s: 113
Client 6 of 10: Local Epoch [2/3] Loss: 0.5558, Accuracy: 73.13 %
Predictions - 1s: 148, 0s: 79
True Labels - 1s: 126, 0s: 101
Client 2 of 10: Local Epoch [3/3] Loss: 0.4906, Accuracy: 77.97 %
Predictions - 1s: 123, 0s: 104
True Labels - 1s: 119, 0s: 108
Client 5 of 10: Local Epoch [3/3] Loss: 0.4614, Accuracy: 79.74 %
Predictions - 1s: 124, 0s: 103
True Labels - 1s: 121, 0s: 106
Client 3 of 10: Local Epoch [3/3] Loss: 0.4626, Accuracy: 78.41 %
Predictions - 1s: 130, 0s: 97
True Labels - 1s: 114, 0s: 113
Client 6 of 10: Local Epoch [3/3] Loss: 0.4994, Accuracy: 76.21 %
-------------------------------
Round [1/4] Average Local Loss: 0.4819, Average Local Accuracy: 78.85 %
-------------------------------
-------- Validation --------
Predictions - 1s: 354, 0s: 214
True Labels - 1s: 299, 0s: 269
Round [1/4] Global Model Validation Loss: 0.5040, Validation Accuracy: 76.23 %
-------- Validation finished --------
Updated best model in round 1 saved with Validation Loss: 0.5040 and Validation Accuracy: 76.23 %
-------------------------------

Round 2 of 4
-------------------------------
Predictions - 1s: 128, 0s: 99
True Labels - 1s: 118, 0s: 109
Client 1 of 10: Local Epoch [1/3] Loss: 0.5340, Accuracy: 70.93 %
Predictions - 1s: 125, 0s: 102
True Labels - 1s: 121, 0s: 106
Client 3 of 10: Local Epoch [1/3] Loss: 0.5345, Accuracy: 70.93 %
Predictions - 1s: 134, 0s: 93
True Labels - 1s: 119, 0s: 108
Client 5 of 10: Local Epoch [1/3] Loss: 0.5255, Accuracy: 75.77 %
Predictions - 1s: 132, 0s: 95
True Labels - 1s: 114, 0s: 113
Client 6 of 10: Local Epoch [1/3] Loss: 0.5629, Accuracy: 73.57 %
Predictions - 1s: 108, 0s: 119
True Labels - 1s: 110, 0s: 117
Client 4 of 10: Local Epoch [1/3] Loss: 0.5495, Accuracy: 74.45 %
Predictions - 1s: 116, 0s: 111
True Labels - 1s: 115, 0s: 112
Client 8 of 10: Local Epoch [1/3] Loss: 0.5826, Accuracy: 66.96 %
Predictions - 1s: 140, 0s: 87
True Labels - 1s: 128, 0s: 99
Client 10 of 10: Local Epoch [1/3] Loss: 0.5601, Accuracy: 66.52 %
Predictions - 1s: 148, 0s: 79
True Labels - 1s: 128, 0s: 99
Client 7 of 10: Local Epoch [1/3] Loss: 0.5300, Accuracy: 74.45 %
Predictions - 1s: 147, 0s: 80
True Labels - 1s: 126, 0s: 101
Client 2 of 10: Local Epoch [1/3] Loss: 0.5476, Accuracy: 69.60 %
Predictions - 1s: 114, 0s: 113
True Labels - 1s: 110, 0s: 117
Client 9 of 10: Local Epoch [1/3] Loss: 0.5426, Accuracy: 75.33 %
Predictions - 1s: 118, 0s: 109
True Labels - 1s: 118, 0s: 109
Client 1 of 10: Local Epoch [2/3] Loss: 0.4655, Accuracy: 77.97 %
Predictions - 1s: 131, 0s: 96
True Labels - 1s: 121, 0s: 106
Client 3 of 10: Local Epoch [2/3] Loss: 0.4486, Accuracy: 81.50 %
Predictions - 1s: 125, 0s: 102
True Labels - 1s: 119, 0s: 108
Client 5 of 10: Local Epoch [2/3] Loss: 0.4269, Accuracy: 77.97 %
Predictions - 1s: 121, 0s: 106
True Labels - 1s: 114, 0s: 113
Client 6 of 10: Local Epoch [2/3] Loss: 0.4598, Accuracy: 81.06 %
Predictions - 1s: 116, 0s: 111
True Labels - 1s: 110, 0s: 117
Client 4 of 10: Local Epoch [2/3] Loss: 0.4710, Accuracy: 81.50 %
Predictions - 1s: 127, 0s: 100
True Labels - 1s: 115, 0s: 112
Client 8 of 10: Local Epoch [2/3] Loss: 0.5299, Accuracy: 70.93 %
Predictions - 1s: 137, 0s: 90
True Labels - 1s: 128, 0s: 99
Client 10 of 10: Local Epoch [2/3] Loss: 0.4665, Accuracy: 78.41 %
Predictions - 1s: 145, 0s: 82
True Labels - 1s: 128, 0s: 99
Client 7 of 10: Local Epoch [2/3] Loss: 0.4357, Accuracy: 81.06 %
Predictions - 1s: 121, 0s: 106
True Labels - 1s: 118, 0s: 109
Client 1 of 10: Local Epoch [3/3] Loss: 0.4400, Accuracy: 81.06 %
Predictions - 1s: 137, 0s: 90
True Labels - 1s: 126, 0s: 101
Client 2 of 10: Local Epoch [2/3] Loss: 0.4774, Accuracy: 75.77 %
Predictions - 1s: 115, 0s: 112
True Labels - 1s: 121, 0s: 106
Client 3 of 10: Local Epoch [3/3] Loss: 0.3946, Accuracy: 83.26 %
Predictions - 1s: 125, 0s: 102
True Labels - 1s: 119, 0s: 108
Client 5 of 10: Local Epoch [3/3] Loss: 0.3842, Accuracy: 84.14 %
Predictions - 1s: 120, 0s: 107
True Labels - 1s: 114, 0s: 113
Client 6 of 10: Local Epoch [3/3] Loss: 0.4350, Accuracy: 84.14 %
Predictions - 1s: 115, 0s: 112
True Labels - 1s: 110, 0s: 117
Client 9 of 10: Local Epoch [2/3] Loss: 0.4540, Accuracy: 80.18 %
Predictions - 1s: 102, 0s: 125
True Labels - 1s: 110, 0s: 117
Client 4 of 10: Local Epoch [3/3] Loss: 0.4295, Accuracy: 80.62 %
Predictions - 1s: 114, 0s: 113
True Labels - 1s: 115, 0s: 112
Client 8 of 10: Local Epoch [3/3] Loss: 0.4564, Accuracy: 81.06 %
Predictions - 1s: 146, 0s: 81
True Labels - 1s: 128, 0s: 99
Client 10 of 10: Local Epoch [3/3] Loss: 0.4169, Accuracy: 83.26 %
Predictions - 1s: 134, 0s: 93
True Labels - 1s: 128, 0s: 99
Client 7 of 10: Local Epoch [3/3] Loss: 0.3836, Accuracy: 82.38 %
Predictions - 1s: 134, 0s: 93
True Labels - 1s: 126, 0s: 101
Client 2 of 10: Local Epoch [3/3] Loss: 0.4354, Accuracy: 79.74 %
Predictions - 1s: 114, 0s: 113
True Labels - 1s: 110, 0s: 117
Client 9 of 10: Local Epoch [3/3] Loss: 0.3788, Accuracy: 85.90 %
-------------------------------
Round [2/4] Average Local Loss: 0.4154, Average Local Accuracy: 82.56 %
-------------------------------
-------- Validation --------
Predictions - 1s: 359, 0s: 209
True Labels - 1s: 299, 0s: 269
Round [2/4] Global Model Validation Loss: 0.4635, Validation Accuracy: 77.82 %
-------- Validation finished --------
Updated best model in round 2 saved with Validation Loss: 0.4635 and Validation Accuracy: 77.82 %
-------------------------------

Round 3 of 4
-------------------------------
Predictions - 1s: 127, 0s: 100
True Labels - 1s: 118, 0s: 109
Client 1 of 10: Local Epoch [1/3] Loss: 0.5070, Accuracy: 71.37 %
Predictions - 1s: 119, 0s: 108
True Labels - 1s: 110, 0s: 117
Client 9 of 10: Local Epoch [1/3] Loss: 0.4778, Accuracy: 78.41 %
Predictions - 1s: 119, 0s: 108
True Labels - 1s: 114, 0s: 113
Client 6 of 10: Local Epoch [1/3] Loss: 0.5384, Accuracy: 74.01 %
Predictions - 1s: 131, 0s: 96
True Labels - 1s: 119, 0s: 108
Client 5 of 10: Local Epoch [1/3] Loss: 0.4618, Accuracy: 77.97 %
Predictions - 1s: 116, 0s: 111
True Labels - 1s: 110, 0s: 117
Client 4 of 10: Local Epoch [1/3] Loss: 0.5502, Accuracy: 70.93 %
Predictions - 1s: 122, 0s: 105
True Labels - 1s: 121, 0s: 106
Client 3 of 10: Local Epoch [1/3] Loss: 0.5031, Accuracy: 74.01 %
Predictions - 1s: 136, 0s: 91
True Labels - 1s: 126, 0s: 101
Client 2 of 10: Local Epoch [1/3] Loss: 0.5147, Accuracy: 73.57 %
Predictions - 1s: 142, 0s: 85
True Labels - 1s: 128, 0s: 99
Client 10 of 10: Local Epoch [1/3] Loss: 0.5251, Accuracy: 72.69 %
Predictions - 1s: 124, 0s: 103
True Labels - 1s: 115, 0s: 112
Client 8 of 10: Local Epoch [1/3] Loss: 0.5472, Accuracy: 73.13 %
Predictions - 1s: 129, 0s: 98
True Labels - 1s: 128, 0s: 99
Client 7 of 10: Local Epoch [1/3] Loss: 0.4859, Accuracy: 74.89 %
Predictions - 1s: 118, 0s: 109
True Labels - 1s: 118, 0s: 109
Client 1 of 10: Local Epoch [2/3] Loss: 0.4168, Accuracy: 80.62 %
Predictions - 1s: 115, 0s: 112
True Labels - 1s: 110, 0s: 117
Client 9 of 10: Local Epoch [2/3] Loss: 0.3828, Accuracy: 85.46 %
Predictions - 1s: 117, 0s: 110
True Labels - 1s: 114, 0s: 113
Client 6 of 10: Local Epoch [2/3] Loss: 0.4326, Accuracy: 81.06 %
Predictions - 1s: 108, 0s: 119
True Labels - 1s: 119, 0s: 108
Client 5 of 10: Local Epoch [2/3] Loss: 0.3886, Accuracy: 84.58 %
Predictions - 1s: 111, 0s: 116
True Labels - 1s: 110, 0s: 117
Client 4 of 10: Local Epoch [2/3] Loss: 0.4404, Accuracy: 79.30 %
Predictions - 1s: 122, 0s: 105
True Labels - 1s: 121, 0s: 106
Client 3 of 10: Local Epoch [2/3] Loss: 0.4168, Accuracy: 81.06 %
Predictions - 1s: 142, 0s: 85
True Labels - 1s: 126, 0s: 101
Client 2 of 10: Local Epoch [2/3] Loss: 0.4469, Accuracy: 79.74 %
Predictions - 1s: 128, 0s: 99
True Labels - 1s: 118, 0s: 109
Client 1 of 10: Local Epoch [3/3] Loss: 0.4007, Accuracy: 80.62 %
Predictions - 1s: 142, 0s: 85
True Labels - 1s: 128, 0s: 99
Client 10 of 10: Local Epoch [2/3] Loss: 0.4166, Accuracy: 80.62 %
Predictions - 1s: 119, 0s: 108
True Labels - 1s: 115, 0s: 112
Client 8 of 10: Local Epoch [2/3] Loss: 0.4639, Accuracy: 77.09 %
Predictions - 1s: 120, 0s: 107
True Labels - 1s: 114, 0s: 113
Client 6 of 10: Local Epoch [3/3] Loss: 0.4080, Accuracy: 82.38 %
Predictions - 1s: 107, 0s: 120
True Labels - 1s: 110, 0s: 117
Client 9 of 10: Local Epoch [3/3] Loss: 0.3484, Accuracy: 86.34 %
Predictions - 1s: 121, 0s: 106
True Labels - 1s: 119, 0s: 108
Client 5 of 10: Local Epoch [3/3] Loss: 0.3450, Accuracy: 89.43 %
Predictions - 1s: 141, 0s: 86
True Labels - 1s: 128, 0s: 99
Client 7 of 10: Local Epoch [2/3] Loss: 0.4033, Accuracy: 83.70 %
Predictions - 1s: 114, 0s: 113
True Labels - 1s: 110, 0s: 117
Client 4 of 10: Local Epoch [3/3] Loss: 0.3985, Accuracy: 83.26 %
Predictions - 1s: 129, 0s: 98
True Labels - 1s: 121, 0s: 106
Client 3 of 10: Local Epoch [3/3] Loss: 0.3624, Accuracy: 86.78 %
Predictions - 1s: 126, 0s: 101
True Labels - 1s: 126, 0s: 101
Client 2 of 10: Local Epoch [3/3] Loss: 0.3913, Accuracy: 82.38 %
Predictions - 1s: 112, 0s: 115
True Labels - 1s: 115, 0s: 112
Client 8 of 10: Local Epoch [3/3] Loss: 0.4410, Accuracy: 78.41 %
Predictions - 1s: 142, 0s: 85
True Labels - 1s: 128, 0s: 99
Client 10 of 10: Local Epoch [3/3] Loss: 0.3743, Accuracy: 83.26 %
Predictions - 1s: 140, 0s: 87
True Labels - 1s: 128, 0s: 99
Client 7 of 10: Local Epoch [3/3] Loss: 0.3791, Accuracy: 85.02 %
-------------------------------
Round [3/4] Average Local Loss: 0.3849, Average Local Accuracy: 83.79 %
-------------------------------
-------- Validation --------
Predictions - 1s: 332, 0s: 236
True Labels - 1s: 299, 0s: 269
Round [3/4] Global Model Validation Loss: 0.4486, Validation Accuracy: 77.99 %
-------- Validation finished --------
Updated best model in round 3 saved with Validation Loss: 0.4486 and Validation Accuracy: 77.99 %
-------------------------------

Round 4 of 4
-------------------------------
Predictions - 1s: 118, 0s: 109
True Labels - 1s: 119, 0s: 108
Client 5 of 10: Local Epoch [1/3] Loss: 0.4464, Accuracy: 79.30 %
Predictions - 1s: 109, 0s: 118
True Labels - 1s: 110, 0s: 117
Client 4 of 10: Local Epoch [1/3] Loss: 0.4909, Accuracy: 78.41 %
Predictions - 1s: 142, 0s: 85
True Labels - 1s: 128, 0s: 99
Client 7 of 10: Local Epoch [1/3] Loss: 0.4232, Accuracy: 83.26 %
Predictions - 1s: 116, 0s: 111
True Labels - 1s: 114, 0s: 113
Client 6 of 10: Local Epoch [1/3] Loss: 0.4993, Accuracy: 76.21 %
Predictions - 1s: 109, 0s: 118
True Labels - 1s: 110, 0s: 117
Client 9 of 10: Local Epoch [1/3] Loss: 0.4581, Accuracy: 80.18 %
Predictions - 1s: 135, 0s: 92
True Labels - 1s: 128, 0s: 99
Client 10 of 10: Local Epoch [1/3] Loss: 0.4770, Accuracy: 76.65 %
Predictions - 1s: 111, 0s: 116
True Labels - 1s: 115, 0s: 112
Client 8 of 10: Local Epoch [1/3] Loss: 0.5235, Accuracy: 75.33 %
Predictions - 1s: 132, 0s: 95
True Labels - 1s: 126, 0s: 101
Client 2 of 10: Local Epoch [1/3] Loss: 0.4888, Accuracy: 74.45 %
Predictions - 1s: 122, 0s: 105
True Labels - 1s: 121, 0s: 106
Client 3 of 10: Local Epoch [1/3] Loss: 0.4559, Accuracy: 77.53 %
Predictions - 1s: 128, 0s: 99
True Labels - 1s: 118, 0s: 109
Client 1 of 10: Local Epoch [1/3] Loss: 0.5102, Accuracy: 74.45 %
Predictions - 1s: 128, 0s: 99
True Labels - 1s: 119, 0s: 108
Client 5 of 10: Local Epoch [2/3] Loss: 0.3485, Accuracy: 85.46 %
Predictions - 1s: 113, 0s: 114
True Labels - 1s: 110, 0s: 117
Client 4 of 10: Local Epoch [2/3] Loss: 0.4288, Accuracy: 80.18 %
Predictions - 1s: 137, 0s: 90
True Labels - 1s: 128, 0s: 99
Client 7 of 10: Local Epoch [2/3] Loss: 0.3600, Accuracy: 85.46 %
Predictions - 1s: 133, 0s: 94
True Labels - 1s: 114, 0s: 113
Client 6 of 10: Local Epoch [2/3] Loss: 0.4331, Accuracy: 79.30 %
Predictions - 1s: 107, 0s: 120
True Labels - 1s: 110, 0s: 117
Client 9 of 10: Local Epoch [2/3] Loss: 0.3776, Accuracy: 83.70 %
Predictions - 1s: 135, 0s: 92
True Labels - 1s: 128, 0s: 99
Client 10 of 10: Local Epoch [2/3] Loss: 0.3996, Accuracy: 81.94 %
Predictions - 1s: 128, 0s: 99
True Labels - 1s: 115, 0s: 112
Client 8 of 10: Local Epoch [2/3] Loss: 0.4416, Accuracy: 79.30 %
Predictions - 1s: 134, 0s: 93
True Labels - 1s: 126, 0s: 101
Client 2 of 10: Local Epoch [2/3] Loss: 0.4312, Accuracy: 79.74 %
Predictions - 1s: 127, 0s: 100
True Labels - 1s: 119, 0s: 108
Client 5 of 10: Local Epoch [3/3] Loss: 0.3154, Accuracy: 87.67 %
Predictions - 1s: 107, 0s: 120
True Labels - 1s: 110, 0s: 117
Client 4 of 10: Local Epoch [3/3] Loss: 0.3866, Accuracy: 82.82 %
Predictions - 1s: 129, 0s: 98
True Labels - 1s: 128, 0s: 99
Client 7 of 10: Local Epoch [3/3] Loss: 0.3091, Accuracy: 87.22 %
Predictions - 1s: 128, 0s: 99
True Labels - 1s: 121, 0s: 106
Client 3 of 10: Local Epoch [2/3] Loss: 0.3744, Accuracy: 82.82 %
Predictions - 1s: 112, 0s: 115
True Labels - 1s: 114, 0s: 113
Client 6 of 10: Local Epoch [3/3] Loss: 0.3663, Accuracy: 84.14 %
Predictions - 1s: 119, 0s: 108
True Labels - 1s: 110, 0s: 117
Client 9 of 10: Local Epoch [3/3] Loss: 0.3407, Accuracy: 87.22 %
Predictions - 1s: 130, 0s: 97
True Labels - 1s: 118, 0s: 109
Client 1 of 10: Local Epoch [2/3] Loss: 0.4173, Accuracy: 84.14 %
Predictions - 1s: 121, 0s: 106
True Labels - 1s: 128, 0s: 99
Client 10 of 10: Local Epoch [3/3] Loss: 0.3476, Accuracy: 84.58 %
Predictions - 1s: 122, 0s: 105
True Labels - 1s: 115, 0s: 112
Client 8 of 10: Local Epoch [3/3] Loss: 0.3928, Accuracy: 83.70 %
Predictions - 1s: 122, 0s: 105
True Labels - 1s: 126, 0s: 101
Client 2 of 10: Local Epoch [3/3] Loss: 0.3833, Accuracy: 84.14 %
Predictions - 1s: 128, 0s: 99
True Labels - 1s: 121, 0s: 106
Client 3 of 10: Local Epoch [3/3] Loss: 0.3530, Accuracy: 84.58 %
Predictions - 1s: 122, 0s: 105
True Labels - 1s: 118, 0s: 109
Client 1 of 10: Local Epoch [3/3] Loss: 0.4063, Accuracy: 82.38 %
-------------------------------
Round [4/4] Average Local Loss: 0.3601, Average Local Accuracy: 84.85 %
-------------------------------
-------- Validation --------
Predictions - 1s: 348, 0s: 220
True Labels - 1s: 299, 0s: 269
Round [4/4] Global Model Validation Loss: 0.4492, Validation Accuracy: 77.99 %
-------- Validation finished --------
Best model in round 3 saved with Validation Loss: 0.4486 and Validation Accuracy: 77.99 %

-------- Training finished in 17:37 --------

Test flag enabled. Testing the model

-------- Loading best model from model_path --------
Loaded model bert-small from date 21-04-2024 17:25. Trained with Federated Learning technology.
Round 3, lr: 6e-05, optimizer: AdamW
Average train accuracy: 83.79 %, Validation accuracy: 77.99 %
-------- Best model loaded --------

-------- Creating Test Dataloader --------
Test Loader: 715 total sentences. 90 batches of size 8.
-------- Test Dataloader created --------

-------- Testing --------
Predictions - 1s: 429, 0s: 286
True Labels - 1s: 369, 0s: 346
Nº of test samples: 715
Accuracy: 73.99%
Accuracy 2 : 73.99%
Precision: 74.65%
Recall: 73.69%
F1 Score: 73.63%
Classification report:
              precision    recall  f1-score   support

           0     0.7797    0.6445    0.7057       346
           1     0.7133    0.8293    0.7669       369

    accuracy                         0.7399       715
   macro avg     0.7465    0.7369    0.7363       715
weighted avg     0.7454    0.7399    0.7373       715

-------- Testing finished --------
