Current configuration:
{
    "concurrency_flag": true,
    "data_distribution": "iid",
    "dataset": "twitter_dep",
    "device": "cuda",
    "dp_delta": 0.003,
    "dp_epsilon": 0,
    "eval_batch_size": 4,
    "eval_flag": true,
    "eval_size": 0.2,
    "fed_alg": "fedavg",
    "layers": 3,
    "learning_rate": 6e-05,
    "max_length": 512,
    "ml_mode": "bcfl",
    "model": "bert_small",
    "model_name": "bcfl_0_seed2_twitter_dep",
    "models_path": "/local/vpaloma/fabric-federated-learning/ablation_study/phase-4/final/dp/twitter_dep",
    "mu": 0.5,
    "num_clients": 5,
    "num_epochs": 3,
    "num_rounds": 4,
    "optimizer": "AdamW",
    "progress_bar_flag": false,
    "save_model": true,
    "scheduler": "linear",
    "scheduler_warmup_steps": 0,
    "seed": "random",
    "test_flag": true,
    "train_batch_size": 4,
    "train_size": 0.8
}
-------- Configuration loaded --------

-------- Setting device --------
cuda device selected and available.
-------- Device set --------

-------- Setting seed --------
seed set:  691456
-------- Seed set --------

-------- Creating Model --------
-------- Model created --------

-------- Setting Trainable Layers --------
Training the last 3 layers.

Total parameters count: 28764674
Trainable parameters count: 3416066
-------- Trainable Layers set --------

-------- Creating Tokenizer --------
-------- Tokenizer created --------

-------- Creating Train and Eval Dataloaders --------
Train Loader: 1982 total sentences. 496 batches of size 4.
Eval Loader: 496 total sentences. 124 batches of size 4.
-------- Train and Eval Dataloaders created --------

-------- Training --------
Training with Blockchain-Based Federated Learning technology.
Training without differential privacy.
Federated averaging algorithm selected.
Client 0: Label 0: 290, Label 1: 106
Client 1: Label 0: 282, Label 1: 114
Client 2: Label 0: 297, Label 1: 99
Client 3: Label 0: 285, Label 1: 111
Client 4: Label 0: 286, Label 1: 112

Round 1 of 4
-------------------------------
Predictions - 1s: 33, 0s: 363
True Labels - 1s: 114, 0s: 282
Client 2 of 5: Local Epoch [1/3] Loss: 0.5652, Accuracy: 69.44 %
Predictions - 1s: 18, 0s: 378
True Labels - 1s: 111, 0s: 285
Client 4 of 5: Local Epoch [1/3] Loss: 0.5635, Accuracy: 71.46 %
Predictions - 1s: 33, 0s: 365
True Labels - 1s: 112, 0s: 286
Client 5 of 5: Local Epoch [1/3] Loss: 0.5791, Accuracy: 70.60 %
Predictions - 1s: 22, 0s: 374
True Labels - 1s: 99, 0s: 297
Client 3 of 5: Local Epoch [1/3] Loss: 0.5306, Accuracy: 76.52 %
Predictions - 1s: 19, 0s: 377
True Labels - 1s: 106, 0s: 290
Client 1 of 5: Local Epoch [1/3] Loss: 0.5398, Accuracy: 72.47 %
Predictions - 1s: 68, 0s: 328
True Labels - 1s: 114, 0s: 282
Client 2 of 5: Local Epoch [2/3] Loss: 0.4697, Accuracy: 76.77 %
Predictions - 1s: 54, 0s: 342
True Labels - 1s: 111, 0s: 285
Client 4 of 5: Local Epoch [2/3] Loss: 0.4756, Accuracy: 78.03 %
Predictions - 1s: 46, 0s: 352
True Labels - 1s: 112, 0s: 286
Client 5 of 5: Local Epoch [2/3] Loss: 0.5043, Accuracy: 75.88 %
Predictions - 1s: 54, 0s: 342
True Labels - 1s: 106, 0s: 290
Client 1 of 5: Local Epoch [2/3] Loss: 0.4360, Accuracy: 79.29 %
Predictions - 1s: 38, 0s: 358
True Labels - 1s: 99, 0s: 297
Client 3 of 5: Local Epoch [2/3] Loss: 0.4288, Accuracy: 80.05 %
Predictions - 1s: 73, 0s: 323
True Labels - 1s: 114, 0s: 282
Client 2 of 5: Local Epoch [3/3] Loss: 0.4058, Accuracy: 82.07 %
Predictions - 1s: 85, 0s: 311
True Labels - 1s: 111, 0s: 285
Client 4 of 5: Local Epoch [3/3] Loss: 0.4129, Accuracy: 81.82 %
Predictions - 1s: 57, 0s: 341
True Labels - 1s: 112, 0s: 286
Client 5 of 5: Local Epoch [3/3] Loss: 0.4599, Accuracy: 78.64 %
Predictions - 1s: 62, 0s: 334
True Labels - 1s: 106, 0s: 290
Client 1 of 5: Local Epoch [3/3] Loss: 0.3922, Accuracy: 81.82 %
Predictions - 1s: 56, 0s: 340
True Labels - 1s: 99, 0s: 297
Client 3 of 5: Local Epoch [3/3] Loss: 0.3703, Accuracy: 84.60 %
-------------------------------
Round [1/4] Average Local Loss: 0.4082, Average Local Accuracy: 81.79 %
-------------------------------
-------- Validation --------
Predictions - 1s: 88, 0s: 408
True Labels - 1s: 132, 0s: 364
Round [1/4] Global Model Validation Loss: 0.4455, Validation Accuracy: 80.24 %
-------- Validation finished --------
Updated best model in round 1 saved with Validation Loss: 0.4455 and Validation Accuracy: 80.24 %
-------------------------------

Round 2 of 4
-------------------------------
Predictions - 1s: 77, 0s: 319
True Labels - 1s: 106, 0s: 290
Client 1 of 5: Local Epoch [1/3] Loss: 0.4516, Accuracy: 79.04 %
Predictions - 1s: 79, 0s: 317
True Labels - 1s: 111, 0s: 285
Client 4 of 5: Local Epoch [1/3] Loss: 0.4653, Accuracy: 77.27 %
Predictions - 1s: 80, 0s: 316
True Labels - 1s: 114, 0s: 282
Client 2 of 5: Local Epoch [1/3] Loss: 0.4692, Accuracy: 79.29 %
Predictions - 1s: 61, 0s: 335
True Labels - 1s: 99, 0s: 297
Client 3 of 5: Local Epoch [1/3] Loss: 0.4295, Accuracy: 78.79 %
Predictions - 1s: 67, 0s: 331
True Labels - 1s: 112, 0s: 286
Client 5 of 5: Local Epoch [1/3] Loss: 0.4961, Accuracy: 76.63 %
Predictions - 1s: 73, 0s: 323
True Labels - 1s: 106, 0s: 290
Client 1 of 5: Local Epoch [2/3] Loss: 0.3762, Accuracy: 84.60 %
Predictions - 1s: 89, 0s: 307
True Labels - 1s: 114, 0s: 282
Client 2 of 5: Local Epoch [2/3] Loss: 0.4158, Accuracy: 81.06 %
Predictions - 1s: 74, 0s: 322
True Labels - 1s: 111, 0s: 285
Client 4 of 5: Local Epoch [2/3] Loss: 0.3964, Accuracy: 84.60 %
Predictions - 1s: 70, 0s: 326
True Labels - 1s: 99, 0s: 297
Client 3 of 5: Local Epoch [2/3] Loss: 0.3499, Accuracy: 86.11 %
Predictions - 1s: 64, 0s: 334
True Labels - 1s: 112, 0s: 286
Client 5 of 5: Local Epoch [2/3] Loss: 0.4333, Accuracy: 78.89 %
Predictions - 1s: 83, 0s: 313
True Labels - 1s: 106, 0s: 290
Client 1 of 5: Local Epoch [3/3] Loss: 0.3326, Accuracy: 85.10 %
Predictions - 1s: 100, 0s: 296
True Labels - 1s: 114, 0s: 282
Client 2 of 5: Local Epoch [3/3] Loss: 0.3621, Accuracy: 86.36 %
Predictions - 1s: 73, 0s: 325
True Labels - 1s: 112, 0s: 286
Client 5 of 5: Local Epoch [3/3] Loss: 0.3798, Accuracy: 82.16 %
Predictions - 1s: 85, 0s: 311
True Labels - 1s: 111, 0s: 285
Client 4 of 5: Local Epoch [3/3] Loss: 0.3373, Accuracy: 86.36 %
Predictions - 1s: 73, 0s: 323
True Labels - 1s: 99, 0s: 297
Client 3 of 5: Local Epoch [3/3] Loss: 0.2938, Accuracy: 87.88 %
-------------------------------
Round [2/4] Average Local Loss: 0.3411, Average Local Accuracy: 85.57 %
-------------------------------
-------- Validation --------
Predictions - 1s: 126, 0s: 370
True Labels - 1s: 132, 0s: 364
Round [2/4] Global Model Validation Loss: 0.4076, Validation Accuracy: 81.05 %
-------- Validation finished --------
Updated best model in round 2 saved with Validation Loss: 0.4076 and Validation Accuracy: 81.05 %
-------------------------------

Round 3 of 4
-------------------------------
Predictions - 1s: 80, 0s: 316
True Labels - 1s: 114, 0s: 282
Client 2 of 5: Local Epoch [1/3] Loss: 0.4441, Accuracy: 79.29 %
Predictions - 1s: 91, 0s: 305
True Labels - 1s: 111, 0s: 285
Client 4 of 5: Local Epoch [1/3] Loss: 0.4138, Accuracy: 81.82 %
Predictions - 1s: 84, 0s: 312
True Labels - 1s: 106, 0s: 290
Client 1 of 5: Local Epoch [1/3] Loss: 0.3985, Accuracy: 80.81 %
Predictions - 1s: 71, 0s: 325
True Labels - 1s: 99, 0s: 297
Client 3 of 5: Local Epoch [1/3] Loss: 0.3621, Accuracy: 84.34 %
Predictions - 1s: 76, 0s: 322
True Labels - 1s: 112, 0s: 286
Client 5 of 5: Local Epoch [1/3] Loss: 0.4513, Accuracy: 78.89 %
Predictions - 1s: 90, 0s: 306
Predictions - 1s: 79, 0s: 317
True Labels - 1s: 114, 0s: 282
Predictions - 1s: 88, 0s: 308
True Labels - 1s: 99, 0s: 297
True Labels - 1s: 111, 0s: 285
Client 3 of 5: Local Epoch [2/3] Loss: 0.2869, Accuracy: 88.38 %
Predictions - 1s: 92, 0s: 304
Client 4 of 5: Local Epoch [2/3] Loss: 0.3535, Accuracy: 85.61 %
True Labels - 1s: 106, 0s: 290
Client 1 of 5: Local Epoch [2/3] Loss: 0.3314, Accuracy: 84.34 %
Client 2 of 5: Local Epoch [2/3] Loss: 0.3753, Accuracy: 85.86 %
Predictions - 1s: 95, 0s: 303
True Labels - 1s: 112, 0s: 286
Client 5 of 5: Local Epoch [2/3] Loss: 0.3817, Accuracy: 83.17 %
Predictions - 1s: 88, 0s: 310
True Labels - 1s: 112, 0s: 286
Client 5 of 5: Local Epoch [3/3] Loss: 0.3443, Accuracy: 83.92 %
Predictions - 1s: 91, 0s: 305
True Labels - 1s: 106, 0s: 290
Client 1 of 5: Local Epoch [3/3] Loss: 0.2902, Accuracy: 89.14 %
Predictions - 1s: 91, 0s: 305
True Labels - 1s: 111, 0s: 285
Client 4 of 5: Local Epoch [3/3] Loss: 0.3060, Accuracy: 88.38 %
Predictions - 1s: 88, 0s: 308
True Labels - 1s: 99, 0s: 297
Client 3 of 5: Local Epoch [3/3] Loss: 0.2201, Accuracy: 91.67 %
Predictions - 1s: 97, 0s: 299
True Labels - 1s: 114, 0s: 282
Client 2 of 5: Local Epoch [3/3] Loss: 0.3346, Accuracy: 87.12 %
-------------------------------
Round [3/4] Average Local Loss: 0.2990, Average Local Accuracy: 88.05 %
-------------------------------
-------- Validation --------
Predictions - 1s: 126, 0s: 370
True Labels - 1s: 132, 0s: 364
Round [3/4] Global Model Validation Loss: 0.3899, Validation Accuracy: 80.65 %
-------- Validation finished --------
Updated best model in round 3 saved with Validation Loss: 0.3899 and Validation Accuracy: 80.65 %
-------------------------------

Round 4 of 4
-------------------------------
Predictions - 1s: 91, 0s: 305
True Labels - 1s: 114, 0s: 282
Client 2 of 5: Local Epoch [1/3] Loss: 0.4123, Accuracy: 84.09 %
Predictions - 1s: 85, 0s: 311
True Labels - 1s: 111, 0s: 285
Client 4 of 5: Local Epoch [1/3] Loss: 0.4107, Accuracy: 81.31 %
Predictions - 1s: 80, 0s: 316
True Labels - 1s: 99, 0s: 297
Client 3 of 5: Local Epoch [1/3] Loss: 0.3470, Accuracy: 85.61 %
Predictions - 1s: 86, 0s: 310
True Labels - 1s: 106, 0s: 290
Client 1 of 5: Local Epoch [1/3] Loss: 0.3716, Accuracy: 83.33 %
Predictions - 1s: 88, 0s: 310
True Labels - 1s: 112, 0s: 286
Client 5 of 5: Local Epoch [1/3] Loss: 0.4427, Accuracy: 78.39 %
Predictions - 1s: 97, 0s: 299
True Labels - 1s: 114, 0s: 282
Client 2 of 5: Local Epoch [2/3] Loss: 0.3438, Accuracy: 86.11 %
Predictions - 1s: 101, 0s: 295
True Labels - 1s: 111, 0s: 285
Client 4 of 5: Local Epoch [2/3] Loss: 0.3188, Accuracy: 88.38 %
Predictions - 1s: 85, 0s: 311
True Labels - 1s: 106, 0s: 290
Predictions - 1s: 79, 0s: 317
Client 1 of 5: Local Epoch [2/3] Loss: 0.2921, Accuracy: 88.64 %
True Labels - 1s: 99, 0s: 297
Client 3 of 5: Local Epoch [2/3] Loss: 0.2459, Accuracy: 90.40 %
Predictions - 1s: 78, 0s: 320
True Labels - 1s: 112, 0s: 286
Client 5 of 5: Local Epoch [2/3] Loss: 0.3594, Accuracy: 81.91 %
Predictions - 1s: 98, 0s: 298
True Labels - 1s: 114, 0s: 282
Client 2 of 5: Local Epoch [3/3] Loss: 0.3123, Accuracy: 87.37 %
Predictions - 1s: 91, 0s: 307
True Labels - 1s: 112, 0s: 286
Client 5 of 5: Local Epoch [3/3] Loss: 0.3087, Accuracy: 86.68 %
Predictions - 1s: 93, 0s: 303
True Labels - 1s: 106, 0s: 290
Client 1 of 5: Local Epoch [3/3] Loss: 0.2399, Accuracy: 90.66 %
Predictions - 1s: 90, 0s: 306
True Labels - 1s: 111, 0s: 285
Client 4 of 5: Local Epoch [3/3] Loss: 0.2639, Accuracy: 91.67 %
Predictions - 1s: 90, 0s: 306
True Labels - 1s: 99, 0s: 297
Client 3 of 5: Local Epoch [3/3] Loss: 0.1881, Accuracy: 92.68 %
-------------------------------
Round [4/4] Average Local Loss: 0.2626, Average Local Accuracy: 89.81 %
-------------------------------
-------- Validation --------
Predictions - 1s: 131, 0s: 365
True Labels - 1s: 132, 0s: 364
Round [4/4] Global Model Validation Loss: 0.3891, Validation Accuracy: 81.25 %
-------- Validation finished --------
Updated best model in round 4 saved with Validation Loss: 0.3891 and Validation Accuracy: 81.25 %
-------------------------------
Best model in round 4 saved with Validation Loss: 0.3891 and Validation Accuracy: 81.25 %

-------- Training finished in 6:19 --------

Test flag enabled. Testing the model

-------- Loading best model from model_path --------
Loaded model bert-small from date 21-04-2024 11:54. Trained with Federated Learning technology.
Round 4, lr: 6e-05, optimizer: AdamW
Average train accuracy: 89.81 %, Validation accuracy: 81.25 %
-------- Best model loaded --------

-------- Creating Test Dataloader --------
Test Loader: 618 total sentences. 78 batches of size 8.
-------- Test Dataloader created --------

-------- Testing --------
Predictions - 1s: 172, 0s: 446
True Labels - 1s: 168, 0s: 450
Nº of test samples: 618
Accuracy: 81.88%
Accuracy 2 : 81.88%
Precision: 77.09%
Recall: 77.48%
F1 Score: 77.28%
Classification report:
              precision    recall  f1-score   support

           0     0.8789    0.8711    0.8750       450
           1     0.6628    0.6786    0.6706       168

    accuracy                         0.8188       618
   macro avg     0.7709    0.7748    0.7728       618
weighted avg     0.8202    0.8188    0.8194       618

-------- Testing finished --------
