Current configuration:
{
    "concurrency_flag": true,
    "data_distribution": "iid",
    "dataset": "twitter_dep",
    "device": "cuda",
    "dp_delta": 0.003,
    "dp_epsilon": 0.5,
    "eval_batch_size": 4,
    "eval_flag": true,
    "eval_size": 0.2,
    "fed_alg": "fedavg",
    "layers": 3,
    "learning_rate": 0.06,
    "max_length": 512,
    "ml_mode": "bcfl",
    "model": "bert_small",
    "model_name": "bcfl_0.5_seed8_twitter_dep",
    "models_path": "/local/vpaloma/fabric-federated-learning/ablation_study/phase-4/final/dp/twitter_dep",
    "mu": 0.5,
    "num_clients": 5,
    "num_epochs": 3,
    "num_rounds": 4,
    "optimizer": "AdamW",
    "progress_bar_flag": false,
    "save_model": true,
    "scheduler": "linear",
    "scheduler_warmup_steps": 0,
    "seed": "random",
    "test_flag": true,
    "train_batch_size": 4,
    "train_size": 0.8
}
-------- Configuration loaded --------

-------- Setting device --------
cuda device selected and available.
-------- Device set --------

-------- Setting seed --------
seed set:  322788
-------- Seed set --------

-------- Creating Model --------
-------- Model created --------

-------- Setting Trainable Layers --------
Training the last 3 layers.

Total parameters count: 28764674
Trainable parameters count: 3416066
-------- Trainable Layers set --------

-------- Creating Tokenizer --------
-------- Tokenizer created --------

-------- Creating Train and Eval Dataloaders --------
Train Loader: 1982 total sentences. 496 batches of size 4.
Eval Loader: 496 total sentences. 124 batches of size 4.
-------- Train and Eval Dataloaders created --------

-------- Training --------
Training with Blockchain-Based Federated Learning technology.
Training with differential privacy.
Federated averaging algorithm selected.
Client 0: Label 0: 287, Label 1: 109
Client 1: Label 0: 289, Label 1: 107
Client 2: Label 0: 284, Label 1: 112
Client 3: Label 0: 302, Label 1: 94
Client 4: Label 0: 286, Label 1: 112

Round 1 of 4
-------------------------------
max_grad_norm:  1.5
max_grad_norm:  1.5
max_grad_norm:  1.5
max_grad_norm:  1.5
max_grad_norm:  1.5
Predictions - 1s: 80, 0s: 316
True Labels - 1s: 94, 0s: 302
Predictions - 1s: 111, 0s: 285
True Labels - 1s: 112, 0s: 284
Predictions - 1s: 78, 0s: 318
True Labels - 1s: 107, 0s: 289
Predictions - 1s: 127, 0s: 269
True Labels - 1s: 109, 0s: 287
Client 3 of 5: Local Epoch [1/3] Loss: 3.3661, Accuracy: 60.35 %, Epsilon: 0.50, Delta: 0.0030
Client 4 of 5: Local Epoch [1/3] Loss: 2.6928, Accuracy: 65.66 %, Epsilon: 0.50, Delta: 0.0030
Client 2 of 5: Local Epoch [1/3] Loss: 3.5229, Accuracy: 64.90 %, Epsilon: 0.50, Delta: 0.0030
Client 1 of 5: Local Epoch [1/3] Loss: 4.0005, Accuracy: 58.08 %, Epsilon: 0.50, Delta: 0.0030
Predictions - 1s: 114, 0s: 284
True Labels - 1s: 112, 0s: 286
Client 5 of 5: Local Epoch [1/3] Loss: 4.1273, Accuracy: 59.80 %, Epsilon: 0.49, Delta: 0.0030
Predictions - 1s: 47, 0s: 349
True Labels - 1s: 94, 0s: 302
Predictions - 1s: 115, 0s: 281
True Labels - 1s: 112, 0s: 284
Predictions - 1s: 168, 0s: 228
True Labels - 1s: 109, 0s: 287
Predictions - 1s: 124, 0s: 272
True Labels - 1s: 107, 0s: 289
Client 4 of 5: Local Epoch [2/3] Loss: 3.9848, Accuracy: 70.96 %, Epsilon: 0.71, Delta: 0.0030
Predictions - 1s: 123, 0s: 275
True Labels - 1s: 112, 0s: 286
Client 1 of 5: Local Epoch [2/3] Loss: 5.8324, Accuracy: 54.29 %, Epsilon: 0.71, Delta: 0.0030
Client 3 of 5: Local Epoch [2/3] Loss: 4.5708, Accuracy: 59.34 %, Epsilon: 0.71, Delta: 0.0030
Client 2 of 5: Local Epoch [2/3] Loss: 3.9716, Accuracy: 62.88 %, Epsilon: 0.71, Delta: 0.0030
Client 5 of 5: Local Epoch [2/3] Loss: 5.3473, Accuracy: 57.04 %, Epsilon: 0.71, Delta: 0.0030
Predictions - 1s: 75, 0s: 321
True Labels - 1s: 94, 0s: 302
Predictions - 1s: 94, 0s: 304
True Labels - 1s: 112, 0s: 286
Client 4 of 5: Local Epoch [3/3] Loss: 4.3189, Accuracy: 67.93 %, Epsilon: 0.88, Delta: 0.0030
Client 5 of 5: Local Epoch [3/3] Loss: 5.2319, Accuracy: 62.31 %, Epsilon: 0.88, Delta: 0.0030
Predictions - 1s: 59, 0s: 337
True Labels - 1s: 112, 0s: 284
Predictions - 1s: 101, 0s: 295
True Labels - 1s: 107, 0s: 289
Predictions - 1s: 82, 0s: 314
True Labels - 1s: 109, 0s: 287
Client 1 of 5: Local Epoch [3/3] Loss: 5.4522, Accuracy: 63.38 %, Epsilon: 0.88, Delta: 0.0030
Client 3 of 5: Local Epoch [3/3] Loss: 5.1229, Accuracy: 66.41 %, Epsilon: 0.88, Delta: 0.0030
Client 2 of 5: Local Epoch [3/3] Loss: 5.3299, Accuracy: 60.10 %, Epsilon: 0.88, Delta: 0.0030
-------------------------------
Round [1/4] Average Local Loss: 5.0911, Average Local Accuracy: 64.03 %
-------------------------------
-------- Validation --------
Predictions - 1s: 97, 0s: 399
True Labels - 1s: 140, 0s: 356
Round [1/4] Global Model Validation Loss: 2.1495, Validation Accuracy: 61.09 %
-------- Validation finished --------
Updated best model in round 1 saved with Validation Loss: 2.1495 and Validation Accuracy: 61.09 %
-------------------------------

Round 2 of 4
-------------------------------
max_grad_norm:  1.5
max_grad_norm:  1.5
max_grad_norm:  1.5
max_grad_norm:  1.5
max_grad_norm:  1.5
Predictions - 1s: 168, 0s: 228
True Labels - 1s: 109, 0s: 287
Predictions - 1s: 118, 0s: 278
True Labels - 1s: 112, 0s: 284
Predictions - 1s: 68, 0s: 328
True Labels - 1s: 94, 0s: 302
Predictions - 1s: 83, 0s: 313
True Labels - 1s: 107, 0s: 289
Client 1 of 5: Local Epoch [1/3] Loss: 4.4038, Accuracy: 52.27 %, Epsilon: 0.50, Delta: 0.0030
Client 2 of 5: Local Epoch [1/3] Loss: 4.2353, Accuracy: 62.12 %, Epsilon: 0.50, Delta: 0.0030
Client 3 of 5: Local Epoch [1/3] Loss: 4.5840, Accuracy: 57.07 %, Epsilon: 0.50, Delta: 0.0030
Predictions - 1s: 111, 0s: 287
True Labels - 1s: 112, 0s: 286
Client 4 of 5: Local Epoch [1/3] Loss: 4.4181, Accuracy: 69.19 %, Epsilon: 0.50, Delta: 0.0030
Client 5 of 5: Local Epoch [1/3] Loss: 4.8407, Accuracy: 55.03 %, Epsilon: 0.49, Delta: 0.0030
Predictions - 1s: 104, 0s: 294
True Labels - 1s: 112, 0s: 286
Client 5 of 5: Local Epoch [2/3] Loss: 5.2544, Accuracy: 58.79 %, Epsilon: 0.71, Delta: 0.0030
Predictions - 1s: 64, 0s: 332
True Labels - 1s: 94, 0s: 302
Predictions - 1s: 71, 0s: 325
True Labels - 1s: 112, 0s: 284
Predictions - 1s: 124, 0s: 272
True Labels - 1s: 109, 0s: 287
Predictions - 1s: 77, 0s: 319
True Labels - 1s: 107, 0s: 289
Client 2 of 5: Local Epoch [2/3] Loss: 5.8342, Accuracy: 62.63 %, Epsilon: 0.71, Delta: 0.0030
Client 4 of 5: Local Epoch [2/3] Loss: 4.8383, Accuracy: 65.66 %, Epsilon: 0.71, Delta: 0.0030
Client 3 of 5: Local Epoch [2/3] Loss: 5.1211, Accuracy: 64.90 %, Epsilon: 0.71, Delta: 0.0030
Client 1 of 5: Local Epoch [2/3] Loss: 4.8168, Accuracy: 58.33 %, Epsilon: 0.71, Delta: 0.0030
Predictions - 1s: 103, 0s: 295
True Labels - 1s: 112, 0s: 286
Client 5 of 5: Local Epoch [3/3] Loss: 5.5311, Accuracy: 60.55 %, Epsilon: 0.88, Delta: 0.0030
Predictions - 1s: 80, 0s: 316
True Labels - 1s: 112, 0s: 284
Predictions - 1s: 125, 0s: 271
True Labels - 1s: 94, 0s: 302
Predictions - 1s: 73, 0s: 323
True Labels - 1s: 107, 0s: 289
Predictions - 1s: 82, 0s: 314
True Labels - 1s: 109, 0s: 287
Client 3 of 5: Local Epoch [3/3] Loss: 5.2701, Accuracy: 63.64 %, Epsilon: 0.88, Delta: 0.0030
Client 4 of 5: Local Epoch [3/3] Loss: 4.2984, Accuracy: 59.34 %, Epsilon: 0.88, Delta: 0.0030
Client 2 of 5: Local Epoch [3/3] Loss: 5.4697, Accuracy: 62.63 %, Epsilon: 0.88, Delta: 0.0030
Client 1 of 5: Local Epoch [3/3] Loss: 5.1266, Accuracy: 64.39 %, Epsilon: 0.88, Delta: 0.0030
-------------------------------
Round [2/4] Average Local Loss: 5.1392, Average Local Accuracy: 62.11 %
-------------------------------
-------- Validation --------
Predictions - 1s: 151, 0s: 345
True Labels - 1s: 140, 0s: 356
Round [2/4] Global Model Validation Loss: 2.4839, Validation Accuracy: 59.07 %
-------- Validation finished --------

Round 3 of 4
-------------------------------
max_grad_norm:  1.5
max_grad_norm:  1.5
max_grad_norm:  1.5
max_grad_norm:  1.5
max_grad_norm:  1.5
Predictions - 1s: 95, 0s: 301
True Labels - 1s: 107, 0s: 289
Predictions - 1s: 93, 0s: 303
True Labels - 1s: 109, 0s: 287
Predictions - 1s: 118, 0s: 278
True Labels - 1s: 112, 0s: 284
Predictions - 1s: 90, 0s: 306
True Labels - 1s: 94, 0s: 302
Client 2 of 5: Local Epoch [1/3] Loss: 5.6583, Accuracy: 57.07 %, Epsilon: 0.50, Delta: 0.0030
Client 1 of 5: Local Epoch [1/3] Loss: 4.4035, Accuracy: 63.13 %, Epsilon: 0.50, Delta: 0.0030
Client 4 of 5: Local Epoch [1/3] Loss: 4.5945, Accuracy: 65.66 %, Epsilon: 0.50, Delta: 0.0030
Client 3 of 5: Local Epoch [1/3] Loss: 5.0971, Accuracy: 59.09 %, Epsilon: 0.50, Delta: 0.0030
Predictions - 1s: 144, 0s: 254
True Labels - 1s: 112, 0s: 286
Client 5 of 5: Local Epoch [1/3] Loss: 4.5488, Accuracy: 59.80 %, Epsilon: 0.49, Delta: 0.0030
Predictions - 1s: 127, 0s: 269
True Labels - 1s: 107, 0s: 289
Client 2 of 5: Local Epoch [2/3] Loss: 5.0508, Accuracy: 60.61 %, Epsilon: 0.71, Delta: 0.0030
Predictions - 1s: 71, 0s: 327
True Labels - 1s: 112, 0s: 286
Client 5 of 5: Local Epoch [2/3] Loss: 4.8154, Accuracy: 67.09 %, Epsilon: 0.71, Delta: 0.0030
Predictions - 1s: 122, 0s: 274
True Labels - 1s: 107, 0s: 289
Client 2 of 5: Local Epoch [3/3] Loss: 5.6404, Accuracy: 58.84 %, Epsilon: 0.88, Delta: 0.0030
Predictions - 1s: 71, 0s: 327
True Labels - 1s: 112, 0s: 286
Client 5 of 5: Local Epoch [3/3] Loss: 5.5064, Accuracy: 64.57 %, Epsilon: 0.88, Delta: 0.0030
Predictions - 1s: 124, 0s: 272
True Labels - 1s: 109, 0s: 287
Client 1 of 5: Local Epoch [2/3] Loss: 5.2358, Accuracy: 58.84 %, Epsilon: 0.71, Delta: 0.0030
Predictions - 1s: 177, 0s: 219
True Labels - 1s: 112, 0s: 284
Client 3 of 5: Local Epoch [2/3] Loss: 6.5374, Accuracy: 52.78 %, Epsilon: 0.71, Delta: 0.0030
Predictions - 1s: 82, 0s: 314
True Labels - 1s: 94, 0s: 302
Client 4 of 5: Local Epoch [2/3] Loss: 4.7794, Accuracy: 64.65 %, Epsilon: 0.71, Delta: 0.0030
Predictions - 1s: 72, 0s: 324
True Labels - 1s: 109, 0s: 287
Client 1 of 5: Local Epoch [3/3] Loss: 6.2381, Accuracy: 62.88 %, Epsilon: 0.88, Delta: 0.0030
Predictions - 1s: 197, 0s: 199
True Labels - 1s: 112, 0s: 284
Client 3 of 5: Local Epoch [3/3] Loss: 5.7133, Accuracy: 50.25 %, Epsilon: 0.88, Delta: 0.0030
Predictions - 1s: 108, 0s: 288
True Labels - 1s: 94, 0s: 302
Client 4 of 5: Local Epoch [3/3] Loss: 5.7623, Accuracy: 59.09 %, Epsilon: 0.88, Delta: 0.0030
-------------------------------
Round [3/4] Average Local Loss: 5.7721, Average Local Accuracy: 59.13 %
-------------------------------
-------- Validation --------
Predictions - 1s: 134, 0s: 362
True Labels - 1s: 140, 0s: 356
Round [3/4] Global Model Validation Loss: 2.7973, Validation Accuracy: 59.68 %
-------- Validation finished --------

Round 4 of 4
-------------------------------
max_grad_norm:  1.5
max_grad_norm:  1.5
max_grad_norm:  1.5
max_grad_norm:  1.5
max_grad_norm:  1.5
Predictions - 1s: 106, 0s: 290
True Labels - 1s: 112, 0s: 284
Predictions - 1s: 76, 0s: 320
True Labels - 1s: 94, 0s: 302
Predictions - 1s: 83, 0s: 313
True Labels - 1s: 107, 0s: 289
Client 4 of 5: Local Epoch [1/3] Loss: 5.7100, Accuracy: 64.65 %, Epsilon: 0.50, Delta: 0.0030
Client 3 of 5: Local Epoch [1/3] Loss: 5.4636, Accuracy: 58.59 %, Epsilon: 0.50, Delta: 0.0030
Client 2 of 5: Local Epoch [1/3] Loss: 4.9106, Accuracy: 61.62 %, Epsilon: 0.50, Delta: 0.0030
Predictions - 1s: 57, 0s: 339
True Labels - 1s: 109, 0s: 287
Client 1 of 5: Local Epoch [1/3] Loss: 5.4226, Accuracy: 64.65 %, Epsilon: 0.50, Delta: 0.0030
Predictions - 1s: 117, 0s: 281
True Labels - 1s: 112, 0s: 286
Client 5 of 5: Local Epoch [1/3] Loss: 4.7361, Accuracy: 61.56 %, Epsilon: 0.49, Delta: 0.0030
Predictions - 1s: 78, 0s: 318
True Labels - 1s: 112, 0s: 284
Client 3 of 5: Local Epoch [2/3] Loss: 5.9231, Accuracy: 61.62 %, Epsilon: 0.71, Delta: 0.0030
Predictions - 1s: 108, 0s: 288
True Labels - 1s: 94, 0s: 302
Predictions - 1s: 61, 0s: 335
True Labels - 1s: 107, 0s: 289
Client 2 of 5: Local Epoch [2/3] Loss: 5.4792, Accuracy: 66.16 %, Epsilon: 0.71, Delta: 0.0030
Client 4 of 5: Local Epoch [2/3] Loss: 5.1572, Accuracy: 65.66 %, Epsilon: 0.71, Delta: 0.0030
Predictions - 1s: 57, 0s: 339
True Labels - 1s: 112, 0s: 284
Client 3 of 5: Local Epoch [3/3] Loss: 6.4529, Accuracy: 65.40 %, Epsilon: 0.88, Delta: 0.0030
Predictions - 1s: 94, 0s: 302
True Labels - 1s: 109, 0s: 287
Client 1 of 5: Local Epoch [2/3] Loss: 6.4090, Accuracy: 61.36 %, Epsilon: 0.71, Delta: 0.0030
Predictions - 1s: 110, 0s: 288
True Labels - 1s: 112, 0s: 286
Client 5 of 5: Local Epoch [2/3] Loss: 5.2349, Accuracy: 60.80 %, Epsilon: 0.71, Delta: 0.0030
Predictions - 1s: 31, 0s: 365
True Labels - 1s: 107, 0s: 289
Predictions - 1s: 79, 0s: 317
True Labels - 1s: 94, 0s: 302
Client 4 of 5: Local Epoch [3/3] Loss: 5.5453, Accuracy: 66.41 %, Epsilon: 0.88, Delta: 0.0030
Client 2 of 5: Local Epoch [3/3] Loss: 6.8416, Accuracy: 73.23 %, Epsilon: 0.88, Delta: 0.0030
Predictions - 1s: 86, 0s: 310
True Labels - 1s: 109, 0s: 287
Predictions - 1s: 149, 0s: 249
True Labels - 1s: 112, 0s: 286
Client 1 of 5: Local Epoch [3/3] Loss: 6.0625, Accuracy: 61.87 %, Epsilon: 0.88, Delta: 0.0030
Client 5 of 5: Local Epoch [3/3] Loss: 5.5961, Accuracy: 54.02 %, Epsilon: 0.88, Delta: 0.0030
-------------------------------
Round [4/4] Average Local Loss: 6.0997, Average Local Accuracy: 64.19 %
-------------------------------
-------- Validation --------
Predictions - 1s: 77, 0s: 419
True Labels - 1s: 140, 0s: 356
Round [4/4] Global Model Validation Loss: 3.2589, Validation Accuracy: 63.10 %
-------- Validation finished --------
Best model in round 1 saved with Validation Loss: 2.1495 and Validation Accuracy: 61.09 %

-------- Training finished in 9:00 --------

Test flag enabled. Testing the model

-------- Loading best model from model_path --------
Loaded model bert-small from date 21-04-2024 11:42. Trained with Federated Learning technology.
Round 1, lr: 0.06, optimizer: AdamW
Average train accuracy: 64.03 %, Validation accuracy: 61.09 %
-------- Best model loaded --------

-------- Creating Test Dataloader --------
Test Loader: 618 total sentences. 78 batches of size 8.
-------- Test Dataloader created --------

-------- Testing --------
Predictions - 1s: 120, 0s: 498
True Labels - 1s: 168, 0s: 450
Nº of test samples: 618
Accuracy: 63.75%
Accuracy 2 : 63.75%
Precision: 49.68%
Recall: 49.75%
F1 Score: 49.30%
Classification report:
              precision    recall  f1-score   support

           0     0.7269    0.8044    0.7637       450
           1     0.2667    0.1905    0.2222       168

    accuracy                         0.6375       618
   macro avg     0.4968    0.4975    0.4930       618
weighted avg     0.6018    0.6375    0.6165       618

-------- Testing finished --------
