Current configuration:
{
    "concurrency_flag": true,
    "data_distribution": "iid",
    "dataset": "twitter_dep",
    "device": "cuda",
    "dp_delta": 0.003,
    "dp_epsilon": 10,
    "eval_batch_size": 4,
    "eval_flag": true,
    "eval_size": 0.2,
    "fed_alg": "fedavg",
    "layers": 3,
    "learning_rate": 0.06,
    "max_length": 512,
    "ml_mode": "bcfl",
    "model": "bert_small",
    "model_name": "bcfl_10_twitter_dep",
    "models_path": "/local/vpaloma/fabric-federated-learning/ablation_study/phase-4/final/dp/twitter_dep",
    "mu": 0.5,
    "num_clients": 5,
    "num_epochs": 3,
    "num_rounds": 4,
    "optimizer": "AdamW",
    "progress_bar_flag": false,
    "save_model": true,
    "scheduler": "linear",
    "scheduler_warmup_steps": 0,
    "seed": "random",
    "test_flag": true,
    "train_batch_size": 4,
    "train_size": 0.8
}
-------- Configuration loaded --------

-------- Setting device --------
cuda device selected and available.
-------- Device set --------

-------- Setting seed --------
seed set:  854670
-------- Seed set --------

-------- Creating Model --------
-------- Model created --------

-------- Setting Trainable Layers --------
Training the last 3 layers.

Total parameters count: 28764674
Trainable parameters count: 3416066
-------- Trainable Layers set --------

-------- Creating Tokenizer --------
-------- Tokenizer created --------

-------- Creating Train and Eval Dataloaders --------
Train Loader: 1982 total sentences. 496 batches of size 4.
Eval Loader: 496 total sentences. 124 batches of size 4.
-------- Train and Eval Dataloaders created --------

-------- Training --------
Training with Blockchain-Based Federated Learning technology.
Training with differential privacy.
Federated averaging algorithm selected.
Client 0: Label 0: 301, Label 1: 95
Client 1: Label 0: 281, Label 1: 115
Client 2: Label 0: 290, Label 1: 106
Client 3: Label 0: 288, Label 1: 108
Client 4: Label 0: 294, Label 1: 104

Round 1 of 4
-------------------------------
max_grad_norm:  1.5
max_grad_norm:  1.5
max_grad_norm:  1.5
max_grad_norm:  1.5
max_grad_norm:  1.5
Predictions - 1s: 85, 0s: 311
True Labels - 1s: 106, 0s: 290
Predictions - 1s: 72, 0s: 324
True Labels - 1s: 108, 0s: 288
Predictions - 1s: 77, 0s: 319
True Labels - 1s: 95, 0s: 301
Predictions - 1s: 98, 0s: 298
True Labels - 1s: 115, 0s: 281
Client 3 of 5: Local Epoch [1/3] Loss: 3.9678, Accuracy: 65.40 %, Epsilon: 10.04, Delta: 0.0030
Client 1 of 5: Local Epoch [1/3] Loss: 3.2354, Accuracy: 67.68 %, Epsilon: 10.04, Delta: 0.0030
Client 2 of 5: Local Epoch [1/3] Loss: 3.6253, Accuracy: 62.37 %, Epsilon: 10.04, Delta: 0.0030
Client 4 of 5: Local Epoch [1/3] Loss: 3.2802, Accuracy: 67.17 %, Epsilon: 10.04, Delta: 0.0030
Predictions - 1s: 78, 0s: 320
True Labels - 1s: 104, 0s: 294
Client 5 of 5: Local Epoch [1/3] Loss: 3.0467, Accuracy: 63.82 %, Epsilon: 9.99, Delta: 0.0030
Predictions - 1s: 72, 0s: 324
True Labels - 1s: 106, 0s: 290
Client 3 of 5: Local Epoch [2/3] Loss: 4.8637, Accuracy: 64.65 %, Epsilon: 13.51, Delta: 0.0030
Predictions - 1s: 77, 0s: 319
True Labels - 1s: 115, 0s: 281
Client 2 of 5: Local Epoch [2/3] Loss: 4.5300, Accuracy: 65.15 %, Epsilon: 13.51, Delta: 0.0030
Predictions - 1s: 68, 0s: 328
True Labels - 1s: 95, 0s: 301
Client 1 of 5: Local Epoch [2/3] Loss: 5.1112, Accuracy: 64.90 %, Epsilon: 13.51, Delta: 0.0030
Predictions - 1s: 84, 0s: 312
True Labels - 1s: 106, 0s: 290
Client 3 of 5: Local Epoch [3/3] Loss: 5.5013, Accuracy: 63.64 %, Epsilon: 16.35, Delta: 0.0030
Predictions - 1s: 72, 0s: 324
True Labels - 1s: 108, 0s: 288
Client 4 of 5: Local Epoch [2/3] Loss: 5.0833, Accuracy: 61.62 %, Epsilon: 13.51, Delta: 0.0030
Predictions - 1s: 108, 0s: 290
True Labels - 1s: 104, 0s: 294
Client 5 of 5: Local Epoch [2/3] Loss: 4.7605, Accuracy: 62.81 %, Epsilon: 13.44, Delta: 0.0030
Predictions - 1s: 97, 0s: 299
True Labels - 1s: 115, 0s: 281
Client 2 of 5: Local Epoch [3/3] Loss: 5.1954, Accuracy: 58.08 %, Epsilon: 16.35, Delta: 0.0030
Predictions - 1s: 71, 0s: 325
True Labels - 1s: 95, 0s: 301
Client 1 of 5: Local Epoch [3/3] Loss: 4.6694, Accuracy: 65.66 %, Epsilon: 16.35, Delta: 0.0030
Predictions - 1s: 57, 0s: 339
True Labels - 1s: 108, 0s: 288
Client 4 of 5: Local Epoch [3/3] Loss: 5.4525, Accuracy: 64.90 %, Epsilon: 16.35, Delta: 0.0030
Predictions - 1s: 53, 0s: 345
True Labels - 1s: 104, 0s: 294
Client 5 of 5: Local Epoch [3/3] Loss: 5.1516, Accuracy: 71.11 %, Epsilon: 16.27, Delta: 0.0030
-------------------------------
Round [1/4] Average Local Loss: 5.1941, Average Local Accuracy: 64.68 %
-------------------------------
-------- Validation --------
Predictions - 1s: 106, 0s: 390
True Labels - 1s: 146, 0s: 350
Round [1/4] Global Model Validation Loss: 2.0589, Validation Accuracy: 60.08 %
-------- Validation finished --------
Updated best model in round 1 saved with Validation Loss: 2.0589 and Validation Accuracy: 60.08 %
-------------------------------

Round 2 of 4
-------------------------------
max_grad_norm:  1.5
max_grad_norm:  1.5
max_grad_norm:  1.5
max_grad_norm:  1.5
max_grad_norm:  1.5
Predictions - 1s: 79, 0s: 319
True Labels - 1s: 104, 0s: 294
Client 5 of 5: Local Epoch [1/3] Loss: 4.1214, Accuracy: 65.58 %, Epsilon: 9.99, Delta: 0.0030
Predictions - 1s: 108, 0s: 288
True Labels - 1s: 108, 0s: 288
Client 4 of 5: Local Epoch [1/3] Loss: 4.0612, Accuracy: 58.59 %, Epsilon: 10.04, Delta: 0.0030
Predictions - 1s: 86, 0s: 312
True Labels - 1s: 104, 0s: 294
Client 5 of 5: Local Epoch [2/3] Loss: 4.7666, Accuracy: 61.31 %, Epsilon: 13.44, Delta: 0.0030
Predictions - 1s: 90, 0s: 306
True Labels - 1s: 115, 0s: 281
Predictions - 1s: 86, 0s: 310
True Labels - 1s: 95, 0s: 301
Predictions - 1s: 101, 0s: 295
True Labels - 1s: 106, 0s: 290
Client 2 of 5: Local Epoch [1/3] Loss: 3.4099, Accuracy: 64.39 %, Epsilon: 10.04, Delta: 0.0030
Client 3 of 5: Local Epoch [1/3] Loss: 4.5070, Accuracy: 61.36 %, Epsilon: 10.04, Delta: 0.0030
Client 1 of 5: Local Epoch [1/3] Loss: 3.9075, Accuracy: 64.90 %, Epsilon: 10.04, Delta: 0.0030
Predictions - 1s: 128, 0s: 268
True Labels - 1s: 108, 0s: 288
Client 4 of 5: Local Epoch [2/3] Loss: 5.2559, Accuracy: 57.58 %, Epsilon: 13.51, Delta: 0.0030
Predictions - 1s: 114, 0s: 284
True Labels - 1s: 104, 0s: 294
Client 5 of 5: Local Epoch [3/3] Loss: 5.2972, Accuracy: 60.80 %, Epsilon: 16.27, Delta: 0.0030
Predictions - 1s: 103, 0s: 293
True Labels - 1s: 108, 0s: 288
Client 4 of 5: Local Epoch [3/3] Loss: 4.9314, Accuracy: 63.38 %, Epsilon: 16.35, Delta: 0.0030
Predictions - 1s: 125, 0s: 271
True Labels - 1s: 115, 0s: 281
Client 2 of 5: Local Epoch [2/3] Loss: 4.5708, Accuracy: 60.61 %, Epsilon: 13.51, Delta: 0.0030
Predictions - 1s: 94, 0s: 302
True Labels - 1s: 106, 0s: 290
Predictions - 1s: 75, 0s: 321
True Labels - 1s: 95, 0s: 301
Client 3 of 5: Local Epoch [2/3] Loss: 5.3209, Accuracy: 64.14 %, Epsilon: 13.51, Delta: 0.0030
Client 1 of 5: Local Epoch [2/3] Loss: 3.8562, Accuracy: 67.68 %, Epsilon: 13.51, Delta: 0.0030
Predictions - 1s: 100, 0s: 296
True Labels - 1s: 115, 0s: 281
Client 2 of 5: Local Epoch [3/3] Loss: 5.5347, Accuracy: 61.87 %, Epsilon: 16.35, Delta: 0.0030
Predictions - 1s: 79, 0s: 317
True Labels - 1s: 106, 0s: 290
Predictions - 1s: 98, 0s: 298
True Labels - 1s: 95, 0s: 301
Client 3 of 5: Local Epoch [3/3] Loss: 6.0194, Accuracy: 61.36 %, Epsilon: 16.35, Delta: 0.0030
Client 1 of 5: Local Epoch [3/3] Loss: 4.8760, Accuracy: 62.37 %, Epsilon: 16.35, Delta: 0.0030
-------------------------------
Round [2/4] Average Local Loss: 5.3318, Average Local Accuracy: 61.96 %
-------------------------------
-------- Validation --------
Predictions - 1s: 14, 0s: 482
True Labels - 1s: 146, 0s: 350
Round [2/4] Global Model Validation Loss: 4.6373, Validation Accuracy: 69.76 %
-------- Validation finished --------

Round 3 of 4
-------------------------------
max_grad_norm:  1.5
max_grad_norm:  1.5
max_grad_norm:  1.5
max_grad_norm:  1.5
max_grad_norm:  1.5
Predictions - 1s: 66, 0s: 330
True Labels - 1s: 108, 0s: 288
Client 4 of 5: Local Epoch [1/3] Loss: 4.9002, Accuracy: 65.15 %, Epsilon: 10.04, Delta: 0.0030
Predictions - 1s: 95, 0s: 301
True Labels - 1s: 115, 0s: 281
Predictions - 1s: 61, 0s: 335
True Labels - 1s: 106, 0s: 290
Client 3 of 5: Local Epoch [1/3] Loss: 5.0008, Accuracy: 67.42 %, Epsilon: 10.04, Delta: 0.0030
Client 2 of 5: Local Epoch [1/3] Loss: 5.1512, Accuracy: 62.12 %, Epsilon: 10.04, Delta: 0.0030
Predictions - 1s: 56, 0s: 340
True Labels - 1s: 95, 0s: 301
Client 1 of 5: Local Epoch [1/3] Loss: 5.0495, Accuracy: 67.42 %, Epsilon: 10.04, Delta: 0.0030
Predictions - 1s: 76, 0s: 320
True Labels - 1s: 108, 0s: 288
Client 4 of 5: Local Epoch [2/3] Loss: 5.3038, Accuracy: 62.12 %, Epsilon: 13.51, Delta: 0.0030
Predictions - 1s: 111, 0s: 287
True Labels - 1s: 104, 0s: 294
Client 5 of 5: Local Epoch [1/3] Loss: 4.0433, Accuracy: 65.58 %, Epsilon: 9.99, Delta: 0.0030
Predictions - 1s: 98, 0s: 298
True Labels - 1s: 108, 0s: 288
Predictions - 1s: 88, 0s: 308
True Labels - 1s: 115, 0s: 281
Predictions - 1s: 49, 0s: 347
True Labels - 1s: 106, 0s: 290
Client 4 of 5: Local Epoch [3/3] Loss: 5.2722, Accuracy: 61.62 %, Epsilon: 16.35, Delta: 0.0030
Client 2 of 5: Local Epoch [2/3] Loss: 5.8069, Accuracy: 61.87 %, Epsilon: 13.51, Delta: 0.0030
Predictions - 1s: 64, 0s: 332
True Labels - 1s: 95, 0s: 301
Client 3 of 5: Local Epoch [2/3] Loss: 6.5380, Accuracy: 68.43 %, Epsilon: 13.51, Delta: 0.0030
Client 1 of 5: Local Epoch [2/3] Loss: 5.3970, Accuracy: 67.42 %, Epsilon: 13.51, Delta: 0.0030
Predictions - 1s: 72, 0s: 326
True Labels - 1s: 104, 0s: 294
Client 5 of 5: Local Epoch [2/3] Loss: 5.0057, Accuracy: 64.82 %, Epsilon: 13.44, Delta: 0.0030
Predictions - 1s: 104, 0s: 292
Predictions - 1s: 127, 0s: 269
True Labels - 1s: 106, 0s: 290
True Labels - 1s: 115, 0s: 281
Predictions - 1s: 85, 0s: 311
True Labels - 1s: 95, 0s: 301
Client 2 of 5: Local Epoch [3/3] Loss: 5.5908, Accuracy: 60.10 %, Epsilon: 16.35, Delta: 0.0030
Client 3 of 5: Local Epoch [3/3] Loss: 5.2850, Accuracy: 62.63 %, Epsilon: 16.35, Delta: 0.0030
Client 1 of 5: Local Epoch [3/3] Loss: 5.1341, Accuracy: 64.65 %, Epsilon: 16.35, Delta: 0.0030
Predictions - 1s: 100, 0s: 298
True Labels - 1s: 104, 0s: 294
Client 5 of 5: Local Epoch [3/3] Loss: 4.4898, Accuracy: 64.82 %, Epsilon: 16.27, Delta: 0.0030
-------------------------------
Round [3/4] Average Local Loss: 5.1544, Average Local Accuracy: 62.76 %
-------------------------------
-------- Validation --------
Predictions - 1s: 9, 0s: 487
True Labels - 1s: 146, 0s: 350
Round [3/4] Global Model Validation Loss: 5.5311, Validation Accuracy: 69.56 %
-------- Validation finished --------

Round 4 of 4
-------------------------------
max_grad_norm:  1.5
max_grad_norm:  1.5
max_grad_norm:  1.5
max_grad_norm:  1.5
max_grad_norm:  1.5
Predictions - 1s: 105, 0s: 291
True Labels - 1s: 108, 0s: 288
Client 4 of 5: Local Epoch [1/3] Loss: 4.8631, Accuracy: 60.35 %, Epsilon: 10.04, Delta: 0.0030
Predictions - 1s: 103, 0s: 293
True Labels - 1s: 115, 0s: 281
Client 2 of 5: Local Epoch [1/3] Loss: 5.3303, Accuracy: 61.62 %, Epsilon: 10.04, Delta: 0.0030
Predictions - 1s: 76, 0s: 320
True Labels - 1s: 95, 0s: 301
Predictions - 1s: 75, 0s: 321
True Labels - 1s: 106, 0s: 290
Client 3 of 5: Local Epoch [1/3] Loss: 4.7430, Accuracy: 64.39 %, Epsilon: 10.04, Delta: 0.0030
Client 1 of 5: Local Epoch [1/3] Loss: 4.6420, Accuracy: 66.41 %, Epsilon: 10.04, Delta: 0.0030
Predictions - 1s: 70, 0s: 326
True Labels - 1s: 108, 0s: 288
Client 4 of 5: Local Epoch [2/3] Loss: 5.4727, Accuracy: 67.17 %, Epsilon: 13.51, Delta: 0.0030
Predictions - 1s: 112, 0s: 286
True Labels - 1s: 104, 0s: 294
Client 5 of 5: Local Epoch [1/3] Loss: 5.0170, Accuracy: 61.31 %, Epsilon: 9.99, Delta: 0.0030
Predictions - 1s: 70, 0s: 326
True Labels - 1s: 115, 0s: 281
Client 2 of 5: Local Epoch [2/3] Loss: 6.3938, Accuracy: 63.89 %, Epsilon: 13.51, Delta: 0.0030
Predictions - 1s: 138, 0s: 258
True Labels - 1s: 108, 0s: 288
Client 4 of 5: Local Epoch [3/3] Loss: 5.5264, Accuracy: 54.04 %, Epsilon: 16.35, Delta: 0.0030
Predictions - 1s: 96, 0s: 300
True Labels - 1s: 115, 0s: 281
Client 2 of 5: Local Epoch [3/3] Loss: 5.7004, Accuracy: 62.37 %, Epsilon: 16.35, Delta: 0.0030
Predictions - 1s: 89, 0s: 307
True Labels - 1s: 95, 0s: 301
Client 1 of 5: Local Epoch [2/3] Loss: 6.1012, Accuracy: 64.14 %, Epsilon: 13.51, Delta: 0.0030
Predictions - 1s: 76, 0s: 320
True Labels - 1s: 106, 0s: 290
Client 3 of 5: Local Epoch [2/3] Loss: 4.7498, Accuracy: 64.65 %, Epsilon: 13.51, Delta: 0.0030
Predictions - 1s: 88, 0s: 310
True Labels - 1s: 104, 0s: 294
Client 5 of 5: Local Epoch [2/3] Loss: 4.0975, Accuracy: 65.83 %, Epsilon: 13.44, Delta: 0.0030
Predictions - 1s: 60, 0s: 336
True Labels - 1s: 95, 0s: 301
Client 1 of 5: Local Epoch [3/3] Loss: 5.4076, Accuracy: 70.96 %, Epsilon: 16.35, Delta: 0.0030
Predictions - 1s: 83, 0s: 313
True Labels - 1s: 106, 0s: 290
Client 3 of 5: Local Epoch [3/3] Loss: 5.5501, Accuracy: 63.38 %, Epsilon: 16.35, Delta: 0.0030
Predictions - 1s: 56, 0s: 342
True Labels - 1s: 104, 0s: 294
Client 5 of 5: Local Epoch [3/3] Loss: 5.5868, Accuracy: 68.84 %, Epsilon: 16.27, Delta: 0.0030
-------------------------------
Round [4/4] Average Local Loss: 5.5543, Average Local Accuracy: 63.92 %
-------------------------------
-------- Validation --------
Predictions - 1s: 30, 0s: 466
True Labels - 1s: 146, 0s: 350
Round [4/4] Global Model Validation Loss: 4.5489, Validation Accuracy: 68.55 %
-------- Validation finished --------
Best model in round 1 saved with Validation Loss: 2.0589 and Validation Accuracy: 60.08 %

-------- Training finished in 10:10 --------

Test flag enabled. Testing the model

-------- Loading best model from model_path --------
Loaded model bert-small from date 21-04-2024 10:45. Trained with Federated Learning technology.
Round 1, lr: 0.06, optimizer: AdamW
Average train accuracy: 64.68 %, Validation accuracy: 60.08 %
-------- Best model loaded --------

-------- Creating Test Dataloader --------
Test Loader: 618 total sentences. 78 batches of size 8.
-------- Test Dataloader created --------

-------- Testing --------
Predictions - 1s: 135, 0s: 483
True Labels - 1s: 168, 0s: 450
Nº of test samples: 618
Accuracy: 64.89%
Accuracy 2 : 64.89%
Precision: 52.99%
Recall: 52.58%
F1 Score: 52.56%
Classification report:
              precision    recall  f1-score   support

           0     0.7412    0.7956    0.7674       450
           1     0.3185    0.2560    0.2838       168

    accuracy                         0.6489       618
   macro avg     0.5299    0.5258    0.5256       618
weighted avg     0.6263    0.6489    0.6360       618

-------- Testing finished --------
