Current configuration:
{
    "concurrency_flag": true,
    "data_distribution": "iid",
    "dataset": "twitter_dep",
    "device": "cuda",
    "dp_delta": 0.003,
    "dp_epsilon": 0,
    "eval_batch_size": 4,
    "eval_flag": true,
    "eval_size": 0.2,
    "fed_alg": "fedavg",
    "layers": 3,
    "learning_rate": 6e-05,
    "max_length": 512,
    "ml_mode": "bcfl",
    "model": "bert_small",
    "model_name": "bcfl_0_seed9_twitter_dep",
    "models_path": "/local/vpaloma/fabric-federated-learning/ablation_study/phase-4/final/dp/twitter_dep",
    "mu": 0.5,
    "num_clients": 5,
    "num_epochs": 3,
    "num_rounds": 4,
    "optimizer": "AdamW",
    "progress_bar_flag": false,
    "save_model": true,
    "scheduler": "linear",
    "scheduler_warmup_steps": 0,
    "seed": "random",
    "test_flag": true,
    "train_batch_size": 4,
    "train_size": 0.8
}
-------- Configuration loaded --------

-------- Setting device --------
cuda device selected and available.
-------- Device set --------

-------- Setting seed --------
seed set:  287960
-------- Seed set --------

-------- Creating Model --------
-------- Model created --------

-------- Setting Trainable Layers --------
Training the last 3 layers.

Total parameters count: 28764674
Trainable parameters count: 3416066
-------- Trainable Layers set --------

-------- Creating Tokenizer --------
-------- Tokenizer created --------

-------- Creating Train and Eval Dataloaders --------
Train Loader: 1982 total sentences. 496 batches of size 4.
Eval Loader: 496 total sentences. 124 batches of size 4.
-------- Train and Eval Dataloaders created --------

-------- Training --------
Training with Blockchain-Based Federated Learning technology.
Training without differential privacy.
Federated averaging algorithm selected.
Client 0: Label 0: 303, Label 1: 93
Client 1: Label 0: 293, Label 1: 103
Client 2: Label 0: 283, Label 1: 113
Client 3: Label 0: 278, Label 1: 118
Client 4: Label 0: 280, Label 1: 118

Round 1 of 4
-------------------------------
Predictions - 1s: 29, 0s: 367
True Labels - 1s: 118, 0s: 278
Client 4 of 5: Local Epoch [1/3] Loss: 0.5804, Accuracy: 69.95 %
Predictions - 1s: 4, 0s: 392
True Labels - 1s: 93, 0s: 303
Client 1 of 5: Local Epoch [1/3] Loss: 0.5104, Accuracy: 76.52 %
Predictions - 1s: 16, 0s: 380
Predictions - 1s: 24, 0s: 372
True Labels - 1s: 103, 0s: 293
True Labels - 1s: 113, 0s: 283
Client 2 of 5: Local Epoch [1/3] Loss: 0.5385, Accuracy: 73.99 %
Client 3 of 5: Local Epoch [1/3] Loss: 0.5540, Accuracy: 71.97 %
Predictions - 1s: 23, 0s: 375
True Labels - 1s: 118, 0s: 280
Client 5 of 5: Local Epoch [1/3] Loss: 0.5613, Accuracy: 71.61 %
Predictions - 1s: 53, 0s: 343
True Labels - 1s: 118, 0s: 278
Client 4 of 5: Local Epoch [2/3] Loss: 0.5038, Accuracy: 76.52 %
Predictions - 1s: 43, 0s: 353
True Labels - 1s: 103, 0s: 293
Client 2 of 5: Local Epoch [2/3] Loss: 0.4531, Accuracy: 80.30 %
Predictions - 1s: 34, 0s: 362
True Labels - 1s: 93, 0s: 303
Client 1 of 5: Local Epoch [2/3] Loss: 0.4248, Accuracy: 80.56 %
Predictions - 1s: 71, 0s: 325
True Labels - 1s: 113, 0s: 283
Client 3 of 5: Local Epoch [2/3] Loss: 0.4817, Accuracy: 78.79 %
Predictions - 1s: 74, 0s: 324
True Labels - 1s: 118, 0s: 280
Client 5 of 5: Local Epoch [2/3] Loss: 0.4683, Accuracy: 78.39 %
Predictions - 1s: 47, 0s: 349
True Labels - 1s: 118, 0s: 278
Client 4 of 5: Local Epoch [3/3] Loss: 0.4648, Accuracy: 79.04 %
Predictions - 1s: 58, 0s: 338
True Labels - 1s: 93, 0s: 303
Client 1 of 5: Local Epoch [3/3] Loss: 0.3798, Accuracy: 85.10 %
Predictions - 1s: 60, 0s: 336
True Labels - 1s: 103, 0s: 293
Client 2 of 5: Local Epoch [3/3] Loss: 0.3895, Accuracy: 83.08 %
Predictions - 1s: 74, 0s: 322
True Labels - 1s: 113, 0s: 283
Client 3 of 5: Local Epoch [3/3] Loss: 0.4197, Accuracy: 81.57 %
Predictions - 1s: 95, 0s: 303
True Labels - 1s: 118, 0s: 280
Client 5 of 5: Local Epoch [3/3] Loss: 0.4206, Accuracy: 80.15 %
-------------------------------
Round [1/4] Average Local Loss: 0.4149, Average Local Accuracy: 81.79 %
-------------------------------
-------- Validation --------
Predictions - 1s: 80, 0s: 416
True Labels - 1s: 129, 0s: 367
Round [1/4] Global Model Validation Loss: 0.4558, Validation Accuracy: 79.23 %
-------- Validation finished --------
Updated best model in round 1 saved with Validation Loss: 0.4558 and Validation Accuracy: 79.23 %
-------------------------------

Round 2 of 4
-------------------------------
Predictions - 1s: 75, 0s: 321
True Labels - 1s: 103, 0s: 293
Client 2 of 5: Local Epoch [1/3] Loss: 0.4444, Accuracy: 81.31 %
Predictions - 1s: 51, 0s: 345
Predictions - 1s: 67, 0s: 329
True Labels - 1s: 93, 0s: 303
True Labels - 1s: 118, 0s: 278
Client 1 of 5: Local Epoch [1/3] Loss: 0.4187, Accuracy: 80.30 %
Client 4 of 5: Local Epoch [1/3] Loss: 0.5115, Accuracy: 76.01 %
Predictions - 1s: 73, 0s: 323
True Labels - 1s: 113, 0s: 283
Client 3 of 5: Local Epoch [1/3] Loss: 0.4704, Accuracy: 78.79 %
Predictions - 1s: 86, 0s: 312
True Labels - 1s: 118, 0s: 280
Client 5 of 5: Local Epoch [1/3] Loss: 0.4527, Accuracy: 79.40 %
Predictions - 1s: 70, 0s: 326
True Labels - 1s: 118, 0s: 278
Client 4 of 5: Local Epoch [2/3] Loss: 0.4381, Accuracy: 80.30 %
Predictions - 1s: 76, 0s: 320
True Labels - 1s: 103, 0s: 293
Client 2 of 5: Local Epoch [2/3] Loss: 0.3666, Accuracy: 82.58 %
Predictions - 1s: 61, 0s: 335
True Labels - 1s: 93, 0s: 303
Client 1 of 5: Local Epoch [2/3] Loss: 0.3518, Accuracy: 83.33 %
Predictions - 1s: 93, 0s: 303
True Labels - 1s: 113, 0s: 283
Client 3 of 5: Local Epoch [2/3] Loss: 0.3941, Accuracy: 83.84 %
Predictions - 1s: 98, 0s: 300
True Labels - 1s: 118, 0s: 280
Client 5 of 5: Local Epoch [2/3] Loss: 0.4049, Accuracy: 80.40 %
Predictions - 1s: 98, 0s: 300
True Labels - 1s: 118, 0s: 280
Client 5 of 5: Local Epoch [3/3] Loss: 0.3694, Accuracy: 81.91 %
Predictions - 1s: 104, 0s: 292
True Labels - 1s: 118, 0s: 278
Client 4 of 5: Local Epoch [3/3] Loss: 0.4145, Accuracy: 81.82 %
Predictions - 1s: 71, 0s: 325
True Labels - 1s: 93, 0s: 303
Client 1 of 5: Local Epoch [3/3] Loss: 0.3068, Accuracy: 87.37 %
Predictions - 1s: 90, 0s: 306
True Labels - 1s: 113, 0s: 283
Client 3 of 5: Local Epoch [3/3] Loss: 0.3594, Accuracy: 83.08 %
Predictions - 1s: 77, 0s: 319
True Labels - 1s: 103, 0s: 293
Client 2 of 5: Local Epoch [3/3] Loss: 0.3254, Accuracy: 85.86 %
-------------------------------
Round [2/4] Average Local Loss: 0.3551, Average Local Accuracy: 84.01 %
-------------------------------
-------- Validation --------
Predictions - 1s: 109, 0s: 387
True Labels - 1s: 129, 0s: 367
Round [2/4] Global Model Validation Loss: 0.4220, Validation Accuracy: 79.03 %
-------- Validation finished --------
Updated best model in round 2 saved with Validation Loss: 0.4220 and Validation Accuracy: 79.03 %
-------------------------------

Round 3 of 4
-------------------------------
Predictions - 1s: 84, 0s: 312
True Labels - 1s: 113, 0s: 283
Client 3 of 5: Local Epoch [1/3] Loss: 0.4306, Accuracy: 81.57 %
Predictions - 1s: 90, 0s: 306
True Labels - 1s: 118, 0s: 278
Client 4 of 5: Local Epoch [1/3] Loss: 0.4762, Accuracy: 79.29 %
Predictions - 1s: 83, 0s: 313
True Labels - 1s: 103, 0s: 293
Client 2 of 5: Local Epoch [1/3] Loss: 0.4129, Accuracy: 80.81 %
Predictions - 1s: 63, 0s: 333
True Labels - 1s: 93, 0s: 303
Client 1 of 5: Local Epoch [1/3] Loss: 0.3866, Accuracy: 82.83 %
Predictions - 1s: 101, 0s: 297
True Labels - 1s: 118, 0s: 280
Client 5 of 5: Local Epoch [1/3] Loss: 0.4346, Accuracy: 79.15 %
Predictions - 1s: 88, 0s: 308
True Labels - 1s: 113, 0s: 283
Client 3 of 5: Local Epoch [2/3] Loss: 0.3482, Accuracy: 83.59 %
Predictions - 1s: 103, 0s: 293
True Labels - 1s: 113, 0s: 283
Client 3 of 5: Local Epoch [3/3] Loss: 0.3226, Accuracy: 85.86 %
Predictions - 1s: 88, 0s: 308
True Labels - 1s: 118, 0s: 278
Client 4 of 5: Local Epoch [2/3] Loss: 0.4139, Accuracy: 82.32 %
Predictions - 1s: 81, 0s: 315
True Labels - 1s: 103, 0s: 293
Client 2 of 5: Local Epoch [2/3] Loss: 0.3219, Accuracy: 86.87 %
Predictions - 1s: 74, 0s: 322
True Labels - 1s: 93, 0s: 303
Client 1 of 5: Local Epoch [2/3] Loss: 0.3057, Accuracy: 87.12 %
Predictions - 1s: 90, 0s: 308
True Labels - 1s: 118, 0s: 280
Client 5 of 5: Local Epoch [2/3] Loss: 0.3750, Accuracy: 81.41 %
Predictions - 1s: 86, 0s: 310
True Labels - 1s: 118, 0s: 278
Client 4 of 5: Local Epoch [3/3] Loss: 0.3561, Accuracy: 85.86 %
Predictions - 1s: 78, 0s: 318
True Labels - 1s: 103, 0s: 293
Client 2 of 5: Local Epoch [3/3] Loss: 0.2888, Accuracy: 89.65 %
Predictions - 1s: 81, 0s: 315
True Labels - 1s: 93, 0s: 303
Client 1 of 5: Local Epoch [3/3] Loss: 0.2769, Accuracy: 89.39 %
Predictions - 1s: 98, 0s: 300
True Labels - 1s: 118, 0s: 280
Client 5 of 5: Local Epoch [3/3] Loss: 0.3296, Accuracy: 84.92 %
-------------------------------
Round [3/4] Average Local Loss: 0.3148, Average Local Accuracy: 87.14 %
-------------------------------
-------- Validation --------
Predictions - 1s: 121, 0s: 375
True Labels - 1s: 129, 0s: 367
Round [3/4] Global Model Validation Loss: 0.4037, Validation Accuracy: 81.45 %
-------- Validation finished --------
Updated best model in round 3 saved with Validation Loss: 0.4037 and Validation Accuracy: 81.45 %
-------------------------------

Round 4 of 4
-------------------------------
Predictions - 1s: 95, 0s: 301
True Labels - 1s: 118, 0s: 278
Client 4 of 5: Local Epoch [1/3] Loss: 0.4395, Accuracy: 80.56 %
Predictions - 1s: 81, 0s: 315
True Labels - 1s: 103, 0s: 293
Client 2 of 5: Local Epoch [1/3] Loss: 0.3511, Accuracy: 84.34 %
Predictions - 1s: 91, 0s: 305
True Labels - 1s: 113, 0s: 283
Client 3 of 5: Local Epoch [1/3] Loss: 0.3897, Accuracy: 83.84 %
Predictions - 1s: 69, 0s: 327
True Labels - 1s: 93, 0s: 303
Client 1 of 5: Local Epoch [1/3] Loss: 0.3768, Accuracy: 84.85 %
Predictions - 1s: 97, 0s: 301
True Labels - 1s: 118, 0s: 280
Client 5 of 5: Local Epoch [1/3] Loss: 0.4099, Accuracy: 80.15 %
Predictions - 1s: 99, 0s: 297
True Labels - 1s: 118, 0s: 278
Client 4 of 5: Local Epoch [2/3] Loss: 0.3840, Accuracy: 84.09 %
Predictions - 1s: 93, 0s: 303
True Labels - 1s: 118, 0s: 278
Client 4 of 5: Local Epoch [3/3] Loss: 0.3276, Accuracy: 86.62 %
Predictions - 1s: 111, 0s: 285
True Labels - 1s: 113, 0s: 283
Client 3 of 5: Local Epoch [2/3] Loss: 0.3204, Accuracy: 86.36 %
Predictions - 1s: 79, 0s: 317
True Labels - 1s: 103, 0s: 293
Client 2 of 5: Local Epoch [2/3] Loss: 0.2944, Accuracy: 88.38 %
Predictions - 1s: 72, 0s: 324
True Labels - 1s: 93, 0s: 303
Client 1 of 5: Local Epoch [2/3] Loss: 0.2829, Accuracy: 88.64 %
Predictions - 1s: 111, 0s: 287
True Labels - 1s: 118, 0s: 280
Client 5 of 5: Local Epoch [2/3] Loss: 0.3251, Accuracy: 85.68 %
Predictions - 1s: 78, 0s: 318
True Labels - 1s: 93, 0s: 303
Client 1 of 5: Local Epoch [3/3] Loss: 0.2583, Accuracy: 90.15 %
Predictions - 1s: 106, 0s: 290
True Labels - 1s: 113, 0s: 283
Client 3 of 5: Local Epoch [3/3] Loss: 0.2726, Accuracy: 89.14 %
Predictions - 1s: 88, 0s: 308
True Labels - 1s: 103, 0s: 293
Client 2 of 5: Local Epoch [3/3] Loss: 0.2417, Accuracy: 89.65 %
Predictions - 1s: 109, 0s: 289
True Labels - 1s: 118, 0s: 280
Client 5 of 5: Local Epoch [3/3] Loss: 0.3032, Accuracy: 87.19 %
-------------------------------
Round [4/4] Average Local Loss: 0.2807, Average Local Accuracy: 88.55 %
-------------------------------
-------- Validation --------
Predictions - 1s: 123, 0s: 373
True Labels - 1s: 129, 0s: 367
Round [4/4] Global Model Validation Loss: 0.3945, Validation Accuracy: 80.24 %
-------- Validation finished --------
Updated best model in round 4 saved with Validation Loss: 0.3945 and Validation Accuracy: 80.24 %
-------------------------------
Best model in round 4 saved with Validation Loss: 0.3945 and Validation Accuracy: 80.24 %

-------- Training finished in 6:15 --------

Test flag enabled. Testing the model

-------- Loading best model from model_path --------
Loaded model bert-small from date 21-04-2024 07:38. Trained with Federated Learning technology.
Round 4, lr: 6e-05, optimizer: AdamW
Average train accuracy: 88.55 %, Validation accuracy: 80.24 %
-------- Best model loaded --------

-------- Creating Test Dataloader --------
Test Loader: 618 total sentences. 78 batches of size 8.
-------- Test Dataloader created --------

-------- Testing --------
Predictions - 1s: 153, 0s: 465
True Labels - 1s: 168, 0s: 450
Nº of test samples: 618
Accuracy: 83.33%
Accuracy 2 : 83.33%
Precision: 79.28%
Recall: 77.55%
F1 Score: 78.33%
Classification report:
              precision    recall  f1-score   support

           0     0.8731    0.9022    0.8874       450
           1     0.7124    0.6488    0.6791       168

    accuracy                         0.8333       618
   macro avg     0.7928    0.7755    0.7833       618
weighted avg     0.8294    0.8333    0.8308       618

-------- Testing finished --------
