Current configuration:
{
    "concurrency_flag": true,
    "data_distribution": "iid",
    "dataset": "twitter_dep",
    "device": "cuda",
    "dp_delta": 0.003,
    "dp_epsilon": 0.5,
    "eval_batch_size": 4,
    "eval_flag": true,
    "eval_size": 0.2,
    "fed_alg": "fedavg",
    "layers": 3,
    "learning_rate": 0.06,
    "max_length": 512,
    "ml_mode": "bcfl",
    "model": "bert_small",
    "model_name": "bcfl_0.5_seed6_twitter_dep",
    "models_path": "/local/vpaloma/fabric-federated-learning/ablation_study/phase-4/final/dp/twitter_dep",
    "mu": 0.5,
    "num_clients": 5,
    "num_epochs": 3,
    "num_rounds": 4,
    "optimizer": "AdamW",
    "progress_bar_flag": false,
    "save_model": true,
    "scheduler": "linear",
    "scheduler_warmup_steps": 0,
    "seed": "random",
    "test_flag": true,
    "train_batch_size": 4,
    "train_size": 0.8
}
-------- Configuration loaded --------

-------- Setting device --------
cuda device selected and available.
-------- Device set --------

-------- Setting seed --------
seed set:  338003
-------- Seed set --------

-------- Creating Model --------
-------- Model created --------

-------- Setting Trainable Layers --------
Training the last 3 layers.

Total parameters count: 28764674
Trainable parameters count: 3416066
-------- Trainable Layers set --------

-------- Creating Tokenizer --------
-------- Tokenizer created --------

-------- Creating Train and Eval Dataloaders --------
Train Loader: 1982 total sentences. 496 batches of size 4.
Eval Loader: 496 total sentences. 124 batches of size 4.
-------- Train and Eval Dataloaders created --------

-------- Training --------
Training with Blockchain-Based Federated Learning technology.
Training with differential privacy.
Federated averaging algorithm selected.
Client 0: Label 0: 285, Label 1: 111
Client 1: Label 0: 286, Label 1: 110
Client 2: Label 0: 270, Label 1: 126
Client 3: Label 0: 291, Label 1: 105
Client 4: Label 0: 304, Label 1: 94

Round 1 of 4
-------------------------------
max_grad_norm:  1.5
max_grad_norm:  1.5
max_grad_norm:  1.5
max_grad_norm:  1.5
max_grad_norm:  1.5
Predictions - 1s: 79, 0s: 317
True Labels - 1s: 110, 0s: 286
Predictions - 1s: 104, 0s: 292
True Labels - 1s: 105, 0s: 291
Predictions - 1s: 182, 0s: 214
True Labels - 1s: 111, 0s: 285
Predictions - 1s: 129, 0s: 267
True Labels - 1s: 126, 0s: 270
Client 2 of 5: Local Epoch [1/3] Loss: 4.1407, Accuracy: 61.87 %, Epsilon: 0.50, Delta: 0.0030
Client 3 of 5: Local Epoch [1/3] Loss: 4.1707, Accuracy: 56.31 %, Epsilon: 0.50, Delta: 0.0030
Client 1 of 5: Local Epoch [1/3] Loss: 3.8389, Accuracy: 54.29 %, Epsilon: 0.50, Delta: 0.0030
Client 4 of 5: Local Epoch [1/3] Loss: 3.0977, Accuracy: 61.87 %, Epsilon: 0.50, Delta: 0.0030
Predictions - 1s: 88, 0s: 310
True Labels - 1s: 94, 0s: 304
Client 5 of 5: Local Epoch [1/3] Loss: 3.3776, Accuracy: 66.33 %, Epsilon: 0.49, Delta: 0.0030
Predictions - 1s: 55, 0s: 343
True Labels - 1s: 94, 0s: 304
Client 5 of 5: Local Epoch [2/3] Loss: 4.8127, Accuracy: 68.09 %, Epsilon: 0.71, Delta: 0.0030
Predictions - 1s: 130, 0s: 266
True Labels - 1s: 105, 0s: 291
Client 4 of 5: Local Epoch [2/3] Loss: 5.7152, Accuracy: 56.31 %, Epsilon: 0.71, Delta: 0.0030
Predictions - 1s: 174, 0s: 222
True Labels - 1s: 110, 0s: 286
Client 2 of 5: Local Epoch [2/3] Loss: 5.6538, Accuracy: 51.01 %, Epsilon: 0.71, Delta: 0.0030
Predictions - 1s: 63, 0s: 335
True Labels - 1s: 94, 0s: 304
Client 5 of 5: Local Epoch [3/3] Loss: 5.4079, Accuracy: 67.59 %, Epsilon: 0.88, Delta: 0.0030
Predictions - 1s: 78, 0s: 318
True Labels - 1s: 111, 0s: 285
Predictions - 1s: 44, 0s: 352
True Labels - 1s: 126, 0s: 270
Client 1 of 5: Local Epoch [2/3] Loss: 6.0375, Accuracy: 62.37 %, Epsilon: 0.71, Delta: 0.0030
Client 3 of 5: Local Epoch [2/3] Loss: 6.3361, Accuracy: 65.15 %, Epsilon: 0.71, Delta: 0.0030
Predictions - 1s: 112, 0s: 284
True Labels - 1s: 105, 0s: 291
Client 4 of 5: Local Epoch [3/3] Loss: 5.3101, Accuracy: 57.83 %, Epsilon: 0.88, Delta: 0.0030
Predictions - 1s: 76, 0s: 320
True Labels - 1s: 110, 0s: 286
Client 2 of 5: Local Epoch [3/3] Loss: 5.3967, Accuracy: 61.11 %, Epsilon: 0.88, Delta: 0.0030
Predictions - 1s: 115, 0s: 281
True Labels - 1s: 111, 0s: 285
Client 1 of 5: Local Epoch [3/3] Loss: 5.8705, Accuracy: 55.05 %, Epsilon: 0.88, Delta: 0.0030
Predictions - 1s: 46, 0s: 350
True Labels - 1s: 126, 0s: 270
Client 3 of 5: Local Epoch [3/3] Loss: 6.6620, Accuracy: 64.14 %, Epsilon: 0.88, Delta: 0.0030
-------------------------------
Round [1/4] Average Local Loss: 5.7294, Average Local Accuracy: 61.14 %
-------------------------------
-------- Validation --------
Predictions - 1s: 188, 0s: 308
True Labels - 1s: 128, 0s: 368
Round [1/4] Global Model Validation Loss: 1.8413, Validation Accuracy: 57.26 %
-------- Validation finished --------
Updated best model in round 1 saved with Validation Loss: 1.8413 and Validation Accuracy: 57.26 %
-------------------------------

Round 2 of 4
-------------------------------
max_grad_norm:  1.5
max_grad_norm:  1.5
max_grad_norm:  1.5
max_grad_norm:  1.5
max_grad_norm:  1.5
Predictions - 1s: 139, 0s: 257
True Labels - 1s: 105, 0s: 291
Client 4 of 5: Local Epoch [1/3] Loss: 3.5660, Accuracy: 58.59 %, Epsilon: 0.50, Delta: 0.0030
Predictions - 1s: 87, 0s: 309
True Labels - 1s: 105, 0s: 291
Client 4 of 5: Local Epoch [2/3] Loss: 6.1836, Accuracy: 60.61 %, Epsilon: 0.71, Delta: 0.0030
Predictions - 1s: 100, 0s: 296
True Labels - 1s: 110, 0s: 286
Predictions - 1s: 82, 0s: 314
True Labels - 1s: 111, 0s: 285
Predictions - 1s: 132, 0s: 264
True Labels - 1s: 126, 0s: 270
Client 2 of 5: Local Epoch [1/3] Loss: 4.0049, Accuracy: 62.63 %, Epsilon: 0.50, Delta: 0.0030
Client 3 of 5: Local Epoch [1/3] Loss: 4.6119, Accuracy: 56.57 %, Epsilon: 0.50, Delta: 0.0030
Client 1 of 5: Local Epoch [1/3] Loss: 4.3607, Accuracy: 63.89 %, Epsilon: 0.50, Delta: 0.0030
Predictions - 1s: 93, 0s: 305
True Labels - 1s: 94, 0s: 304
Client 5 of 5: Local Epoch [1/3] Loss: 3.9976, Accuracy: 64.07 %, Epsilon: 0.49, Delta: 0.0030
Predictions - 1s: 122, 0s: 274
True Labels - 1s: 105, 0s: 291
Client 4 of 5: Local Epoch [3/3] Loss: 5.0332, Accuracy: 62.37 %, Epsilon: 0.88, Delta: 0.0030
Predictions - 1s: 52, 0s: 344
True Labels - 1s: 110, 0s: 286
Client 2 of 5: Local Epoch [2/3] Loss: 5.3435, Accuracy: 66.67 %, Epsilon: 0.71, Delta: 0.0030
Predictions - 1s: 138, 0s: 258
True Labels - 1s: 126, 0s: 270
Client 3 of 5: Local Epoch [2/3] Loss: 5.3329, Accuracy: 57.07 %, Epsilon: 0.71, Delta: 0.0030
Predictions - 1s: 64, 0s: 334
True Labels - 1s: 94, 0s: 304
Client 5 of 5: Local Epoch [2/3] Loss: 5.2732, Accuracy: 69.85 %, Epsilon: 0.71, Delta: 0.0030
Predictions - 1s: 101, 0s: 295
True Labels - 1s: 111, 0s: 285
Client 1 of 5: Local Epoch [2/3] Loss: 4.8572, Accuracy: 61.62 %, Epsilon: 0.71, Delta: 0.0030
Predictions - 1s: 84, 0s: 312
True Labels - 1s: 110, 0s: 286
Client 2 of 5: Local Epoch [3/3] Loss: 4.6901, Accuracy: 64.65 %, Epsilon: 0.88, Delta: 0.0030
Predictions - 1s: 49, 0s: 349
True Labels - 1s: 94, 0s: 304
Client 5 of 5: Local Epoch [3/3] Loss: 5.5548, Accuracy: 69.60 %, Epsilon: 0.88, Delta: 0.0030
Predictions - 1s: 140, 0s: 256
True Labels - 1s: 126, 0s: 270
Client 3 of 5: Local Epoch [3/3] Loss: 5.8603, Accuracy: 54.04 %, Epsilon: 0.88, Delta: 0.0030
Predictions - 1s: 123, 0s: 273
True Labels - 1s: 111, 0s: 285
Client 1 of 5: Local Epoch [3/3] Loss: 5.1996, Accuracy: 59.60 %, Epsilon: 0.88, Delta: 0.0030
-------------------------------
Round [2/4] Average Local Loss: 5.2676, Average Local Accuracy: 62.05 %
-------------------------------
-------- Validation --------
Predictions - 1s: 136, 0s: 360
True Labels - 1s: 128, 0s: 368
Round [2/4] Global Model Validation Loss: 2.7812, Validation Accuracy: 58.47 %
-------- Validation finished --------

Round 3 of 4
-------------------------------
max_grad_norm:  1.5
max_grad_norm:  1.5
max_grad_norm:  1.5
max_grad_norm:  1.5
max_grad_norm:  1.5
Predictions - 1s: 93, 0s: 303
True Labels - 1s: 105, 0s: 291
Predictions - 1s: 83, 0s: 313
True Labels - 1s: 111, 0s: 285
Predictions - 1s: 84, 0s: 312
True Labels - 1s: 110, 0s: 286
Predictions - 1s: 139, 0s: 257
True Labels - 1s: 126, 0s: 270
Client 4 of 5: Local Epoch [1/3] Loss: 4.7108, Accuracy: 59.60 %, Epsilon: 0.50, Delta: 0.0030
Client 2 of 5: Local Epoch [1/3] Loss: 4.3040, Accuracy: 64.65 %, Epsilon: 0.50, Delta: 0.0030
Client 3 of 5: Local Epoch [1/3] Loss: 5.0102, Accuracy: 55.30 %, Epsilon: 0.50, Delta: 0.0030
Client 1 of 5: Local Epoch [1/3] Loss: 5.4302, Accuracy: 60.10 %, Epsilon: 0.50, Delta: 0.0030
Predictions - 1s: 137, 0s: 261
True Labels - 1s: 94, 0s: 304
Client 5 of 5: Local Epoch [1/3] Loss: 4.3897, Accuracy: 58.54 %, Epsilon: 0.49, Delta: 0.0030
Predictions - 1s: 161, 0s: 235
True Labels - 1s: 105, 0s: 291
Predictions - 1s: 130, 0s: 266
True Labels - 1s: 111, 0s: 285
Client 1 of 5: Local Epoch [2/3] Loss: 5.5246, Accuracy: 56.31 %, Epsilon: 0.71, Delta: 0.0030
Client 4 of 5: Local Epoch [2/3] Loss: 5.6607, Accuracy: 54.04 %, Epsilon: 0.71, Delta: 0.0030
Predictions - 1s: 91, 0s: 307
True Labels - 1s: 94, 0s: 304
Client 5 of 5: Local Epoch [2/3] Loss: 5.3270, Accuracy: 66.08 %, Epsilon: 0.71, Delta: 0.0030
Predictions - 1s: 168, 0s: 228
True Labels - 1s: 110, 0s: 286
Predictions - 1s: 144, 0s: 252
True Labels - 1s: 126, 0s: 270
Client 3 of 5: Local Epoch [2/3] Loss: 5.7462, Accuracy: 56.06 %, Epsilon: 0.71, Delta: 0.0030
Client 2 of 5: Local Epoch [2/3] Loss: 5.2538, Accuracy: 55.05 %, Epsilon: 0.71, Delta: 0.0030
Predictions - 1s: 97, 0s: 299
True Labels - 1s: 111, 0s: 285
Client 1 of 5: Local Epoch [3/3] Loss: 6.0336, Accuracy: 59.60 %, Epsilon: 0.88, Delta: 0.0030
Predictions - 1s: 79, 0s: 319
True Labels - 1s: 94, 0s: 304
Predictions - 1s: 129, 0s: 267
True Labels - 1s: 105, 0s: 291
Client 5 of 5: Local Epoch [3/3] Loss: 5.2314, Accuracy: 64.07 %, Epsilon: 0.88, Delta: 0.0030
Client 4 of 5: Local Epoch [3/3] Loss: 5.3099, Accuracy: 61.11 %, Epsilon: 0.88, Delta: 0.0030
Predictions - 1s: 92, 0s: 304
True Labels - 1s: 110, 0s: 286
Client 2 of 5: Local Epoch [3/3] Loss: 5.4122, Accuracy: 62.12 %, Epsilon: 0.88, Delta: 0.0030
Predictions - 1s: 148, 0s: 248
True Labels - 1s: 126, 0s: 270
Client 3 of 5: Local Epoch [3/3] Loss: 6.0427, Accuracy: 54.04 %, Epsilon: 0.88, Delta: 0.0030
-------------------------------
Round [3/4] Average Local Loss: 5.6060, Average Local Accuracy: 60.19 %
-------------------------------
-------- Validation --------
Predictions - 1s: 437, 0s: 59
True Labels - 1s: 128, 0s: 368
Round [3/4] Global Model Validation Loss: 6.9178, Validation Accuracy: 34.48 %
-------- Validation finished --------

Round 4 of 4
-------------------------------
max_grad_norm:  1.5
max_grad_norm:  1.5
max_grad_norm:  1.5
max_grad_norm:  1.5
max_grad_norm:  1.5
Predictions - 1s: 177, 0s: 219
True Labels - 1s: 111, 0s: 285
Predictions - 1s: 85, 0s: 311
True Labels - 1s: 110, 0s: 286
Predictions - 1s: 150, 0s: 246
True Labels - 1s: 105, 0s: 291
Client 1 of 5: Local Epoch [1/3] Loss: 6.4600, Accuracy: 52.02 %, Epsilon: 0.50, Delta: 0.0030
Client 4 of 5: Local Epoch [1/3] Loss: 5.3056, Accuracy: 55.81 %, Epsilon: 0.50, Delta: 0.0030
Client 2 of 5: Local Epoch [1/3] Loss: 5.4296, Accuracy: 63.38 %, Epsilon: 0.50, Delta: 0.0030
Predictions - 1s: 103, 0s: 293
True Labels - 1s: 126, 0s: 270
Client 3 of 5: Local Epoch [1/3] Loss: 5.2396, Accuracy: 60.35 %, Epsilon: 0.50, Delta: 0.0030
Predictions - 1s: 80, 0s: 318
True Labels - 1s: 94, 0s: 304
Client 5 of 5: Local Epoch [1/3] Loss: 5.4693, Accuracy: 62.81 %, Epsilon: 0.49, Delta: 0.0030
Predictions - 1s: 77, 0s: 319
True Labels - 1s: 111, 0s: 285
Client 1 of 5: Local Epoch [2/3] Loss: 5.3736, Accuracy: 63.64 %, Epsilon: 0.71, Delta: 0.0030
Predictions - 1s: 109, 0s: 287
True Labels - 1s: 105, 0s: 291
Client 4 of 5: Local Epoch [2/3] Loss: 5.7524, Accuracy: 59.60 %, Epsilon: 0.71, Delta: 0.0030
Predictions - 1s: 68, 0s: 328
True Labels - 1s: 110, 0s: 286
Client 2 of 5: Local Epoch [2/3] Loss: 5.4794, Accuracy: 66.67 %, Epsilon: 0.71, Delta: 0.0030
Predictions - 1s: 102, 0s: 294
True Labels - 1s: 111, 0s: 285
Client 1 of 5: Local Epoch [3/3] Loss: 4.9744, Accuracy: 63.89 %, Epsilon: 0.88, Delta: 0.0030
Predictions - 1s: 153, 0s: 243
True Labels - 1s: 105, 0s: 291
Client 4 of 5: Local Epoch [3/3] Loss: 5.5878, Accuracy: 54.55 %, Epsilon: 0.88, Delta: 0.0030
Predictions - 1s: 163, 0s: 235
True Labels - 1s: 94, 0s: 304
Client 5 of 5: Local Epoch [2/3] Loss: 6.1364, Accuracy: 52.51 %, Epsilon: 0.71, Delta: 0.0030
Predictions - 1s: 103, 0s: 293
True Labels - 1s: 110, 0s: 286
Client 2 of 5: Local Epoch [3/3] Loss: 5.5383, Accuracy: 61.36 %, Epsilon: 0.88, Delta: 0.0030
Predictions - 1s: 85, 0s: 311
True Labels - 1s: 126, 0s: 270
Client 3 of 5: Local Epoch [2/3] Loss: 6.4243, Accuracy: 61.36 %, Epsilon: 0.71, Delta: 0.0030
Predictions - 1s: 78, 0s: 320
True Labels - 1s: 94, 0s: 304
Client 5 of 5: Local Epoch [3/3] Loss: 5.2861, Accuracy: 67.84 %, Epsilon: 0.88, Delta: 0.0030
Predictions - 1s: 104, 0s: 292
True Labels - 1s: 126, 0s: 270
Client 3 of 5: Local Epoch [3/3] Loss: 6.6497, Accuracy: 57.58 %, Epsilon: 0.88, Delta: 0.0030
-------------------------------
Round [4/4] Average Local Loss: 5.6073, Average Local Accuracy: 61.04 %
-------------------------------
-------- Validation --------
Predictions - 1s: 488, 0s: 8
True Labels - 1s: 128, 0s: 368
Round [4/4] Global Model Validation Loss: 13.3329, Validation Accuracy: 27.42 %
-------- Validation finished --------
Best model in round 1 saved with Validation Loss: 1.8413 and Validation Accuracy: 57.26 %

-------- Training finished in 8:40 --------

Test flag enabled. Testing the model

-------- Loading best model from model_path --------
Loaded model bert-small from date 21-04-2024 09:01. Trained with Federated Learning technology.
Round 1, lr: 0.06, optimizer: AdamW
Average train accuracy: 61.14 %, Validation accuracy: 57.26 %
-------- Best model loaded --------

-------- Creating Test Dataloader --------
Test Loader: 618 total sentences. 78 batches of size 8.
-------- Test Dataloader created --------

-------- Testing --------
Predictions - 1s: 238, 0s: 380
True Labels - 1s: 168, 0s: 450
Nº of test samples: 618
Accuracy: 56.63%
Accuracy 2 : 56.63%
Precision: 51.47%
Recall: 51.76%
F1 Score: 50.85%
Classification report:
              precision    recall  f1-score   support

           0     0.7395    0.6244    0.6771       450
           1     0.2899    0.4107    0.3399       168

    accuracy                         0.5663       618
   macro avg     0.5147    0.5176    0.5085       618
weighted avg     0.6173    0.5663    0.5854       618

-------- Testing finished --------
