Current configuration:
{
    "concurrency_flag": true,
    "data_distribution": "iid",
    "dataset": "twitter_dep",
    "device": "cuda",
    "dp_delta": 0.003,
    "dp_epsilon": 0.5,
    "eval_batch_size": 4,
    "eval_flag": true,
    "eval_size": 0.2,
    "fed_alg": "fedavg",
    "layers": 3,
    "learning_rate": 0.06,
    "max_length": 512,
    "ml_mode": "fl",
    "model": "bert_small",
    "model_name": "fl_0.5_seed2_twitter_dep",
    "models_path": "/local/vpaloma/fabric-federated-learning/ablation_study/phase-4/final/dp/twitter_dep",
    "mu": 0.5,
    "num_clients": 5,
    "num_epochs": 3,
    "num_rounds": 4,
    "optimizer": "AdamW",
    "progress_bar_flag": false,
    "save_model": true,
    "scheduler": "linear",
    "scheduler_warmup_steps": 0,
    "seed": "random",
    "test_flag": true,
    "train_batch_size": 4,
    "train_size": 0.8
}
-------- Configuration loaded --------

-------- Setting device --------
cuda device selected and available.
-------- Device set --------

-------- Setting seed --------
seed set:  363147
-------- Seed set --------

-------- Creating Model --------
-------- Model created --------

-------- Setting Trainable Layers --------
Training the last 3 layers.

Total parameters count: 28764674
Trainable parameters count: 3416066
-------- Trainable Layers set --------

-------- Creating Tokenizer --------
-------- Tokenizer created --------

-------- Creating Train and Eval Dataloaders --------
Train Loader: 1982 total sentences. 496 batches of size 4.
Eval Loader: 496 total sentences. 124 batches of size 4.
-------- Train and Eval Dataloaders created --------

-------- Training --------
Training with Federated Learning technology.
Training with differential privacy.
Federated averaging algorithm selected.
Client 0: Label 0: 281, Label 1: 115
Client 1: Label 0: 275, Label 1: 121
Client 2: Label 0: 288, Label 1: 108
Client 3: Label 0: 295, Label 1: 101
Client 4: Label 0: 293, Label 1: 105

Round 1 of 4
-------------------------------
max_grad_norm:  1.5
max_grad_norm:  1.5
max_grad_norm:  1.5
max_grad_norm:  1.5
max_grad_norm:  1.5
Predictions - 1s: 110, 0s: 286
True Labels - 1s: 115, 0s: 281
Predictions - 1s: 120, 0s: 276
True Labels - 1s: 121, 0s: 275
Predictions - 1s: 50, 0s: 346
True Labels - 1s: 101, 0s: 295
Predictions - 1s: 152, 0s: 244
True Labels - 1s: 108, 0s: 288
Client 1 of 5: Local Epoch [1/3] Loss: 3.4175, Accuracy: 59.34 %, Epsilon: 0.50, Delta: 0.0030
Predictions - 1s: 92, 0s: 306
True Labels - 1s: 105, 0s: 293
Client 3 of 5: Local Epoch [1/3] Loss: 3.5100, Accuracy: 55.56 %, Epsilon: 0.50, Delta: 0.0030
Client 4 of 5: Local Epoch [1/3] Loss: 3.6772, Accuracy: 67.93 %, Epsilon: 0.50, Delta: 0.0030
Client 2 of 5: Local Epoch [1/3] Loss: 3.6702, Accuracy: 56.82 %, Epsilon: 0.50, Delta: 0.0030
Client 5 of 5: Local Epoch [1/3] Loss: 3.9115, Accuracy: 60.55 %, Epsilon: 0.49, Delta: 0.0030
Predictions - 1s: 86, 0s: 312
True Labels - 1s: 105, 0s: 293
Client 5 of 5: Local Epoch [2/3] Loss: 5.6936, Accuracy: 59.55 %, Epsilon: 0.71, Delta: 0.0030
Predictions - 1s: 70, 0s: 328
True Labels - 1s: 105, 0s: 293
Client 5 of 5: Local Epoch [3/3] Loss: 5.0190, Accuracy: 65.58 %, Epsilon: 0.88, Delta: 0.0030
Predictions - 1s: 77, 0s: 319
True Labels - 1s: 115, 0s: 281
Predictions - 1s: 100, 0s: 296
True Labels - 1s: 101, 0s: 295
Predictions - 1s: 96, 0s: 300
True Labels - 1s: 121, 0s: 275
Predictions - 1s: 57, 0s: 339
True Labels - 1s: 108, 0s: 288
Client 1 of 5: Local Epoch [2/3] Loss: 4.8909, Accuracy: 63.13 %, Epsilon: 0.71, Delta: 0.0030
Client 4 of 5: Local Epoch [2/3] Loss: 5.2719, Accuracy: 59.34 %, Epsilon: 0.71, Delta: 0.0030
Client 2 of 5: Local Epoch [2/3] Loss: 4.4908, Accuracy: 59.34 %, Epsilon: 0.71, Delta: 0.0030
Client 3 of 5: Local Epoch [2/3] Loss: 4.7912, Accuracy: 67.42 %, Epsilon: 0.71, Delta: 0.0030
Predictions - 1s: 113, 0s: 283
True Labels - 1s: 115, 0s: 281
Client 1 of 5: Local Epoch [3/3] Loss: 5.0731, Accuracy: 56.57 %, Epsilon: 0.88, Delta: 0.0030
Predictions - 1s: 52, 0s: 344
True Labels - 1s: 101, 0s: 295
Client 4 of 5: Local Epoch [3/3] Loss: 4.9994, Accuracy: 67.93 %, Epsilon: 0.88, Delta: 0.0030
Predictions - 1s: 71, 0s: 325
True Labels - 1s: 121, 0s: 275
Client 2 of 5: Local Epoch [3/3] Loss: 5.9268, Accuracy: 63.64 %, Epsilon: 0.88, Delta: 0.0030
Predictions - 1s: 84, 0s: 312
True Labels - 1s: 108, 0s: 288
Client 3 of 5: Local Epoch [3/3] Loss: 4.1859, Accuracy: 63.64 %, Epsilon: 0.88, Delta: 0.0030
-------------------------------
Round [1/4] Average Local Loss: 5.0409, Average Local Accuracy: 63.47 %
-------------------------------
-------- Validation --------
Predictions - 1s: 199, 0s: 297
True Labels - 1s: 124, 0s: 372
Round [1/4] Global Model Validation Loss: 1.8702, Validation Accuracy: 58.67 %
-------- Validation finished --------
Updated best model in round 1 saved with Validation Loss: 1.8702 and Validation Accuracy: 58.67 %
-------------------------------

Round 2 of 4
-------------------------------
max_grad_norm:  1.5
max_grad_norm:  1.5
max_grad_norm:  1.5
max_grad_norm:  1.5
max_grad_norm:  1.5
Predictions - 1s: 92, 0s: 304
True Labels - 1s: 101, 0s: 295
Client 4 of 5: Local Epoch [1/3] Loss: 4.1657, Accuracy: 62.88 %, Epsilon: 0.50, Delta: 0.0030
Predictions - 1s: 66, 0s: 330
True Labels - 1s: 101, 0s: 295
Client 4 of 5: Local Epoch [2/3] Loss: 5.0642, Accuracy: 64.90 %, Epsilon: 0.71, Delta: 0.0030
Predictions - 1s: 70, 0s: 326
True Labels - 1s: 108, 0s: 288
Predictions - 1s: 98, 0s: 298
True Labels - 1s: 121, 0s: 275
Predictions - 1s: 110, 0s: 286
True Labels - 1s: 115, 0s: 281
Client 2 of 5: Local Epoch [1/3] Loss: 4.5952, Accuracy: 58.84 %, Epsilon: 0.50, Delta: 0.0030
Client 3 of 5: Local Epoch [1/3] Loss: 4.3358, Accuracy: 64.14 %, Epsilon: 0.50, Delta: 0.0030
Client 1 of 5: Local Epoch [1/3] Loss: 4.3078, Accuracy: 58.84 %, Epsilon: 0.50, Delta: 0.0030
Predictions - 1s: 146, 0s: 252
True Labels - 1s: 105, 0s: 293
Client 5 of 5: Local Epoch [1/3] Loss: 4.4405, Accuracy: 51.51 %, Epsilon: 0.49, Delta: 0.0030
Predictions - 1s: 90, 0s: 306
True Labels - 1s: 101, 0s: 295
Client 4 of 5: Local Epoch [3/3] Loss: 4.6758, Accuracy: 62.88 %, Epsilon: 0.88, Delta: 0.0030
Predictions - 1s: 149, 0s: 247
True Labels - 1s: 121, 0s: 275
Predictions - 1s: 113, 0s: 283
True Labels - 1s: 115, 0s: 281
Predictions - 1s: 95, 0s: 301
True Labels - 1s: 108, 0s: 288
Client 2 of 5: Local Epoch [2/3] Loss: 4.9803, Accuracy: 57.07 %, Epsilon: 0.71, Delta: 0.0030
Client 3 of 5: Local Epoch [2/3] Loss: 4.7225, Accuracy: 61.36 %, Epsilon: 0.71, Delta: 0.0030
Client 1 of 5: Local Epoch [2/3] Loss: 5.2492, Accuracy: 59.60 %, Epsilon: 0.71, Delta: 0.0030
Predictions - 1s: 59, 0s: 339
True Labels - 1s: 105, 0s: 293
Client 5 of 5: Local Epoch [2/3] Loss: 4.7195, Accuracy: 66.33 %, Epsilon: 0.71, Delta: 0.0030
Predictions - 1s: 92, 0s: 304
True Labels - 1s: 108, 0s: 288
Client 3 of 5: Local Epoch [3/3] Loss: 4.4308, Accuracy: 66.16 %, Epsilon: 0.88, Delta: 0.0030
Predictions - 1s: 76, 0s: 322
True Labels - 1s: 105, 0s: 293
Client 5 of 5: Local Epoch [3/3] Loss: 5.2559, Accuracy: 63.57 %, Epsilon: 0.88, Delta: 0.0030
Predictions - 1s: 112, 0s: 284
True Labels - 1s: 115, 0s: 281
Client 1 of 5: Local Epoch [3/3] Loss: 5.1031, Accuracy: 56.82 %, Epsilon: 0.88, Delta: 0.0030
Predictions - 1s: 125, 0s: 271
True Labels - 1s: 121, 0s: 275
Client 2 of 5: Local Epoch [3/3] Loss: 5.4803, Accuracy: 56.57 %, Epsilon: 0.88, Delta: 0.0030
-------------------------------
Round [2/4] Average Local Loss: 4.9892, Average Local Accuracy: 61.20 %
-------------------------------
-------- Validation --------
Predictions - 1s: 4, 0s: 492
True Labels - 1s: 124, 0s: 372
Round [2/4] Global Model Validation Loss: 3.9293, Validation Accuracy: 74.60 %
-------- Validation finished --------

Round 3 of 4
-------------------------------
max_grad_norm:  1.5
max_grad_norm:  1.5
max_grad_norm:  1.5
max_grad_norm:  1.5
max_grad_norm:  1.5
Predictions - 1s: 48, 0s: 348
True Labels - 1s: 108, 0s: 288
Predictions - 1s: 103, 0s: 293
True Labels - 1s: 121, 0s: 275
Predictions - 1s: 92, 0s: 304
True Labels - 1s: 115, 0s: 281
Predictions - 1s: 97, 0s: 299
True Labels - 1s: 101, 0s: 295
Client 3 of 5: Local Epoch [1/3] Loss: 5.1260, Accuracy: 67.17 %, Epsilon: 0.50, Delta: 0.0030
Client 2 of 5: Local Epoch [1/3] Loss: 5.5162, Accuracy: 58.08 %, Epsilon: 0.50, Delta: 0.0030
Client 1 of 5: Local Epoch [1/3] Loss: 5.9234, Accuracy: 59.34 %, Epsilon: 0.50, Delta: 0.0030
Predictions - 1s: 94, 0s: 304
True Labels - 1s: 105, 0s: 293
Client 4 of 5: Local Epoch [1/3] Loss: 4.2317, Accuracy: 62.63 %, Epsilon: 0.50, Delta: 0.0030
Client 5 of 5: Local Epoch [1/3] Loss: 4.6617, Accuracy: 60.05 %, Epsilon: 0.49, Delta: 0.0030
Predictions - 1s: 85, 0s: 311
True Labels - 1s: 121, 0s: 275
Client 2 of 5: Local Epoch [2/3] Loss: 5.6732, Accuracy: 60.61 %, Epsilon: 0.71, Delta: 0.0030
Predictions - 1s: 213, 0s: 183
True Labels - 1s: 108, 0s: 288
Client 3 of 5: Local Epoch [2/3] Loss: 8.0594, Accuracy: 46.21 %, Epsilon: 0.71, Delta: 0.0030
Predictions - 1s: 75, 0s: 323
True Labels - 1s: 105, 0s: 293
Client 5 of 5: Local Epoch [2/3] Loss: 5.4877, Accuracy: 66.33 %, Epsilon: 0.71, Delta: 0.0030
Predictions - 1s: 106, 0s: 290
True Labels - 1s: 121, 0s: 275
Client 2 of 5: Local Epoch [3/3] Loss: 6.5272, Accuracy: 56.31 %, Epsilon: 0.88, Delta: 0.0030
Predictions - 1s: 71, 0s: 325
True Labels - 1s: 101, 0s: 295
Predictions - 1s: 62, 0s: 334
True Labels - 1s: 115, 0s: 281
Client 1 of 5: Local Epoch [2/3] Loss: 5.9500, Accuracy: 63.38 %, Epsilon: 0.71, Delta: 0.0030
Client 4 of 5: Local Epoch [2/3] Loss: 4.3593, Accuracy: 66.67 %, Epsilon: 0.71, Delta: 0.0030
Predictions - 1s: 161, 0s: 235
True Labels - 1s: 108, 0s: 288
Client 3 of 5: Local Epoch [3/3] Loss: 5.2425, Accuracy: 55.81 %, Epsilon: 0.88, Delta: 0.0030
Predictions - 1s: 88, 0s: 310
True Labels - 1s: 105, 0s: 293
Client 5 of 5: Local Epoch [3/3] Loss: 5.6640, Accuracy: 61.56 %, Epsilon: 0.88, Delta: 0.0030
Predictions - 1s: 95, 0s: 301
True Labels - 1s: 115, 0s: 281
Client 1 of 5: Local Epoch [3/3] Loss: 4.9206, Accuracy: 61.11 %, Epsilon: 0.88, Delta: 0.0030
Predictions - 1s: 43, 0s: 353
True Labels - 1s: 101, 0s: 295
Client 4 of 5: Local Epoch [3/3] Loss: 5.4739, Accuracy: 69.19 %, Epsilon: 0.88, Delta: 0.0030
-------------------------------
Round [3/4] Average Local Loss: 5.5657, Average Local Accuracy: 60.80 %
-------------------------------
-------- Validation --------
Predictions - 1s: 11, 0s: 485
True Labels - 1s: 124, 0s: 372
Round [3/4] Global Model Validation Loss: 4.0521, Validation Accuracy: 73.59 %
-------- Validation finished --------

Round 4 of 4
-------------------------------
max_grad_norm:  1.5
max_grad_norm:  1.5
max_grad_norm:  1.5
max_grad_norm:  1.5
max_grad_norm:  1.5
Predictions - 1s: 126, 0s: 270
True Labels - 1s: 108, 0s: 288
Client 3 of 5: Local Epoch [1/3] Loss: 5.2948, Accuracy: 57.07 %, Epsilon: 0.50, Delta: 0.0030
Predictions - 1s: 61, 0s: 335
True Labels - 1s: 121, 0s: 275
Client 2 of 5: Local Epoch [1/3] Loss: 5.0439, Accuracy: 64.14 %, Epsilon: 0.50, Delta: 0.0030
Predictions - 1s: 46, 0s: 352
True Labels - 1s: 105, 0s: 293
Client 5 of 5: Local Epoch [1/3] Loss: 5.5203, Accuracy: 68.09 %, Epsilon: 0.49, Delta: 0.0030
Predictions - 1s: 92, 0s: 304
True Labels - 1s: 108, 0s: 288
Client 3 of 5: Local Epoch [2/3] Loss: 5.5818, Accuracy: 64.14 %, Epsilon: 0.71, Delta: 0.0030
Predictions - 1s: 169, 0s: 227
True Labels - 1s: 121, 0s: 275
Client 2 of 5: Local Epoch [2/3] Loss: 5.8188, Accuracy: 56.06 %, Epsilon: 0.71, Delta: 0.0030
Predictions - 1s: 131, 0s: 267
True Labels - 1s: 105, 0s: 293
Client 5 of 5: Local Epoch [2/3] Loss: 5.3436, Accuracy: 59.30 %, Epsilon: 0.71, Delta: 0.0030
Predictions - 1s: 73, 0s: 323
True Labels - 1s: 108, 0s: 288
Client 3 of 5: Local Epoch [3/3] Loss: 7.0447, Accuracy: 61.36 %, Epsilon: 0.88, Delta: 0.0030
Predictions - 1s: 167, 0s: 229
True Labels - 1s: 121, 0s: 275
Client 2 of 5: Local Epoch [3/3] Loss: 6.3133, Accuracy: 55.05 %, Epsilon: 0.88, Delta: 0.0030
Predictions - 1s: 97, 0s: 299
True Labels - 1s: 101, 0s: 295
Predictions - 1s: 77, 0s: 319
True Labels - 1s: 115, 0s: 281
Client 1 of 5: Local Epoch [1/3] Loss: 5.5952, Accuracy: 61.62 %, Epsilon: 0.50, Delta: 0.0030
Client 4 of 5: Local Epoch [1/3] Loss: 4.9309, Accuracy: 63.64 %, Epsilon: 0.50, Delta: 0.0030
Predictions - 1s: 136, 0s: 262
True Labels - 1s: 105, 0s: 293
Client 5 of 5: Local Epoch [3/3] Loss: 6.0926, Accuracy: 57.04 %, Epsilon: 0.88, Delta: 0.0030
Predictions - 1s: 108, 0s: 288
True Labels - 1s: 115, 0s: 281
Predictions - 1s: 88, 0s: 308
True Labels - 1s: 101, 0s: 295
Client 4 of 5: Local Epoch [2/3] Loss: 5.7224, Accuracy: 62.88 %, Epsilon: 0.71, Delta: 0.0030
Client 1 of 5: Local Epoch [2/3] Loss: 5.9283, Accuracy: 62.37 %, Epsilon: 0.71, Delta: 0.0030
Predictions - 1s: 104, 0s: 292
True Labels - 1s: 115, 0s: 281
Predictions - 1s: 122, 0s: 274
True Labels - 1s: 101, 0s: 295
Client 4 of 5: Local Epoch [3/3] Loss: 4.9849, Accuracy: 56.82 %, Epsilon: 0.88, Delta: 0.0030
Client 1 of 5: Local Epoch [3/3] Loss: 5.6041, Accuracy: 60.35 %, Epsilon: 0.88, Delta: 0.0030
-------------------------------
Round [4/4] Average Local Loss: 6.0079, Average Local Accuracy: 58.12 %
-------------------------------
-------- Validation --------
Predictions - 1s: 131, 0s: 365
True Labels - 1s: 124, 0s: 372
Round [4/4] Global Model Validation Loss: 2.8566, Validation Accuracy: 62.30 %
-------- Validation finished --------
Best model in round 1 saved with Validation Loss: 1.8702 and Validation Accuracy: 58.67 %

-------- Training finished in 4:54 --------

Test flag enabled. Testing the model

-------- Loading best model from model_path --------
Loaded model bert-small from date 20-04-2024 18:42. Trained with Federated Learning technology.
Round 1, lr: 0.06, optimizer: AdamW
Average train accuracy: 63.47 %, Validation accuracy: 58.67 %
-------- Best model loaded --------

-------- Creating Test Dataloader --------
Test Loader: 618 total sentences. 78 batches of size 8.
-------- Test Dataloader created --------

-------- Testing --------
Predictions - 1s: 241, 0s: 377
True Labels - 1s: 168, 0s: 450
Nº of test samples: 618
Accuracy: 56.15%
Accuracy 2 : 56.15%
Precision: 51.19%
Recall: 51.42%
F1 Score: 50.49%
Classification report:
              precision    recall  f1-score   support

           0     0.7374    0.6178    0.6723       450
           1     0.2863    0.4107    0.3374       168

    accuracy                         0.5615       618
   macro avg     0.5119    0.5142    0.5049       618
weighted avg     0.6148    0.5615    0.5813       618

-------- Testing finished --------
