Current configuration:
{
    "concurrency_flag": true,
    "data_distribution": "iid",
    "dataset": "twitter_dep",
    "device": "cuda",
    "dp_delta": 0.003,
    "dp_epsilon": 10,
    "eval_batch_size": 4,
    "eval_flag": true,
    "eval_size": 0.2,
    "fed_alg": "fedavg",
    "layers": 3,
    "learning_rate": 0.06,
    "max_length": 512,
    "ml_mode": "fl",
    "model": "bert_small",
    "model_name": "fl_10_seed2_twitter_dep",
    "models_path": "/local/vpaloma/fabric-federated-learning/ablation_study/phase-4/final/dp/twitter_dep",
    "mu": 0.5,
    "num_clients": 5,
    "num_epochs": 3,
    "num_rounds": 4,
    "optimizer": "AdamW",
    "progress_bar_flag": false,
    "save_model": true,
    "scheduler": "linear",
    "scheduler_warmup_steps": 0,
    "seed": "random",
    "test_flag": true,
    "train_batch_size": 4,
    "train_size": 0.8
}
-------- Configuration loaded --------

-------- Setting device --------
cuda device selected and available.
-------- Device set --------

-------- Setting seed --------
seed set:  931751
-------- Seed set --------

-------- Creating Model --------
-------- Model created --------

-------- Setting Trainable Layers --------
Training the last 3 layers.

Total parameters count: 28764674
Trainable parameters count: 3416066
-------- Trainable Layers set --------

-------- Creating Tokenizer --------
-------- Tokenizer created --------

-------- Creating Train and Eval Dataloaders --------
Train Loader: 1982 total sentences. 496 batches of size 4.
Eval Loader: 496 total sentences. 124 batches of size 4.
-------- Train and Eval Dataloaders created --------

-------- Training --------
Training with Federated Learning technology.
Training with differential privacy.
Federated averaging algorithm selected.
Client 0: Label 0: 294, Label 1: 102
Client 1: Label 0: 306, Label 1: 90
Client 2: Label 0: 279, Label 1: 117
Client 3: Label 0: 278, Label 1: 118
Client 4: Label 0: 301, Label 1: 97

Round 1 of 4
-------------------------------
max_grad_norm:  1.5
max_grad_norm:  1.5
max_grad_norm:  1.5
max_grad_norm:  1.5
max_grad_norm:  1.5
Predictions - 1s: 68, 0s: 328
True Labels - 1s: 102, 0s: 294
Client 1 of 5: Local Epoch [1/3] Loss: 3.5709, Accuracy: 64.14 %, Epsilon: 10.04, Delta: 0.0030
Predictions - 1s: 91, 0s: 305
True Labels - 1s: 118, 0s: 278
Predictions - 1s: 123, 0s: 273
True Labels - 1s: 117, 0s: 279
Predictions - 1s: 59, 0s: 337
True Labels - 1s: 90, 0s: 306
Client 2 of 5: Local Epoch [1/3] Loss: 3.0074, Accuracy: 70.96 %, Epsilon: 10.04, Delta: 0.0030
Client 4 of 5: Local Epoch [1/3] Loss: 3.7328, Accuracy: 56.82 %, Epsilon: 10.04, Delta: 0.0030
Client 3 of 5: Local Epoch [1/3] Loss: 3.4405, Accuracy: 55.56 %, Epsilon: 10.04, Delta: 0.0030
Predictions - 1s: 95, 0s: 303
True Labels - 1s: 97, 0s: 301
Client 5 of 5: Local Epoch [1/3] Loss: 3.2178, Accuracy: 62.81 %, Epsilon: 9.99, Delta: 0.0030
Predictions - 1s: 73, 0s: 323
True Labels - 1s: 102, 0s: 294
Client 1 of 5: Local Epoch [2/3] Loss: 4.6929, Accuracy: 63.89 %, Epsilon: 13.51, Delta: 0.0030
Predictions - 1s: 87, 0s: 309
True Labels - 1s: 102, 0s: 294
Client 1 of 5: Local Epoch [3/3] Loss: 4.3972, Accuracy: 64.39 %, Epsilon: 16.35, Delta: 0.0030
Predictions - 1s: 82, 0s: 314
True Labels - 1s: 90, 0s: 306
Predictions - 1s: 112, 0s: 284
True Labels - 1s: 118, 0s: 278
Predictions - 1s: 103, 0s: 293
True Labels - 1s: 117, 0s: 279
Client 2 of 5: Local Epoch [2/3] Loss: 4.0666, Accuracy: 65.15 %, Epsilon: 13.51, Delta: 0.0030
Predictions - 1s: 37, 0s: 361
True Labels - 1s: 97, 0s: 301
Client 4 of 5: Local Epoch [2/3] Loss: 4.1971, Accuracy: 63.13 %, Epsilon: 13.51, Delta: 0.0030
Client 3 of 5: Local Epoch [2/3] Loss: 4.7977, Accuracy: 61.11 %, Epsilon: 13.51, Delta: 0.0030
Client 5 of 5: Local Epoch [2/3] Loss: 5.3352, Accuracy: 70.85 %, Epsilon: 13.44, Delta: 0.0030
Predictions - 1s: 25, 0s: 371
True Labels - 1s: 90, 0s: 306
Client 2 of 5: Local Epoch [3/3] Loss: 6.1553, Accuracy: 71.97 %, Epsilon: 16.35, Delta: 0.0030
Predictions - 1s: 67, 0s: 331
True Labels - 1s: 97, 0s: 301
Client 5 of 5: Local Epoch [3/3] Loss: 4.3144, Accuracy: 68.84 %, Epsilon: 16.27, Delta: 0.0030
Predictions - 1s: 107, 0s: 289
True Labels - 1s: 117, 0s: 279
Predictions - 1s: 82, 0s: 314
True Labels - 1s: 118, 0s: 278
Client 3 of 5: Local Epoch [3/3] Loss: 5.2890, Accuracy: 60.61 %, Epsilon: 16.35, Delta: 0.0030
Client 4 of 5: Local Epoch [3/3] Loss: 4.7689, Accuracy: 63.64 %, Epsilon: 16.35, Delta: 0.0030
-------------------------------
Round [1/4] Average Local Loss: 4.9850, Average Local Accuracy: 65.89 %
-------------------------------
-------- Validation --------
Predictions - 1s: 197, 0s: 299
True Labels - 1s: 150, 0s: 346
Round [1/4] Global Model Validation Loss: 2.1239, Validation Accuracy: 52.22 %
-------- Validation finished --------
Updated best model in round 1 saved with Validation Loss: 2.1239 and Validation Accuracy: 52.22 %
-------------------------------

Round 2 of 4
-------------------------------
max_grad_norm:  1.5
max_grad_norm:  1.5
max_grad_norm:  1.5
max_grad_norm:  1.5
max_grad_norm:  1.5
Predictions - 1s: 96, 0s: 300
True Labels - 1s: 117, 0s: 279
Client 3 of 5: Local Epoch [1/3] Loss: 4.5983, Accuracy: 60.35 %, Epsilon: 10.04, Delta: 0.0030
Predictions - 1s: 83, 0s: 313
True Labels - 1s: 102, 0s: 294
Client 1 of 5: Local Epoch [1/3] Loss: 4.2822, Accuracy: 61.87 %, Epsilon: 10.04, Delta: 0.0030
Predictions - 1s: 115, 0s: 281
True Labels - 1s: 117, 0s: 279
Client 3 of 5: Local Epoch [2/3] Loss: 5.4323, Accuracy: 55.56 %, Epsilon: 13.51, Delta: 0.0030
Predictions - 1s: 111, 0s: 285
True Labels - 1s: 102, 0s: 294
Client 1 of 5: Local Epoch [2/3] Loss: 4.7376, Accuracy: 61.36 %, Epsilon: 13.51, Delta: 0.0030
Predictions - 1s: 55, 0s: 341
True Labels - 1s: 90, 0s: 306
Predictions - 1s: 59, 0s: 337
True Labels - 1s: 118, 0s: 278
Client 4 of 5: Local Epoch [1/3] Loss: 4.6314, Accuracy: 64.90 %, Epsilon: 10.04, Delta: 0.0030
Predictions - 1s: 67, 0s: 331
True Labels - 1s: 97, 0s: 301
Client 2 of 5: Local Epoch [1/3] Loss: 3.6269, Accuracy: 71.97 %, Epsilon: 10.04, Delta: 0.0030
Client 5 of 5: Local Epoch [1/3] Loss: 3.5675, Accuracy: 66.33 %, Epsilon: 9.99, Delta: 0.0030
Predictions - 1s: 66, 0s: 330
True Labels - 1s: 117, 0s: 279
Client 3 of 5: Local Epoch [3/3] Loss: 5.8090, Accuracy: 62.37 %, Epsilon: 16.35, Delta: 0.0030
Predictions - 1s: 78, 0s: 318
True Labels - 1s: 102, 0s: 294
Client 1 of 5: Local Epoch [3/3] Loss: 4.1501, Accuracy: 67.68 %, Epsilon: 16.35, Delta: 0.0030
Predictions - 1s: 73, 0s: 325
True Labels - 1s: 97, 0s: 301
Client 5 of 5: Local Epoch [2/3] Loss: 4.8344, Accuracy: 65.33 %, Epsilon: 13.44, Delta: 0.0030
Predictions - 1s: 79, 0s: 317
True Labels - 1s: 90, 0s: 306
Predictions - 1s: 89, 0s: 307
True Labels - 1s: 118, 0s: 278
Client 2 of 5: Local Epoch [2/3] Loss: 4.9361, Accuracy: 65.40 %, Epsilon: 13.51, Delta: 0.0030
Client 4 of 5: Local Epoch [2/3] Loss: 5.7593, Accuracy: 60.86 %, Epsilon: 13.51, Delta: 0.0030
Predictions - 1s: 99, 0s: 299
True Labels - 1s: 97, 0s: 301
Client 5 of 5: Local Epoch [3/3] Loss: 4.9593, Accuracy: 59.30 %, Epsilon: 16.27, Delta: 0.0030
Predictions - 1s: 92, 0s: 304
True Labels - 1s: 90, 0s: 306
Client 2 of 5: Local Epoch [3/3] Loss: 4.8359, Accuracy: 65.15 %, Epsilon: 16.35, Delta: 0.0030
Predictions - 1s: 124, 0s: 272
True Labels - 1s: 118, 0s: 278
Client 4 of 5: Local Epoch [3/3] Loss: 5.0449, Accuracy: 62.12 %, Epsilon: 16.35, Delta: 0.0030
-------------------------------
Round [2/4] Average Local Loss: 4.9598, Average Local Accuracy: 63.32 %
-------------------------------
-------- Validation --------
Predictions - 1s: 463, 0s: 33
True Labels - 1s: 150, 0s: 346
Round [2/4] Global Model Validation Loss: 6.9003, Validation Accuracy: 33.67 %
-------- Validation finished --------

Round 3 of 4
-------------------------------
max_grad_norm:  1.5
max_grad_norm:  1.5
max_grad_norm:  1.5
max_grad_norm:  1.5
max_grad_norm:  1.5
Predictions - 1s: 86, 0s: 310
True Labels - 1s: 90, 0s: 306
Predictions - 1s: 99, 0s: 297
True Labels - 1s: 102, 0s: 294
Predictions - 1s: 104, 0s: 292
True Labels - 1s: 118, 0s: 278
Client 1 of 5: Local Epoch [1/3] Loss: 4.7686, Accuracy: 61.36 %, Epsilon: 10.04, Delta: 0.0030
Client 2 of 5: Local Epoch [1/3] Loss: 4.7437, Accuracy: 64.14 %, Epsilon: 10.04, Delta: 0.0030
Client 4 of 5: Local Epoch [1/3] Loss: 4.6196, Accuracy: 59.60 %, Epsilon: 10.04, Delta: 0.0030
Predictions - 1s: 114, 0s: 282
True Labels - 1s: 117, 0s: 279
Predictions - 1s: 74, 0s: 322
True Labels - 1s: 90, 0s: 306
Client 3 of 5: Local Epoch [1/3] Loss: 5.0911, Accuracy: 57.83 %, Epsilon: 10.04, Delta: 0.0030
Predictions - 1s: 84, 0s: 312
True Labels - 1s: 102, 0s: 294
Predictions - 1s: 81, 0s: 317
True Labels - 1s: 97, 0s: 301
Client 1 of 5: Local Epoch [2/3] Loss: 4.8298, Accuracy: 63.64 %, Epsilon: 13.51, Delta: 0.0030
Client 2 of 5: Local Epoch [2/3] Loss: 4.2049, Accuracy: 70.20 %, Epsilon: 13.51, Delta: 0.0030
Predictions - 1s: 98, 0s: 298
True Labels - 1s: 118, 0s: 278
Client 5 of 5: Local Epoch [1/3] Loss: 4.4045, Accuracy: 63.82 %, Epsilon: 9.99, Delta: 0.0030
Client 4 of 5: Local Epoch [2/3] Loss: 5.1621, Accuracy: 58.59 %, Epsilon: 13.51, Delta: 0.0030
Predictions - 1s: 81, 0s: 315
True Labels - 1s: 117, 0s: 279
Client 3 of 5: Local Epoch [2/3] Loss: 4.7300, Accuracy: 65.15 %, Epsilon: 13.51, Delta: 0.0030
Predictions - 1s: 98, 0s: 298
True Labels - 1s: 90, 0s: 306
Predictions - 1s: 100, 0s: 296
True Labels - 1s: 102, 0s: 294
Predictions - 1s: 91, 0s: 305
True Labels - 1s: 118, 0s: 278
Client 2 of 5: Local Epoch [3/3] Loss: 5.1166, Accuracy: 62.63 %, Epsilon: 16.35, Delta: 0.0030
Client 1 of 5: Local Epoch [3/3] Loss: 4.4321, Accuracy: 62.12 %, Epsilon: 16.35, Delta: 0.0030
Client 4 of 5: Local Epoch [3/3] Loss: 5.8171, Accuracy: 58.84 %, Epsilon: 16.35, Delta: 0.0030
Predictions - 1s: 83, 0s: 315
True Labels - 1s: 97, 0s: 301
Client 5 of 5: Local Epoch [2/3] Loss: 4.2169, Accuracy: 68.34 %, Epsilon: 13.44, Delta: 0.0030
Predictions - 1s: 83, 0s: 313
True Labels - 1s: 117, 0s: 279
Client 3 of 5: Local Epoch [3/3] Loss: 5.9926, Accuracy: 60.61 %, Epsilon: 16.35, Delta: 0.0030
Predictions - 1s: 70, 0s: 328
True Labels - 1s: 97, 0s: 301
Client 5 of 5: Local Epoch [3/3] Loss: 4.9065, Accuracy: 67.09 %, Epsilon: 16.27, Delta: 0.0030
-------------------------------
Round [3/4] Average Local Loss: 5.2530, Average Local Accuracy: 62.26 %
-------------------------------
-------- Validation --------
Predictions - 1s: 77, 0s: 419
True Labels - 1s: 150, 0s: 346
Round [3/4] Global Model Validation Loss: 2.9205, Validation Accuracy: 62.70 %
-------- Validation finished --------

Round 4 of 4
-------------------------------
max_grad_norm:  1.5
max_grad_norm:  1.5
max_grad_norm:  1.5
max_grad_norm:  1.5
max_grad_norm:  1.5
Predictions - 1s: 68, 0s: 328
True Labels - 1s: 90, 0s: 306
Predictions - 1s: 96, 0s: 300
True Labels - 1s: 102, 0s: 294
Client 2 of 5: Local Epoch [1/3] Loss: 4.6139, Accuracy: 65.66 %, Epsilon: 10.04, Delta: 0.0030
Client 1 of 5: Local Epoch [1/3] Loss: 4.8310, Accuracy: 62.12 %, Epsilon: 10.04, Delta: 0.0030
Predictions - 1s: 109, 0s: 287
True Labels - 1s: 117, 0s: 279
Client 3 of 5: Local Epoch [1/3] Loss: 5.0565, Accuracy: 59.60 %, Epsilon: 10.04, Delta: 0.0030
Predictions - 1s: 90, 0s: 306
True Labels - 1s: 118, 0s: 278
Client 4 of 5: Local Epoch [1/3] Loss: 4.2851, Accuracy: 63.13 %, Epsilon: 10.04, Delta: 0.0030
Predictions - 1s: 78, 0s: 318
True Labels - 1s: 102, 0s: 294
Predictions - 1s: 62, 0s: 334
True Labels - 1s: 90, 0s: 306
Client 2 of 5: Local Epoch [2/3] Loss: 4.6904, Accuracy: 68.18 %, Epsilon: 13.51, Delta: 0.0030
Client 1 of 5: Local Epoch [2/3] Loss: 5.7584, Accuracy: 66.67 %, Epsilon: 13.51, Delta: 0.0030
Predictions - 1s: 106, 0s: 290
True Labels - 1s: 117, 0s: 279
Client 3 of 5: Local Epoch [2/3] Loss: 5.8654, Accuracy: 56.82 %, Epsilon: 13.51, Delta: 0.0030
Predictions - 1s: 120, 0s: 276
True Labels - 1s: 118, 0s: 278
Client 4 of 5: Local Epoch [2/3] Loss: 5.9155, Accuracy: 58.59 %, Epsilon: 13.51, Delta: 0.0030
Predictions - 1s: 82, 0s: 316
True Labels - 1s: 97, 0s: 301
Client 5 of 5: Local Epoch [1/3] Loss: 4.7585, Accuracy: 66.58 %, Epsilon: 9.99, Delta: 0.0030
Predictions - 1s: 61, 0s: 335
True Labels - 1s: 90, 0s: 306
Predictions - 1s: 74, 0s: 322
True Labels - 1s: 102, 0s: 294
Client 1 of 5: Local Epoch [3/3] Loss: 6.0386, Accuracy: 64.14 %, Epsilon: 16.35, Delta: 0.0030
Client 2 of 5: Local Epoch [3/3] Loss: 4.6908, Accuracy: 68.94 %, Epsilon: 16.35, Delta: 0.0030
Predictions - 1s: 61, 0s: 335
True Labels - 1s: 117, 0s: 279
Client 3 of 5: Local Epoch [3/3] Loss: 6.0802, Accuracy: 66.16 %, Epsilon: 16.35, Delta: 0.0030
Predictions - 1s: 111, 0s: 285
True Labels - 1s: 118, 0s: 278
Client 4 of 5: Local Epoch [3/3] Loss: 5.4593, Accuracy: 59.34 %, Epsilon: 16.35, Delta: 0.0030
Predictions - 1s: 66, 0s: 332
True Labels - 1s: 97, 0s: 301
Client 5 of 5: Local Epoch [2/3] Loss: 5.2333, Accuracy: 69.60 %, Epsilon: 13.44, Delta: 0.0030
Predictions - 1s: 83, 0s: 315
True Labels - 1s: 97, 0s: 301
Client 5 of 5: Local Epoch [3/3] Loss: 4.8086, Accuracy: 65.33 %, Epsilon: 16.27, Delta: 0.0030
-------------------------------
Round [4/4] Average Local Loss: 5.4155, Average Local Accuracy: 64.78 %
-------------------------------
-------- Validation --------
Predictions - 1s: 0, 0s: 496
True Labels - 1s: 150, 0s: 346
Round [4/4] Global Model Validation Loss: 7.8550, Validation Accuracy: 69.76 %
-------- Validation finished --------
Best model in round 1 saved with Validation Loss: 2.1239 and Validation Accuracy: 52.22 %

-------- Training finished in 6:25 --------

Test flag enabled. Testing the model

-------- Loading best model from model_path --------
Loaded model bert-small from date 20-04-2024 20:09. Trained with Federated Learning technology.
Round 1, lr: 0.06, optimizer: AdamW
Average train accuracy: 65.89 %, Validation accuracy: 52.22 %
-------- Best model loaded --------

-------- Creating Test Dataloader --------
Test Loader: 618 total sentences. 78 batches of size 8.
-------- Test Dataloader created --------

-------- Testing --------
Predictions - 1s: 253, 0s: 365
True Labels - 1s: 168, 0s: 450
Nº of test samples: 618
Accuracy: 55.18%
Accuracy 2 : 55.18%
Precision: 51.08%
Recall: 51.32%
F1 Score: 50.11%
Classification report:
              precision    recall  f1-score   support

           0     0.7370    0.5978    0.6601       450
           1     0.2846    0.4286    0.3420       168

    accuracy                         0.5518       618
   macro avg     0.5108    0.5132    0.5011       618
weighted avg     0.6140    0.5518    0.5737       618

-------- Testing finished --------
