Current configuration:
{
    "concurrency_flag": true,
    "data_distribution": "iid",
    "dataset": "twitter_dep",
    "device": "cuda",
    "dp_delta": 0.003,
    "dp_epsilon": 0.5,
    "eval_batch_size": 4,
    "eval_flag": true,
    "eval_size": 0.2,
    "fed_alg": "fedavg",
    "layers": 3,
    "learning_rate": 0.006,
    "max_length": 512,
    "ml_mode": "ml",
    "model": "bert_small",
    "model_name": "ml_0.5_seed10_twitter_dep",
    "models_path": "/local/vpaloma/fabric-federated-learning/ablation_study/phase-4/final/dp/twitter_dep",
    "mu": 0.5,
    "num_clients": 5,
    "num_epochs": 12,
    "num_rounds": 4,
    "optimizer": "AdamW",
    "progress_bar_flag": false,
    "save_model": true,
    "scheduler": "linear",
    "scheduler_warmup_steps": 0,
    "seed": "random",
    "test_flag": true,
    "train_batch_size": 4,
    "train_size": 0.8
}
-------- Configuration loaded --------

-------- Setting device --------
cuda device selected and available.
-------- Device set --------

-------- Setting seed --------
seed set:  748218
-------- Seed set --------

-------- Creating Model --------
-------- Model created --------

-------- Setting Trainable Layers --------
Training the last 3 layers.

Total parameters count: 28764674
Trainable parameters count: 3416066
-------- Trainable Layers set --------

-------- Creating Tokenizer --------
-------- Tokenizer created --------

-------- Creating Train and Eval Dataloaders --------
Train Loader: 1982 total sentences. 496 batches of size 4.
Eval Loader: 496 total sentences. 124 batches of size 4.
-------- Train and Eval Dataloaders created --------

-------- Creating Optimizer --------
-------- Optimizer created --------

-------- Creating Scheduler --------
-------- Scheduler created --------

-------- Training --------
Training with Centralised Machine Learning technology.
Training with differential privacy.
Concurrency flag is set to True, but ml mode is selected. Concurrency flag will be ignored.
max_grad_norm:  1.5
Epoch [1/12], Step [100/496], Loss: 1.1690, Accuracy: 71.50 %, Epsilon: 0.04, Delta: 0.0030
Epoch [1/12], Step [200/496], Loss: 1.2325, Accuracy: 72.50 %, Epsilon: 0.07, Delta: 0.0030
Epoch [1/12], Step [300/496], Loss: 1.2552, Accuracy: 72.67 %, Epsilon: 0.08, Delta: 0.0030
Epoch [1/12], Step [400/496], Loss: 1.2789, Accuracy: 72.50 %, Epsilon: 0.10, Delta: 0.0030
Predictions - 1s: 21, 0s: 1961
True Labels - 1s: 532, 0s: 1450
-------------------------------
Epoch [1/12] Loss: 1.3403, Accuracy: 72.50 %, Epsilon: 0.11, Delta: 0.0030
-------------------------------
-------- Validation --------
Predictions - 1s: 1, 0s: 495
True Labels - 1s: 142, 0s: 354
Validation Loss: 1.8175, Validation Accuracy: 71.57 %
-------- Validation finished --------
Updated best model in epoch 1 saved with Validation Loss: 1.8175 and Validation Accuracy: 71.57 %
-------------------------------
Epoch [2/12], Step [100/496], Loss: 1.4447, Accuracy: 72.00 %, Epsilon: 0.13, Delta: 0.0030
Epoch [2/12], Step [200/496], Loss: 1.4113, Accuracy: 70.62 %, Epsilon: 0.14, Delta: 0.0030
Epoch [2/12], Step [300/496], Loss: 1.5531, Accuracy: 70.67 %, Epsilon: 0.15, Delta: 0.0030
Epoch [2/12], Step [400/496], Loss: 1.5352, Accuracy: 71.25 %, Epsilon: 0.16, Delta: 0.0030
Predictions - 1s: 97, 0s: 1885
True Labels - 1s: 532, 0s: 1450
-------------------------------
Epoch [2/12] Loss: 1.5775, Accuracy: 70.89 %, Epsilon: 0.17, Delta: 0.0030
-------------------------------
-------- Validation --------
Predictions - 1s: 1, 0s: 495
True Labels - 1s: 142, 0s: 354
Validation Loss: 2.1022, Validation Accuracy: 71.17 %
-------- Validation finished --------
Epoch [3/12], Step [100/496], Loss: 1.7285, Accuracy: 69.50 %, Epsilon: 0.18, Delta: 0.0030
Epoch [3/12], Step [200/496], Loss: 1.6282, Accuracy: 71.25 %, Epsilon: 0.19, Delta: 0.0030
Epoch [3/12], Step [300/496], Loss: 1.7643, Accuracy: 68.83 %, Epsilon: 0.20, Delta: 0.0030
Epoch [3/12], Step [400/496], Loss: 1.8106, Accuracy: 68.50 %, Epsilon: 0.21, Delta: 0.0030
Predictions - 1s: 172, 0s: 1810
True Labels - 1s: 532, 0s: 1450
-------------------------------
Epoch [3/12] Loss: 1.8649, Accuracy: 69.53 %, Epsilon: 0.22, Delta: 0.0030
-------------------------------
-------- Validation --------
Predictions - 1s: 5, 0s: 491
True Labels - 1s: 142, 0s: 354
Validation Loss: 2.7386, Validation Accuracy: 70.77 %
-------- Validation finished --------
Epoch [4/12], Step [100/496], Loss: 2.1804, Accuracy: 66.00 %, Epsilon: 0.23, Delta: 0.0030
Epoch [4/12], Step [200/496], Loss: 1.8123, Accuracy: 69.12 %, Epsilon: 0.23, Delta: 0.0030
Epoch [4/12], Step [300/496], Loss: 1.7844, Accuracy: 69.33 %, Epsilon: 0.24, Delta: 0.0030
Epoch [4/12], Step [400/496], Loss: 1.9156, Accuracy: 70.06 %, Epsilon: 0.25, Delta: 0.0030
Predictions - 1s: 160, 0s: 1822
True Labels - 1s: 532, 0s: 1450
-------------------------------
Epoch [4/12] Loss: 2.0613, Accuracy: 69.53 %, Epsilon: 0.26, Delta: 0.0030
-------------------------------
-------- Validation --------
Predictions - 1s: 11, 0s: 485
True Labels - 1s: 142, 0s: 354
Validation Loss: 2.6461, Validation Accuracy: 69.96 %
-------- Validation finished --------
Epoch [5/12], Step [100/496], Loss: 2.2824, Accuracy: 71.50 %, Epsilon: 0.27, Delta: 0.0030
Epoch [5/12], Step [200/496], Loss: 2.1160, Accuracy: 70.50 %, Epsilon: 0.27, Delta: 0.0030
Epoch [5/12], Step [300/496], Loss: 2.1446, Accuracy: 67.75 %, Epsilon: 0.28, Delta: 0.0030
Epoch [5/12], Step [400/496], Loss: 2.1131, Accuracy: 67.25 %, Epsilon: 0.29, Delta: 0.0030
Predictions - 1s: 260, 0s: 1722
True Labels - 1s: 532, 0s: 1450
-------------------------------
Epoch [5/12] Loss: 2.0540, Accuracy: 67.51 %, Epsilon: 0.29, Delta: 0.0030
-------------------------------
-------- Validation --------
Predictions - 1s: 45, 0s: 451
True Labels - 1s: 142, 0s: 354
Validation Loss: 2.0948, Validation Accuracy: 67.94 %
-------- Validation finished --------
Epoch [6/12], Step [100/496], Loss: 1.9478, Accuracy: 67.50 %, Epsilon: 0.30, Delta: 0.0030
Epoch [6/12], Step [200/496], Loss: 1.8925, Accuracy: 65.88 %, Epsilon: 0.31, Delta: 0.0030
Epoch [6/12], Step [300/496], Loss: 1.8961, Accuracy: 67.08 %, Epsilon: 0.32, Delta: 0.0030
Epoch [6/12], Step [400/496], Loss: 1.9129, Accuracy: 67.62 %, Epsilon: 0.32, Delta: 0.0030
Predictions - 1s: 278, 0s: 1704
True Labels - 1s: 532, 0s: 1450
-------------------------------
Epoch [6/12] Loss: 1.9149, Accuracy: 67.81 %, Epsilon: 0.33, Delta: 0.0030
-------------------------------
-------- Validation --------
Predictions - 1s: 38, 0s: 458
True Labels - 1s: 142, 0s: 354
Validation Loss: 1.8170, Validation Accuracy: 69.35 %
-------- Validation finished --------
Updated best model in epoch 6 saved with Validation Loss: 1.8170 and Validation Accuracy: 69.35 %
-------------------------------
Epoch [7/12], Step [100/496], Loss: 1.6099, Accuracy: 70.50 %, Epsilon: 0.33, Delta: 0.0030
Epoch [7/12], Step [200/496], Loss: 1.8946, Accuracy: 69.38 %, Epsilon: 0.34, Delta: 0.0030
Epoch [7/12], Step [300/496], Loss: 2.0488, Accuracy: 69.50 %, Epsilon: 0.35, Delta: 0.0030
Epoch [7/12], Step [400/496], Loss: 2.0806, Accuracy: 69.50 %, Epsilon: 0.35, Delta: 0.0030
Predictions - 1s: 197, 0s: 1785
True Labels - 1s: 532, 0s: 1450
-------------------------------
Epoch [7/12] Loss: 2.0993, Accuracy: 69.78 %, Epsilon: 0.36, Delta: 0.0030
-------------------------------
-------- Validation --------
Predictions - 1s: 10, 0s: 486
True Labels - 1s: 142, 0s: 354
Validation Loss: 2.5660, Validation Accuracy: 70.56 %
-------- Validation finished --------
Epoch [8/12], Step [100/496], Loss: 1.8820, Accuracy: 71.75 %, Epsilon: 0.37, Delta: 0.0030
Epoch [8/12], Step [200/496], Loss: 2.0935, Accuracy: 71.00 %, Epsilon: 0.37, Delta: 0.0030
Epoch [8/12], Step [300/496], Loss: 2.1915, Accuracy: 70.50 %, Epsilon: 0.38, Delta: 0.0030
Epoch [8/12], Step [400/496], Loss: 2.1488, Accuracy: 71.25 %, Epsilon: 0.38, Delta: 0.0030
Predictions - 1s: 143, 0s: 1839
True Labels - 1s: 532, 0s: 1450
-------------------------------
Epoch [8/12] Loss: 2.1860, Accuracy: 70.38 %, Epsilon: 0.39, Delta: 0.0030
-------------------------------
-------- Validation --------
Predictions - 1s: 24, 0s: 472
True Labels - 1s: 142, 0s: 354
Validation Loss: 2.2316, Validation Accuracy: 68.55 %
-------- Validation finished --------
Epoch [9/12], Step [100/496], Loss: 2.1174, Accuracy: 71.75 %, Epsilon: 0.40, Delta: 0.0030
Epoch [9/12], Step [200/496], Loss: 2.2219, Accuracy: 70.62 %, Epsilon: 0.40, Delta: 0.0030
Epoch [9/12], Step [300/496], Loss: 2.2954, Accuracy: 69.17 %, Epsilon: 0.41, Delta: 0.0030
Epoch [9/12], Step [400/496], Loss: 2.3041, Accuracy: 69.31 %, Epsilon: 0.41, Delta: 0.0030
Predictions - 1s: 130, 0s: 1852
True Labels - 1s: 532, 0s: 1450
-------------------------------
Epoch [9/12] Loss: 2.2949, Accuracy: 69.83 %, Epsilon: 0.42, Delta: 0.0030
-------------------------------
-------- Validation --------
Predictions - 1s: 13, 0s: 483
True Labels - 1s: 142, 0s: 354
Validation Loss: 2.5391, Validation Accuracy: 69.96 %
-------- Validation finished --------
Epoch [10/12], Step [100/496], Loss: 2.1126, Accuracy: 68.75 %, Epsilon: 0.42, Delta: 0.0030
Epoch [10/12], Step [200/496], Loss: 2.1244, Accuracy: 68.75 %, Epsilon: 0.43, Delta: 0.0030
Epoch [10/12], Step [300/496], Loss: 2.1867, Accuracy: 69.58 %, Epsilon: 0.43, Delta: 0.0030
Epoch [10/12], Step [400/496], Loss: 2.1203, Accuracy: 70.69 %, Epsilon: 0.44, Delta: 0.0030
Predictions - 1s: 129, 0s: 1853
True Labels - 1s: 532, 0s: 1450
-------------------------------
Epoch [10/12] Loss: 2.2387, Accuracy: 70.38 %, Epsilon: 0.44, Delta: 0.0030
-------------------------------
-------- Validation --------
Predictions - 1s: 7, 0s: 489
True Labels - 1s: 142, 0s: 354
Validation Loss: 2.7190, Validation Accuracy: 69.96 %
-------- Validation finished --------
Epoch [11/12], Step [100/496], Loss: 2.4929, Accuracy: 70.00 %, Epsilon: 0.45, Delta: 0.0030
Epoch [11/12], Step [200/496], Loss: 2.2354, Accuracy: 72.00 %, Epsilon: 0.46, Delta: 0.0030
Epoch [11/12], Step [300/496], Loss: 2.2551, Accuracy: 71.33 %, Epsilon: 0.46, Delta: 0.0030
Epoch [11/12], Step [400/496], Loss: 2.1894, Accuracy: 71.75 %, Epsilon: 0.47, Delta: 0.0030
Predictions - 1s: 124, 0s: 1858
True Labels - 1s: 532, 0s: 1450
-------------------------------
Epoch [11/12] Loss: 2.2170, Accuracy: 71.64 %, Epsilon: 0.47, Delta: 0.0030
-------------------------------
-------- Validation --------
Predictions - 1s: 15, 0s: 481
True Labels - 1s: 142, 0s: 354
Validation Loss: 2.5867, Validation Accuracy: 69.15 %
-------- Validation finished --------
Epoch [12/12], Step [100/496], Loss: 2.1063, Accuracy: 72.50 %, Epsilon: 0.48, Delta: 0.0030
Epoch [12/12], Step [200/496], Loss: 2.1986, Accuracy: 72.12 %, Epsilon: 0.48, Delta: 0.0030
Epoch [12/12], Step [300/496], Loss: 2.1833, Accuracy: 71.00 %, Epsilon: 0.49, Delta: 0.0030
Epoch [12/12], Step [400/496], Loss: 2.2686, Accuracy: 70.12 %, Epsilon: 0.49, Delta: 0.0030
Predictions - 1s: 137, 0s: 1845
True Labels - 1s: 532, 0s: 1450
-------------------------------
Epoch [12/12] Loss: 2.2097, Accuracy: 70.48 %, Epsilon: 0.50, Delta: 0.0030
-------------------------------
-------- Validation --------
Predictions - 1s: 15, 0s: 481
True Labels - 1s: 142, 0s: 354
Validation Loss: 2.6058, Validation Accuracy: 69.15 %
-------- Validation finished --------
Best model in epoch 6 saved with with Validation Loss: 1.8170 and Validation Accuracy: 69.35 %

-------- Training finished in 3:54 --------

Test flag enabled. Testing the model

-------- Loading best model from model_path --------
Loaded model bert-small from date 13-05-2024 12:27. Trained with Centralised Machine Learning technology.
Epoch 6, lr: 0.006, optimizer: DPOptimizer
Train accuracy: 67.81 %, Validation accuracy: 69.35 %
-------- Best model loaded --------

-------- Creating Test Dataloader --------
Test Loader: 618 total sentences. 78 batches of size 8.
-------- Test Dataloader created --------

-------- Testing --------
Predictions - 1s: 66, 0s: 552
True Labels - 1s: 168, 0s: 450
Nº of test samples: 618
Accuracy: 68.93%
Accuracy 2 : 68.93%
Precision: 52.59%
Recall: 51.25%
F1 Score: 49.39%
Classification report:
              precision    recall  f1-score   support

           0     0.7337    0.9000    0.8084       450
           1     0.3182    0.1250    0.1795       168

    accuracy                         0.6893       618
   macro avg     0.5259    0.5125    0.4939       618
weighted avg     0.6207    0.6893    0.6374       618

-------- Testing finished --------
