Current configuration:
{
    "concurrency_flag": true,
    "data_distribution": "iid",
    "dataset": "twitter_dep",
    "device": "cuda",
    "dp_delta": 0.003,
    "dp_epsilon": 0,
    "eval_batch_size": 4,
    "eval_flag": true,
    "eval_size": 0.2,
    "fed_alg": "fedavg",
    "layers": 3,
    "learning_rate": 6e-05,
    "max_length": 512,
    "ml_mode": "ml",
    "model": "bert_small",
    "model_name": "ml_0_twitter_dep",
    "models_path": "/local/vpaloma/fabric-federated-learning/ablation_study/phase-4/final/dp/twitter_dep",
    "mu": 0.5,
    "num_clients": 5,
    "num_epochs": 12,
    "num_rounds": 4,
    "optimizer": "AdamW",
    "progress_bar_flag": false,
    "save_model": true,
    "scheduler": "linear",
    "scheduler_warmup_steps": 0,
    "seed": "random",
    "test_flag": true,
    "train_batch_size": 4,
    "train_size": 0.8
}
-------- Configuration loaded --------

-------- Setting device --------
cuda device selected and available.
-------- Device set --------

-------- Setting seed --------
seed set:  970507
-------- Seed set --------

-------- Creating Model --------
-------- Model created --------

-------- Setting Trainable Layers --------
Training the last 3 layers.

Total parameters count: 28764674
Trainable parameters count: 3416066
-------- Trainable Layers set --------

-------- Creating Tokenizer --------
-------- Tokenizer created --------

-------- Creating Train and Eval Dataloaders --------
Train Loader: 1982 total sentences. 496 batches of size 4.
Eval Loader: 496 total sentences. 124 batches of size 4.
-------- Train and Eval Dataloaders created --------

-------- Creating Optimizer --------
-------- Optimizer created --------

-------- Creating Scheduler --------
-------- Scheduler created --------

-------- Training --------
Training with Centralised Machine Learning technology.
Training without differential privacy.
Concurrency flag is set to True, but ml mode is selected. Concurrency flag will be ignored.
Epoch [1/12], Step [100/496], Loss: 0.5687, Accuracy: 73.00 %
Epoch [1/12], Step [200/496], Loss: 0.5419, Accuracy: 73.75 %
Epoch [1/12], Step [300/496], Loss: 0.5220, Accuracy: 75.08 %
Epoch [1/12], Step [400/496], Loss: 0.5063, Accuracy: 75.75 %
Predictions - 1s: 293, 0s: 1689
True Labels - 1s: 543, 0s: 1439
-------------------------------
Epoch [1/12] Loss: 0.4954, Accuracy: 76.69 %
-------------------------------
-------- Validation --------
Predictions - 1s: 97, 0s: 399
True Labels - 1s: 131, 0s: 365
Validation Loss: 0.4185, Validation Accuracy: 80.65 %
-------- Validation finished --------
Updated best model in epoch 1 saved with Validation Loss: 0.4185 and Validation Accuracy: 80.65 %
-------------------------------
Epoch [2/12], Step [100/496], Loss: 0.4675, Accuracy: 79.25 %
Epoch [2/12], Step [200/496], Loss: 0.4129, Accuracy: 81.50 %
Epoch [2/12], Step [300/496], Loss: 0.3995, Accuracy: 82.33 %
Epoch [2/12], Step [400/496], Loss: 0.4058, Accuracy: 81.62 %
Predictions - 1s: 437, 0s: 1545
True Labels - 1s: 543, 0s: 1439
-------------------------------
Epoch [2/12] Loss: 0.3973, Accuracy: 81.94 %
-------------------------------
-------- Validation --------
Predictions - 1s: 92, 0s: 404
True Labels - 1s: 131, 0s: 365
Validation Loss: 0.3928, Validation Accuracy: 81.25 %
-------- Validation finished --------
Updated best model in epoch 2 saved with Validation Loss: 0.3928 and Validation Accuracy: 81.25 %
-------------------------------
Epoch [3/12], Step [100/496], Loss: 0.3415, Accuracy: 84.00 %
Epoch [3/12], Step [200/496], Loss: 0.3453, Accuracy: 83.12 %
Epoch [3/12], Step [300/496], Loss: 0.3585, Accuracy: 82.17 %
Epoch [3/12], Step [400/496], Loss: 0.3468, Accuracy: 83.00 %
Predictions - 1s: 482, 0s: 1500
True Labels - 1s: 543, 0s: 1439
-------------------------------
Epoch [3/12] Loss: 0.3401, Accuracy: 83.60 %
-------------------------------
-------- Validation --------
Predictions - 1s: 87, 0s: 409
True Labels - 1s: 131, 0s: 365
Validation Loss: 0.4065, Validation Accuracy: 82.66 %
-------- Validation finished --------
Epoch [4/12], Step [100/496], Loss: 0.2727, Accuracy: 88.75 %
Epoch [4/12], Step [200/496], Loss: 0.2775, Accuracy: 88.00 %
Epoch [4/12], Step [300/496], Loss: 0.2936, Accuracy: 87.00 %
Epoch [4/12], Step [400/496], Loss: 0.2873, Accuracy: 87.75 %
Predictions - 1s: 498, 0s: 1484
True Labels - 1s: 543, 0s: 1439
-------------------------------
Epoch [4/12] Loss: 0.2785, Accuracy: 88.35 %
-------------------------------
-------- Validation --------
Predictions - 1s: 171, 0s: 325
True Labels - 1s: 131, 0s: 365
Validation Loss: 0.4817, Validation Accuracy: 78.63 %
-------- Validation finished --------
Epoch [5/12], Step [100/496], Loss: 0.2246, Accuracy: 89.75 %
Epoch [5/12], Step [200/496], Loss: 0.2289, Accuracy: 89.12 %
Epoch [5/12], Step [300/496], Loss: 0.2295, Accuracy: 89.50 %
Epoch [5/12], Step [400/496], Loss: 0.2252, Accuracy: 89.81 %
Predictions - 1s: 525, 0s: 1457
True Labels - 1s: 543, 0s: 1439
-------------------------------
Epoch [5/12] Loss: 0.2192, Accuracy: 90.31 %
-------------------------------
-------- Validation --------
Predictions - 1s: 134, 0s: 362
True Labels - 1s: 131, 0s: 365
Validation Loss: 0.4655, Validation Accuracy: 82.46 %
-------- Validation finished --------
Epoch [6/12], Step [100/496], Loss: 0.1922, Accuracy: 92.50 %
Epoch [6/12], Step [200/496], Loss: 0.1777, Accuracy: 93.00 %
Epoch [6/12], Step [300/496], Loss: 0.1792, Accuracy: 93.00 %
Epoch [6/12], Step [400/496], Loss: 0.1775, Accuracy: 93.06 %
Predictions - 1s: 524, 0s: 1458
True Labels - 1s: 543, 0s: 1439
-------------------------------
Epoch [6/12] Loss: 0.1794, Accuracy: 92.99 %
-------------------------------
-------- Validation --------
Predictions - 1s: 136, 0s: 360
True Labels - 1s: 131, 0s: 365
Validation Loss: 0.4817, Validation Accuracy: 80.85 %
-------- Validation finished --------
Epoch [7/12], Step [100/496], Loss: 0.1304, Accuracy: 95.00 %
Epoch [7/12], Step [200/496], Loss: 0.1145, Accuracy: 96.12 %
Epoch [7/12], Step [300/496], Loss: 0.1198, Accuracy: 95.58 %
Epoch [7/12], Step [400/496], Loss: 0.1261, Accuracy: 95.38 %
Predictions - 1s: 534, 0s: 1448
True Labels - 1s: 543, 0s: 1439
-------------------------------
Epoch [7/12] Loss: 0.1309, Accuracy: 95.11 %
-------------------------------
-------- Validation --------
Predictions - 1s: 133, 0s: 363
True Labels - 1s: 131, 0s: 365
Validation Loss: 0.5306, Validation Accuracy: 80.65 %
-------- Validation finished --------
Epoch [8/12], Step [100/496], Loss: 0.1074, Accuracy: 96.00 %
Epoch [8/12], Step [200/496], Loss: 0.0934, Accuracy: 96.75 %
Epoch [8/12], Step [300/496], Loss: 0.0948, Accuracy: 96.67 %
Epoch [8/12], Step [400/496], Loss: 0.0914, Accuracy: 96.88 %
Predictions - 1s: 539, 0s: 1443
True Labels - 1s: 543, 0s: 1439
-------------------------------
Epoch [8/12] Loss: 0.0899, Accuracy: 96.87 %
-------------------------------
-------- Validation --------
Predictions - 1s: 128, 0s: 368
True Labels - 1s: 131, 0s: 365
Validation Loss: 0.5839, Validation Accuracy: 80.85 %
-------- Validation finished --------
Epoch [9/12], Step [100/496], Loss: 0.0890, Accuracy: 96.00 %
Epoch [9/12], Step [200/496], Loss: 0.0832, Accuracy: 96.75 %
Epoch [9/12], Step [300/496], Loss: 0.0785, Accuracy: 97.08 %
Epoch [9/12], Step [400/496], Loss: 0.0757, Accuracy: 97.44 %
Predictions - 1s: 540, 0s: 1442
True Labels - 1s: 543, 0s: 1439
-------------------------------
Epoch [9/12] Loss: 0.0724, Accuracy: 97.73 %
-------------------------------
-------- Validation --------
Predictions - 1s: 124, 0s: 372
True Labels - 1s: 131, 0s: 365
Validation Loss: 0.5994, Validation Accuracy: 80.85 %
-------- Validation finished --------
Epoch [10/12], Step [100/496], Loss: 0.0382, Accuracy: 99.50 %
Epoch [10/12], Step [200/496], Loss: 0.0471, Accuracy: 99.12 %
Epoch [10/12], Step [300/496], Loss: 0.0569, Accuracy: 98.50 %
Epoch [10/12], Step [400/496], Loss: 0.0584, Accuracy: 98.38 %
Predictions - 1s: 541, 0s: 1441
True Labels - 1s: 543, 0s: 1439
-------------------------------
Epoch [10/12] Loss: 0.0629, Accuracy: 98.08 %
-------------------------------
-------- Validation --------
Predictions - 1s: 132, 0s: 364
True Labels - 1s: 131, 0s: 365
Validation Loss: 0.6316, Validation Accuracy: 80.44 %
-------- Validation finished --------
Epoch [11/12], Step [100/496], Loss: 0.0467, Accuracy: 98.25 %
Epoch [11/12], Step [200/496], Loss: 0.0505, Accuracy: 98.38 %
Epoch [11/12], Step [300/496], Loss: 0.0590, Accuracy: 97.92 %
Epoch [11/12], Step [400/496], Loss: 0.0573, Accuracy: 97.94 %
Predictions - 1s: 543, 0s: 1439
True Labels - 1s: 543, 0s: 1439
-------------------------------
Epoch [11/12] Loss: 0.0582, Accuracy: 97.98 %
-------------------------------
-------- Validation --------
Predictions - 1s: 140, 0s: 356
True Labels - 1s: 131, 0s: 365
Validation Loss: 0.6602, Validation Accuracy: 79.64 %
-------- Validation finished --------
Epoch [12/12], Step [100/496], Loss: 0.0347, Accuracy: 99.00 %
Epoch [12/12], Step [200/496], Loss: 0.0388, Accuracy: 98.88 %
Epoch [12/12], Step [300/496], Loss: 0.0396, Accuracy: 98.83 %
Epoch [12/12], Step [400/496], Loss: 0.0431, Accuracy: 98.50 %
Predictions - 1s: 541, 0s: 1441
True Labels - 1s: 543, 0s: 1439
-------------------------------
Epoch [12/12] Loss: 0.0462, Accuracy: 98.39 %
-------------------------------
-------- Validation --------
Predictions - 1s: 135, 0s: 361
True Labels - 1s: 131, 0s: 365
Validation Loss: 0.6658, Validation Accuracy: 80.24 %
-------- Validation finished --------
Best model in epoch 2 saved with with Validation Loss: 0.3928 and Validation Accuracy: 81.25 %

-------- Training finished in 1:39 --------

Test flag enabled. Testing the model

-------- Loading best model from model_path --------
Loaded model bert-small from date 20-04-2024 11:11. Trained with Centralised Machine Learning technology.
Epoch 2, lr: 6e-05, optimizer: AdamW
Train accuracy: 81.94 %, Validation accuracy: 81.25 %
-------- Best model loaded --------

-------- Creating Test Dataloader --------
Test Loader: 618 total sentences. 78 batches of size 8.
-------- Test Dataloader created --------

-------- Testing --------
Predictions - 1s: 118, 0s: 500
True Labels - 1s: 168, 0s: 450
Nº of test samples: 618
Accuracy: 82.52%
Accuracy 2 : 82.52%
Precision: 79.81%
Recall: 73.27%
F1 Score: 75.43%
Classification report:
              precision    recall  f1-score   support

           0     0.8420    0.9356    0.8863       450
           1     0.7542    0.5298    0.6224       168

    accuracy                         0.8252       618
   macro avg     0.7981    0.7327    0.7543       618
weighted avg     0.8181    0.8252    0.8146       618

-------- Testing finished --------
