Current configuration:
{
    "concurrency_flag": true,
    "data_distribution": "iid",
    "dataset": "twitter_dep",
    "device": "cuda",
    "dp_delta": 0.003,
    "dp_epsilon": 0.5,
    "eval_batch_size": 4,
    "eval_flag": true,
    "eval_size": 0.2,
    "fed_alg": "fedavg",
    "layers": 3,
    "learning_rate": 0.006,
    "max_length": 512,
    "ml_mode": "ml",
    "model": "bert_small",
    "model_name": "ml_0.5_seed7_twitter_dep",
    "models_path": "/local/vpaloma/fabric-federated-learning/ablation_study/phase-4/final/dp/twitter_dep",
    "mu": 0.5,
    "num_clients": 5,
    "num_epochs": 12,
    "num_rounds": 4,
    "optimizer": "AdamW",
    "progress_bar_flag": false,
    "save_model": true,
    "scheduler": "linear",
    "scheduler_warmup_steps": 0,
    "seed": "random",
    "test_flag": true,
    "train_batch_size": 2,
    "train_size": 0.8
}
-------- Configuration loaded --------

-------- Setting device --------
cuda device selected and available.
-------- Device set --------

-------- Setting seed --------
seed set:  677984
-------- Seed set --------

-------- Creating Model --------
-------- Model created --------

-------- Setting Trainable Layers --------
Training the last 3 layers.

Total parameters count: 28764674
Trainable parameters count: 3416066
-------- Trainable Layers set --------

-------- Creating Tokenizer --------
-------- Tokenizer created --------

-------- Creating Train and Eval Dataloaders --------
Train Loader: 1982 total sentences. 991 batches of size 2.
Eval Loader: 496 total sentences. 124 batches of size 4.
-------- Train and Eval Dataloaders created --------

-------- Creating Optimizer --------
-------- Optimizer created --------

-------- Creating Scheduler --------
-------- Scheduler created --------

-------- Training --------
Training with Centralised Machine Learning technology.
Training with differential privacy.
Concurrency flag is set to True, but ml mode is selected. Concurrency flag will be ignored.
max_grad_norm:  1.5
Epoch [1/12], Step [100/991], Loss: 0.9574, Accuracy: 73.00 %, Epsilon: 0.03, Delta: 0.0030
Epoch [1/12], Step [200/991], Loss: 1.2549, Accuracy: 70.50 %, Epsilon: 0.04, Delta: 0.0030
Epoch [1/12], Step [300/991], Loss: 1.3069, Accuracy: 69.67 %, Epsilon: 0.06, Delta: 0.0030
Epoch [1/12], Step [400/991], Loss: 1.2985, Accuracy: 68.25 %, Epsilon: 0.07, Delta: 0.0030
Epoch [1/12], Step [500/991], Loss: 1.3239, Accuracy: 69.20 %, Epsilon: 0.08, Delta: 0.0030
Epoch [1/12], Step [600/991], Loss: 1.4337, Accuracy: 69.33 %, Epsilon: 0.08, Delta: 0.0030
Epoch [1/12], Step [700/991], Loss: 1.4992, Accuracy: 69.07 %, Epsilon: 0.09, Delta: 0.0030
Epoch [1/12], Step [800/991], Loss: 1.5021, Accuracy: 69.88 %, Epsilon: 0.10, Delta: 0.0030
Epoch [1/12], Step [900/991], Loss: 1.5676, Accuracy: 69.67 %, Epsilon: 0.11, Delta: 0.0030
Predictions - 1s: 92, 0s: 1890
True Labels - 1s: 549, 0s: 1433
-------------------------------
Epoch [1/12] Loss: 1.6225, Accuracy: 69.58 %, Epsilon: 0.11, Delta: 0.0030
-------------------------------
-------- Validation --------
Predictions - 1s: 17, 0s: 479
True Labels - 1s: 125, 0s: 371
Validation Loss: 1.8330, Validation Accuracy: 73.39 %
-------- Validation finished --------
Updated best model in epoch 1 saved with Validation Loss: 1.8330 and Validation Accuracy: 73.39 %
-------------------------------
Epoch [2/12], Step [100/991], Loss: 1.7222, Accuracy: 75.00 %, Epsilon: 0.12, Delta: 0.0030
Epoch [2/12], Step [200/991], Loss: 2.2971, Accuracy: 69.00 %, Epsilon: 0.13, Delta: 0.0030
Epoch [2/12], Step [300/991], Loss: 2.5385, Accuracy: 68.33 %, Epsilon: 0.13, Delta: 0.0030
Epoch [2/12], Step [400/991], Loss: 2.4807, Accuracy: 70.00 %, Epsilon: 0.14, Delta: 0.0030
Epoch [2/12], Step [500/991], Loss: 2.5539, Accuracy: 68.00 %, Epsilon: 0.15, Delta: 0.0030
Epoch [2/12], Step [600/991], Loss: 2.4932, Accuracy: 67.83 %, Epsilon: 0.15, Delta: 0.0030
Epoch [2/12], Step [700/991], Loss: 2.4452, Accuracy: 68.21 %, Epsilon: 0.16, Delta: 0.0030
Epoch [2/12], Step [800/991], Loss: 2.3902, Accuracy: 68.00 %, Epsilon: 0.16, Delta: 0.0030
Epoch [2/12], Step [900/991], Loss: 2.3383, Accuracy: 67.61 %, Epsilon: 0.17, Delta: 0.0030
Predictions - 1s: 199, 0s: 1783
True Labels - 1s: 549, 0s: 1433
-------------------------------
Epoch [2/12] Loss: 2.3045, Accuracy: 67.51 %, Epsilon: 0.17, Delta: 0.0030
-------------------------------
-------- Validation --------
Predictions - 1s: 126, 0s: 370
True Labels - 1s: 125, 0s: 371
Validation Loss: 1.7877, Validation Accuracy: 65.12 %
-------- Validation finished --------
Updated best model in epoch 2 saved with Validation Loss: 1.7877 and Validation Accuracy: 65.12 %
-------------------------------
Epoch [3/12], Step [100/991], Loss: 1.8394, Accuracy: 63.50 %, Epsilon: 0.18, Delta: 0.0030
Epoch [3/12], Step [200/991], Loss: 1.9398, Accuracy: 62.75 %, Epsilon: 0.18, Delta: 0.0030
Epoch [3/12], Step [300/991], Loss: 1.9040, Accuracy: 64.50 %, Epsilon: 0.19, Delta: 0.0030
Epoch [3/12], Step [400/991], Loss: 2.0540, Accuracy: 64.00 %, Epsilon: 0.19, Delta: 0.0030
Epoch [3/12], Step [500/991], Loss: 2.0794, Accuracy: 63.30 %, Epsilon: 0.20, Delta: 0.0030
Epoch [3/12], Step [600/991], Loss: 2.1918, Accuracy: 61.75 %, Epsilon: 0.20, Delta: 0.0030
Epoch [3/12], Step [700/991], Loss: 2.2532, Accuracy: 60.14 %, Epsilon: 0.21, Delta: 0.0030
Epoch [3/12], Step [800/991], Loss: 2.2820, Accuracy: 60.25 %, Epsilon: 0.21, Delta: 0.0030
Epoch [3/12], Step [900/991], Loss: 2.3046, Accuracy: 60.33 %, Epsilon: 0.22, Delta: 0.0030
Predictions - 1s: 538, 0s: 1444
True Labels - 1s: 549, 0s: 1433
-------------------------------
Epoch [3/12] Loss: 2.3089, Accuracy: 60.80 %, Epsilon: 0.22, Delta: 0.0030
-------------------------------
-------- Validation --------
Predictions - 1s: 71, 0s: 425
True Labels - 1s: 125, 0s: 371
Validation Loss: 2.0743, Validation Accuracy: 68.55 %
-------- Validation finished --------
Epoch [4/12], Step [100/991], Loss: 2.4346, Accuracy: 63.00 %, Epsilon: 0.22, Delta: 0.0030
Epoch [4/12], Step [200/991], Loss: 2.4463, Accuracy: 61.25 %, Epsilon: 0.23, Delta: 0.0030
Epoch [4/12], Step [300/991], Loss: 2.4252, Accuracy: 62.50 %, Epsilon: 0.23, Delta: 0.0030
Epoch [4/12], Step [400/991], Loss: 2.5477, Accuracy: 63.75 %, Epsilon: 0.24, Delta: 0.0030
Epoch [4/12], Step [500/991], Loss: 2.5339, Accuracy: 64.10 %, Epsilon: 0.24, Delta: 0.0030
Epoch [4/12], Step [600/991], Loss: 2.5328, Accuracy: 64.33 %, Epsilon: 0.24, Delta: 0.0030
Epoch [4/12], Step [700/991], Loss: 2.5143, Accuracy: 65.86 %, Epsilon: 0.25, Delta: 0.0030
Epoch [4/12], Step [800/991], Loss: 2.5615, Accuracy: 66.12 %, Epsilon: 0.25, Delta: 0.0030
Epoch [4/12], Step [900/991], Loss: 2.6291, Accuracy: 65.61 %, Epsilon: 0.26, Delta: 0.0030
Predictions - 1s: 288, 0s: 1694
True Labels - 1s: 549, 0s: 1433
-------------------------------
Epoch [4/12] Loss: 2.6941, Accuracy: 65.74 %, Epsilon: 0.26, Delta: 0.0030
-------------------------------
-------- Validation --------
Predictions - 1s: 15, 0s: 481
True Labels - 1s: 125, 0s: 371
Validation Loss: 2.7437, Validation Accuracy: 73.79 %
-------- Validation finished --------
Epoch [5/12], Step [100/991], Loss: 2.0966, Accuracy: 75.00 %, Epsilon: 0.26, Delta: 0.0030
Epoch [5/12], Step [200/991], Loss: 2.4409, Accuracy: 69.25 %, Epsilon: 0.27, Delta: 0.0030
Epoch [5/12], Step [300/991], Loss: 2.5700, Accuracy: 66.67 %, Epsilon: 0.27, Delta: 0.0030
Epoch [5/12], Step [400/991], Loss: 2.4946, Accuracy: 65.25 %, Epsilon: 0.28, Delta: 0.0030
Epoch [5/12], Step [500/991], Loss: 2.5747, Accuracy: 64.50 %, Epsilon: 0.28, Delta: 0.0030
Epoch [5/12], Step [600/991], Loss: 2.6868, Accuracy: 64.17 %, Epsilon: 0.28, Delta: 0.0030
Epoch [5/12], Step [700/991], Loss: 2.7011, Accuracy: 63.29 %, Epsilon: 0.29, Delta: 0.0030
Epoch [5/12], Step [800/991], Loss: 2.7108, Accuracy: 63.25 %, Epsilon: 0.29, Delta: 0.0030
Epoch [5/12], Step [900/991], Loss: 2.6764, Accuracy: 63.61 %, Epsilon: 0.29, Delta: 0.0030
Predictions - 1s: 322, 0s: 1660
True Labels - 1s: 549, 0s: 1433
-------------------------------
Epoch [5/12] Loss: 2.6822, Accuracy: 63.93 %, Epsilon: 0.30, Delta: 0.0030
-------------------------------
-------- Validation --------
Predictions - 1s: 36, 0s: 460
True Labels - 1s: 125, 0s: 371
Validation Loss: 2.3981, Validation Accuracy: 71.98 %
-------- Validation finished --------
Epoch [6/12], Step [100/991], Loss: 2.6515, Accuracy: 66.50 %, Epsilon: 0.30, Delta: 0.0030
Epoch [6/12], Step [200/991], Loss: 2.7981, Accuracy: 67.50 %, Epsilon: 0.30, Delta: 0.0030
Epoch [6/12], Step [300/991], Loss: 2.8756, Accuracy: 69.33 %, Epsilon: 0.31, Delta: 0.0030
Epoch [6/12], Step [400/991], Loss: 2.8082, Accuracy: 68.88 %, Epsilon: 0.31, Delta: 0.0030
Epoch [6/12], Step [500/991], Loss: 2.7508, Accuracy: 69.10 %, Epsilon: 0.31, Delta: 0.0030
Epoch [6/12], Step [600/991], Loss: 2.8005, Accuracy: 68.00 %, Epsilon: 0.32, Delta: 0.0030
Epoch [6/12], Step [700/991], Loss: 2.7216, Accuracy: 67.71 %, Epsilon: 0.32, Delta: 0.0030
Epoch [6/12], Step [800/991], Loss: 2.7147, Accuracy: 67.31 %, Epsilon: 0.32, Delta: 0.0030
Epoch [6/12], Step [900/991], Loss: 2.7090, Accuracy: 66.17 %, Epsilon: 0.33, Delta: 0.0030
Predictions - 1s: 285, 0s: 1697
True Labels - 1s: 549, 0s: 1433
-------------------------------
Epoch [6/12] Loss: 2.6413, Accuracy: 66.70 %, Epsilon: 0.33, Delta: 0.0030
-------------------------------
-------- Validation --------
Predictions - 1s: 43, 0s: 453
True Labels - 1s: 125, 0s: 371
Validation Loss: 1.8729, Validation Accuracy: 72.18 %
-------- Validation finished --------
Epoch [7/12], Step [100/991], Loss: 2.0419, Accuracy: 69.50 %, Epsilon: 0.33, Delta: 0.0030
Epoch [7/12], Step [200/991], Loss: 2.3443, Accuracy: 69.25 %, Epsilon: 0.34, Delta: 0.0030
Epoch [7/12], Step [300/991], Loss: 2.5859, Accuracy: 68.50 %, Epsilon: 0.34, Delta: 0.0030
Epoch [7/12], Step [400/991], Loss: 2.5084, Accuracy: 69.88 %, Epsilon: 0.34, Delta: 0.0030
Epoch [7/12], Step [500/991], Loss: 2.5233, Accuracy: 70.00 %, Epsilon: 0.35, Delta: 0.0030
Epoch [7/12], Step [600/991], Loss: 2.5749, Accuracy: 69.33 %, Epsilon: 0.35, Delta: 0.0030
Epoch [7/12], Step [700/991], Loss: 2.5391, Accuracy: 69.29 %, Epsilon: 0.35, Delta: 0.0030
Epoch [7/12], Step [800/991], Loss: 2.5617, Accuracy: 68.75 %, Epsilon: 0.36, Delta: 0.0030
Epoch [7/12], Step [900/991], Loss: 2.5861, Accuracy: 68.17 %, Epsilon: 0.36, Delta: 0.0030
Predictions - 1s: 216, 0s: 1766
True Labels - 1s: 549, 0s: 1433
-------------------------------
Epoch [7/12] Loss: 2.5754, Accuracy: 68.37 %, Epsilon: 0.36, Delta: 0.0030
-------------------------------
-------- Validation --------
Predictions - 1s: 32, 0s: 464
True Labels - 1s: 125, 0s: 371
Validation Loss: 1.9892, Validation Accuracy: 72.78 %
-------- Validation finished --------
Epoch [8/12], Step [100/991], Loss: 2.5115, Accuracy: 66.00 %, Epsilon: 0.37, Delta: 0.0030
Epoch [8/12], Step [200/991], Loss: 2.7108, Accuracy: 67.00 %, Epsilon: 0.37, Delta: 0.0030
Epoch [8/12], Step [300/991], Loss: 2.7303, Accuracy: 69.33 %, Epsilon: 0.37, Delta: 0.0030
Epoch [8/12], Step [400/991], Loss: 2.7503, Accuracy: 69.75 %, Epsilon: 0.37, Delta: 0.0030
Epoch [8/12], Step [500/991], Loss: 2.6273, Accuracy: 70.60 %, Epsilon: 0.38, Delta: 0.0030
Epoch [8/12], Step [600/991], Loss: 2.5744, Accuracy: 70.25 %, Epsilon: 0.38, Delta: 0.0030
Epoch [8/12], Step [700/991], Loss: 2.5480, Accuracy: 69.50 %, Epsilon: 0.38, Delta: 0.0030
Epoch [8/12], Step [800/991], Loss: 2.5660, Accuracy: 68.56 %, Epsilon: 0.39, Delta: 0.0030
Epoch [8/12], Step [900/991], Loss: 2.5112, Accuracy: 68.39 %, Epsilon: 0.39, Delta: 0.0030
Predictions - 1s: 225, 0s: 1757
True Labels - 1s: 549, 0s: 1433
-------------------------------
Epoch [8/12] Loss: 2.5088, Accuracy: 67.91 %, Epsilon: 0.39, Delta: 0.0030
-------------------------------
-------- Validation --------
Predictions - 1s: 66, 0s: 430
True Labels - 1s: 125, 0s: 371
Validation Loss: 1.4071, Validation Accuracy: 71.57 %
-------- Validation finished --------
Updated best model in epoch 8 saved with Validation Loss: 1.4071 and Validation Accuracy: 71.57 %
-------------------------------
Epoch [9/12], Step [100/991], Loss: 2.6638, Accuracy: 69.50 %, Epsilon: 0.39, Delta: 0.0030
Epoch [9/12], Step [200/991], Loss: 2.7414, Accuracy: 64.00 %, Epsilon: 0.40, Delta: 0.0030
Epoch [9/12], Step [300/991], Loss: 2.5300, Accuracy: 65.00 %, Epsilon: 0.40, Delta: 0.0030
Epoch [9/12], Step [400/991], Loss: 2.5120, Accuracy: 64.00 %, Epsilon: 0.40, Delta: 0.0030
Epoch [9/12], Step [500/991], Loss: 2.4202, Accuracy: 64.30 %, Epsilon: 0.41, Delta: 0.0030
Epoch [9/12], Step [600/991], Loss: 2.3558, Accuracy: 65.00 %, Epsilon: 0.41, Delta: 0.0030
Epoch [9/12], Step [700/991], Loss: 2.3503, Accuracy: 65.21 %, Epsilon: 0.41, Delta: 0.0030
Epoch [9/12], Step [800/991], Loss: 2.3905, Accuracy: 65.94 %, Epsilon: 0.41, Delta: 0.0030
Epoch [9/12], Step [900/991], Loss: 2.4453, Accuracy: 66.17 %, Epsilon: 0.42, Delta: 0.0030
Predictions - 1s: 328, 0s: 1654
True Labels - 1s: 549, 0s: 1433
-------------------------------
Epoch [9/12] Loss: 2.5036, Accuracy: 66.15 %, Epsilon: 0.42, Delta: 0.0030
-------------------------------
-------- Validation --------
Predictions - 1s: 36, 0s: 460
True Labels - 1s: 125, 0s: 371
Validation Loss: 1.9852, Validation Accuracy: 72.38 %
-------- Validation finished --------
Epoch [10/12], Step [100/991], Loss: 2.3864, Accuracy: 67.00 %, Epsilon: 0.42, Delta: 0.0030
Epoch [10/12], Step [200/991], Loss: 2.8139, Accuracy: 65.50 %, Epsilon: 0.43, Delta: 0.0030
Epoch [10/12], Step [300/991], Loss: 2.6678, Accuracy: 68.33 %, Epsilon: 0.43, Delta: 0.0030
Epoch [10/12], Step [400/991], Loss: 2.6417, Accuracy: 68.12 %, Epsilon: 0.43, Delta: 0.0030
Epoch [10/12], Step [500/991], Loss: 2.7281, Accuracy: 66.90 %, Epsilon: 0.43, Delta: 0.0030
Epoch [10/12], Step [600/991], Loss: 2.6801, Accuracy: 66.25 %, Epsilon: 0.44, Delta: 0.0030
Epoch [10/12], Step [700/991], Loss: 2.5959, Accuracy: 66.64 %, Epsilon: 0.44, Delta: 0.0030
Epoch [10/12], Step [800/991], Loss: 2.5950, Accuracy: 66.44 %, Epsilon: 0.44, Delta: 0.0030
Epoch [10/12], Step [900/991], Loss: 2.5687, Accuracy: 66.22 %, Epsilon: 0.44, Delta: 0.0030
Predictions - 1s: 264, 0s: 1718
True Labels - 1s: 549, 0s: 1433
-------------------------------
Epoch [10/12] Loss: 2.5452, Accuracy: 66.45 %, Epsilon: 0.45, Delta: 0.0030
-------------------------------
-------- Validation --------
Predictions - 1s: 61, 0s: 435
True Labels - 1s: 125, 0s: 371
Validation Loss: 1.7846, Validation Accuracy: 70.97 %
-------- Validation finished --------
Epoch [11/12], Step [100/991], Loss: 2.1793, Accuracy: 70.50 %, Epsilon: 0.45, Delta: 0.0030
Epoch [11/12], Step [200/991], Loss: 2.3854, Accuracy: 69.00 %, Epsilon: 0.45, Delta: 0.0030
Epoch [11/12], Step [300/991], Loss: 2.5115, Accuracy: 67.17 %, Epsilon: 0.45, Delta: 0.0030
Epoch [11/12], Step [400/991], Loss: 2.5483, Accuracy: 66.50 %, Epsilon: 0.46, Delta: 0.0030
Epoch [11/12], Step [500/991], Loss: 2.4770, Accuracy: 67.00 %, Epsilon: 0.46, Delta: 0.0030
Epoch [11/12], Step [600/991], Loss: 2.4150, Accuracy: 67.25 %, Epsilon: 0.46, Delta: 0.0030
Epoch [11/12], Step [700/991], Loss: 2.3981, Accuracy: 67.50 %, Epsilon: 0.47, Delta: 0.0030
Epoch [11/12], Step [800/991], Loss: 2.4623, Accuracy: 67.25 %, Epsilon: 0.47, Delta: 0.0030
Epoch [11/12], Step [900/991], Loss: 2.4050, Accuracy: 67.11 %, Epsilon: 0.47, Delta: 0.0030
Predictions - 1s: 281, 0s: 1701
True Labels - 1s: 549, 0s: 1433
-------------------------------
Epoch [11/12] Loss: 2.3344, Accuracy: 67.51 %, Epsilon: 0.47, Delta: 0.0030
-------------------------------
-------- Validation --------
Predictions - 1s: 61, 0s: 435
True Labels - 1s: 125, 0s: 371
Validation Loss: 1.8501, Validation Accuracy: 68.55 %
-------- Validation finished --------
Epoch [12/12], Step [100/991], Loss: 2.4942, Accuracy: 68.00 %, Epsilon: 0.48, Delta: 0.0030
Epoch [12/12], Step [200/991], Loss: 2.3083, Accuracy: 69.75 %, Epsilon: 0.48, Delta: 0.0030
Epoch [12/12], Step [300/991], Loss: 2.2911, Accuracy: 68.83 %, Epsilon: 0.48, Delta: 0.0030
Epoch [12/12], Step [400/991], Loss: 2.3864, Accuracy: 67.62 %, Epsilon: 0.48, Delta: 0.0030
Epoch [12/12], Step [500/991], Loss: 2.3625, Accuracy: 67.70 %, Epsilon: 0.49, Delta: 0.0030
Epoch [12/12], Step [600/991], Loss: 2.2908, Accuracy: 68.17 %, Epsilon: 0.49, Delta: 0.0030
Epoch [12/12], Step [700/991], Loss: 2.3174, Accuracy: 68.36 %, Epsilon: 0.49, Delta: 0.0030
Epoch [12/12], Step [800/991], Loss: 2.4201, Accuracy: 67.31 %, Epsilon: 0.49, Delta: 0.0030
Epoch [12/12], Step [900/991], Loss: 2.4641, Accuracy: 67.06 %, Epsilon: 0.50, Delta: 0.0030
Predictions - 1s: 261, 0s: 1721
True Labels - 1s: 549, 0s: 1433
-------------------------------
Epoch [12/12] Loss: 2.4196, Accuracy: 67.41 %, Epsilon: 0.50, Delta: 0.0030
-------------------------------
-------- Validation --------
Predictions - 1s: 49, 0s: 447
True Labels - 1s: 125, 0s: 371
Validation Loss: 1.9726, Validation Accuracy: 70.56 %
-------- Validation finished --------
Best model in epoch 8 saved with with Validation Loss: 1.4071 and Validation Accuracy: 71.57 %

-------- Training finished in 7:49 --------

Test flag enabled. Testing the model

-------- Loading best model from model_path --------
Loaded model bert-small from date 20-04-2024 10:04. Trained with Centralised Machine Learning technology.
Epoch 8, lr: 0.006, optimizer: DPOptimizer
Train accuracy: 67.91 %, Validation accuracy: 71.57 %
-------- Best model loaded --------

-------- Creating Test Dataloader --------
Test Loader: 618 total sentences. 78 batches of size 8.
-------- Test Dataloader created --------

-------- Testing --------
Predictions - 1s: 99, 0s: 519
True Labels - 1s: 168, 0s: 450
Nº of test samples: 618
Accuracy: 70.06%
Accuracy 2 : 70.06%
Precision: 58.47%
Recall: 55.76%
F1 Score: 55.81%
Classification report:
              precision    recall  f1-score   support

           0     0.7553    0.8711    0.8091       450
           1     0.4141    0.2440    0.3071       168

    accuracy                         0.7006       618
   macro avg     0.5847    0.5576    0.5581       618
weighted avg     0.6626    0.7006    0.6726       618

-------- Testing finished --------
