Current configuration:
{
    "concurrency_flag": true,
    "data_distribution": "iid",
    "dataset": "twitter_dep",
    "device": "cuda",
    "dp_delta": 0.003,
    "dp_epsilon": 0,
    "eval_batch_size": 4,
    "eval_flag": true,
    "eval_size": 0.2,
    "fed_alg": "fedavg",
    "layers": 3,
    "learning_rate": 6e-05,
    "max_length": 512,
    "ml_mode": "ml",
    "model": "bert_small",
    "model_name": "ml_0_seed2_twitter_dep",
    "models_path": "/local/vpaloma/fabric-federated-learning/ablation_study/phase-4/final/dp/twitter_dep",
    "mu": 0.5,
    "num_clients": 5,
    "num_epochs": 12,
    "num_rounds": 4,
    "optimizer": "AdamW",
    "progress_bar_flag": false,
    "save_model": true,
    "scheduler": "linear",
    "scheduler_warmup_steps": 0,
    "seed": "random",
    "test_flag": true,
    "train_batch_size": 4,
    "train_size": 0.8
}
-------- Configuration loaded --------

-------- Setting device --------
cuda device selected and available.
-------- Device set --------

-------- Setting seed --------
seed set:  829153
-------- Seed set --------

-------- Creating Model --------
-------- Model created --------

-------- Setting Trainable Layers --------
Training the last 3 layers.

Total parameters count: 28764674
Trainable parameters count: 3416066
-------- Trainable Layers set --------

-------- Creating Tokenizer --------
-------- Tokenizer created --------

-------- Creating Train and Eval Dataloaders --------
Train Loader: 1982 total sentences. 496 batches of size 4.
Eval Loader: 496 total sentences. 124 batches of size 4.
-------- Train and Eval Dataloaders created --------

-------- Creating Optimizer --------
-------- Optimizer created --------

-------- Creating Scheduler --------
-------- Scheduler created --------

-------- Training --------
Training with Centralised Machine Learning technology.
Training without differential privacy.
Concurrency flag is set to True, but ml mode is selected. Concurrency flag will be ignored.
Epoch [1/12], Step [100/496], Loss: 0.5317, Accuracy: 74.50 %
Epoch [1/12], Step [200/496], Loss: 0.5072, Accuracy: 75.62 %
Epoch [1/12], Step [300/496], Loss: 0.4967, Accuracy: 76.00 %
Epoch [1/12], Step [400/496], Loss: 0.4921, Accuracy: 76.75 %
Predictions - 1s: 327, 0s: 1655
True Labels - 1s: 531, 0s: 1451
-------------------------------
Epoch [1/12] Loss: 0.4892, Accuracy: 76.59 %
-------------------------------
-------- Validation --------
Predictions - 1s: 91, 0s: 405
True Labels - 1s: 143, 0s: 353
Validation Loss: 0.4212, Validation Accuracy: 80.65 %
-------- Validation finished --------
Updated best model in epoch 1 saved with Validation Loss: 0.4212 and Validation Accuracy: 80.65 %
-------------------------------
Epoch [2/12], Step [100/496], Loss: 0.3860, Accuracy: 82.25 %
Epoch [2/12], Step [200/496], Loss: 0.3940, Accuracy: 82.00 %
Epoch [2/12], Step [300/496], Loss: 0.3874, Accuracy: 82.33 %
Epoch [2/12], Step [400/496], Loss: 0.3902, Accuracy: 82.25 %
Predictions - 1s: 405, 0s: 1577
True Labels - 1s: 531, 0s: 1451
-------------------------------
Epoch [2/12] Loss: 0.3948, Accuracy: 82.14 %
-------------------------------
-------- Validation --------
Predictions - 1s: 139, 0s: 357
True Labels - 1s: 143, 0s: 353
Validation Loss: 0.4095, Validation Accuracy: 81.05 %
-------- Validation finished --------
Updated best model in epoch 2 saved with Validation Loss: 0.4095 and Validation Accuracy: 81.05 %
-------------------------------
Epoch [3/12], Step [100/496], Loss: 0.3202, Accuracy: 85.75 %
Epoch [3/12], Step [200/496], Loss: 0.3195, Accuracy: 85.62 %
Epoch [3/12], Step [300/496], Loss: 0.3264, Accuracy: 85.83 %
Epoch [3/12], Step [400/496], Loss: 0.3360, Accuracy: 85.00 %
Predictions - 1s: 455, 0s: 1527
True Labels - 1s: 531, 0s: 1451
-------------------------------
Epoch [3/12] Loss: 0.3363, Accuracy: 85.17 %
-------------------------------
-------- Validation --------
Predictions - 1s: 196, 0s: 300
True Labels - 1s: 143, 0s: 353
Validation Loss: 0.4823, Validation Accuracy: 76.81 %
-------- Validation finished --------
Epoch [4/12], Step [100/496], Loss: 0.2871, Accuracy: 87.25 %
Epoch [4/12], Step [200/496], Loss: 0.2807, Accuracy: 87.38 %
Epoch [4/12], Step [300/496], Loss: 0.2804, Accuracy: 87.50 %
Epoch [4/12], Step [400/496], Loss: 0.2951, Accuracy: 87.12 %
Predictions - 1s: 498, 0s: 1484
True Labels - 1s: 531, 0s: 1451
-------------------------------
Epoch [4/12] Loss: 0.2875, Accuracy: 87.44 %
-------------------------------
-------- Validation --------
Predictions - 1s: 134, 0s: 362
True Labels - 1s: 143, 0s: 353
Validation Loss: 0.4231, Validation Accuracy: 82.06 %
-------- Validation finished --------
Epoch [5/12], Step [100/496], Loss: 0.2569, Accuracy: 88.00 %
Epoch [5/12], Step [200/496], Loss: 0.2158, Accuracy: 91.75 %
Epoch [5/12], Step [300/496], Loss: 0.2116, Accuracy: 91.42 %
Epoch [5/12], Step [400/496], Loss: 0.2151, Accuracy: 91.06 %
Predictions - 1s: 513, 0s: 1469
True Labels - 1s: 531, 0s: 1451
-------------------------------
Epoch [5/12] Loss: 0.2198, Accuracy: 90.92 %
-------------------------------
-------- Validation --------
Predictions - 1s: 108, 0s: 388
True Labels - 1s: 143, 0s: 353
Validation Loss: 0.4866, Validation Accuracy: 82.06 %
-------- Validation finished --------
Epoch [6/12], Step [100/496], Loss: 0.1561, Accuracy: 92.50 %
Epoch [6/12], Step [200/496], Loss: 0.1473, Accuracy: 93.25 %
Epoch [6/12], Step [300/496], Loss: 0.1555, Accuracy: 92.83 %
Epoch [6/12], Step [400/496], Loss: 0.1584, Accuracy: 93.12 %
Predictions - 1s: 513, 0s: 1469
True Labels - 1s: 531, 0s: 1451
-------------------------------
Epoch [6/12] Loss: 0.1658, Accuracy: 92.94 %
-------------------------------
-------- Validation --------
Predictions - 1s: 137, 0s: 359
True Labels - 1s: 143, 0s: 353
Validation Loss: 0.5300, Validation Accuracy: 81.85 %
-------- Validation finished --------
Epoch [7/12], Step [100/496], Loss: 0.1370, Accuracy: 95.00 %
Epoch [7/12], Step [200/496], Loss: 0.1298, Accuracy: 94.75 %
Epoch [7/12], Step [300/496], Loss: 0.1329, Accuracy: 94.42 %
Epoch [7/12], Step [400/496], Loss: 0.1305, Accuracy: 94.81 %
Predictions - 1s: 527, 0s: 1455
True Labels - 1s: 531, 0s: 1451
-------------------------------
Epoch [7/12] Loss: 0.1315, Accuracy: 94.95 %
-------------------------------
-------- Validation --------
Predictions - 1s: 110, 0s: 386
True Labels - 1s: 143, 0s: 353
Validation Loss: 0.5871, Validation Accuracy: 82.06 %
-------- Validation finished --------
Epoch [8/12], Step [100/496], Loss: 0.0833, Accuracy: 97.25 %
Epoch [8/12], Step [200/496], Loss: 0.0795, Accuracy: 97.25 %
Epoch [8/12], Step [300/496], Loss: 0.0852, Accuracy: 97.00 %
Epoch [8/12], Step [400/496], Loss: 0.0970, Accuracy: 96.50 %
Predictions - 1s: 519, 0s: 1463
True Labels - 1s: 531, 0s: 1451
-------------------------------
Epoch [8/12] Loss: 0.0996, Accuracy: 96.37 %
-------------------------------
-------- Validation --------
Predictions - 1s: 146, 0s: 350
True Labels - 1s: 143, 0s: 353
Validation Loss: 0.6080, Validation Accuracy: 79.64 %
-------- Validation finished --------
Epoch [9/12], Step [100/496], Loss: 0.0927, Accuracy: 96.00 %
Epoch [9/12], Step [200/496], Loss: 0.0810, Accuracy: 97.00 %
Epoch [9/12], Step [300/496], Loss: 0.0777, Accuracy: 97.33 %
Epoch [9/12], Step [400/496], Loss: 0.0730, Accuracy: 97.56 %
Predictions - 1s: 524, 0s: 1458
True Labels - 1s: 531, 0s: 1451
-------------------------------
Epoch [9/12] Loss: 0.0784, Accuracy: 97.43 %
-------------------------------
-------- Validation --------
Predictions - 1s: 117, 0s: 379
True Labels - 1s: 143, 0s: 353
Validation Loss: 0.6563, Validation Accuracy: 81.05 %
-------- Validation finished --------
Epoch [10/12], Step [100/496], Loss: 0.0621, Accuracy: 97.50 %
Epoch [10/12], Step [200/496], Loss: 0.0611, Accuracy: 98.00 %
Epoch [10/12], Step [300/496], Loss: 0.0621, Accuracy: 98.08 %
Epoch [10/12], Step [400/496], Loss: 0.0634, Accuracy: 98.00 %
Predictions - 1s: 535, 0s: 1447
True Labels - 1s: 531, 0s: 1451
-------------------------------
Epoch [10/12] Loss: 0.0675, Accuracy: 97.78 %
-------------------------------
-------- Validation --------
Predictions - 1s: 128, 0s: 368
True Labels - 1s: 143, 0s: 353
Validation Loss: 0.6711, Validation Accuracy: 82.46 %
-------- Validation finished --------
Epoch [11/12], Step [100/496], Loss: 0.0567, Accuracy: 98.25 %
Epoch [11/12], Step [200/496], Loss: 0.0588, Accuracy: 98.12 %
Epoch [11/12], Step [300/496], Loss: 0.0631, Accuracy: 98.17 %
Epoch [11/12], Step [400/496], Loss: 0.0623, Accuracy: 98.19 %
Predictions - 1s: 530, 0s: 1452
True Labels - 1s: 531, 0s: 1451
-------------------------------
Epoch [11/12] Loss: 0.0606, Accuracy: 98.23 %
-------------------------------
-------- Validation --------
Predictions - 1s: 118, 0s: 378
True Labels - 1s: 143, 0s: 353
Validation Loss: 0.6878, Validation Accuracy: 82.06 %
-------- Validation finished --------
Epoch [12/12], Step [100/496], Loss: 0.0560, Accuracy: 98.00 %
Epoch [12/12], Step [200/496], Loss: 0.0497, Accuracy: 98.12 %
Epoch [12/12], Step [300/496], Loss: 0.0487, Accuracy: 98.25 %
Epoch [12/12], Step [400/496], Loss: 0.0520, Accuracy: 98.19 %
Predictions - 1s: 526, 0s: 1456
True Labels - 1s: 531, 0s: 1451
-------------------------------
Epoch [12/12] Loss: 0.0529, Accuracy: 98.23 %
-------------------------------
-------- Validation --------
Predictions - 1s: 130, 0s: 366
True Labels - 1s: 143, 0s: 353
Validation Loss: 0.6929, Validation Accuracy: 80.44 %
-------- Validation finished --------
Best model in epoch 2 saved with with Validation Loss: 0.4095 and Validation Accuracy: 81.05 %

-------- Training finished in 1:39 --------

Test flag enabled. Testing the model

-------- Loading best model from model_path --------
Loaded model bert-small from date 20-04-2024 12:25. Trained with Centralised Machine Learning technology.
Epoch 2, lr: 6e-05, optimizer: AdamW
Train accuracy: 82.14 %, Validation accuracy: 81.05 %
-------- Best model loaded --------

-------- Creating Test Dataloader --------
Test Loader: 618 total sentences. 78 batches of size 8.
-------- Test Dataloader created --------

-------- Testing --------
Predictions - 1s: 180, 0s: 438
True Labels - 1s: 168, 0s: 450
Nº of test samples: 618
Accuracy: 79.61%
Accuracy 2 : 79.61%
Precision: 74.33%
Recall: 75.37%
F1 Score: 74.80%
Classification report:
              precision    recall  f1-score   support

           0     0.8699    0.8467    0.8581       450
           1     0.6167    0.6607    0.6379       168

    accuracy                         0.7961       618
   macro avg     0.7433    0.7537    0.7480       618
weighted avg     0.8010    0.7961    0.7983       618

-------- Testing finished --------
