Current configuration:
{
    "concurrency_flag": true,
    "data_distribution": "iid",
    "dataset": "twitter_dep",
    "device": "cuda",
    "dp_delta": 0.003,
    "dp_epsilon": 10,
    "eval_batch_size": 4,
    "eval_flag": true,
    "eval_size": 0.2,
    "fed_alg": "fedavg",
    "layers": 3,
    "learning_rate": 0.006,
    "max_length": 512,
    "ml_mode": "ml",
    "model": "bert_small",
    "model_name": "ml_10_seed4_twitter_dep",
    "models_path": "/local/vpaloma/fabric-federated-learning/ablation_study/phase-4/final/dp/twitter_dep",
    "mu": 0.5,
    "num_clients": 5,
    "num_epochs": 12,
    "num_rounds": 4,
    "optimizer": "AdamW",
    "progress_bar_flag": false,
    "save_model": true,
    "scheduler": "linear",
    "scheduler_warmup_steps": 0,
    "seed": "random",
    "test_flag": true,
    "train_batch_size": 4,
    "train_size": 0.8
}
-------- Configuration loaded --------

-------- Setting device --------
cuda device selected and available.
-------- Device set --------

-------- Setting seed --------
seed set:  253847
-------- Seed set --------

-------- Creating Model --------
-------- Model created --------

-------- Setting Trainable Layers --------
Training the last 3 layers.

Total parameters count: 28764674
Trainable parameters count: 3416066
-------- Trainable Layers set --------

-------- Creating Tokenizer --------
-------- Tokenizer created --------

-------- Creating Train and Eval Dataloaders --------
Train Loader: 1982 total sentences. 496 batches of size 4.
Eval Loader: 496 total sentences. 124 batches of size 4.
-------- Train and Eval Dataloaders created --------

-------- Creating Optimizer --------
-------- Optimizer created --------

-------- Creating Scheduler --------
-------- Scheduler created --------

-------- Training --------
Training with Centralised Machine Learning technology.
Training with differential privacy.
Concurrency flag is set to True, but ml mode is selected. Concurrency flag will be ignored.
max_grad_norm:  1.5
Epoch [1/12], Step [100/496], Loss: 1.1374, Accuracy: 73.00 %, Epsilon: 1.85, Delta: 0.0030
Epoch [1/12], Step [200/496], Loss: 1.2094, Accuracy: 73.62 %, Epsilon: 2.50, Delta: 0.0030
Epoch [1/12], Step [300/496], Loss: 1.2692, Accuracy: 73.25 %, Epsilon: 2.92, Delta: 0.0030
Epoch [1/12], Step [400/496], Loss: 1.3418, Accuracy: 72.94 %, Epsilon: 3.24, Delta: 0.0030
Predictions - 1s: 34, 0s: 1948
True Labels - 1s: 536, 0s: 1446
-------------------------------
Epoch [1/12] Loss: 1.3976, Accuracy: 72.35 %, Epsilon: 3.50, Delta: 0.0030
-------------------------------
-------- Validation --------
Predictions - 1s: 23, 0s: 473
True Labels - 1s: 138, 0s: 358
Validation Loss: 1.0091, Validation Accuracy: 72.38 %
-------- Validation finished --------
Updated best model in epoch 1 saved with Validation Loss: 1.0091 and Validation Accuracy: 72.38 %
-------------------------------
Epoch [2/12], Step [100/496], Loss: 1.6532, Accuracy: 69.25 %, Epsilon: 3.73, Delta: 0.0030
Epoch [2/12], Step [200/496], Loss: 1.6457, Accuracy: 70.12 %, Epsilon: 3.94, Delta: 0.0030
Epoch [2/12], Step [300/496], Loss: 1.6707, Accuracy: 71.42 %, Epsilon: 4.14, Delta: 0.0030
Epoch [2/12], Step [400/496], Loss: 1.6947, Accuracy: 71.50 %, Epsilon: 4.33, Delta: 0.0030
Predictions - 1s: 75, 0s: 1907
True Labels - 1s: 536, 0s: 1446
-------------------------------
Epoch [2/12] Loss: 1.7417, Accuracy: 71.49 %, Epsilon: 4.50, Delta: 0.0030
-------------------------------
-------- Validation --------
Predictions - 1s: 6, 0s: 490
True Labels - 1s: 138, 0s: 358
Validation Loss: 2.0746, Validation Accuracy: 71.77 %
-------- Validation finished --------
Epoch [3/12], Step [100/496], Loss: 1.7659, Accuracy: 71.75 %, Epsilon: 4.66, Delta: 0.0030
Epoch [3/12], Step [200/496], Loss: 1.8026, Accuracy: 70.88 %, Epsilon: 4.83, Delta: 0.0030
Epoch [3/12], Step [300/496], Loss: 1.8680, Accuracy: 71.33 %, Epsilon: 4.98, Delta: 0.0030
Epoch [3/12], Step [400/496], Loss: 1.8778, Accuracy: 71.44 %, Epsilon: 5.13, Delta: 0.0030
Predictions - 1s: 138, 0s: 1844
True Labels - 1s: 536, 0s: 1446
-------------------------------
Epoch [3/12] Loss: 1.8634, Accuracy: 70.64 %, Epsilon: 5.27, Delta: 0.0030
-------------------------------
-------- Validation --------
Predictions - 1s: 31, 0s: 465
True Labels - 1s: 138, 0s: 358
Validation Loss: 1.5521, Validation Accuracy: 73.19 %
-------- Validation finished --------
Epoch [4/12], Step [100/496], Loss: 1.7060, Accuracy: 71.00 %, Epsilon: 5.41, Delta: 0.0030
Epoch [4/12], Step [200/496], Loss: 1.8169, Accuracy: 68.25 %, Epsilon: 5.55, Delta: 0.0030
Epoch [4/12], Step [300/496], Loss: 1.8606, Accuracy: 68.58 %, Epsilon: 5.69, Delta: 0.0030
Epoch [4/12], Step [400/496], Loss: 1.9104, Accuracy: 68.44 %, Epsilon: 5.82, Delta: 0.0030
Predictions - 1s: 214, 0s: 1768
True Labels - 1s: 536, 0s: 1446
-------------------------------
Epoch [4/12] Loss: 1.9440, Accuracy: 68.42 %, Epsilon: 5.94, Delta: 0.0030
-------------------------------
-------- Validation --------
Predictions - 1s: 17, 0s: 479
True Labels - 1s: 138, 0s: 358
Validation Loss: 1.9724, Validation Accuracy: 71.17 %
-------- Validation finished --------
Epoch [5/12], Step [100/496], Loss: 1.7999, Accuracy: 74.25 %, Epsilon: 6.07, Delta: 0.0030
Epoch [5/12], Step [200/496], Loss: 1.8633, Accuracy: 72.25 %, Epsilon: 6.20, Delta: 0.0030
Epoch [5/12], Step [300/496], Loss: 2.0206, Accuracy: 70.83 %, Epsilon: 6.32, Delta: 0.0030
Epoch [5/12], Step [400/496], Loss: 2.0591, Accuracy: 70.44 %, Epsilon: 6.44, Delta: 0.0030
Predictions - 1s: 178, 0s: 1804
True Labels - 1s: 536, 0s: 1446
-------------------------------
Epoch [5/12] Loss: 2.0737, Accuracy: 70.03 %, Epsilon: 6.56, Delta: 0.0030
-------------------------------
-------- Validation --------
Predictions - 1s: 23, 0s: 473
True Labels - 1s: 138, 0s: 358
Validation Loss: 2.2590, Validation Accuracy: 71.17 %
-------- Validation finished --------
Epoch [6/12], Step [100/496], Loss: 2.4231, Accuracy: 72.50 %, Epsilon: 6.67, Delta: 0.0030
Epoch [6/12], Step [200/496], Loss: 2.4029, Accuracy: 70.00 %, Epsilon: 6.79, Delta: 0.0030
Epoch [6/12], Step [300/496], Loss: 2.5208, Accuracy: 69.00 %, Epsilon: 6.90, Delta: 0.0030
Epoch [6/12], Step [400/496], Loss: 2.4689, Accuracy: 68.81 %, Epsilon: 7.01, Delta: 0.0030
Predictions - 1s: 194, 0s: 1788
True Labels - 1s: 536, 0s: 1446
-------------------------------
Epoch [6/12] Loss: 2.4513, Accuracy: 68.72 %, Epsilon: 7.12, Delta: 0.0030
-------------------------------
-------- Validation --------
Predictions - 1s: 55, 0s: 441
True Labels - 1s: 138, 0s: 358
Validation Loss: 1.7872, Validation Accuracy: 71.17 %
-------- Validation finished --------
Epoch [7/12], Step [100/496], Loss: 2.1504, Accuracy: 69.75 %, Epsilon: 7.23, Delta: 0.0030
Epoch [7/12], Step [200/496], Loss: 2.2298, Accuracy: 68.62 %, Epsilon: 7.34, Delta: 0.0030
Epoch [7/12], Step [300/496], Loss: 2.1495, Accuracy: 69.50 %, Epsilon: 7.45, Delta: 0.0030
Epoch [7/12], Step [400/496], Loss: 2.1854, Accuracy: 69.62 %, Epsilon: 7.55, Delta: 0.0030
Predictions - 1s: 210, 0s: 1772
True Labels - 1s: 536, 0s: 1446
-------------------------------
Epoch [7/12] Loss: 2.1631, Accuracy: 69.63 %, Epsilon: 7.65, Delta: 0.0030
-------------------------------
-------- Validation --------
Predictions - 1s: 27, 0s: 469
True Labels - 1s: 138, 0s: 358
Validation Loss: 1.9725, Validation Accuracy: 73.19 %
-------- Validation finished --------
Epoch [8/12], Step [100/496], Loss: 2.4774, Accuracy: 70.75 %, Epsilon: 7.76, Delta: 0.0030
Epoch [8/12], Step [200/496], Loss: 2.4004, Accuracy: 71.38 %, Epsilon: 7.86, Delta: 0.0030
Epoch [8/12], Step [300/496], Loss: 2.3755, Accuracy: 71.33 %, Epsilon: 7.96, Delta: 0.0030
Epoch [8/12], Step [400/496], Loss: 2.4288, Accuracy: 70.00 %, Epsilon: 8.06, Delta: 0.0030
Predictions - 1s: 155, 0s: 1827
True Labels - 1s: 536, 0s: 1446
-------------------------------
Epoch [8/12] Loss: 2.3848, Accuracy: 69.88 %, Epsilon: 8.16, Delta: 0.0030
-------------------------------
-------- Validation --------
Predictions - 1s: 32, 0s: 464
True Labels - 1s: 138, 0s: 358
Validation Loss: 2.0500, Validation Accuracy: 72.98 %
-------- Validation finished --------
Epoch [9/12], Step [100/496], Loss: 2.0568, Accuracy: 68.25 %, Epsilon: 8.26, Delta: 0.0030
Epoch [9/12], Step [200/496], Loss: 2.0894, Accuracy: 70.38 %, Epsilon: 8.36, Delta: 0.0030
Epoch [9/12], Step [300/496], Loss: 2.1624, Accuracy: 69.17 %, Epsilon: 8.46, Delta: 0.0030
Epoch [9/12], Step [400/496], Loss: 2.1543, Accuracy: 68.94 %, Epsilon: 8.55, Delta: 0.0030
Predictions - 1s: 188, 0s: 1794
True Labels - 1s: 536, 0s: 1446
-------------------------------
Epoch [9/12] Loss: 2.1003, Accuracy: 69.73 %, Epsilon: 8.64, Delta: 0.0030
-------------------------------
-------- Validation --------
Predictions - 1s: 42, 0s: 454
True Labels - 1s: 138, 0s: 358
Validation Loss: 2.0247, Validation Accuracy: 69.35 %
-------- Validation finished --------
Epoch [10/12], Step [100/496], Loss: 2.4036, Accuracy: 70.75 %, Epsilon: 8.74, Delta: 0.0030
Epoch [10/12], Step [200/496], Loss: 2.2783, Accuracy: 70.50 %, Epsilon: 8.83, Delta: 0.0030
Epoch [10/12], Step [300/496], Loss: 2.2177, Accuracy: 70.00 %, Epsilon: 8.93, Delta: 0.0030
Epoch [10/12], Step [400/496], Loss: 2.1608, Accuracy: 70.19 %, Epsilon: 9.02, Delta: 0.0030
Predictions - 1s: 186, 0s: 1796
True Labels - 1s: 536, 0s: 1446
-------------------------------
Epoch [10/12] Loss: 2.1492, Accuracy: 70.03 %, Epsilon: 9.11, Delta: 0.0030
-------------------------------
-------- Validation --------
Predictions - 1s: 53, 0s: 443
True Labels - 1s: 138, 0s: 358
Validation Loss: 1.7341, Validation Accuracy: 69.15 %
-------- Validation finished --------
Epoch [11/12], Step [100/496], Loss: 1.9175, Accuracy: 71.50 %, Epsilon: 9.20, Delta: 0.0030
Epoch [11/12], Step [200/496], Loss: 2.0036, Accuracy: 71.50 %, Epsilon: 9.29, Delta: 0.0030
Epoch [11/12], Step [300/496], Loss: 1.9892, Accuracy: 72.42 %, Epsilon: 9.39, Delta: 0.0030
Epoch [11/12], Step [400/496], Loss: 2.0364, Accuracy: 71.38 %, Epsilon: 9.48, Delta: 0.0030
Predictions - 1s: 200, 0s: 1782
True Labels - 1s: 536, 0s: 1446
-------------------------------
Epoch [11/12] Loss: 2.0669, Accuracy: 70.43 %, Epsilon: 9.56, Delta: 0.0030
-------------------------------
-------- Validation --------
Predictions - 1s: 46, 0s: 450
True Labels - 1s: 138, 0s: 358
Validation Loss: 1.8462, Validation Accuracy: 69.76 %
-------- Validation finished --------
Epoch [12/12], Step [100/496], Loss: 2.0334, Accuracy: 74.00 %, Epsilon: 9.65, Delta: 0.0030
Epoch [12/12], Step [200/496], Loss: 1.9189, Accuracy: 72.38 %, Epsilon: 9.74, Delta: 0.0030
Epoch [12/12], Step [300/496], Loss: 1.9888, Accuracy: 70.83 %, Epsilon: 9.83, Delta: 0.0030
Epoch [12/12], Step [400/496], Loss: 2.0498, Accuracy: 70.31 %, Epsilon: 9.92, Delta: 0.0030
Predictions - 1s: 211, 0s: 1771
True Labels - 1s: 536, 0s: 1446
-------------------------------
Epoch [12/12] Loss: 2.1040, Accuracy: 69.98 %, Epsilon: 10.00, Delta: 0.0030
-------------------------------
-------- Validation --------
Predictions - 1s: 44, 0s: 452
True Labels - 1s: 138, 0s: 358
Validation Loss: 1.8437, Validation Accuracy: 70.97 %
-------- Validation finished --------
Best model in epoch 1 saved with with Validation Loss: 1.0091 and Validation Accuracy: 72.38 %

-------- Training finished in 4:26 --------

Test flag enabled. Testing the model

-------- Loading best model from model_path --------
Loaded model bert-small from date 13-05-2024 13:04. Trained with Centralised Machine Learning technology.
Epoch 1, lr: 0.006, optimizer: DPOptimizer
Train accuracy: 72.35 %, Validation accuracy: 72.38 %
-------- Best model loaded --------

-------- Creating Test Dataloader --------
Test Loader: 618 total sentences. 78 batches of size 8.
-------- Test Dataloader created --------

-------- Testing --------
Predictions - 1s: 29, 0s: 589
True Labels - 1s: 168, 0s: 450
Nº of test samples: 618
Accuracy: 70.71%
Accuracy 2 : 70.71%
Precision: 50.21%
Recall: 50.05%
F1 Score: 45.35%
Classification report:
              precision    recall  f1-score   support

           0     0.7284    0.9533    0.8258       450
           1     0.2759    0.0476    0.0812       168

    accuracy                         0.7071       618
   macro avg     0.5021    0.5005    0.4535       618
weighted avg     0.6053    0.7071    0.6234       618

-------- Testing finished --------
