Current configuration:
{
    "concurrency_flag": true,
    "data_distribution": "iid",
    "dataset": "twitter_dep",
    "device": "cuda",
    "dp_delta": 0.003,
    "dp_epsilon": 10,
    "eval_batch_size": 4,
    "eval_flag": true,
    "eval_size": 0.2,
    "fed_alg": "fedavg",
    "layers": 3,
    "learning_rate": 0.006,
    "max_length": 512,
    "ml_mode": "ml",
    "model": "bert_small",
    "model_name": "ml_10_seed10_twitter_dep",
    "models_path": "/local/vpaloma/fabric-federated-learning/ablation_study/phase-4/final/dp/twitter_dep",
    "mu": 0.5,
    "num_clients": 5,
    "num_epochs": 12,
    "num_rounds": 4,
    "optimizer": "AdamW",
    "progress_bar_flag": false,
    "save_model": true,
    "scheduler": "linear",
    "scheduler_warmup_steps": 0,
    "seed": "random",
    "test_flag": true,
    "train_batch_size": 2,
    "train_size": 0.8
}
-------- Configuration loaded --------

-------- Setting device --------
cuda device selected and available.
-------- Device set --------

-------- Setting seed --------
seed set:  672870
-------- Seed set --------

-------- Creating Model --------
-------- Model created --------

-------- Setting Trainable Layers --------
Training the last 3 layers.

Total parameters count: 28764674
Trainable parameters count: 3416066
-------- Trainable Layers set --------

-------- Creating Tokenizer --------
-------- Tokenizer created --------

-------- Creating Train and Eval Dataloaders --------
Train Loader: 1982 total sentences. 991 batches of size 2.
Eval Loader: 496 total sentences. 124 batches of size 4.
-------- Train and Eval Dataloaders created --------

-------- Creating Optimizer --------
-------- Optimizer created --------

-------- Creating Scheduler --------
-------- Scheduler created --------

-------- Training --------
Training with Centralised Machine Learning technology.
Training with differential privacy.
Concurrency flag is set to True, but ml mode is selected. Concurrency flag will be ignored.
max_grad_norm:  1.5
Epoch [1/12], Step [100/991], Loss: 1.1571, Accuracy: 70.00 %, Epsilon: 1.24, Delta: 0.0030
Epoch [1/12], Step [200/991], Loss: 1.1293, Accuracy: 73.00 %, Epsilon: 1.87, Delta: 0.0030
Epoch [1/12], Step [300/991], Loss: 1.2084, Accuracy: 72.33 %, Epsilon: 2.27, Delta: 0.0030
Epoch [1/12], Step [400/991], Loss: 1.2580, Accuracy: 73.38 %, Epsilon: 2.56, Delta: 0.0030
Epoch [1/12], Step [500/991], Loss: 1.3864, Accuracy: 72.70 %, Epsilon: 2.80, Delta: 0.0030
Epoch [1/12], Step [600/991], Loss: 1.4191, Accuracy: 72.67 %, Epsilon: 2.99, Delta: 0.0030
Epoch [1/12], Step [700/991], Loss: 1.4444, Accuracy: 72.71 %, Epsilon: 3.17, Delta: 0.0030
Epoch [1/12], Step [800/991], Loss: 1.4496, Accuracy: 72.50 %, Epsilon: 3.32, Delta: 0.0030
Epoch [1/12], Step [900/991], Loss: 1.5035, Accuracy: 72.33 %, Epsilon: 3.46, Delta: 0.0030
Predictions - 1s: 37, 0s: 1945
True Labels - 1s: 539, 0s: 1443
-------------------------------
Epoch [1/12] Loss: 1.5489, Accuracy: 72.25 %, Epsilon: 3.58, Delta: 0.0030
-------------------------------
-------- Validation --------
Predictions - 1s: 1, 0s: 495
True Labels - 1s: 135, 0s: 361
Validation Loss: 2.1716, Validation Accuracy: 72.98 %
-------- Validation finished --------
Updated best model in epoch 1 saved with Validation Loss: 2.1716 and Validation Accuracy: 72.98 %
-------------------------------
Epoch [2/12], Step [100/991], Loss: 1.9102, Accuracy: 74.00 %, Epsilon: 3.70, Delta: 0.0030
Epoch [2/12], Step [200/991], Loss: 2.1190, Accuracy: 69.50 %, Epsilon: 3.82, Delta: 0.0030
Epoch [2/12], Step [300/991], Loss: 2.1478, Accuracy: 67.67 %, Epsilon: 3.93, Delta: 0.0030
Epoch [2/12], Step [400/991], Loss: 2.1435, Accuracy: 67.88 %, Epsilon: 4.03, Delta: 0.0030
Epoch [2/12], Step [500/991], Loss: 1.9769, Accuracy: 68.70 %, Epsilon: 4.13, Delta: 0.0030
Epoch [2/12], Step [600/991], Loss: 2.0005, Accuracy: 68.33 %, Epsilon: 4.23, Delta: 0.0030
Epoch [2/12], Step [700/991], Loss: 2.0826, Accuracy: 68.93 %, Epsilon: 4.32, Delta: 0.0030
Epoch [2/12], Step [800/991], Loss: 2.1164, Accuracy: 68.94 %, Epsilon: 4.42, Delta: 0.0030
Epoch [2/12], Step [900/991], Loss: 2.1636, Accuracy: 69.50 %, Epsilon: 4.50, Delta: 0.0030
Predictions - 1s: 138, 0s: 1844
True Labels - 1s: 539, 0s: 1443
-------------------------------
Epoch [2/12] Loss: 2.2008, Accuracy: 69.37 %, Epsilon: 4.58, Delta: 0.0030
-------------------------------
-------- Validation --------
Predictions - 1s: 3, 0s: 493
True Labels - 1s: 135, 0s: 361
Validation Loss: 2.7862, Validation Accuracy: 72.58 %
-------- Validation finished --------
Epoch [3/12], Step [100/991], Loss: 2.4267, Accuracy: 72.50 %, Epsilon: 4.67, Delta: 0.0030
Epoch [3/12], Step [200/991], Loss: 2.4987, Accuracy: 70.75 %, Epsilon: 4.75, Delta: 0.0030
Epoch [3/12], Step [300/991], Loss: 2.3635, Accuracy: 70.83 %, Epsilon: 4.83, Delta: 0.0030
Epoch [3/12], Step [400/991], Loss: 2.3606, Accuracy: 69.12 %, Epsilon: 4.91, Delta: 0.0030
Epoch [3/12], Step [500/991], Loss: 2.3379, Accuracy: 67.30 %, Epsilon: 4.99, Delta: 0.0030
Epoch [3/12], Step [600/991], Loss: 2.3272, Accuracy: 67.75 %, Epsilon: 5.06, Delta: 0.0030
Epoch [3/12], Step [700/991], Loss: 2.3247, Accuracy: 68.50 %, Epsilon: 5.14, Delta: 0.0030
Epoch [3/12], Step [800/991], Loss: 2.3050, Accuracy: 68.50 %, Epsilon: 5.21, Delta: 0.0030
Epoch [3/12], Step [900/991], Loss: 2.2887, Accuracy: 68.78 %, Epsilon: 5.28, Delta: 0.0030
Predictions - 1s: 178, 0s: 1804
True Labels - 1s: 539, 0s: 1443
-------------------------------
Epoch [3/12] Loss: 2.2677, Accuracy: 68.77 %, Epsilon: 5.35, Delta: 0.0030
-------------------------------
-------- Validation --------
Predictions - 1s: 38, 0s: 458
True Labels - 1s: 135, 0s: 361
Validation Loss: 2.2466, Validation Accuracy: 69.56 %
-------- Validation finished --------
Epoch [4/12], Step [100/991], Loss: 2.3062, Accuracy: 70.50 %, Epsilon: 5.42, Delta: 0.0030
Epoch [4/12], Step [200/991], Loss: 2.2717, Accuracy: 69.25 %, Epsilon: 5.49, Delta: 0.0030
Epoch [4/12], Step [300/991], Loss: 2.2860, Accuracy: 68.67 %, Epsilon: 5.56, Delta: 0.0030
Epoch [4/12], Step [400/991], Loss: 2.3341, Accuracy: 67.88 %, Epsilon: 5.63, Delta: 0.0030
Epoch [4/12], Step [500/991], Loss: 2.3550, Accuracy: 66.90 %, Epsilon: 5.69, Delta: 0.0030
Epoch [4/12], Step [600/991], Loss: 2.4863, Accuracy: 66.58 %, Epsilon: 5.76, Delta: 0.0030
Epoch [4/12], Step [700/991], Loss: 2.4718, Accuracy: 67.21 %, Epsilon: 5.83, Delta: 0.0030
Epoch [4/12], Step [800/991], Loss: 2.5513, Accuracy: 66.31 %, Epsilon: 5.89, Delta: 0.0030
Epoch [4/12], Step [900/991], Loss: 2.5391, Accuracy: 66.00 %, Epsilon: 5.95, Delta: 0.0030
Predictions - 1s: 326, 0s: 1656
True Labels - 1s: 539, 0s: 1443
-------------------------------
Epoch [4/12] Loss: 2.5287, Accuracy: 65.94 %, Epsilon: 6.01, Delta: 0.0030
-------------------------------
-------- Validation --------
Predictions - 1s: 23, 0s: 473
True Labels - 1s: 135, 0s: 361
Validation Loss: 2.3592, Validation Accuracy: 70.97 %
-------- Validation finished --------
Epoch [5/12], Step [100/991], Loss: 2.4623, Accuracy: 72.00 %, Epsilon: 6.08, Delta: 0.0030
Epoch [5/12], Step [200/991], Loss: 2.6456, Accuracy: 67.00 %, Epsilon: 6.14, Delta: 0.0030
Epoch [5/12], Step [300/991], Loss: 2.6052, Accuracy: 67.17 %, Epsilon: 6.20, Delta: 0.0030
Epoch [5/12], Step [400/991], Loss: 2.6491, Accuracy: 67.62 %, Epsilon: 6.26, Delta: 0.0030
Epoch [5/12], Step [500/991], Loss: 2.6064, Accuracy: 66.70 %, Epsilon: 6.32, Delta: 0.0030
Epoch [5/12], Step [600/991], Loss: 2.5527, Accuracy: 66.33 %, Epsilon: 6.38, Delta: 0.0030
Epoch [5/12], Step [700/991], Loss: 2.5432, Accuracy: 66.57 %, Epsilon: 6.44, Delta: 0.0030
Epoch [5/12], Step [800/991], Loss: 2.5766, Accuracy: 66.38 %, Epsilon: 6.50, Delta: 0.0030
Epoch [5/12], Step [900/991], Loss: 2.5707, Accuracy: 66.50 %, Epsilon: 6.56, Delta: 0.0030
Predictions - 1s: 283, 0s: 1699
True Labels - 1s: 539, 0s: 1443
-------------------------------
Epoch [5/12] Loss: 2.5494, Accuracy: 66.80 %, Epsilon: 6.61, Delta: 0.0030
-------------------------------
-------- Validation --------
Predictions - 1s: 14, 0s: 482
True Labels - 1s: 135, 0s: 361
Validation Loss: 2.9156, Validation Accuracy: 70.77 %
-------- Validation finished --------
Epoch [6/12], Step [100/991], Loss: 1.9237, Accuracy: 77.50 %, Epsilon: 6.67, Delta: 0.0030
Epoch [6/12], Step [200/991], Loss: 2.3685, Accuracy: 70.25 %, Epsilon: 6.73, Delta: 0.0030
Epoch [6/12], Step [300/991], Loss: 2.6448, Accuracy: 67.50 %, Epsilon: 6.79, Delta: 0.0030
Epoch [6/12], Step [400/991], Loss: 2.5250, Accuracy: 68.12 %, Epsilon: 6.84, Delta: 0.0030
Epoch [6/12], Step [500/991], Loss: 2.5062, Accuracy: 67.50 %, Epsilon: 6.90, Delta: 0.0030
Epoch [6/12], Step [600/991], Loss: 2.5298, Accuracy: 67.25 %, Epsilon: 6.96, Delta: 0.0030
Epoch [6/12], Step [700/991], Loss: 2.5753, Accuracy: 67.43 %, Epsilon: 7.01, Delta: 0.0030
Epoch [6/12], Step [800/991], Loss: 2.6290, Accuracy: 66.75 %, Epsilon: 7.07, Delta: 0.0030
Epoch [6/12], Step [900/991], Loss: 2.6114, Accuracy: 66.67 %, Epsilon: 7.12, Delta: 0.0030
Predictions - 1s: 314, 0s: 1668
True Labels - 1s: 539, 0s: 1443
-------------------------------
Epoch [6/12] Loss: 2.5500, Accuracy: 66.85 %, Epsilon: 7.17, Delta: 0.0030
-------------------------------
-------- Validation --------
Predictions - 1s: 46, 0s: 450
True Labels - 1s: 135, 0s: 361
Validation Loss: 2.3903, Validation Accuracy: 69.15 %
-------- Validation finished --------
Epoch [7/12], Step [100/991], Loss: 2.2109, Accuracy: 67.00 %, Epsilon: 7.22, Delta: 0.0030
Epoch [7/12], Step [200/991], Loss: 2.5905, Accuracy: 66.50 %, Epsilon: 7.28, Delta: 0.0030
Epoch [7/12], Step [300/991], Loss: 2.7536, Accuracy: 65.00 %, Epsilon: 7.33, Delta: 0.0030
Epoch [7/12], Step [400/991], Loss: 2.5829, Accuracy: 65.50 %, Epsilon: 7.39, Delta: 0.0030
Epoch [7/12], Step [500/991], Loss: 2.6511, Accuracy: 65.80 %, Epsilon: 7.44, Delta: 0.0030
Epoch [7/12], Step [600/991], Loss: 2.6356, Accuracy: 66.33 %, Epsilon: 7.49, Delta: 0.0030
Epoch [7/12], Step [700/991], Loss: 2.6052, Accuracy: 67.21 %, Epsilon: 7.54, Delta: 0.0030
Epoch [7/12], Step [800/991], Loss: 2.5723, Accuracy: 66.62 %, Epsilon: 7.60, Delta: 0.0030
Epoch [7/12], Step [900/991], Loss: 2.5903, Accuracy: 66.67 %, Epsilon: 7.65, Delta: 0.0030
Predictions - 1s: 256, 0s: 1726
True Labels - 1s: 539, 0s: 1443
-------------------------------
Epoch [7/12] Loss: 2.5821, Accuracy: 66.75 %, Epsilon: 7.69, Delta: 0.0030
-------------------------------
-------- Validation --------
Predictions - 1s: 17, 0s: 479
True Labels - 1s: 135, 0s: 361
Validation Loss: 2.5830, Validation Accuracy: 72.18 %
-------- Validation finished --------
Epoch [8/12], Step [100/991], Loss: 2.0731, Accuracy: 72.50 %, Epsilon: 7.75, Delta: 0.0030
Epoch [8/12], Step [200/991], Loss: 2.3722, Accuracy: 69.75 %, Epsilon: 7.80, Delta: 0.0030
Epoch [8/12], Step [300/991], Loss: 2.4369, Accuracy: 69.17 %, Epsilon: 7.85, Delta: 0.0030
Epoch [8/12], Step [400/991], Loss: 2.4585, Accuracy: 67.62 %, Epsilon: 7.90, Delta: 0.0030
Epoch [8/12], Step [500/991], Loss: 2.5057, Accuracy: 66.50 %, Epsilon: 7.95, Delta: 0.0030
Epoch [8/12], Step [600/991], Loss: 2.5228, Accuracy: 66.25 %, Epsilon: 8.00, Delta: 0.0030
Epoch [8/12], Step [700/991], Loss: 2.4768, Accuracy: 66.57 %, Epsilon: 8.05, Delta: 0.0030
Epoch [8/12], Step [800/991], Loss: 2.5067, Accuracy: 66.56 %, Epsilon: 8.10, Delta: 0.0030
Epoch [8/12], Step [900/991], Loss: 2.5023, Accuracy: 67.06 %, Epsilon: 8.15, Delta: 0.0030
Predictions - 1s: 288, 0s: 1694
True Labels - 1s: 539, 0s: 1443
-------------------------------
Epoch [8/12] Loss: 2.4850, Accuracy: 67.56 %, Epsilon: 8.19, Delta: 0.0030
-------------------------------
-------- Validation --------
Predictions - 1s: 24, 0s: 472
True Labels - 1s: 135, 0s: 361
Validation Loss: 2.3881, Validation Accuracy: 72.38 %
-------- Validation finished --------
Epoch [9/12], Step [100/991], Loss: 3.0673, Accuracy: 62.50 %, Epsilon: 8.24, Delta: 0.0030
Epoch [9/12], Step [200/991], Loss: 2.6915, Accuracy: 66.75 %, Epsilon: 8.29, Delta: 0.0030
Epoch [9/12], Step [300/991], Loss: 2.6489, Accuracy: 68.17 %, Epsilon: 8.34, Delta: 0.0030
Epoch [9/12], Step [400/991], Loss: 2.7232, Accuracy: 68.50 %, Epsilon: 8.39, Delta: 0.0030
Epoch [9/12], Step [500/991], Loss: 2.7944, Accuracy: 68.00 %, Epsilon: 8.43, Delta: 0.0030
Epoch [9/12], Step [600/991], Loss: 2.8148, Accuracy: 67.42 %, Epsilon: 8.48, Delta: 0.0030
Epoch [9/12], Step [700/991], Loss: 2.7366, Accuracy: 67.43 %, Epsilon: 8.53, Delta: 0.0030
Epoch [9/12], Step [800/991], Loss: 2.6996, Accuracy: 67.75 %, Epsilon: 8.58, Delta: 0.0030
Epoch [9/12], Step [900/991], Loss: 2.6439, Accuracy: 67.89 %, Epsilon: 8.62, Delta: 0.0030
Predictions - 1s: 220, 0s: 1762
True Labels - 1s: 539, 0s: 1443
-------------------------------
Epoch [9/12] Loss: 2.5726, Accuracy: 68.77 %, Epsilon: 8.67, Delta: 0.0030
-------------------------------
-------- Validation --------
Predictions - 1s: 45, 0s: 451
True Labels - 1s: 135, 0s: 361
Validation Loss: 2.2100, Validation Accuracy: 71.37 %
-------- Validation finished --------
Epoch [10/12], Step [100/991], Loss: 2.5889, Accuracy: 71.00 %, Epsilon: 8.71, Delta: 0.0030
Epoch [10/12], Step [200/991], Loss: 2.2488, Accuracy: 69.25 %, Epsilon: 8.76, Delta: 0.0030
Epoch [10/12], Step [300/991], Loss: 2.5458, Accuracy: 65.50 %, Epsilon: 8.81, Delta: 0.0030
Epoch [10/12], Step [400/991], Loss: 2.5828, Accuracy: 64.88 %, Epsilon: 8.85, Delta: 0.0030
Epoch [10/12], Step [500/991], Loss: 2.5108, Accuracy: 66.00 %, Epsilon: 8.90, Delta: 0.0030
Epoch [10/12], Step [600/991], Loss: 2.5053, Accuracy: 66.92 %, Epsilon: 8.94, Delta: 0.0030
Epoch [10/12], Step [700/991], Loss: 2.4439, Accuracy: 67.07 %, Epsilon: 8.99, Delta: 0.0030
Epoch [10/12], Step [800/991], Loss: 2.4297, Accuracy: 67.75 %, Epsilon: 9.04, Delta: 0.0030
Epoch [10/12], Step [900/991], Loss: 2.4313, Accuracy: 67.67 %, Epsilon: 9.08, Delta: 0.0030
Predictions - 1s: 250, 0s: 1732
True Labels - 1s: 539, 0s: 1443
-------------------------------
Epoch [10/12] Loss: 2.4560, Accuracy: 67.56 %, Epsilon: 9.12, Delta: 0.0030
-------------------------------
-------- Validation --------
Predictions - 1s: 28, 0s: 468
True Labels - 1s: 135, 0s: 361
Validation Loss: 2.2094, Validation Accuracy: 71.57 %
-------- Validation finished --------
Epoch [11/12], Step [100/991], Loss: 2.1657, Accuracy: 72.00 %, Epsilon: 9.17, Delta: 0.0030
Epoch [11/12], Step [200/991], Loss: 2.3322, Accuracy: 71.50 %, Epsilon: 9.21, Delta: 0.0030
Epoch [11/12], Step [300/991], Loss: 2.4635, Accuracy: 69.00 %, Epsilon: 9.26, Delta: 0.0030
Epoch [11/12], Step [400/991], Loss: 2.6706, Accuracy: 67.00 %, Epsilon: 9.30, Delta: 0.0030
Epoch [11/12], Step [500/991], Loss: 2.6880, Accuracy: 67.70 %, Epsilon: 9.35, Delta: 0.0030
Epoch [11/12], Step [600/991], Loss: 2.6420, Accuracy: 67.75 %, Epsilon: 9.39, Delta: 0.0030
Epoch [11/12], Step [700/991], Loss: 2.5979, Accuracy: 67.93 %, Epsilon: 9.44, Delta: 0.0030
Epoch [11/12], Step [800/991], Loss: 2.5862, Accuracy: 68.19 %, Epsilon: 9.48, Delta: 0.0030
Epoch [11/12], Step [900/991], Loss: 2.4819, Accuracy: 68.83 %, Epsilon: 9.53, Delta: 0.0030
Predictions - 1s: 202, 0s: 1780
True Labels - 1s: 539, 0s: 1443
-------------------------------
Epoch [11/12] Loss: 2.4310, Accuracy: 69.37 %, Epsilon: 9.57, Delta: 0.0030
-------------------------------
-------- Validation --------
Predictions - 1s: 24, 0s: 472
True Labels - 1s: 135, 0s: 361
Validation Loss: 2.3007, Validation Accuracy: 71.98 %
-------- Validation finished --------
Epoch [12/12], Step [100/991], Loss: 2.4183, Accuracy: 73.50 %, Epsilon: 9.61, Delta: 0.0030
Epoch [12/12], Step [200/991], Loss: 2.4416, Accuracy: 70.00 %, Epsilon: 9.65, Delta: 0.0030
Epoch [12/12], Step [300/991], Loss: 2.4256, Accuracy: 68.83 %, Epsilon: 9.70, Delta: 0.0030
Epoch [12/12], Step [400/991], Loss: 2.4274, Accuracy: 68.25 %, Epsilon: 9.74, Delta: 0.0030
Epoch [12/12], Step [500/991], Loss: 2.3628, Accuracy: 68.90 %, Epsilon: 9.78, Delta: 0.0030
Epoch [12/12], Step [600/991], Loss: 2.3277, Accuracy: 69.42 %, Epsilon: 9.83, Delta: 0.0030
Epoch [12/12], Step [700/991], Loss: 2.2728, Accuracy: 69.86 %, Epsilon: 9.87, Delta: 0.0030
Epoch [12/12], Step [800/991], Loss: 2.2863, Accuracy: 70.00 %, Epsilon: 9.91, Delta: 0.0030
Epoch [12/12], Step [900/991], Loss: 2.3230, Accuracy: 69.72 %, Epsilon: 9.96, Delta: 0.0030
Predictions - 1s: 224, 0s: 1758
True Labels - 1s: 539, 0s: 1443
-------------------------------
Epoch [12/12] Loss: 2.3358, Accuracy: 69.68 %, Epsilon: 9.99, Delta: 0.0030
-------------------------------
-------- Validation --------
Predictions - 1s: 26, 0s: 470
True Labels - 1s: 135, 0s: 361
Validation Loss: 2.2635, Validation Accuracy: 71.98 %
-------- Validation finished --------
Best model in epoch 1 saved with with Validation Loss: 2.1716 and Validation Accuracy: 72.98 %

-------- Training finished in 8:27 --------

Test flag enabled. Testing the model

-------- Loading best model from model_path --------
Loaded model bert-small from date 20-04-2024 10:34. Trained with Centralised Machine Learning technology.
Epoch 1, lr: 0.006, optimizer: DPOptimizer
Train accuracy: 72.25 %, Validation accuracy: 72.98 %
-------- Best model loaded --------

-------- Creating Test Dataloader --------
Test Loader: 618 total sentences. 78 batches of size 8.
-------- Test Dataloader created --------

-------- Testing --------
Predictions - 1s: 0, 0s: 618
True Labels - 1s: 168, 0s: 450
Nº of test samples: 618
Accuracy: 72.82%
Accuracy 2 : 72.82%
Precision: 36.41%
Recall: 50.00%
F1 Score: 42.13%
Classification report:
              precision    recall  f1-score   support

           0     0.7282    1.0000    0.8427       450
           1     0.0000    0.0000    0.0000       168

    accuracy                         0.7282       618
   macro avg     0.3641    0.5000    0.4213       618
weighted avg     0.5302    0.7282    0.6136       618

-------- Testing finished --------
