Current configuration:
{
    "concurrency_flag": false,
    "data_distribution": "non_iid",
    "dataset": "mixed_depression",
    "device": "cuda",
    "dp_delta": 0.003,
    "dp_epsilon": 0,
    "eval_batch_size": 4,
    "eval_flag": true,
    "eval_size": 0.2,
    "fed_alg": "fedprox",
    "layers": 3,
    "learning_rate": 0.0006,
    "max_length": 512,
    "ml_mode": "fl",
    "model": "bert_small",
    "model_name": "fedprox_non_iid_mixed_depression",
    "models_path": "/local/vpaloma/fabric-federated-learning/ablation_study/5-fed-data_dist-dataset/6e-4/mixed_depression",
    "mu": 0.5,
    "num_clients": 5,
    "num_epochs": 3,
    "num_rounds": 4,
    "optimizer": "AdamW",
    "progress_bar_flag": false,
    "save_model": true,
    "scheduler": "linear",
    "scheduler_warmup_steps": 0,
    "seed": 0,
    "test_flag": true,
    "train_batch_size": 4,
    "train_size": 0.8
}
-------- Configuration loaded --------

-------- Setting device --------
cuda device selected and available.
-------- Device set --------

-------- Setting seed --------
-------- Seed set --------

-------- Creating Model --------
-------- Model created --------

-------- Setting Trainable Layers --------
Training the last 3 layers.

Total parameters count: 28764674
Trainable parameters count: 3416066
-------- Trainable Layers set --------

-------- Creating Tokenizer --------
-------- Tokenizer created --------

-------- Creating Train and Eval Dataloaders --------
Train Loader: 1806 total sentences. 452 batches of size 4.
Eval Loader: 452 total sentences. 113 batches of size 4.
-------- Train and Eval Dataloaders created --------

-------- Training --------
Training with Federated Learning technology.
Training without differential privacy.
Federated proximal algorithm selected.
Using mu value of 0.5.
Client 0: Label 0: 36, Label 1: 362
Client 1: Label 0: 36, Label 1: 362
Client 2: Label 0: 325, Label 1: 73
Client 3: Label 0: 325, Label 1: 73
Client 4: Label 0: 141, Label 1: 73

Round 1 of 4
-------------------------------
Client 1 of 5: Local Epoch [1/3] Loss: 0.8079, Accuracy: 89.45 %
Client 1 of 5: Local Epoch [2/3] Loss: 0.5738, Accuracy: 90.95 %
Client 1 of 5: Local Epoch [3/3] Loss: 0.4144, Accuracy: 90.95 %
Client 2 of 5: Local Epoch [1/3] Loss: 0.7827, Accuracy: 89.95 %
Client 2 of 5: Local Epoch [2/3] Loss: 0.5671, Accuracy: 90.95 %
Client 2 of 5: Local Epoch [3/3] Loss: 0.4596, Accuracy: 90.95 %
Client 3 of 5: Local Epoch [1/3] Loss: 1.0663, Accuracy: 79.90 %
Client 3 of 5: Local Epoch [2/3] Loss: 0.8267, Accuracy: 84.42 %
Client 3 of 5: Local Epoch [3/3] Loss: 0.6052, Accuracy: 82.16 %
Client 4 of 5: Local Epoch [1/3] Loss: 1.0399, Accuracy: 82.66 %
Client 4 of 5: Local Epoch [2/3] Loss: 0.7857, Accuracy: 81.66 %
Client 4 of 5: Local Epoch [3/3] Loss: 0.6117, Accuracy: 81.66 %
Client 5 of 5: Local Epoch [1/3] Loss: 1.3814, Accuracy: 64.95 %
Client 5 of 5: Local Epoch [2/3] Loss: 0.9845, Accuracy: 73.36 %
Client 5 of 5: Local Epoch [3/3] Loss: 0.8126, Accuracy: 77.10 %
-------------------------------
Round [1/4] Average Local Loss: 0.5807, Average Local Accuracy: 84.57 %
-------------------------------
-------- Validation --------
Round [1/4] Global Model Validation Loss: 0.5672, Validation Accuracy: 77.65 %
-------- Validation finished --------
Updated best model in round 1 saved with Validation Accuracy: 77.65 %
-------------------------------

Round 2 of 4
-------------------------------
Client 1 of 5: Local Epoch [1/3] Loss: 0.7560, Accuracy: 90.20 %
Client 1 of 5: Local Epoch [2/3] Loss: 0.5392, Accuracy: 91.21 %
Client 1 of 5: Local Epoch [3/3] Loss: 0.4312, Accuracy: 91.21 %
Client 2 of 5: Local Epoch [1/3] Loss: 0.7946, Accuracy: 89.95 %
Client 2 of 5: Local Epoch [2/3] Loss: 0.5765, Accuracy: 90.95 %
Client 2 of 5: Local Epoch [3/3] Loss: 0.3996, Accuracy: 90.95 %
Client 3 of 5: Local Epoch [1/3] Loss: 1.0401, Accuracy: 81.91 %
Client 3 of 5: Local Epoch [2/3] Loss: 0.7218, Accuracy: 85.68 %
Client 3 of 5: Local Epoch [3/3] Loss: 0.5631, Accuracy: 85.18 %
Client 4 of 5: Local Epoch [1/3] Loss: 1.0477, Accuracy: 81.41 %
Client 4 of 5: Local Epoch [2/3] Loss: 0.7684, Accuracy: 84.17 %
Client 4 of 5: Local Epoch [3/3] Loss: 0.6314, Accuracy: 80.65 %
Client 5 of 5: Local Epoch [1/3] Loss: 1.3293, Accuracy: 74.77 %
Client 5 of 5: Local Epoch [2/3] Loss: 0.9439, Accuracy: 74.30 %
Client 5 of 5: Local Epoch [3/3] Loss: 0.7369, Accuracy: 76.64 %
-------------------------------
Round [2/4] Average Local Loss: 0.5525, Average Local Accuracy: 84.93 %
-------------------------------
-------- Validation --------
Round [2/4] Global Model Validation Loss: 0.5016, Validation Accuracy: 80.53 %
-------- Validation finished --------
Updated best model in round 2 saved with Validation Accuracy: 80.53 %
-------------------------------

Round 3 of 4
-------------------------------
Client 1 of 5: Local Epoch [1/3] Loss: 0.7858, Accuracy: 89.70 %
Client 1 of 5: Local Epoch [2/3] Loss: 0.5695, Accuracy: 90.70 %
Client 1 of 5: Local Epoch [3/3] Loss: 0.3754, Accuracy: 90.95 %
Client 2 of 5: Local Epoch [1/3] Loss: 0.7764, Accuracy: 90.20 %
Client 2 of 5: Local Epoch [2/3] Loss: 0.5318, Accuracy: 91.96 %
Client 2 of 5: Local Epoch [3/3] Loss: 0.3845, Accuracy: 91.21 %
Client 3 of 5: Local Epoch [1/3] Loss: 1.0301, Accuracy: 83.17 %
Client 3 of 5: Local Epoch [2/3] Loss: 0.7638, Accuracy: 84.17 %
Client 3 of 5: Local Epoch [3/3] Loss: 0.5043, Accuracy: 88.69 %
Client 4 of 5: Local Epoch [1/3] Loss: 1.0239, Accuracy: 83.17 %
Client 4 of 5: Local Epoch [2/3] Loss: 0.8279, Accuracy: 83.67 %
Client 4 of 5: Local Epoch [3/3] Loss: 0.5290, Accuracy: 85.43 %
Client 5 of 5: Local Epoch [1/3] Loss: 1.3153, Accuracy: 75.23 %
Client 5 of 5: Local Epoch [2/3] Loss: 0.9771, Accuracy: 76.64 %
Client 5 of 5: Local Epoch [3/3] Loss: 0.7264, Accuracy: 79.91 %
-------------------------------
Round [3/4] Average Local Loss: 0.5039, Average Local Accuracy: 87.24 %
-------------------------------
-------- Validation --------
Round [3/4] Global Model Validation Loss: 0.4609, Validation Accuracy: 81.42 %
-------- Validation finished --------
Updated best model in round 3 saved with Validation Accuracy: 81.42 %
-------------------------------

Round 4 of 4
-------------------------------
Client 1 of 5: Local Epoch [1/3] Loss: 0.8505, Accuracy: 91.71 %
Client 1 of 5: Local Epoch [2/3] Loss: 0.5907, Accuracy: 91.46 %
Client 1 of 5: Local Epoch [3/3] Loss: 0.3745, Accuracy: 91.46 %
Client 2 of 5: Local Epoch [1/3] Loss: 0.7958, Accuracy: 91.46 %
Client 2 of 5: Local Epoch [2/3] Loss: 0.5365, Accuracy: 90.70 %
Client 2 of 5: Local Epoch [3/3] Loss: 0.3663, Accuracy: 92.46 %
Client 3 of 5: Local Epoch [1/3] Loss: 1.1272, Accuracy: 82.41 %
Client 3 of 5: Local Epoch [2/3] Loss: 0.7126, Accuracy: 85.43 %
Client 3 of 5: Local Epoch [3/3] Loss: 0.5365, Accuracy: 87.94 %
Client 4 of 5: Local Epoch [1/3] Loss: 1.0753, Accuracy: 79.15 %
Client 4 of 5: Local Epoch [2/3] Loss: 0.7075, Accuracy: 84.92 %
Client 4 of 5: Local Epoch [3/3] Loss: 0.5265, Accuracy: 86.68 %
Client 5 of 5: Local Epoch [1/3] Loss: 1.3158, Accuracy: 74.77 %
Client 5 of 5: Local Epoch [2/3] Loss: 0.9797, Accuracy: 77.57 %
Client 5 of 5: Local Epoch [3/3] Loss: 0.7077, Accuracy: 80.84 %
-------------------------------
Round [4/4] Average Local Loss: 0.5023, Average Local Accuracy: 87.88 %
-------------------------------
-------- Validation --------
Round [4/4] Global Model Validation Loss: 0.4341, Validation Accuracy: 81.64 %
-------- Validation finished --------
Updated best model in round 4 saved with Validation Accuracy: 81.64 %
-------------------------------
Best model in round 4 saved with Validation Accuracy: 81.64 %

-------- Training finished in 16:55 --------

Test flag enabled. Testing the model

-------- Loading best model from model_path --------
Loaded model bert-small from date 06-02-2024 15:50. Trained with Federated Learning technology.
Round 4, lr: 0.0006, optimizer: AdamW
Average train accuracy: 87.88 %, Validation accuracy: 81.64 %
-------- Best model loaded --------

-------- Creating Test Dataloader --------
Test Loader: 564 total sentences. 71 batches of size 8.
-------- Test Dataloader created --------

-------- Testing --------
Nº of test samples: 564
Accuracy: 78.37%
Precision: 79.31%
Recall: 78.79%
F1 Score: 78.32%
-------- Testing finished --------
