Current configuration:
{
    "concurrency_flag": false,
    "data_distribution": "iid",
    "dataset": "dreaddit",
    "device": "cuda",
    "dp_delta": 0.003,
    "dp_epsilon": 0.5,
    "eval_batch_size": 4,
    "eval_flag": true,
    "eval_size": 0.2,
    "fed_alg": "fedavg",
    "layers": 3,
    "learning_rate": 0.006,
    "max_length": 512,
    "ml_mode": "ml",
    "model": "bert_small",
    "model_name": "ml_0.5_dreaddit",
    "models_path": "/local/vpaloma/fabric-federated-learning/ablation_study/phase-2/1-ml_mode-dataset-dp/dreaddit",
    "mu": 0.5,
    "num_clients": 5,
    "num_epochs": 12,
    "num_rounds": 4,
    "optimizer": "AdamW",
    "progress_bar_flag": false,
    "save_model": true,
    "scheduler": "linear",
    "scheduler_warmup_steps": 0,
    "seed": 0,
    "test_flag": true,
    "train_batch_size": 4,
    "train_size": 0.8
}
-------- Configuration loaded --------

-------- Setting device --------
cuda device selected and available.
-------- Device set --------

-------- Setting seed --------
-------- Seed set --------

-------- Creating Model --------
-------- Model created --------

-------- Setting Trainable Layers --------
Training the last 3 layers.

Total parameters count: 28764674
Trainable parameters count: 3416066
-------- Trainable Layers set --------

-------- Creating Tokenizer --------
-------- Tokenizer created --------

-------- Creating Train and Eval Dataloaders --------
Train Loader: 2270 total sentences. 568 batches of size 4.
Eval Loader: 568 total sentences. 142 batches of size 4.
-------- Train and Eval Dataloaders created --------

-------- Creating Optimizer --------
-------- Optimizer created --------

-------- Creating Scheduler --------
-------- Scheduler created --------

-------- Training --------
Training with Centralised Machine Learning technology.
Training with differential privacy.
Epoch [1/12], Step [100/568], Loss: 0.8170, Accuracy: 54.00 %, Epsilon: 0.04, Delta: 0.0030
Epoch [1/12], Step [200/568], Loss: 0.8539, Accuracy: 53.50 %, Epsilon: 0.06, Delta: 0.0030
Epoch [1/12], Step [300/568], Loss: 0.9385, Accuracy: 53.42 %, Epsilon: 0.08, Delta: 0.0030
Epoch [1/12], Step [400/568], Loss: 1.0421, Accuracy: 52.31 %, Epsilon: 0.09, Delta: 0.0030
Epoch [1/12], Step [500/568], Loss: 1.1265, Accuracy: 50.95 %, Epsilon: 0.11, Delta: 0.0030
Predictions - 1s: 1195, 0s: 1075
True Labels - 1s: 1160, 0s: 1110
-------------------------------
Epoch [1/12] Loss: 1.1591, Accuracy: 50.62 %, Epsilon: 0.11, Delta: 0.0030
-------------------------------
-------- Validation --------
Predictions - 1s: 494, 0s: 74
True Labels - 1s: 328, 0s: 240
Validation Loss: 1.5261, Validation Accuracy: 57.39 %
-------- Validation finished --------
Updated best model in epoch 1 saved with Validation Loss: 1.5261 and Validation Accuracy: 57.39 %
-------------------------------
Epoch [2/12], Step [100/568], Loss: 1.5941, Accuracy: 48.25 %, Epsilon: 0.13, Delta: 0.0030
Epoch [2/12], Step [200/568], Loss: 1.6280, Accuracy: 51.25 %, Epsilon: 0.14, Delta: 0.0030
Epoch [2/12], Step [300/568], Loss: 1.6511, Accuracy: 52.17 %, Epsilon: 0.15, Delta: 0.0030
Epoch [2/12], Step [400/568], Loss: 1.7032, Accuracy: 52.12 %, Epsilon: 0.16, Delta: 0.0030
Epoch [2/12], Step [500/568], Loss: 1.7623, Accuracy: 51.45 %, Epsilon: 0.17, Delta: 0.0030
Predictions - 1s: 1242, 0s: 1028
True Labels - 1s: 1160, 0s: 1110
-------------------------------
Epoch [2/12] Loss: 1.7717, Accuracy: 51.19 %, Epsilon: 0.17, Delta: 0.0030
-------------------------------
-------- Validation --------
Predictions - 1s: 334, 0s: 234
True Labels - 1s: 328, 0s: 240
Validation Loss: 1.5874, Validation Accuracy: 49.65 %
-------- Validation finished --------
Epoch [3/12], Step [100/568], Loss: 2.0310, Accuracy: 48.50 %, Epsilon: 0.18, Delta: 0.0030
Epoch [3/12], Step [200/568], Loss: 1.8892, Accuracy: 52.88 %, Epsilon: 0.19, Delta: 0.0030
Epoch [3/12], Step [300/568], Loss: 1.8659, Accuracy: 52.75 %, Epsilon: 0.20, Delta: 0.0030
Epoch [3/12], Step [400/568], Loss: 1.8995, Accuracy: 52.62 %, Epsilon: 0.21, Delta: 0.0030
Epoch [3/12], Step [500/568], Loss: 1.9878, Accuracy: 51.60 %, Epsilon: 0.21, Delta: 0.0030
Predictions - 1s: 1143, 0s: 1127
True Labels - 1s: 1160, 0s: 1110
-------------------------------
Epoch [3/12] Loss: 2.0150, Accuracy: 51.50 %, Epsilon: 0.22, Delta: 0.0030
-------------------------------
-------- Validation --------
Predictions - 1s: 181, 0s: 387
True Labels - 1s: 328, 0s: 240
Validation Loss: 2.4082, Validation Accuracy: 43.13 %
-------- Validation finished --------
Epoch [4/12], Step [100/568], Loss: 2.4503, Accuracy: 49.50 %, Epsilon: 0.23, Delta: 0.0030
Epoch [4/12], Step [200/568], Loss: 2.4454, Accuracy: 48.25 %, Epsilon: 0.23, Delta: 0.0030
Epoch [4/12], Step [300/568], Loss: 2.3669, Accuracy: 49.58 %, Epsilon: 0.24, Delta: 0.0030
Epoch [4/12], Step [400/568], Loss: 2.3834, Accuracy: 48.94 %, Epsilon: 0.25, Delta: 0.0030
Epoch [4/12], Step [500/568], Loss: 2.3771, Accuracy: 49.90 %, Epsilon: 0.25, Delta: 0.0030
Predictions - 1s: 1315, 0s: 955
True Labels - 1s: 1160, 0s: 1110
-------------------------------
Epoch [4/12] Loss: 2.3998, Accuracy: 50.35 %, Epsilon: 0.26, Delta: 0.0030
-------------------------------
-------- Validation --------
Predictions - 1s: 384, 0s: 184
True Labels - 1s: 328, 0s: 240
Validation Loss: 1.9306, Validation Accuracy: 56.69 %
-------- Validation finished --------
Epoch [5/12], Step [100/568], Loss: 2.4275, Accuracy: 48.75 %, Epsilon: 0.27, Delta: 0.0030
Epoch [5/12], Step [200/568], Loss: 2.3538, Accuracy: 52.38 %, Epsilon: 0.27, Delta: 0.0030
Epoch [5/12], Step [300/568], Loss: 2.3210, Accuracy: 51.83 %, Epsilon: 0.28, Delta: 0.0030
Epoch [5/12], Step [400/568], Loss: 2.2884, Accuracy: 51.81 %, Epsilon: 0.29, Delta: 0.0030
Epoch [5/12], Step [500/568], Loss: 2.2331, Accuracy: 52.50 %, Epsilon: 0.29, Delta: 0.0030
Predictions - 1s: 1313, 0s: 957
True Labels - 1s: 1160, 0s: 1110
-------------------------------
Epoch [5/12] Loss: 2.2355, Accuracy: 52.56 %, Epsilon: 0.30, Delta: 0.0030
-------------------------------
-------- Validation --------
Predictions - 1s: 212, 0s: 356
True Labels - 1s: 328, 0s: 240
Validation Loss: 1.9242, Validation Accuracy: 54.58 %
-------- Validation finished --------
Epoch [6/12], Step [100/568], Loss: 2.1472, Accuracy: 52.50 %, Epsilon: 0.30, Delta: 0.0030
Epoch [6/12], Step [200/568], Loss: 2.1606, Accuracy: 53.00 %, Epsilon: 0.31, Delta: 0.0030
Epoch [6/12], Step [300/568], Loss: 2.2225, Accuracy: 52.42 %, Epsilon: 0.31, Delta: 0.0030
Epoch [6/12], Step [400/568], Loss: 2.2445, Accuracy: 51.75 %, Epsilon: 0.32, Delta: 0.0030
Epoch [6/12], Step [500/568], Loss: 2.2185, Accuracy: 51.90 %, Epsilon: 0.33, Delta: 0.0030
Predictions - 1s: 1139, 0s: 1131
True Labels - 1s: 1160, 0s: 1110
-------------------------------
Epoch [6/12] Loss: 2.1881, Accuracy: 52.38 %, Epsilon: 0.33, Delta: 0.0030
-------------------------------
-------- Validation --------
Predictions - 1s: 369, 0s: 199
True Labels - 1s: 328, 0s: 240
Validation Loss: 1.9130, Validation Accuracy: 52.64 %
-------- Validation finished --------
Epoch [7/12], Step [100/568], Loss: 2.3877, Accuracy: 51.00 %, Epsilon: 0.33, Delta: 0.0030
Epoch [7/12], Step [200/568], Loss: 2.3823, Accuracy: 51.88 %, Epsilon: 0.34, Delta: 0.0030
Epoch [7/12], Step [300/568], Loss: 2.3692, Accuracy: 52.58 %, Epsilon: 0.35, Delta: 0.0030
Epoch [7/12], Step [400/568], Loss: 2.3537, Accuracy: 52.81 %, Epsilon: 0.35, Delta: 0.0030
Epoch [7/12], Step [500/568], Loss: 2.3405, Accuracy: 52.70 %, Epsilon: 0.36, Delta: 0.0030
Predictions - 1s: 1185, 0s: 1085
True Labels - 1s: 1160, 0s: 1110
-------------------------------
Epoch [7/12] Loss: 2.3210, Accuracy: 53.00 %, Epsilon: 0.36, Delta: 0.0030
-------------------------------
-------- Validation --------
Predictions - 1s: 309, 0s: 259
True Labels - 1s: 328, 0s: 240
Validation Loss: 2.0457, Validation Accuracy: 49.47 %
-------- Validation finished --------
Epoch [8/12], Step [100/568], Loss: 2.1967, Accuracy: 54.50 %, Epsilon: 0.37, Delta: 0.0030
Epoch [8/12], Step [200/568], Loss: 2.3589, Accuracy: 52.38 %, Epsilon: 0.37, Delta: 0.0030
Epoch [8/12], Step [300/568], Loss: 2.4307, Accuracy: 51.75 %, Epsilon: 0.38, Delta: 0.0030
Epoch [8/12], Step [400/568], Loss: 2.4487, Accuracy: 51.25 %, Epsilon: 0.38, Delta: 0.0030
Epoch [8/12], Step [500/568], Loss: 2.4388, Accuracy: 51.00 %, Epsilon: 0.39, Delta: 0.0030
Predictions - 1s: 1388, 0s: 882
True Labels - 1s: 1160, 0s: 1110
-------------------------------
Epoch [8/12] Loss: 2.4673, Accuracy: 51.19 %, Epsilon: 0.39, Delta: 0.0030
-------------------------------
-------- Validation --------
Predictions - 1s: 333, 0s: 235
True Labels - 1s: 328, 0s: 240
Validation Loss: 1.9076, Validation Accuracy: 52.99 %
-------- Validation finished --------
Epoch [9/12], Step [100/568], Loss: 2.2542, Accuracy: 49.75 %, Epsilon: 0.40, Delta: 0.0030
Epoch [9/12], Step [200/568], Loss: 2.2942, Accuracy: 51.00 %, Epsilon: 0.40, Delta: 0.0030
Epoch [9/12], Step [300/568], Loss: 2.2994, Accuracy: 52.50 %, Epsilon: 0.41, Delta: 0.0030
Epoch [9/12], Step [400/568], Loss: 2.2781, Accuracy: 52.44 %, Epsilon: 0.41, Delta: 0.0030
Epoch [9/12], Step [500/568], Loss: 2.2664, Accuracy: 53.20 %, Epsilon: 0.42, Delta: 0.0030
Predictions - 1s: 1172, 0s: 1098
True Labels - 1s: 1160, 0s: 1110
-------------------------------
Epoch [9/12] Loss: 2.2629, Accuracy: 53.30 %, Epsilon: 0.42, Delta: 0.0030
-------------------------------
-------- Validation --------
Predictions - 1s: 379, 0s: 189
True Labels - 1s: 328, 0s: 240
Validation Loss: 1.8783, Validation Accuracy: 55.81 %
-------- Validation finished --------
Epoch [10/12], Step [100/568], Loss: 2.3732, Accuracy: 52.00 %, Epsilon: 0.42, Delta: 0.0030
Epoch [10/12], Step [200/568], Loss: 2.3974, Accuracy: 52.62 %, Epsilon: 0.43, Delta: 0.0030
Epoch [10/12], Step [300/568], Loss: 2.3471, Accuracy: 52.08 %, Epsilon: 0.43, Delta: 0.0030
Epoch [10/12], Step [400/568], Loss: 2.3830, Accuracy: 51.56 %, Epsilon: 0.44, Delta: 0.0030
Epoch [10/12], Step [500/568], Loss: 2.4205, Accuracy: 51.15 %, Epsilon: 0.44, Delta: 0.0030
Predictions - 1s: 1094, 0s: 1176
True Labels - 1s: 1160, 0s: 1110
-------------------------------
Epoch [10/12] Loss: 2.3809, Accuracy: 51.28 %, Epsilon: 0.45, Delta: 0.0030
-------------------------------
-------- Validation --------
Predictions - 1s: 339, 0s: 229
True Labels - 1s: 328, 0s: 240
Validation Loss: 2.0181, Validation Accuracy: 52.99 %
-------- Validation finished --------
Epoch [11/12], Step [100/568], Loss: 2.4037, Accuracy: 49.00 %, Epsilon: 0.45, Delta: 0.0030
Epoch [11/12], Step [200/568], Loss: 2.4124, Accuracy: 50.00 %, Epsilon: 0.46, Delta: 0.0030
Epoch [11/12], Step [300/568], Loss: 2.5138, Accuracy: 48.75 %, Epsilon: 0.46, Delta: 0.0030
Epoch [11/12], Step [400/568], Loss: 2.3800, Accuracy: 50.38 %, Epsilon: 0.46, Delta: 0.0030
Epoch [11/12], Step [500/568], Loss: 2.3644, Accuracy: 51.35 %, Epsilon: 0.47, Delta: 0.0030
Predictions - 1s: 1159, 0s: 1111
True Labels - 1s: 1160, 0s: 1110
-------------------------------
Epoch [11/12] Loss: 2.3607, Accuracy: 51.15 %, Epsilon: 0.47, Delta: 0.0030
-------------------------------
-------- Validation --------
Predictions - 1s: 331, 0s: 237
True Labels - 1s: 328, 0s: 240
Validation Loss: 1.9463, Validation Accuracy: 54.05 %
-------- Validation finished --------
Epoch [12/12], Step [100/568], Loss: 2.6264, Accuracy: 47.25 %, Epsilon: 0.48, Delta: 0.0030
Epoch [12/12], Step [200/568], Loss: 2.3685, Accuracy: 52.12 %, Epsilon: 0.48, Delta: 0.0030
Epoch [12/12], Step [300/568], Loss: 2.3295, Accuracy: 52.75 %, Epsilon: 0.49, Delta: 0.0030
Epoch [12/12], Step [400/568], Loss: 2.3044, Accuracy: 52.75 %, Epsilon: 0.49, Delta: 0.0030
Epoch [12/12], Step [500/568], Loss: 2.2907, Accuracy: 52.30 %, Epsilon: 0.49, Delta: 0.0030
Predictions - 1s: 1126, 0s: 1144
True Labels - 1s: 1160, 0s: 1110
-------------------------------
Epoch [12/12] Loss: 2.3147, Accuracy: 51.89 %, Epsilon: 0.50, Delta: 0.0030
-------------------------------
-------- Validation --------
Predictions - 1s: 317, 0s: 251
True Labels - 1s: 328, 0s: 240
Validation Loss: 1.9072, Validation Accuracy: 52.64 %
-------- Validation finished --------
Best model in epoch 1 saved with with Validation Loss: 1.5261 and Validation Accuracy: 57.39 %

-------- Training finished in 4:39 --------

Test flag enabled. Testing the model

-------- Loading best model from model_path --------
Loaded model bert-small from date 08-04-2024 21:17. Trained with Centralised Machine Learning technology.
Epoch 1, lr: 0.006, optimizer: DPOptimizer
Train accuracy: 50.62 %, Validation accuracy: 57.39 %
-------- Best model loaded --------

-------- Creating Test Dataloader --------
Test Loader: 715 total sentences. 90 batches of size 8.
-------- Test Dataloader created --------

-------- Testing --------
Predictions - 1s: 630, 0s: 85
True Labels - 1s: 369, 0s: 346
Nº of test samples: 715
Accuracy: 50.35%
Accuracy 2 : 50.35%
Precision: 47.91%
Recall: 49.12%
F1 Score: 41.05%
Classification report:
              precision    recall  f1-score   support

           0     0.4471    0.1098    0.1763       346
           1     0.5111    0.8726    0.6446       369

    accuracy                         0.5035       715
   macro avg     0.4791    0.4912    0.4105       715
weighted avg     0.4801    0.5035    0.4180       715

-------- Testing finished --------
