Current configuration:
{
    "concurrency_flag": false,
    "data_distribution": "iid",
    "dataset": "dreaddit",
    "device": "cuda",
    "dp_delta": 0.003,
    "dp_epsilon": 10,
    "eval_batch_size": 4,
    "eval_flag": true,
    "eval_size": 0.2,
    "fed_alg": "fedavg",
    "layers": 3,
    "learning_rate": 0.0006,
    "max_length": 512,
    "ml_mode": "ml",
    "model": "bert_small",
    "model_name": "ml_10_dreaddit",
    "models_path": "/local/vpaloma/fabric-federated-learning/ablation_study/phase-2/1-ml_mode-dataset-dp/dreaddit",
    "mu": 0.5,
    "num_clients": 5,
    "num_epochs": 12,
    "num_rounds": 4,
    "optimizer": "AdamW",
    "progress_bar_flag": false,
    "save_model": true,
    "scheduler": "linear",
    "scheduler_warmup_steps": 0,
    "seed": 0,
    "test_flag": true,
    "train_batch_size": 4,
    "train_size": 0.8
}
-------- Configuration loaded --------

-------- Setting device --------
cuda device selected and available.
-------- Device set --------

-------- Setting seed --------
-------- Seed set --------

-------- Creating Model --------
-------- Model created --------

-------- Setting Trainable Layers --------
Training the last 3 layers.

Total parameters count: 28764674
Trainable parameters count: 3416066
-------- Trainable Layers set --------

-------- Creating Tokenizer --------
-------- Tokenizer created --------

-------- Creating Train and Eval Dataloaders --------
Train Loader: 2270 total sentences. 568 batches of size 4.
Eval Loader: 568 total sentences. 142 batches of size 4.
-------- Train and Eval Dataloaders created --------

-------- Creating Optimizer --------
-------- Optimizer created --------

-------- Creating Scheduler --------
-------- Scheduler created --------

-------- Training --------
Training with Centralised Machine Learning technology.
Training with differential privacy.
Epoch [1/12], Step [100/568], Loss: 0.7267, Accuracy: 51.25 %, Epsilon: 1.73, Delta: 0.0030
Epoch [1/12], Step [200/568], Loss: 0.7037, Accuracy: 52.00 %, Epsilon: 2.38, Delta: 0.0030
Epoch [1/12], Step [300/568], Loss: 0.6977, Accuracy: 54.67 %, Epsilon: 2.79, Delta: 0.0030
Epoch [1/12], Step [400/568], Loss: 0.7170, Accuracy: 53.75 %, Epsilon: 3.10, Delta: 0.0030
Epoch [1/12], Step [500/568], Loss: 0.7157, Accuracy: 53.80 %, Epsilon: 3.36, Delta: 0.0030
Predictions - 1s: 1512, 0s: 758
True Labels - 1s: 1160, 0s: 1110
-------------------------------
Epoch [1/12] Loss: 0.7120, Accuracy: 54.45 %, Epsilon: 3.51, Delta: 0.0030
-------------------------------
-------- Validation --------
Predictions - 1s: 553, 0s: 15
True Labels - 1s: 328, 0s: 240
Validation Loss: 0.7185, Validation Accuracy: 60.04 %
-------- Validation finished --------
Updated best model in epoch 1 saved with Validation Loss: 0.7185 and Validation Accuracy: 60.04 %
-------------------------------
Epoch [2/12], Step [100/568], Loss: 0.7523, Accuracy: 56.50 %, Epsilon: 3.72, Delta: 0.0030
Epoch [2/12], Step [200/568], Loss: 0.7208, Accuracy: 57.75 %, Epsilon: 3.91, Delta: 0.0030
Epoch [2/12], Step [300/568], Loss: 0.6970, Accuracy: 59.17 %, Epsilon: 4.08, Delta: 0.0030
Epoch [2/12], Step [400/568], Loss: 0.6819, Accuracy: 60.75 %, Epsilon: 4.25, Delta: 0.0030
Epoch [2/12], Step [500/568], Loss: 0.6640, Accuracy: 62.20 %, Epsilon: 4.41, Delta: 0.0030
Predictions - 1s: 1836, 0s: 434
True Labels - 1s: 1160, 0s: 1110
-------------------------------
Epoch [2/12] Loss: 0.6543, Accuracy: 62.82 %, Epsilon: 4.51, Delta: 0.0030
-------------------------------
-------- Validation --------
Predictions - 1s: 482, 0s: 86
True Labels - 1s: 328, 0s: 240
Validation Loss: 0.6108, Validation Accuracy: 67.61 %
-------- Validation finished --------
Updated best model in epoch 2 saved with Validation Loss: 0.6108 and Validation Accuracy: 67.61 %
-------------------------------
Epoch [3/12], Step [100/568], Loss: 0.6815, Accuracy: 62.25 %, Epsilon: 4.66, Delta: 0.0030
Epoch [3/12], Step [200/568], Loss: 0.6324, Accuracy: 66.12 %, Epsilon: 4.80, Delta: 0.0030
Epoch [3/12], Step [300/568], Loss: 0.5988, Accuracy: 67.92 %, Epsilon: 4.94, Delta: 0.0030
Epoch [3/12], Step [400/568], Loss: 0.5943, Accuracy: 68.31 %, Epsilon: 5.07, Delta: 0.0030
Epoch [3/12], Step [500/568], Loss: 0.5896, Accuracy: 68.35 %, Epsilon: 5.20, Delta: 0.0030
Predictions - 1s: 1576, 0s: 694
True Labels - 1s: 1160, 0s: 1110
-------------------------------
Epoch [3/12] Loss: 0.5872, Accuracy: 68.72 %, Epsilon: 5.28, Delta: 0.0030
-------------------------------
-------- Validation --------
Predictions - 1s: 407, 0s: 161
True Labels - 1s: 328, 0s: 240
Validation Loss: 0.5753, Validation Accuracy: 72.01 %
-------- Validation finished --------
Updated best model in epoch 3 saved with Validation Loss: 0.5753 and Validation Accuracy: 72.01 %
-------------------------------
Epoch [4/12], Step [100/568], Loss: 0.5605, Accuracy: 71.75 %, Epsilon: 5.41, Delta: 0.0030
Epoch [4/12], Step [200/568], Loss: 0.5675, Accuracy: 72.25 %, Epsilon: 5.53, Delta: 0.0030
Epoch [4/12], Step [300/568], Loss: 0.5522, Accuracy: 73.25 %, Epsilon: 5.65, Delta: 0.0030
Epoch [4/12], Step [400/568], Loss: 0.5666, Accuracy: 71.69 %, Epsilon: 5.76, Delta: 0.0030
Epoch [4/12], Step [500/568], Loss: 0.5558, Accuracy: 72.50 %, Epsilon: 5.88, Delta: 0.0030
Predictions - 1s: 1322, 0s: 948
True Labels - 1s: 1160, 0s: 1110
-------------------------------
Epoch [4/12] Loss: 0.5657, Accuracy: 72.07 %, Epsilon: 5.96, Delta: 0.0030
-------------------------------
-------- Validation --------
Predictions - 1s: 417, 0s: 151
True Labels - 1s: 328, 0s: 240
Validation Loss: 0.6157, Validation Accuracy: 71.30 %
-------- Validation finished --------
Epoch [5/12], Step [100/568], Loss: 0.6098, Accuracy: 69.25 %, Epsilon: 6.07, Delta: 0.0030
Epoch [5/12], Step [200/568], Loss: 0.5886, Accuracy: 71.00 %, Epsilon: 6.18, Delta: 0.0030
Epoch [5/12], Step [300/568], Loss: 0.5792, Accuracy: 71.75 %, Epsilon: 6.28, Delta: 0.0030
Epoch [5/12], Step [400/568], Loss: 0.5662, Accuracy: 72.81 %, Epsilon: 6.39, Delta: 0.0030
Epoch [5/12], Step [500/568], Loss: 0.5658, Accuracy: 72.90 %, Epsilon: 6.49, Delta: 0.0030
Predictions - 1s: 1255, 0s: 1015
True Labels - 1s: 1160, 0s: 1110
-------------------------------
Epoch [5/12] Loss: 0.5697, Accuracy: 72.73 %, Epsilon: 6.56, Delta: 0.0030
-------------------------------
-------- Validation --------
Predictions - 1s: 364, 0s: 204
True Labels - 1s: 328, 0s: 240
Validation Loss: 0.5985, Validation Accuracy: 73.94 %
-------- Validation finished --------
Epoch [6/12], Step [100/568], Loss: 0.5746, Accuracy: 72.00 %, Epsilon: 6.67, Delta: 0.0030
Epoch [6/12], Step [200/568], Loss: 0.5702, Accuracy: 73.38 %, Epsilon: 6.77, Delta: 0.0030
Epoch [6/12], Step [300/568], Loss: 0.5714, Accuracy: 74.17 %, Epsilon: 6.87, Delta: 0.0030
Epoch [6/12], Step [400/568], Loss: 0.5868, Accuracy: 73.56 %, Epsilon: 6.97, Delta: 0.0030
Epoch [6/12], Step [500/568], Loss: 0.5961, Accuracy: 72.70 %, Epsilon: 7.06, Delta: 0.0030
Predictions - 1s: 1218, 0s: 1052
True Labels - 1s: 1160, 0s: 1110
-------------------------------
Epoch [6/12] Loss: 0.5976, Accuracy: 72.60 %, Epsilon: 7.13, Delta: 0.0030
-------------------------------
-------- Validation --------
Predictions - 1s: 377, 0s: 191
True Labels - 1s: 328, 0s: 240
Validation Loss: 0.6375, Validation Accuracy: 73.77 %
-------- Validation finished --------
Epoch [7/12], Step [100/568], Loss: 0.5733, Accuracy: 73.50 %, Epsilon: 7.22, Delta: 0.0030
Epoch [7/12], Step [200/568], Loss: 0.5964, Accuracy: 72.75 %, Epsilon: 7.32, Delta: 0.0030
Epoch [7/12], Step [300/568], Loss: 0.5953, Accuracy: 72.83 %, Epsilon: 7.41, Delta: 0.0030
Epoch [7/12], Step [400/568], Loss: 0.5925, Accuracy: 72.75 %, Epsilon: 7.50, Delta: 0.0030
Epoch [7/12], Step [500/568], Loss: 0.5878, Accuracy: 73.60 %, Epsilon: 7.60, Delta: 0.0030
Predictions - 1s: 1243, 0s: 1027
True Labels - 1s: 1160, 0s: 1110
-------------------------------
Epoch [7/12] Loss: 0.6090, Accuracy: 73.17 %, Epsilon: 7.66, Delta: 0.0030
-------------------------------
-------- Validation --------
Predictions - 1s: 354, 0s: 214
True Labels - 1s: 328, 0s: 240
Validation Loss: 0.6455, Validation Accuracy: 73.94 %
-------- Validation finished --------
Epoch [8/12], Step [100/568], Loss: 0.6299, Accuracy: 74.25 %, Epsilon: 7.75, Delta: 0.0030
Epoch [8/12], Step [200/568], Loss: 0.6177, Accuracy: 72.88 %, Epsilon: 7.84, Delta: 0.0030
Epoch [8/12], Step [300/568], Loss: 0.6201, Accuracy: 72.42 %, Epsilon: 7.93, Delta: 0.0030
Epoch [8/12], Step [400/568], Loss: 0.6417, Accuracy: 72.44 %, Epsilon: 8.02, Delta: 0.0030
Epoch [8/12], Step [500/568], Loss: 0.6251, Accuracy: 73.15 %, Epsilon: 8.10, Delta: 0.0030
Predictions - 1s: 1198, 0s: 1072
True Labels - 1s: 1160, 0s: 1110
-------------------------------
Epoch [8/12] Loss: 0.6311, Accuracy: 73.04 %, Epsilon: 8.16, Delta: 0.0030
-------------------------------
-------- Validation --------
Predictions - 1s: 359, 0s: 209
True Labels - 1s: 328, 0s: 240
Validation Loss: 0.6716, Validation Accuracy: 74.12 %
-------- Validation finished --------
Epoch [9/12], Step [100/568], Loss: 0.6520, Accuracy: 73.50 %, Epsilon: 8.25, Delta: 0.0030
Epoch [9/12], Step [200/568], Loss: 0.6078, Accuracy: 75.12 %, Epsilon: 8.33, Delta: 0.0030
Epoch [9/12], Step [300/568], Loss: 0.6126, Accuracy: 75.25 %, Epsilon: 8.42, Delta: 0.0030
Epoch [9/12], Step [400/568], Loss: 0.6205, Accuracy: 74.62 %, Epsilon: 8.50, Delta: 0.0030
Epoch [9/12], Step [500/568], Loss: 0.6315, Accuracy: 74.40 %, Epsilon: 8.59, Delta: 0.0030
Predictions - 1s: 1192, 0s: 1078
True Labels - 1s: 1160, 0s: 1110
-------------------------------
Epoch [9/12] Loss: 0.6290, Accuracy: 74.36 %, Epsilon: 8.65, Delta: 0.0030
-------------------------------
-------- Validation --------
Predictions - 1s: 382, 0s: 186
True Labels - 1s: 328, 0s: 240
Validation Loss: 0.6987, Validation Accuracy: 73.94 %
-------- Validation finished --------
Epoch [10/12], Step [100/568], Loss: 0.7055, Accuracy: 70.50 %, Epsilon: 8.73, Delta: 0.0030
Epoch [10/12], Step [200/568], Loss: 0.6797, Accuracy: 72.88 %, Epsilon: 8.81, Delta: 0.0030
Epoch [10/12], Step [300/568], Loss: 0.6558, Accuracy: 73.08 %, Epsilon: 8.89, Delta: 0.0030
Epoch [10/12], Step [400/568], Loss: 0.6679, Accuracy: 72.44 %, Epsilon: 8.97, Delta: 0.0030
Epoch [10/12], Step [500/568], Loss: 0.6492, Accuracy: 73.35 %, Epsilon: 9.05, Delta: 0.0030
Predictions - 1s: 1268, 0s: 1002
True Labels - 1s: 1160, 0s: 1110
-------------------------------
Epoch [10/12] Loss: 0.6423, Accuracy: 73.57 %, Epsilon: 9.11, Delta: 0.0030
-------------------------------
-------- Validation --------
Predictions - 1s: 365, 0s: 203
True Labels - 1s: 328, 0s: 240
Validation Loss: 0.6701, Validation Accuracy: 74.82 %
-------- Validation finished --------
Epoch [11/12], Step [100/568], Loss: 0.6499, Accuracy: 74.00 %, Epsilon: 9.19, Delta: 0.0030
Epoch [11/12], Step [200/568], Loss: 0.6222, Accuracy: 73.75 %, Epsilon: 9.27, Delta: 0.0030
Epoch [11/12], Step [300/568], Loss: 0.6044, Accuracy: 74.83 %, Epsilon: 9.35, Delta: 0.0030
Epoch [11/12], Step [400/568], Loss: 0.6275, Accuracy: 74.12 %, Epsilon: 9.43, Delta: 0.0030
Epoch [11/12], Step [500/568], Loss: 0.6544, Accuracy: 73.60 %, Epsilon: 9.51, Delta: 0.0030
Predictions - 1s: 1233, 0s: 1037
True Labels - 1s: 1160, 0s: 1110
-------------------------------
Epoch [11/12] Loss: 0.6416, Accuracy: 73.96 %, Epsilon: 9.56, Delta: 0.0030
-------------------------------
-------- Validation --------
Predictions - 1s: 362, 0s: 206
True Labels - 1s: 328, 0s: 240
Validation Loss: 0.6610, Validation Accuracy: 75.35 %
-------- Validation finished --------
Epoch [12/12], Step [100/568], Loss: 0.6627, Accuracy: 72.25 %, Epsilon: 9.64, Delta: 0.0030
Epoch [12/12], Step [200/568], Loss: 0.6731, Accuracy: 72.50 %, Epsilon: 9.71, Delta: 0.0030
Epoch [12/12], Step [300/568], Loss: 0.6477, Accuracy: 73.17 %, Epsilon: 9.79, Delta: 0.0030
Epoch [12/12], Step [400/568], Loss: 0.6372, Accuracy: 73.12 %, Epsilon: 9.87, Delta: 0.0030
Epoch [12/12], Step [500/568], Loss: 0.6417, Accuracy: 73.50 %, Epsilon: 9.94, Delta: 0.0030
Predictions - 1s: 1196, 0s: 1074
True Labels - 1s: 1160, 0s: 1110
-------------------------------
Epoch [12/12] Loss: 0.6373, Accuracy: 73.74 %, Epsilon: 9.99, Delta: 0.0030
-------------------------------
-------- Validation --------
Predictions - 1s: 359, 0s: 209
True Labels - 1s: 328, 0s: 240
Validation Loss: 0.6613, Validation Accuracy: 75.88 %
-------- Validation finished --------
Best model in epoch 3 saved with with Validation Loss: 0.5753 and Validation Accuracy: 72.01 %

-------- Training finished in 38:53 --------

Test flag enabled. Testing the model

-------- Loading best model from model_path --------
Loaded model bert-small from date 19-03-2024 06:38. Trained with Centralised Machine Learning technology.
Epoch 3, lr: 0.0006, optimizer: DPOptimizer
Train accuracy: 68.72 %, Validation accuracy: 72.01 %
-------- Best model loaded --------

-------- Creating Test Dataloader --------
Test Loader: 715 total sentences. 90 batches of size 8.
-------- Test Dataloader created --------

-------- Testing --------
Predictions - 1s: 518, 0s: 197
True Labels - 1s: 369, 0s: 346
Nº of test samples: 715
Accuracy: 66.01%
Accuracy 2 : 66.01%
Precision: 69.15%
Recall: 65.31%
F1 Score: 63.93%
Classification report:
              precision    recall  f1-score   support

           0     0.7614    0.4335    0.5525       346
           1     0.6216    0.8726    0.7260       369

    accuracy                         0.6601       715
   macro avg     0.6915    0.6531    0.6393       715
weighted avg     0.6893    0.6601    0.6421       715

-------- Testing finished --------
