Current configuration:
{
    "concurrency_flag": false,
    "data_distribution": "iid",
    "dataset": "acl_dep_sad",
    "device": "cuda:1",
    "dp_delta": 0.003,
    "dp_epsilon": 0,
    "eval_batch_size": 4,
    "eval_flag": true,
    "eval_size": 0.2,
    "fed_alg": "fedavg",
    "layers": 3,
    "learning_rate": 6e-05,
    "max_length": 512,
    "ml_mode": "fl",
    "model": "bert_small",
    "model_name": "fedavg_iid_acl_dep_sad",
    "models_path": "/local/vpaloma/fabric-federated-learning/ablation_study/phase-2/2-fed-data_dist-dataset/acl_dep_sad",
    "mu": 0.5,
    "num_clients": 5,
    "num_epochs": 3,
    "num_rounds": 4,
    "optimizer": "AdamW",
    "progress_bar_flag": false,
    "save_model": true,
    "scheduler": "linear",
    "scheduler_warmup_steps": 0,
    "seed": 0,
    "test_flag": true,
    "train_batch_size": 4,
    "train_size": 0.8
}
-------- Configuration loaded --------

-------- Setting device --------
cuda:1 device selected and available.
-------- Device set --------

-------- Setting seed --------
-------- Seed set --------

-------- Creating Model --------
-------- Model created --------

-------- Setting Trainable Layers --------
Training the last 3 layers.

Total parameters count: 28764674
Trainable parameters count: 3416066
-------- Trainable Layers set --------

-------- Creating Tokenizer --------
-------- Tokenizer created --------

-------- Creating Train and Eval Dataloaders --------
Train Loader: 2085 total sentences. 522 batches of size 4.
Eval Loader: 521 total sentences. 131 batches of size 4.
-------- Train and Eval Dataloaders created --------

-------- Training --------
Training with Federated Learning technology.
Training without differential privacy.
Federated averaging algorithm selected.
Client 0: Label 0: 241, Label 1: 176
Client 1: Label 0: 241, Label 1: 176
Client 2: Label 0: 234, Label 1: 183
Client 3: Label 0: 239, Label 1: 178
Client 4: Label 0: 258, Label 1: 159

Round 1 of 4
-------------------------------
Predictions - 1s: 135, 0s: 282
True Labels - 1s: 176, 0s: 241
Client 1 of 5: Local Epoch [1/3] Loss: 0.4941, Accuracy: 78.18 %
Predictions - 1s: 174, 0s: 243
True Labels - 1s: 176, 0s: 241
Client 1 of 5: Local Epoch [2/3] Loss: 0.3100, Accuracy: 87.05 %
Predictions - 1s: 180, 0s: 237
True Labels - 1s: 176, 0s: 241
Client 1 of 5: Local Epoch [3/3] Loss: 0.2262, Accuracy: 92.33 %
Predictions - 1s: 140, 0s: 277
True Labels - 1s: 176, 0s: 241
Client 2 of 5: Local Epoch [1/3] Loss: 0.4866, Accuracy: 76.50 %
Predictions - 1s: 172, 0s: 245
True Labels - 1s: 176, 0s: 241
Client 2 of 5: Local Epoch [2/3] Loss: 0.2731, Accuracy: 89.93 %
Predictions - 1s: 182, 0s: 235
True Labels - 1s: 176, 0s: 241
Client 2 of 5: Local Epoch [3/3] Loss: 0.2047, Accuracy: 94.24 %
Predictions - 1s: 153, 0s: 264
True Labels - 1s: 183, 0s: 234
Client 3 of 5: Local Epoch [1/3] Loss: 0.4759, Accuracy: 76.98 %
Predictions - 1s: 195, 0s: 222
True Labels - 1s: 183, 0s: 234
Client 3 of 5: Local Epoch [2/3] Loss: 0.2593, Accuracy: 89.93 %
Predictions - 1s: 182, 0s: 235
True Labels - 1s: 183, 0s: 234
Client 3 of 5: Local Epoch [3/3] Loss: 0.1963, Accuracy: 92.57 %
Predictions - 1s: 123, 0s: 294
True Labels - 1s: 178, 0s: 239
Client 4 of 5: Local Epoch [1/3] Loss: 0.4689, Accuracy: 80.58 %
Predictions - 1s: 183, 0s: 234
True Labels - 1s: 178, 0s: 239
Client 4 of 5: Local Epoch [2/3] Loss: 0.2543, Accuracy: 89.69 %
Predictions - 1s: 174, 0s: 243
True Labels - 1s: 178, 0s: 239
Client 4 of 5: Local Epoch [3/3] Loss: 0.2052, Accuracy: 92.81 %
Predictions - 1s: 101, 0s: 316
True Labels - 1s: 159, 0s: 258
Client 5 of 5: Local Epoch [1/3] Loss: 0.4609, Accuracy: 76.98 %
Predictions - 1s: 163, 0s: 254
True Labels - 1s: 159, 0s: 258
Client 5 of 5: Local Epoch [2/3] Loss: 0.2754, Accuracy: 89.45 %
Predictions - 1s: 160, 0s: 257
True Labels - 1s: 159, 0s: 258
Client 5 of 5: Local Epoch [3/3] Loss: 0.2110, Accuracy: 91.61 %
-------------------------------
Round [1/4] Average Local Loss: 0.2087, Average Local Accuracy: 92.71 %
-------------------------------
-------- Validation --------
Predictions - 1s: 206, 0s: 315
True Labels - 1s: 202, 0s: 319
Round [1/4] Global Model Validation Loss: 0.2416, Validation Accuracy: 90.02 %
-------- Validation finished --------
Updated best model in round 1 saved with Validation Loss: 0.2416 and Validation Accuracy: 90.02 %
-------------------------------

Round 2 of 4
-------------------------------
Predictions - 1s: 176, 0s: 241
True Labels - 1s: 176, 0s: 241
Client 1 of 5: Local Epoch [1/3] Loss: 0.3009, Accuracy: 87.53 %
Predictions - 1s: 179, 0s: 238
True Labels - 1s: 176, 0s: 241
Client 1 of 5: Local Epoch [2/3] Loss: 0.2074, Accuracy: 93.05 %
Predictions - 1s: 181, 0s: 236
True Labels - 1s: 176, 0s: 241
Client 1 of 5: Local Epoch [3/3] Loss: 0.1649, Accuracy: 95.44 %
Predictions - 1s: 179, 0s: 238
True Labels - 1s: 176, 0s: 241
Client 2 of 5: Local Epoch [1/3] Loss: 0.2338, Accuracy: 92.09 %
Predictions - 1s: 176, 0s: 241
True Labels - 1s: 176, 0s: 241
Client 2 of 5: Local Epoch [2/3] Loss: 0.1674, Accuracy: 94.24 %
Predictions - 1s: 182, 0s: 235
True Labels - 1s: 176, 0s: 241
Client 2 of 5: Local Epoch [3/3] Loss: 0.1279, Accuracy: 95.68 %
Predictions - 1s: 187, 0s: 230
True Labels - 1s: 183, 0s: 234
Client 3 of 5: Local Epoch [1/3] Loss: 0.2648, Accuracy: 88.97 %
Predictions - 1s: 190, 0s: 227
True Labels - 1s: 183, 0s: 234
Client 3 of 5: Local Epoch [2/3] Loss: 0.1921, Accuracy: 93.05 %
Predictions - 1s: 191, 0s: 226
True Labels - 1s: 183, 0s: 234
Client 3 of 5: Local Epoch [3/3] Loss: 0.1444, Accuracy: 95.20 %
Predictions - 1s: 177, 0s: 240
True Labels - 1s: 178, 0s: 239
Client 4 of 5: Local Epoch [1/3] Loss: 0.2552, Accuracy: 91.13 %
Predictions - 1s: 180, 0s: 237
True Labels - 1s: 178, 0s: 239
Client 4 of 5: Local Epoch [2/3] Loss: 0.2006, Accuracy: 93.29 %
Predictions - 1s: 178, 0s: 239
True Labels - 1s: 178, 0s: 239
Client 4 of 5: Local Epoch [3/3] Loss: 0.1702, Accuracy: 94.24 %
Predictions - 1s: 162, 0s: 255
True Labels - 1s: 159, 0s: 258
Client 5 of 5: Local Epoch [1/3] Loss: 0.2451, Accuracy: 89.21 %
Predictions - 1s: 157, 0s: 260
True Labels - 1s: 159, 0s: 258
Client 5 of 5: Local Epoch [2/3] Loss: 0.1605, Accuracy: 93.76 %
Predictions - 1s: 158, 0s: 259
True Labels - 1s: 159, 0s: 258
Client 5 of 5: Local Epoch [3/3] Loss: 0.1407, Accuracy: 94.96 %
-------------------------------
Round [2/4] Average Local Loss: 0.1496, Average Local Accuracy: 95.11 %
-------------------------------
-------- Validation --------
Predictions - 1s: 208, 0s: 313
True Labels - 1s: 202, 0s: 319
Round [2/4] Global Model Validation Loss: 0.2173, Validation Accuracy: 91.94 %
-------- Validation finished --------
Updated best model in round 2 saved with Validation Loss: 0.2173 and Validation Accuracy: 91.94 %
-------------------------------

Round 3 of 4
-------------------------------
Predictions - 1s: 180, 0s: 237
True Labels - 1s: 176, 0s: 241
Client 1 of 5: Local Epoch [1/3] Loss: 0.2110, Accuracy: 92.81 %
Predictions - 1s: 177, 0s: 240
True Labels - 1s: 176, 0s: 241
Client 1 of 5: Local Epoch [2/3] Loss: 0.1663, Accuracy: 94.96 %
Predictions - 1s: 179, 0s: 238
True Labels - 1s: 176, 0s: 241
Client 1 of 5: Local Epoch [3/3] Loss: 0.1316, Accuracy: 96.88 %
Predictions - 1s: 179, 0s: 238
True Labels - 1s: 176, 0s: 241
Client 2 of 5: Local Epoch [1/3] Loss: 0.1944, Accuracy: 92.57 %
Predictions - 1s: 173, 0s: 244
True Labels - 1s: 176, 0s: 241
Client 2 of 5: Local Epoch [2/3] Loss: 0.1510, Accuracy: 94.48 %
Predictions - 1s: 171, 0s: 246
True Labels - 1s: 176, 0s: 241
Client 2 of 5: Local Epoch [3/3] Loss: 0.1184, Accuracy: 95.92 %
Predictions - 1s: 185, 0s: 232
True Labels - 1s: 183, 0s: 234
Client 3 of 5: Local Epoch [1/3] Loss: 0.2050, Accuracy: 91.37 %
Predictions - 1s: 193, 0s: 224
True Labels - 1s: 183, 0s: 234
Client 3 of 5: Local Epoch [2/3] Loss: 0.1467, Accuracy: 94.24 %
Predictions - 1s: 185, 0s: 232
True Labels - 1s: 183, 0s: 234
Client 3 of 5: Local Epoch [3/3] Loss: 0.1117, Accuracy: 96.16 %
Predictions - 1s: 180, 0s: 237
True Labels - 1s: 178, 0s: 239
Client 4 of 5: Local Epoch [1/3] Loss: 0.2111, Accuracy: 92.33 %
Predictions - 1s: 177, 0s: 240
True Labels - 1s: 178, 0s: 239
Client 4 of 5: Local Epoch [2/3] Loss: 0.1588, Accuracy: 94.48 %
Predictions - 1s: 177, 0s: 240
True Labels - 1s: 178, 0s: 239
Client 4 of 5: Local Epoch [3/3] Loss: 0.1447, Accuracy: 95.44 %
Predictions - 1s: 162, 0s: 255
True Labels - 1s: 159, 0s: 258
Client 5 of 5: Local Epoch [1/3] Loss: 0.2046, Accuracy: 92.09 %
Predictions - 1s: 154, 0s: 263
True Labels - 1s: 159, 0s: 258
Client 5 of 5: Local Epoch [2/3] Loss: 0.1557, Accuracy: 94.96 %
Predictions - 1s: 163, 0s: 254
True Labels - 1s: 159, 0s: 258
Client 5 of 5: Local Epoch [3/3] Loss: 0.1157, Accuracy: 96.64 %
-------------------------------
Round [3/4] Average Local Loss: 0.1244, Average Local Accuracy: 96.21 %
-------------------------------
-------- Validation --------
Predictions - 1s: 205, 0s: 316
True Labels - 1s: 202, 0s: 319
Round [3/4] Global Model Validation Loss: 0.2090, Validation Accuracy: 92.90 %
-------- Validation finished --------
Updated best model in round 3 saved with Validation Loss: 0.2090 and Validation Accuracy: 92.90 %
-------------------------------

Round 4 of 4
-------------------------------
Predictions - 1s: 179, 0s: 238
True Labels - 1s: 176, 0s: 241
Client 1 of 5: Local Epoch [1/3] Loss: 0.1995, Accuracy: 93.05 %
Predictions - 1s: 177, 0s: 240
True Labels - 1s: 176, 0s: 241
Client 1 of 5: Local Epoch [2/3] Loss: 0.1266, Accuracy: 96.40 %
Predictions - 1s: 177, 0s: 240
True Labels - 1s: 176, 0s: 241
Client 1 of 5: Local Epoch [3/3] Loss: 0.1060, Accuracy: 96.88 %
Predictions - 1s: 178, 0s: 239
True Labels - 1s: 176, 0s: 241
Client 2 of 5: Local Epoch [1/3] Loss: 0.1979, Accuracy: 92.33 %
Predictions - 1s: 180, 0s: 237
True Labels - 1s: 176, 0s: 241
Client 2 of 5: Local Epoch [2/3] Loss: 0.1470, Accuracy: 96.16 %
Predictions - 1s: 181, 0s: 236
True Labels - 1s: 176, 0s: 241
Client 2 of 5: Local Epoch [3/3] Loss: 0.1091, Accuracy: 95.92 %
Predictions - 1s: 182, 0s: 235
True Labels - 1s: 183, 0s: 234
Client 3 of 5: Local Epoch [1/3] Loss: 0.1817, Accuracy: 92.57 %
Predictions - 1s: 188, 0s: 229
True Labels - 1s: 183, 0s: 234
Client 3 of 5: Local Epoch [2/3] Loss: 0.1080, Accuracy: 95.92 %
Predictions - 1s: 188, 0s: 229
True Labels - 1s: 183, 0s: 234
Client 3 of 5: Local Epoch [3/3] Loss: 0.0764, Accuracy: 97.36 %
Predictions - 1s: 173, 0s: 244
True Labels - 1s: 178, 0s: 239
Client 4 of 5: Local Epoch [1/3] Loss: 0.2097, Accuracy: 92.09 %
Predictions - 1s: 177, 0s: 240
True Labels - 1s: 178, 0s: 239
Client 4 of 5: Local Epoch [2/3] Loss: 0.1571, Accuracy: 94.48 %
Predictions - 1s: 180, 0s: 237
True Labels - 1s: 178, 0s: 239
Client 4 of 5: Local Epoch [3/3] Loss: 0.1082, Accuracy: 96.64 %
Predictions - 1s: 158, 0s: 259
True Labels - 1s: 159, 0s: 258
Client 5 of 5: Local Epoch [1/3] Loss: 0.1571, Accuracy: 94.96 %
Predictions - 1s: 159, 0s: 258
True Labels - 1s: 159, 0s: 258
Client 5 of 5: Local Epoch [2/3] Loss: 0.1257, Accuracy: 96.16 %
Predictions - 1s: 157, 0s: 260
True Labels - 1s: 159, 0s: 258
Client 5 of 5: Local Epoch [3/3] Loss: 0.0933, Accuracy: 97.12 %
-------------------------------
Round [4/4] Average Local Loss: 0.0986, Average Local Accuracy: 96.79 %
-------------------------------
-------- Validation --------
Predictions - 1s: 204, 0s: 317
True Labels - 1s: 202, 0s: 319
Round [4/4] Global Model Validation Loss: 0.2023, Validation Accuracy: 92.71 %
-------- Validation finished --------
Updated best model in round 4 saved with Validation Loss: 0.2023 and Validation Accuracy: 92.71 %
-------------------------------
Best model in round 4 saved with Validation Loss: 0.2023 and Validation Accuracy: 92.71 %

-------- Training finished in 15:55 --------

Test flag enabled. Testing the model

-------- Loading best model from model_path --------
Loaded model bert-small from date 16-03-2024 13:10. Trained with Federated Learning technology.
Round 4, lr: 6e-05, optimizer: AdamW
Average train accuracy: 96.79 %, Validation accuracy: 92.71 %
-------- Best model loaded --------

-------- Creating Test Dataloader --------
Test Loader: 650 total sentences. 82 batches of size 8.
-------- Test Dataloader created --------

-------- Testing --------
Predictions - 1s: 257, 0s: 393
True Labels - 1s: 268, 0s: 382
Nº of test samples: 650
Accuracy: 91.85%
Accuracy 2 : 91.85%
Precision: 91.84%
Recall: 91.28%
F1 Score: 91.53%
Classification report:
              precision    recall  f1-score   support

           0     0.9186    0.9450    0.9316       382
           1     0.9183    0.8806    0.8990       268

    accuracy                         0.9185       650
   macro avg     0.9184    0.9128    0.9153       650
weighted avg     0.9185    0.9185    0.9182       650

-------- Testing finished --------
