Current configuration:
{
    "concurrency_flag": false,
    "data_distribution": "iid",
    "dataset": "mixed_depression",
    "device": "cuda",
    "dp_delta": 0.003,
    "dp_epsilon": 0,
    "eval_batch_size": 4,
    "eval_flag": true,
    "eval_size": 0.2,
    "fed_alg": "fedavg",
    "layers": 3,
    "learning_rate": 6e-05,
    "max_length": 512,
    "ml_mode": "ml",
    "model": "bert_small",
    "model_name": "ml_0_mixed_depression",
    "models_path": "/local/vpaloma/fabric-federated-learning/ablation_study/6-ml_mode-model-data_dist-dp/mixed_depression",
    "mu": 0.5,
    "num_clients": 5,
    "num_epochs": 10,
    "num_rounds": 4,
    "optimizer": "AdamW",
    "progress_bar_flag": false,
    "save_model": true,
    "scheduler": "linear",
    "scheduler_warmup_steps": 0,
    "seed": 0,
    "test_flag": true,
    "train_batch_size": 4,
    "train_size": 0.8
}
-------- Configuration loaded --------

-------- Setting device --------
cuda device selected and available.
-------- Device set --------

-------- Setting seed --------
-------- Seed set --------

-------- Creating Model --------
-------- Model created --------

-------- Setting Trainable Layers --------
Training the last 3 layers.

Total parameters count: 28764674
Trainable parameters count: 3416066
-------- Trainable Layers set --------

-------- Creating Tokenizer --------
-------- Tokenizer created --------

-------- Creating Train and Eval Dataloaders --------
Train Loader: 1806 total sentences. 452 batches of size 4.
Eval Loader: 452 total sentences. 113 batches of size 4.
-------- Train and Eval Dataloaders created --------

-------- Creating Optimizer --------
-------- Optimizer created --------

-------- Creating Scheduler --------
-------- Scheduler created --------

-------- Training --------
Training with Centralised Machine Learning technology.
Training without differential privacy.
Epoch [1/10], Step [100/452], Loss: 0.5427, Accuracy: 72.25 %
Epoch [1/10], Step [200/452], Loss: 0.4690, Accuracy: 77.38 %
Epoch [1/10], Step [300/452], Loss: 0.4445, Accuracy: 79.25 %
Epoch [1/10], Step [400/452], Loss: 0.4244, Accuracy: 80.50 %
-------------------------------
Epoch [1/10] Loss: 0.4203, Accuracy: 80.95 %
-------------------------------
-------- Validation --------
Validation Loss: 0.3152, Validation Accuracy: 87.39 %
-------- Validation finished --------
Updated best model in epoch 1 saved with Validation Accuracy: 87.39 %
-------------------------------
Epoch [2/10], Step [100/452], Loss: 0.2552, Accuracy: 90.50 %
Epoch [2/10], Step [200/452], Loss: 0.2658, Accuracy: 89.38 %
Epoch [2/10], Step [300/452], Loss: 0.2626, Accuracy: 90.00 %
Epoch [2/10], Step [400/452], Loss: 0.2766, Accuracy: 89.50 %
-------------------------------
Epoch [2/10] Loss: 0.2856, Accuracy: 89.09 %
-------------------------------
-------- Validation --------
Validation Loss: 0.2384, Validation Accuracy: 90.49 %
-------- Validation finished --------
Updated best model in epoch 2 saved with Validation Accuracy: 90.49 %
-------------------------------
Epoch [3/10], Step [100/452], Loss: 0.2241, Accuracy: 91.00 %
Epoch [3/10], Step [200/452], Loss: 0.2258, Accuracy: 91.00 %
Epoch [3/10], Step [300/452], Loss: 0.2373, Accuracy: 90.25 %
Epoch [3/10], Step [400/452], Loss: 0.2339, Accuracy: 90.62 %
-------------------------------
Epoch [3/10] Loss: 0.2308, Accuracy: 90.92 %
-------------------------------
-------- Validation --------
Validation Loss: 0.2457, Validation Accuracy: 90.49 %
-------- Validation finished --------
Updated best model in epoch 3 saved with Validation Accuracy: 90.49 %
-------------------------------
Epoch [4/10], Step [100/452], Loss: 0.2041, Accuracy: 92.50 %
Epoch [4/10], Step [200/452], Loss: 0.1933, Accuracy: 92.62 %
Epoch [4/10], Step [300/452], Loss: 0.1957, Accuracy: 92.58 %
Epoch [4/10], Step [400/452], Loss: 0.1942, Accuracy: 92.25 %
-------------------------------
Epoch [4/10] Loss: 0.1923, Accuracy: 92.47 %
-------------------------------
-------- Validation --------
Validation Loss: 0.2590, Validation Accuracy: 90.27 %
-------- Validation finished --------
Epoch [5/10], Step [100/452], Loss: 0.1454, Accuracy: 96.00 %
Epoch [5/10], Step [200/452], Loss: 0.1462, Accuracy: 95.25 %
Epoch [5/10], Step [300/452], Loss: 0.1442, Accuracy: 95.08 %
Epoch [5/10], Step [400/452], Loss: 0.1386, Accuracy: 95.19 %
-------------------------------
Epoch [5/10] Loss: 0.1342, Accuracy: 95.29 %
-------------------------------
-------- Validation --------
Validation Loss: 0.3124, Validation Accuracy: 90.27 %
-------- Validation finished --------
Epoch [6/10], Step [100/452], Loss: 0.0994, Accuracy: 95.75 %
Epoch [6/10], Step [200/452], Loss: 0.1171, Accuracy: 94.50 %
Epoch [6/10], Step [300/452], Loss: 0.1201, Accuracy: 94.67 %
Epoch [6/10], Step [400/452], Loss: 0.1149, Accuracy: 95.12 %
-------------------------------
Epoch [6/10] Loss: 0.1146, Accuracy: 95.18 %
-------------------------------
-------- Validation --------
Validation Loss: 0.3039, Validation Accuracy: 89.60 %
-------- Validation finished --------
Epoch [7/10], Step [100/452], Loss: 0.0616, Accuracy: 97.25 %
Epoch [7/10], Step [200/452], Loss: 0.0526, Accuracy: 97.88 %
Epoch [7/10], Step [300/452], Loss: 0.0628, Accuracy: 97.50 %
Epoch [7/10], Step [400/452], Loss: 0.0699, Accuracy: 97.50 %
-------------------------------
Epoch [7/10] Loss: 0.0723, Accuracy: 97.40 %
-------------------------------
-------- Validation --------
Validation Loss: 0.3016, Validation Accuracy: 90.27 %
-------- Validation finished --------
Epoch [8/10], Step [100/452], Loss: 0.0375, Accuracy: 98.50 %
Epoch [8/10], Step [200/452], Loss: 0.0500, Accuracy: 98.12 %
Epoch [8/10], Step [300/452], Loss: 0.0518, Accuracy: 98.08 %
Epoch [8/10], Step [400/452], Loss: 0.0678, Accuracy: 97.44 %
-------------------------------
Epoch [8/10] Loss: 0.0678, Accuracy: 97.51 %
-------------------------------
-------- Validation --------
Validation Loss: 0.2810, Validation Accuracy: 91.59 %
-------- Validation finished --------
Updated best model in epoch 8 saved with Validation Accuracy: 91.59 %
-------------------------------
Epoch [9/10], Step [100/452], Loss: 0.0550, Accuracy: 97.75 %
Epoch [9/10], Step [200/452], Loss: 0.0628, Accuracy: 97.75 %
Epoch [9/10], Step [300/452], Loss: 0.0635, Accuracy: 97.83 %
Epoch [9/10], Step [400/452], Loss: 0.0572, Accuracy: 98.06 %
-------------------------------
Epoch [9/10] Loss: 0.0572, Accuracy: 98.01 %
-------------------------------
-------- Validation --------
Validation Loss: 0.3069, Validation Accuracy: 90.93 %
-------- Validation finished --------
Epoch [10/10], Step [100/452], Loss: 0.0405, Accuracy: 98.75 %
Epoch [10/10], Step [200/452], Loss: 0.0433, Accuracy: 98.50 %
Epoch [10/10], Step [300/452], Loss: 0.0463, Accuracy: 98.42 %
Epoch [10/10], Step [400/452], Loss: 0.0488, Accuracy: 98.25 %
-------------------------------
Epoch [10/10] Loss: 0.0485, Accuracy: 98.34 %
-------------------------------
-------- Validation --------
Validation Loss: 0.3277, Validation Accuracy: 90.49 %
-------- Validation finished --------
Best model in epoch 8 saved with Validation Accuracy: 91.59 %

-------- Training finished in 12:12 --------

Test flag enabled. Testing the model

-------- Loading best model from model_path --------
Loaded model bert-small from date 06-02-2024 10:07. Trained with Centralised Machine Learning technology.
Epoch 8, lr: 6e-05, optimizer: AdamW
Train accuracy: 97.51 %, Validation accuracy: 91.59 %
-------- Best model loaded --------

-------- Creating Test Dataloader --------
Test Loader: 564 total sentences. 71 batches of size 8.
-------- Test Dataloader created --------

-------- Testing --------
Nº of test samples: 564
Accuracy: 87.94%
Precision: 87.96%
Recall: 88.05%
F1 Score: 87.94%
-------- Testing finished --------
